<?xml version="1.0" encoding="UTF-8"?>
<testsuites name="New Test Suite" time="4495" tests="0" failures="7" errors="2">
   <testsuite name="New Test Suite" tests="0" failures="7" errors="2" time="4495" timestamp="2019-10-22 11:57:55" hostname="15421 - 10.7.8.178" id="Test Suites/New Test Suite">
      <properties>
         <property name="deviceName" value="samsung SM-A505F (Android 9)"/>
         <property name="devicePlatform" value=""/>
         <property name="logFolder" value="C:\\Users\\15421\\git\\ACCMe-Mobile\\Reports\\20191022_115746\\New Test Suite\\20191022_115746"/>
         <property name="logFiles" value="C:\\Users\\15421\\git\\ACCMe-Mobile\\Reports\\20191022_115746\\New Test Suite\\20191022_115746\\appium.log, C:\\Users\\15421\\git\\ACCMe-Mobile\\Reports\\20191022_115746\\New Test Suite\\20191022_115746\\execution0.log"/>
         <property name="attachments" value="C:\\Users\\15421\\git\\ACCMe-Mobile\\Reports\\20191022_115746\\New Test Suite\\20191022_115746\\1571720444866.png, C:\\Users\\15421\\git\\ACCMe-Mobile\\Reports\\20191022_115746\\New Test Suite\\20191022_115746\\1571720446634.png, C:\\Users\\15421\\git\\ACCMe-Mobile\\Reports\\20191022_115746\\New Test Suite\\20191022_115746\\1571720481652.png, C:\\Users\\15421\\git\\ACCMe-Mobile\\Reports\\20191022_115746\\New Test Suite\\20191022_115746\\1571720483195.png, C:\\Users\\15421\\git\\ACCMe-Mobile\\Reports\\20191022_115746\\New Test Suite\\20191022_115746\\1571720693948.png, C:\\Users\\15421\\git\\ACCMe-Mobile\\Reports\\20191022_115746\\New Test Suite\\20191022_115746\\1571720695735.png, C:\\Users\\15421\\git\\ACCMe-Mobile\\Reports\\20191022_115746\\New Test Suite\\20191022_115746\\1571720729817.png, C:\\Users\\15421\\git\\ACCMe-Mobile\\Reports\\20191022_115746\\New Test Suite\\20191022_115746\\1571720731791.png, C:\\Users\\15421\\git\\ACCMe-Mobile\\Reports\\20191022_115746\\New Test Suite\\20191022_115746\\1571721586535.png, C:\\Users\\15421\\git\\ACCMe-Mobile\\Reports\\20191022_115746\\New Test Suite\\20191022_115746\\1571721588059.png, C:\\Users\\15421\\git\\ACCMe-Mobile\\Reports\\20191022_115746\\New Test Suite\\20191022_115746\\1571722624098.png, C:\\Users\\15421\\git\\ACCMe-Mobile\\Reports\\20191022_115746\\New Test Suite\\20191022_115746\\1571722625583.png, C:\\Users\\15421\\git\\ACCMe-Mobile\\Reports\\20191022_115746\\New Test Suite\\20191022_115746\\1571723045411.png, C:\\Users\\15421\\git\\ACCMe-Mobile\\Reports\\20191022_115746\\New Test Suite\\20191022_115746\\1571723077528.png, C:\\Users\\15421\\git\\ACCMe-Mobile\\Reports\\20191022_115746\\New Test Suite\\20191022_115746\\1571723079144.png, C:\\Users\\15421\\git\\ACCMe-Mobile\\Reports\\20191022_115746\\New Test Suite\\20191022_115746\\1571724169374.png"/>
         <property name="hostName" value="15421 - 10.7.8.178"/>
         <property name="os" value="Windows 10 64bit"/>
         <property name="appiumServerStatus" value="{\&quot;status\&quot;:0,\&quot;value\&quot;:{\&quot;build\&quot;:{\&quot;version\&quot;:\&quot;1.12.1\&quot;}},\&quot;sessionId\&quot;:null}"/>
         <property name="katalonVersion" value="7.0.0.1"/>
         <property name="deviceOS" value="Android"/>
         <property name="appiumVersion" value="1.12.1"/>
         <property name="deviceModel" value="SM-A505F"/>
         <property name="hostAddress" value="10.7.8.178"/>
         <property name="deviceManufacturer" value="samsung"/>
         <property name="deviceId" value="RR8M30NJQJV"/>
         <property name="deviceName" value="samsung SM-A505F (Android 9)"/>
         <property name="deviceOSVersion" value="9"/>
      </properties>
      <testcase name="Test Cases/Data Entry/TC_Data Entry" classname="Test Cases/Data Entry/TC_Data Entry" status="FAILED">
         <failure type="FAILED" message="Test Cases/Data Entry/TC_Data Entry FAILED.
Reason:
com.kms.katalon.core.exception.StepFailedException: Call Test Case 'Test Cases/Data Entry/Simulasi Kredit/Simulasi Kredit - Asuransi/MASTER FLOW/TC_Asuransi - MASTER FLOW' failed
	at com.kms.katalon.core.keyword.builtin.CallTestCaseKeyword$_callTestCase_closure1.doCall(CallTestCaseKeyword.groovy:63)
	at com.kms.katalon.core.keyword.builtin.CallTestCaseKeyword$_callTestCase_closure1.call(CallTestCaseKeyword.groovy)
	at com.kms.katalon.core.keyword.internal.KeywordMain.runKeyword(KeywordMain.groovy:68)
	at com.kms.katalon.core.keyword.builtin.CallTestCaseKeyword.callTestCase(CallTestCaseKeyword.groovy:81)
	at com.kms.katalon.core.keyword.builtin.CallTestCaseKeyword.execute(CallTestCaseKeyword.groovy:44)
	at com.kms.katalon.core.keyword.internal.KeywordExecutor.executeKeywordForPlatform(KeywordExecutor.groovy:60)
	at com.kms.katalon.core.keyword.BuiltinKeywords.callTestCase(BuiltinKeywords.groovy:334)
	at TC_Data Entry.run(TC_Data Entry:28)
	at com.kms.katalon.core.main.ScriptEngine.run(ScriptEngine.java:194)
	at com.kms.katalon.core.main.ScriptEngine.runScriptAsRawText(ScriptEngine.java:119)
	at com.kms.katalon.core.main.TestCaseExecutor.runScript(TestCaseExecutor.java:337)
	at com.kms.katalon.core.main.TestCaseExecutor.doExecute(TestCaseExecutor.java:328)
	at com.kms.katalon.core.main.TestCaseExecutor.processExecutionPhase(TestCaseExecutor.java:307)
	at com.kms.katalon.core.main.TestCaseExecutor.accessMainPhase(TestCaseExecutor.java:299)
	at com.kms.katalon.core.main.TestCaseExecutor.execute(TestCaseExecutor.java:233)
	at com.kms.katalon.core.main.TestSuiteExecutor.accessTestCaseMainPhase(TestSuiteExecutor.java:169)
	at com.kms.katalon.core.main.TestSuiteExecutor.accessTestSuiteMainPhase(TestSuiteExecutor.java:142)
	at com.kms.katalon.core.main.TestSuiteExecutor.execute(TestSuiteExecutor.java:91)
	at com.kms.katalon.core.main.TestCaseMain.startTestSuite(TestCaseMain.java:157)
	at com.kms.katalon.core.main.TestCaseMain$startTestSuite$0.call(Unknown Source)
	at TempTestSuite1571720266263.run(TempTestSuite1571720266263.groovy:36)
Caused by: com.kms.katalon.core.exception.StepFailedException: Object Object Repository/Simulasi Kredit/Simulasi Kredit - Asuransi/Asuransi_Tipe Asuransi Int not found
	at com.kms.katalon.core.keyword.internal.KeywordMain.stepFailed(KeywordMain.groovy:50)
	at com.kms.katalon.core.mobile.keyword.internal.MobileKeywordMain.stepFailed(MobileKeywordMain.groovy:40)
	at com.kms.katalon.core.mobile.keyword.builtin.TapKeyword$_tap_closure1.doCall(TapKeyword.groovy:79)
	at com.kms.katalon.core.mobile.keyword.builtin.TapKeyword$_tap_closure1.call(TapKeyword.groovy)
	at com.kms.katalon.core.mobile.keyword.internal.MobileKeywordMain.runKeyword(MobileKeywordMain.groovy:21)
	at com.kms.katalon.core.mobile.keyword.builtin.TapKeyword.tap(TapKeyword.groovy:86)
	at com.kms.katalon.core.mobile.keyword.builtin.TapKeyword.execute(TapKeyword.groovy:68)
	at com.kms.katalon.core.keyword.internal.KeywordExecutor.executeKeywordForPlatform(KeywordExecutor.groovy:60)
	at com.kms.katalon.core.mobile.keyword.MobileBuiltInKeywords.tap(MobileBuiltInKeywords.groovy:520)
	at com.kms.katalon.core.mobile.keyword.MobileBuiltInKeywords$tap$1.call(Unknown Source)
	at TC_Asuransi - MASTER FLOW.run(TC_Asuransi - MASTER FLOW:19)
	at com.kms.katalon.core.main.ScriptEngine.run(ScriptEngine.java:194)
	at com.kms.katalon.core.main.ScriptEngine.runScriptAsRawText(ScriptEngine.java:119)
	at com.kms.katalon.core.main.TestCaseExecutor.runScript(TestCaseExecutor.java:337)
	at com.kms.katalon.core.main.TestCaseExecutor.doExecute(TestCaseExecutor.java:328)
	at com.kms.katalon.core.main.TestCaseExecutor.processExecutionPhase(TestCaseExecutor.java:307)
	at com.kms.katalon.core.main.TestCaseExecutor.accessMainPhase(TestCaseExecutor.java:299)
	at com.kms.katalon.core.main.TestCaseExecutor.execute(TestCaseExecutor.java:233)
	at com.kms.katalon.core.main.TestCaseMain.runTestCase(TestCaseMain.java:114)
	at com.kms.katalon.core.keyword.builtin.CallTestCaseKeyword$_callTestCase_closure1.doCall(CallTestCaseKeyword.groovy:59)
	... 20 more
"/>
         <system-out><![CDATA[2019-10-22 11:58:00 - [TEST_CASE][FAILED] - Test Cases/Data Entry/TC_Data Entry: Test Cases/Data Entry/TC_Data Entry FAILED.
Reason:
com.kms.katalon.core.exception.StepFailedException: Call Test Case 'Test Cases/Data Entry/Simulasi Kredit/Simulasi Kredit - Asuransi/MASTER FLOW/TC_Asuransi - MASTER FLOW' failed
	at com.kms.katalon.core.keyword.builtin.CallTestCaseKeyword$_callTestCase_closure1.doCall(CallTestCaseKeyword.groovy:63)
	at com.kms.katalon.core.keyword.builtin.CallTestCaseKeyword$_callTestCase_closure1.call(CallTestCaseKeyword.groovy)
	at com.kms.katalon.core.keyword.internal.KeywordMain.runKeyword(KeywordMain.groovy:68)
	at com.kms.katalon.core.keyword.builtin.CallTestCaseKeyword.callTestCase(CallTestCaseKeyword.groovy:81)
	at com.kms.katalon.core.keyword.builtin.CallTestCaseKeyword.execute(CallTestCaseKeyword.groovy:44)
	at com.kms.katalon.core.keyword.internal.KeywordExecutor.executeKeywordForPlatform(KeywordExecutor.groovy:60)
	at com.kms.katalon.core.keyword.BuiltinKeywords.callTestCase(BuiltinKeywords.groovy:334)
	at TC_Data Entry.run(TC_Data Entry:28)
	at com.kms.katalon.core.main.ScriptEngine.run(ScriptEngine.java:194)
	at com.kms.katalon.core.main.ScriptEngine.runScriptAsRawText(ScriptEngine.java:119)
	at com.kms.katalon.core.main.TestCaseExecutor.runScript(TestCaseExecutor.java:337)
	at com.kms.katalon.core.main.TestCaseExecutor.doExecute(TestCaseExecutor.java:328)
	at com.kms.katalon.core.main.TestCaseExecutor.processExecutionPhase(TestCaseExecutor.java:307)
	at com.kms.katalon.core.main.TestCaseExecutor.accessMainPhase(TestCaseExecutor.java:299)
	at com.kms.katalon.core.main.TestCaseExecutor.execute(TestCaseExecutor.java:233)
	at com.kms.katalon.core.main.TestSuiteExecutor.accessTestCaseMainPhase(TestSuiteExecutor.java:169)
	at com.kms.katalon.core.main.TestSuiteExecutor.accessTestSuiteMainPhase(TestSuiteExecutor.java:142)
	at com.kms.katalon.core.main.TestSuiteExecutor.execute(TestSuiteExecutor.java:91)
	at com.kms.katalon.core.main.TestCaseMain.startTestSuite(TestCaseMain.java:157)
	at com.kms.katalon.core.main.TestCaseMain$startTestSuite$0.call(Unknown Source)
	at TempTestSuite1571720266263.run(TempTestSuite1571720266263.groovy:36)
Caused by: com.kms.katalon.core.exception.StepFailedException: Object Object Repository/Simulasi Kredit/Simulasi Kredit - Asuransi/Asuransi_Tipe Asuransi Int not found
	at com.kms.katalon.core.keyword.internal.KeywordMain.stepFailed(KeywordMain.groovy:50)
	at com.kms.katalon.core.mobile.keyword.internal.MobileKeywordMain.stepFailed(MobileKeywordMain.groovy:40)
	at com.kms.katalon.core.mobile.keyword.builtin.TapKeyword$_tap_closure1.doCall(TapKeyword.groovy:79)
	at com.kms.katalon.core.mobile.keyword.builtin.TapKeyword$_tap_closure1.call(TapKeyword.groovy)
	at com.kms.katalon.core.mobile.keyword.internal.MobileKeywordMain.runKeyword(MobileKeywordMain.groovy:21)
	at com.kms.katalon.core.mobile.keyword.builtin.TapKeyword.tap(TapKeyword.groovy:86)
	at com.kms.katalon.core.mobile.keyword.builtin.TapKeyword.execute(TapKeyword.groovy:68)
	at com.kms.katalon.core.keyword.internal.KeywordExecutor.executeKeywordForPlatform(KeywordExecutor.groovy:60)
	at com.kms.katalon.core.mobile.keyword.MobileBuiltInKeywords.tap(MobileBuiltInKeywords.groovy:520)
	at com.kms.katalon.core.mobile.keyword.MobileBuiltInKeywords$tap$1.call(Unknown Source)
	at TC_Asuransi - MASTER FLOW.run(TC_Asuransi - MASTER FLOW:19)
	at com.kms.katalon.core.main.ScriptEngine.run(ScriptEngine.java:194)
	at com.kms.katalon.core.main.ScriptEngine.runScriptAsRawText(ScriptEngine.java:119)
	at com.kms.katalon.core.main.TestCaseExecutor.runScript(TestCaseExecutor.java:337)
	at com.kms.katalon.core.main.TestCaseExecutor.doExecute(TestCaseExecutor.java:328)
	at com.kms.katalon.core.main.TestCaseExecutor.processExecutionPhase(TestCaseExecutor.java:307)
	at com.kms.katalon.core.main.TestCaseExecutor.accessMainPhase(TestCaseExecutor.java:299)
	at com.kms.katalon.core.main.TestCaseExecutor.execute(TestCaseExecutor.java:233)
	at com.kms.katalon.core.main.TestCaseMain.runTestCase(TestCaseMain.java:114)
	at com.kms.katalon.core.keyword.builtin.CallTestCaseKeyword$_callTestCase_closure1.doCall(CallTestCaseKeyword.groovy:59)
	... 20 more


2019-10-22 11:58:20 - [TEST_STEP][PASSED] - callTestCase(findTestCase("dynamic test case/open application"), [:], STOP_ON_FAILURE): Call Test Case 'Test Cases/dynamic test case/open application' successfully

2019-10-22 11:58:20 - [TEST_CASE][PASSED] - Test Cases/dynamic test case/open application: Test Cases/dynamic test case/open application

2019-10-22 11:58:21 - [TEST_STEP][PASSED] - appPath = relativeToAbsolutePath(apkname, getProjectDir()): null

2019-10-22 11:58:21 - [TEST_STEP][PASSED] - startApplication(appPath, false): Started app at: 'C:\Users\15421\git\ACCMe-Mobile\AccMe.apk'

2019-10-22 11:58:21 - [MESSAGE][INFO] - User set preference: ['unicodeKeyboard', 'true']

2019-10-22 11:58:21 - [MESSAGE][INFO] - User set preference: ['resetKeyboard', 'true']

2019-10-22 11:58:21 - [MESSAGE][INFO] - User set preference: ['appWaitActivity', 'com.*']

2019-10-22 11:58:21 - [MESSAGE][INFO] - User set preference: ['deviceId', '']

2019-10-22 11:58:33 - [MESSAGE][INFO] - Appium server started on port 61,204

2019-10-22 11:59:06 - [MESSAGE][PASSED] - Started app at: 'C:\Users\15421\git\ACCMe-Mobile\AccMe.apk'

2019-10-22 11:59:06 - [TEST_STEP][PASSED] - delay(20, STOP_ON_FAILURE): Delayed 20 second(s)

2019-10-22 11:59:26 - [MESSAGE][PASSED] - Delayed 20 second(s)

2019-10-22 11:59:26 - [MESSAGE][PASSED] - Call Test Case 'Test Cases/dynamic test case/open application' successfully

2019-10-22 11:59:26 - [TEST_STEP][PASSED] - callTestCase(findTestCase("Data Entry/Simulasi Kredit/Simulasi Kredit/MASTER FLOW/TC_Simulasi Kredit - MASTER FLOW"), ["varBrand":varBrand, "varType":varType, "varModel":varModel, "varTahun":varTahun, "varTenor":varTenor, "varOTR":varOTR, "varRP":varRP, ... ], OPTIONAL): Unable to call Test Case 'Test Cases/Data Entry/Simulasi Kredit/Simulasi Kredit/MASTER FLOW/TC_Simulasi Kredit - MASTER FLOW' (Root cause: com.kms.katalon.core.exception.StepFailedException: Call Test Case 'Test Cases/Data Entry/Simulasi Kredit/Simulasi Kredit/MASTER FLOW/TC_Simulasi Kredit - MASTER FLOW' failed
	at com.kms.katalon.core.keyword.builtin.CallTestCaseKeyword$_callTestCase_closure1.doCall(CallTestCaseKeyword.groovy:63)
	at com.kms.katalon.core.keyword.builtin.CallTestCaseKeyword$_callTestCase_closure1.call(CallTestCaseKeyword.groovy)
	at com.kms.katalon.core.keyword.internal.KeywordMain.runKeyword(KeywordMain.groovy:68)
	at com.kms.katalon.core.keyword.builtin.CallTestCaseKeyword.callTestCase(CallTestCaseKeyword.groovy:81)
	at com.kms.katalon.core.keyword.builtin.CallTestCaseKeyword.execute(CallTestCaseKeyword.groovy:44)
	at com.kms.katalon.core.keyword.internal.KeywordExecutor.executeKeywordForPlatform(KeywordExecutor.groovy:60)
	at com.kms.katalon.core.keyword.BuiltinKeywords.callTestCase(BuiltinKeywords.groovy:334)
	at TC_Data Entry.run(TC_Data Entry:21)
	at com.kms.katalon.core.main.ScriptEngine.run(ScriptEngine.java:194)
	at com.kms.katalon.core.main.ScriptEngine.runScriptAsRawText(ScriptEngine.java:119)
	at com.kms.katalon.core.main.TestCaseExecutor.runScript(TestCaseExecutor.java:337)
	at com.kms.katalon.core.main.TestCaseExecutor.doExecute(TestCaseExecutor.java:328)
	at com.kms.katalon.core.main.TestCaseExecutor.processExecutionPhase(TestCaseExecutor.java:307)
	at com.kms.katalon.core.main.TestCaseExecutor.accessMainPhase(TestCaseExecutor.java:299)
	at com.kms.katalon.core.main.TestCaseExecutor.execute(TestCaseExecutor.java:233)
	at com.kms.katalon.core.main.TestSuiteExecutor.accessTestCaseMainPhase(TestSuiteExecutor.java:169)
	at com.kms.katalon.core.main.TestSuiteExecutor.accessTestSuiteMainPhase(TestSuiteExecutor.java:142)
	at com.kms.katalon.core.main.TestSuiteExecutor.execute(TestSuiteExecutor.java:91)
	at com.kms.katalon.core.main.TestCaseMain.startTestSuite(TestCaseMain.java:157)
	at com.kms.katalon.core.main.TestCaseMain$startTestSuite$0.call(Unknown Source)
	at TempTestSuite1571720266263.run(TempTestSuite1571720266263.groovy:36)
Caused by: com.kms.katalon.core.exception.StepFailedException: Object Object Repository/Simulasi Kredit/Simulasi Kredit - Simulasi Kredit/SimulasiKredit_Tahun not found
	at com.kms.katalon.core.keyword.internal.KeywordMain.stepFailed(KeywordMain.groovy:50)
	at com.kms.katalon.core.mobile.keyword.internal.MobileKeywordMain.stepFailed(MobileKeywordMain.groovy:40)
	at com.kms.katalon.core.mobile.keyword.builtin.TapKeyword$_tap_closure1.doCall(TapKeyword.groovy:79)
	at com.kms.katalon.core.mobile.keyword.builtin.TapKeyword$_tap_closure1.call(TapKeyword.groovy)
	at com.kms.katalon.core.mobile.keyword.internal.MobileKeywordMain.runKeyword(MobileKeywordMain.groovy:21)
	at com.kms.katalon.core.mobile.keyword.builtin.TapKeyword.tap(TapKeyword.groovy:86)
	at com.kms.katalon.core.mobile.keyword.builtin.TapKeyword.execute(TapKeyword.groovy:68)
	at com.kms.katalon.core.keyword.internal.KeywordExecutor.executeKeywordForPlatform(KeywordExecutor.groovy:60)
	at com.kms.katalon.core.mobile.keyword.MobileBuiltInKeywords.tap(MobileBuiltInKeywords.groovy:520)
	at com.kms.katalon.core.mobile.keyword.MobileBuiltInKeywords$tap$1.call(Unknown Source)
	at TC_Simulasi Kredit - MASTER FLOW.run(TC_Simulasi Kredit - MASTER FLOW:82)
	at com.kms.katalon.core.main.ScriptEngine.run(ScriptEngine.java:194)
	at com.kms.katalon.core.main.ScriptEngine.runScriptAsRawText(ScriptEngine.java:119)
	at com.kms.katalon.core.main.TestCaseExecutor.runScript(TestCaseExecutor.java:337)
	at com.kms.katalon.core.main.TestCaseExecutor.doExecute(TestCaseExecutor.java:328)
	at com.kms.katalon.core.main.TestCaseExecutor.processExecutionPhase(TestCaseExecutor.java:307)
	at com.kms.katalon.core.main.TestCaseExecutor.accessMainPhase(TestCaseExecutor.java:299)
	at com.kms.katalon.core.main.TestCaseExecutor.execute(TestCaseExecutor.java:233)
	at com.kms.katalon.core.main.TestCaseMain.runTestCase(TestCaseMain.java:114)
	at com.kms.katalon.core.keyword.builtin.CallTestCaseKeyword$_callTestCase_closure1.doCall(CallTestCaseKeyword.groovy:59)
	... 20 more
)

2019-10-22 11:59:26 - [TEST_CASE][FAILED] - Test Cases/Data Entry/Simulasi Kredit/Simulasi Kredit/MASTER FLOW/TC_Simulasi Kredit - MASTER FLOW: Test Cases/Data Entry/Simulasi Kredit/Simulasi Kredit/MASTER FLOW/TC_Simulasi Kredit - MASTER FLOW FAILED.
Reason:
com.kms.katalon.core.exception.StepFailedException: Object Object Repository/Simulasi Kredit/Simulasi Kredit - Simulasi Kredit/SimulasiKredit_Tahun not found
	at com.kms.katalon.core.keyword.internal.KeywordMain.stepFailed(KeywordMain.groovy:50)
	at com.kms.katalon.core.mobile.keyword.internal.MobileKeywordMain.stepFailed(MobileKeywordMain.groovy:40)
	at com.kms.katalon.core.mobile.keyword.builtin.TapKeyword$_tap_closure1.doCall(TapKeyword.groovy:79)
	at com.kms.katalon.core.mobile.keyword.builtin.TapKeyword$_tap_closure1.call(TapKeyword.groovy)
	at com.kms.katalon.core.mobile.keyword.internal.MobileKeywordMain.runKeyword(MobileKeywordMain.groovy:21)
	at com.kms.katalon.core.mobile.keyword.builtin.TapKeyword.tap(TapKeyword.groovy:86)
	at com.kms.katalon.core.mobile.keyword.builtin.TapKeyword.execute(TapKeyword.groovy:68)
	at com.kms.katalon.core.keyword.internal.KeywordExecutor.executeKeywordForPlatform(KeywordExecutor.groovy:60)
	at com.kms.katalon.core.mobile.keyword.MobileBuiltInKeywords.tap(MobileBuiltInKeywords.groovy:520)
	at com.kms.katalon.core.mobile.keyword.MobileBuiltInKeywords$tap$1.call(Unknown Source)
	at TC_Simulasi Kredit - MASTER FLOW.run(TC_Simulasi Kredit - MASTER FLOW:82)
	at com.kms.katalon.core.main.ScriptEngine.run(ScriptEngine.java:194)
	at com.kms.katalon.core.main.ScriptEngine.runScriptAsRawText(ScriptEngine.java:119)
	at com.kms.katalon.core.main.TestCaseExecutor.runScript(TestCaseExecutor.java:337)
	at com.kms.katalon.core.main.TestCaseExecutor.doExecute(TestCaseExecutor.java:328)
	at com.kms.katalon.core.main.TestCaseExecutor.processExecutionPhase(TestCaseExecutor.java:307)
	at com.kms.katalon.core.main.TestCaseExecutor.accessMainPhase(TestCaseExecutor.java:299)
	at com.kms.katalon.core.main.TestCaseExecutor.execute(TestCaseExecutor.java:233)
	at com.kms.katalon.core.main.TestCaseMain.runTestCase(TestCaseMain.java:114)
	at com.kms.katalon.core.keyword.builtin.CallTestCaseKeyword$_callTestCase_closure1.doCall(CallTestCaseKeyword.groovy:59)
	at com.kms.katalon.core.keyword.builtin.CallTestCaseKeyword$_callTestCase_closure1.call(CallTestCaseKeyword.groovy)
	at com.kms.katalon.core.keyword.internal.KeywordMain.runKeyword(KeywordMain.groovy:68)
	at com.kms.katalon.core.keyword.builtin.CallTestCaseKeyword.callTestCase(CallTestCaseKeyword.groovy:81)
	at com.kms.katalon.core.keyword.builtin.CallTestCaseKeyword.execute(CallTestCaseKeyword.groovy:44)
	at com.kms.katalon.core.keyword.internal.KeywordExecutor.executeKeywordForPlatform(KeywordExecutor.groovy:60)
	at com.kms.katalon.core.keyword.BuiltinKeywords.callTestCase(BuiltinKeywords.groovy:334)
	at TC_Data Entry.run(TC_Data Entry:21)
	at com.kms.katalon.core.main.ScriptEngine.run(ScriptEngine.java:194)
	at com.kms.katalon.core.main.ScriptEngine.runScriptAsRawText(ScriptEngine.java:119)
	at com.kms.katalon.core.main.TestCaseExecutor.runScript(TestCaseExecutor.java:337)
	at com.kms.katalon.core.main.TestCaseExecutor.doExecute(TestCaseExecutor.java:328)
	at com.kms.katalon.core.main.TestCaseExecutor.processExecutionPhase(TestCaseExecutor.java:307)
	at com.kms.katalon.core.main.TestCaseExecutor.accessMainPhase(TestCaseExecutor.java:299)
	at com.kms.katalon.core.main.TestCaseExecutor.execute(TestCaseExecutor.java:233)
	at com.kms.katalon.core.main.TestSuiteExecutor.accessTestCaseMainPhase(TestSuiteExecutor.java:169)
	at com.kms.katalon.core.main.TestSuiteExecutor.accessTestSuiteMainPhase(TestSuiteExecutor.java:142)
	at com.kms.katalon.core.main.TestSuiteExecutor.execute(TestSuiteExecutor.java:91)
	at com.kms.katalon.core.main.TestCaseMain.startTestSuite(TestCaseMain.java:157)
	at com.kms.katalon.core.main.TestCaseMain$startTestSuite$0.call(Unknown Source)
	at TempTestSuite1571720266263.run(TempTestSuite1571720266263.groovy:36)


2019-10-22 11:59:27 - [TEST_STEP][PASSED] - verifyElementVisible(findTestObject("Simulasi Kredit/Simulasi Kredit - Simulasi Kredit/SimulasiKredit_Btn Simulasi Kredit"), 60, OPTIONAL): Element 'Object Repository/Simulasi Kredit/Simulasi Kredit - Simulasi Kredit/SimulasiKredit_Btn Simulasi Kredit' is visible

2019-10-22 11:59:31 - [MESSAGE][PASSED] - Element 'Object Repository/Simulasi Kredit/Simulasi Kredit - Simulasi Kredit/SimulasiKredit_Btn Simulasi Kredit' is visible

2019-10-22 11:59:31 - [TEST_STEP][PASSED] - tap(findTestObject("Simulasi Kredit/Simulasi Kredit - Simulasi Kredit/SimulasiKredit_Btn Simulasi Kredit"), 0): Tapped on element 'Object Repository/Simulasi Kredit/Simulasi Kredit - Simulasi Kredit/SimulasiKredit_Btn Simulasi Kredit'

2019-10-22 11:59:31 - [MESSAGE][WARNING] - Timeout '0' is invalid. Using default page load timeout: '30'

2019-10-22 11:59:33 - [MESSAGE][PASSED] - Tapped on element 'Object Repository/Simulasi Kredit/Simulasi Kredit - Simulasi Kredit/SimulasiKredit_Btn Simulasi Kredit'

2019-10-22 11:59:33 - [TEST_STEP][PASSED] - if (varPembiayaan == "NewCar"): Tapped on element 'Object Repository/Simulasi Kredit/Simulasi Kredit - Simulasi Kredit/SimulasiKredit_new car'

2019-10-22 11:59:33 - [TEST_STEP][PASSED] - tap(findTestObject("Simulasi Kredit/Simulasi Kredit - Simulasi Kredit/SimulasiKredit_new car"), 0): Tapped on element 'Object Repository/Simulasi Kredit/Simulasi Kredit - Simulasi Kredit/SimulasiKredit_new car'

2019-10-22 11:59:34 - [MESSAGE][WARNING] - Timeout '0' is invalid. Using default page load timeout: '30'

2019-10-22 11:59:38 - [MESSAGE][PASSED] - Tapped on element 'Object Repository/Simulasi Kredit/Simulasi Kredit - Simulasi Kredit/SimulasiKredit_new car'

2019-10-22 11:59:38 - [TEST_STEP][PASSED] - if (varTipePembiayaan == "syariah"): null

2019-10-22 11:59:38 - [TEST_STEP][PASSED] - else: Tapped on element 'Object Repository/Simulasi Kredit/Simulasi Kredit - Simulasi Kredit/SimulasiKredit_Konvensional'

2019-10-22 11:59:38 - [TEST_STEP][PASSED] - tap(findTestObject("Simulasi Kredit/Simulasi Kredit - Simulasi Kredit/SimulasiKredit_Konvensional"), 0): Tapped on element 'Object Repository/Simulasi Kredit/Simulasi Kredit - Simulasi Kredit/SimulasiKredit_Konvensional'

2019-10-22 11:59:38 - [MESSAGE][WARNING] - Timeout '0' is invalid. Using default page load timeout: '30'

2019-10-22 11:59:40 - [MESSAGE][PASSED] - Tapped on element 'Object Repository/Simulasi Kredit/Simulasi Kredit - Simulasi Kredit/SimulasiKredit_Konvensional'

2019-10-22 11:59:40 - [TEST_STEP][PASSED] - if (varPaket == "ya"): null

2019-10-22 11:59:40 - [TEST_STEP][PASSED] - setText(findTestObject("Simulasi Kredit/Simulasi Kredit - Simulasi Kredit/SimulasiKredit_Inp Brand"), varBrand, 0): Text 'TOYOTA' has been set to element 'Object Repository/Simulasi Kredit/Simulasi Kredit - Simulasi Kredit/SimulasiKredit_Inp Brand'

2019-10-22 11:59:40 - [MESSAGE][WARNING] - Timeout '0' is invalid. Using default page load timeout: '30'

2019-10-22 11:59:42 - [MESSAGE][PASSED] - Text 'TOYOTA' has been set to element 'Object Repository/Simulasi Kredit/Simulasi Kredit - Simulasi Kredit/SimulasiKredit_Inp Brand'

2019-10-22 11:59:42 - [TEST_STEP][PASSED] - tap(findTestObject("Simulasi Kredit/Simulasi Kredit - Simulasi Kredit/SimulasiKredit_Inp Brand"), 0): Tapped on element 'Object Repository/Simulasi Kredit/Simulasi Kredit - Simulasi Kredit/SimulasiKredit_Inp Brand'

2019-10-22 11:59:42 - [MESSAGE][WARNING] - Timeout '0' is invalid. Using default page load timeout: '30'

2019-10-22 11:59:45 - [MESSAGE][PASSED] - Tapped on element 'Object Repository/Simulasi Kredit/Simulasi Kredit - Simulasi Kredit/SimulasiKredit_Inp Brand'

2019-10-22 11:59:45 - [TEST_STEP][PASSED] - tap(findTestObject("Simulasi Kredit/Simulasi Kredit - Simulasi Kredit/Simulasi Kredit-LOVBrand"), 0): Tapped on element 'Object Repository/Simulasi Kredit/Simulasi Kredit - Simulasi Kredit/Simulasi Kredit-LOVBrand'

2019-10-22 11:59:45 - [MESSAGE][WARNING] - Timeout '0' is invalid. Using default page load timeout: '30'

2019-10-22 11:59:48 - [MESSAGE][PASSED] - Tapped on element 'Object Repository/Simulasi Kredit/Simulasi Kredit - Simulasi Kredit/Simulasi Kredit-LOVBrand'

2019-10-22 11:59:48 - [TEST_STEP][PASSED] - tap(findTestObject("Simulasi Kredit/Simulasi Kredit - Simulasi Kredit/SimulasiKredit_Inp Type"), 0): Tapped on element 'Object Repository/Simulasi Kredit/Simulasi Kredit - Simulasi Kredit/SimulasiKredit_Inp Type'

2019-10-22 11:59:48 - [MESSAGE][WARNING] - Timeout '0' is invalid. Using default page load timeout: '30'

2019-10-22 11:59:50 - [MESSAGE][PASSED] - Tapped on element 'Object Repository/Simulasi Kredit/Simulasi Kredit - Simulasi Kredit/SimulasiKredit_Inp Type'

2019-10-22 11:59:50 - [TEST_STEP][PASSED] - setText(findTestObject("Simulasi Kredit/Simulasi Kredit - Simulasi Kredit/SimulasiKredit_Inp Type"), varType, 0): Text 'AGYA' has been set to element 'Object Repository/Simulasi Kredit/Simulasi Kredit - Simulasi Kredit/SimulasiKredit_Inp Type'

2019-10-22 11:59:50 - [MESSAGE][WARNING] - Timeout '0' is invalid. Using default page load timeout: '30'

2019-10-22 11:59:54 - [MESSAGE][PASSED] - Text 'AGYA' has been set to element 'Object Repository/Simulasi Kredit/Simulasi Kredit - Simulasi Kredit/SimulasiKredit_Inp Type'

2019-10-22 11:59:54 - [TEST_STEP][PASSED] - delay(3): Delayed 3 second(s)

2019-10-22 11:59:57 - [MESSAGE][PASSED] - Delayed 3 second(s)

2019-10-22 11:59:57 - [TEST_STEP][PASSED] - tap(findTestObject("Simulasi Kredit/Simulasi Kredit - Simulasi Kredit/SimulasiKredit_Inp Type"), 0): Tapped on element 'Object Repository/Simulasi Kredit/Simulasi Kredit - Simulasi Kredit/SimulasiKredit_Inp Type'

2019-10-22 11:59:57 - [MESSAGE][WARNING] - Timeout '0' is invalid. Using default page load timeout: '30'

2019-10-22 12:00:00 - [MESSAGE][PASSED] - Tapped on element 'Object Repository/Simulasi Kredit/Simulasi Kredit - Simulasi Kredit/SimulasiKredit_Inp Type'

2019-10-22 12:00:00 - [TEST_STEP][PASSED] - tap(findTestObject("Simulasi Kredit/Simulasi Kredit - Simulasi Kredit/SimulasiKredit_Inp Type LOV"), 0): Tapped on element 'Object Repository/Simulasi Kredit/Simulasi Kredit - Simulasi Kredit/SimulasiKredit_Inp Type LOV'

2019-10-22 12:00:00 - [MESSAGE][WARNING] - Timeout '0' is invalid. Using default page load timeout: '30'

2019-10-22 12:00:02 - [MESSAGE][PASSED] - Tapped on element 'Object Repository/Simulasi Kredit/Simulasi Kredit - Simulasi Kredit/SimulasiKredit_Inp Type LOV'

2019-10-22 12:00:02 - [TEST_STEP][PASSED] - mobile.mobileSwipe.UpDown(0.8, 0.5, 1000): mobile.mobileSwipe.UpDown is PASSED

2019-10-22 12:00:04 - [MESSAGE][PASSED] - Current device physical height is 2131

2019-10-22 12:00:04 - [MESSAGE][INFO] - Device Height : 2131

2019-10-22 12:00:05 - [MESSAGE][PASSED] - Current device physical width is 1080

2019-10-22 12:00:05 - [MESSAGE][INFO] - Device Width : 1080

2019-10-22 12:00:05 - [MESSAGE][INFO] - Swipe start at Height : 1704

2019-10-22 12:00:05 - [MESSAGE][INFO] - Swipe end at Height : 1065

2019-10-22 12:00:05 - [MESSAGE][INFO] - X Position : 1000

2019-10-22 12:00:07 - [MESSAGE][PASSED] - Swiped from 1,000,1,704 to 1,000,1,065

2019-10-22 12:00:07 - [MESSAGE][PASSED] - mobile.mobileSwipe.UpDown is PASSED

2019-10-22 12:00:07 - [TEST_STEP][PASSED] - tap(findTestObject("Simulasi Kredit/Simulasi Kredit - Simulasi Kredit/SimulasiKredit_Inp Model"), 0): Tapped on element 'Object Repository/Simulasi Kredit/Simulasi Kredit - Simulasi Kredit/SimulasiKredit_Inp Model'

2019-10-22 12:00:08 - [MESSAGE][WARNING] - Timeout '0' is invalid. Using default page load timeout: '30'

2019-10-22 12:00:11 - [MESSAGE][PASSED] - Tapped on element 'Object Repository/Simulasi Kredit/Simulasi Kredit - Simulasi Kredit/SimulasiKredit_Inp Model'

2019-10-22 12:00:11 - [TEST_STEP][PASSED] - scrollToText(varModel, STOP_ON_FAILURE): Scrolling to text '1.0 G M/T - 001' successfully

2019-10-22 12:00:12 - [MESSAGE][PASSED] - Scrolling to text '1.0 G M/T - 001' successfully

2019-10-22 12:00:12 - [TEST_STEP][PASSED] - tap(findTestObject("dynamic object/pickListItem_checkedTextView", ["text":varModel]), 0): Tapped on element 'Object Repository/dynamic object/pickListItem_checkedTextView'

2019-10-22 12:00:13 - [MESSAGE][WARNING] - Timeout '0' is invalid. Using default page load timeout: '30'

2019-10-22 12:00:14 - [MESSAGE][PASSED] - Tapped on element 'Object Repository/dynamic object/pickListItem_checkedTextView'

2019-10-22 12:00:14 - [TEST_STEP][FAILED] - tap(findTestObject("Simulasi Kredit/Simulasi Kredit - Simulasi Kredit/SimulasiKredit_Tahun"), 0): Failed to tap on element 'Object Repository/Simulasi Kredit/Simulasi Kredit - Simulasi Kredit/SimulasiKredit_Tahun' (Root cause: com.kms.katalon.core.exception.StepFailedException: Object Object Repository/Simulasi Kredit/Simulasi Kredit - Simulasi Kredit/SimulasiKredit_Tahun not found
	at com.kms.katalon.core.keyword.internal.KeywordMain.stepFailed(KeywordMain.groovy:50)
	at com.kms.katalon.core.mobile.keyword.internal.MobileKeywordMain.stepFailed(MobileKeywordMain.groovy:40)
	at com.kms.katalon.core.mobile.keyword.builtin.TapKeyword$_tap_closure1.doCall(TapKeyword.groovy:79)
	at com.kms.katalon.core.mobile.keyword.builtin.TapKeyword$_tap_closure1.call(TapKeyword.groovy)
	at com.kms.katalon.core.mobile.keyword.internal.MobileKeywordMain.runKeyword(MobileKeywordMain.groovy:21)
	at com.kms.katalon.core.mobile.keyword.builtin.TapKeyword.tap(TapKeyword.groovy:86)
	at com.kms.katalon.core.mobile.keyword.builtin.TapKeyword.execute(TapKeyword.groovy:68)
	at com.kms.katalon.core.keyword.internal.KeywordExecutor.executeKeywordForPlatform(KeywordExecutor.groovy:60)
	at com.kms.katalon.core.mobile.keyword.MobileBuiltInKeywords.tap(MobileBuiltInKeywords.groovy:520)
	at com.kms.katalon.core.mobile.keyword.MobileBuiltInKeywords$tap$1.call(Unknown Source)
	at TC_Simulasi Kredit - MASTER FLOW.run(TC_Simulasi Kredit - MASTER FLOW:82)
	at com.kms.katalon.core.main.ScriptEngine.run(ScriptEngine.java:194)
	at com.kms.katalon.core.main.ScriptEngine.runScriptAsRawText(ScriptEngine.java:119)
	at com.kms.katalon.core.main.TestCaseExecutor.runScript(TestCaseExecutor.java:337)
	at com.kms.katalon.core.main.TestCaseExecutor.doExecute(TestCaseExecutor.java:328)
	at com.kms.katalon.core.main.TestCaseExecutor.processExecutionPhase(TestCaseExecutor.java:307)
	at com.kms.katalon.core.main.TestCaseExecutor.accessMainPhase(TestCaseExecutor.java:299)
	at com.kms.katalon.core.main.TestCaseExecutor.execute(TestCaseExecutor.java:233)
	at com.kms.katalon.core.main.TestCaseMain.runTestCase(TestCaseMain.java:114)
	at com.kms.katalon.core.keyword.builtin.CallTestCaseKeyword$_callTestCase_closure1.doCall(CallTestCaseKeyword.groovy:59)
	at com.kms.katalon.core.keyword.builtin.CallTestCaseKeyword$_callTestCase_closure1.call(CallTestCaseKeyword.groovy)
	at com.kms.katalon.core.keyword.internal.KeywordMain.runKeyword(KeywordMain.groovy:68)
	at com.kms.katalon.core.keyword.builtin.CallTestCaseKeyword.callTestCase(CallTestCaseKeyword.groovy:81)
	at com.kms.katalon.core.keyword.builtin.CallTestCaseKeyword.execute(CallTestCaseKeyword.groovy:44)
	at com.kms.katalon.core.keyword.internal.KeywordExecutor.executeKeywordForPlatform(KeywordExecutor.groovy:60)
	at com.kms.katalon.core.keyword.BuiltinKeywords.callTestCase(BuiltinKeywords.groovy:334)
	at TC_Data Entry.run(TC_Data Entry:21)
	at com.kms.katalon.core.main.ScriptEngine.run(ScriptEngine.java:194)
	at com.kms.katalon.core.main.ScriptEngine.runScriptAsRawText(ScriptEngine.java:119)
	at com.kms.katalon.core.main.TestCaseExecutor.runScript(TestCaseExecutor.java:337)
	at com.kms.katalon.core.main.TestCaseExecutor.doExecute(TestCaseExecutor.java:328)
	at com.kms.katalon.core.main.TestCaseExecutor.processExecutionPhase(TestCaseExecutor.java:307)
	at com.kms.katalon.core.main.TestCaseExecutor.accessMainPhase(TestCaseExecutor.java:299)
	at com.kms.katalon.core.main.TestCaseExecutor.execute(TestCaseExecutor.java:233)
	at com.kms.katalon.core.main.TestSuiteExecutor.accessTestCaseMainPhase(TestSuiteExecutor.java:169)
	at com.kms.katalon.core.main.TestSuiteExecutor.accessTestSuiteMainPhase(TestSuiteExecutor.java:142)
	at com.kms.katalon.core.main.TestSuiteExecutor.execute(TestSuiteExecutor.java:91)
	at com.kms.katalon.core.main.TestCaseMain.startTestSuite(TestCaseMain.java:157)
	at com.kms.katalon.core.main.TestCaseMain$startTestSuite$0.call(Unknown Source)
	at TempTestSuite1571720266263.run(TempTestSuite1571720266263.groovy:36)
)

2019-10-22 12:00:14 - [MESSAGE][WARNING] - Timeout '0' is invalid. Using default page load timeout: '30'

2019-10-22 12:00:46 - [MESSAGE][FAILED] - Object Object Repository/Simulasi Kredit/Simulasi Kredit - Simulasi Kredit/SimulasiKredit_Tahun not found
[[ATTACHMENT|C:\\Users\\15421\\git\\ACCMe-Mobile\\Reports\\20191022_115746\\New Test Suite\\20191022_115746\\1571720444866.png]]

2019-10-22 12:00:48 - [MESSAGE][FAILED] - Failed to tap on element 'Object Repository/Simulasi Kredit/Simulasi Kredit - Simulasi Kredit/SimulasiKredit_Tahun' (Root cause: com.kms.katalon.core.exception.StepFailedException: Object Object Repository/Simulasi Kredit/Simulasi Kredit - Simulasi Kredit/SimulasiKredit_Tahun not found
	at com.kms.katalon.core.keyword.internal.KeywordMain.stepFailed(KeywordMain.groovy:50)
	at com.kms.katalon.core.mobile.keyword.internal.MobileKeywordMain.stepFailed(MobileKeywordMain.groovy:40)
	at com.kms.katalon.core.mobile.keyword.builtin.TapKeyword$_tap_closure1.doCall(TapKeyword.groovy:79)
	at com.kms.katalon.core.mobile.keyword.builtin.TapKeyword$_tap_closure1.call(TapKeyword.groovy)
	at com.kms.katalon.core.mobile.keyword.internal.MobileKeywordMain.runKeyword(MobileKeywordMain.groovy:21)
	at com.kms.katalon.core.mobile.keyword.builtin.TapKeyword.tap(TapKeyword.groovy:86)
	at com.kms.katalon.core.mobile.keyword.builtin.TapKeyword.execute(TapKeyword.groovy:68)
	at com.kms.katalon.core.keyword.internal.KeywordExecutor.executeKeywordForPlatform(KeywordExecutor.groovy:60)
	at com.kms.katalon.core.mobile.keyword.MobileBuiltInKeywords.tap(MobileBuiltInKeywords.groovy:520)
	at com.kms.katalon.core.mobile.keyword.MobileBuiltInKeywords$tap$1.call(Unknown Source)
	at TC_Simulasi Kredit - MASTER FLOW.run(TC_Simulasi Kredit - MASTER FLOW:82)
	at com.kms.katalon.core.main.ScriptEngine.run(ScriptEngine.java:194)
	at com.kms.katalon.core.main.ScriptEngine.runScriptAsRawText(ScriptEngine.java:119)
	at com.kms.katalon.core.main.TestCaseExecutor.runScript(TestCaseExecutor.java:337)
	at com.kms.katalon.core.main.TestCaseExecutor.doExecute(TestCaseExecutor.java:328)
	at com.kms.katalon.core.main.TestCaseExecutor.processExecutionPhase(TestCaseExecutor.java:307)
	at com.kms.katalon.core.main.TestCaseExecutor.accessMainPhase(TestCaseExecutor.java:299)
	at com.kms.katalon.core.main.TestCaseExecutor.execute(TestCaseExecutor.java:233)
	at com.kms.katalon.core.main.TestCaseMain.runTestCase(TestCaseMain.java:114)
	at com.kms.katalon.core.keyword.builtin.CallTestCaseKeyword$_callTestCase_closure1.doCall(CallTestCaseKeyword.groovy:59)
	at com.kms.katalon.core.keyword.builtin.CallTestCaseKeyword$_callTestCase_closure1.call(CallTestCaseKeyword.groovy)
	at com.kms.katalon.core.keyword.internal.KeywordMain.runKeyword(KeywordMain.groovy:68)
	at com.kms.katalon.core.keyword.builtin.CallTestCaseKeyword.callTestCase(CallTestCaseKeyword.groovy:81)
	at com.kms.katalon.core.keyword.builtin.CallTestCaseKeyword.execute(CallTestCaseKeyword.groovy:44)
	at com.kms.katalon.core.keyword.internal.KeywordExecutor.executeKeywordForPlatform(KeywordExecutor.groovy:60)
	at com.kms.katalon.core.keyword.BuiltinKeywords.callTestCase(BuiltinKeywords.groovy:334)
	at TC_Data Entry.run(TC_Data Entry:21)
	at com.kms.katalon.core.main.ScriptEngine.run(ScriptEngine.java:194)
	at com.kms.katalon.core.main.ScriptEngine.runScriptAsRawText(ScriptEngine.java:119)
	at com.kms.katalon.core.main.TestCaseExecutor.runScript(TestCaseExecutor.java:337)
	at com.kms.katalon.core.main.TestCaseExecutor.doExecute(TestCaseExecutor.java:328)
	at com.kms.katalon.core.main.TestCaseExecutor.processExecutionPhase(TestCaseExecutor.java:307)
	at com.kms.katalon.core.main.TestCaseExecutor.accessMainPhase(TestCaseExecutor.java:299)
	at com.kms.katalon.core.main.TestCaseExecutor.execute(TestCaseExecutor.java:233)
	at com.kms.katalon.core.main.TestSuiteExecutor.accessTestCaseMainPhase(TestSuiteExecutor.java:169)
	at com.kms.katalon.core.main.TestSuiteExecutor.accessTestSuiteMainPhase(TestSuiteExecutor.java:142)
	at com.kms.katalon.core.main.TestSuiteExecutor.execute(TestSuiteExecutor.java:91)
	at com.kms.katalon.core.main.TestCaseMain.startTestSuite(TestCaseMain.java:157)
	at com.kms.katalon.core.main.TestCaseMain$startTestSuite$0.call(Unknown Source)
	at TempTestSuite1571720266263.run(TempTestSuite1571720266263.groovy:36)
)
[[ATTACHMENT|C:\\Users\\15421\\git\\ACCMe-Mobile\\Reports\\20191022_115746\\New Test Suite\\20191022_115746\\1571720446634.png]]

2019-10-22 12:00:48 - [MESSAGE][WARNING] - Unable to call Test Case 'Test Cases/Data Entry/Simulasi Kredit/Simulasi Kredit/MASTER FLOW/TC_Simulasi Kredit - MASTER FLOW' (Root cause: com.kms.katalon.core.exception.StepFailedException: Call Test Case 'Test Cases/Data Entry/Simulasi Kredit/Simulasi Kredit/MASTER FLOW/TC_Simulasi Kredit - MASTER FLOW' failed
	at com.kms.katalon.core.keyword.builtin.CallTestCaseKeyword$_callTestCase_closure1.doCall(CallTestCaseKeyword.groovy:63)
	at com.kms.katalon.core.keyword.builtin.CallTestCaseKeyword$_callTestCase_closure1.call(CallTestCaseKeyword.groovy)
	at com.kms.katalon.core.keyword.internal.KeywordMain.runKeyword(KeywordMain.groovy:68)
	at com.kms.katalon.core.keyword.builtin.CallTestCaseKeyword.callTestCase(CallTestCaseKeyword.groovy:81)
	at com.kms.katalon.core.keyword.builtin.CallTestCaseKeyword.execute(CallTestCaseKeyword.groovy:44)
	at com.kms.katalon.core.keyword.internal.KeywordExecutor.executeKeywordForPlatform(KeywordExecutor.groovy:60)
	at com.kms.katalon.core.keyword.BuiltinKeywords.callTestCase(BuiltinKeywords.groovy:334)
	at TC_Data Entry.run(TC_Data Entry:21)
	at com.kms.katalon.core.main.ScriptEngine.run(ScriptEngine.java:194)
	at com.kms.katalon.core.main.ScriptEngine.runScriptAsRawText(ScriptEngine.java:119)
	at com.kms.katalon.core.main.TestCaseExecutor.runScript(TestCaseExecutor.java:337)
	at com.kms.katalon.core.main.TestCaseExecutor.doExecute(TestCaseExecutor.java:328)
	at com.kms.katalon.core.main.TestCaseExecutor.processExecutionPhase(TestCaseExecutor.java:307)
	at com.kms.katalon.core.main.TestCaseExecutor.accessMainPhase(TestCaseExecutor.java:299)
	at com.kms.katalon.core.main.TestCaseExecutor.execute(TestCaseExecutor.java:233)
	at com.kms.katalon.core.main.TestSuiteExecutor.accessTestCaseMainPhase(TestSuiteExecutor.java:169)
	at com.kms.katalon.core.main.TestSuiteExecutor.accessTestSuiteMainPhase(TestSuiteExecutor.java:142)
	at com.kms.katalon.core.main.TestSuiteExecutor.execute(TestSuiteExecutor.java:91)
	at com.kms.katalon.core.main.TestCaseMain.startTestSuite(TestCaseMain.java:157)
	at com.kms.katalon.core.main.TestCaseMain$startTestSuite$0.call(Unknown Source)
	at TempTestSuite1571720266263.run(TempTestSuite1571720266263.groovy:36)
Caused by: com.kms.katalon.core.exception.StepFailedException: Object Object Repository/Simulasi Kredit/Simulasi Kredit - Simulasi Kredit/SimulasiKredit_Tahun not found
	at com.kms.katalon.core.keyword.internal.KeywordMain.stepFailed(KeywordMain.groovy:50)
	at com.kms.katalon.core.mobile.keyword.internal.MobileKeywordMain.stepFailed(MobileKeywordMain.groovy:40)
	at com.kms.katalon.core.mobile.keyword.builtin.TapKeyword$_tap_closure1.doCall(TapKeyword.groovy:79)
	at com.kms.katalon.core.mobile.keyword.builtin.TapKeyword$_tap_closure1.call(TapKeyword.groovy)
	at com.kms.katalon.core.mobile.keyword.internal.MobileKeywordMain.runKeyword(MobileKeywordMain.groovy:21)
	at com.kms.katalon.core.mobile.keyword.builtin.TapKeyword.tap(TapKeyword.groovy:86)
	at com.kms.katalon.core.mobile.keyword.builtin.TapKeyword.execute(TapKeyword.groovy:68)
	at com.kms.katalon.core.keyword.internal.KeywordExecutor.executeKeywordForPlatform(KeywordExecutor.groovy:60)
	at com.kms.katalon.core.mobile.keyword.MobileBuiltInKeywords.tap(MobileBuiltInKeywords.groovy:520)
	at com.kms.katalon.core.mobile.keyword.MobileBuiltInKeywords$tap$1.call(Unknown Source)
	at TC_Simulasi Kredit - MASTER FLOW.run(TC_Simulasi Kredit - MASTER FLOW:82)
	at com.kms.katalon.core.main.ScriptEngine.run(ScriptEngine.java:194)
	at com.kms.katalon.core.main.ScriptEngine.runScriptAsRawText(ScriptEngine.java:119)
	at com.kms.katalon.core.main.TestCaseExecutor.runScript(TestCaseExecutor.java:337)
	at com.kms.katalon.core.main.TestCaseExecutor.doExecute(TestCaseExecutor.java:328)
	at com.kms.katalon.core.main.TestCaseExecutor.processExecutionPhase(TestCaseExecutor.java:307)
	at com.kms.katalon.core.main.TestCaseExecutor.accessMainPhase(TestCaseExecutor.java:299)
	at com.kms.katalon.core.main.TestCaseExecutor.execute(TestCaseExecutor.java:233)
	at com.kms.katalon.core.main.TestCaseMain.runTestCase(TestCaseMain.java:114)
	at com.kms.katalon.core.keyword.builtin.CallTestCaseKeyword$_callTestCase_closure1.doCall(CallTestCaseKeyword.groovy:59)
	... 20 more
)

2019-10-22 12:00:48 - [TEST_STEP][FAILED] - callTestCase(findTestCase("Data Entry/Simulasi Kredit/Simulasi Kredit - Asuransi/MASTER FLOW/TC_Asuransi - MASTER FLOW"), ["varAsuransi":varAsuransi, "varKodeWilayah":varKodeWilayah, "varTipeAsuransi":varTipeAsuransi, "varPenggunaanUnit":varPenggunaanUnit, ... ], STOP_ON_FAILURE): Unable to call Test Case 'Test Cases/Data Entry/Simulasi Kredit/Simulasi Kredit - Asuransi/MASTER FLOW/TC_Asuransi - MASTER FLOW' (Root cause: com.kms.katalon.core.exception.StepFailedException: Call Test Case 'Test Cases/Data Entry/Simulasi Kredit/Simulasi Kredit - Asuransi/MASTER FLOW/TC_Asuransi - MASTER FLOW' failed
	at com.kms.katalon.core.keyword.builtin.CallTestCaseKeyword$_callTestCase_closure1.doCall(CallTestCaseKeyword.groovy:63)
	at com.kms.katalon.core.keyword.builtin.CallTestCaseKeyword$_callTestCase_closure1.call(CallTestCaseKeyword.groovy)
	at com.kms.katalon.core.keyword.internal.KeywordMain.runKeyword(KeywordMain.groovy:68)
	at com.kms.katalon.core.keyword.builtin.CallTestCaseKeyword.callTestCase(CallTestCaseKeyword.groovy:81)
	at com.kms.katalon.core.keyword.builtin.CallTestCaseKeyword.execute(CallTestCaseKeyword.groovy:44)
	at com.kms.katalon.core.keyword.internal.KeywordExecutor.executeKeywordForPlatform(KeywordExecutor.groovy:60)
	at com.kms.katalon.core.keyword.BuiltinKeywords.callTestCase(BuiltinKeywords.groovy:334)
	at TC_Data Entry.run(TC_Data Entry:28)
	at com.kms.katalon.core.main.ScriptEngine.run(ScriptEngine.java:194)
	at com.kms.katalon.core.main.ScriptEngine.runScriptAsRawText(ScriptEngine.java:119)
	at com.kms.katalon.core.main.TestCaseExecutor.runScript(TestCaseExecutor.java:337)
	at com.kms.katalon.core.main.TestCaseExecutor.doExecute(TestCaseExecutor.java:328)
	at com.kms.katalon.core.main.TestCaseExecutor.processExecutionPhase(TestCaseExecutor.java:307)
	at com.kms.katalon.core.main.TestCaseExecutor.accessMainPhase(TestCaseExecutor.java:299)
	at com.kms.katalon.core.main.TestCaseExecutor.execute(TestCaseExecutor.java:233)
	at com.kms.katalon.core.main.TestSuiteExecutor.accessTestCaseMainPhase(TestSuiteExecutor.java:169)
	at com.kms.katalon.core.main.TestSuiteExecutor.accessTestSuiteMainPhase(TestSuiteExecutor.java:142)
	at com.kms.katalon.core.main.TestSuiteExecutor.execute(TestSuiteExecutor.java:91)
	at com.kms.katalon.core.main.TestCaseMain.startTestSuite(TestCaseMain.java:157)
	at com.kms.katalon.core.main.TestCaseMain$startTestSuite$0.call(Unknown Source)
	at TempTestSuite1571720266263.run(TempTestSuite1571720266263.groovy:36)
Caused by: com.kms.katalon.core.exception.StepFailedException: Object Object Repository/Simulasi Kredit/Simulasi Kredit - Asuransi/Asuransi_Tipe Asuransi Int not found
	at com.kms.katalon.core.keyword.internal.KeywordMain.stepFailed(KeywordMain.groovy:50)
	at com.kms.katalon.core.mobile.keyword.internal.MobileKeywordMain.stepFailed(MobileKeywordMain.groovy:40)
	at com.kms.katalon.core.mobile.keyword.builtin.TapKeyword$_tap_closure1.doCall(TapKeyword.groovy:79)
	at com.kms.katalon.core.mobile.keyword.builtin.TapKeyword$_tap_closure1.call(TapKeyword.groovy)
	at com.kms.katalon.core.mobile.keyword.internal.MobileKeywordMain.runKeyword(MobileKeywordMain.groovy:21)
	at com.kms.katalon.core.mobile.keyword.builtin.TapKeyword.tap(TapKeyword.groovy:86)
	at com.kms.katalon.core.mobile.keyword.builtin.TapKeyword.execute(TapKeyword.groovy:68)
	at com.kms.katalon.core.keyword.internal.KeywordExecutor.executeKeywordForPlatform(KeywordExecutor.groovy:60)
	at com.kms.katalon.core.mobile.keyword.MobileBuiltInKeywords.tap(MobileBuiltInKeywords.groovy:520)
	at com.kms.katalon.core.mobile.keyword.MobileBuiltInKeywords$tap$1.call(Unknown Source)
	at TC_Asuransi - MASTER FLOW.run(TC_Asuransi - MASTER FLOW:19)
	at com.kms.katalon.core.main.ScriptEngine.run(ScriptEngine.java:194)
	at com.kms.katalon.core.main.ScriptEngine.runScriptAsRawText(ScriptEngine.java:119)
	at com.kms.katalon.core.main.TestCaseExecutor.runScript(TestCaseExecutor.java:337)
	at com.kms.katalon.core.main.TestCaseExecutor.doExecute(TestCaseExecutor.java:328)
	at com.kms.katalon.core.main.TestCaseExecutor.processExecutionPhase(TestCaseExecutor.java:307)
	at com.kms.katalon.core.main.TestCaseExecutor.accessMainPhase(TestCaseExecutor.java:299)
	at com.kms.katalon.core.main.TestCaseExecutor.execute(TestCaseExecutor.java:233)
	at com.kms.katalon.core.main.TestCaseMain.runTestCase(TestCaseMain.java:114)
	at com.kms.katalon.core.keyword.builtin.CallTestCaseKeyword$_callTestCase_closure1.doCall(CallTestCaseKeyword.groovy:59)
	... 20 more
)

2019-10-22 12:00:48 - [TEST_CASE][FAILED] - Test Cases/Data Entry/Simulasi Kredit/Simulasi Kredit - Asuransi/MASTER FLOW/TC_Asuransi - MASTER FLOW: Test Cases/Data Entry/Simulasi Kredit/Simulasi Kredit - Asuransi/MASTER FLOW/TC_Asuransi - MASTER FLOW FAILED.
Reason:
com.kms.katalon.core.exception.StepFailedException: Object Object Repository/Simulasi Kredit/Simulasi Kredit - Asuransi/Asuransi_Tipe Asuransi Int not found
	at com.kms.katalon.core.keyword.internal.KeywordMain.stepFailed(KeywordMain.groovy:50)
	at com.kms.katalon.core.mobile.keyword.internal.MobileKeywordMain.stepFailed(MobileKeywordMain.groovy:40)
	at com.kms.katalon.core.mobile.keyword.builtin.TapKeyword$_tap_closure1.doCall(TapKeyword.groovy:79)
	at com.kms.katalon.core.mobile.keyword.builtin.TapKeyword$_tap_closure1.call(TapKeyword.groovy)
	at com.kms.katalon.core.mobile.keyword.internal.MobileKeywordMain.runKeyword(MobileKeywordMain.groovy:21)
	at com.kms.katalon.core.mobile.keyword.builtin.TapKeyword.tap(TapKeyword.groovy:86)
	at com.kms.katalon.core.mobile.keyword.builtin.TapKeyword.execute(TapKeyword.groovy:68)
	at com.kms.katalon.core.keyword.internal.KeywordExecutor.executeKeywordForPlatform(KeywordExecutor.groovy:60)
	at com.kms.katalon.core.mobile.keyword.MobileBuiltInKeywords.tap(MobileBuiltInKeywords.groovy:520)
	at com.kms.katalon.core.mobile.keyword.MobileBuiltInKeywords$tap$1.call(Unknown Source)
	at TC_Asuransi - MASTER FLOW.run(TC_Asuransi - MASTER FLOW:19)
	at com.kms.katalon.core.main.ScriptEngine.run(ScriptEngine.java:194)
	at com.kms.katalon.core.main.ScriptEngine.runScriptAsRawText(ScriptEngine.java:119)
	at com.kms.katalon.core.main.TestCaseExecutor.runScript(TestCaseExecutor.java:337)
	at com.kms.katalon.core.main.TestCaseExecutor.doExecute(TestCaseExecutor.java:328)
	at com.kms.katalon.core.main.TestCaseExecutor.processExecutionPhase(TestCaseExecutor.java:307)
	at com.kms.katalon.core.main.TestCaseExecutor.accessMainPhase(TestCaseExecutor.java:299)
	at com.kms.katalon.core.main.TestCaseExecutor.execute(TestCaseExecutor.java:233)
	at com.kms.katalon.core.main.TestCaseMain.runTestCase(TestCaseMain.java:114)
	at com.kms.katalon.core.keyword.builtin.CallTestCaseKeyword$_callTestCase_closure1.doCall(CallTestCaseKeyword.groovy:59)
	at com.kms.katalon.core.keyword.builtin.CallTestCaseKeyword$_callTestCase_closure1.call(CallTestCaseKeyword.groovy)
	at com.kms.katalon.core.keyword.internal.KeywordMain.runKeyword(KeywordMain.groovy:68)
	at com.kms.katalon.core.keyword.builtin.CallTestCaseKeyword.callTestCase(CallTestCaseKeyword.groovy:81)
	at com.kms.katalon.core.keyword.builtin.CallTestCaseKeyword.execute(CallTestCaseKeyword.groovy:44)
	at com.kms.katalon.core.keyword.internal.KeywordExecutor.executeKeywordForPlatform(KeywordExecutor.groovy:60)
	at com.kms.katalon.core.keyword.BuiltinKeywords.callTestCase(BuiltinKeywords.groovy:334)
	at TC_Data Entry.run(TC_Data Entry:28)
	at com.kms.katalon.core.main.ScriptEngine.run(ScriptEngine.java:194)
	at com.kms.katalon.core.main.ScriptEngine.runScriptAsRawText(ScriptEngine.java:119)
	at com.kms.katalon.core.main.TestCaseExecutor.runScript(TestCaseExecutor.java:337)
	at com.kms.katalon.core.main.TestCaseExecutor.doExecute(TestCaseExecutor.java:328)
	at com.kms.katalon.core.main.TestCaseExecutor.processExecutionPhase(TestCaseExecutor.java:307)
	at com.kms.katalon.core.main.TestCaseExecutor.accessMainPhase(TestCaseExecutor.java:299)
	at com.kms.katalon.core.main.TestCaseExecutor.execute(TestCaseExecutor.java:233)
	at com.kms.katalon.core.main.TestSuiteExecutor.accessTestCaseMainPhase(TestSuiteExecutor.java:169)
	at com.kms.katalon.core.main.TestSuiteExecutor.accessTestSuiteMainPhase(TestSuiteExecutor.java:142)
	at com.kms.katalon.core.main.TestSuiteExecutor.execute(TestSuiteExecutor.java:91)
	at com.kms.katalon.core.main.TestCaseMain.startTestSuite(TestCaseMain.java:157)
	at com.kms.katalon.core.main.TestCaseMain$startTestSuite$0.call(Unknown Source)
	at TempTestSuite1571720266263.run(TempTestSuite1571720266263.groovy:36)


2019-10-22 12:00:49 - [TEST_STEP][PASSED] - delay(2, STOP_ON_FAILURE): Delayed 2 second(s)

2019-10-22 12:00:51 - [MESSAGE][PASSED] - Delayed 2 second(s)

2019-10-22 12:00:51 - [TEST_STEP][FAILED] - if (varTipeAsuransi == "int"): Failed to tap on element 'Object Repository/Simulasi Kredit/Simulasi Kredit - Asuransi/Asuransi_Tipe Asuransi Int' (Root cause: com.kms.katalon.core.exception.StepFailedException: Object Object Repository/Simulasi Kredit/Simulasi Kredit - Asuransi/Asuransi_Tipe Asuransi Int not found
	at com.kms.katalon.core.keyword.internal.KeywordMain.stepFailed(KeywordMain.groovy:50)
	at com.kms.katalon.core.mobile.keyword.internal.MobileKeywordMain.stepFailed(MobileKeywordMain.groovy:40)
	at com.kms.katalon.core.mobile.keyword.builtin.TapKeyword$_tap_closure1.doCall(TapKeyword.groovy:79)
	at com.kms.katalon.core.mobile.keyword.builtin.TapKeyword$_tap_closure1.call(TapKeyword.groovy)
	at com.kms.katalon.core.mobile.keyword.internal.MobileKeywordMain.runKeyword(MobileKeywordMain.groovy:21)
	at com.kms.katalon.core.mobile.keyword.builtin.TapKeyword.tap(TapKeyword.groovy:86)
	at com.kms.katalon.core.mobile.keyword.builtin.TapKeyword.execute(TapKeyword.groovy:68)
	at com.kms.katalon.core.keyword.internal.KeywordExecutor.executeKeywordForPlatform(KeywordExecutor.groovy:60)
	at com.kms.katalon.core.mobile.keyword.MobileBuiltInKeywords.tap(MobileBuiltInKeywords.groovy:520)
	at com.kms.katalon.core.mobile.keyword.MobileBuiltInKeywords$tap$1.call(Unknown Source)
	at TC_Asuransi - MASTER FLOW.run(TC_Asuransi - MASTER FLOW:19)
	at com.kms.katalon.core.main.ScriptEngine.run(ScriptEngine.java:194)
	at com.kms.katalon.core.main.ScriptEngine.runScriptAsRawText(ScriptEngine.java:119)
	at com.kms.katalon.core.main.TestCaseExecutor.runScript(TestCaseExecutor.java:337)
	at com.kms.katalon.core.main.TestCaseExecutor.doExecute(TestCaseExecutor.java:328)
	at com.kms.katalon.core.main.TestCaseExecutor.processExecutionPhase(TestCaseExecutor.java:307)
	at com.kms.katalon.core.main.TestCaseExecutor.accessMainPhase(TestCaseExecutor.java:299)
	at com.kms.katalon.core.main.TestCaseExecutor.execute(TestCaseExecutor.java:233)
	at com.kms.katalon.core.main.TestCaseMain.runTestCase(TestCaseMain.java:114)
	at com.kms.katalon.core.keyword.builtin.CallTestCaseKeyword$_callTestCase_closure1.doCall(CallTestCaseKeyword.groovy:59)
	at com.kms.katalon.core.keyword.builtin.CallTestCaseKeyword$_callTestCase_closure1.call(CallTestCaseKeyword.groovy)
	at com.kms.katalon.core.keyword.internal.KeywordMain.runKeyword(KeywordMain.groovy:68)
	at com.kms.katalon.core.keyword.builtin.CallTestCaseKeyword.callTestCase(CallTestCaseKeyword.groovy:81)
	at com.kms.katalon.core.keyword.builtin.CallTestCaseKeyword.execute(CallTestCaseKeyword.groovy:44)
	at com.kms.katalon.core.keyword.internal.KeywordExecutor.executeKeywordForPlatform(KeywordExecutor.groovy:60)
	at com.kms.katalon.core.keyword.BuiltinKeywords.callTestCase(BuiltinKeywords.groovy:334)
	at TC_Data Entry.run(TC_Data Entry:28)
	at com.kms.katalon.core.main.ScriptEngine.run(ScriptEngine.java:194)
	at com.kms.katalon.core.main.ScriptEngine.runScriptAsRawText(ScriptEngine.java:119)
	at com.kms.katalon.core.main.TestCaseExecutor.runScript(TestCaseExecutor.java:337)
	at com.kms.katalon.core.main.TestCaseExecutor.doExecute(TestCaseExecutor.java:328)
	at com.kms.katalon.core.main.TestCaseExecutor.processExecutionPhase(TestCaseExecutor.java:307)
	at com.kms.katalon.core.main.TestCaseExecutor.accessMainPhase(TestCaseExecutor.java:299)
	at com.kms.katalon.core.main.TestCaseExecutor.execute(TestCaseExecutor.java:233)
	at com.kms.katalon.core.main.TestSuiteExecutor.accessTestCaseMainPhase(TestSuiteExecutor.java:169)
	at com.kms.katalon.core.main.TestSuiteExecutor.accessTestSuiteMainPhase(TestSuiteExecutor.java:142)
	at com.kms.katalon.core.main.TestSuiteExecutor.execute(TestSuiteExecutor.java:91)
	at com.kms.katalon.core.main.TestCaseMain.startTestSuite(TestCaseMain.java:157)
	at com.kms.katalon.core.main.TestCaseMain$startTestSuite$0.call(Unknown Source)
	at TempTestSuite1571720266263.run(TempTestSuite1571720266263.groovy:36)
)

2019-10-22 12:00:51 - [TEST_STEP][FAILED] - tap(findTestObject("Simulasi Kredit/Simulasi Kredit - Asuransi/Asuransi_Tipe Asuransi Int"), 0): Failed to tap on element 'Object Repository/Simulasi Kredit/Simulasi Kredit - Asuransi/Asuransi_Tipe Asuransi Int' (Root cause: com.kms.katalon.core.exception.StepFailedException: Object Object Repository/Simulasi Kredit/Simulasi Kredit - Asuransi/Asuransi_Tipe Asuransi Int not found
	at com.kms.katalon.core.keyword.internal.KeywordMain.stepFailed(KeywordMain.groovy:50)
	at com.kms.katalon.core.mobile.keyword.internal.MobileKeywordMain.stepFailed(MobileKeywordMain.groovy:40)
	at com.kms.katalon.core.mobile.keyword.builtin.TapKeyword$_tap_closure1.doCall(TapKeyword.groovy:79)
	at com.kms.katalon.core.mobile.keyword.builtin.TapKeyword$_tap_closure1.call(TapKeyword.groovy)
	at com.kms.katalon.core.mobile.keyword.internal.MobileKeywordMain.runKeyword(MobileKeywordMain.groovy:21)
	at com.kms.katalon.core.mobile.keyword.builtin.TapKeyword.tap(TapKeyword.groovy:86)
	at com.kms.katalon.core.mobile.keyword.builtin.TapKeyword.execute(TapKeyword.groovy:68)
	at com.kms.katalon.core.keyword.internal.KeywordExecutor.executeKeywordForPlatform(KeywordExecutor.groovy:60)
	at com.kms.katalon.core.mobile.keyword.MobileBuiltInKeywords.tap(MobileBuiltInKeywords.groovy:520)
	at com.kms.katalon.core.mobile.keyword.MobileBuiltInKeywords$tap$1.call(Unknown Source)
	at TC_Asuransi - MASTER FLOW.run(TC_Asuransi - MASTER FLOW:19)
	at com.kms.katalon.core.main.ScriptEngine.run(ScriptEngine.java:194)
	at com.kms.katalon.core.main.ScriptEngine.runScriptAsRawText(ScriptEngine.java:119)
	at com.kms.katalon.core.main.TestCaseExecutor.runScript(TestCaseExecutor.java:337)
	at com.kms.katalon.core.main.TestCaseExecutor.doExecute(TestCaseExecutor.java:328)
	at com.kms.katalon.core.main.TestCaseExecutor.processExecutionPhase(TestCaseExecutor.java:307)
	at com.kms.katalon.core.main.TestCaseExecutor.accessMainPhase(TestCaseExecutor.java:299)
	at com.kms.katalon.core.main.TestCaseExecutor.execute(TestCaseExecutor.java:233)
	at com.kms.katalon.core.main.TestCaseMain.runTestCase(TestCaseMain.java:114)
	at com.kms.katalon.core.keyword.builtin.CallTestCaseKeyword$_callTestCase_closure1.doCall(CallTestCaseKeyword.groovy:59)
	at com.kms.katalon.core.keyword.builtin.CallTestCaseKeyword$_callTestCase_closure1.call(CallTestCaseKeyword.groovy)
	at com.kms.katalon.core.keyword.internal.KeywordMain.runKeyword(KeywordMain.groovy:68)
	at com.kms.katalon.core.keyword.builtin.CallTestCaseKeyword.callTestCase(CallTestCaseKeyword.groovy:81)
	at com.kms.katalon.core.keyword.builtin.CallTestCaseKeyword.execute(CallTestCaseKeyword.groovy:44)
	at com.kms.katalon.core.keyword.internal.KeywordExecutor.executeKeywordForPlatform(KeywordExecutor.groovy:60)
	at com.kms.katalon.core.keyword.BuiltinKeywords.callTestCase(BuiltinKeywords.groovy:334)
	at TC_Data Entry.run(TC_Data Entry:28)
	at com.kms.katalon.core.main.ScriptEngine.run(ScriptEngine.java:194)
	at com.kms.katalon.core.main.ScriptEngine.runScriptAsRawText(ScriptEngine.java:119)
	at com.kms.katalon.core.main.TestCaseExecutor.runScript(TestCaseExecutor.java:337)
	at com.kms.katalon.core.main.TestCaseExecutor.doExecute(TestCaseExecutor.java:328)
	at com.kms.katalon.core.main.TestCaseExecutor.processExecutionPhase(TestCaseExecutor.java:307)
	at com.kms.katalon.core.main.TestCaseExecutor.accessMainPhase(TestCaseExecutor.java:299)
	at com.kms.katalon.core.main.TestCaseExecutor.execute(TestCaseExecutor.java:233)
	at com.kms.katalon.core.main.TestSuiteExecutor.accessTestCaseMainPhase(TestSuiteExecutor.java:169)
	at com.kms.katalon.core.main.TestSuiteExecutor.accessTestSuiteMainPhase(TestSuiteExecutor.java:142)
	at com.kms.katalon.core.main.TestSuiteExecutor.execute(TestSuiteExecutor.java:91)
	at com.kms.katalon.core.main.TestCaseMain.startTestSuite(TestCaseMain.java:157)
	at com.kms.katalon.core.main.TestCaseMain$startTestSuite$0.call(Unknown Source)
	at TempTestSuite1571720266263.run(TempTestSuite1571720266263.groovy:36)
)

2019-10-22 12:00:51 - [MESSAGE][WARNING] - Timeout '0' is invalid. Using default page load timeout: '30'

2019-10-22 12:01:23 - [MESSAGE][FAILED] - Object Object Repository/Simulasi Kredit/Simulasi Kredit - Asuransi/Asuransi_Tipe Asuransi Int not found
[[ATTACHMENT|C:\\Users\\15421\\git\\ACCMe-Mobile\\Reports\\20191022_115746\\New Test Suite\\20191022_115746\\1571720481652.png]]

2019-10-22 12:01:25 - [MESSAGE][FAILED] - Failed to tap on element 'Object Repository/Simulasi Kredit/Simulasi Kredit - Asuransi/Asuransi_Tipe Asuransi Int' (Root cause: com.kms.katalon.core.exception.StepFailedException: Object Object Repository/Simulasi Kredit/Simulasi Kredit - Asuransi/Asuransi_Tipe Asuransi Int not found
	at com.kms.katalon.core.keyword.internal.KeywordMain.stepFailed(KeywordMain.groovy:50)
	at com.kms.katalon.core.mobile.keyword.internal.MobileKeywordMain.stepFailed(MobileKeywordMain.groovy:40)
	at com.kms.katalon.core.mobile.keyword.builtin.TapKeyword$_tap_closure1.doCall(TapKeyword.groovy:79)
	at com.kms.katalon.core.mobile.keyword.builtin.TapKeyword$_tap_closure1.call(TapKeyword.groovy)
	at com.kms.katalon.core.mobile.keyword.internal.MobileKeywordMain.runKeyword(MobileKeywordMain.groovy:21)
	at com.kms.katalon.core.mobile.keyword.builtin.TapKeyword.tap(TapKeyword.groovy:86)
	at com.kms.katalon.core.mobile.keyword.builtin.TapKeyword.execute(TapKeyword.groovy:68)
	at com.kms.katalon.core.keyword.internal.KeywordExecutor.executeKeywordForPlatform(KeywordExecutor.groovy:60)
	at com.kms.katalon.core.mobile.keyword.MobileBuiltInKeywords.tap(MobileBuiltInKeywords.groovy:520)
	at com.kms.katalon.core.mobile.keyword.MobileBuiltInKeywords$tap$1.call(Unknown Source)
	at TC_Asuransi - MASTER FLOW.run(TC_Asuransi - MASTER FLOW:19)
	at com.kms.katalon.core.main.ScriptEngine.run(ScriptEngine.java:194)
	at com.kms.katalon.core.main.ScriptEngine.runScriptAsRawText(ScriptEngine.java:119)
	at com.kms.katalon.core.main.TestCaseExecutor.runScript(TestCaseExecutor.java:337)
	at com.kms.katalon.core.main.TestCaseExecutor.doExecute(TestCaseExecutor.java:328)
	at com.kms.katalon.core.main.TestCaseExecutor.processExecutionPhase(TestCaseExecutor.java:307)
	at com.kms.katalon.core.main.TestCaseExecutor.accessMainPhase(TestCaseExecutor.java:299)
	at com.kms.katalon.core.main.TestCaseExecutor.execute(TestCaseExecutor.java:233)
	at com.kms.katalon.core.main.TestCaseMain.runTestCase(TestCaseMain.java:114)
	at com.kms.katalon.core.keyword.builtin.CallTestCaseKeyword$_callTestCase_closure1.doCall(CallTestCaseKeyword.groovy:59)
	at com.kms.katalon.core.keyword.builtin.CallTestCaseKeyword$_callTestCase_closure1.call(CallTestCaseKeyword.groovy)
	at com.kms.katalon.core.keyword.internal.KeywordMain.runKeyword(KeywordMain.groovy:68)
	at com.kms.katalon.core.keyword.builtin.CallTestCaseKeyword.callTestCase(CallTestCaseKeyword.groovy:81)
	at com.kms.katalon.core.keyword.builtin.CallTestCaseKeyword.execute(CallTestCaseKeyword.groovy:44)
	at com.kms.katalon.core.keyword.internal.KeywordExecutor.executeKeywordForPlatform(KeywordExecutor.groovy:60)
	at com.kms.katalon.core.keyword.BuiltinKeywords.callTestCase(BuiltinKeywords.groovy:334)
	at TC_Data Entry.run(TC_Data Entry:28)
	at com.kms.katalon.core.main.ScriptEngine.run(ScriptEngine.java:194)
	at com.kms.katalon.core.main.ScriptEngine.runScriptAsRawText(ScriptEngine.java:119)
	at com.kms.katalon.core.main.TestCaseExecutor.runScript(TestCaseExecutor.java:337)
	at com.kms.katalon.core.main.TestCaseExecutor.doExecute(TestCaseExecutor.java:328)
	at com.kms.katalon.core.main.TestCaseExecutor.processExecutionPhase(TestCaseExecutor.java:307)
	at com.kms.katalon.core.main.TestCaseExecutor.accessMainPhase(TestCaseExecutor.java:299)
	at com.kms.katalon.core.main.TestCaseExecutor.execute(TestCaseExecutor.java:233)
	at com.kms.katalon.core.main.TestSuiteExecutor.accessTestCaseMainPhase(TestSuiteExecutor.java:169)
	at com.kms.katalon.core.main.TestSuiteExecutor.accessTestSuiteMainPhase(TestSuiteExecutor.java:142)
	at com.kms.katalon.core.main.TestSuiteExecutor.execute(TestSuiteExecutor.java:91)
	at com.kms.katalon.core.main.TestCaseMain.startTestSuite(TestCaseMain.java:157)
	at com.kms.katalon.core.main.TestCaseMain$startTestSuite$0.call(Unknown Source)
	at TempTestSuite1571720266263.run(TempTestSuite1571720266263.groovy:36)
)
[[ATTACHMENT|C:\\Users\\15421\\git\\ACCMe-Mobile\\Reports\\20191022_115746\\New Test Suite\\20191022_115746\\1571720483195.png]]

2019-10-22 12:01:25 - [MESSAGE][FAILED] - Unable to call Test Case 'Test Cases/Data Entry/Simulasi Kredit/Simulasi Kredit - Asuransi/MASTER FLOW/TC_Asuransi - MASTER FLOW' (Root cause: com.kms.katalon.core.exception.StepFailedException: Call Test Case 'Test Cases/Data Entry/Simulasi Kredit/Simulasi Kredit - Asuransi/MASTER FLOW/TC_Asuransi - MASTER FLOW' failed
	at com.kms.katalon.core.keyword.builtin.CallTestCaseKeyword$_callTestCase_closure1.doCall(CallTestCaseKeyword.groovy:63)
	at com.kms.katalon.core.keyword.builtin.CallTestCaseKeyword$_callTestCase_closure1.call(CallTestCaseKeyword.groovy)
	at com.kms.katalon.core.keyword.internal.KeywordMain.runKeyword(KeywordMain.groovy:68)
	at com.kms.katalon.core.keyword.builtin.CallTestCaseKeyword.callTestCase(CallTestCaseKeyword.groovy:81)
	at com.kms.katalon.core.keyword.builtin.CallTestCaseKeyword.execute(CallTestCaseKeyword.groovy:44)
	at com.kms.katalon.core.keyword.internal.KeywordExecutor.executeKeywordForPlatform(KeywordExecutor.groovy:60)
	at com.kms.katalon.core.keyword.BuiltinKeywords.callTestCase(BuiltinKeywords.groovy:334)
	at TC_Data Entry.run(TC_Data Entry:28)
	at com.kms.katalon.core.main.ScriptEngine.run(ScriptEngine.java:194)
	at com.kms.katalon.core.main.ScriptEngine.runScriptAsRawText(ScriptEngine.java:119)
	at com.kms.katalon.core.main.TestCaseExecutor.runScript(TestCaseExecutor.java:337)
	at com.kms.katalon.core.main.TestCaseExecutor.doExecute(TestCaseExecutor.java:328)
	at com.kms.katalon.core.main.TestCaseExecutor.processExecutionPhase(TestCaseExecutor.java:307)
	at com.kms.katalon.core.main.TestCaseExecutor.accessMainPhase(TestCaseExecutor.java:299)
	at com.kms.katalon.core.main.TestCaseExecutor.execute(TestCaseExecutor.java:233)
	at com.kms.katalon.core.main.TestSuiteExecutor.accessTestCaseMainPhase(TestSuiteExecutor.java:169)
	at com.kms.katalon.core.main.TestSuiteExecutor.accessTestSuiteMainPhase(TestSuiteExecutor.java:142)
	at com.kms.katalon.core.main.TestSuiteExecutor.execute(TestSuiteExecutor.java:91)
	at com.kms.katalon.core.main.TestCaseMain.startTestSuite(TestCaseMain.java:157)
	at com.kms.katalon.core.main.TestCaseMain$startTestSuite$0.call(Unknown Source)
	at TempTestSuite1571720266263.run(TempTestSuite1571720266263.groovy:36)
Caused by: com.kms.katalon.core.exception.StepFailedException: Object Object Repository/Simulasi Kredit/Simulasi Kredit - Asuransi/Asuransi_Tipe Asuransi Int not found
	at com.kms.katalon.core.keyword.internal.KeywordMain.stepFailed(KeywordMain.groovy:50)
	at com.kms.katalon.core.mobile.keyword.internal.MobileKeywordMain.stepFailed(MobileKeywordMain.groovy:40)
	at com.kms.katalon.core.mobile.keyword.builtin.TapKeyword$_tap_closure1.doCall(TapKeyword.groovy:79)
	at com.kms.katalon.core.mobile.keyword.builtin.TapKeyword$_tap_closure1.call(TapKeyword.groovy)
	at com.kms.katalon.core.mobile.keyword.internal.MobileKeywordMain.runKeyword(MobileKeywordMain.groovy:21)
	at com.kms.katalon.core.mobile.keyword.builtin.TapKeyword.tap(TapKeyword.groovy:86)
	at com.kms.katalon.core.mobile.keyword.builtin.TapKeyword.execute(TapKeyword.groovy:68)
	at com.kms.katalon.core.keyword.internal.KeywordExecutor.executeKeywordForPlatform(KeywordExecutor.groovy:60)
	at com.kms.katalon.core.mobile.keyword.MobileBuiltInKeywords.tap(MobileBuiltInKeywords.groovy:520)
	at com.kms.katalon.core.mobile.keyword.MobileBuiltInKeywords$tap$1.call(Unknown Source)
	at TC_Asuransi - MASTER FLOW.run(TC_Asuransi - MASTER FLOW:19)
	at com.kms.katalon.core.main.ScriptEngine.run(ScriptEngine.java:194)
	at com.kms.katalon.core.main.ScriptEngine.runScriptAsRawText(ScriptEngine.java:119)
	at com.kms.katalon.core.main.TestCaseExecutor.runScript(TestCaseExecutor.java:337)
	at com.kms.katalon.core.main.TestCaseExecutor.doExecute(TestCaseExecutor.java:328)
	at com.kms.katalon.core.main.TestCaseExecutor.processExecutionPhase(TestCaseExecutor.java:307)
	at com.kms.katalon.core.main.TestCaseExecutor.accessMainPhase(TestCaseExecutor.java:299)
	at com.kms.katalon.core.main.TestCaseExecutor.execute(TestCaseExecutor.java:233)
	at com.kms.katalon.core.main.TestCaseMain.runTestCase(TestCaseMain.java:114)
	at com.kms.katalon.core.keyword.builtin.CallTestCaseKeyword$_callTestCase_closure1.doCall(CallTestCaseKeyword.groovy:59)
	... 20 more
)

2019-10-22 12:01:25 - [TEST_STEP][PASSED] - Start listener action : sampleAfterTestCase: Close app successfully

2019-10-22 12:01:25 - [TEST_STEP][PASSED] - getDriver().quit(): null

2019-10-22 12:01:28 - [TEST_STEP][PASSED] - closeApplication(OPTIONAL): Close app successfully

2019-10-22 12:01:28 - [MESSAGE][PASSED] - Close app successfully]]></system-out>
         <system-err><![CDATA[2019-10-22 11:58:00 - [TEST_CASE][FAILED] - Test Cases/Data Entry/TC_Data Entry: Test Cases/Data Entry/TC_Data Entry FAILED.
Reason:
com.kms.katalon.core.exception.StepFailedException: Call Test Case 'Test Cases/Data Entry/Simulasi Kredit/Simulasi Kredit - Asuransi/MASTER FLOW/TC_Asuransi - MASTER FLOW' failed
	at com.kms.katalon.core.keyword.builtin.CallTestCaseKeyword$_callTestCase_closure1.doCall(CallTestCaseKeyword.groovy:63)
	at com.kms.katalon.core.keyword.builtin.CallTestCaseKeyword$_callTestCase_closure1.call(CallTestCaseKeyword.groovy)
	at com.kms.katalon.core.keyword.internal.KeywordMain.runKeyword(KeywordMain.groovy:68)
	at com.kms.katalon.core.keyword.builtin.CallTestCaseKeyword.callTestCase(CallTestCaseKeyword.groovy:81)
	at com.kms.katalon.core.keyword.builtin.CallTestCaseKeyword.execute(CallTestCaseKeyword.groovy:44)
	at com.kms.katalon.core.keyword.internal.KeywordExecutor.executeKeywordForPlatform(KeywordExecutor.groovy:60)
	at com.kms.katalon.core.keyword.BuiltinKeywords.callTestCase(BuiltinKeywords.groovy:334)
	at TC_Data Entry.run(TC_Data Entry:28)
	at com.kms.katalon.core.main.ScriptEngine.run(ScriptEngine.java:194)
	at com.kms.katalon.core.main.ScriptEngine.runScriptAsRawText(ScriptEngine.java:119)
	at com.kms.katalon.core.main.TestCaseExecutor.runScript(TestCaseExecutor.java:337)
	at com.kms.katalon.core.main.TestCaseExecutor.doExecute(TestCaseExecutor.java:328)
	at com.kms.katalon.core.main.TestCaseExecutor.processExecutionPhase(TestCaseExecutor.java:307)
	at com.kms.katalon.core.main.TestCaseExecutor.accessMainPhase(TestCaseExecutor.java:299)
	at com.kms.katalon.core.main.TestCaseExecutor.execute(TestCaseExecutor.java:233)
	at com.kms.katalon.core.main.TestSuiteExecutor.accessTestCaseMainPhase(TestSuiteExecutor.java:169)
	at com.kms.katalon.core.main.TestSuiteExecutor.accessTestSuiteMainPhase(TestSuiteExecutor.java:142)
	at com.kms.katalon.core.main.TestSuiteExecutor.execute(TestSuiteExecutor.java:91)
	at com.kms.katalon.core.main.TestCaseMain.startTestSuite(TestCaseMain.java:157)
	at com.kms.katalon.core.main.TestCaseMain$startTestSuite$0.call(Unknown Source)
	at TempTestSuite1571720266263.run(TempTestSuite1571720266263.groovy:36)
Caused by: com.kms.katalon.core.exception.StepFailedException: Object Object Repository/Simulasi Kredit/Simulasi Kredit - Asuransi/Asuransi_Tipe Asuransi Int not found
	at com.kms.katalon.core.keyword.internal.KeywordMain.stepFailed(KeywordMain.groovy:50)
	at com.kms.katalon.core.mobile.keyword.internal.MobileKeywordMain.stepFailed(MobileKeywordMain.groovy:40)
	at com.kms.katalon.core.mobile.keyword.builtin.TapKeyword$_tap_closure1.doCall(TapKeyword.groovy:79)
	at com.kms.katalon.core.mobile.keyword.builtin.TapKeyword$_tap_closure1.call(TapKeyword.groovy)
	at com.kms.katalon.core.mobile.keyword.internal.MobileKeywordMain.runKeyword(MobileKeywordMain.groovy:21)
	at com.kms.katalon.core.mobile.keyword.builtin.TapKeyword.tap(TapKeyword.groovy:86)
	at com.kms.katalon.core.mobile.keyword.builtin.TapKeyword.execute(TapKeyword.groovy:68)
	at com.kms.katalon.core.keyword.internal.KeywordExecutor.executeKeywordForPlatform(KeywordExecutor.groovy:60)
	at com.kms.katalon.core.mobile.keyword.MobileBuiltInKeywords.tap(MobileBuiltInKeywords.groovy:520)
	at com.kms.katalon.core.mobile.keyword.MobileBuiltInKeywords$tap$1.call(Unknown Source)
	at TC_Asuransi - MASTER FLOW.run(TC_Asuransi - MASTER FLOW:19)
	at com.kms.katalon.core.main.ScriptEngine.run(ScriptEngine.java:194)
	at com.kms.katalon.core.main.ScriptEngine.runScriptAsRawText(ScriptEngine.java:119)
	at com.kms.katalon.core.main.TestCaseExecutor.runScript(TestCaseExecutor.java:337)
	at com.kms.katalon.core.main.TestCaseExecutor.doExecute(TestCaseExecutor.java:328)
	at com.kms.katalon.core.main.TestCaseExecutor.processExecutionPhase(TestCaseExecutor.java:307)
	at com.kms.katalon.core.main.TestCaseExecutor.accessMainPhase(TestCaseExecutor.java:299)
	at com.kms.katalon.core.main.TestCaseExecutor.execute(TestCaseExecutor.java:233)
	at com.kms.katalon.core.main.TestCaseMain.runTestCase(TestCaseMain.java:114)
	at com.kms.katalon.core.keyword.builtin.CallTestCaseKeyword$_callTestCase_closure1.doCall(CallTestCaseKeyword.groovy:59)
	... 20 more]]></system-err>
      </testcase>
      <testcase name="Test Cases/Data Entry/TC_Data Entry" classname="Test Cases/Data Entry/TC_Data Entry" status="FAILED">
         <failure type="FAILED" message="Test Cases/Data Entry/TC_Data Entry FAILED.
Reason:
com.kms.katalon.core.exception.StepFailedException: Call Test Case 'Test Cases/Data Entry/Simulasi Kredit/Simulasi Kredit - Asuransi/MASTER FLOW/TC_Asuransi - MASTER FLOW' failed
	at com.kms.katalon.core.keyword.builtin.CallTestCaseKeyword$_callTestCase_closure1.doCall(CallTestCaseKeyword.groovy:63)
	at com.kms.katalon.core.keyword.builtin.CallTestCaseKeyword$_callTestCase_closure1.call(CallTestCaseKeyword.groovy)
	at com.kms.katalon.core.keyword.internal.KeywordMain.runKeyword(KeywordMain.groovy:68)
	at com.kms.katalon.core.keyword.builtin.CallTestCaseKeyword.callTestCase(CallTestCaseKeyword.groovy:81)
	at com.kms.katalon.core.keyword.builtin.CallTestCaseKeyword.execute(CallTestCaseKeyword.groovy:44)
	at com.kms.katalon.core.keyword.internal.KeywordExecutor.executeKeywordForPlatform(KeywordExecutor.groovy:60)
	at com.kms.katalon.core.keyword.BuiltinKeywords.callTestCase(BuiltinKeywords.groovy:334)
	at TC_Data Entry.run(TC_Data Entry:28)
	at com.kms.katalon.core.main.ScriptEngine.run(ScriptEngine.java:194)
	at com.kms.katalon.core.main.ScriptEngine.runScriptAsRawText(ScriptEngine.java:119)
	at com.kms.katalon.core.main.TestCaseExecutor.runScript(TestCaseExecutor.java:337)
	at com.kms.katalon.core.main.TestCaseExecutor.doExecute(TestCaseExecutor.java:328)
	at com.kms.katalon.core.main.TestCaseExecutor.processExecutionPhase(TestCaseExecutor.java:307)
	at com.kms.katalon.core.main.TestCaseExecutor.accessMainPhase(TestCaseExecutor.java:299)
	at com.kms.katalon.core.main.TestCaseExecutor.execute(TestCaseExecutor.java:233)
	at com.kms.katalon.core.main.TestSuiteExecutor.accessTestCaseMainPhase(TestSuiteExecutor.java:169)
	at com.kms.katalon.core.main.TestSuiteExecutor.accessTestSuiteMainPhase(TestSuiteExecutor.java:142)
	at com.kms.katalon.core.main.TestSuiteExecutor.execute(TestSuiteExecutor.java:91)
	at com.kms.katalon.core.main.TestCaseMain.startTestSuite(TestCaseMain.java:157)
	at com.kms.katalon.core.main.TestCaseMain$startTestSuite$0.call(Unknown Source)
	at TempTestSuite1571720266263.run(TempTestSuite1571720266263.groovy:36)
Caused by: com.kms.katalon.core.exception.StepFailedException: Object Object Repository/Simulasi Kredit/Simulasi Kredit - Asuransi/Asuransi_Tipe Asuransi Int not found
	at com.kms.katalon.core.keyword.internal.KeywordMain.stepFailed(KeywordMain.groovy:50)
	at com.kms.katalon.core.mobile.keyword.internal.MobileKeywordMain.stepFailed(MobileKeywordMain.groovy:40)
	at com.kms.katalon.core.mobile.keyword.builtin.TapKeyword$_tap_closure1.doCall(TapKeyword.groovy:79)
	at com.kms.katalon.core.mobile.keyword.builtin.TapKeyword$_tap_closure1.call(TapKeyword.groovy)
	at com.kms.katalon.core.mobile.keyword.internal.MobileKeywordMain.runKeyword(MobileKeywordMain.groovy:21)
	at com.kms.katalon.core.mobile.keyword.builtin.TapKeyword.tap(TapKeyword.groovy:86)
	at com.kms.katalon.core.mobile.keyword.builtin.TapKeyword.execute(TapKeyword.groovy:68)
	at com.kms.katalon.core.keyword.internal.KeywordExecutor.executeKeywordForPlatform(KeywordExecutor.groovy:60)
	at com.kms.katalon.core.mobile.keyword.MobileBuiltInKeywords.tap(MobileBuiltInKeywords.groovy:520)
	at com.kms.katalon.core.mobile.keyword.MobileBuiltInKeywords$tap$1.call(Unknown Source)
	at TC_Asuransi - MASTER FLOW.run(TC_Asuransi - MASTER FLOW:19)
	at com.kms.katalon.core.main.ScriptEngine.run(ScriptEngine.java:194)
	at com.kms.katalon.core.main.ScriptEngine.runScriptAsRawText(ScriptEngine.java:119)
	at com.kms.katalon.core.main.TestCaseExecutor.runScript(TestCaseExecutor.java:337)
	at com.kms.katalon.core.main.TestCaseExecutor.doExecute(TestCaseExecutor.java:328)
	at com.kms.katalon.core.main.TestCaseExecutor.processExecutionPhase(TestCaseExecutor.java:307)
	at com.kms.katalon.core.main.TestCaseExecutor.accessMainPhase(TestCaseExecutor.java:299)
	at com.kms.katalon.core.main.TestCaseExecutor.execute(TestCaseExecutor.java:233)
	at com.kms.katalon.core.main.TestCaseMain.runTestCase(TestCaseMain.java:114)
	at com.kms.katalon.core.keyword.builtin.CallTestCaseKeyword$_callTestCase_closure1.doCall(CallTestCaseKeyword.groovy:59)
	... 20 more
"/>
         <system-out><![CDATA[2019-10-22 12:01:34 - [TEST_CASE][FAILED] - Test Cases/Data Entry/TC_Data Entry: Test Cases/Data Entry/TC_Data Entry FAILED.
Reason:
com.kms.katalon.core.exception.StepFailedException: Call Test Case 'Test Cases/Data Entry/Simulasi Kredit/Simulasi Kredit - Asuransi/MASTER FLOW/TC_Asuransi - MASTER FLOW' failed
	at com.kms.katalon.core.keyword.builtin.CallTestCaseKeyword$_callTestCase_closure1.doCall(CallTestCaseKeyword.groovy:63)
	at com.kms.katalon.core.keyword.builtin.CallTestCaseKeyword$_callTestCase_closure1.call(CallTestCaseKeyword.groovy)
	at com.kms.katalon.core.keyword.internal.KeywordMain.runKeyword(KeywordMain.groovy:68)
	at com.kms.katalon.core.keyword.builtin.CallTestCaseKeyword.callTestCase(CallTestCaseKeyword.groovy:81)
	at com.kms.katalon.core.keyword.builtin.CallTestCaseKeyword.execute(CallTestCaseKeyword.groovy:44)
	at com.kms.katalon.core.keyword.internal.KeywordExecutor.executeKeywordForPlatform(KeywordExecutor.groovy:60)
	at com.kms.katalon.core.keyword.BuiltinKeywords.callTestCase(BuiltinKeywords.groovy:334)
	at TC_Data Entry.run(TC_Data Entry:28)
	at com.kms.katalon.core.main.ScriptEngine.run(ScriptEngine.java:194)
	at com.kms.katalon.core.main.ScriptEngine.runScriptAsRawText(ScriptEngine.java:119)
	at com.kms.katalon.core.main.TestCaseExecutor.runScript(TestCaseExecutor.java:337)
	at com.kms.katalon.core.main.TestCaseExecutor.doExecute(TestCaseExecutor.java:328)
	at com.kms.katalon.core.main.TestCaseExecutor.processExecutionPhase(TestCaseExecutor.java:307)
	at com.kms.katalon.core.main.TestCaseExecutor.accessMainPhase(TestCaseExecutor.java:299)
	at com.kms.katalon.core.main.TestCaseExecutor.execute(TestCaseExecutor.java:233)
	at com.kms.katalon.core.main.TestSuiteExecutor.accessTestCaseMainPhase(TestSuiteExecutor.java:169)
	at com.kms.katalon.core.main.TestSuiteExecutor.accessTestSuiteMainPhase(TestSuiteExecutor.java:142)
	at com.kms.katalon.core.main.TestSuiteExecutor.execute(TestSuiteExecutor.java:91)
	at com.kms.katalon.core.main.TestCaseMain.startTestSuite(TestCaseMain.java:157)
	at com.kms.katalon.core.main.TestCaseMain$startTestSuite$0.call(Unknown Source)
	at TempTestSuite1571720266263.run(TempTestSuite1571720266263.groovy:36)
Caused by: com.kms.katalon.core.exception.StepFailedException: Object Object Repository/Simulasi Kredit/Simulasi Kredit - Asuransi/Asuransi_Tipe Asuransi Int not found
	at com.kms.katalon.core.keyword.internal.KeywordMain.stepFailed(KeywordMain.groovy:50)
	at com.kms.katalon.core.mobile.keyword.internal.MobileKeywordMain.stepFailed(MobileKeywordMain.groovy:40)
	at com.kms.katalon.core.mobile.keyword.builtin.TapKeyword$_tap_closure1.doCall(TapKeyword.groovy:79)
	at com.kms.katalon.core.mobile.keyword.builtin.TapKeyword$_tap_closure1.call(TapKeyword.groovy)
	at com.kms.katalon.core.mobile.keyword.internal.MobileKeywordMain.runKeyword(MobileKeywordMain.groovy:21)
	at com.kms.katalon.core.mobile.keyword.builtin.TapKeyword.tap(TapKeyword.groovy:86)
	at com.kms.katalon.core.mobile.keyword.builtin.TapKeyword.execute(TapKeyword.groovy:68)
	at com.kms.katalon.core.keyword.internal.KeywordExecutor.executeKeywordForPlatform(KeywordExecutor.groovy:60)
	at com.kms.katalon.core.mobile.keyword.MobileBuiltInKeywords.tap(MobileBuiltInKeywords.groovy:520)
	at com.kms.katalon.core.mobile.keyword.MobileBuiltInKeywords$tap$1.call(Unknown Source)
	at TC_Asuransi - MASTER FLOW.run(TC_Asuransi - MASTER FLOW:19)
	at com.kms.katalon.core.main.ScriptEngine.run(ScriptEngine.java:194)
	at com.kms.katalon.core.main.ScriptEngine.runScriptAsRawText(ScriptEngine.java:119)
	at com.kms.katalon.core.main.TestCaseExecutor.runScript(TestCaseExecutor.java:337)
	at com.kms.katalon.core.main.TestCaseExecutor.doExecute(TestCaseExecutor.java:328)
	at com.kms.katalon.core.main.TestCaseExecutor.processExecutionPhase(TestCaseExecutor.java:307)
	at com.kms.katalon.core.main.TestCaseExecutor.accessMainPhase(TestCaseExecutor.java:299)
	at com.kms.katalon.core.main.TestCaseExecutor.execute(TestCaseExecutor.java:233)
	at com.kms.katalon.core.main.TestCaseMain.runTestCase(TestCaseMain.java:114)
	at com.kms.katalon.core.keyword.builtin.CallTestCaseKeyword$_callTestCase_closure1.doCall(CallTestCaseKeyword.groovy:59)
	... 20 more


2019-10-22 12:01:35 - [TEST_STEP][PASSED] - callTestCase(findTestCase("dynamic test case/open application"), [:], STOP_ON_FAILURE): Call Test Case 'Test Cases/dynamic test case/open application' successfully

2019-10-22 12:01:35 - [TEST_CASE][PASSED] - Test Cases/dynamic test case/open application: Test Cases/dynamic test case/open application

2019-10-22 12:01:35 - [TEST_STEP][PASSED] - appPath = relativeToAbsolutePath(apkname, getProjectDir()): null

2019-10-22 12:01:35 - [TEST_STEP][PASSED] - startApplication(appPath, false): Started app at: 'C:\Users\15421\git\ACCMe-Mobile\AccMe.apk'

2019-10-22 12:01:35 - [MESSAGE][INFO] - User set preference: ['unicodeKeyboard', 'true']

2019-10-22 12:01:35 - [MESSAGE][INFO] - User set preference: ['resetKeyboard', 'true']

2019-10-22 12:01:35 - [MESSAGE][INFO] - User set preference: ['appWaitActivity', 'com.*']

2019-10-22 12:01:35 - [MESSAGE][INFO] - User set preference: ['deviceId', '']

2019-10-22 12:01:46 - [MESSAGE][INFO] - Appium server started on port 58,551

2019-10-22 12:02:31 - [MESSAGE][PASSED] - Started app at: 'C:\Users\15421\git\ACCMe-Mobile\AccMe.apk'

2019-10-22 12:02:31 - [TEST_STEP][PASSED] - delay(20, STOP_ON_FAILURE): Delayed 20 second(s)

2019-10-22 12:02:51 - [MESSAGE][PASSED] - Delayed 20 second(s)

2019-10-22 12:02:51 - [MESSAGE][PASSED] - Call Test Case 'Test Cases/dynamic test case/open application' successfully

2019-10-22 12:02:51 - [TEST_STEP][PASSED] - callTestCase(findTestCase("Data Entry/Simulasi Kredit/Simulasi Kredit/MASTER FLOW/TC_Simulasi Kredit - MASTER FLOW"), ["varBrand":varBrand, "varType":varType, "varModel":varModel, "varTahun":varTahun, "varTenor":varTenor, "varOTR":varOTR, "varRP":varRP, ... ], OPTIONAL): Unable to call Test Case 'Test Cases/Data Entry/Simulasi Kredit/Simulasi Kredit/MASTER FLOW/TC_Simulasi Kredit - MASTER FLOW' (Root cause: com.kms.katalon.core.exception.StepFailedException: Call Test Case 'Test Cases/Data Entry/Simulasi Kredit/Simulasi Kredit/MASTER FLOW/TC_Simulasi Kredit - MASTER FLOW' failed
	at com.kms.katalon.core.keyword.builtin.CallTestCaseKeyword$_callTestCase_closure1.doCall(CallTestCaseKeyword.groovy:63)
	at com.kms.katalon.core.keyword.builtin.CallTestCaseKeyword$_callTestCase_closure1.call(CallTestCaseKeyword.groovy)
	at com.kms.katalon.core.keyword.internal.KeywordMain.runKeyword(KeywordMain.groovy:68)
	at com.kms.katalon.core.keyword.builtin.CallTestCaseKeyword.callTestCase(CallTestCaseKeyword.groovy:81)
	at com.kms.katalon.core.keyword.builtin.CallTestCaseKeyword.execute(CallTestCaseKeyword.groovy:44)
	at com.kms.katalon.core.keyword.internal.KeywordExecutor.executeKeywordForPlatform(KeywordExecutor.groovy:60)
	at com.kms.katalon.core.keyword.BuiltinKeywords.callTestCase(BuiltinKeywords.groovy:334)
	at TC_Data Entry.run(TC_Data Entry:21)
	at com.kms.katalon.core.main.ScriptEngine.run(ScriptEngine.java:194)
	at com.kms.katalon.core.main.ScriptEngine.runScriptAsRawText(ScriptEngine.java:119)
	at com.kms.katalon.core.main.TestCaseExecutor.runScript(TestCaseExecutor.java:337)
	at com.kms.katalon.core.main.TestCaseExecutor.doExecute(TestCaseExecutor.java:328)
	at com.kms.katalon.core.main.TestCaseExecutor.processExecutionPhase(TestCaseExecutor.java:307)
	at com.kms.katalon.core.main.TestCaseExecutor.accessMainPhase(TestCaseExecutor.java:299)
	at com.kms.katalon.core.main.TestCaseExecutor.execute(TestCaseExecutor.java:233)
	at com.kms.katalon.core.main.TestSuiteExecutor.accessTestCaseMainPhase(TestSuiteExecutor.java:169)
	at com.kms.katalon.core.main.TestSuiteExecutor.accessTestSuiteMainPhase(TestSuiteExecutor.java:142)
	at com.kms.katalon.core.main.TestSuiteExecutor.execute(TestSuiteExecutor.java:91)
	at com.kms.katalon.core.main.TestCaseMain.startTestSuite(TestCaseMain.java:157)
	at com.kms.katalon.core.main.TestCaseMain$startTestSuite$0.call(Unknown Source)
	at TempTestSuite1571720266263.run(TempTestSuite1571720266263.groovy:36)
Caused by: com.kms.katalon.core.exception.StepFailedException: Object Object Repository/Simulasi Kredit/Simulasi Kredit - Simulasi Kredit/SimulasiKredit_LOV Sales Dealer not found
	at com.kms.katalon.core.keyword.internal.KeywordMain.stepFailed(KeywordMain.groovy:50)
	at com.kms.katalon.core.mobile.keyword.internal.MobileKeywordMain.stepFailed(MobileKeywordMain.groovy:40)
	at com.kms.katalon.core.mobile.keyword.builtin.TapKeyword$_tap_closure1.doCall(TapKeyword.groovy:79)
	at com.kms.katalon.core.mobile.keyword.builtin.TapKeyword$_tap_closure1.call(TapKeyword.groovy)
	at com.kms.katalon.core.mobile.keyword.internal.MobileKeywordMain.runKeyword(MobileKeywordMain.groovy:21)
	at com.kms.katalon.core.mobile.keyword.builtin.TapKeyword.tap(TapKeyword.groovy:86)
	at com.kms.katalon.core.mobile.keyword.builtin.TapKeyword.execute(TapKeyword.groovy:68)
	at com.kms.katalon.core.keyword.internal.KeywordExecutor.executeKeywordForPlatform(KeywordExecutor.groovy:60)
	at com.kms.katalon.core.mobile.keyword.MobileBuiltInKeywords.tap(MobileBuiltInKeywords.groovy:520)
	at com.kms.katalon.core.mobile.keyword.MobileBuiltInKeywords$tap$1.call(Unknown Source)
	at TC_Simulasi Kredit - MASTER FLOW.run(TC_Simulasi Kredit - MASTER FLOW:129)
	at com.kms.katalon.core.main.ScriptEngine.run(ScriptEngine.java:194)
	at com.kms.katalon.core.main.ScriptEngine.runScriptAsRawText(ScriptEngine.java:119)
	at com.kms.katalon.core.main.TestCaseExecutor.runScript(TestCaseExecutor.java:337)
	at com.kms.katalon.core.main.TestCaseExecutor.doExecute(TestCaseExecutor.java:328)
	at com.kms.katalon.core.main.TestCaseExecutor.processExecutionPhase(TestCaseExecutor.java:307)
	at com.kms.katalon.core.main.TestCaseExecutor.accessMainPhase(TestCaseExecutor.java:299)
	at com.kms.katalon.core.main.TestCaseExecutor.execute(TestCaseExecutor.java:233)
	at com.kms.katalon.core.main.TestCaseMain.runTestCase(TestCaseMain.java:114)
	at com.kms.katalon.core.keyword.builtin.CallTestCaseKeyword$_callTestCase_closure1.doCall(CallTestCaseKeyword.groovy:59)
	... 20 more
)

2019-10-22 12:02:51 - [TEST_CASE][FAILED] - Test Cases/Data Entry/Simulasi Kredit/Simulasi Kredit/MASTER FLOW/TC_Simulasi Kredit - MASTER FLOW: Test Cases/Data Entry/Simulasi Kredit/Simulasi Kredit/MASTER FLOW/TC_Simulasi Kredit - MASTER FLOW FAILED.
Reason:
com.kms.katalon.core.exception.StepFailedException: Object Object Repository/Simulasi Kredit/Simulasi Kredit - Simulasi Kredit/SimulasiKredit_LOV Sales Dealer not found
	at com.kms.katalon.core.keyword.internal.KeywordMain.stepFailed(KeywordMain.groovy:50)
	at com.kms.katalon.core.mobile.keyword.internal.MobileKeywordMain.stepFailed(MobileKeywordMain.groovy:40)
	at com.kms.katalon.core.mobile.keyword.builtin.TapKeyword$_tap_closure1.doCall(TapKeyword.groovy:79)
	at com.kms.katalon.core.mobile.keyword.builtin.TapKeyword$_tap_closure1.call(TapKeyword.groovy)
	at com.kms.katalon.core.mobile.keyword.internal.MobileKeywordMain.runKeyword(MobileKeywordMain.groovy:21)
	at com.kms.katalon.core.mobile.keyword.builtin.TapKeyword.tap(TapKeyword.groovy:86)
	at com.kms.katalon.core.mobile.keyword.builtin.TapKeyword.execute(TapKeyword.groovy:68)
	at com.kms.katalon.core.keyword.internal.KeywordExecutor.executeKeywordForPlatform(KeywordExecutor.groovy:60)
	at com.kms.katalon.core.mobile.keyword.MobileBuiltInKeywords.tap(MobileBuiltInKeywords.groovy:520)
	at com.kms.katalon.core.mobile.keyword.MobileBuiltInKeywords$tap$1.call(Unknown Source)
	at TC_Simulasi Kredit - MASTER FLOW.run(TC_Simulasi Kredit - MASTER FLOW:129)
	at com.kms.katalon.core.main.ScriptEngine.run(ScriptEngine.java:194)
	at com.kms.katalon.core.main.ScriptEngine.runScriptAsRawText(ScriptEngine.java:119)
	at com.kms.katalon.core.main.TestCaseExecutor.runScript(TestCaseExecutor.java:337)
	at com.kms.katalon.core.main.TestCaseExecutor.doExecute(TestCaseExecutor.java:328)
	at com.kms.katalon.core.main.TestCaseExecutor.processExecutionPhase(TestCaseExecutor.java:307)
	at com.kms.katalon.core.main.TestCaseExecutor.accessMainPhase(TestCaseExecutor.java:299)
	at com.kms.katalon.core.main.TestCaseExecutor.execute(TestCaseExecutor.java:233)
	at com.kms.katalon.core.main.TestCaseMain.runTestCase(TestCaseMain.java:114)
	at com.kms.katalon.core.keyword.builtin.CallTestCaseKeyword$_callTestCase_closure1.doCall(CallTestCaseKeyword.groovy:59)
	at com.kms.katalon.core.keyword.builtin.CallTestCaseKeyword$_callTestCase_closure1.call(CallTestCaseKeyword.groovy)
	at com.kms.katalon.core.keyword.internal.KeywordMain.runKeyword(KeywordMain.groovy:68)
	at com.kms.katalon.core.keyword.builtin.CallTestCaseKeyword.callTestCase(CallTestCaseKeyword.groovy:81)
	at com.kms.katalon.core.keyword.builtin.CallTestCaseKeyword.execute(CallTestCaseKeyword.groovy:44)
	at com.kms.katalon.core.keyword.internal.KeywordExecutor.executeKeywordForPlatform(KeywordExecutor.groovy:60)
	at com.kms.katalon.core.keyword.BuiltinKeywords.callTestCase(BuiltinKeywords.groovy:334)
	at TC_Data Entry.run(TC_Data Entry:21)
	at com.kms.katalon.core.main.ScriptEngine.run(ScriptEngine.java:194)
	at com.kms.katalon.core.main.ScriptEngine.runScriptAsRawText(ScriptEngine.java:119)
	at com.kms.katalon.core.main.TestCaseExecutor.runScript(TestCaseExecutor.java:337)
	at com.kms.katalon.core.main.TestCaseExecutor.doExecute(TestCaseExecutor.java:328)
	at com.kms.katalon.core.main.TestCaseExecutor.processExecutionPhase(TestCaseExecutor.java:307)
	at com.kms.katalon.core.main.TestCaseExecutor.accessMainPhase(TestCaseExecutor.java:299)
	at com.kms.katalon.core.main.TestCaseExecutor.execute(TestCaseExecutor.java:233)
	at com.kms.katalon.core.main.TestSuiteExecutor.accessTestCaseMainPhase(TestSuiteExecutor.java:169)
	at com.kms.katalon.core.main.TestSuiteExecutor.accessTestSuiteMainPhase(TestSuiteExecutor.java:142)
	at com.kms.katalon.core.main.TestSuiteExecutor.execute(TestSuiteExecutor.java:91)
	at com.kms.katalon.core.main.TestCaseMain.startTestSuite(TestCaseMain.java:157)
	at com.kms.katalon.core.main.TestCaseMain$startTestSuite$0.call(Unknown Source)
	at TempTestSuite1571720266263.run(TempTestSuite1571720266263.groovy:36)


2019-10-22 12:02:51 - [TEST_STEP][PASSED] - verifyElementVisible(findTestObject("Simulasi Kredit/Simulasi Kredit - Simulasi Kredit/SimulasiKredit_Btn Simulasi Kredit"), 60, OPTIONAL): Element 'Object Repository/Simulasi Kredit/Simulasi Kredit - Simulasi Kredit/SimulasiKredit_Btn Simulasi Kredit' is visible

2019-10-22 12:02:54 - [MESSAGE][PASSED] - Element 'Object Repository/Simulasi Kredit/Simulasi Kredit - Simulasi Kredit/SimulasiKredit_Btn Simulasi Kredit' is visible

2019-10-22 12:02:54 - [TEST_STEP][PASSED] - tap(findTestObject("Simulasi Kredit/Simulasi Kredit - Simulasi Kredit/SimulasiKredit_Btn Simulasi Kredit"), 0): Tapped on element 'Object Repository/Simulasi Kredit/Simulasi Kredit - Simulasi Kredit/SimulasiKredit_Btn Simulasi Kredit'

2019-10-22 12:02:54 - [MESSAGE][WARNING] - Timeout '0' is invalid. Using default page load timeout: '30'

2019-10-22 12:02:56 - [MESSAGE][PASSED] - Tapped on element 'Object Repository/Simulasi Kredit/Simulasi Kredit - Simulasi Kredit/SimulasiKredit_Btn Simulasi Kredit'

2019-10-22 12:02:56 - [TEST_STEP][PASSED] - if (varPembiayaan == "NewCar"): Tapped on element 'Object Repository/Simulasi Kredit/Simulasi Kredit - Simulasi Kredit/SimulasiKredit_new car'

2019-10-22 12:02:56 - [TEST_STEP][PASSED] - tap(findTestObject("Simulasi Kredit/Simulasi Kredit - Simulasi Kredit/SimulasiKredit_new car"), 0): Tapped on element 'Object Repository/Simulasi Kredit/Simulasi Kredit - Simulasi Kredit/SimulasiKredit_new car'

2019-10-22 12:02:56 - [MESSAGE][WARNING] - Timeout '0' is invalid. Using default page load timeout: '30'

2019-10-22 12:03:00 - [MESSAGE][PASSED] - Tapped on element 'Object Repository/Simulasi Kredit/Simulasi Kredit - Simulasi Kredit/SimulasiKredit_new car'

2019-10-22 12:03:00 - [TEST_STEP][PASSED] - if (varTipePembiayaan == "syariah"): null

2019-10-22 12:03:00 - [TEST_STEP][PASSED] - else: Tapped on element 'Object Repository/Simulasi Kredit/Simulasi Kredit - Simulasi Kredit/SimulasiKredit_Konvensional'

2019-10-22 12:03:00 - [TEST_STEP][PASSED] - tap(findTestObject("Simulasi Kredit/Simulasi Kredit - Simulasi Kredit/SimulasiKredit_Konvensional"), 0): Tapped on element 'Object Repository/Simulasi Kredit/Simulasi Kredit - Simulasi Kredit/SimulasiKredit_Konvensional'

2019-10-22 12:03:00 - [MESSAGE][WARNING] - Timeout '0' is invalid. Using default page load timeout: '30'

2019-10-22 12:03:03 - [MESSAGE][PASSED] - Tapped on element 'Object Repository/Simulasi Kredit/Simulasi Kredit - Simulasi Kredit/SimulasiKredit_Konvensional'

2019-10-22 12:03:03 - [TEST_STEP][PASSED] - if (varPaket == "ya"): null

2019-10-22 12:03:03 - [TEST_STEP][PASSED] - setText(findTestObject("Simulasi Kredit/Simulasi Kredit - Simulasi Kredit/SimulasiKredit_Inp Brand"), varBrand, 0): Text 'TOYOTA' has been set to element 'Object Repository/Simulasi Kredit/Simulasi Kredit - Simulasi Kredit/SimulasiKredit_Inp Brand'

2019-10-22 12:03:03 - [MESSAGE][WARNING] - Timeout '0' is invalid. Using default page load timeout: '30'

2019-10-22 12:03:04 - [MESSAGE][PASSED] - Text 'TOYOTA' has been set to element 'Object Repository/Simulasi Kredit/Simulasi Kredit - Simulasi Kredit/SimulasiKredit_Inp Brand'

2019-10-22 12:03:04 - [TEST_STEP][PASSED] - tap(findTestObject("Simulasi Kredit/Simulasi Kredit - Simulasi Kredit/SimulasiKredit_Inp Brand"), 0): Tapped on element 'Object Repository/Simulasi Kredit/Simulasi Kredit - Simulasi Kredit/SimulasiKredit_Inp Brand'

2019-10-22 12:03:05 - [MESSAGE][WARNING] - Timeout '0' is invalid. Using default page load timeout: '30'

2019-10-22 12:03:08 - [MESSAGE][PASSED] - Tapped on element 'Object Repository/Simulasi Kredit/Simulasi Kredit - Simulasi Kredit/SimulasiKredit_Inp Brand'

2019-10-22 12:03:08 - [TEST_STEP][PASSED] - tap(findTestObject("Simulasi Kredit/Simulasi Kredit - Simulasi Kredit/Simulasi Kredit-LOVBrand"), 0): Tapped on element 'Object Repository/Simulasi Kredit/Simulasi Kredit - Simulasi Kredit/Simulasi Kredit-LOVBrand'

2019-10-22 12:03:08 - [MESSAGE][WARNING] - Timeout '0' is invalid. Using default page load timeout: '30'

2019-10-22 12:03:10 - [MESSAGE][PASSED] - Tapped on element 'Object Repository/Simulasi Kredit/Simulasi Kredit - Simulasi Kredit/Simulasi Kredit-LOVBrand'

2019-10-22 12:03:10 - [TEST_STEP][PASSED] - tap(findTestObject("Simulasi Kredit/Simulasi Kredit - Simulasi Kredit/SimulasiKredit_Inp Type"), 0): Tapped on element 'Object Repository/Simulasi Kredit/Simulasi Kredit - Simulasi Kredit/SimulasiKredit_Inp Type'

2019-10-22 12:03:11 - [MESSAGE][WARNING] - Timeout '0' is invalid. Using default page load timeout: '30'

2019-10-22 12:03:14 - [MESSAGE][PASSED] - Tapped on element 'Object Repository/Simulasi Kredit/Simulasi Kredit - Simulasi Kredit/SimulasiKredit_Inp Type'

2019-10-22 12:03:14 - [TEST_STEP][PASSED] - setText(findTestObject("Simulasi Kredit/Simulasi Kredit - Simulasi Kredit/SimulasiKredit_Inp Type"), varType, 0): Text 'AGYA' has been set to element 'Object Repository/Simulasi Kredit/Simulasi Kredit - Simulasi Kredit/SimulasiKredit_Inp Type'

2019-10-22 12:03:14 - [MESSAGE][WARNING] - Timeout '0' is invalid. Using default page load timeout: '30'

2019-10-22 12:03:18 - [MESSAGE][PASSED] - Text 'AGYA' has been set to element 'Object Repository/Simulasi Kredit/Simulasi Kredit - Simulasi Kredit/SimulasiKredit_Inp Type'

2019-10-22 12:03:18 - [TEST_STEP][PASSED] - delay(3): Delayed 3 second(s)

2019-10-22 12:03:21 - [MESSAGE][PASSED] - Delayed 3 second(s)

2019-10-22 12:03:21 - [TEST_STEP][PASSED] - tap(findTestObject("Simulasi Kredit/Simulasi Kredit - Simulasi Kredit/SimulasiKredit_Inp Type"), 0): Tapped on element 'Object Repository/Simulasi Kredit/Simulasi Kredit - Simulasi Kredit/SimulasiKredit_Inp Type'

2019-10-22 12:03:21 - [MESSAGE][WARNING] - Timeout '0' is invalid. Using default page load timeout: '30'

2019-10-22 12:03:23 - [MESSAGE][PASSED] - Tapped on element 'Object Repository/Simulasi Kredit/Simulasi Kredit - Simulasi Kredit/SimulasiKredit_Inp Type'

2019-10-22 12:03:23 - [TEST_STEP][PASSED] - tap(findTestObject("Simulasi Kredit/Simulasi Kredit - Simulasi Kredit/SimulasiKredit_Inp Type LOV"), 0): Tapped on element 'Object Repository/Simulasi Kredit/Simulasi Kredit - Simulasi Kredit/SimulasiKredit_Inp Type LOV'

2019-10-22 12:03:23 - [MESSAGE][WARNING] - Timeout '0' is invalid. Using default page load timeout: '30'

2019-10-22 12:03:27 - [MESSAGE][PASSED] - Tapped on element 'Object Repository/Simulasi Kredit/Simulasi Kredit - Simulasi Kredit/SimulasiKredit_Inp Type LOV'

2019-10-22 12:03:27 - [TEST_STEP][PASSED] - mobile.mobileSwipe.UpDown(0.8, 0.5, 1000): mobile.mobileSwipe.UpDown is PASSED

2019-10-22 12:03:28 - [MESSAGE][PASSED] - Current device physical height is 2131

2019-10-22 12:03:28 - [MESSAGE][INFO] - Device Height : 2131

2019-10-22 12:03:29 - [MESSAGE][PASSED] - Current device physical width is 1080

2019-10-22 12:03:29 - [MESSAGE][INFO] - Device Width : 1080

2019-10-22 12:03:29 - [MESSAGE][INFO] - Swipe start at Height : 1704

2019-10-22 12:03:29 - [MESSAGE][INFO] - Swipe end at Height : 1065

2019-10-22 12:03:29 - [MESSAGE][INFO] - X Position : 1000

2019-10-22 12:03:31 - [MESSAGE][PASSED] - Swiped from 1,000,1,704 to 1,000,1,065

2019-10-22 12:03:31 - [MESSAGE][PASSED] - mobile.mobileSwipe.UpDown is PASSED

2019-10-22 12:03:31 - [TEST_STEP][PASSED] - tap(findTestObject("Simulasi Kredit/Simulasi Kredit - Simulasi Kredit/SimulasiKredit_Inp Model"), 0): Tapped on element 'Object Repository/Simulasi Kredit/Simulasi Kredit - Simulasi Kredit/SimulasiKredit_Inp Model'

2019-10-22 12:03:31 - [MESSAGE][WARNING] - Timeout '0' is invalid. Using default page load timeout: '30'

2019-10-22 12:03:35 - [MESSAGE][PASSED] - Tapped on element 'Object Repository/Simulasi Kredit/Simulasi Kredit - Simulasi Kredit/SimulasiKredit_Inp Model'

2019-10-22 12:03:35 - [TEST_STEP][PASSED] - scrollToText(varModel, STOP_ON_FAILURE): Scrolling to text '1.0 G M/T - 001' successfully

2019-10-22 12:03:36 - [MESSAGE][PASSED] - Scrolling to text '1.0 G M/T - 001' successfully

2019-10-22 12:03:36 - [TEST_STEP][PASSED] - tap(findTestObject("dynamic object/pickListItem_checkedTextView", ["text":varModel]), 0): Tapped on element 'Object Repository/dynamic object/pickListItem_checkedTextView'

2019-10-22 12:03:37 - [MESSAGE][WARNING] - Timeout '0' is invalid. Using default page load timeout: '30'

2019-10-22 12:03:38 - [MESSAGE][PASSED] - Tapped on element 'Object Repository/dynamic object/pickListItem_checkedTextView'

2019-10-22 12:03:38 - [TEST_STEP][PASSED] - tap(findTestObject("Simulasi Kredit/Simulasi Kredit - Simulasi Kredit/SimulasiKredit_Tahun"), 0): Tapped on element 'Object Repository/Simulasi Kredit/Simulasi Kredit - Simulasi Kredit/SimulasiKredit_Tahun'

2019-10-22 12:03:38 - [MESSAGE][WARNING] - Timeout '0' is invalid. Using default page load timeout: '30'

2019-10-22 12:03:41 - [MESSAGE][PASSED] - Tapped on element 'Object Repository/Simulasi Kredit/Simulasi Kredit - Simulasi Kredit/SimulasiKredit_Tahun'

2019-10-22 12:03:41 - [TEST_STEP][PASSED] - tap(findTestObject("dynamic object/pickListItem_checkedTextView", ["text":varTahun]), 0): Tapped on element 'Object Repository/dynamic object/pickListItem_checkedTextView'

2019-10-22 12:03:41 - [MESSAGE][WARNING] - Timeout '0' is invalid. Using default page load timeout: '30'

2019-10-22 12:03:42 - [MESSAGE][PASSED] - Tapped on element 'Object Repository/dynamic object/pickListItem_checkedTextView'

2019-10-22 12:03:42 - [TEST_STEP][PASSED] - tap(findTestObject("Simulasi Kredit/Simulasi Kredit - Simulasi Kredit/SimulasiKredit_Tenor"), 0): Tapped on element 'Object Repository/Simulasi Kredit/Simulasi Kredit - Simulasi Kredit/SimulasiKredit_Tenor'

2019-10-22 12:03:43 - [MESSAGE][WARNING] - Timeout '0' is invalid. Using default page load timeout: '30'

2019-10-22 12:03:45 - [MESSAGE][PASSED] - Tapped on element 'Object Repository/Simulasi Kredit/Simulasi Kredit - Simulasi Kredit/SimulasiKredit_Tenor'

2019-10-22 12:03:45 - [TEST_STEP][PASSED] - tap(findTestObject("dynamic object/pickListItem_checkedTextView", ["text":varTenor]), 0): Tapped on element 'Object Repository/dynamic object/pickListItem_checkedTextView'

2019-10-22 12:03:45 - [MESSAGE][WARNING] - Timeout '0' is invalid. Using default page load timeout: '30'

2019-10-22 12:03:47 - [MESSAGE][PASSED] - Tapped on element 'Object Repository/dynamic object/pickListItem_checkedTextView'

2019-10-22 12:03:47 - [TEST_STEP][PASSED] - setText(findTestObject("Simulasi Kredit/Simulasi Kredit - Simulasi Kredit/SimulasiKredit_Inp OTR"), varOTR, 0): Text '200000000' has been set to element 'Object Repository/Simulasi Kredit/Simulasi Kredit - Simulasi Kredit/SimulasiKredit_Inp OTR'

2019-10-22 12:03:47 - [MESSAGE][WARNING] - Timeout '0' is invalid. Using default page load timeout: '30'

2019-10-22 12:03:49 - [MESSAGE][PASSED] - Text '200000000' has been set to element 'Object Repository/Simulasi Kredit/Simulasi Kredit - Simulasi Kredit/SimulasiKredit_Inp OTR'

2019-10-22 12:03:49 - [TEST_STEP][PASSED] - if (varADDMdanADDB == "ADDM"): null

2019-10-22 12:03:49 - [TEST_STEP][PASSED] - else: Tapped on element 'Object Repository/Simulasi Kredit/Simulasi Kredit - Simulasi Kredit/SimulasiKredit_Btn ADDB'

2019-10-22 12:03:49 - [TEST_STEP][PASSED] - tap(findTestObject("Simulasi Kredit/Simulasi Kredit - Simulasi Kredit/SimulasiKredit_Btn ADDB"), 0): Tapped on element 'Object Repository/Simulasi Kredit/Simulasi Kredit - Simulasi Kredit/SimulasiKredit_Btn ADDB'

2019-10-22 12:03:49 - [MESSAGE][WARNING] - Timeout '0' is invalid. Using default page load timeout: '30'

2019-10-22 12:03:52 - [MESSAGE][PASSED] - Tapped on element 'Object Repository/Simulasi Kredit/Simulasi Kredit - Simulasi Kredit/SimulasiKredit_Btn ADDB'

2019-10-22 12:03:52 - [TEST_STEP][PASSED] - setText(findTestObject("Simulasi Kredit/Simulasi Kredit - Simulasi Kredit/SimulasiKredit_Inp RP"), varRP, 0): Text '60000000' has been set to element 'Object Repository/Simulasi Kredit/Simulasi Kredit - Simulasi Kredit/SimulasiKredit_Inp RP'

2019-10-22 12:03:52 - [MESSAGE][WARNING] - Timeout '0' is invalid. Using default page load timeout: '30'

2019-10-22 12:03:55 - [MESSAGE][PASSED] - Text '60000000' has been set to element 'Object Repository/Simulasi Kredit/Simulasi Kredit - Simulasi Kredit/SimulasiKredit_Inp RP'

2019-10-22 12:03:55 - [TEST_STEP][PASSED] - if (varACP == "credit"): Tapped on element 'Object Repository/Simulasi Kredit/Simulasi Kredit - Simulasi Kredit/SimulasiKredit_Inp ACP Credit'

2019-10-22 12:03:55 - [TEST_STEP][PASSED] - tap(findTestObject("Simulasi Kredit/Simulasi Kredit - Simulasi Kredit/SimulasiKredit_Inp ACP Credit"), 0): Tapped on element 'Object Repository/Simulasi Kredit/Simulasi Kredit - Simulasi Kredit/SimulasiKredit_Inp ACP Credit'

2019-10-22 12:03:55 - [MESSAGE][WARNING] - Timeout '0' is invalid. Using default page load timeout: '30'

2019-10-22 12:03:58 - [MESSAGE][PASSED] - Tapped on element 'Object Repository/Simulasi Kredit/Simulasi Kredit - Simulasi Kredit/SimulasiKredit_Inp ACP Credit'

2019-10-22 12:03:58 - [TEST_STEP][PASSED] - mobile.mobileSwipe.UpDown(0.5, 0.2, 1000): mobile.mobileSwipe.UpDown is PASSED

2019-10-22 12:03:59 - [MESSAGE][PASSED] - Current device physical height is 2131

2019-10-22 12:03:59 - [MESSAGE][INFO] - Device Height : 2131

2019-10-22 12:04:00 - [MESSAGE][PASSED] - Current device physical width is 1080

2019-10-22 12:04:00 - [MESSAGE][INFO] - Device Width : 1080

2019-10-22 12:04:00 - [MESSAGE][INFO] - Swipe start at Height : 1065

2019-10-22 12:04:00 - [MESSAGE][INFO] - Swipe end at Height : 426

2019-10-22 12:04:00 - [MESSAGE][INFO] - X Position : 1000

2019-10-22 12:04:03 - [MESSAGE][PASSED] - Swiped from 1,000,1,065 to 1,000,426

2019-10-22 12:04:03 - [MESSAGE][PASSED] - mobile.mobileSwipe.UpDown is PASSED

2019-10-22 12:04:03 - [TEST_STEP][PASSED] - setText(findTestObject("Simulasi Kredit/Simulasi Kredit - Simulasi Kredit/SimulasiKredit_Inp Dealer"), varDealer, 0): Text 'AI TSO-JKT TEBET' has been set to element 'Object Repository/Simulasi Kredit/Simulasi Kredit - Simulasi Kredit/SimulasiKredit_Inp Dealer'

2019-10-22 12:04:03 - [MESSAGE][WARNING] - Timeout '0' is invalid. Using default page load timeout: '30'

2019-10-22 12:04:05 - [MESSAGE][PASSED] - Text 'AI TSO-JKT TEBET' has been set to element 'Object Repository/Simulasi Kredit/Simulasi Kredit - Simulasi Kredit/SimulasiKredit_Inp Dealer'

2019-10-22 12:04:05 - [TEST_STEP][PASSED] - tap(findTestObject("Simulasi Kredit/Simulasi Kredit - Simulasi Kredit/SimulasiKredit_Inp Dealer"), 0): Tapped on element 'Object Repository/Simulasi Kredit/Simulasi Kredit - Simulasi Kredit/SimulasiKredit_Inp Dealer'

2019-10-22 12:04:05 - [MESSAGE][WARNING] - Timeout '0' is invalid. Using default page load timeout: '30'

2019-10-22 12:04:08 - [MESSAGE][PASSED] - Tapped on element 'Object Repository/Simulasi Kredit/Simulasi Kredit - Simulasi Kredit/SimulasiKredit_Inp Dealer'

2019-10-22 12:04:08 - [TEST_STEP][PASSED] - clearText(findTestObject("Simulasi Kredit/Simulasi Kredit - Simulasi Kredit/SimulasiKredit_Inp Dealer"), 0): Element 'Object Repository/Simulasi Kredit/Simulasi Kredit - Simulasi Kredit/SimulasiKredit_Inp Dealer' text is cleared

2019-10-22 12:04:09 - [MESSAGE][WARNING] - Timeout '0' is invalid. Using default page load timeout: '30'

2019-10-22 12:04:11 - [MESSAGE][PASSED] - Element 'Object Repository/Simulasi Kredit/Simulasi Kredit - Simulasi Kredit/SimulasiKredit_Inp Dealer' text is cleared

2019-10-22 12:04:11 - [TEST_STEP][PASSED] - setText(findTestObject("Simulasi Kredit/Simulasi Kredit - Simulasi Kredit/SimulasiKredit_Inp Dealer"), varDealer, 0): Text 'AI TSO-JKT TEBET' has been set to element 'Object Repository/Simulasi Kredit/Simulasi Kredit - Simulasi Kredit/SimulasiKredit_Inp Dealer'

2019-10-22 12:04:12 - [MESSAGE][WARNING] - Timeout '0' is invalid. Using default page load timeout: '30'

2019-10-22 12:04:15 - [MESSAGE][PASSED] - Text 'AI TSO-JKT TEBET' has been set to element 'Object Repository/Simulasi Kredit/Simulasi Kredit - Simulasi Kredit/SimulasiKredit_Inp Dealer'

2019-10-22 12:04:15 - [TEST_STEP][PASSED] - delay(4, STOP_ON_FAILURE): Delayed 4 second(s)

2019-10-22 12:04:19 - [MESSAGE][PASSED] - Delayed 4 second(s)

2019-10-22 12:04:19 - [TEST_STEP][PASSED] - tap(findTestObject("Simulasi Kredit/Simulasi Kredit - Simulasi Kredit/SimulasiKredit_LOV Dealer"), 0): Tapped on element 'Object Repository/Simulasi Kredit/Simulasi Kredit - Simulasi Kredit/SimulasiKredit_LOV Dealer'

2019-10-22 12:04:19 - [MESSAGE][WARNING] - Timeout '0' is invalid. Using default page load timeout: '30'

2019-10-22 12:04:21 - [MESSAGE][PASSED] - Tapped on element 'Object Repository/Simulasi Kredit/Simulasi Kredit - Simulasi Kredit/SimulasiKredit_LOV Dealer'

2019-10-22 12:04:21 - [TEST_STEP][NOT_RUN] - setText(findTestObject("Simulasi Kredit/Simulasi Kredit - Simulasi Kredit/SimulasiKredit_Inp Sales Dealer"), varSales, 0): NOT_RUN: setText(findTestObject("Simulasi Kredit/Simulasi Kredit - Simulasi Kredit/SimulasiKredit_Inp Sales Dealer"), varSales, 0)

2019-10-22 12:04:21 - [MESSAGE][NOT_RUN] - NOT_RUN: setText(findTestObject("Simulasi Kredit/Simulasi Kredit - Simulasi Kredit/SimulasiKredit_Inp Sales Dealer"), varSales, 0)

2019-10-22 12:04:21 - [TEST_STEP][PASSED] - tap(findTestObject("Simulasi Kredit/Simulasi Kredit - Simulasi Kredit/SimulasiKredit_Inp Sales Dealer"), 0): Tapped on element 'Object Repository/Simulasi Kredit/Simulasi Kredit - Simulasi Kredit/SimulasiKredit_Inp Sales Dealer'

2019-10-22 12:04:21 - [MESSAGE][WARNING] - Timeout '0' is invalid. Using default page load timeout: '30'

2019-10-22 12:04:23 - [MESSAGE][PASSED] - Tapped on element 'Object Repository/Simulasi Kredit/Simulasi Kredit - Simulasi Kredit/SimulasiKredit_Inp Sales Dealer'

2019-10-22 12:04:23 - [TEST_STEP][FAILED] - tap(findTestObject("Simulasi Kredit/Simulasi Kredit - Simulasi Kredit/SimulasiKredit_LOV Sales Dealer"), 0): Failed to tap on element 'Object Repository/Simulasi Kredit/Simulasi Kredit - Simulasi Kredit/SimulasiKredit_LOV Sales Dealer' (Root cause: com.kms.katalon.core.exception.StepFailedException: Object Object Repository/Simulasi Kredit/Simulasi Kredit - Simulasi Kredit/SimulasiKredit_LOV Sales Dealer not found
	at com.kms.katalon.core.keyword.internal.KeywordMain.stepFailed(KeywordMain.groovy:50)
	at com.kms.katalon.core.mobile.keyword.internal.MobileKeywordMain.stepFailed(MobileKeywordMain.groovy:40)
	at com.kms.katalon.core.mobile.keyword.builtin.TapKeyword$_tap_closure1.doCall(TapKeyword.groovy:79)
	at com.kms.katalon.core.mobile.keyword.builtin.TapKeyword$_tap_closure1.call(TapKeyword.groovy)
	at com.kms.katalon.core.mobile.keyword.internal.MobileKeywordMain.runKeyword(MobileKeywordMain.groovy:21)
	at com.kms.katalon.core.mobile.keyword.builtin.TapKeyword.tap(TapKeyword.groovy:86)
	at com.kms.katalon.core.mobile.keyword.builtin.TapKeyword.execute(TapKeyword.groovy:68)
	at com.kms.katalon.core.keyword.internal.KeywordExecutor.executeKeywordForPlatform(KeywordExecutor.groovy:60)
	at com.kms.katalon.core.mobile.keyword.MobileBuiltInKeywords.tap(MobileBuiltInKeywords.groovy:520)
	at com.kms.katalon.core.mobile.keyword.MobileBuiltInKeywords$tap$1.call(Unknown Source)
	at TC_Simulasi Kredit - MASTER FLOW.run(TC_Simulasi Kredit - MASTER FLOW:129)
	at com.kms.katalon.core.main.ScriptEngine.run(ScriptEngine.java:194)
	at com.kms.katalon.core.main.ScriptEngine.runScriptAsRawText(ScriptEngine.java:119)
	at com.kms.katalon.core.main.TestCaseExecutor.runScript(TestCaseExecutor.java:337)
	at com.kms.katalon.core.main.TestCaseExecutor.doExecute(TestCaseExecutor.java:328)
	at com.kms.katalon.core.main.TestCaseExecutor.processExecutionPhase(TestCaseExecutor.java:307)
	at com.kms.katalon.core.main.TestCaseExecutor.accessMainPhase(TestCaseExecutor.java:299)
	at com.kms.katalon.core.main.TestCaseExecutor.execute(TestCaseExecutor.java:233)
	at com.kms.katalon.core.main.TestCaseMain.runTestCase(TestCaseMain.java:114)
	at com.kms.katalon.core.keyword.builtin.CallTestCaseKeyword$_callTestCase_closure1.doCall(CallTestCaseKeyword.groovy:59)
	at com.kms.katalon.core.keyword.builtin.CallTestCaseKeyword$_callTestCase_closure1.call(CallTestCaseKeyword.groovy)
	at com.kms.katalon.core.keyword.internal.KeywordMain.runKeyword(KeywordMain.groovy:68)
	at com.kms.katalon.core.keyword.builtin.CallTestCaseKeyword.callTestCase(CallTestCaseKeyword.groovy:81)
	at com.kms.katalon.core.keyword.builtin.CallTestCaseKeyword.execute(CallTestCaseKeyword.groovy:44)
	at com.kms.katalon.core.keyword.internal.KeywordExecutor.executeKeywordForPlatform(KeywordExecutor.groovy:60)
	at com.kms.katalon.core.keyword.BuiltinKeywords.callTestCase(BuiltinKeywords.groovy:334)
	at TC_Data Entry.run(TC_Data Entry:21)
	at com.kms.katalon.core.main.ScriptEngine.run(ScriptEngine.java:194)
	at com.kms.katalon.core.main.ScriptEngine.runScriptAsRawText(ScriptEngine.java:119)
	at com.kms.katalon.core.main.TestCaseExecutor.runScript(TestCaseExecutor.java:337)
	at com.kms.katalon.core.main.TestCaseExecutor.doExecute(TestCaseExecutor.java:328)
	at com.kms.katalon.core.main.TestCaseExecutor.processExecutionPhase(TestCaseExecutor.java:307)
	at com.kms.katalon.core.main.TestCaseExecutor.accessMainPhase(TestCaseExecutor.java:299)
	at com.kms.katalon.core.main.TestCaseExecutor.execute(TestCaseExecutor.java:233)
	at com.kms.katalon.core.main.TestSuiteExecutor.accessTestCaseMainPhase(TestSuiteExecutor.java:169)
	at com.kms.katalon.core.main.TestSuiteExecutor.accessTestSuiteMainPhase(TestSuiteExecutor.java:142)
	at com.kms.katalon.core.main.TestSuiteExecutor.execute(TestSuiteExecutor.java:91)
	at com.kms.katalon.core.main.TestCaseMain.startTestSuite(TestCaseMain.java:157)
	at com.kms.katalon.core.main.TestCaseMain$startTestSuite$0.call(Unknown Source)
	at TempTestSuite1571720266263.run(TempTestSuite1571720266263.groovy:36)
)

2019-10-22 12:04:23 - [MESSAGE][WARNING] - Timeout '0' is invalid. Using default page load timeout: '30'

2019-10-22 12:04:55 - [MESSAGE][FAILED] - Object Object Repository/Simulasi Kredit/Simulasi Kredit - Simulasi Kredit/SimulasiKredit_LOV Sales Dealer not found
[[ATTACHMENT|C:\\Users\\15421\\git\\ACCMe-Mobile\\Reports\\20191022_115746\\New Test Suite\\20191022_115746\\1571720693948.png]]

2019-10-22 12:04:57 - [MESSAGE][FAILED] - Failed to tap on element 'Object Repository/Simulasi Kredit/Simulasi Kredit - Simulasi Kredit/SimulasiKredit_LOV Sales Dealer' (Root cause: com.kms.katalon.core.exception.StepFailedException: Object Object Repository/Simulasi Kredit/Simulasi Kredit - Simulasi Kredit/SimulasiKredit_LOV Sales Dealer not found
	at com.kms.katalon.core.keyword.internal.KeywordMain.stepFailed(KeywordMain.groovy:50)
	at com.kms.katalon.core.mobile.keyword.internal.MobileKeywordMain.stepFailed(MobileKeywordMain.groovy:40)
	at com.kms.katalon.core.mobile.keyword.builtin.TapKeyword$_tap_closure1.doCall(TapKeyword.groovy:79)
	at com.kms.katalon.core.mobile.keyword.builtin.TapKeyword$_tap_closure1.call(TapKeyword.groovy)
	at com.kms.katalon.core.mobile.keyword.internal.MobileKeywordMain.runKeyword(MobileKeywordMain.groovy:21)
	at com.kms.katalon.core.mobile.keyword.builtin.TapKeyword.tap(TapKeyword.groovy:86)
	at com.kms.katalon.core.mobile.keyword.builtin.TapKeyword.execute(TapKeyword.groovy:68)
	at com.kms.katalon.core.keyword.internal.KeywordExecutor.executeKeywordForPlatform(KeywordExecutor.groovy:60)
	at com.kms.katalon.core.mobile.keyword.MobileBuiltInKeywords.tap(MobileBuiltInKeywords.groovy:520)
	at com.kms.katalon.core.mobile.keyword.MobileBuiltInKeywords$tap$1.call(Unknown Source)
	at TC_Simulasi Kredit - MASTER FLOW.run(TC_Simulasi Kredit - MASTER FLOW:129)
	at com.kms.katalon.core.main.ScriptEngine.run(ScriptEngine.java:194)
	at com.kms.katalon.core.main.ScriptEngine.runScriptAsRawText(ScriptEngine.java:119)
	at com.kms.katalon.core.main.TestCaseExecutor.runScript(TestCaseExecutor.java:337)
	at com.kms.katalon.core.main.TestCaseExecutor.doExecute(TestCaseExecutor.java:328)
	at com.kms.katalon.core.main.TestCaseExecutor.processExecutionPhase(TestCaseExecutor.java:307)
	at com.kms.katalon.core.main.TestCaseExecutor.accessMainPhase(TestCaseExecutor.java:299)
	at com.kms.katalon.core.main.TestCaseExecutor.execute(TestCaseExecutor.java:233)
	at com.kms.katalon.core.main.TestCaseMain.runTestCase(TestCaseMain.java:114)
	at com.kms.katalon.core.keyword.builtin.CallTestCaseKeyword$_callTestCase_closure1.doCall(CallTestCaseKeyword.groovy:59)
	at com.kms.katalon.core.keyword.builtin.CallTestCaseKeyword$_callTestCase_closure1.call(CallTestCaseKeyword.groovy)
	at com.kms.katalon.core.keyword.internal.KeywordMain.runKeyword(KeywordMain.groovy:68)
	at com.kms.katalon.core.keyword.builtin.CallTestCaseKeyword.callTestCase(CallTestCaseKeyword.groovy:81)
	at com.kms.katalon.core.keyword.builtin.CallTestCaseKeyword.execute(CallTestCaseKeyword.groovy:44)
	at com.kms.katalon.core.keyword.internal.KeywordExecutor.executeKeywordForPlatform(KeywordExecutor.groovy:60)
	at com.kms.katalon.core.keyword.BuiltinKeywords.callTestCase(BuiltinKeywords.groovy:334)
	at TC_Data Entry.run(TC_Data Entry:21)
	at com.kms.katalon.core.main.ScriptEngine.run(ScriptEngine.java:194)
	at com.kms.katalon.core.main.ScriptEngine.runScriptAsRawText(ScriptEngine.java:119)
	at com.kms.katalon.core.main.TestCaseExecutor.runScript(TestCaseExecutor.java:337)
	at com.kms.katalon.core.main.TestCaseExecutor.doExecute(TestCaseExecutor.java:328)
	at com.kms.katalon.core.main.TestCaseExecutor.processExecutionPhase(TestCaseExecutor.java:307)
	at com.kms.katalon.core.main.TestCaseExecutor.accessMainPhase(TestCaseExecutor.java:299)
	at com.kms.katalon.core.main.TestCaseExecutor.execute(TestCaseExecutor.java:233)
	at com.kms.katalon.core.main.TestSuiteExecutor.accessTestCaseMainPhase(TestSuiteExecutor.java:169)
	at com.kms.katalon.core.main.TestSuiteExecutor.accessTestSuiteMainPhase(TestSuiteExecutor.java:142)
	at com.kms.katalon.core.main.TestSuiteExecutor.execute(TestSuiteExecutor.java:91)
	at com.kms.katalon.core.main.TestCaseMain.startTestSuite(TestCaseMain.java:157)
	at com.kms.katalon.core.main.TestCaseMain$startTestSuite$0.call(Unknown Source)
	at TempTestSuite1571720266263.run(TempTestSuite1571720266263.groovy:36)
)
[[ATTACHMENT|C:\\Users\\15421\\git\\ACCMe-Mobile\\Reports\\20191022_115746\\New Test Suite\\20191022_115746\\1571720695735.png]]

2019-10-22 12:04:57 - [MESSAGE][WARNING] - Unable to call Test Case 'Test Cases/Data Entry/Simulasi Kredit/Simulasi Kredit/MASTER FLOW/TC_Simulasi Kredit - MASTER FLOW' (Root cause: com.kms.katalon.core.exception.StepFailedException: Call Test Case 'Test Cases/Data Entry/Simulasi Kredit/Simulasi Kredit/MASTER FLOW/TC_Simulasi Kredit - MASTER FLOW' failed
	at com.kms.katalon.core.keyword.builtin.CallTestCaseKeyword$_callTestCase_closure1.doCall(CallTestCaseKeyword.groovy:63)
	at com.kms.katalon.core.keyword.builtin.CallTestCaseKeyword$_callTestCase_closure1.call(CallTestCaseKeyword.groovy)
	at com.kms.katalon.core.keyword.internal.KeywordMain.runKeyword(KeywordMain.groovy:68)
	at com.kms.katalon.core.keyword.builtin.CallTestCaseKeyword.callTestCase(CallTestCaseKeyword.groovy:81)
	at com.kms.katalon.core.keyword.builtin.CallTestCaseKeyword.execute(CallTestCaseKeyword.groovy:44)
	at com.kms.katalon.core.keyword.internal.KeywordExecutor.executeKeywordForPlatform(KeywordExecutor.groovy:60)
	at com.kms.katalon.core.keyword.BuiltinKeywords.callTestCase(BuiltinKeywords.groovy:334)
	at TC_Data Entry.run(TC_Data Entry:21)
	at com.kms.katalon.core.main.ScriptEngine.run(ScriptEngine.java:194)
	at com.kms.katalon.core.main.ScriptEngine.runScriptAsRawText(ScriptEngine.java:119)
	at com.kms.katalon.core.main.TestCaseExecutor.runScript(TestCaseExecutor.java:337)
	at com.kms.katalon.core.main.TestCaseExecutor.doExecute(TestCaseExecutor.java:328)
	at com.kms.katalon.core.main.TestCaseExecutor.processExecutionPhase(TestCaseExecutor.java:307)
	at com.kms.katalon.core.main.TestCaseExecutor.accessMainPhase(TestCaseExecutor.java:299)
	at com.kms.katalon.core.main.TestCaseExecutor.execute(TestCaseExecutor.java:233)
	at com.kms.katalon.core.main.TestSuiteExecutor.accessTestCaseMainPhase(TestSuiteExecutor.java:169)
	at com.kms.katalon.core.main.TestSuiteExecutor.accessTestSuiteMainPhase(TestSuiteExecutor.java:142)
	at com.kms.katalon.core.main.TestSuiteExecutor.execute(TestSuiteExecutor.java:91)
	at com.kms.katalon.core.main.TestCaseMain.startTestSuite(TestCaseMain.java:157)
	at com.kms.katalon.core.main.TestCaseMain$startTestSuite$0.call(Unknown Source)
	at TempTestSuite1571720266263.run(TempTestSuite1571720266263.groovy:36)
Caused by: com.kms.katalon.core.exception.StepFailedException: Object Object Repository/Simulasi Kredit/Simulasi Kredit - Simulasi Kredit/SimulasiKredit_LOV Sales Dealer not found
	at com.kms.katalon.core.keyword.internal.KeywordMain.stepFailed(KeywordMain.groovy:50)
	at com.kms.katalon.core.mobile.keyword.internal.MobileKeywordMain.stepFailed(MobileKeywordMain.groovy:40)
	at com.kms.katalon.core.mobile.keyword.builtin.TapKeyword$_tap_closure1.doCall(TapKeyword.groovy:79)
	at com.kms.katalon.core.mobile.keyword.builtin.TapKeyword$_tap_closure1.call(TapKeyword.groovy)
	at com.kms.katalon.core.mobile.keyword.internal.MobileKeywordMain.runKeyword(MobileKeywordMain.groovy:21)
	at com.kms.katalon.core.mobile.keyword.builtin.TapKeyword.tap(TapKeyword.groovy:86)
	at com.kms.katalon.core.mobile.keyword.builtin.TapKeyword.execute(TapKeyword.groovy:68)
	at com.kms.katalon.core.keyword.internal.KeywordExecutor.executeKeywordForPlatform(KeywordExecutor.groovy:60)
	at com.kms.katalon.core.mobile.keyword.MobileBuiltInKeywords.tap(MobileBuiltInKeywords.groovy:520)
	at com.kms.katalon.core.mobile.keyword.MobileBuiltInKeywords$tap$1.call(Unknown Source)
	at TC_Simulasi Kredit - MASTER FLOW.run(TC_Simulasi Kredit - MASTER FLOW:129)
	at com.kms.katalon.core.main.ScriptEngine.run(ScriptEngine.java:194)
	at com.kms.katalon.core.main.ScriptEngine.runScriptAsRawText(ScriptEngine.java:119)
	at com.kms.katalon.core.main.TestCaseExecutor.runScript(TestCaseExecutor.java:337)
	at com.kms.katalon.core.main.TestCaseExecutor.doExecute(TestCaseExecutor.java:328)
	at com.kms.katalon.core.main.TestCaseExecutor.processExecutionPhase(TestCaseExecutor.java:307)
	at com.kms.katalon.core.main.TestCaseExecutor.accessMainPhase(TestCaseExecutor.java:299)
	at com.kms.katalon.core.main.TestCaseExecutor.execute(TestCaseExecutor.java:233)
	at com.kms.katalon.core.main.TestCaseMain.runTestCase(TestCaseMain.java:114)
	at com.kms.katalon.core.keyword.builtin.CallTestCaseKeyword$_callTestCase_closure1.doCall(CallTestCaseKeyword.groovy:59)
	... 20 more
)

2019-10-22 12:04:57 - [TEST_STEP][FAILED] - callTestCase(findTestCase("Data Entry/Simulasi Kredit/Simulasi Kredit - Asuransi/MASTER FLOW/TC_Asuransi - MASTER FLOW"), ["varAsuransi":varAsuransi, "varKodeWilayah":varKodeWilayah, "varTipeAsuransi":varTipeAsuransi, "varPenggunaanUnit":varPenggunaanUnit, ... ], STOP_ON_FAILURE): Unable to call Test Case 'Test Cases/Data Entry/Simulasi Kredit/Simulasi Kredit - Asuransi/MASTER FLOW/TC_Asuransi - MASTER FLOW' (Root cause: com.kms.katalon.core.exception.StepFailedException: Call Test Case 'Test Cases/Data Entry/Simulasi Kredit/Simulasi Kredit - Asuransi/MASTER FLOW/TC_Asuransi - MASTER FLOW' failed
	at com.kms.katalon.core.keyword.builtin.CallTestCaseKeyword$_callTestCase_closure1.doCall(CallTestCaseKeyword.groovy:63)
	at com.kms.katalon.core.keyword.builtin.CallTestCaseKeyword$_callTestCase_closure1.call(CallTestCaseKeyword.groovy)
	at com.kms.katalon.core.keyword.internal.KeywordMain.runKeyword(KeywordMain.groovy:68)
	at com.kms.katalon.core.keyword.builtin.CallTestCaseKeyword.callTestCase(CallTestCaseKeyword.groovy:81)
	at com.kms.katalon.core.keyword.builtin.CallTestCaseKeyword.execute(CallTestCaseKeyword.groovy:44)
	at com.kms.katalon.core.keyword.internal.KeywordExecutor.executeKeywordForPlatform(KeywordExecutor.groovy:60)
	at com.kms.katalon.core.keyword.BuiltinKeywords.callTestCase(BuiltinKeywords.groovy:334)
	at TC_Data Entry.run(TC_Data Entry:28)
	at com.kms.katalon.core.main.ScriptEngine.run(ScriptEngine.java:194)
	at com.kms.katalon.core.main.ScriptEngine.runScriptAsRawText(ScriptEngine.java:119)
	at com.kms.katalon.core.main.TestCaseExecutor.runScript(TestCaseExecutor.java:337)
	at com.kms.katalon.core.main.TestCaseExecutor.doExecute(TestCaseExecutor.java:328)
	at com.kms.katalon.core.main.TestCaseExecutor.processExecutionPhase(TestCaseExecutor.java:307)
	at com.kms.katalon.core.main.TestCaseExecutor.accessMainPhase(TestCaseExecutor.java:299)
	at com.kms.katalon.core.main.TestCaseExecutor.execute(TestCaseExecutor.java:233)
	at com.kms.katalon.core.main.TestSuiteExecutor.accessTestCaseMainPhase(TestSuiteExecutor.java:169)
	at com.kms.katalon.core.main.TestSuiteExecutor.accessTestSuiteMainPhase(TestSuiteExecutor.java:142)
	at com.kms.katalon.core.main.TestSuiteExecutor.execute(TestSuiteExecutor.java:91)
	at com.kms.katalon.core.main.TestCaseMain.startTestSuite(TestCaseMain.java:157)
	at com.kms.katalon.core.main.TestCaseMain$startTestSuite$0.call(Unknown Source)
	at TempTestSuite1571720266263.run(TempTestSuite1571720266263.groovy:36)
Caused by: com.kms.katalon.core.exception.StepFailedException: Object Object Repository/Simulasi Kredit/Simulasi Kredit - Asuransi/Asuransi_Tipe Asuransi Int not found
	at com.kms.katalon.core.keyword.internal.KeywordMain.stepFailed(KeywordMain.groovy:50)
	at com.kms.katalon.core.mobile.keyword.internal.MobileKeywordMain.stepFailed(MobileKeywordMain.groovy:40)
	at com.kms.katalon.core.mobile.keyword.builtin.TapKeyword$_tap_closure1.doCall(TapKeyword.groovy:79)
	at com.kms.katalon.core.mobile.keyword.builtin.TapKeyword$_tap_closure1.call(TapKeyword.groovy)
	at com.kms.katalon.core.mobile.keyword.internal.MobileKeywordMain.runKeyword(MobileKeywordMain.groovy:21)
	at com.kms.katalon.core.mobile.keyword.builtin.TapKeyword.tap(TapKeyword.groovy:86)
	at com.kms.katalon.core.mobile.keyword.builtin.TapKeyword.execute(TapKeyword.groovy:68)
	at com.kms.katalon.core.keyword.internal.KeywordExecutor.executeKeywordForPlatform(KeywordExecutor.groovy:60)
	at com.kms.katalon.core.mobile.keyword.MobileBuiltInKeywords.tap(MobileBuiltInKeywords.groovy:520)
	at com.kms.katalon.core.mobile.keyword.MobileBuiltInKeywords$tap$1.call(Unknown Source)
	at TC_Asuransi - MASTER FLOW.run(TC_Asuransi - MASTER FLOW:19)
	at com.kms.katalon.core.main.ScriptEngine.run(ScriptEngine.java:194)
	at com.kms.katalon.core.main.ScriptEngine.runScriptAsRawText(ScriptEngine.java:119)
	at com.kms.katalon.core.main.TestCaseExecutor.runScript(TestCaseExecutor.java:337)
	at com.kms.katalon.core.main.TestCaseExecutor.doExecute(TestCaseExecutor.java:328)
	at com.kms.katalon.core.main.TestCaseExecutor.processExecutionPhase(TestCaseExecutor.java:307)
	at com.kms.katalon.core.main.TestCaseExecutor.accessMainPhase(TestCaseExecutor.java:299)
	at com.kms.katalon.core.main.TestCaseExecutor.execute(TestCaseExecutor.java:233)
	at com.kms.katalon.core.main.TestCaseMain.runTestCase(TestCaseMain.java:114)
	at com.kms.katalon.core.keyword.builtin.CallTestCaseKeyword$_callTestCase_closure1.doCall(CallTestCaseKeyword.groovy:59)
	... 20 more
)

2019-10-22 12:04:57 - [TEST_CASE][FAILED] - Test Cases/Data Entry/Simulasi Kredit/Simulasi Kredit - Asuransi/MASTER FLOW/TC_Asuransi - MASTER FLOW: Test Cases/Data Entry/Simulasi Kredit/Simulasi Kredit - Asuransi/MASTER FLOW/TC_Asuransi - MASTER FLOW FAILED.
Reason:
com.kms.katalon.core.exception.StepFailedException: Object Object Repository/Simulasi Kredit/Simulasi Kredit - Asuransi/Asuransi_Tipe Asuransi Int not found
	at com.kms.katalon.core.keyword.internal.KeywordMain.stepFailed(KeywordMain.groovy:50)
	at com.kms.katalon.core.mobile.keyword.internal.MobileKeywordMain.stepFailed(MobileKeywordMain.groovy:40)
	at com.kms.katalon.core.mobile.keyword.builtin.TapKeyword$_tap_closure1.doCall(TapKeyword.groovy:79)
	at com.kms.katalon.core.mobile.keyword.builtin.TapKeyword$_tap_closure1.call(TapKeyword.groovy)
	at com.kms.katalon.core.mobile.keyword.internal.MobileKeywordMain.runKeyword(MobileKeywordMain.groovy:21)
	at com.kms.katalon.core.mobile.keyword.builtin.TapKeyword.tap(TapKeyword.groovy:86)
	at com.kms.katalon.core.mobile.keyword.builtin.TapKeyword.execute(TapKeyword.groovy:68)
	at com.kms.katalon.core.keyword.internal.KeywordExecutor.executeKeywordForPlatform(KeywordExecutor.groovy:60)
	at com.kms.katalon.core.mobile.keyword.MobileBuiltInKeywords.tap(MobileBuiltInKeywords.groovy:520)
	at com.kms.katalon.core.mobile.keyword.MobileBuiltInKeywords$tap$1.call(Unknown Source)
	at TC_Asuransi - MASTER FLOW.run(TC_Asuransi - MASTER FLOW:19)
	at com.kms.katalon.core.main.ScriptEngine.run(ScriptEngine.java:194)
	at com.kms.katalon.core.main.ScriptEngine.runScriptAsRawText(ScriptEngine.java:119)
	at com.kms.katalon.core.main.TestCaseExecutor.runScript(TestCaseExecutor.java:337)
	at com.kms.katalon.core.main.TestCaseExecutor.doExecute(TestCaseExecutor.java:328)
	at com.kms.katalon.core.main.TestCaseExecutor.processExecutionPhase(TestCaseExecutor.java:307)
	at com.kms.katalon.core.main.TestCaseExecutor.accessMainPhase(TestCaseExecutor.java:299)
	at com.kms.katalon.core.main.TestCaseExecutor.execute(TestCaseExecutor.java:233)
	at com.kms.katalon.core.main.TestCaseMain.runTestCase(TestCaseMain.java:114)
	at com.kms.katalon.core.keyword.builtin.CallTestCaseKeyword$_callTestCase_closure1.doCall(CallTestCaseKeyword.groovy:59)
	at com.kms.katalon.core.keyword.builtin.CallTestCaseKeyword$_callTestCase_closure1.call(CallTestCaseKeyword.groovy)
	at com.kms.katalon.core.keyword.internal.KeywordMain.runKeyword(KeywordMain.groovy:68)
	at com.kms.katalon.core.keyword.builtin.CallTestCaseKeyword.callTestCase(CallTestCaseKeyword.groovy:81)
	at com.kms.katalon.core.keyword.builtin.CallTestCaseKeyword.execute(CallTestCaseKeyword.groovy:44)
	at com.kms.katalon.core.keyword.internal.KeywordExecutor.executeKeywordForPlatform(KeywordExecutor.groovy:60)
	at com.kms.katalon.core.keyword.BuiltinKeywords.callTestCase(BuiltinKeywords.groovy:334)
	at TC_Data Entry.run(TC_Data Entry:28)
	at com.kms.katalon.core.main.ScriptEngine.run(ScriptEngine.java:194)
	at com.kms.katalon.core.main.ScriptEngine.runScriptAsRawText(ScriptEngine.java:119)
	at com.kms.katalon.core.main.TestCaseExecutor.runScript(TestCaseExecutor.java:337)
	at com.kms.katalon.core.main.TestCaseExecutor.doExecute(TestCaseExecutor.java:328)
	at com.kms.katalon.core.main.TestCaseExecutor.processExecutionPhase(TestCaseExecutor.java:307)
	at com.kms.katalon.core.main.TestCaseExecutor.accessMainPhase(TestCaseExecutor.java:299)
	at com.kms.katalon.core.main.TestCaseExecutor.execute(TestCaseExecutor.java:233)
	at com.kms.katalon.core.main.TestSuiteExecutor.accessTestCaseMainPhase(TestSuiteExecutor.java:169)
	at com.kms.katalon.core.main.TestSuiteExecutor.accessTestSuiteMainPhase(TestSuiteExecutor.java:142)
	at com.kms.katalon.core.main.TestSuiteExecutor.execute(TestSuiteExecutor.java:91)
	at com.kms.katalon.core.main.TestCaseMain.startTestSuite(TestCaseMain.java:157)
	at com.kms.katalon.core.main.TestCaseMain$startTestSuite$0.call(Unknown Source)
	at TempTestSuite1571720266263.run(TempTestSuite1571720266263.groovy:36)


2019-10-22 12:04:57 - [TEST_STEP][PASSED] - delay(2, STOP_ON_FAILURE): Delayed 2 second(s)

2019-10-22 12:04:59 - [MESSAGE][PASSED] - Delayed 2 second(s)

2019-10-22 12:04:59 - [TEST_STEP][FAILED] - if (varTipeAsuransi == "int"): Failed to tap on element 'Object Repository/Simulasi Kredit/Simulasi Kredit - Asuransi/Asuransi_Tipe Asuransi Int' (Root cause: com.kms.katalon.core.exception.StepFailedException: Object Object Repository/Simulasi Kredit/Simulasi Kredit - Asuransi/Asuransi_Tipe Asuransi Int not found
	at com.kms.katalon.core.keyword.internal.KeywordMain.stepFailed(KeywordMain.groovy:50)
	at com.kms.katalon.core.mobile.keyword.internal.MobileKeywordMain.stepFailed(MobileKeywordMain.groovy:40)
	at com.kms.katalon.core.mobile.keyword.builtin.TapKeyword$_tap_closure1.doCall(TapKeyword.groovy:79)
	at com.kms.katalon.core.mobile.keyword.builtin.TapKeyword$_tap_closure1.call(TapKeyword.groovy)
	at com.kms.katalon.core.mobile.keyword.internal.MobileKeywordMain.runKeyword(MobileKeywordMain.groovy:21)
	at com.kms.katalon.core.mobile.keyword.builtin.TapKeyword.tap(TapKeyword.groovy:86)
	at com.kms.katalon.core.mobile.keyword.builtin.TapKeyword.execute(TapKeyword.groovy:68)
	at com.kms.katalon.core.keyword.internal.KeywordExecutor.executeKeywordForPlatform(KeywordExecutor.groovy:60)
	at com.kms.katalon.core.mobile.keyword.MobileBuiltInKeywords.tap(MobileBuiltInKeywords.groovy:520)
	at com.kms.katalon.core.mobile.keyword.MobileBuiltInKeywords$tap$1.call(Unknown Source)
	at TC_Asuransi - MASTER FLOW.run(TC_Asuransi - MASTER FLOW:19)
	at com.kms.katalon.core.main.ScriptEngine.run(ScriptEngine.java:194)
	at com.kms.katalon.core.main.ScriptEngine.runScriptAsRawText(ScriptEngine.java:119)
	at com.kms.katalon.core.main.TestCaseExecutor.runScript(TestCaseExecutor.java:337)
	at com.kms.katalon.core.main.TestCaseExecutor.doExecute(TestCaseExecutor.java:328)
	at com.kms.katalon.core.main.TestCaseExecutor.processExecutionPhase(TestCaseExecutor.java:307)
	at com.kms.katalon.core.main.TestCaseExecutor.accessMainPhase(TestCaseExecutor.java:299)
	at com.kms.katalon.core.main.TestCaseExecutor.execute(TestCaseExecutor.java:233)
	at com.kms.katalon.core.main.TestCaseMain.runTestCase(TestCaseMain.java:114)
	at com.kms.katalon.core.keyword.builtin.CallTestCaseKeyword$_callTestCase_closure1.doCall(CallTestCaseKeyword.groovy:59)
	at com.kms.katalon.core.keyword.builtin.CallTestCaseKeyword$_callTestCase_closure1.call(CallTestCaseKeyword.groovy)
	at com.kms.katalon.core.keyword.internal.KeywordMain.runKeyword(KeywordMain.groovy:68)
	at com.kms.katalon.core.keyword.builtin.CallTestCaseKeyword.callTestCase(CallTestCaseKeyword.groovy:81)
	at com.kms.katalon.core.keyword.builtin.CallTestCaseKeyword.execute(CallTestCaseKeyword.groovy:44)
	at com.kms.katalon.core.keyword.internal.KeywordExecutor.executeKeywordForPlatform(KeywordExecutor.groovy:60)
	at com.kms.katalon.core.keyword.BuiltinKeywords.callTestCase(BuiltinKeywords.groovy:334)
	at TC_Data Entry.run(TC_Data Entry:28)
	at com.kms.katalon.core.main.ScriptEngine.run(ScriptEngine.java:194)
	at com.kms.katalon.core.main.ScriptEngine.runScriptAsRawText(ScriptEngine.java:119)
	at com.kms.katalon.core.main.TestCaseExecutor.runScript(TestCaseExecutor.java:337)
	at com.kms.katalon.core.main.TestCaseExecutor.doExecute(TestCaseExecutor.java:328)
	at com.kms.katalon.core.main.TestCaseExecutor.processExecutionPhase(TestCaseExecutor.java:307)
	at com.kms.katalon.core.main.TestCaseExecutor.accessMainPhase(TestCaseExecutor.java:299)
	at com.kms.katalon.core.main.TestCaseExecutor.execute(TestCaseExecutor.java:233)
	at com.kms.katalon.core.main.TestSuiteExecutor.accessTestCaseMainPhase(TestSuiteExecutor.java:169)
	at com.kms.katalon.core.main.TestSuiteExecutor.accessTestSuiteMainPhase(TestSuiteExecutor.java:142)
	at com.kms.katalon.core.main.TestSuiteExecutor.execute(TestSuiteExecutor.java:91)
	at com.kms.katalon.core.main.TestCaseMain.startTestSuite(TestCaseMain.java:157)
	at com.kms.katalon.core.main.TestCaseMain$startTestSuite$0.call(Unknown Source)
	at TempTestSuite1571720266263.run(TempTestSuite1571720266263.groovy:36)
)

2019-10-22 12:04:59 - [TEST_STEP][FAILED] - tap(findTestObject("Simulasi Kredit/Simulasi Kredit - Asuransi/Asuransi_Tipe Asuransi Int"), 0): Failed to tap on element 'Object Repository/Simulasi Kredit/Simulasi Kredit - Asuransi/Asuransi_Tipe Asuransi Int' (Root cause: com.kms.katalon.core.exception.StepFailedException: Object Object Repository/Simulasi Kredit/Simulasi Kredit - Asuransi/Asuransi_Tipe Asuransi Int not found
	at com.kms.katalon.core.keyword.internal.KeywordMain.stepFailed(KeywordMain.groovy:50)
	at com.kms.katalon.core.mobile.keyword.internal.MobileKeywordMain.stepFailed(MobileKeywordMain.groovy:40)
	at com.kms.katalon.core.mobile.keyword.builtin.TapKeyword$_tap_closure1.doCall(TapKeyword.groovy:79)
	at com.kms.katalon.core.mobile.keyword.builtin.TapKeyword$_tap_closure1.call(TapKeyword.groovy)
	at com.kms.katalon.core.mobile.keyword.internal.MobileKeywordMain.runKeyword(MobileKeywordMain.groovy:21)
	at com.kms.katalon.core.mobile.keyword.builtin.TapKeyword.tap(TapKeyword.groovy:86)
	at com.kms.katalon.core.mobile.keyword.builtin.TapKeyword.execute(TapKeyword.groovy:68)
	at com.kms.katalon.core.keyword.internal.KeywordExecutor.executeKeywordForPlatform(KeywordExecutor.groovy:60)
	at com.kms.katalon.core.mobile.keyword.MobileBuiltInKeywords.tap(MobileBuiltInKeywords.groovy:520)
	at com.kms.katalon.core.mobile.keyword.MobileBuiltInKeywords$tap$1.call(Unknown Source)
	at TC_Asuransi - MASTER FLOW.run(TC_Asuransi - MASTER FLOW:19)
	at com.kms.katalon.core.main.ScriptEngine.run(ScriptEngine.java:194)
	at com.kms.katalon.core.main.ScriptEngine.runScriptAsRawText(ScriptEngine.java:119)
	at com.kms.katalon.core.main.TestCaseExecutor.runScript(TestCaseExecutor.java:337)
	at com.kms.katalon.core.main.TestCaseExecutor.doExecute(TestCaseExecutor.java:328)
	at com.kms.katalon.core.main.TestCaseExecutor.processExecutionPhase(TestCaseExecutor.java:307)
	at com.kms.katalon.core.main.TestCaseExecutor.accessMainPhase(TestCaseExecutor.java:299)
	at com.kms.katalon.core.main.TestCaseExecutor.execute(TestCaseExecutor.java:233)
	at com.kms.katalon.core.main.TestCaseMain.runTestCase(TestCaseMain.java:114)
	at com.kms.katalon.core.keyword.builtin.CallTestCaseKeyword$_callTestCase_closure1.doCall(CallTestCaseKeyword.groovy:59)
	at com.kms.katalon.core.keyword.builtin.CallTestCaseKeyword$_callTestCase_closure1.call(CallTestCaseKeyword.groovy)
	at com.kms.katalon.core.keyword.internal.KeywordMain.runKeyword(KeywordMain.groovy:68)
	at com.kms.katalon.core.keyword.builtin.CallTestCaseKeyword.callTestCase(CallTestCaseKeyword.groovy:81)
	at com.kms.katalon.core.keyword.builtin.CallTestCaseKeyword.execute(CallTestCaseKeyword.groovy:44)
	at com.kms.katalon.core.keyword.internal.KeywordExecutor.executeKeywordForPlatform(KeywordExecutor.groovy:60)
	at com.kms.katalon.core.keyword.BuiltinKeywords.callTestCase(BuiltinKeywords.groovy:334)
	at TC_Data Entry.run(TC_Data Entry:28)
	at com.kms.katalon.core.main.ScriptEngine.run(ScriptEngine.java:194)
	at com.kms.katalon.core.main.ScriptEngine.runScriptAsRawText(ScriptEngine.java:119)
	at com.kms.katalon.core.main.TestCaseExecutor.runScript(TestCaseExecutor.java:337)
	at com.kms.katalon.core.main.TestCaseExecutor.doExecute(TestCaseExecutor.java:328)
	at com.kms.katalon.core.main.TestCaseExecutor.processExecutionPhase(TestCaseExecutor.java:307)
	at com.kms.katalon.core.main.TestCaseExecutor.accessMainPhase(TestCaseExecutor.java:299)
	at com.kms.katalon.core.main.TestCaseExecutor.execute(TestCaseExecutor.java:233)
	at com.kms.katalon.core.main.TestSuiteExecutor.accessTestCaseMainPhase(TestSuiteExecutor.java:169)
	at com.kms.katalon.core.main.TestSuiteExecutor.accessTestSuiteMainPhase(TestSuiteExecutor.java:142)
	at com.kms.katalon.core.main.TestSuiteExecutor.execute(TestSuiteExecutor.java:91)
	at com.kms.katalon.core.main.TestCaseMain.startTestSuite(TestCaseMain.java:157)
	at com.kms.katalon.core.main.TestCaseMain$startTestSuite$0.call(Unknown Source)
	at TempTestSuite1571720266263.run(TempTestSuite1571720266263.groovy:36)
)

2019-10-22 12:04:59 - [MESSAGE][WARNING] - Timeout '0' is invalid. Using default page load timeout: '30'

2019-10-22 12:05:31 - [MESSAGE][FAILED] - Object Object Repository/Simulasi Kredit/Simulasi Kredit - Asuransi/Asuransi_Tipe Asuransi Int not found
[[ATTACHMENT|C:\\Users\\15421\\git\\ACCMe-Mobile\\Reports\\20191022_115746\\New Test Suite\\20191022_115746\\1571720729817.png]]

2019-10-22 12:05:33 - [MESSAGE][FAILED] - Failed to tap on element 'Object Repository/Simulasi Kredit/Simulasi Kredit - Asuransi/Asuransi_Tipe Asuransi Int' (Root cause: com.kms.katalon.core.exception.StepFailedException: Object Object Repository/Simulasi Kredit/Simulasi Kredit - Asuransi/Asuransi_Tipe Asuransi Int not found
	at com.kms.katalon.core.keyword.internal.KeywordMain.stepFailed(KeywordMain.groovy:50)
	at com.kms.katalon.core.mobile.keyword.internal.MobileKeywordMain.stepFailed(MobileKeywordMain.groovy:40)
	at com.kms.katalon.core.mobile.keyword.builtin.TapKeyword$_tap_closure1.doCall(TapKeyword.groovy:79)
	at com.kms.katalon.core.mobile.keyword.builtin.TapKeyword$_tap_closure1.call(TapKeyword.groovy)
	at com.kms.katalon.core.mobile.keyword.internal.MobileKeywordMain.runKeyword(MobileKeywordMain.groovy:21)
	at com.kms.katalon.core.mobile.keyword.builtin.TapKeyword.tap(TapKeyword.groovy:86)
	at com.kms.katalon.core.mobile.keyword.builtin.TapKeyword.execute(TapKeyword.groovy:68)
	at com.kms.katalon.core.keyword.internal.KeywordExecutor.executeKeywordForPlatform(KeywordExecutor.groovy:60)
	at com.kms.katalon.core.mobile.keyword.MobileBuiltInKeywords.tap(MobileBuiltInKeywords.groovy:520)
	at com.kms.katalon.core.mobile.keyword.MobileBuiltInKeywords$tap$1.call(Unknown Source)
	at TC_Asuransi - MASTER FLOW.run(TC_Asuransi - MASTER FLOW:19)
	at com.kms.katalon.core.main.ScriptEngine.run(ScriptEngine.java:194)
	at com.kms.katalon.core.main.ScriptEngine.runScriptAsRawText(ScriptEngine.java:119)
	at com.kms.katalon.core.main.TestCaseExecutor.runScript(TestCaseExecutor.java:337)
	at com.kms.katalon.core.main.TestCaseExecutor.doExecute(TestCaseExecutor.java:328)
	at com.kms.katalon.core.main.TestCaseExecutor.processExecutionPhase(TestCaseExecutor.java:307)
	at com.kms.katalon.core.main.TestCaseExecutor.accessMainPhase(TestCaseExecutor.java:299)
	at com.kms.katalon.core.main.TestCaseExecutor.execute(TestCaseExecutor.java:233)
	at com.kms.katalon.core.main.TestCaseMain.runTestCase(TestCaseMain.java:114)
	at com.kms.katalon.core.keyword.builtin.CallTestCaseKeyword$_callTestCase_closure1.doCall(CallTestCaseKeyword.groovy:59)
	at com.kms.katalon.core.keyword.builtin.CallTestCaseKeyword$_callTestCase_closure1.call(CallTestCaseKeyword.groovy)
	at com.kms.katalon.core.keyword.internal.KeywordMain.runKeyword(KeywordMain.groovy:68)
	at com.kms.katalon.core.keyword.builtin.CallTestCaseKeyword.callTestCase(CallTestCaseKeyword.groovy:81)
	at com.kms.katalon.core.keyword.builtin.CallTestCaseKeyword.execute(CallTestCaseKeyword.groovy:44)
	at com.kms.katalon.core.keyword.internal.KeywordExecutor.executeKeywordForPlatform(KeywordExecutor.groovy:60)
	at com.kms.katalon.core.keyword.BuiltinKeywords.callTestCase(BuiltinKeywords.groovy:334)
	at TC_Data Entry.run(TC_Data Entry:28)
	at com.kms.katalon.core.main.ScriptEngine.run(ScriptEngine.java:194)
	at com.kms.katalon.core.main.ScriptEngine.runScriptAsRawText(ScriptEngine.java:119)
	at com.kms.katalon.core.main.TestCaseExecutor.runScript(TestCaseExecutor.java:337)
	at com.kms.katalon.core.main.TestCaseExecutor.doExecute(TestCaseExecutor.java:328)
	at com.kms.katalon.core.main.TestCaseExecutor.processExecutionPhase(TestCaseExecutor.java:307)
	at com.kms.katalon.core.main.TestCaseExecutor.accessMainPhase(TestCaseExecutor.java:299)
	at com.kms.katalon.core.main.TestCaseExecutor.execute(TestCaseExecutor.java:233)
	at com.kms.katalon.core.main.TestSuiteExecutor.accessTestCaseMainPhase(TestSuiteExecutor.java:169)
	at com.kms.katalon.core.main.TestSuiteExecutor.accessTestSuiteMainPhase(TestSuiteExecutor.java:142)
	at com.kms.katalon.core.main.TestSuiteExecutor.execute(TestSuiteExecutor.java:91)
	at com.kms.katalon.core.main.TestCaseMain.startTestSuite(TestCaseMain.java:157)
	at com.kms.katalon.core.main.TestCaseMain$startTestSuite$0.call(Unknown Source)
	at TempTestSuite1571720266263.run(TempTestSuite1571720266263.groovy:36)
)
[[ATTACHMENT|C:\\Users\\15421\\git\\ACCMe-Mobile\\Reports\\20191022_115746\\New Test Suite\\20191022_115746\\1571720731791.png]]

2019-10-22 12:05:33 - [MESSAGE][FAILED] - Unable to call Test Case 'Test Cases/Data Entry/Simulasi Kredit/Simulasi Kredit - Asuransi/MASTER FLOW/TC_Asuransi - MASTER FLOW' (Root cause: com.kms.katalon.core.exception.StepFailedException: Call Test Case 'Test Cases/Data Entry/Simulasi Kredit/Simulasi Kredit - Asuransi/MASTER FLOW/TC_Asuransi - MASTER FLOW' failed
	at com.kms.katalon.core.keyword.builtin.CallTestCaseKeyword$_callTestCase_closure1.doCall(CallTestCaseKeyword.groovy:63)
	at com.kms.katalon.core.keyword.builtin.CallTestCaseKeyword$_callTestCase_closure1.call(CallTestCaseKeyword.groovy)
	at com.kms.katalon.core.keyword.internal.KeywordMain.runKeyword(KeywordMain.groovy:68)
	at com.kms.katalon.core.keyword.builtin.CallTestCaseKeyword.callTestCase(CallTestCaseKeyword.groovy:81)
	at com.kms.katalon.core.keyword.builtin.CallTestCaseKeyword.execute(CallTestCaseKeyword.groovy:44)
	at com.kms.katalon.core.keyword.internal.KeywordExecutor.executeKeywordForPlatform(KeywordExecutor.groovy:60)
	at com.kms.katalon.core.keyword.BuiltinKeywords.callTestCase(BuiltinKeywords.groovy:334)
	at TC_Data Entry.run(TC_Data Entry:28)
	at com.kms.katalon.core.main.ScriptEngine.run(ScriptEngine.java:194)
	at com.kms.katalon.core.main.ScriptEngine.runScriptAsRawText(ScriptEngine.java:119)
	at com.kms.katalon.core.main.TestCaseExecutor.runScript(TestCaseExecutor.java:337)
	at com.kms.katalon.core.main.TestCaseExecutor.doExecute(TestCaseExecutor.java:328)
	at com.kms.katalon.core.main.TestCaseExecutor.processExecutionPhase(TestCaseExecutor.java:307)
	at com.kms.katalon.core.main.TestCaseExecutor.accessMainPhase(TestCaseExecutor.java:299)
	at com.kms.katalon.core.main.TestCaseExecutor.execute(TestCaseExecutor.java:233)
	at com.kms.katalon.core.main.TestSuiteExecutor.accessTestCaseMainPhase(TestSuiteExecutor.java:169)
	at com.kms.katalon.core.main.TestSuiteExecutor.accessTestSuiteMainPhase(TestSuiteExecutor.java:142)
	at com.kms.katalon.core.main.TestSuiteExecutor.execute(TestSuiteExecutor.java:91)
	at com.kms.katalon.core.main.TestCaseMain.startTestSuite(TestCaseMain.java:157)
	at com.kms.katalon.core.main.TestCaseMain$startTestSuite$0.call(Unknown Source)
	at TempTestSuite1571720266263.run(TempTestSuite1571720266263.groovy:36)
Caused by: com.kms.katalon.core.exception.StepFailedException: Object Object Repository/Simulasi Kredit/Simulasi Kredit - Asuransi/Asuransi_Tipe Asuransi Int not found
	at com.kms.katalon.core.keyword.internal.KeywordMain.stepFailed(KeywordMain.groovy:50)
	at com.kms.katalon.core.mobile.keyword.internal.MobileKeywordMain.stepFailed(MobileKeywordMain.groovy:40)
	at com.kms.katalon.core.mobile.keyword.builtin.TapKeyword$_tap_closure1.doCall(TapKeyword.groovy:79)
	at com.kms.katalon.core.mobile.keyword.builtin.TapKeyword$_tap_closure1.call(TapKeyword.groovy)
	at com.kms.katalon.core.mobile.keyword.internal.MobileKeywordMain.runKeyword(MobileKeywordMain.groovy:21)
	at com.kms.katalon.core.mobile.keyword.builtin.TapKeyword.tap(TapKeyword.groovy:86)
	at com.kms.katalon.core.mobile.keyword.builtin.TapKeyword.execute(TapKeyword.groovy:68)
	at com.kms.katalon.core.keyword.internal.KeywordExecutor.executeKeywordForPlatform(KeywordExecutor.groovy:60)
	at com.kms.katalon.core.mobile.keyword.MobileBuiltInKeywords.tap(MobileBuiltInKeywords.groovy:520)
	at com.kms.katalon.core.mobile.keyword.MobileBuiltInKeywords$tap$1.call(Unknown Source)
	at TC_Asuransi - MASTER FLOW.run(TC_Asuransi - MASTER FLOW:19)
	at com.kms.katalon.core.main.ScriptEngine.run(ScriptEngine.java:194)
	at com.kms.katalon.core.main.ScriptEngine.runScriptAsRawText(ScriptEngine.java:119)
	at com.kms.katalon.core.main.TestCaseExecutor.runScript(TestCaseExecutor.java:337)
	at com.kms.katalon.core.main.TestCaseExecutor.doExecute(TestCaseExecutor.java:328)
	at com.kms.katalon.core.main.TestCaseExecutor.processExecutionPhase(TestCaseExecutor.java:307)
	at com.kms.katalon.core.main.TestCaseExecutor.accessMainPhase(TestCaseExecutor.java:299)
	at com.kms.katalon.core.main.TestCaseExecutor.execute(TestCaseExecutor.java:233)
	at com.kms.katalon.core.main.TestCaseMain.runTestCase(TestCaseMain.java:114)
	at com.kms.katalon.core.keyword.builtin.CallTestCaseKeyword$_callTestCase_closure1.doCall(CallTestCaseKeyword.groovy:59)
	... 20 more
)

2019-10-22 12:05:33 - [TEST_STEP][PASSED] - Start listener action : sampleAfterTestCase: Close app successfully

2019-10-22 12:05:33 - [TEST_STEP][PASSED] - getDriver().quit(): null

2019-10-22 12:05:37 - [TEST_STEP][PASSED] - closeApplication(OPTIONAL): Close app successfully

2019-10-22 12:05:37 - [MESSAGE][PASSED] - Close app successfully]]></system-out>
         <system-err><![CDATA[2019-10-22 12:01:34 - [TEST_CASE][FAILED] - Test Cases/Data Entry/TC_Data Entry: Test Cases/Data Entry/TC_Data Entry FAILED.
Reason:
com.kms.katalon.core.exception.StepFailedException: Call Test Case 'Test Cases/Data Entry/Simulasi Kredit/Simulasi Kredit - Asuransi/MASTER FLOW/TC_Asuransi - MASTER FLOW' failed
	at com.kms.katalon.core.keyword.builtin.CallTestCaseKeyword$_callTestCase_closure1.doCall(CallTestCaseKeyword.groovy:63)
	at com.kms.katalon.core.keyword.builtin.CallTestCaseKeyword$_callTestCase_closure1.call(CallTestCaseKeyword.groovy)
	at com.kms.katalon.core.keyword.internal.KeywordMain.runKeyword(KeywordMain.groovy:68)
	at com.kms.katalon.core.keyword.builtin.CallTestCaseKeyword.callTestCase(CallTestCaseKeyword.groovy:81)
	at com.kms.katalon.core.keyword.builtin.CallTestCaseKeyword.execute(CallTestCaseKeyword.groovy:44)
	at com.kms.katalon.core.keyword.internal.KeywordExecutor.executeKeywordForPlatform(KeywordExecutor.groovy:60)
	at com.kms.katalon.core.keyword.BuiltinKeywords.callTestCase(BuiltinKeywords.groovy:334)
	at TC_Data Entry.run(TC_Data Entry:28)
	at com.kms.katalon.core.main.ScriptEngine.run(ScriptEngine.java:194)
	at com.kms.katalon.core.main.ScriptEngine.runScriptAsRawText(ScriptEngine.java:119)
	at com.kms.katalon.core.main.TestCaseExecutor.runScript(TestCaseExecutor.java:337)
	at com.kms.katalon.core.main.TestCaseExecutor.doExecute(TestCaseExecutor.java:328)
	at com.kms.katalon.core.main.TestCaseExecutor.processExecutionPhase(TestCaseExecutor.java:307)
	at com.kms.katalon.core.main.TestCaseExecutor.accessMainPhase(TestCaseExecutor.java:299)
	at com.kms.katalon.core.main.TestCaseExecutor.execute(TestCaseExecutor.java:233)
	at com.kms.katalon.core.main.TestSuiteExecutor.accessTestCaseMainPhase(TestSuiteExecutor.java:169)
	at com.kms.katalon.core.main.TestSuiteExecutor.accessTestSuiteMainPhase(TestSuiteExecutor.java:142)
	at com.kms.katalon.core.main.TestSuiteExecutor.execute(TestSuiteExecutor.java:91)
	at com.kms.katalon.core.main.TestCaseMain.startTestSuite(TestCaseMain.java:157)
	at com.kms.katalon.core.main.TestCaseMain$startTestSuite$0.call(Unknown Source)
	at TempTestSuite1571720266263.run(TempTestSuite1571720266263.groovy:36)
Caused by: com.kms.katalon.core.exception.StepFailedException: Object Object Repository/Simulasi Kredit/Simulasi Kredit - Asuransi/Asuransi_Tipe Asuransi Int not found
	at com.kms.katalon.core.keyword.internal.KeywordMain.stepFailed(KeywordMain.groovy:50)
	at com.kms.katalon.core.mobile.keyword.internal.MobileKeywordMain.stepFailed(MobileKeywordMain.groovy:40)
	at com.kms.katalon.core.mobile.keyword.builtin.TapKeyword$_tap_closure1.doCall(TapKeyword.groovy:79)
	at com.kms.katalon.core.mobile.keyword.builtin.TapKeyword$_tap_closure1.call(TapKeyword.groovy)
	at com.kms.katalon.core.mobile.keyword.internal.MobileKeywordMain.runKeyword(MobileKeywordMain.groovy:21)
	at com.kms.katalon.core.mobile.keyword.builtin.TapKeyword.tap(TapKeyword.groovy:86)
	at com.kms.katalon.core.mobile.keyword.builtin.TapKeyword.execute(TapKeyword.groovy:68)
	at com.kms.katalon.core.keyword.internal.KeywordExecutor.executeKeywordForPlatform(KeywordExecutor.groovy:60)
	at com.kms.katalon.core.mobile.keyword.MobileBuiltInKeywords.tap(MobileBuiltInKeywords.groovy:520)
	at com.kms.katalon.core.mobile.keyword.MobileBuiltInKeywords$tap$1.call(Unknown Source)
	at TC_Asuransi - MASTER FLOW.run(TC_Asuransi - MASTER FLOW:19)
	at com.kms.katalon.core.main.ScriptEngine.run(ScriptEngine.java:194)
	at com.kms.katalon.core.main.ScriptEngine.runScriptAsRawText(ScriptEngine.java:119)
	at com.kms.katalon.core.main.TestCaseExecutor.runScript(TestCaseExecutor.java:337)
	at com.kms.katalon.core.main.TestCaseExecutor.doExecute(TestCaseExecutor.java:328)
	at com.kms.katalon.core.main.TestCaseExecutor.processExecutionPhase(TestCaseExecutor.java:307)
	at com.kms.katalon.core.main.TestCaseExecutor.accessMainPhase(TestCaseExecutor.java:299)
	at com.kms.katalon.core.main.TestCaseExecutor.execute(TestCaseExecutor.java:233)
	at com.kms.katalon.core.main.TestCaseMain.runTestCase(TestCaseMain.java:114)
	at com.kms.katalon.core.keyword.builtin.CallTestCaseKeyword$_callTestCase_closure1.doCall(CallTestCaseKeyword.groovy:59)
	... 20 more]]></system-err>
      </testcase>
      <testcase name="Test Cases/Data Entry/TC_Data Entry" classname="Test Cases/Data Entry/TC_Data Entry" status="FAILED">
         <failure type="FAILED" message="Test Cases/Data Entry/TC_Data Entry FAILED.
Reason:
com.kms.katalon.core.exception.StepFailedException: Object Object Repository/dynamic object/BtnBerikutnya not found
	at com.kms.katalon.core.keyword.internal.KeywordMain.stepFailed(KeywordMain.groovy:50)
	at com.kms.katalon.core.mobile.keyword.internal.MobileKeywordMain.stepFailed(MobileKeywordMain.groovy:40)
	at com.kms.katalon.core.mobile.keyword.builtin.TapKeyword$_tap_closure1.doCall(TapKeyword.groovy:79)
	at com.kms.katalon.core.mobile.keyword.builtin.TapKeyword$_tap_closure1.call(TapKeyword.groovy)
	at com.kms.katalon.core.mobile.keyword.internal.MobileKeywordMain.runKeyword(MobileKeywordMain.groovy:21)
	at com.kms.katalon.core.mobile.keyword.builtin.TapKeyword.tap(TapKeyword.groovy:86)
	at com.kms.katalon.core.mobile.keyword.builtin.TapKeyword.execute(TapKeyword.groovy:68)
	at com.kms.katalon.core.keyword.internal.KeywordExecutor.executeKeywordForPlatform(KeywordExecutor.groovy:60)
	at com.kms.katalon.core.mobile.keyword.MobileBuiltInKeywords.tap(MobileBuiltInKeywords.groovy:520)
	at com.kms.katalon.core.mobile.keyword.MobileBuiltInKeywords$tap$1.call(Unknown Source)
	at TC_Data Entry.run(TC_Data Entry:215)
	at com.kms.katalon.core.main.ScriptEngine.run(ScriptEngine.java:194)
	at com.kms.katalon.core.main.ScriptEngine.runScriptAsRawText(ScriptEngine.java:119)
	at com.kms.katalon.core.main.TestCaseExecutor.runScript(TestCaseExecutor.java:337)
	at com.kms.katalon.core.main.TestCaseExecutor.doExecute(TestCaseExecutor.java:328)
	at com.kms.katalon.core.main.TestCaseExecutor.processExecutionPhase(TestCaseExecutor.java:307)
	at com.kms.katalon.core.main.TestCaseExecutor.accessMainPhase(TestCaseExecutor.java:299)
	at com.kms.katalon.core.main.TestCaseExecutor.execute(TestCaseExecutor.java:233)
	at com.kms.katalon.core.main.TestSuiteExecutor.accessTestCaseMainPhase(TestSuiteExecutor.java:169)
	at com.kms.katalon.core.main.TestSuiteExecutor.accessTestSuiteMainPhase(TestSuiteExecutor.java:142)
	at com.kms.katalon.core.main.TestSuiteExecutor.execute(TestSuiteExecutor.java:91)
	at com.kms.katalon.core.main.TestCaseMain.startTestSuite(TestCaseMain.java:157)
	at com.kms.katalon.core.main.TestCaseMain$startTestSuite$0.call(Unknown Source)
	at TempTestSuite1571720266263.run(TempTestSuite1571720266263.groovy:36)
"/>
         <system-out><![CDATA[2019-10-22 12:05:43 - [TEST_CASE][FAILED] - Test Cases/Data Entry/TC_Data Entry: Test Cases/Data Entry/TC_Data Entry FAILED.
Reason:
com.kms.katalon.core.exception.StepFailedException: Object Object Repository/dynamic object/BtnBerikutnya not found
	at com.kms.katalon.core.keyword.internal.KeywordMain.stepFailed(KeywordMain.groovy:50)
	at com.kms.katalon.core.mobile.keyword.internal.MobileKeywordMain.stepFailed(MobileKeywordMain.groovy:40)
	at com.kms.katalon.core.mobile.keyword.builtin.TapKeyword$_tap_closure1.doCall(TapKeyword.groovy:79)
	at com.kms.katalon.core.mobile.keyword.builtin.TapKeyword$_tap_closure1.call(TapKeyword.groovy)
	at com.kms.katalon.core.mobile.keyword.internal.MobileKeywordMain.runKeyword(MobileKeywordMain.groovy:21)
	at com.kms.katalon.core.mobile.keyword.builtin.TapKeyword.tap(TapKeyword.groovy:86)
	at com.kms.katalon.core.mobile.keyword.builtin.TapKeyword.execute(TapKeyword.groovy:68)
	at com.kms.katalon.core.keyword.internal.KeywordExecutor.executeKeywordForPlatform(KeywordExecutor.groovy:60)
	at com.kms.katalon.core.mobile.keyword.MobileBuiltInKeywords.tap(MobileBuiltInKeywords.groovy:520)
	at com.kms.katalon.core.mobile.keyword.MobileBuiltInKeywords$tap$1.call(Unknown Source)
	at TC_Data Entry.run(TC_Data Entry:215)
	at com.kms.katalon.core.main.ScriptEngine.run(ScriptEngine.java:194)
	at com.kms.katalon.core.main.ScriptEngine.runScriptAsRawText(ScriptEngine.java:119)
	at com.kms.katalon.core.main.TestCaseExecutor.runScript(TestCaseExecutor.java:337)
	at com.kms.katalon.core.main.TestCaseExecutor.doExecute(TestCaseExecutor.java:328)
	at com.kms.katalon.core.main.TestCaseExecutor.processExecutionPhase(TestCaseExecutor.java:307)
	at com.kms.katalon.core.main.TestCaseExecutor.accessMainPhase(TestCaseExecutor.java:299)
	at com.kms.katalon.core.main.TestCaseExecutor.execute(TestCaseExecutor.java:233)
	at com.kms.katalon.core.main.TestSuiteExecutor.accessTestCaseMainPhase(TestSuiteExecutor.java:169)
	at com.kms.katalon.core.main.TestSuiteExecutor.accessTestSuiteMainPhase(TestSuiteExecutor.java:142)
	at com.kms.katalon.core.main.TestSuiteExecutor.execute(TestSuiteExecutor.java:91)
	at com.kms.katalon.core.main.TestCaseMain.startTestSuite(TestCaseMain.java:157)
	at com.kms.katalon.core.main.TestCaseMain$startTestSuite$0.call(Unknown Source)
	at TempTestSuite1571720266263.run(TempTestSuite1571720266263.groovy:36)


2019-10-22 12:05:44 - [TEST_STEP][PASSED] - callTestCase(findTestCase("dynamic test case/open application"), [:], STOP_ON_FAILURE): Call Test Case 'Test Cases/dynamic test case/open application' successfully

2019-10-22 12:05:44 - [TEST_CASE][PASSED] - Test Cases/dynamic test case/open application: Test Cases/dynamic test case/open application

2019-10-22 12:05:44 - [TEST_STEP][PASSED] - appPath = relativeToAbsolutePath(apkname, getProjectDir()): null

2019-10-22 12:05:44 - [TEST_STEP][PASSED] - startApplication(appPath, false): Started app at: 'C:\Users\15421\git\ACCMe-Mobile\AccMe.apk'

2019-10-22 12:05:44 - [MESSAGE][INFO] - User set preference: ['unicodeKeyboard', 'true']

2019-10-22 12:05:44 - [MESSAGE][INFO] - User set preference: ['resetKeyboard', 'true']

2019-10-22 12:05:44 - [MESSAGE][INFO] - User set preference: ['appWaitActivity', 'com.*']

2019-10-22 12:05:44 - [MESSAGE][INFO] - User set preference: ['deviceId', '']

2019-10-22 12:05:55 - [MESSAGE][INFO] - Appium server started on port 59,243

2019-10-22 12:06:38 - [MESSAGE][PASSED] - Started app at: 'C:\Users\15421\git\ACCMe-Mobile\AccMe.apk'

2019-10-22 12:06:38 - [TEST_STEP][PASSED] - delay(20, STOP_ON_FAILURE): Delayed 20 second(s)

2019-10-22 12:06:58 - [MESSAGE][PASSED] - Delayed 20 second(s)

2019-10-22 12:06:58 - [MESSAGE][PASSED] - Call Test Case 'Test Cases/dynamic test case/open application' successfully

2019-10-22 12:06:58 - [TEST_STEP][PASSED] - callTestCase(findTestCase("Data Entry/Simulasi Kredit/Simulasi Kredit/MASTER FLOW/TC_Simulasi Kredit - MASTER FLOW"), ["varBrand":varBrand, "varType":varType, "varModel":varModel, "varTahun":varTahun, "varTenor":varTenor, "varOTR":varOTR, "varRP":varRP, ... ], OPTIONAL): Call Test Case 'Test Cases/Data Entry/Simulasi Kredit/Simulasi Kredit/MASTER FLOW/TC_Simulasi Kredit - MASTER FLOW' successfully

2019-10-22 12:06:58 - [TEST_CASE][PASSED] - Test Cases/Data Entry/Simulasi Kredit/Simulasi Kredit/MASTER FLOW/TC_Simulasi Kredit - MASTER FLOW: Test Cases/Data Entry/Simulasi Kredit/Simulasi Kredit/MASTER FLOW/TC_Simulasi Kredit - MASTER FLOW

2019-10-22 12:06:58 - [TEST_STEP][PASSED] - verifyElementVisible(findTestObject("Simulasi Kredit/Simulasi Kredit - Simulasi Kredit/SimulasiKredit_Btn Simulasi Kredit"), 60, OPTIONAL): Element 'Object Repository/Simulasi Kredit/Simulasi Kredit - Simulasi Kredit/SimulasiKredit_Btn Simulasi Kredit' is visible

2019-10-22 12:07:00 - [MESSAGE][PASSED] - Element 'Object Repository/Simulasi Kredit/Simulasi Kredit - Simulasi Kredit/SimulasiKredit_Btn Simulasi Kredit' is visible

2019-10-22 12:07:00 - [TEST_STEP][PASSED] - tap(findTestObject("Simulasi Kredit/Simulasi Kredit - Simulasi Kredit/SimulasiKredit_Btn Simulasi Kredit"), 0): Tapped on element 'Object Repository/Simulasi Kredit/Simulasi Kredit - Simulasi Kredit/SimulasiKredit_Btn Simulasi Kredit'

2019-10-22 12:07:00 - [MESSAGE][WARNING] - Timeout '0' is invalid. Using default page load timeout: '30'

2019-10-22 12:07:03 - [MESSAGE][PASSED] - Tapped on element 'Object Repository/Simulasi Kredit/Simulasi Kredit - Simulasi Kredit/SimulasiKredit_Btn Simulasi Kredit'

2019-10-22 12:07:03 - [TEST_STEP][PASSED] - if (varPembiayaan == "NewCar"): Tapped on element 'Object Repository/Simulasi Kredit/Simulasi Kredit - Simulasi Kredit/SimulasiKredit_new car'

2019-10-22 12:07:03 - [TEST_STEP][PASSED] - tap(findTestObject("Simulasi Kredit/Simulasi Kredit - Simulasi Kredit/SimulasiKredit_new car"), 0): Tapped on element 'Object Repository/Simulasi Kredit/Simulasi Kredit - Simulasi Kredit/SimulasiKredit_new car'

2019-10-22 12:07:03 - [MESSAGE][WARNING] - Timeout '0' is invalid. Using default page load timeout: '30'

2019-10-22 12:07:06 - [MESSAGE][PASSED] - Tapped on element 'Object Repository/Simulasi Kredit/Simulasi Kredit - Simulasi Kredit/SimulasiKredit_new car'

2019-10-22 12:07:06 - [TEST_STEP][PASSED] - if (varTipePembiayaan == "syariah"): null

2019-10-22 12:07:06 - [TEST_STEP][PASSED] - else: Tapped on element 'Object Repository/Simulasi Kredit/Simulasi Kredit - Simulasi Kredit/SimulasiKredit_Konvensional'

2019-10-22 12:07:06 - [TEST_STEP][PASSED] - tap(findTestObject("Simulasi Kredit/Simulasi Kredit - Simulasi Kredit/SimulasiKredit_Konvensional"), 0): Tapped on element 'Object Repository/Simulasi Kredit/Simulasi Kredit - Simulasi Kredit/SimulasiKredit_Konvensional'

2019-10-22 12:07:06 - [MESSAGE][WARNING] - Timeout '0' is invalid. Using default page load timeout: '30'

2019-10-22 12:07:09 - [MESSAGE][PASSED] - Tapped on element 'Object Repository/Simulasi Kredit/Simulasi Kredit - Simulasi Kredit/SimulasiKredit_Konvensional'

2019-10-22 12:07:09 - [TEST_STEP][PASSED] - if (varPaket == "ya"): null

2019-10-22 12:07:09 - [TEST_STEP][PASSED] - setText(findTestObject("Simulasi Kredit/Simulasi Kredit - Simulasi Kredit/SimulasiKredit_Inp Brand"), varBrand, 0): Text 'TOYOTA' has been set to element 'Object Repository/Simulasi Kredit/Simulasi Kredit - Simulasi Kredit/SimulasiKredit_Inp Brand'

2019-10-22 12:07:09 - [MESSAGE][WARNING] - Timeout '0' is invalid. Using default page load timeout: '30'

2019-10-22 12:07:11 - [MESSAGE][PASSED] - Text 'TOYOTA' has been set to element 'Object Repository/Simulasi Kredit/Simulasi Kredit - Simulasi Kredit/SimulasiKredit_Inp Brand'

2019-10-22 12:07:11 - [TEST_STEP][PASSED] - tap(findTestObject("Simulasi Kredit/Simulasi Kredit - Simulasi Kredit/SimulasiKredit_Inp Brand"), 0): Tapped on element 'Object Repository/Simulasi Kredit/Simulasi Kredit - Simulasi Kredit/SimulasiKredit_Inp Brand'

2019-10-22 12:07:11 - [MESSAGE][WARNING] - Timeout '0' is invalid. Using default page load timeout: '30'

2019-10-22 12:07:14 - [MESSAGE][PASSED] - Tapped on element 'Object Repository/Simulasi Kredit/Simulasi Kredit - Simulasi Kredit/SimulasiKredit_Inp Brand'

2019-10-22 12:07:14 - [TEST_STEP][PASSED] - tap(findTestObject("Simulasi Kredit/Simulasi Kredit - Simulasi Kredit/Simulasi Kredit-LOVBrand"), 0): Tapped on element 'Object Repository/Simulasi Kredit/Simulasi Kredit - Simulasi Kredit/Simulasi Kredit-LOVBrand'

2019-10-22 12:07:14 - [MESSAGE][WARNING] - Timeout '0' is invalid. Using default page load timeout: '30'

2019-10-22 12:07:17 - [MESSAGE][PASSED] - Tapped on element 'Object Repository/Simulasi Kredit/Simulasi Kredit - Simulasi Kredit/Simulasi Kredit-LOVBrand'

2019-10-22 12:07:17 - [TEST_STEP][PASSED] - tap(findTestObject("Simulasi Kredit/Simulasi Kredit - Simulasi Kredit/SimulasiKredit_Inp Type"), 0): Tapped on element 'Object Repository/Simulasi Kredit/Simulasi Kredit - Simulasi Kredit/SimulasiKredit_Inp Type'

2019-10-22 12:07:17 - [MESSAGE][WARNING] - Timeout '0' is invalid. Using default page load timeout: '30'

2019-10-22 12:07:21 - [MESSAGE][PASSED] - Tapped on element 'Object Repository/Simulasi Kredit/Simulasi Kredit - Simulasi Kredit/SimulasiKredit_Inp Type'

2019-10-22 12:07:21 - [TEST_STEP][PASSED] - setText(findTestObject("Simulasi Kredit/Simulasi Kredit - Simulasi Kredit/SimulasiKredit_Inp Type"), varType, 0): Text 'AGYA' has been set to element 'Object Repository/Simulasi Kredit/Simulasi Kredit - Simulasi Kredit/SimulasiKredit_Inp Type'

2019-10-22 12:07:21 - [MESSAGE][WARNING] - Timeout '0' is invalid. Using default page load timeout: '30'

2019-10-22 12:07:24 - [MESSAGE][PASSED] - Text 'AGYA' has been set to element 'Object Repository/Simulasi Kredit/Simulasi Kredit - Simulasi Kredit/SimulasiKredit_Inp Type'

2019-10-22 12:07:24 - [TEST_STEP][PASSED] - delay(3): Delayed 3 second(s)

2019-10-22 12:07:27 - [MESSAGE][PASSED] - Delayed 3 second(s)

2019-10-22 12:07:27 - [TEST_STEP][PASSED] - tap(findTestObject("Simulasi Kredit/Simulasi Kredit - Simulasi Kredit/SimulasiKredit_Inp Type"), 0): Tapped on element 'Object Repository/Simulasi Kredit/Simulasi Kredit - Simulasi Kredit/SimulasiKredit_Inp Type'

2019-10-22 12:07:27 - [MESSAGE][WARNING] - Timeout '0' is invalid. Using default page load timeout: '30'

2019-10-22 12:07:30 - [MESSAGE][PASSED] - Tapped on element 'Object Repository/Simulasi Kredit/Simulasi Kredit - Simulasi Kredit/SimulasiKredit_Inp Type'

2019-10-22 12:07:30 - [TEST_STEP][PASSED] - tap(findTestObject("Simulasi Kredit/Simulasi Kredit - Simulasi Kredit/SimulasiKredit_Inp Type LOV"), 0): Tapped on element 'Object Repository/Simulasi Kredit/Simulasi Kredit - Simulasi Kredit/SimulasiKredit_Inp Type LOV'

2019-10-22 12:07:30 - [MESSAGE][WARNING] - Timeout '0' is invalid. Using default page load timeout: '30'

2019-10-22 12:07:33 - [MESSAGE][PASSED] - Tapped on element 'Object Repository/Simulasi Kredit/Simulasi Kredit - Simulasi Kredit/SimulasiKredit_Inp Type LOV'

2019-10-22 12:07:33 - [TEST_STEP][PASSED] - mobile.mobileSwipe.UpDown(0.8, 0.5, 1000): mobile.mobileSwipe.UpDown is PASSED

2019-10-22 12:07:34 - [MESSAGE][PASSED] - Current device physical height is 2131

2019-10-22 12:07:34 - [MESSAGE][INFO] - Device Height : 2131

2019-10-22 12:07:35 - [MESSAGE][PASSED] - Current device physical width is 1080

2019-10-22 12:07:35 - [MESSAGE][INFO] - Device Width : 1080

2019-10-22 12:07:35 - [MESSAGE][INFO] - Swipe start at Height : 1704

2019-10-22 12:07:35 - [MESSAGE][INFO] - Swipe end at Height : 1065

2019-10-22 12:07:35 - [MESSAGE][INFO] - X Position : 1000

2019-10-22 12:07:37 - [MESSAGE][PASSED] - Swiped from 1,000,1,704 to 1,000,1,065

2019-10-22 12:07:37 - [MESSAGE][PASSED] - mobile.mobileSwipe.UpDown is PASSED

2019-10-22 12:07:37 - [TEST_STEP][PASSED] - tap(findTestObject("Simulasi Kredit/Simulasi Kredit - Simulasi Kredit/SimulasiKredit_Inp Model"), 0): Tapped on element 'Object Repository/Simulasi Kredit/Simulasi Kredit - Simulasi Kredit/SimulasiKredit_Inp Model'

2019-10-22 12:07:37 - [MESSAGE][WARNING] - Timeout '0' is invalid. Using default page load timeout: '30'

2019-10-22 12:07:41 - [MESSAGE][PASSED] - Tapped on element 'Object Repository/Simulasi Kredit/Simulasi Kredit - Simulasi Kredit/SimulasiKredit_Inp Model'

2019-10-22 12:07:41 - [TEST_STEP][PASSED] - scrollToText(varModel, STOP_ON_FAILURE): Scrolling to text '1.0 G M/T - 001' successfully

2019-10-22 12:07:43 - [MESSAGE][PASSED] - Scrolling to text '1.0 G M/T - 001' successfully

2019-10-22 12:07:43 - [TEST_STEP][PASSED] - tap(findTestObject("dynamic object/pickListItem_checkedTextView", ["text":varModel]), 0): Tapped on element 'Object Repository/dynamic object/pickListItem_checkedTextView'

2019-10-22 12:07:43 - [MESSAGE][WARNING] - Timeout '0' is invalid. Using default page load timeout: '30'

2019-10-22 12:07:44 - [MESSAGE][PASSED] - Tapped on element 'Object Repository/dynamic object/pickListItem_checkedTextView'

2019-10-22 12:07:44 - [TEST_STEP][PASSED] - tap(findTestObject("Simulasi Kredit/Simulasi Kredit - Simulasi Kredit/SimulasiKredit_Tahun"), 0): Tapped on element 'Object Repository/Simulasi Kredit/Simulasi Kredit - Simulasi Kredit/SimulasiKredit_Tahun'

2019-10-22 12:07:44 - [MESSAGE][WARNING] - Timeout '0' is invalid. Using default page load timeout: '30'

2019-10-22 12:07:47 - [MESSAGE][PASSED] - Tapped on element 'Object Repository/Simulasi Kredit/Simulasi Kredit - Simulasi Kredit/SimulasiKredit_Tahun'

2019-10-22 12:07:47 - [TEST_STEP][PASSED] - tap(findTestObject("dynamic object/pickListItem_checkedTextView", ["text":varTahun]), 0): Tapped on element 'Object Repository/dynamic object/pickListItem_checkedTextView'

2019-10-22 12:07:47 - [MESSAGE][WARNING] - Timeout '0' is invalid. Using default page load timeout: '30'

2019-10-22 12:07:48 - [MESSAGE][PASSED] - Tapped on element 'Object Repository/dynamic object/pickListItem_checkedTextView'

2019-10-22 12:07:48 - [TEST_STEP][PASSED] - tap(findTestObject("Simulasi Kredit/Simulasi Kredit - Simulasi Kredit/SimulasiKredit_Tenor"), 0): Tapped on element 'Object Repository/Simulasi Kredit/Simulasi Kredit - Simulasi Kredit/SimulasiKredit_Tenor'

2019-10-22 12:07:49 - [MESSAGE][WARNING] - Timeout '0' is invalid. Using default page load timeout: '30'

2019-10-22 12:07:51 - [MESSAGE][PASSED] - Tapped on element 'Object Repository/Simulasi Kredit/Simulasi Kredit - Simulasi Kredit/SimulasiKredit_Tenor'

2019-10-22 12:07:51 - [TEST_STEP][PASSED] - tap(findTestObject("dynamic object/pickListItem_checkedTextView", ["text":varTenor]), 0): Tapped on element 'Object Repository/dynamic object/pickListItem_checkedTextView'

2019-10-22 12:07:51 - [MESSAGE][WARNING] - Timeout '0' is invalid. Using default page load timeout: '30'

2019-10-22 12:07:53 - [MESSAGE][PASSED] - Tapped on element 'Object Repository/dynamic object/pickListItem_checkedTextView'

2019-10-22 12:07:53 - [TEST_STEP][PASSED] - setText(findTestObject("Simulasi Kredit/Simulasi Kredit - Simulasi Kredit/SimulasiKredit_Inp OTR"), varOTR, 0): Text '200000000' has been set to element 'Object Repository/Simulasi Kredit/Simulasi Kredit - Simulasi Kredit/SimulasiKredit_Inp OTR'

2019-10-22 12:07:53 - [MESSAGE][WARNING] - Timeout '0' is invalid. Using default page load timeout: '30'

2019-10-22 12:07:55 - [MESSAGE][PASSED] - Text '200000000' has been set to element 'Object Repository/Simulasi Kredit/Simulasi Kredit - Simulasi Kredit/SimulasiKredit_Inp OTR'

2019-10-22 12:07:55 - [TEST_STEP][PASSED] - if (varADDMdanADDB == "ADDM"): null

2019-10-22 12:07:55 - [TEST_STEP][PASSED] - else: Tapped on element 'Object Repository/Simulasi Kredit/Simulasi Kredit - Simulasi Kredit/SimulasiKredit_Btn ADDB'

2019-10-22 12:07:55 - [TEST_STEP][PASSED] - tap(findTestObject("Simulasi Kredit/Simulasi Kredit - Simulasi Kredit/SimulasiKredit_Btn ADDB"), 0): Tapped on element 'Object Repository/Simulasi Kredit/Simulasi Kredit - Simulasi Kredit/SimulasiKredit_Btn ADDB'

2019-10-22 12:07:55 - [MESSAGE][WARNING] - Timeout '0' is invalid. Using default page load timeout: '30'

2019-10-22 12:07:59 - [MESSAGE][PASSED] - Tapped on element 'Object Repository/Simulasi Kredit/Simulasi Kredit - Simulasi Kredit/SimulasiKredit_Btn ADDB'

2019-10-22 12:07:59 - [TEST_STEP][PASSED] - setText(findTestObject("Simulasi Kredit/Simulasi Kredit - Simulasi Kredit/SimulasiKredit_Inp RP"), varRP, 0): Text '60000000' has been set to element 'Object Repository/Simulasi Kredit/Simulasi Kredit - Simulasi Kredit/SimulasiKredit_Inp RP'

2019-10-22 12:07:59 - [MESSAGE][WARNING] - Timeout '0' is invalid. Using default page load timeout: '30'

2019-10-22 12:08:01 - [MESSAGE][PASSED] - Text '60000000' has been set to element 'Object Repository/Simulasi Kredit/Simulasi Kredit - Simulasi Kredit/SimulasiKredit_Inp RP'

2019-10-22 12:08:01 - [TEST_STEP][PASSED] - if (varACP == "credit"): Tapped on element 'Object Repository/Simulasi Kredit/Simulasi Kredit - Simulasi Kredit/SimulasiKredit_Inp ACP Credit'

2019-10-22 12:08:01 - [TEST_STEP][PASSED] - tap(findTestObject("Simulasi Kredit/Simulasi Kredit - Simulasi Kredit/SimulasiKredit_Inp ACP Credit"), 0): Tapped on element 'Object Repository/Simulasi Kredit/Simulasi Kredit - Simulasi Kredit/SimulasiKredit_Inp ACP Credit'

2019-10-22 12:08:01 - [MESSAGE][WARNING] - Timeout '0' is invalid. Using default page load timeout: '30'

2019-10-22 12:08:04 - [MESSAGE][PASSED] - Tapped on element 'Object Repository/Simulasi Kredit/Simulasi Kredit - Simulasi Kredit/SimulasiKredit_Inp ACP Credit'

2019-10-22 12:08:04 - [TEST_STEP][PASSED] - mobile.mobileSwipe.UpDown(0.5, 0.2, 1000): mobile.mobileSwipe.UpDown is PASSED

2019-10-22 12:08:05 - [MESSAGE][PASSED] - Current device physical height is 2131

2019-10-22 12:08:05 - [MESSAGE][INFO] - Device Height : 2131

2019-10-22 12:08:06 - [MESSAGE][PASSED] - Current device physical width is 1080

2019-10-22 12:08:06 - [MESSAGE][INFO] - Device Width : 1080

2019-10-22 12:08:06 - [MESSAGE][INFO] - Swipe start at Height : 1065

2019-10-22 12:08:06 - [MESSAGE][INFO] - Swipe end at Height : 426

2019-10-22 12:08:06 - [MESSAGE][INFO] - X Position : 1000

2019-10-22 12:08:09 - [MESSAGE][PASSED] - Swiped from 1,000,1,065 to 1,000,426

2019-10-22 12:08:09 - [MESSAGE][PASSED] - mobile.mobileSwipe.UpDown is PASSED

2019-10-22 12:08:09 - [TEST_STEP][PASSED] - setText(findTestObject("Simulasi Kredit/Simulasi Kredit - Simulasi Kredit/SimulasiKredit_Inp Dealer"), varDealer, 0): Text 'AI TSO-JKT TEBET' has been set to element 'Object Repository/Simulasi Kredit/Simulasi Kredit - Simulasi Kredit/SimulasiKredit_Inp Dealer'

2019-10-22 12:08:09 - [MESSAGE][WARNING] - Timeout '0' is invalid. Using default page load timeout: '30'

2019-10-22 12:08:10 - [MESSAGE][PASSED] - Text 'AI TSO-JKT TEBET' has been set to element 'Object Repository/Simulasi Kredit/Simulasi Kredit - Simulasi Kredit/SimulasiKredit_Inp Dealer'

2019-10-22 12:08:10 - [TEST_STEP][PASSED] - tap(findTestObject("Simulasi Kredit/Simulasi Kredit - Simulasi Kredit/SimulasiKredit_Inp Dealer"), 0): Tapped on element 'Object Repository/Simulasi Kredit/Simulasi Kredit - Simulasi Kredit/SimulasiKredit_Inp Dealer'

2019-10-22 12:08:11 - [MESSAGE][WARNING] - Timeout '0' is invalid. Using default page load timeout: '30'

2019-10-22 12:08:14 - [MESSAGE][PASSED] - Tapped on element 'Object Repository/Simulasi Kredit/Simulasi Kredit - Simulasi Kredit/SimulasiKredit_Inp Dealer'

2019-10-22 12:08:14 - [TEST_STEP][PASSED] - clearText(findTestObject("Simulasi Kredit/Simulasi Kredit - Simulasi Kredit/SimulasiKredit_Inp Dealer"), 0): Element 'Object Repository/Simulasi Kredit/Simulasi Kredit - Simulasi Kredit/SimulasiKredit_Inp Dealer' text is cleared

2019-10-22 12:08:14 - [MESSAGE][WARNING] - Timeout '0' is invalid. Using default page load timeout: '30'

2019-10-22 12:08:17 - [MESSAGE][PASSED] - Element 'Object Repository/Simulasi Kredit/Simulasi Kredit - Simulasi Kredit/SimulasiKredit_Inp Dealer' text is cleared

2019-10-22 12:08:17 - [TEST_STEP][PASSED] - setText(findTestObject("Simulasi Kredit/Simulasi Kredit - Simulasi Kredit/SimulasiKredit_Inp Dealer"), varDealer, 0): Text 'AI TSO-JKT TEBET' has been set to element 'Object Repository/Simulasi Kredit/Simulasi Kredit - Simulasi Kredit/SimulasiKredit_Inp Dealer'

2019-10-22 12:08:17 - [MESSAGE][WARNING] - Timeout '0' is invalid. Using default page load timeout: '30'

2019-10-22 12:08:20 - [MESSAGE][PASSED] - Text 'AI TSO-JKT TEBET' has been set to element 'Object Repository/Simulasi Kredit/Simulasi Kredit - Simulasi Kredit/SimulasiKredit_Inp Dealer'

2019-10-22 12:08:20 - [TEST_STEP][PASSED] - delay(4, STOP_ON_FAILURE): Delayed 4 second(s)

2019-10-22 12:08:24 - [MESSAGE][PASSED] - Delayed 4 second(s)

2019-10-22 12:08:24 - [TEST_STEP][PASSED] - tap(findTestObject("Simulasi Kredit/Simulasi Kredit - Simulasi Kredit/SimulasiKredit_LOV Dealer"), 0): Tapped on element 'Object Repository/Simulasi Kredit/Simulasi Kredit - Simulasi Kredit/SimulasiKredit_LOV Dealer'

2019-10-22 12:08:24 - [MESSAGE][WARNING] - Timeout '0' is invalid. Using default page load timeout: '30'

2019-10-22 12:08:27 - [MESSAGE][PASSED] - Tapped on element 'Object Repository/Simulasi Kredit/Simulasi Kredit - Simulasi Kredit/SimulasiKredit_LOV Dealer'

2019-10-22 12:08:27 - [TEST_STEP][NOT_RUN] - setText(findTestObject("Simulasi Kredit/Simulasi Kredit - Simulasi Kredit/SimulasiKredit_Inp Sales Dealer"), varSales, 0): NOT_RUN: setText(findTestObject("Simulasi Kredit/Simulasi Kredit - Simulasi Kredit/SimulasiKredit_Inp Sales Dealer"), varSales, 0)

2019-10-22 12:08:27 - [MESSAGE][NOT_RUN] - NOT_RUN: setText(findTestObject("Simulasi Kredit/Simulasi Kredit - Simulasi Kredit/SimulasiKredit_Inp Sales Dealer"), varSales, 0)

2019-10-22 12:08:27 - [TEST_STEP][PASSED] - tap(findTestObject("Simulasi Kredit/Simulasi Kredit - Simulasi Kredit/SimulasiKredit_Inp Sales Dealer"), 0): Tapped on element 'Object Repository/Simulasi Kredit/Simulasi Kredit - Simulasi Kredit/SimulasiKredit_Inp Sales Dealer'

2019-10-22 12:08:27 - [MESSAGE][WARNING] - Timeout '0' is invalid. Using default page load timeout: '30'

2019-10-22 12:08:30 - [MESSAGE][PASSED] - Tapped on element 'Object Repository/Simulasi Kredit/Simulasi Kredit - Simulasi Kredit/SimulasiKredit_Inp Sales Dealer'

2019-10-22 12:08:30 - [TEST_STEP][PASSED] - tap(findTestObject("Simulasi Kredit/Simulasi Kredit - Simulasi Kredit/SimulasiKredit_LOV Sales Dealer"), 0): Tapped on element 'Object Repository/Simulasi Kredit/Simulasi Kredit - Simulasi Kredit/SimulasiKredit_LOV Sales Dealer'

2019-10-22 12:08:31 - [MESSAGE][WARNING] - Timeout '0' is invalid. Using default page load timeout: '30'

2019-10-22 12:08:35 - [MESSAGE][PASSED] - Tapped on element 'Object Repository/Simulasi Kredit/Simulasi Kredit - Simulasi Kredit/SimulasiKredit_LOV Sales Dealer'

2019-10-22 12:08:35 - [TEST_STEP][PASSED] - tap(findTestObject("Simulasi Kredit/Simulasi Kredit - Simulasi Kredit/SimulasiKredit_Btn Hitung"), 0): Tapped on element 'Object Repository/Simulasi Kredit/Simulasi Kredit - Simulasi Kredit/SimulasiKredit_Btn Hitung'

2019-10-22 12:08:36 - [MESSAGE][WARNING] - Timeout '0' is invalid. Using default page load timeout: '30'

2019-10-22 12:08:39 - [MESSAGE][PASSED] - Tapped on element 'Object Repository/Simulasi Kredit/Simulasi Kredit - Simulasi Kredit/SimulasiKredit_Btn Hitung'

2019-10-22 12:08:39 - [TEST_STEP][PASSED] - verifyElementVisible(findTestObject("Simulasi Kredit/TxtBerhasilMelakukanPerhitungan"), 60, OPTIONAL): Element 'Object Repository/Simulasi Kredit/TxtBerhasilMelakukanPerhitungan' is visible

2019-10-22 12:08:40 - [MESSAGE][PASSED] - Element 'Object Repository/Simulasi Kredit/TxtBerhasilMelakukanPerhitungan' is visible

2019-10-22 12:08:40 - [TEST_STEP][PASSED] - tap(findTestObject("Simulasi Kredit/Simulasi Kredit - Simulasi Kredit/SimulasiKredit_Btn Berikutnya"), 0): Tapped on element 'Object Repository/Simulasi Kredit/Simulasi Kredit - Simulasi Kredit/SimulasiKredit_Btn Berikutnya'

2019-10-22 12:08:40 - [MESSAGE][WARNING] - Timeout '0' is invalid. Using default page load timeout: '30'

2019-10-22 12:08:42 - [MESSAGE][PASSED] - Tapped on element 'Object Repository/Simulasi Kredit/Simulasi Kredit - Simulasi Kredit/SimulasiKredit_Btn Berikutnya'

2019-10-22 12:08:42 - [TEST_STEP][PASSED] - delay(1, STOP_ON_FAILURE): Delayed 1 second(s)

2019-10-22 12:08:43 - [MESSAGE][PASSED] - Delayed 1 second(s)

2019-10-22 12:08:43 - [MESSAGE][PASSED] - Call Test Case 'Test Cases/Data Entry/Simulasi Kredit/Simulasi Kredit/MASTER FLOW/TC_Simulasi Kredit - MASTER FLOW' successfully

2019-10-22 12:08:43 - [TEST_STEP][PASSED] - callTestCase(findTestCase("Data Entry/Simulasi Kredit/Simulasi Kredit - Asuransi/MASTER FLOW/TC_Asuransi - MASTER FLOW"), ["varAsuransi":varAsuransi, "varKodeWilayah":varKodeWilayah, "varTipeAsuransi":varTipeAsuransi, "varPenggunaanUnit":varPenggunaanUnit, ... ], STOP_ON_FAILURE): Call Test Case 'Test Cases/Data Entry/Simulasi Kredit/Simulasi Kredit - Asuransi/MASTER FLOW/TC_Asuransi - MASTER FLOW' successfully

2019-10-22 12:08:43 - [TEST_CASE][PASSED] - Test Cases/Data Entry/Simulasi Kredit/Simulasi Kredit - Asuransi/MASTER FLOW/TC_Asuransi - MASTER FLOW: Test Cases/Data Entry/Simulasi Kredit/Simulasi Kredit - Asuransi/MASTER FLOW/TC_Asuransi - MASTER FLOW

2019-10-22 12:08:43 - [TEST_STEP][PASSED] - delay(2, STOP_ON_FAILURE): Delayed 2 second(s)

2019-10-22 12:08:45 - [MESSAGE][PASSED] - Delayed 2 second(s)

2019-10-22 12:08:45 - [TEST_STEP][PASSED] - if (varTipeAsuransi == "int"): Tapped on element 'Object Repository/Simulasi Kredit/Simulasi Kredit - Asuransi/Asuransi_Tipe Asuransi Int'

2019-10-22 12:08:45 - [TEST_STEP][PASSED] - tap(findTestObject("Simulasi Kredit/Simulasi Kredit - Asuransi/Asuransi_Tipe Asuransi Int"), 0): Tapped on element 'Object Repository/Simulasi Kredit/Simulasi Kredit - Asuransi/Asuransi_Tipe Asuransi Int'

2019-10-22 12:08:46 - [MESSAGE][WARNING] - Timeout '0' is invalid. Using default page load timeout: '30'

2019-10-22 12:08:47 - [MESSAGE][PASSED] - Tapped on element 'Object Repository/Simulasi Kredit/Simulasi Kredit - Asuransi/Asuransi_Tipe Asuransi Int'

2019-10-22 12:08:47 - [TEST_STEP][PASSED] - if (varPenggunaanUnit == "pribadi"): Tapped on element 'Object Repository/Simulasi Kredit/Simulasi Kredit - Asuransi/Asuransi_PenggunaanUnit Prbd'

2019-10-22 12:08:47 - [TEST_STEP][PASSED] - tap(findTestObject("Simulasi Kredit/Simulasi Kredit - Asuransi/Asuransi_PenggunaanUnit Prbd"), 0): Tapped on element 'Object Repository/Simulasi Kredit/Simulasi Kredit - Asuransi/Asuransi_PenggunaanUnit Prbd'

2019-10-22 12:08:48 - [MESSAGE][WARNING] - Timeout '0' is invalid. Using default page load timeout: '30'

2019-10-22 12:08:49 - [MESSAGE][PASSED] - Tapped on element 'Object Repository/Simulasi Kredit/Simulasi Kredit - Asuransi/Asuransi_PenggunaanUnit Prbd'

2019-10-22 12:08:49 - [TEST_STEP][PASSED] - tap(findTestObject("Simulasi Kredit/Simulasi Kredit - Asuransi/Asuransi_Nama Asuransi"), 0): Tapped on element 'Object Repository/Simulasi Kredit/Simulasi Kredit - Asuransi/Asuransi_Nama Asuransi'

2019-10-22 12:08:49 - [MESSAGE][WARNING] - Timeout '0' is invalid. Using default page load timeout: '30'

2019-10-22 12:08:52 - [MESSAGE][PASSED] - Tapped on element 'Object Repository/Simulasi Kredit/Simulasi Kredit - Asuransi/Asuransi_Nama Asuransi'

2019-10-22 12:08:52 - [TEST_STEP][PASSED] - setText(findTestObject("Simulasi Kredit/Simulasi Kredit - Asuransi/Asuransi_Nama Asuransi"), varAsuransi, 0): Text '305001' has been set to element 'Object Repository/Simulasi Kredit/Simulasi Kredit - Asuransi/Asuransi_Nama Asuransi'

2019-10-22 12:08:52 - [MESSAGE][WARNING] - Timeout '0' is invalid. Using default page load timeout: '30'

2019-10-22 12:08:54 - [MESSAGE][PASSED] - Text '305001' has been set to element 'Object Repository/Simulasi Kredit/Simulasi Kredit - Asuransi/Asuransi_Nama Asuransi'

2019-10-22 12:08:54 - [TEST_STEP][PASSED] - tap(findTestObject("Simulasi Kredit/Simulasi Kredit - Asuransi/Asuransi_LOV Nama Asuransi"), 0): Tapped on element 'Object Repository/Simulasi Kredit/Simulasi Kredit - Asuransi/Asuransi_LOV Nama Asuransi'

2019-10-22 12:08:54 - [MESSAGE][WARNING] - Timeout '0' is invalid. Using default page load timeout: '30'

2019-10-22 12:08:58 - [MESSAGE][PASSED] - Tapped on element 'Object Repository/Simulasi Kredit/Simulasi Kredit - Asuransi/Asuransi_LOV Nama Asuransi'

2019-10-22 12:08:58 - [TEST_STEP][PASSED] - tap(findTestObject("Simulasi Kredit/Simulasi Kredit - Asuransi/Asuransi_KDWilayah"), 0): Tapped on element 'Object Repository/Simulasi Kredit/Simulasi Kredit - Asuransi/Asuransi_KDWilayah'

2019-10-22 12:08:58 - [MESSAGE][WARNING] - Timeout '0' is invalid. Using default page load timeout: '30'

2019-10-22 12:09:00 - [MESSAGE][PASSED] - Tapped on element 'Object Repository/Simulasi Kredit/Simulasi Kredit - Asuransi/Asuransi_KDWilayah'

2019-10-22 12:09:00 - [TEST_STEP][PASSED] - tap(findTestObject("dynamic object/pickListItem_checkedTextView", ["text":varKodeWilayah]), 0): Tapped on element 'Object Repository/dynamic object/pickListItem_checkedTextView'

2019-10-22 12:09:01 - [MESSAGE][WARNING] - Timeout '0' is invalid. Using default page load timeout: '30'

2019-10-22 12:09:02 - [MESSAGE][PASSED] - Tapped on element 'Object Repository/dynamic object/pickListItem_checkedTextView'

2019-10-22 12:09:02 - [TEST_STEP][PASSED] - mobile.mobileSwipe.UpDown(0.8, 0.4, 1000): mobile.mobileSwipe.UpDown is PASSED

2019-10-22 12:09:03 - [MESSAGE][PASSED] - Current device physical height is 2131

2019-10-22 12:09:03 - [MESSAGE][INFO] - Device Height : 2131

2019-10-22 12:09:04 - [MESSAGE][PASSED] - Current device physical width is 1080

2019-10-22 12:09:04 - [MESSAGE][INFO] - Device Width : 1080

2019-10-22 12:09:04 - [MESSAGE][INFO] - Swipe start at Height : 1704

2019-10-22 12:09:04 - [MESSAGE][INFO] - Swipe end at Height : 852

2019-10-22 12:09:04 - [MESSAGE][INFO] - X Position : 1000

2019-10-22 12:09:06 - [MESSAGE][PASSED] - Swiped from 1,000,1,704 to 1,000,852

2019-10-22 12:09:06 - [MESSAGE][PASSED] - mobile.mobileSwipe.UpDown is PASSED

2019-10-22 12:09:06 - [TEST_STEP][PASSED] - if (varPembayaranAsuransi == "AR"): Tapped on element 'Object Repository/Simulasi Kredit/Simulasi Kredit - Asuransi/asuransi_BtnCashPlus'

2019-10-22 12:09:06 - [TEST_STEP][PASSED] - tap(findTestObject("Simulasi Kredit/Simulasi Kredit - Asuransi/asuransi_BtnARPlus"), 0): Tapped on element 'Object Repository/Simulasi Kredit/Simulasi Kredit - Asuransi/asuransi_BtnARPlus'

2019-10-22 12:09:06 - [MESSAGE][WARNING] - Timeout '0' is invalid. Using default page load timeout: '30'

2019-10-22 12:09:08 - [MESSAGE][PASSED] - Tapped on element 'Object Repository/Simulasi Kredit/Simulasi Kredit - Asuransi/asuransi_BtnARPlus'

2019-10-22 12:09:08 - [TEST_STEP][PASSED] - tap(findTestObject("Simulasi Kredit/Simulasi Kredit - Asuransi/asuransi_BtnCashPlus"), 0): Tapped on element 'Object Repository/Simulasi Kredit/Simulasi Kredit - Asuransi/asuransi_BtnCashPlus'

2019-10-22 12:09:08 - [MESSAGE][WARNING] - Timeout '0' is invalid. Using default page load timeout: '30'

2019-10-22 12:09:11 - [MESSAGE][PASSED] - Tapped on element 'Object Repository/Simulasi Kredit/Simulasi Kredit - Asuransi/asuransi_BtnCashPlus'

2019-10-22 12:09:11 - [TEST_STEP][PASSED] - delay(2, STOP_ON_FAILURE): Delayed 2 second(s)

2019-10-22 12:09:13 - [MESSAGE][PASSED] - Delayed 2 second(s)

2019-10-22 12:09:13 - [TEST_STEP][PASSED] - mobile.mobileSwipe.UpDown(0.8, 0.4, 1000): mobile.mobileSwipe.UpDown is PASSED

2019-10-22 12:09:14 - [MESSAGE][PASSED] - Current device physical height is 2131

2019-10-22 12:09:14 - [MESSAGE][INFO] - Device Height : 2131

2019-10-22 12:09:15 - [MESSAGE][PASSED] - Current device physical width is 1080

2019-10-22 12:09:15 - [MESSAGE][INFO] - Device Width : 1080

2019-10-22 12:09:15 - [MESSAGE][INFO] - Swipe start at Height : 1704

2019-10-22 12:09:15 - [MESSAGE][INFO] - Swipe end at Height : 852

2019-10-22 12:09:15 - [MESSAGE][INFO] - X Position : 1000

2019-10-22 12:09:17 - [MESSAGE][PASSED] - Swiped from 1,000,1,704 to 1,000,852

2019-10-22 12:09:17 - [MESSAGE][PASSED] - mobile.mobileSwipe.UpDown is PASSED

2019-10-22 12:09:17 - [TEST_STEP][PASSED] - tap(findTestObject("Simulasi Kredit/Simulasi Kredit - Asuransi/Asuransi_Hitung"), 0): Tapped on element 'Object Repository/Simulasi Kredit/Simulasi Kredit - Asuransi/Asuransi_Hitung'

2019-10-22 12:09:17 - [MESSAGE][WARNING] - Timeout '0' is invalid. Using default page load timeout: '30'

2019-10-22 12:09:19 - [MESSAGE][PASSED] - Tapped on element 'Object Repository/Simulasi Kredit/Simulasi Kredit - Asuransi/Asuransi_Hitung'

2019-10-22 12:09:19 - [TEST_STEP][PASSED] - verifyElementVisible(findTestObject("Simulasi Kredit/TxtBerhasilMelakukanPerhitungan"), 60, OPTIONAL): Element 'Object Repository/Simulasi Kredit/TxtBerhasilMelakukanPerhitungan' is visible

2019-10-22 12:09:22 - [MESSAGE][PASSED] - Element 'Object Repository/Simulasi Kredit/TxtBerhasilMelakukanPerhitungan' is visible

2019-10-22 12:09:22 - [TEST_STEP][PASSED] - tap(findTestObject("Simulasi Kredit/Simulasi Kredit - Asuransi/Asuransi_Berikutnya"), 0): Tapped on element 'Object Repository/Simulasi Kredit/Simulasi Kredit - Asuransi/Asuransi_Berikutnya'

2019-10-22 12:09:22 - [MESSAGE][WARNING] - Timeout '0' is invalid. Using default page load timeout: '30'

2019-10-22 12:09:25 - [MESSAGE][PASSED] - Tapped on element 'Object Repository/Simulasi Kredit/Simulasi Kredit - Asuransi/Asuransi_Berikutnya'

2019-10-22 12:09:25 - [MESSAGE][PASSED] - Call Test Case 'Test Cases/Data Entry/Simulasi Kredit/Simulasi Kredit - Asuransi/MASTER FLOW/TC_Asuransi - MASTER FLOW' successfully

2019-10-22 12:09:25 - [TEST_STEP][PASSED] - callTestCase(findTestCase("Data Entry/Simulasi Kredit/Kategori Loan/MASTER FLOW/TC_Kategori Loan - Master FLOW"), ["varTipeAplikasi":"CF", "varTipePelanggan":"personal", "varObjekPembiayaan":"PB", "varTujuanPembiayaan":"produktif", "varJaminanPembiayaan":"MOBIL", ... ], STOP_ON_FAILURE): Call Test Case 'Test Cases/Data Entry/Simulasi Kredit/Kategori Loan/MASTER FLOW/TC_Kategori Loan - Master FLOW' successfully

2019-10-22 12:09:25 - [TEST_CASE][PASSED] - Test Cases/Data Entry/Simulasi Kredit/Kategori Loan/MASTER FLOW/TC_Kategori Loan - Master FLOW: Test Cases/Data Entry/Simulasi Kredit/Kategori Loan/MASTER FLOW/TC_Kategori Loan - Master FLOW

2019-10-22 12:09:26 - [TEST_STEP][PASSED] - if (varTipeAplikasi == "CF"): Tapped on element 'Object Repository/Simulasi Kredit/Simulasi Kredit - Kategori Loan/KategoriLoan_TipeApp CF'

2019-10-22 12:09:26 - [TEST_STEP][PASSED] - tap(findTestObject("Simulasi Kredit/Simulasi Kredit - Kategori Loan/KategoriLoan_TipeApp CF"), 0): Tapped on element 'Object Repository/Simulasi Kredit/Simulasi Kredit - Kategori Loan/KategoriLoan_TipeApp CF'

2019-10-22 12:09:26 - [MESSAGE][WARNING] - Timeout '0' is invalid. Using default page load timeout: '30'

2019-10-22 12:09:28 - [MESSAGE][PASSED] - Tapped on element 'Object Repository/Simulasi Kredit/Simulasi Kredit - Kategori Loan/KategoriLoan_TipeApp CF'

2019-10-22 12:09:28 - [TEST_STEP][PASSED] - delay(2, STOP_ON_FAILURE): Delayed 2 second(s)

2019-10-22 12:09:30 - [MESSAGE][PASSED] - Delayed 2 second(s)

2019-10-22 12:09:30 - [TEST_STEP][PASSED] - if (varTipePelanggan == "personal"): Tapped on element 'Object Repository/Simulasi Kredit/Simulasi Kredit - Kategori Loan/KategoriLoan_TipePlgn Personal'

2019-10-22 12:09:30 - [TEST_STEP][PASSED] - tap(findTestObject("Simulasi Kredit/Simulasi Kredit - Kategori Loan/KategoriLoan_TipePlgn Personal"), 0): Tapped on element 'Object Repository/Simulasi Kredit/Simulasi Kredit - Kategori Loan/KategoriLoan_TipePlgn Personal'

2019-10-22 12:09:30 - [MESSAGE][WARNING] - Timeout '0' is invalid. Using default page load timeout: '30'

2019-10-22 12:09:32 - [MESSAGE][PASSED] - Tapped on element 'Object Repository/Simulasi Kredit/Simulasi Kredit - Kategori Loan/KategoriLoan_TipePlgn Personal'

2019-10-22 12:09:32 - [TEST_STEP][PASSED] - if (varObjekPembiayaan == "PB"): Tapped on element 'Object Repository/Simulasi Kredit/Simulasi Kredit - Kategori Loan/KategoriLoan_ObjekPembiayaan PB'

2019-10-22 12:09:32 - [TEST_STEP][PASSED] - tap(findTestObject("Simulasi Kredit/Simulasi Kredit - Kategori Loan/KategoriLoan_ObjekPembiayaan PB"), 0): Tapped on element 'Object Repository/Simulasi Kredit/Simulasi Kredit - Kategori Loan/KategoriLoan_ObjekPembiayaan PB'

2019-10-22 12:09:32 - [MESSAGE][WARNING] - Timeout '0' is invalid. Using default page load timeout: '30'

2019-10-22 12:09:33 - [MESSAGE][PASSED] - Tapped on element 'Object Repository/Simulasi Kredit/Simulasi Kredit - Kategori Loan/KategoriLoan_ObjekPembiayaan PB'

2019-10-22 12:09:33 - [TEST_STEP][PASSED] - if (varTujuanPembiayaan == "produktif"): Tapped on element 'Object Repository/Simulasi Kredit/Simulasi Kredit - Kategori Loan/KategoriLoan_Tujuan Produktif'

2019-10-22 12:09:33 - [TEST_STEP][PASSED] - tap(findTestObject("Simulasi Kredit/Simulasi Kredit - Kategori Loan/KategoriLoan_Tujuan Produktif"), 0): Tapped on element 'Object Repository/Simulasi Kredit/Simulasi Kredit - Kategori Loan/KategoriLoan_Tujuan Produktif'

2019-10-22 12:09:34 - [MESSAGE][WARNING] - Timeout '0' is invalid. Using default page load timeout: '30'

2019-10-22 12:09:36 - [MESSAGE][PASSED] - Tapped on element 'Object Repository/Simulasi Kredit/Simulasi Kredit - Kategori Loan/KategoriLoan_Tujuan Produktif'

2019-10-22 12:09:36 - [TEST_STEP][PASSED] - delay(3, STOP_ON_FAILURE): Delayed 3 second(s)

2019-10-22 12:09:39 - [MESSAGE][PASSED] - Delayed 3 second(s)

2019-10-22 12:09:39 - [TEST_STEP][NOT_RUN] - tap(findTestObject("Simulasi Kredit/Simulasi Kredit - Kategori Loan/Simulasi Kredit-Kategori loan - jaminan pembiayaan"), 0, OPTIONAL): NOT_RUN: tap(findTestObject("Simulasi Kredit/Simulasi Kredit - Kategori Loan/Simulasi Kredit-Kategori loan - jaminan pembiayaan"), 0, OPTIONAL)

2019-10-22 12:09:39 - [MESSAGE][NOT_RUN] - NOT_RUN: tap(findTestObject("Simulasi Kredit/Simulasi Kredit - Kategori Loan/Simulasi Kredit-Kategori loan - jaminan pembiayaan"), 0, OPTIONAL)

2019-10-22 12:09:39 - [TEST_STEP][NOT_RUN] - tap(findTestObject("dynamic object/pickListItem_checkedTextView", ["text":varJaminanPembiayaan]), 0, OPTIONAL): NOT_RUN: tap(findTestObject("dynamic object/pickListItem_checkedTextView", ["text":varJaminanPembiayaan]), 0, OPTIONAL)

2019-10-22 12:09:39 - [MESSAGE][NOT_RUN] - NOT_RUN: tap(findTestObject("dynamic object/pickListItem_checkedTextView", ["text":varJaminanPembiayaan]), 0, OPTIONAL)

2019-10-22 12:09:39 - [TEST_STEP][PASSED] - switch (varOpsiNPWP.toString()): null

2019-10-22 12:09:39 - [TEST_STEP][PASSED] - case "Approval":: null

2019-10-22 12:09:39 - [TEST_STEP][PASSED] - tap(findTestObject("Simulasi Kredit/Simulasi Kredit - Kategori Loan/KategoriLoan_Opsi NPWP Approval"), 0): Tapped on element 'Object Repository/Simulasi Kredit/Simulasi Kredit - Kategori Loan/KategoriLoan_Opsi NPWP Approval'

2019-10-22 12:09:39 - [MESSAGE][WARNING] - Timeout '0' is invalid. Using default page load timeout: '30'

2019-10-22 12:09:41 - [MESSAGE][PASSED] - Tapped on element 'Object Repository/Simulasi Kredit/Simulasi Kredit - Kategori Loan/KategoriLoan_Opsi NPWP Approval'

2019-10-22 12:09:41 - [TEST_STEP][PASSED] - break: null

2019-10-22 12:09:41 - [TEST_STEP][PASSED] - delay(2, STOP_ON_FAILURE): Delayed 2 second(s)

2019-10-22 12:09:43 - [MESSAGE][PASSED] - Delayed 2 second(s)

2019-10-22 12:09:43 - [TEST_STEP][PASSED] - tap(findTestObject("Simulasi Kredit/Simulasi Kredit - Kategori Loan/KategoriLoan_Berikutnya"), 0): Tapped on element 'Object Repository/Simulasi Kredit/Simulasi Kredit - Kategori Loan/KategoriLoan_Berikutnya'

2019-10-22 12:09:43 - [MESSAGE][WARNING] - Timeout '0' is invalid. Using default page load timeout: '30'

2019-10-22 12:09:45 - [MESSAGE][PASSED] - Tapped on element 'Object Repository/Simulasi Kredit/Simulasi Kredit - Kategori Loan/KategoriLoan_Berikutnya'

2019-10-22 12:09:45 - [MESSAGE][PASSED] - Call Test Case 'Test Cases/Data Entry/Simulasi Kredit/Kategori Loan/MASTER FLOW/TC_Kategori Loan - Master FLOW' successfully

2019-10-22 12:09:45 - [TEST_STEP][PASSED] - callTestCase(findTestCase("Data Entry/Simulasi Kredit/Loan Detail/MASTER FLOW/TC_Loan Detail - MASTER FLOW"), ["varTipeAngsuran":varTipeAngsuran], STOP_ON_FAILURE): Call Test Case 'Test Cases/Data Entry/Simulasi Kredit/Loan Detail/MASTER FLOW/TC_Loan Detail - MASTER FLOW' successfully

2019-10-22 12:09:46 - [TEST_CASE][PASSED] - Test Cases/Data Entry/Simulasi Kredit/Loan Detail/MASTER FLOW/TC_Loan Detail - MASTER FLOW: Test Cases/Data Entry/Simulasi Kredit/Loan Detail/MASTER FLOW/TC_Loan Detail - MASTER FLOW

2019-10-22 12:09:46 - [TEST_STEP][PASSED] - mobile.mobileSwipe.RightLeft(0.9, 0.5, 600): mobile.mobileSwipe.RightLeft is PASSED

2019-10-22 12:09:47 - [MESSAGE][PASSED] - Current device physical width is 1080

2019-10-22 12:09:48 - [MESSAGE][PASSED] - Current device physical height is 2131

2019-10-22 12:09:48 - [MESSAGE][INFO] - Device Height : 2131

2019-10-22 12:09:48 - [MESSAGE][INFO] - Device Width : 1080

2019-10-22 12:09:48 - [MESSAGE][INFO] - Swipe start at Width : 971

2019-10-22 12:09:48 - [MESSAGE][INFO] - Swipe end at Witdh : 540

2019-10-22 12:09:48 - [MESSAGE][INFO] - Y Position : 600

2019-10-22 12:09:50 - [MESSAGE][PASSED] - Swiped from 971,600 to 540,600

2019-10-22 12:09:50 - [MESSAGE][PASSED] - mobile.mobileSwipe.RightLeft is PASSED

2019-10-22 12:09:50 - [TEST_STEP][PASSED] - delay(3, STOP_ON_FAILURE): Delayed 3 second(s)

2019-10-22 12:09:53 - [MESSAGE][PASSED] - Delayed 3 second(s)

2019-10-22 12:09:53 - [TEST_STEP][PASSED] - if (varTipeAngsuran == "regular"): Tapped on element 'Object Repository/Simulasi Kredit/Simulasi Kredit - Loan Detail/LoanDetail_Regular'

2019-10-22 12:09:53 - [TEST_STEP][PASSED] - tap(findTestObject("Simulasi Kredit/Simulasi Kredit - Loan Detail/LoanDetail_Regular"), 0): Tapped on element 'Object Repository/Simulasi Kredit/Simulasi Kredit - Loan Detail/LoanDetail_Regular'

2019-10-22 12:09:53 - [MESSAGE][WARNING] - Timeout '0' is invalid. Using default page load timeout: '30'

2019-10-22 12:09:56 - [MESSAGE][PASSED] - Tapped on element 'Object Repository/Simulasi Kredit/Simulasi Kredit - Loan Detail/LoanDetail_Regular'

2019-10-22 12:09:56 - [TEST_STEP][PASSED] - mobile.mobileSwipe.UpDown(0.8, 0.4, 1000): mobile.mobileSwipe.UpDown is PASSED

2019-10-22 12:09:57 - [MESSAGE][PASSED] - Current device physical height is 2131

2019-10-22 12:09:57 - [MESSAGE][INFO] - Device Height : 2131

2019-10-22 12:09:58 - [MESSAGE][PASSED] - Current device physical width is 1080

2019-10-22 12:09:58 - [MESSAGE][INFO] - Device Width : 1080

2019-10-22 12:09:58 - [MESSAGE][INFO] - Swipe start at Height : 1704

2019-10-22 12:09:58 - [MESSAGE][INFO] - Swipe end at Height : 852

2019-10-22 12:09:58 - [MESSAGE][INFO] - X Position : 1000

2019-10-22 12:10:00 - [MESSAGE][PASSED] - Swiped from 1,000,1,704 to 1,000,852

2019-10-22 12:10:00 - [MESSAGE][PASSED] - mobile.mobileSwipe.UpDown is PASSED

2019-10-22 12:10:00 - [TEST_STEP][PASSED] - delay(7, STOP_ON_FAILURE): Delayed 7 second(s)

2019-10-22 12:10:07 - [MESSAGE][PASSED] - Delayed 7 second(s)

2019-10-22 12:10:07 - [TEST_STEP][PASSED] - tap(findTestObject("Simulasi Kredit/Simulasi Kredit - Loan Detail/LoanDetail_Hitung"), 0): Tapped on element 'Object Repository/Simulasi Kredit/Simulasi Kredit - Loan Detail/LoanDetail_Hitung'

2019-10-22 12:10:07 - [MESSAGE][WARNING] - Timeout '0' is invalid. Using default page load timeout: '30'

2019-10-22 12:10:10 - [MESSAGE][PASSED] - Tapped on element 'Object Repository/Simulasi Kredit/Simulasi Kredit - Loan Detail/LoanDetail_Hitung'

2019-10-22 12:10:10 - [TEST_STEP][PASSED] - verifyElementVisible(findTestObject("Simulasi Kredit/TxtBerhasilMelakukanPerhitungan"), 60, OPTIONAL): Element 'Object Repository/Simulasi Kredit/TxtBerhasilMelakukanPerhitungan' is visible

2019-10-22 12:10:12 - [MESSAGE][PASSED] - Element 'Object Repository/Simulasi Kredit/TxtBerhasilMelakukanPerhitungan' is visible

2019-10-22 12:10:12 - [TEST_STEP][PASSED] - tap(findTestObject("Simulasi Kredit/Simulasi Kredit - Loan Detail/LoanDetail_Berikutnya"), 0): Tapped on element 'Object Repository/Simulasi Kredit/Simulasi Kredit - Loan Detail/LoanDetail_Berikutnya'

2019-10-22 12:10:12 - [MESSAGE][WARNING] - Timeout '0' is invalid. Using default page load timeout: '30'

2019-10-22 12:10:14 - [MESSAGE][PASSED] - Tapped on element 'Object Repository/Simulasi Kredit/Simulasi Kredit - Loan Detail/LoanDetail_Berikutnya'

2019-10-22 12:10:14 - [TEST_STEP][PASSED] - delay(5, STOP_ON_FAILURE): Delayed 5 second(s)

2019-10-22 12:10:19 - [MESSAGE][PASSED] - Delayed 5 second(s)

2019-10-22 12:10:19 - [TEST_STEP][PASSED] - tap(findTestObject("Simulasi Kredit/Simulasi Kredit - Loan Detail/LoanDetail_Berikutnya"), 0): Tapped on element 'Object Repository/Simulasi Kredit/Simulasi Kredit - Loan Detail/LoanDetail_Berikutnya'

2019-10-22 12:10:19 - [MESSAGE][WARNING] - Timeout '0' is invalid. Using default page load timeout: '30'

2019-10-22 12:10:21 - [MESSAGE][PASSED] - Tapped on element 'Object Repository/Simulasi Kredit/Simulasi Kredit - Loan Detail/LoanDetail_Berikutnya'

2019-10-22 12:10:21 - [TEST_STEP][PASSED] - delay(5, STOP_ON_FAILURE): Delayed 5 second(s)

2019-10-22 12:10:26 - [MESSAGE][PASSED] - Delayed 5 second(s)

2019-10-22 12:10:26 - [MESSAGE][PASSED] - Call Test Case 'Test Cases/Data Entry/Simulasi Kredit/Loan Detail/MASTER FLOW/TC_Loan Detail - MASTER FLOW' successfully

2019-10-22 12:10:26 - [TEST_STEP][PASSED] - if (varUploadBorrower == "Y"): Call Test Case 'Test Cases/Data Entry/Upload Document/Borrower/MASTER FLOW/TC_Upload Document - borrower - MASTER FLOW' successfully

2019-10-22 12:10:26 - [TEST_STEP][PASSED] - callTestCase(findTestCase("Data Entry/Upload Document/Borrower/MASTER FLOW/TC_Upload Document - borrower - MASTER FLOW"), ["Borrower_varKTP":Borrower_varKTP, "Borrower_varSelfie":Borrower_varSelfie, "Borrower_varWefie":Borrower_varWefie, "Borrower_varKartuKeluarga":Borrower_varKartuKeluarga, ... ], STOP_ON_FAILURE): Call Test Case 'Test Cases/Data Entry/Upload Document/Borrower/MASTER FLOW/TC_Upload Document - borrower - MASTER FLOW' successfully

2019-10-22 12:10:27 - [TEST_CASE][PASSED] - Test Cases/Data Entry/Upload Document/Borrower/MASTER FLOW/TC_Upload Document - borrower - MASTER FLOW: Test Cases/Data Entry/Upload Document/Borrower/MASTER FLOW/TC_Upload Document - borrower - MASTER FLOW

2019-10-22 12:10:28 - [TEST_STEP][PASSED] - if (Borrower_varUploadKTP == "Y"): Delayed 3 second(s)

2019-10-22 12:10:28 - [TEST_STEP][PASSED] - tap(findTestObject("Upload Document/Upload Document - Item Upload/UnggahDokumen_BtnKTP"), 0): Tapped on element 'Object Repository/Upload Document/Upload Document - Item Upload/UnggahDokumen_BtnKTP'

2019-10-22 12:10:28 - [MESSAGE][WARNING] - Timeout '0' is invalid. Using default page load timeout: '30'

2019-10-22 12:10:30 - [MESSAGE][PASSED] - Tapped on element 'Object Repository/Upload Document/Upload Document - Item Upload/UnggahDokumen_BtnKTP'

2019-10-22 12:10:30 - [TEST_STEP][PASSED] - tap(findTestObject("Upload Document/Upload Document - Item Upload/UnggahDokumen_BtnGallery"), 0): Tapped on element 'Object Repository/Upload Document/Upload Document - Item Upload/UnggahDokumen_BtnGallery'

2019-10-22 12:10:30 - [MESSAGE][WARNING] - Timeout '0' is invalid. Using default page load timeout: '30'

2019-10-22 12:10:34 - [MESSAGE][PASSED] - Tapped on element 'Object Repository/Upload Document/Upload Document - Item Upload/UnggahDokumen_BtnGallery'

2019-10-22 12:10:34 - [TEST_STEP][PASSED] - scrollToText(Borrower_varKTP, STOP_ON_FAILURE): Scrolling to text 'abc.jpg' successfully

2019-10-22 12:10:36 - [MESSAGE][PASSED] - Scrolling to text 'abc.jpg' successfully

2019-10-22 12:10:36 - [TEST_STEP][PASSED] - tap(findTestObject("dynamic object/pickListItem_TextView", ["text":Borrower_varKTP]), 0): Tapped on element 'Object Repository/dynamic object/pickListItem_TextView'

2019-10-22 12:10:36 - [MESSAGE][WARNING] - Timeout '0' is invalid. Using default page load timeout: '30'

2019-10-22 12:10:38 - [MESSAGE][PASSED] - Tapped on element 'Object Repository/dynamic object/pickListItem_TextView'

2019-10-22 12:10:38 - [TEST_STEP][PASSED] - delay(3, STOP_ON_FAILURE): Delayed 3 second(s)

2019-10-22 12:10:41 - [MESSAGE][PASSED] - Delayed 3 second(s)

2019-10-22 12:10:41 - [TEST_STEP][PASSED] - if (Borrower_varUploadSelfie == "Y"): null

2019-10-22 12:10:41 - [TEST_STEP][PASSED] - if (Borrower_varWefie == "Y"): null

2019-10-22 12:10:41 - [TEST_STEP][PASSED] - if (Borrower_varKartuKeluarga == "Y"): null

2019-10-22 12:10:41 - [TEST_STEP][PASSED] - if (Borrower_varUploadSim == "Y"): null

2019-10-22 12:10:41 - [TEST_STEP][PASSED] - if (Borrower_varUploadNPWP == "Y"): null

2019-10-22 12:10:41 - [TEST_STEP][PASSED] - if (Borrower_varUploadSTNK == "Y"): null

2019-10-22 12:10:41 - [TEST_STEP][PASSED] - if (Borrower_varUploadSlipGaji == "Y"): null

2019-10-22 12:10:41 - [MESSAGE][PASSED] - Call Test Case 'Test Cases/Data Entry/Upload Document/Borrower/MASTER FLOW/TC_Upload Document - borrower - MASTER FLOW' successfully

2019-10-22 12:10:41 - [TEST_STEP][PASSED] - if (varUploadCoborrower == "Y"): null

2019-10-22 12:10:41 - [TEST_STEP][PASSED] - if (varUploadGuarantor == "Y"): null

2019-10-22 12:10:41 - [TEST_STEP][PASSED] - if (varUploadSales == "Y"): null

2019-10-22 12:10:41 - [TEST_STEP][PASSED] - mobile.mobileSwipe.RightLeft(0.9, 0.5, 1000): mobile.mobileSwipe.RightLeft is PASSED

2019-10-22 12:10:42 - [MESSAGE][PASSED] - Current device physical width is 1080

2019-10-22 12:10:43 - [MESSAGE][PASSED] - Current device physical height is 2131

2019-10-22 12:10:43 - [MESSAGE][INFO] - Device Height : 2131

2019-10-22 12:10:43 - [MESSAGE][INFO] - Device Width : 1080

2019-10-22 12:10:43 - [MESSAGE][INFO] - Swipe start at Width : 971

2019-10-22 12:10:43 - [MESSAGE][INFO] - Swipe end at Witdh : 540

2019-10-22 12:10:43 - [MESSAGE][INFO] - Y Position : 1000

2019-10-22 12:10:45 - [MESSAGE][PASSED] - Swiped from 971,1,000 to 540,1,000

2019-10-22 12:10:45 - [MESSAGE][PASSED] - mobile.mobileSwipe.RightLeft is PASSED

2019-10-22 12:10:45 - [TEST_STEP][PASSED] - waitForElementPresent(findTestObject("dynamic object/BtnBerikutnya"), 0): Element 'Object Repository/dynamic object/BtnBerikutnya' is present

2019-10-22 12:10:45 - [MESSAGE][WARNING] - Timeout '0' is invalid. Using default page load timeout: '30'

2019-10-22 12:10:46 - [MESSAGE][PASSED] - Element 'Object Repository/dynamic object/BtnBerikutnya' is present

2019-10-22 12:10:46 - [TEST_STEP][PASSED] - tap(findTestObject("dynamic object/BtnBerikutnya"), 0): Tapped on element 'Object Repository/dynamic object/BtnBerikutnya'

2019-10-22 12:10:47 - [MESSAGE][WARNING] - Timeout '0' is invalid. Using default page load timeout: '30'

2019-10-22 12:10:48 - [MESSAGE][PASSED] - Tapped on element 'Object Repository/dynamic object/BtnBerikutnya'

2019-10-22 12:10:48 - [TEST_STEP][PASSED] - callTestCase(findTestCase("Data Entry/Borrower/Flow Borrower"), ["BvarPekerjaanTab":BvarPekerjaanTab, "BvarUsahaTab":BvarUsahaTab, "BIvarTahun":BIvarTahun, "BIvarNoKTP":BIvarNoKTP, "BIvarNamaSesuaiIdentitas":BIvarNamaSesuaiIdentitas, ... ], STOP_ON_FAILURE): Call Test Case 'Test Cases/Data Entry/Borrower/Flow Borrower' successfully

2019-10-22 12:10:49 - [TEST_CASE][PASSED] - Test Cases/Data Entry/Borrower/Flow Borrower: Test Cases/Data Entry/Borrower/Flow Borrower

2019-10-22 12:10:53 - [TEST_STEP][PASSED] - callTestCase(findTestCase("Data Entry/Borrower/Borrower - Identitas/MASTER FLOW/TC_Borrower - Identitas - MASTER FLOW"), ["BIvarTahun":BIvarTahun, "BIvarNoKTP":BIvarNoKTP, "BIvarNamaSesuaiIdentitas":BIvarNamaSesuaiIdentitas, "BIvarTempatLahir":BIvarTempatLahir, ... ], STOP_ON_FAILURE): Call Test Case 'Test Cases/Data Entry/Borrower/Borrower - Identitas/MASTER FLOW/TC_Borrower - Identitas - MASTER FLOW' successfully

2019-10-22 12:10:53 - [TEST_CASE][PASSED] - Test Cases/Data Entry/Borrower/Borrower - Identitas/MASTER FLOW/TC_Borrower - Identitas - MASTER FLOW: Test Cases/Data Entry/Borrower/Borrower - Identitas/MASTER FLOW/TC_Borrower - Identitas - MASTER FLOW

2019-10-22 12:10:54 - [TEST_STEP][PASSED] - verifyElementVisible(findTestObject("Borrower/Borrower - Identitas/Borrower-Identitas-WNI"), 60, OPTIONAL): Element 'Object Repository/Borrower/Borrower - Identitas/Borrower-Identitas-WNI' is visible

2019-10-22 12:11:11 - [MESSAGE][PASSED] - Element 'Object Repository/Borrower/Borrower - Identitas/Borrower-Identitas-WNI' is visible

2019-10-22 12:11:11 - [TEST_STEP][PASSED] - if (BIvarKewarganegaraan == "WNI"): Tapped on element 'Object Repository/Borrower/Borrower - Identitas/Borrower-Identitas-WNI'

2019-10-22 12:11:11 - [TEST_STEP][PASSED] - tap(findTestObject("Borrower/Borrower - Identitas/Borrower-Identitas-WNI"), 0): Tapped on element 'Object Repository/Borrower/Borrower - Identitas/Borrower-Identitas-WNI'

2019-10-22 12:11:11 - [MESSAGE][WARNING] - Timeout '0' is invalid. Using default page load timeout: '30'

2019-10-22 12:11:14 - [MESSAGE][PASSED] - Tapped on element 'Object Repository/Borrower/Borrower - Identitas/Borrower-Identitas-WNI'

2019-10-22 12:11:14 - [TEST_STEP][PASSED] - setText(findTestObject("Borrower/Borrower - Identitas/Borrower_InpNoKTP"), BIvarNoKTP, 0): Text '3471095110940001' has been set to element 'Object Repository/Borrower/Borrower - Identitas/Borrower_InpNoKTP'

2019-10-22 12:11:14 - [MESSAGE][WARNING] - Timeout '0' is invalid. Using default page load timeout: '30'

2019-10-22 12:11:17 - [MESSAGE][PASSED] - Text '3471095110940001' has been set to element 'Object Repository/Borrower/Borrower - Identitas/Borrower_InpNoKTP'

2019-10-22 12:11:17 - [TEST_STEP][PASSED] - if (BIvarVerifikasi == "Ya"): mobile.mobileSwipe.UpDown is PASSED

2019-10-22 12:11:17 - [TEST_STEP][PASSED] - tap(findTestObject("Borrower/Borrower - Identitas/Borrower_BtnVerifikasiKTP"), 0): Tapped on element 'Object Repository/Borrower/Borrower - Identitas/Borrower_BtnVerifikasiKTP'

2019-10-22 12:11:17 - [MESSAGE][WARNING] - Timeout '0' is invalid. Using default page load timeout: '30'

2019-10-22 12:11:21 - [MESSAGE][PASSED] - Tapped on element 'Object Repository/Borrower/Borrower - Identitas/Borrower_BtnVerifikasiKTP'

2019-10-22 12:11:21 - [TEST_STEP][PASSED] - mobile.mobileSwipe.UpDown(0.8, 0.2, 1000): mobile.mobileSwipe.UpDown is PASSED

2019-10-22 12:11:22 - [MESSAGE][PASSED] - Current device physical height is 2131

2019-10-22 12:11:22 - [MESSAGE][INFO] - Device Height : 2131

2019-10-22 12:11:23 - [MESSAGE][PASSED] - Current device physical width is 1080

2019-10-22 12:11:23 - [MESSAGE][INFO] - Device Width : 1080

2019-10-22 12:11:23 - [MESSAGE][INFO] - Swipe start at Height : 1704

2019-10-22 12:11:23 - [MESSAGE][INFO] - Swipe end at Height : 426

2019-10-22 12:11:23 - [MESSAGE][INFO] - X Position : 1000

2019-10-22 12:11:25 - [MESSAGE][PASSED] - Swiped from 1,000,1,704 to 1,000,426

2019-10-22 12:11:25 - [MESSAGE][PASSED] - mobile.mobileSwipe.UpDown is PASSED

2019-10-22 12:11:25 - [TEST_STEP][PASSED] - tap(findTestObject("Borrower/Borrower - Identitas/Borrower_TxtAgama"), 0, STOP_ON_FAILURE): Tapped on element 'Object Repository/Borrower/Borrower - Identitas/Borrower_TxtAgama'

2019-10-22 12:11:25 - [MESSAGE][WARNING] - Timeout '0' is invalid. Using default page load timeout: '30'

2019-10-22 12:11:29 - [MESSAGE][PASSED] - Tapped on element 'Object Repository/Borrower/Borrower - Identitas/Borrower_TxtAgama'

2019-10-22 12:11:29 - [TEST_STEP][PASSED] - tap(findTestObject("dynamic object/pickListItem_checkedTextView", ["text":BIvarAgama]), 0, STOP_ON_FAILURE): Tapped on element 'Object Repository/dynamic object/pickListItem_checkedTextView'

2019-10-22 12:11:29 - [MESSAGE][WARNING] - Timeout '0' is invalid. Using default page load timeout: '30'

2019-10-22 12:11:31 - [MESSAGE][PASSED] - Tapped on element 'Object Repository/dynamic object/pickListItem_checkedTextView'

2019-10-22 12:11:31 - [TEST_STEP][PASSED] - tap(findTestObject("Borrower/Borrower - Identitas/Borrower_TxtStatusPerkawinan"), 0, STOP_ON_FAILURE): Tapped on element 'Object Repository/Borrower/Borrower - Identitas/Borrower_TxtStatusPerkawinan'

2019-10-22 12:11:31 - [MESSAGE][WARNING] - Timeout '0' is invalid. Using default page load timeout: '30'

2019-10-22 12:11:34 - [MESSAGE][PASSED] - Tapped on element 'Object Repository/Borrower/Borrower - Identitas/Borrower_TxtStatusPerkawinan'

2019-10-22 12:11:34 - [TEST_STEP][PASSED] - tap(findTestObject("dynamic object/pickListItem_checkedTextView", ["text":BIvarStatusPerkawinan]), 0, STOP_ON_FAILURE): Tapped on element 'Object Repository/dynamic object/pickListItem_checkedTextView'

2019-10-22 12:11:34 - [MESSAGE][WARNING] - Timeout '0' is invalid. Using default page load timeout: '30'

2019-10-22 12:11:35 - [MESSAGE][PASSED] - Tapped on element 'Object Repository/dynamic object/pickListItem_checkedTextView'

2019-10-22 12:11:35 - [MESSAGE][PASSED] - Call Test Case 'Test Cases/Data Entry/Borrower/Borrower - Identitas/MASTER FLOW/TC_Borrower - Identitas - MASTER FLOW' successfully

2019-10-22 12:11:35 - [TEST_STEP][PASSED] - mobile.mobileSwipe.RightLeft(0.9, 0.5, 1000): mobile.mobileSwipe.RightLeft is PASSED

2019-10-22 12:11:36 - [MESSAGE][PASSED] - Current device physical width is 1080

2019-10-22 12:11:37 - [MESSAGE][PASSED] - Current device physical height is 2131

2019-10-22 12:11:37 - [MESSAGE][INFO] - Device Height : 2131

2019-10-22 12:11:37 - [MESSAGE][INFO] - Device Width : 1080

2019-10-22 12:11:37 - [MESSAGE][INFO] - Swipe start at Width : 971

2019-10-22 12:11:37 - [MESSAGE][INFO] - Swipe end at Witdh : 540

2019-10-22 12:11:37 - [MESSAGE][INFO] - Y Position : 1000

2019-10-22 12:11:39 - [MESSAGE][PASSED] - Swiped from 971,1,000 to 540,1,000

2019-10-22 12:11:39 - [MESSAGE][PASSED] - mobile.mobileSwipe.RightLeft is PASSED

2019-10-22 12:11:39 - [TEST_STEP][PASSED] - mobile.mobileSwipe.UpDown(0.2, 0.8, 1000): mobile.mobileSwipe.UpDown is PASSED

2019-10-22 12:11:40 - [MESSAGE][PASSED] - Current device physical height is 2131

2019-10-22 12:11:40 - [MESSAGE][INFO] - Device Height : 2131

2019-10-22 12:11:41 - [MESSAGE][PASSED] - Current device physical width is 1080

2019-10-22 12:11:41 - [MESSAGE][INFO] - Device Width : 1080

2019-10-22 12:11:41 - [MESSAGE][INFO] - Swipe start at Height : 426

2019-10-22 12:11:41 - [MESSAGE][INFO] - Swipe end at Height : 1704

2019-10-22 12:11:41 - [MESSAGE][INFO] - X Position : 1000

2019-10-22 12:11:44 - [MESSAGE][PASSED] - Swiped from 1,000,426 to 1,000,1,704

2019-10-22 12:11:44 - [MESSAGE][PASSED] - mobile.mobileSwipe.UpDown is PASSED

2019-10-22 12:11:44 - [TEST_STEP][PASSED] - callTestCase(findTestCase("Data Entry/Borrower/Borrower - Info Umum/MASTER FLOW/TC_Borrower - Info Umum - MASTER FLOW"), ["BIUvarNamaLengkapTanpaSingkatan":BIUvarNamaLengkapTanpaSingkatan, "BIUvarNamaPanggilan":BIUvarNamaPanggilan, "BIUvarNoNPWP":BIUvarNoNPWP, ... ], STOP_ON_FAILURE): Call Test Case 'Test Cases/Data Entry/Borrower/Borrower - Info Umum/MASTER FLOW/TC_Borrower - Info Umum - MASTER FLOW' successfully

2019-10-22 12:11:44 - [TEST_CASE][PASSED] - Test Cases/Data Entry/Borrower/Borrower - Info Umum/MASTER FLOW/TC_Borrower - Info Umum - MASTER FLOW: Test Cases/Data Entry/Borrower/Borrower - Info Umum/MASTER FLOW/TC_Borrower - Info Umum - MASTER FLOW

2019-10-22 12:11:45 - [TEST_STEP][PASSED] - tap(findTestObject("Borrower/Borrower - Info Umum/Borrower_InpNamaLengkapTanpaSingkatan"), 0, STOP_ON_FAILURE): Tapped on element 'Object Repository/Borrower/Borrower - Info Umum/Borrower_InpNamaLengkapTanpaSingkatan'

2019-10-22 12:11:45 - [MESSAGE][WARNING] - Timeout '0' is invalid. Using default page load timeout: '30'

2019-10-22 12:11:48 - [MESSAGE][PASSED] - Tapped on element 'Object Repository/Borrower/Borrower - Info Umum/Borrower_InpNamaLengkapTanpaSingkatan'

2019-10-22 12:11:48 - [TEST_STEP][PASSED] - setText(findTestObject("Borrower/Borrower - Info Umum/Borrower_InpNamaLengkapTanpaSingkatan"), BIUvarNamaLengkapTanpaSingkatan, 0): Text 'FRANSISKA MAYA LESTARI' has been set to element 'Object Repository/Borrower/Borrower - Info Umum/Borrower_InpNamaLengkapTanpaSingkatan'

2019-10-22 12:11:48 - [MESSAGE][WARNING] - Timeout '0' is invalid. Using default page load timeout: '30'

2019-10-22 12:11:50 - [MESSAGE][PASSED] - Text 'FRANSISKA MAYA LESTARI' has been set to element 'Object Repository/Borrower/Borrower - Info Umum/Borrower_InpNamaLengkapTanpaSingkatan'

2019-10-22 12:11:50 - [TEST_STEP][PASSED] - setText(findTestObject("Borrower/Borrower - Info Umum/Borrower_InpNamaPanggilan"), BIUvarNamaPanggilan, 0): Text 'MAYA' has been set to element 'Object Repository/Borrower/Borrower - Info Umum/Borrower_InpNamaPanggilan'

2019-10-22 12:11:50 - [MESSAGE][WARNING] - Timeout '0' is invalid. Using default page load timeout: '30'

2019-10-22 12:11:53 - [MESSAGE][PASSED] - Text 'MAYA' has been set to element 'Object Repository/Borrower/Borrower - Info Umum/Borrower_InpNamaPanggilan'

2019-10-22 12:11:53 - [TEST_STEP][PASSED] - setText(findTestObject("Borrower/Borrower - Info Umum/Borrower_InpNoNPWP"), BIUvarNoNPWP, 0): Text '192487192471924' has been set to element 'Object Repository/Borrower/Borrower - Info Umum/Borrower_InpNoNPWP'

2019-10-22 12:11:53 - [MESSAGE][WARNING] - Timeout '0' is invalid. Using default page load timeout: '30'

2019-10-22 12:11:55 - [MESSAGE][PASSED] - Text '192487192471924' has been set to element 'Object Repository/Borrower/Borrower - Info Umum/Borrower_InpNoNPWP'

2019-10-22 12:11:55 - [TEST_STEP][PASSED] - setText(findTestObject("Borrower/Borrower - Info Umum/Borrower_InpNamaNPWP"), BIUvarNamaNPWP, 0): Text 'wwkwkwkwk' has been set to element 'Object Repository/Borrower/Borrower - Info Umum/Borrower_InpNamaNPWP'

2019-10-22 12:11:56 - [MESSAGE][WARNING] - Timeout '0' is invalid. Using default page load timeout: '30'

2019-10-22 12:11:58 - [MESSAGE][PASSED] - Text 'wwkwkwkwk' has been set to element 'Object Repository/Borrower/Borrower - Info Umum/Borrower_InpNamaNPWP'

2019-10-22 12:11:58 - [TEST_STEP][PASSED] - setText(findTestObject("Borrower/Borrower - Info Umum/Borrower_InpNamaIbuKandung"), BIUvarNamaIbuKandung, 0): Text 'yuhuu' has been set to element 'Object Repository/Borrower/Borrower - Info Umum/Borrower_InpNamaIbuKandung'

2019-10-22 12:11:58 - [MESSAGE][WARNING] - Timeout '0' is invalid. Using default page load timeout: '30'

2019-10-22 12:12:01 - [MESSAGE][PASSED] - Text 'yuhuu' has been set to element 'Object Repository/Borrower/Borrower - Info Umum/Borrower_InpNamaIbuKandung'

2019-10-22 12:12:01 - [TEST_STEP][PASSED] - mobile.mobileSwipe.UpDown(0.7, 0.2, 1000): mobile.mobileSwipe.UpDown is PASSED

2019-10-22 12:12:02 - [MESSAGE][PASSED] - Current device physical height is 2131

2019-10-22 12:12:02 - [MESSAGE][INFO] - Device Height : 2131

2019-10-22 12:12:03 - [MESSAGE][PASSED] - Current device physical width is 1080

2019-10-22 12:12:04 - [MESSAGE][INFO] - Device Width : 1080

2019-10-22 12:12:04 - [MESSAGE][INFO] - Swipe start at Height : 1491

2019-10-22 12:12:04 - [MESSAGE][INFO] - Swipe end at Height : 426

2019-10-22 12:12:04 - [MESSAGE][INFO] - X Position : 1000

2019-10-22 12:12:06 - [MESSAGE][PASSED] - Swiped from 1,000,1,491 to 1,000,426

2019-10-22 12:12:06 - [MESSAGE][PASSED] - mobile.mobileSwipe.UpDown is PASSED

2019-10-22 12:12:06 - [TEST_STEP][PASSED] - tap(findTestObject("Borrower/Borrower - Info Umum/Borrower_TxtPendidikan"), 0): Tapped on element 'Object Repository/Borrower/Borrower - Info Umum/Borrower_TxtPendidikan'

2019-10-22 12:12:06 - [MESSAGE][WARNING] - Timeout '0' is invalid. Using default page load timeout: '30'

2019-10-22 12:12:10 - [MESSAGE][PASSED] - Tapped on element 'Object Repository/Borrower/Borrower - Info Umum/Borrower_TxtPendidikan'

2019-10-22 12:12:10 - [TEST_STEP][PASSED] - tap(findTestObject("dynamic object/pickListItem_checkedTextView", ["text":BIUvarPendidikan]), 0): Tapped on element 'Object Repository/dynamic object/pickListItem_checkedTextView'

2019-10-22 12:12:10 - [MESSAGE][WARNING] - Timeout '0' is invalid. Using default page load timeout: '30'

2019-10-22 12:12:11 - [MESSAGE][PASSED] - Tapped on element 'Object Repository/dynamic object/pickListItem_checkedTextView'

2019-10-22 12:12:11 - [TEST_STEP][PASSED] - if (BIUvarAlamatMenyurat == "Domisili"): null

2019-10-22 12:12:11 - [TEST_STEP][PASSED] - setText(findTestObject("Borrower/Borrower - Info Umum/Borrower_InpAlamatEmail"), BIUvarAlamatEmail, 0): Text 'wkwkw@a.c' has been set to element 'Object Repository/Borrower/Borrower - Info Umum/Borrower_InpAlamatEmail'

2019-10-22 12:12:11 - [MESSAGE][WARNING] - Timeout '0' is invalid. Using default page load timeout: '30'

2019-10-22 12:12:14 - [MESSAGE][PASSED] - Text 'wkwkw@a.c' has been set to element 'Object Repository/Borrower/Borrower - Info Umum/Borrower_InpAlamatEmail'

2019-10-22 12:12:14 - [TEST_STEP][PASSED] - tap(findTestObject("Borrower/Borrower - Info Umum/Borrower_TxtSumberDanaUangMuka"), 0): Tapped on element 'Object Repository/Borrower/Borrower - Info Umum/Borrower_TxtSumberDanaUangMuka'

2019-10-22 12:12:14 - [MESSAGE][WARNING] - Timeout '0' is invalid. Using default page load timeout: '30'

2019-10-22 12:12:17 - [MESSAGE][PASSED] - Tapped on element 'Object Repository/Borrower/Borrower - Info Umum/Borrower_TxtSumberDanaUangMuka'

2019-10-22 12:12:17 - [TEST_STEP][PASSED] - tap(findTestObject("dynamic object/pickListItem_checkedTextView", ["text":BIUvarSumberDanaUangMuka]), 0): Tapped on element 'Object Repository/dynamic object/pickListItem_checkedTextView'

2019-10-22 12:12:17 - [MESSAGE][WARNING] - Timeout '0' is invalid. Using default page load timeout: '30'

2019-10-22 12:12:19 - [MESSAGE][PASSED] - Tapped on element 'Object Repository/dynamic object/pickListItem_checkedTextView'

2019-10-22 12:12:19 - [TEST_STEP][PASSED] - tap(findTestObject("Borrower/Borrower - Info Umum/Borrower_TxtSumberDanaAngsuran"), 0): Tapped on element 'Object Repository/Borrower/Borrower - Info Umum/Borrower_TxtSumberDanaAngsuran'

2019-10-22 12:12:19 - [MESSAGE][WARNING] - Timeout '0' is invalid. Using default page load timeout: '30'

2019-10-22 12:12:23 - [MESSAGE][PASSED] - Tapped on element 'Object Repository/Borrower/Borrower - Info Umum/Borrower_TxtSumberDanaAngsuran'

2019-10-22 12:12:23 - [TEST_STEP][PASSED] - tap(findTestObject("dynamic object/pickListItem_checkedTextView", ["text":BIUvarSumberDanaAngsuran]), 0): Tapped on element 'Object Repository/dynamic object/pickListItem_checkedTextView'

2019-10-22 12:12:23 - [MESSAGE][WARNING] - Timeout '0' is invalid. Using default page load timeout: '30'

2019-10-22 12:12:24 - [MESSAGE][PASSED] - Tapped on element 'Object Repository/dynamic object/pickListItem_checkedTextView'

2019-10-22 12:12:24 - [TEST_STEP][PASSED] - tap(findTestObject("Borrower/Borrower - Info Umum/Borrower_TxtKepemilikanDana"), 0): Tapped on element 'Object Repository/Borrower/Borrower - Info Umum/Borrower_TxtKepemilikanDana'

2019-10-22 12:12:24 - [MESSAGE][WARNING] - Timeout '0' is invalid. Using default page load timeout: '30'

2019-10-22 12:12:28 - [MESSAGE][PASSED] - Tapped on element 'Object Repository/Borrower/Borrower - Info Umum/Borrower_TxtKepemilikanDana'

2019-10-22 12:12:28 - [TEST_STEP][PASSED] - tap(findTestObject("dynamic object/pickListItem_checkedTextView", ["text":BIUvarKepemilikanDana]), 0): Tapped on element 'Object Repository/dynamic object/pickListItem_checkedTextView'

2019-10-22 12:12:28 - [MESSAGE][WARNING] - Timeout '0' is invalid. Using default page load timeout: '30'

2019-10-22 12:12:29 - [MESSAGE][PASSED] - Tapped on element 'Object Repository/dynamic object/pickListItem_checkedTextView'

2019-10-22 12:12:29 - [MESSAGE][PASSED] - Call Test Case 'Test Cases/Data Entry/Borrower/Borrower - Info Umum/MASTER FLOW/TC_Borrower - Info Umum - MASTER FLOW' successfully

2019-10-22 12:12:29 - [TEST_STEP][PASSED] - mobile.mobileSwipe.RightLeft(0.9, 0.5, 1000): mobile.mobileSwipe.RightLeft is PASSED

2019-10-22 12:12:30 - [MESSAGE][PASSED] - Current device physical width is 1080

2019-10-22 12:12:31 - [MESSAGE][PASSED] - Current device physical height is 2131

2019-10-22 12:12:31 - [MESSAGE][INFO] - Device Height : 2131

2019-10-22 12:12:31 - [MESSAGE][INFO] - Device Width : 1080

2019-10-22 12:12:31 - [MESSAGE][INFO] - Swipe start at Width : 971

2019-10-22 12:12:31 - [MESSAGE][INFO] - Swipe end at Witdh : 540

2019-10-22 12:12:31 - [MESSAGE][INFO] - Y Position : 1000

2019-10-22 12:12:33 - [MESSAGE][PASSED] - Swiped from 971,1,000 to 540,1,000

2019-10-22 12:12:33 - [MESSAGE][PASSED] - mobile.mobileSwipe.RightLeft is PASSED

2019-10-22 12:12:33 - [TEST_STEP][PASSED] - mobile.mobileSwipe.UpDown(0.2, 0.8, 1000): mobile.mobileSwipe.UpDown is PASSED

2019-10-22 12:12:34 - [MESSAGE][PASSED] - Current device physical height is 2131

2019-10-22 12:12:34 - [MESSAGE][INFO] - Device Height : 2131

2019-10-22 12:12:35 - [MESSAGE][PASSED] - Current device physical width is 1080

2019-10-22 12:12:36 - [MESSAGE][INFO] - Device Width : 1080

2019-10-22 12:12:36 - [MESSAGE][INFO] - Swipe start at Height : 426

2019-10-22 12:12:36 - [MESSAGE][INFO] - Swipe end at Height : 1704

2019-10-22 12:12:36 - [MESSAGE][INFO] - X Position : 1000

2019-10-22 12:12:38 - [MESSAGE][PASSED] - Swiped from 1,000,426 to 1,000,1,704

2019-10-22 12:12:38 - [MESSAGE][PASSED] - mobile.mobileSwipe.UpDown is PASSED

2019-10-22 12:12:38 - [TEST_STEP][PASSED] - tap(findTestObject("Borrower/Borrower - Info Umum/Borrower_TabDomisili"), 0): Tapped on element 'Object Repository/Borrower/Borrower - Info Umum/Borrower_TabDomisili'

2019-10-22 12:12:38 - [MESSAGE][WARNING] - Timeout '0' is invalid. Using default page load timeout: '30'

2019-10-22 12:12:40 - [MESSAGE][PASSED] - Tapped on element 'Object Repository/Borrower/Borrower - Info Umum/Borrower_TabDomisili'

2019-10-22 12:12:40 - [TEST_STEP][PASSED] - callTestCase(findTestCase("Data Entry/Borrower/Borrower - Domisili/MASTER FLOW/TC_Borrower - Domisili - MASTER FLOW"), ["BDvarAlamatLengkap":BDvarAlamatLengkap, "BDvarRT":BDvarRT, "BDvarRW":BDvarRW, "BDvarKodePos":BDvarKodePos, "BDvarNegaraDomisili":BDvarNegaraDomisili, ... ], STOP_ON_FAILURE): Call Test Case 'Test Cases/Data Entry/Borrower/Borrower - Domisili/MASTER FLOW/TC_Borrower - Domisili - MASTER FLOW' successfully

2019-10-22 12:12:40 - [TEST_CASE][PASSED] - Test Cases/Data Entry/Borrower/Borrower - Domisili/MASTER FLOW/TC_Borrower - Domisili - MASTER FLOW: Test Cases/Data Entry/Borrower/Borrower - Domisili/MASTER FLOW/TC_Borrower - Domisili - MASTER FLOW

2019-10-22 12:12:42 - [TEST_STEP][PASSED] - if (BDvarDomisili == "Tidak"): null

2019-10-22 12:12:42 - [TEST_STEP][PASSED] - else: Tapped on element 'Object Repository/Borrower/Borrower - Domisili/Borrower_BtnAlamatDomisiliSamaDenganIdentitas - Ya'

2019-10-22 12:12:42 - [TEST_STEP][PASSED] - tap(findTestObject("Borrower/Borrower - Domisili/Borrower_BtnAlamatDomisiliSamaDenganIdentitas - Ya"), 0, OPTIONAL): Tapped on element 'Object Repository/Borrower/Borrower - Domisili/Borrower_BtnAlamatDomisiliSamaDenganIdentitas - Ya'

2019-10-22 12:12:42 - [MESSAGE][WARNING] - Timeout '0' is invalid. Using default page load timeout: '30'

2019-10-22 12:12:45 - [MESSAGE][PASSED] - Tapped on element 'Object Repository/Borrower/Borrower - Domisili/Borrower_BtnAlamatDomisiliSamaDenganIdentitas - Ya'

2019-10-22 12:12:45 - [TEST_STEP][PASSED] - setText(findTestObject("Borrower/Borrower - Domisili/Borrower_InpNegaraDomisili"), BDvarNegaraDomisili, 0): Text 'INDONESIA' has been set to element 'Object Repository/Borrower/Borrower - Domisili/Borrower_InpNegaraDomisili'

2019-10-22 12:12:45 - [MESSAGE][WARNING] - Timeout '0' is invalid. Using default page load timeout: '30'

2019-10-22 12:12:47 - [MESSAGE][PASSED] - Text 'INDONESIA' has been set to element 'Object Repository/Borrower/Borrower - Domisili/Borrower_InpNegaraDomisili'

2019-10-22 12:12:47 - [TEST_STEP][PASSED] - mobile.mobileSwipe.UpDown(0.7, 0.3, 1000): mobile.mobileSwipe.UpDown is PASSED

2019-10-22 12:12:48 - [MESSAGE][PASSED] - Current device physical height is 2131

2019-10-22 12:12:48 - [MESSAGE][INFO] - Device Height : 2131

2019-10-22 12:12:49 - [MESSAGE][PASSED] - Current device physical width is 1080

2019-10-22 12:12:49 - [MESSAGE][INFO] - Device Width : 1080

2019-10-22 12:12:49 - [MESSAGE][INFO] - Swipe start at Height : 1491

2019-10-22 12:12:49 - [MESSAGE][INFO] - Swipe end at Height : 639

2019-10-22 12:12:49 - [MESSAGE][INFO] - X Position : 1000

2019-10-22 12:12:51 - [MESSAGE][PASSED] - Swiped from 1,000,1,491 to 1,000,639

2019-10-22 12:12:51 - [MESSAGE][PASSED] - mobile.mobileSwipe.UpDown is PASSED

2019-10-22 12:12:51 - [TEST_STEP][PASSED] - tap(findTestObject("Borrower/Borrower - Domisili/Borrower_InpNegaraDomisili"), 0, STOP_ON_FAILURE): Tapped on element 'Object Repository/Borrower/Borrower - Domisili/Borrower_InpNegaraDomisili'

2019-10-22 12:12:51 - [MESSAGE][WARNING] - Timeout '0' is invalid. Using default page load timeout: '30'

2019-10-22 12:12:55 - [MESSAGE][PASSED] - Tapped on element 'Object Repository/Borrower/Borrower - Domisili/Borrower_InpNegaraDomisili'

2019-10-22 12:12:55 - [TEST_STEP][PASSED] - tap(findTestObject("dynamic object/pickListItem_viewView", ["text":BDvarNegaraDomisili]), 0): Tapped on element 'Object Repository/dynamic object/pickListItem_viewView'

2019-10-22 12:12:55 - [MESSAGE][WARNING] - Timeout '0' is invalid. Using default page load timeout: '30'

2019-10-22 12:12:59 - [MESSAGE][PASSED] - Tapped on element 'Object Repository/dynamic object/pickListItem_viewView'

2019-10-22 12:12:59 - [TEST_STEP][PASSED] - mobile.mobileSwipe.UpDown(0.7, 0.4, 1000): mobile.mobileSwipe.UpDown is PASSED

2019-10-22 12:13:00 - [MESSAGE][PASSED] - Current device physical height is 2131

2019-10-22 12:13:00 - [MESSAGE][INFO] - Device Height : 2131

2019-10-22 12:13:01 - [MESSAGE][PASSED] - Current device physical width is 1080

2019-10-22 12:13:01 - [MESSAGE][INFO] - Device Width : 1080

2019-10-22 12:13:01 - [MESSAGE][INFO] - Swipe start at Height : 1491

2019-10-22 12:13:01 - [MESSAGE][INFO] - Swipe end at Height : 852

2019-10-22 12:13:01 - [MESSAGE][INFO] - X Position : 1000

2019-10-22 12:13:03 - [MESSAGE][PASSED] - Swiped from 1,000,1,491 to 1,000,852

2019-10-22 12:13:03 - [MESSAGE][PASSED] - mobile.mobileSwipe.UpDown is PASSED

2019-10-22 12:13:03 - [TEST_STEP][PASSED] - setText(findTestObject("Borrower/Borrower - Domisili/Borrower_InpPetunjukAlamat"), BDvarPetunjukAlamat, 0): Text 'sfsdfsfsdfs' has been set to element 'Object Repository/Borrower/Borrower - Domisili/Borrower_InpPetunjukAlamat'

2019-10-22 12:13:03 - [MESSAGE][WARNING] - Timeout '0' is invalid. Using default page load timeout: '30'

2019-10-22 12:13:05 - [MESSAGE][PASSED] - Text 'sfsdfsfsdfs' has been set to element 'Object Repository/Borrower/Borrower - Domisili/Borrower_InpPetunjukAlamat'

2019-10-22 12:13:05 - [TEST_STEP][PASSED] - tap(findTestObject("Borrower/Borrower - Domisili/Borrower_TxtTinggalSejakTahun"), 0): Tapped on element 'Object Repository/Borrower/Borrower - Domisili/Borrower_TxtTinggalSejakTahun'

2019-10-22 12:13:05 - [MESSAGE][WARNING] - Timeout '0' is invalid. Using default page load timeout: '30'

2019-10-22 12:13:09 - [MESSAGE][PASSED] - Tapped on element 'Object Repository/Borrower/Borrower - Domisili/Borrower_TxtTinggalSejakTahun'

2019-10-22 12:13:09 - [TEST_STEP][PASSED] - scrollToText(BDvarTinggalSejakTahun, STOP_ON_FAILURE): Scrolling to text '2000' successfully

2019-10-22 12:13:18 - [MESSAGE][PASSED] - Scrolling to text '2000' successfully

2019-10-22 12:13:18 - [TEST_STEP][PASSED] - tap(findTestObject("dynamic object/pickListItem_checkedTextView", ["text":BDvarTinggalSejakTahun]), 0): Tapped on element 'Object Repository/dynamic object/pickListItem_checkedTextView'

2019-10-22 12:13:18 - [MESSAGE][WARNING] - Timeout '0' is invalid. Using default page load timeout: '30'

2019-10-22 12:13:20 - [MESSAGE][PASSED] - Tapped on element 'Object Repository/dynamic object/pickListItem_checkedTextView'

2019-10-22 12:13:20 - [TEST_STEP][PASSED] - tap(findTestObject("Borrower/Borrower - Domisili/Borrower_TxtStatusTempatTinggal"), 0): Tapped on element 'Object Repository/Borrower/Borrower - Domisili/Borrower_TxtStatusTempatTinggal'

2019-10-22 12:13:20 - [MESSAGE][WARNING] - Timeout '0' is invalid. Using default page load timeout: '30'

2019-10-22 12:13:23 - [MESSAGE][PASSED] - Tapped on element 'Object Repository/Borrower/Borrower - Domisili/Borrower_TxtStatusTempatTinggal'

2019-10-22 12:13:23 - [TEST_STEP][PASSED] - tap(findTestObject("dynamic object/pickListItem_checkedTextView", ["text":BDvarStatusTempatTinggal]), 0): Tapped on element 'Object Repository/dynamic object/pickListItem_checkedTextView'

2019-10-22 12:13:23 - [MESSAGE][WARNING] - Timeout '0' is invalid. Using default page load timeout: '30'

2019-10-22 12:13:25 - [MESSAGE][PASSED] - Tapped on element 'Object Repository/dynamic object/pickListItem_checkedTextView'

2019-10-22 12:13:25 - [TEST_STEP][PASSED] - setText(findTestObject("Borrower/Borrower - Domisili/Borrower_InpKodeArea"), BDvarKodeArea, 0): Text '021' has been set to element 'Object Repository/Borrower/Borrower - Domisili/Borrower_InpKodeArea'

2019-10-22 12:13:25 - [MESSAGE][WARNING] - Timeout '0' is invalid. Using default page load timeout: '30'

2019-10-22 12:13:27 - [MESSAGE][PASSED] - Text '021' has been set to element 'Object Repository/Borrower/Borrower - Domisili/Borrower_InpKodeArea'

2019-10-22 12:13:27 - [TEST_STEP][PASSED] - setText(findTestObject("Borrower/Borrower - Domisili/Borrower_InpNoTelponFixedLine"), BDvarNoTelponFixedLine, 0): Text '2132132' has been set to element 'Object Repository/Borrower/Borrower - Domisili/Borrower_InpNoTelponFixedLine'

2019-10-22 12:13:27 - [MESSAGE][WARNING] - Timeout '0' is invalid. Using default page load timeout: '30'

2019-10-22 12:13:30 - [MESSAGE][PASSED] - Text '2132132' has been set to element 'Object Repository/Borrower/Borrower - Domisili/Borrower_InpNoTelponFixedLine'

2019-10-22 12:13:30 - [TEST_STEP][PASSED] - setText(findTestObject("Borrower/Borrower - Domisili/Borrower_InpTelponSelular"), BDvarTelponSelular, 0): Text '12938178923' has been set to element 'Object Repository/Borrower/Borrower - Domisili/Borrower_InpTelponSelular'

2019-10-22 12:13:30 - [MESSAGE][WARNING] - Timeout '0' is invalid. Using default page load timeout: '30'

2019-10-22 12:13:33 - [MESSAGE][PASSED] - Text '12938178923' has been set to element 'Object Repository/Borrower/Borrower - Domisili/Borrower_InpTelponSelular'

2019-10-22 12:13:33 - [TEST_STEP][PASSED] - if (BDvarROAO == "Ya"): null

2019-10-22 12:13:33 - [MESSAGE][PASSED] - Call Test Case 'Test Cases/Data Entry/Borrower/Borrower - Domisili/MASTER FLOW/TC_Borrower - Domisili - MASTER FLOW' successfully

2019-10-22 12:13:33 - [TEST_STEP][PASSED] - mobile.mobileSwipe.RightLeft(0.9, 0.5, 1000): mobile.mobileSwipe.RightLeft is PASSED

2019-10-22 12:13:34 - [MESSAGE][PASSED] - Current device physical width is 1080

2019-10-22 12:13:35 - [MESSAGE][PASSED] - Current device physical height is 2131

2019-10-22 12:13:35 - [MESSAGE][INFO] - Device Height : 2131

2019-10-22 12:13:35 - [MESSAGE][INFO] - Device Width : 1080

2019-10-22 12:13:35 - [MESSAGE][INFO] - Swipe start at Width : 971

2019-10-22 12:13:35 - [MESSAGE][INFO] - Swipe end at Witdh : 540

2019-10-22 12:13:35 - [MESSAGE][INFO] - Y Position : 1000

2019-10-22 12:13:37 - [MESSAGE][PASSED] - Swiped from 971,1,000 to 540,1,000

2019-10-22 12:13:37 - [MESSAGE][PASSED] - mobile.mobileSwipe.RightLeft is PASSED

2019-10-22 12:13:37 - [TEST_STEP][PASSED] - tap(findTestObject("Borrower/Borrower - Pekerjaan/Borrower_Pekerjaan_BtnDetailPekerjaan"), 0): Tapped on element 'Object Repository/Borrower/Borrower - Pekerjaan/Borrower_Pekerjaan_BtnDetailPekerjaan'

2019-10-22 12:13:37 - [MESSAGE][WARNING] - Timeout '0' is invalid. Using default page load timeout: '30'

2019-10-22 12:13:41 - [MESSAGE][PASSED] - Tapped on element 'Object Repository/Borrower/Borrower - Pekerjaan/Borrower_Pekerjaan_BtnDetailPekerjaan'

2019-10-22 12:13:41 - [TEST_STEP][PASSED] - if (BvarPekerjaanTab == "Ya"): Call Test Case 'Test Cases/Data Entry/Borrower/Borrower - Pekerjaan/MASTER FLOW/TC_Borrower - Pekerjaan - MASTER FLOW' successfully

2019-10-22 12:13:41 - [TEST_STEP][PASSED] - callTestCase(findTestCase("Data Entry/Borrower/Borrower - Pekerjaan/MASTER FLOW/TC_Borrower - Pekerjaan - MASTER FLOW"), ["BPvarPekerjaan":BPvarPekerjaan, "BPvarJabatan":BPvarJabatan, "BPvarDepartemen":BPvarDepartemen, "BPvarStatusKaryawan":BPvarStatusKaryawan, ... ], STOP_ON_FAILURE): Call Test Case 'Test Cases/Data Entry/Borrower/Borrower - Pekerjaan/MASTER FLOW/TC_Borrower - Pekerjaan - MASTER FLOW' successfully

2019-10-22 12:13:41 - [TEST_CASE][PASSED] - Test Cases/Data Entry/Borrower/Borrower - Pekerjaan/MASTER FLOW/TC_Borrower - Pekerjaan - MASTER FLOW: Test Cases/Data Entry/Borrower/Borrower - Pekerjaan/MASTER FLOW/TC_Borrower - Pekerjaan - MASTER FLOW

2019-10-22 12:13:43 - [TEST_STEP][PASSED] - setText(findTestObject("Borrower/Borrower - Pekerjaan/Borrower_Pekerjaan_InpPekerjaan"), BPvarPekerjaan, 0): Text 'ANGGOTA MILITER' has been set to element 'Object Repository/Borrower/Borrower - Pekerjaan/Borrower_Pekerjaan_InpPekerjaan'

2019-10-22 12:13:43 - [MESSAGE][WARNING] - Timeout '0' is invalid. Using default page load timeout: '30'

2019-10-22 12:13:46 - [MESSAGE][PASSED] - Text 'ANGGOTA MILITER' has been set to element 'Object Repository/Borrower/Borrower - Pekerjaan/Borrower_Pekerjaan_InpPekerjaan'

2019-10-22 12:13:46 - [TEST_STEP][PASSED] - tap(findTestObject("Borrower/Borrower - Pekerjaan/Borrower_Pekerjaan_InpPekerjaan"), 0): Tapped on element 'Object Repository/Borrower/Borrower - Pekerjaan/Borrower_Pekerjaan_InpPekerjaan'

2019-10-22 12:13:46 - [MESSAGE][WARNING] - Timeout '0' is invalid. Using default page load timeout: '30'

2019-10-22 12:13:51 - [MESSAGE][PASSED] - Tapped on element 'Object Repository/Borrower/Borrower - Pekerjaan/Borrower_Pekerjaan_InpPekerjaan'

2019-10-22 12:13:51 - [TEST_STEP][PASSED] - tap(findTestObject("dynamic object/pickListItem_viewView", ["text":BPvarPekerjaan]), 0): Tapped on element 'Object Repository/dynamic object/pickListItem_viewView'

2019-10-22 12:13:51 - [MESSAGE][WARNING] - Timeout '0' is invalid. Using default page load timeout: '30'

2019-10-22 12:13:55 - [MESSAGE][PASSED] - Tapped on element 'Object Repository/dynamic object/pickListItem_viewView'

2019-10-22 12:13:55 - [TEST_STEP][PASSED] - tap(findTestObject("Borrower/Borrower - Pekerjaan/Borrower_Pekerjaan_TxtJabatan"), 0): Tapped on element 'Object Repository/Borrower/Borrower - Pekerjaan/Borrower_Pekerjaan_TxtJabatan'

2019-10-22 12:13:55 - [MESSAGE][WARNING] - Timeout '0' is invalid. Using default page load timeout: '30'

2019-10-22 12:13:59 - [MESSAGE][PASSED] - Tapped on element 'Object Repository/Borrower/Borrower - Pekerjaan/Borrower_Pekerjaan_TxtJabatan'

2019-10-22 12:13:59 - [TEST_STEP][PASSED] - tap(findTestObject("dynamic object/pickListItem_checkedTextView", ["text":BPvarJabatan]), 0): Tapped on element 'Object Repository/dynamic object/pickListItem_checkedTextView'

2019-10-22 12:13:59 - [MESSAGE][WARNING] - Timeout '0' is invalid. Using default page load timeout: '30'

2019-10-22 12:14:00 - [MESSAGE][PASSED] - Tapped on element 'Object Repository/dynamic object/pickListItem_checkedTextView'

2019-10-22 12:14:00 - [TEST_STEP][PASSED] - setText(findTestObject("Borrower/Borrower - Pekerjaan/Borrower_Pekerjaan_InpDepartemen"), BPvarDepartemen, 0): Text 'SALES' has been set to element 'Object Repository/Borrower/Borrower - Pekerjaan/Borrower_Pekerjaan_InpDepartemen'

2019-10-22 12:14:00 - [MESSAGE][WARNING] - Timeout '0' is invalid. Using default page load timeout: '30'

2019-10-22 12:14:03 - [MESSAGE][PASSED] - Text 'SALES' has been set to element 'Object Repository/Borrower/Borrower - Pekerjaan/Borrower_Pekerjaan_InpDepartemen'

2019-10-22 12:14:03 - [TEST_STEP][PASSED] - tap(findTestObject("Borrower/Borrower - Pekerjaan/Borrower_Pekerjaan_TxtStatusKaryawan"), 0): Tapped on element 'Object Repository/Borrower/Borrower - Pekerjaan/Borrower_Pekerjaan_TxtStatusKaryawan'

2019-10-22 12:14:04 - [MESSAGE][WARNING] - Timeout '0' is invalid. Using default page load timeout: '30'

2019-10-22 12:14:08 - [MESSAGE][PASSED] - Tapped on element 'Object Repository/Borrower/Borrower - Pekerjaan/Borrower_Pekerjaan_TxtStatusKaryawan'

2019-10-22 12:14:08 - [TEST_STEP][PASSED] - tap(findTestObject("dynamic object/pickListItem_checkedTextView", ["text":BPvarStatusKaryawan]), 0): Tapped on element 'Object Repository/dynamic object/pickListItem_checkedTextView'

2019-10-22 12:14:08 - [MESSAGE][WARNING] - Timeout '0' is invalid. Using default page load timeout: '30'

2019-10-22 12:14:09 - [MESSAGE][PASSED] - Tapped on element 'Object Repository/dynamic object/pickListItem_checkedTextView'

2019-10-22 12:14:09 - [TEST_STEP][PASSED] - setText(findTestObject("Borrower/Borrower - Pekerjaan/Borrower_Pekerjaan_InpNoIndukKaryawan"), BPvarNoIndukKaryawan, 0): Text '2434234' has been set to element 'Object Repository/Borrower/Borrower - Pekerjaan/Borrower_Pekerjaan_InpNoIndukKaryawan'

2019-10-22 12:14:09 - [MESSAGE][WARNING] - Timeout '0' is invalid. Using default page load timeout: '30'

2019-10-22 12:14:12 - [MESSAGE][PASSED] - Text '2434234' has been set to element 'Object Repository/Borrower/Borrower - Pekerjaan/Borrower_Pekerjaan_InpNoIndukKaryawan'

2019-10-22 12:14:12 - [TEST_STEP][PASSED] - tap(findTestObject("Borrower/Borrower - Pekerjaan/Borrower_Pekerjaan_TxtBergabungSejak"), 0): Tapped on element 'Object Repository/Borrower/Borrower - Pekerjaan/Borrower_Pekerjaan_TxtBergabungSejak'

2019-10-22 12:14:12 - [MESSAGE][WARNING] - Timeout '0' is invalid. Using default page load timeout: '30'

2019-10-22 12:14:16 - [MESSAGE][PASSED] - Tapped on element 'Object Repository/Borrower/Borrower - Pekerjaan/Borrower_Pekerjaan_TxtBergabungSejak'

2019-10-22 12:14:16 - [TEST_STEP][PASSED] - callTestCase(findTestCase("dynamic test case/calendar"), ["varTahun":"2010"], STOP_ON_FAILURE): Call Test Case 'Test Cases/dynamic test case/calendar' successfully

2019-10-22 12:14:16 - [TEST_CASE][PASSED] - Test Cases/dynamic test case/calendar: Test Cases/dynamic test case/calendar

2019-10-22 12:14:17 - [TEST_STEP][PASSED] - tap(findTestObject("dynamic object/Calendar_TxtTahun"), 0): Tapped on element 'Object Repository/dynamic object/Calendar_TxtTahun'

2019-10-22 12:14:17 - [MESSAGE][WARNING] - Timeout '0' is invalid. Using default page load timeout: '30'

2019-10-22 12:14:19 - [MESSAGE][PASSED] - Tapped on element 'Object Repository/dynamic object/Calendar_TxtTahun'

2019-10-22 12:14:19 - [TEST_STEP][PASSED] - driver = getDriver(): null

2019-10-22 12:14:19 - [TEST_STEP][PASSED] - xpath = "": null

2019-10-22 12:14:19 - [TEST_STEP][PASSED] - xpath = XPathBuilder.createXPath("TextView"): null

2019-10-22 12:14:19 - [TEST_STEP][PASSED] - listElements = driver.findElementsByXPath(xpath): null

2019-10-22 12:14:19 - [TEST_STEP][PASSED] - if (size() - 1].getText() < varTahun): null

2019-10-22 12:14:19 - [TEST_STEP][PASSED] - else: null

2019-10-22 12:14:19 - [TEST_STEP][PASSED] - varScrollUpDown = "UpToDown": null

2019-10-22 12:14:19 - [TEST_STEP][PASSED] - switch (varScrollUpDown.toString()): null

2019-10-22 12:14:19 - [TEST_STEP][PASSED] - case "UpToDown":: null

2019-10-22 12:14:19 - [TEST_STEP][PASSED] - mobile.swiping.scrollListToElementWithTextUpToDown(varTahun): mobile.swiping.scrollListToElementWithTextUpToDown is PASSED

2019-10-22 12:14:25 - [MESSAGE][PASSED] - mobile.swiping.scrollListToElementWithTextUpToDown is PASSED

2019-10-22 12:14:25 - [TEST_STEP][PASSED] - break: null

2019-10-22 12:14:25 - [TEST_STEP][PASSED] - tap(findTestObject("dynamic object/pickListItem_TextView", ["text":varTahun]), 0): Tapped on element 'Object Repository/dynamic object/pickListItem_TextView'

2019-10-22 12:14:25 - [MESSAGE][WARNING] - Timeout '0' is invalid. Using default page load timeout: '30'

2019-10-22 12:14:27 - [MESSAGE][PASSED] - Tapped on element 'Object Repository/dynamic object/pickListItem_TextView'

2019-10-22 12:14:27 - [TEST_STEP][PASSED] - tap(findTestObject("dynamic object/Calendar_TxtSetel"), 0): Tapped on element 'Object Repository/dynamic object/Calendar_TxtSetel'

2019-10-22 12:14:27 - [MESSAGE][WARNING] - Timeout '0' is invalid. Using default page load timeout: '30'

2019-10-22 12:14:28 - [MESSAGE][PASSED] - Tapped on element 'Object Repository/dynamic object/Calendar_TxtSetel'

2019-10-22 12:14:28 - [MESSAGE][PASSED] - Call Test Case 'Test Cases/dynamic test case/calendar' successfully

2019-10-22 12:14:28 - [TEST_STEP][PASSED] - tap(findTestObject("Borrower/Borrower - Pekerjaan/Borrower_Pekerjaan_TxtBadanUsaha"), 0): Tapped on element 'Object Repository/Borrower/Borrower - Pekerjaan/Borrower_Pekerjaan_TxtBadanUsaha'

2019-10-22 12:14:28 - [MESSAGE][WARNING] - Timeout '0' is invalid. Using default page load timeout: '30'

2019-10-22 12:14:31 - [MESSAGE][PASSED] - Tapped on element 'Object Repository/Borrower/Borrower - Pekerjaan/Borrower_Pekerjaan_TxtBadanUsaha'

2019-10-22 12:14:31 - [TEST_STEP][PASSED] - tap(findTestObject("dynamic object/pickListItem_checkedTextView", ["text":BPvarBadanUsaha]), 0): Tapped on element 'Object Repository/dynamic object/pickListItem_checkedTextView'

2019-10-22 12:14:31 - [MESSAGE][WARNING] - Timeout '0' is invalid. Using default page load timeout: '30'

2019-10-22 12:14:32 - [MESSAGE][PASSED] - Tapped on element 'Object Repository/dynamic object/pickListItem_checkedTextView'

2019-10-22 12:14:32 - [TEST_STEP][PASSED] - mobile.mobileSwipe.UpDown(0.7, 0.3, 1000): mobile.mobileSwipe.UpDown is PASSED

2019-10-22 12:14:34 - [MESSAGE][PASSED] - Current device physical height is 2131

2019-10-22 12:14:34 - [MESSAGE][INFO] - Device Height : 2131

2019-10-22 12:14:35 - [MESSAGE][PASSED] - Current device physical width is 1080

2019-10-22 12:14:35 - [MESSAGE][INFO] - Device Width : 1080

2019-10-22 12:14:35 - [MESSAGE][INFO] - Swipe start at Height : 1491

2019-10-22 12:14:35 - [MESSAGE][INFO] - Swipe end at Height : 639

2019-10-22 12:14:35 - [MESSAGE][INFO] - X Position : 1000

2019-10-22 12:14:37 - [MESSAGE][PASSED] - Swiped from 1,000,1,491 to 1,000,639

2019-10-22 12:14:37 - [MESSAGE][PASSED] - mobile.mobileSwipe.UpDown is PASSED

2019-10-22 12:14:37 - [TEST_STEP][PASSED] - setText(findTestObject("Borrower/Borrower - Pekerjaan/Borrower_Pekerjaan_InpNamaPerusahaan"), BPvarNamaPerusahaan, 0): Text 'ADASDADAS' has been set to element 'Object Repository/Borrower/Borrower - Pekerjaan/Borrower_Pekerjaan_InpNamaPerusahaan'

2019-10-22 12:14:37 - [MESSAGE][WARNING] - Timeout '0' is invalid. Using default page load timeout: '30'

2019-10-22 12:14:40 - [MESSAGE][PASSED] - Text 'ADASDADAS' has been set to element 'Object Repository/Borrower/Borrower - Pekerjaan/Borrower_Pekerjaan_InpNamaPerusahaan'

2019-10-22 12:14:40 - [TEST_STEP][PASSED] - setText(findTestObject("Borrower/Borrower - Pekerjaan/Borrower_Pekerjaan_InpBidangUsaha"), BPvarBidangUsaha, 0): Text 'ASURANSI' has been set to element 'Object Repository/Borrower/Borrower - Pekerjaan/Borrower_Pekerjaan_InpBidangUsaha'

2019-10-22 12:14:40 - [MESSAGE][WARNING] - Timeout '0' is invalid. Using default page load timeout: '30'

2019-10-22 12:14:44 - [MESSAGE][PASSED] - Text 'ASURANSI' has been set to element 'Object Repository/Borrower/Borrower - Pekerjaan/Borrower_Pekerjaan_InpBidangUsaha'

2019-10-22 12:14:44 - [TEST_STEP][PASSED] - tap(findTestObject("Borrower/Borrower - Pekerjaan/Borrower_Pekerjaan_InpBidangUsaha"), 0, STOP_ON_FAILURE): Tapped on element 'Object Repository/Borrower/Borrower - Pekerjaan/Borrower_Pekerjaan_InpBidangUsaha'

2019-10-22 12:14:44 - [MESSAGE][WARNING] - Timeout '0' is invalid. Using default page load timeout: '30'

2019-10-22 12:14:48 - [MESSAGE][PASSED] - Tapped on element 'Object Repository/Borrower/Borrower - Pekerjaan/Borrower_Pekerjaan_InpBidangUsaha'

2019-10-22 12:14:48 - [TEST_STEP][PASSED] - tap(findTestObject("Borrower/Borrower - Pekerjaan/Borrower_Pekerjaan_LOVBidangUsaha"), 0): Tapped on element 'Object Repository/Borrower/Borrower - Pekerjaan/Borrower_Pekerjaan_LOVBidangUsaha'

2019-10-22 12:14:48 - [MESSAGE][WARNING] - Timeout '0' is invalid. Using default page load timeout: '30'

2019-10-22 12:14:53 - [MESSAGE][PASSED] - Tapped on element 'Object Repository/Borrower/Borrower - Pekerjaan/Borrower_Pekerjaan_LOVBidangUsaha'

2019-10-22 12:14:53 - [TEST_STEP][PASSED] - tap(findTestObject("Borrower/Borrower - Pekerjaan/Borrower_Pekerjaan_TxtSubBidangUsaha"), 0): Tapped on element 'Object Repository/Borrower/Borrower - Pekerjaan/Borrower_Pekerjaan_TxtSubBidangUsaha'

2019-10-22 12:14:53 - [MESSAGE][WARNING] - Timeout '0' is invalid. Using default page load timeout: '30'

2019-10-22 12:14:57 - [MESSAGE][PASSED] - Tapped on element 'Object Repository/Borrower/Borrower - Pekerjaan/Borrower_Pekerjaan_TxtSubBidangUsaha'

2019-10-22 12:14:57 - [TEST_STEP][PASSED] - tap(findTestObject("dynamic object/pickListItem_checkedTextView", ["text":BPvarSubBidangUsaha]), 0): Tapped on element 'Object Repository/dynamic object/pickListItem_checkedTextView'

2019-10-22 12:14:57 - [MESSAGE][WARNING] - Timeout '0' is invalid. Using default page load timeout: '30'

2019-10-22 12:14:58 - [MESSAGE][PASSED] - Tapped on element 'Object Repository/dynamic object/pickListItem_checkedTextView'

2019-10-22 12:14:58 - [TEST_STEP][PASSED] - setText(findTestObject("Borrower/Borrower - Pekerjaan/Borrower_Pekerjaan_InpNationalityPerusahaan"), BPvarNationalityPerusahaan, 0): Text 'INDONESIA' has been set to element 'Object Repository/Borrower/Borrower - Pekerjaan/Borrower_Pekerjaan_InpNationalityPerusahaan'

2019-10-22 12:14:58 - [MESSAGE][WARNING] - Timeout '0' is invalid. Using default page load timeout: '30'

2019-10-22 12:15:02 - [MESSAGE][PASSED] - Text 'INDONESIA' has been set to element 'Object Repository/Borrower/Borrower - Pekerjaan/Borrower_Pekerjaan_InpNationalityPerusahaan'

2019-10-22 12:15:02 - [TEST_STEP][PASSED] - tap(findTestObject("Borrower/Borrower - Pekerjaan/Borrower_Pekerjaan_InpNationalityPerusahaan"), 0, STOP_ON_FAILURE): Tapped on element 'Object Repository/Borrower/Borrower - Pekerjaan/Borrower_Pekerjaan_InpNationalityPerusahaan'

2019-10-22 12:15:02 - [MESSAGE][WARNING] - Timeout '0' is invalid. Using default page load timeout: '30'

2019-10-22 12:15:06 - [MESSAGE][PASSED] - Tapped on element 'Object Repository/Borrower/Borrower - Pekerjaan/Borrower_Pekerjaan_InpNationalityPerusahaan'

2019-10-22 12:15:06 - [TEST_STEP][PASSED] - tap(findTestObject("dynamic object/pickListItem_viewView", ["text":BPvarNationalityPerusahaan]), 0): Tapped on element 'Object Repository/dynamic object/pickListItem_viewView'

2019-10-22 12:15:06 - [MESSAGE][WARNING] - Timeout '0' is invalid. Using default page load timeout: '30'

2019-10-22 12:15:10 - [MESSAGE][PASSED] - Tapped on element 'Object Repository/dynamic object/pickListItem_viewView'

2019-10-22 12:15:10 - [TEST_STEP][PASSED] - setText(findTestObject("Borrower/Borrower - Pekerjaan/Borrower_Pekerjaan_InpWebsite"), BPvarWebsite, 0): Text 'www.hahahahha.com' has been set to element 'Object Repository/Borrower/Borrower - Pekerjaan/Borrower_Pekerjaan_InpWebsite'

2019-10-22 12:15:11 - [MESSAGE][WARNING] - Timeout '0' is invalid. Using default page load timeout: '30'

2019-10-22 12:15:13 - [MESSAGE][PASSED] - Text 'www.hahahahha.com' has been set to element 'Object Repository/Borrower/Borrower - Pekerjaan/Borrower_Pekerjaan_InpWebsite'

2019-10-22 12:15:13 - [TEST_STEP][PASSED] - tap(findTestObject("Borrower/Borrower - Pekerjaan/Borrower_Pekerjaan_TxtJenisAkunSosialMedia"), 0): Tapped on element 'Object Repository/Borrower/Borrower - Pekerjaan/Borrower_Pekerjaan_TxtJenisAkunSosialMedia'

2019-10-22 12:15:13 - [MESSAGE][WARNING] - Timeout '0' is invalid. Using default page load timeout: '30'

2019-10-22 12:15:17 - [MESSAGE][PASSED] - Tapped on element 'Object Repository/Borrower/Borrower - Pekerjaan/Borrower_Pekerjaan_TxtJenisAkunSosialMedia'

2019-10-22 12:15:17 - [TEST_STEP][PASSED] - tap(findTestObject("dynamic object/pickListItem_checkedTextView", ["text":BPvarJenisAkunSosialMedia]), 0): Tapped on element 'Object Repository/dynamic object/pickListItem_checkedTextView'

2019-10-22 12:15:17 - [MESSAGE][WARNING] - Timeout '0' is invalid. Using default page load timeout: '30'

2019-10-22 12:15:18 - [MESSAGE][PASSED] - Tapped on element 'Object Repository/dynamic object/pickListItem_checkedTextView'

2019-10-22 12:15:18 - [TEST_STEP][PASSED] - setText(findTestObject("Borrower/Borrower - Pekerjaan/Borrower_Pekerjaan_InpAkunSosialMedia"), BPvarAkunSosialMedia, 0): Text 'yeyeye' has been set to element 'Object Repository/Borrower/Borrower - Pekerjaan/Borrower_Pekerjaan_InpAkunSosialMedia'

2019-10-22 12:15:19 - [MESSAGE][WARNING] - Timeout '0' is invalid. Using default page load timeout: '30'

2019-10-22 12:15:22 - [MESSAGE][PASSED] - Text 'yeyeye' has been set to element 'Object Repository/Borrower/Borrower - Pekerjaan/Borrower_Pekerjaan_InpAkunSosialMedia'

2019-10-22 12:15:22 - [TEST_STEP][PASSED] - mobile.mobileSwipe.UpDown(0.7, 0.3, 1000): mobile.mobileSwipe.UpDown is PASSED

2019-10-22 12:15:23 - [MESSAGE][PASSED] - Current device physical height is 2131

2019-10-22 12:15:23 - [MESSAGE][INFO] - Device Height : 2131

2019-10-22 12:15:24 - [MESSAGE][PASSED] - Current device physical width is 1080

2019-10-22 12:15:24 - [MESSAGE][INFO] - Device Width : 1080

2019-10-22 12:15:24 - [MESSAGE][INFO] - Swipe start at Height : 1491

2019-10-22 12:15:24 - [MESSAGE][INFO] - Swipe end at Height : 639

2019-10-22 12:15:24 - [MESSAGE][INFO] - X Position : 1000

2019-10-22 12:15:26 - [MESSAGE][PASSED] - Swiped from 1,000,1,491 to 1,000,639

2019-10-22 12:15:26 - [MESSAGE][PASSED] - mobile.mobileSwipe.UpDown is PASSED

2019-10-22 12:15:26 - [TEST_STEP][PASSED] - tap(findTestObject("Borrower/Borrower - Pekerjaan/Borrower_Pekerjaan_BtnAlamatKantor"), 0): Tapped on element 'Object Repository/Borrower/Borrower - Pekerjaan/Borrower_Pekerjaan_BtnAlamatKantor'

2019-10-22 12:15:26 - [MESSAGE][WARNING] - Timeout '0' is invalid. Using default page load timeout: '30'

2019-10-22 12:15:29 - [MESSAGE][PASSED] - Tapped on element 'Object Repository/Borrower/Borrower - Pekerjaan/Borrower_Pekerjaan_BtnAlamatKantor'

2019-10-22 12:15:29 - [TEST_STEP][PASSED] - delay(3, STOP_ON_FAILURE): Delayed 3 second(s)

2019-10-22 12:15:32 - [MESSAGE][PASSED] - Delayed 3 second(s)

2019-10-22 12:15:32 - [TEST_STEP][PASSED] - setText(findTestObject("Borrower/Borrower - Pekerjaan/Borrower_Pekerjaan_InpAlamatKantor"), BPvarAlamatKantor, 0): Text 'asdasdasdasd' has been set to element 'Object Repository/Borrower/Borrower - Pekerjaan/Borrower_Pekerjaan_InpAlamatKantor'

2019-10-22 12:15:33 - [MESSAGE][WARNING] - Timeout '0' is invalid. Using default page load timeout: '30'

2019-10-22 12:15:34 - [MESSAGE][PASSED] - Text 'asdasdasdasd' has been set to element 'Object Repository/Borrower/Borrower - Pekerjaan/Borrower_Pekerjaan_InpAlamatKantor'

2019-10-22 12:15:34 - [TEST_STEP][PASSED] - setText(findTestObject("Borrower/Borrower - Pekerjaan/Borrower_Pekerjaan_InpRT"), BPvarRT, 0): Text '231' has been set to element 'Object Repository/Borrower/Borrower - Pekerjaan/Borrower_Pekerjaan_InpRT'

2019-10-22 12:15:34 - [MESSAGE][WARNING] - Timeout '0' is invalid. Using default page load timeout: '30'

2019-10-22 12:15:38 - [MESSAGE][PASSED] - Text '231' has been set to element 'Object Repository/Borrower/Borrower - Pekerjaan/Borrower_Pekerjaan_InpRT'

2019-10-22 12:15:38 - [TEST_STEP][PASSED] - setText(findTestObject("Borrower/Borrower - Pekerjaan/Borrower_Pekerjaan_InpRW"), BPvarRW, 0): Text '222' has been set to element 'Object Repository/Borrower/Borrower - Pekerjaan/Borrower_Pekerjaan_InpRW'

2019-10-22 12:15:38 - [MESSAGE][WARNING] - Timeout '0' is invalid. Using default page load timeout: '30'

2019-10-22 12:15:41 - [MESSAGE][PASSED] - Text '222' has been set to element 'Object Repository/Borrower/Borrower - Pekerjaan/Borrower_Pekerjaan_InpRW'

2019-10-22 12:15:41 - [TEST_STEP][PASSED] - setText(findTestObject("Borrower/Borrower - Pekerjaan/Borrower_Pekerjaan_InpKodePos"), BPvarKodePos, 0): Text '10124' has been set to element 'Object Repository/Borrower/Borrower - Pekerjaan/Borrower_Pekerjaan_InpKodePos'

2019-10-22 12:15:41 - [MESSAGE][WARNING] - Timeout '0' is invalid. Using default page load timeout: '30'

2019-10-22 12:15:44 - [MESSAGE][PASSED] - Text '10124' has been set to element 'Object Repository/Borrower/Borrower - Pekerjaan/Borrower_Pekerjaan_InpKodePos'

2019-10-22 12:15:44 - [TEST_STEP][PASSED] - tap(findTestObject("Borrower/Borrower - Pekerjaan/Borrower_Pekerjaan_InpKodePos"), 0, STOP_ON_FAILURE): Tapped on element 'Object Repository/Borrower/Borrower - Pekerjaan/Borrower_Pekerjaan_InpKodePos'

2019-10-22 12:15:44 - [MESSAGE][WARNING] - Timeout '0' is invalid. Using default page load timeout: '30'

2019-10-22 12:15:48 - [MESSAGE][PASSED] - Tapped on element 'Object Repository/Borrower/Borrower - Pekerjaan/Borrower_Pekerjaan_InpKodePos'

2019-10-22 12:15:48 - [TEST_STEP][PASSED] - tap(findTestObject("Borrower/Borrower - Pekerjaan/Borrower_Pekerjaan_LOVKodePos"), 0, STOP_ON_FAILURE): Tapped on element 'Object Repository/Borrower/Borrower - Pekerjaan/Borrower_Pekerjaan_LOVKodePos'

2019-10-22 12:15:48 - [MESSAGE][WARNING] - Timeout '0' is invalid. Using default page load timeout: '30'

2019-10-22 12:15:52 - [MESSAGE][PASSED] - Tapped on element 'Object Repository/Borrower/Borrower - Pekerjaan/Borrower_Pekerjaan_LOVKodePos'

2019-10-22 12:15:52 - [TEST_STEP][PASSED] - setText(findTestObject("Borrower/Borrower - Pekerjaan/Borrower_Pekerjaan_InpPetunjukAlamat"), BPvarPetunjukAlamat, 0): Text 'petunjuuuuuukkk' has been set to element 'Object Repository/Borrower/Borrower - Pekerjaan/Borrower_Pekerjaan_InpPetunjukAlamat'

2019-10-22 12:15:52 - [MESSAGE][WARNING] - Timeout '0' is invalid. Using default page load timeout: '30'

2019-10-22 12:15:55 - [MESSAGE][PASSED] - Text 'petunjuuuuuukkk' has been set to element 'Object Repository/Borrower/Borrower - Pekerjaan/Borrower_Pekerjaan_InpPetunjukAlamat'

2019-10-22 12:15:55 - [TEST_STEP][PASSED] - setText(findTestObject("Borrower/Borrower - Pekerjaan/Borrower_Pekerjaan_InpKodeArea"), BPvarKodeArea, 0): Text '021' has been set to element 'Object Repository/Borrower/Borrower - Pekerjaan/Borrower_Pekerjaan_InpKodeArea'

2019-10-22 12:15:55 - [MESSAGE][WARNING] - Timeout '0' is invalid. Using default page load timeout: '30'

2019-10-22 12:15:58 - [MESSAGE][PASSED] - Text '021' has been set to element 'Object Repository/Borrower/Borrower - Pekerjaan/Borrower_Pekerjaan_InpKodeArea'

2019-10-22 12:15:58 - [TEST_STEP][PASSED] - setText(findTestObject("Borrower/Borrower - Pekerjaan/Borrower_Pekerjaan_InpNoTeleponKantor"), BPvarNoTeleponKantor, 0): Text '123123' has been set to element 'Object Repository/Borrower/Borrower - Pekerjaan/Borrower_Pekerjaan_InpNoTeleponKantor'

2019-10-22 12:15:58 - [MESSAGE][WARNING] - Timeout '0' is invalid. Using default page load timeout: '30'

2019-10-22 12:16:01 - [MESSAGE][PASSED] - Text '123123' has been set to element 'Object Repository/Borrower/Borrower - Pekerjaan/Borrower_Pekerjaan_InpNoTeleponKantor'

2019-10-22 12:16:01 - [TEST_STEP][PASSED] - setText(findTestObject("Borrower/Borrower - Pekerjaan/Borrower_Pekerjaan_InpExt"), BPvarEXT, 0): Text '23' has been set to element 'Object Repository/Borrower/Borrower - Pekerjaan/Borrower_Pekerjaan_InpExt'

2019-10-22 12:16:02 - [MESSAGE][WARNING] - Timeout '0' is invalid. Using default page load timeout: '30'

2019-10-22 12:16:04 - [MESSAGE][PASSED] - Text '23' has been set to element 'Object Repository/Borrower/Borrower - Pekerjaan/Borrower_Pekerjaan_InpExt'

2019-10-22 12:16:04 - [TEST_STEP][PASSED] - setText(findTestObject("Borrower/Borrower - Pekerjaan/Borrower_Pekerjaan_InpTeleponSeluler"), BPvarTeleponSeluler, 0): Text '08142334' has been set to element 'Object Repository/Borrower/Borrower - Pekerjaan/Borrower_Pekerjaan_InpTeleponSeluler'

2019-10-22 12:16:04 - [MESSAGE][WARNING] - Timeout '0' is invalid. Using default page load timeout: '30'

2019-10-22 12:16:08 - [MESSAGE][PASSED] - Text '08142334' has been set to element 'Object Repository/Borrower/Borrower - Pekerjaan/Borrower_Pekerjaan_InpTeleponSeluler'

2019-10-22 12:16:08 - [MESSAGE][PASSED] - Call Test Case 'Test Cases/Data Entry/Borrower/Borrower - Pekerjaan/MASTER FLOW/TC_Borrower - Pekerjaan - MASTER FLOW' successfully

2019-10-22 12:16:08 - [TEST_STEP][PASSED] - delay(5, STOP_ON_FAILURE): Delayed 5 second(s)

2019-10-22 12:16:13 - [MESSAGE][PASSED] - Delayed 5 second(s)

2019-10-22 12:16:13 - [TEST_STEP][PASSED] - mobile.mobileSwipe.RightLeft(0.9, 0.5, 1000): mobile.mobileSwipe.RightLeft is PASSED

2019-10-22 12:16:14 - [MESSAGE][PASSED] - Current device physical width is 1080

2019-10-22 12:16:15 - [MESSAGE][PASSED] - Current device physical height is 2131

2019-10-22 12:16:15 - [MESSAGE][INFO] - Device Height : 2131

2019-10-22 12:16:15 - [MESSAGE][INFO] - Device Width : 1080

2019-10-22 12:16:15 - [MESSAGE][INFO] - Swipe start at Width : 971

2019-10-22 12:16:15 - [MESSAGE][INFO] - Swipe end at Witdh : 540

2019-10-22 12:16:15 - [MESSAGE][INFO] - Y Position : 1000

2019-10-22 12:16:17 - [MESSAGE][PASSED] - Swiped from 971,1,000 to 540,1,000

2019-10-22 12:16:17 - [MESSAGE][PASSED] - mobile.mobileSwipe.RightLeft is PASSED

2019-10-22 12:16:17 - [TEST_STEP][PASSED] - if (BvarUsahaTab == "Ya"): null

2019-10-22 12:16:17 - [TEST_STEP][PASSED] - mobile.mobileSwipe.RightLeft(0.9, 0.5, 1000): mobile.mobileSwipe.RightLeft is PASSED

2019-10-22 12:16:18 - [MESSAGE][PASSED] - Current device physical width is 1080

2019-10-22 12:16:19 - [MESSAGE][PASSED] - Current device physical height is 2131

2019-10-22 12:16:19 - [MESSAGE][INFO] - Device Height : 2131

2019-10-22 12:16:19 - [MESSAGE][INFO] - Device Width : 1080

2019-10-22 12:16:19 - [MESSAGE][INFO] - Swipe start at Width : 971

2019-10-22 12:16:19 - [MESSAGE][INFO] - Swipe end at Witdh : 540

2019-10-22 12:16:19 - [MESSAGE][INFO] - Y Position : 1000

2019-10-22 12:16:21 - [MESSAGE][PASSED] - Swiped from 971,1,000 to 540,1,000

2019-10-22 12:16:21 - [MESSAGE][PASSED] - mobile.mobileSwipe.RightLeft is PASSED

2019-10-22 12:16:21 - [TEST_STEP][PASSED] - mobile.mobileSwipe.UpDown(0.2, 0.8, 1000): mobile.mobileSwipe.UpDown is PASSED

2019-10-22 12:16:22 - [MESSAGE][PASSED] - Current device physical height is 2131

2019-10-22 12:16:22 - [MESSAGE][INFO] - Device Height : 2131

2019-10-22 12:16:23 - [MESSAGE][PASSED] - Current device physical width is 1080

2019-10-22 12:16:23 - [MESSAGE][INFO] - Device Width : 1080

2019-10-22 12:16:23 - [MESSAGE][INFO] - Swipe start at Height : 426

2019-10-22 12:16:23 - [MESSAGE][INFO] - Swipe end at Height : 1704

2019-10-22 12:16:23 - [MESSAGE][INFO] - X Position : 1000

2019-10-22 12:16:25 - [MESSAGE][PASSED] - Swiped from 1,000,426 to 1,000,1,704

2019-10-22 12:16:25 - [MESSAGE][PASSED] - mobile.mobileSwipe.UpDown is PASSED

2019-10-22 12:16:25 - [TEST_STEP][PASSED] - callTestCase(findTestCase("Data Entry/Borrower/Borrower - Emergency Contact/MASTER FLOW/TC_Borrower - Emergency Contact - MASTER FLOW"), ["BEvarNamaLengkap":BEvarNamaLengkap, "BEvarHubungan":BEvarHubungan, "BEvarAlamat":BEvarAlamat, "BEvarRT":BEvarRT, "BEvarRW":BEvarRW, ... ], STOP_ON_FAILURE): Call Test Case 'Test Cases/Data Entry/Borrower/Borrower - Emergency Contact/MASTER FLOW/TC_Borrower - Emergency Contact - MASTER FLOW' successfully

2019-10-22 12:16:25 - [TEST_CASE][PASSED] - Test Cases/Data Entry/Borrower/Borrower - Emergency Contact/MASTER FLOW/TC_Borrower - Emergency Contact - MASTER FLOW: Test Cases/Data Entry/Borrower/Borrower - Emergency Contact/MASTER FLOW/TC_Borrower - Emergency Contact - MASTER FLOW

2019-10-22 12:16:26 - [TEST_STEP][PASSED] - setText(findTestObject("Borrower/Borrower - Emergency/Borrower_Emergency_InpNamaLengkap"), BEvarNamaLengkap, 0): Text 'sdasdasdasdasdasdasd' has been set to element 'Object Repository/Borrower/Borrower - Emergency/Borrower_Emergency_InpNamaLengkap'

2019-10-22 12:16:26 - [MESSAGE][WARNING] - Timeout '0' is invalid. Using default page load timeout: '30'

2019-10-22 12:16:28 - [MESSAGE][PASSED] - Text 'sdasdasdasdasdasdasd' has been set to element 'Object Repository/Borrower/Borrower - Emergency/Borrower_Emergency_InpNamaLengkap'

2019-10-22 12:16:28 - [TEST_STEP][PASSED] - tap(findTestObject("Borrower/Borrower - Emergency/Borrower_Emergency_TxtHubungan"), 0): Tapped on element 'Object Repository/Borrower/Borrower - Emergency/Borrower_Emergency_TxtHubungan'

2019-10-22 12:16:28 - [MESSAGE][WARNING] - Timeout '0' is invalid. Using default page load timeout: '30'

2019-10-22 12:16:33 - [MESSAGE][PASSED] - Tapped on element 'Object Repository/Borrower/Borrower - Emergency/Borrower_Emergency_TxtHubungan'

2019-10-22 12:16:33 - [TEST_STEP][PASSED] - tap(findTestObject("dynamic object/pickListItem_checkedTextView", ["text":BEvarHubungan]), 0): Tapped on element 'Object Repository/dynamic object/pickListItem_checkedTextView'

2019-10-22 12:16:33 - [MESSAGE][WARNING] - Timeout '0' is invalid. Using default page load timeout: '30'

2019-10-22 12:16:34 - [MESSAGE][PASSED] - Tapped on element 'Object Repository/dynamic object/pickListItem_checkedTextView'

2019-10-22 12:16:34 - [TEST_STEP][PASSED] - setText(findTestObject("Borrower/Borrower - Emergency/Borrower_Emergency_InpAlamat"), BEvarAlamat, 0): Text 'aalamatss' has been set to element 'Object Repository/Borrower/Borrower - Emergency/Borrower_Emergency_InpAlamat'

2019-10-22 12:16:34 - [MESSAGE][WARNING] - Timeout '0' is invalid. Using default page load timeout: '30'

2019-10-22 12:16:37 - [MESSAGE][PASSED] - Text 'aalamatss' has been set to element 'Object Repository/Borrower/Borrower - Emergency/Borrower_Emergency_InpAlamat'

2019-10-22 12:16:37 - [TEST_STEP][PASSED] - setText(findTestObject("Borrower/Borrower - Emergency/Borrower_Emergency_InpRT"), BEvarRT, 0): Text '458' has been set to element 'Object Repository/Borrower/Borrower - Emergency/Borrower_Emergency_InpRT'

2019-10-22 12:16:37 - [MESSAGE][WARNING] - Timeout '0' is invalid. Using default page load timeout: '30'

2019-10-22 12:16:40 - [MESSAGE][PASSED] - Text '458' has been set to element 'Object Repository/Borrower/Borrower - Emergency/Borrower_Emergency_InpRT'

2019-10-22 12:16:40 - [TEST_STEP][PASSED] - setText(findTestObject("Borrower/Borrower - Emergency/Borrower_Emergency_InpRW"), BEvarRW, 0): Text '223' has been set to element 'Object Repository/Borrower/Borrower - Emergency/Borrower_Emergency_InpRW'

2019-10-22 12:16:40 - [MESSAGE][WARNING] - Timeout '0' is invalid. Using default page load timeout: '30'

2019-10-22 12:16:44 - [MESSAGE][PASSED] - Text '223' has been set to element 'Object Repository/Borrower/Borrower - Emergency/Borrower_Emergency_InpRW'

2019-10-22 12:16:44 - [TEST_STEP][PASSED] - setText(findTestObject("Borrower/Borrower - Emergency/Borrower_Emergency_InpKodePos"), BEvarKodePos, 0): Text '10124' has been set to element 'Object Repository/Borrower/Borrower - Emergency/Borrower_Emergency_InpKodePos'

2019-10-22 12:16:44 - [MESSAGE][WARNING] - Timeout '0' is invalid. Using default page load timeout: '30'

2019-10-22 12:16:47 - [MESSAGE][PASSED] - Text '10124' has been set to element 'Object Repository/Borrower/Borrower - Emergency/Borrower_Emergency_InpKodePos'

2019-10-22 12:16:47 - [TEST_STEP][PASSED] - tap(findTestObject("Borrower/Borrower - Emergency/Borrower_Emergency_InpKodePos"), 0, STOP_ON_FAILURE): Tapped on element 'Object Repository/Borrower/Borrower - Emergency/Borrower_Emergency_InpKodePos'

2019-10-22 12:16:47 - [MESSAGE][WARNING] - Timeout '0' is invalid. Using default page load timeout: '30'

2019-10-22 12:16:52 - [MESSAGE][PASSED] - Tapped on element 'Object Repository/Borrower/Borrower - Emergency/Borrower_Emergency_InpKodePos'

2019-10-22 12:16:52 - [TEST_STEP][PASSED] - tap(findTestObject("Borrower/Borrower - Emergency/Borrower_Emergency_LOVKodePos"), 0): Tapped on element 'Object Repository/Borrower/Borrower - Emergency/Borrower_Emergency_LOVKodePos'

2019-10-22 12:16:52 - [MESSAGE][WARNING] - Timeout '0' is invalid. Using default page load timeout: '30'

2019-10-22 12:16:55 - [MESSAGE][PASSED] - Tapped on element 'Object Repository/Borrower/Borrower - Emergency/Borrower_Emergency_LOVKodePos'

2019-10-22 12:16:55 - [TEST_STEP][PASSED] - setText(findTestObject("Borrower/Borrower - Emergency/Borrower_Emergency_InpKodeArea"), BEvarKodeArea, 0): Text '021' has been set to element 'Object Repository/Borrower/Borrower - Emergency/Borrower_Emergency_InpKodeArea'

2019-10-22 12:16:55 - [MESSAGE][WARNING] - Timeout '0' is invalid. Using default page load timeout: '30'

2019-10-22 12:16:58 - [MESSAGE][PASSED] - Text '021' has been set to element 'Object Repository/Borrower/Borrower - Emergency/Borrower_Emergency_InpKodeArea'

2019-10-22 12:16:58 - [TEST_STEP][PASSED] - setText(findTestObject("Borrower/Borrower - Emergency/Borrower_Emergency_InpNoTelponKantor"), BEvarNoTelponKantor, 0): Text '344534' has been set to element 'Object Repository/Borrower/Borrower - Emergency/Borrower_Emergency_InpNoTelponKantor'

2019-10-22 12:16:58 - [MESSAGE][WARNING] - Timeout '0' is invalid. Using default page load timeout: '30'

2019-10-22 12:17:01 - [MESSAGE][PASSED] - Text '344534' has been set to element 'Object Repository/Borrower/Borrower - Emergency/Borrower_Emergency_InpNoTelponKantor'

2019-10-22 12:17:01 - [TEST_STEP][PASSED] - setText(findTestObject("Borrower/Borrower - Emergency/Borrower_Emergency_InpExt"), BEvarEXT, 0): Text '344' has been set to element 'Object Repository/Borrower/Borrower - Emergency/Borrower_Emergency_InpExt'

2019-10-22 12:17:01 - [MESSAGE][WARNING] - Timeout '0' is invalid. Using default page load timeout: '30'

2019-10-22 12:17:05 - [MESSAGE][PASSED] - Text '344' has been set to element 'Object Repository/Borrower/Borrower - Emergency/Borrower_Emergency_InpExt'

2019-10-22 12:17:05 - [TEST_STEP][PASSED] - setText(findTestObject("Borrower/Borrower - Emergency/Borrower_Emergency_InpTeleponSelular"), BEvarTeleponSelular, 0): Text '0817171717' has been set to element 'Object Repository/Borrower/Borrower - Emergency/Borrower_Emergency_InpTeleponSelular'

2019-10-22 12:17:05 - [MESSAGE][WARNING] - Timeout '0' is invalid. Using default page load timeout: '30'

2019-10-22 12:17:08 - [MESSAGE][PASSED] - Text '0817171717' has been set to element 'Object Repository/Borrower/Borrower - Emergency/Borrower_Emergency_InpTeleponSelular'

2019-10-22 12:17:08 - [TEST_STEP][PASSED] - mobile.mobileSwipe.UpDown(0.7, 0.5, 1000): mobile.mobileSwipe.UpDown is PASSED

2019-10-22 12:17:09 - [MESSAGE][PASSED] - Current device physical height is 2131

2019-10-22 12:17:09 - [MESSAGE][INFO] - Device Height : 2131

2019-10-22 12:17:10 - [MESSAGE][PASSED] - Current device physical width is 1080

2019-10-22 12:17:10 - [MESSAGE][INFO] - Device Width : 1080

2019-10-22 12:17:10 - [MESSAGE][INFO] - Swipe start at Height : 1491

2019-10-22 12:17:10 - [MESSAGE][INFO] - Swipe end at Height : 1065

2019-10-22 12:17:10 - [MESSAGE][INFO] - X Position : 1000

2019-10-22 12:17:12 - [MESSAGE][PASSED] - Swiped from 1,000,1,491 to 1,000,1,065

2019-10-22 12:17:12 - [MESSAGE][PASSED] - mobile.mobileSwipe.UpDown is PASSED

2019-10-22 12:17:12 - [TEST_STEP][PASSED] - setText(findTestObject("Borrower/Borrower - Emergency/Borrower_Emergency_InpEmail"), BEvarEmail, 0): Text 'ajdalsjdk@a.c' has been set to element 'Object Repository/Borrower/Borrower - Emergency/Borrower_Emergency_InpEmail'

2019-10-22 12:17:12 - [MESSAGE][WARNING] - Timeout '0' is invalid. Using default page load timeout: '30'

2019-10-22 12:17:15 - [MESSAGE][PASSED] - Text 'ajdalsjdk@a.c' has been set to element 'Object Repository/Borrower/Borrower - Emergency/Borrower_Emergency_InpEmail'

2019-10-22 12:17:15 - [MESSAGE][PASSED] - Call Test Case 'Test Cases/Data Entry/Borrower/Borrower - Emergency Contact/MASTER FLOW/TC_Borrower - Emergency Contact - MASTER FLOW' successfully

2019-10-22 12:17:15 - [MESSAGE][PASSED] - Call Test Case 'Test Cases/Data Entry/Borrower/Flow Borrower' successfully

2019-10-22 12:17:15 - [TEST_STEP][PASSED] - delay(10, STOP_ON_FAILURE): Delayed 10 second(s)

2019-10-22 12:17:25 - [MESSAGE][PASSED] - Delayed 10 second(s)

2019-10-22 12:17:25 - [TEST_STEP][PASSED] - tap(findTestObject("dynamic object/BtnBerikutnya"), 0): Tapped on element 'Object Repository/dynamic object/BtnBerikutnya'

2019-10-22 12:17:25 - [MESSAGE][WARNING] - Timeout '0' is invalid. Using default page load timeout: '30'

2019-10-22 12:17:30 - [MESSAGE][PASSED] - Tapped on element 'Object Repository/dynamic object/BtnBerikutnya'

2019-10-22 12:17:30 - [TEST_STEP][PASSED] - verifyElementVisible(findTestObject("Borrower/TxtSemuaDataSudahDiisi"), 80, OPTIONAL): Element 'Object Repository/Borrower/TxtSemuaDataSudahDiisi' is visible

2019-10-22 12:17:37 - [MESSAGE][PASSED] - Element 'Object Repository/Borrower/TxtSemuaDataSudahDiisi' is visible

2019-10-22 12:17:37 - [TEST_STEP][NOT_RUN] - if (AllStatusPerkawinan == "Married"): NOT_RUN: if (AllStatusPerkawinan == "Married")

2019-10-22 12:17:37 - [MESSAGE][NOT_RUN] - NOT_RUN: if (AllStatusPerkawinan == "Married")

2019-10-22 12:17:37 - [TEST_STEP][NOT_RUN] - if (AllGuarantor == "Ya"): NOT_RUN: if (AllGuarantor == "Ya")

2019-10-22 12:17:37 - [MESSAGE][NOT_RUN] - NOT_RUN: if (AllGuarantor == "Ya")

2019-10-22 12:17:37 - [TEST_STEP][PASSED] - delay(10, STOP_ON_FAILURE): Delayed 10 second(s)

2019-10-22 12:17:47 - [MESSAGE][PASSED] - Delayed 10 second(s)

2019-10-22 12:17:47 - [TEST_STEP][PASSED] - tap(findTestObject("dynamic object/BtnBerikutnya"), 0): Tapped on element 'Object Repository/dynamic object/BtnBerikutnya'

2019-10-22 12:17:47 - [MESSAGE][WARNING] - Timeout '0' is invalid. Using default page load timeout: '30'

2019-10-22 12:17:52 - [MESSAGE][PASSED] - Tapped on element 'Object Repository/dynamic object/BtnBerikutnya'

2019-10-22 12:17:52 - [TEST_STEP][PASSED] - delay(10, STOP_ON_FAILURE): Delayed 10 second(s)

2019-10-22 12:18:02 - [MESSAGE][PASSED] - Delayed 10 second(s)

2019-10-22 12:18:02 - [TEST_STEP][PASSED] - callTestCase(findTestCase("Data Entry/Penghasilan/MASTER FLOW/TC_Penghasilan - MASTER FLOW"), ["varPenghasilanKotorSatu":varPenghasilanKotorSatu, "varPenghasilanKotorDua":varPenghasilanKotorDua, "varPenghasilanKotorTiga":varPenghasilanKotorTiga, ... ], STOP_ON_FAILURE): Call Test Case 'Test Cases/Data Entry/Penghasilan/MASTER FLOW/TC_Penghasilan - MASTER FLOW' successfully

2019-10-22 12:18:02 - [TEST_CASE][PASSED] - Test Cases/Data Entry/Penghasilan/MASTER FLOW/TC_Penghasilan - MASTER FLOW: Test Cases/Data Entry/Penghasilan/MASTER FLOW/TC_Penghasilan - MASTER FLOW

2019-10-22 12:18:02 - [TEST_STEP][PASSED] - tap(findTestObject("Penghasilan/Penghasilan_BtnPenghasilanSatu"), 0): Tapped on element 'Object Repository/Penghasilan/Penghasilan_BtnPenghasilanSatu'

2019-10-22 12:18:02 - [MESSAGE][WARNING] - Timeout '0' is invalid. Using default page load timeout: '30'

2019-10-22 12:18:05 - [MESSAGE][PASSED] - Tapped on element 'Object Repository/Penghasilan/Penghasilan_BtnPenghasilanSatu'

2019-10-22 12:18:05 - [TEST_STEP][PASSED] - if (varSumberPenghasilanSatu == "Usaha"): null

2019-10-22 12:18:05 - [TEST_STEP][PASSED] - switch (varPemilikPenghasilanSatu.toString()): null

2019-10-22 12:18:05 - [TEST_STEP][PASSED] - case "Borrower":: null

2019-10-22 12:18:05 - [TEST_STEP][PASSED] - tap(findTestObject("Penghasilan/Penghasilan_PenghasilanSatu_BtnPemilikPenghasilan - Borrower"), 0): Tapped on element 'Object Repository/Penghasilan/Penghasilan_PenghasilanSatu_BtnPemilikPenghasilan - Borrower'

2019-10-22 12:18:05 - [MESSAGE][WARNING] - Timeout '0' is invalid. Using default page load timeout: '30'

2019-10-22 12:18:07 - [MESSAGE][PASSED] - Tapped on element 'Object Repository/Penghasilan/Penghasilan_PenghasilanSatu_BtnPemilikPenghasilan - Borrower'

2019-10-22 12:18:07 - [TEST_STEP][PASSED] - break: null

2019-10-22 12:18:07 - [TEST_STEP][PASSED] - tap(findTestObject("Penghasilan/Penghasilan_PenghasilanSatu_TxtJenisPekerjaanAtauUsaha"), 0): Tapped on element 'Object Repository/Penghasilan/Penghasilan_PenghasilanSatu_TxtJenisPekerjaanAtauUsaha'

2019-10-22 12:18:07 - [MESSAGE][WARNING] - Timeout '0' is invalid. Using default page load timeout: '30'

2019-10-22 12:18:09 - [MESSAGE][PASSED] - Tapped on element 'Object Repository/Penghasilan/Penghasilan_PenghasilanSatu_TxtJenisPekerjaanAtauUsaha'

2019-10-22 12:18:09 - [TEST_STEP][PASSED] - tap(findTestObject("dynamic object/pickListItem_checkedTextView", ["text":varJenisPekerjaanAtauUsahaSatu]), 0): Tapped on element 'Object Repository/dynamic object/pickListItem_checkedTextView'

2019-10-22 12:18:09 - [MESSAGE][WARNING] - Timeout '0' is invalid. Using default page load timeout: '30'

2019-10-22 12:18:11 - [MESSAGE][PASSED] - Tapped on element 'Object Repository/dynamic object/pickListItem_checkedTextView'

2019-10-22 12:18:11 - [TEST_STEP][PASSED] - setText(findTestObject("Penghasilan/Penghasilan_PenghasilanSatu_InpPenghasilanKotor"), varPenghasilanKotorSatu, 0): Text '14201841' has been set to element 'Object Repository/Penghasilan/Penghasilan_PenghasilanSatu_InpPenghasilanKotor'

2019-10-22 12:18:11 - [MESSAGE][WARNING] - Timeout '0' is invalid. Using default page load timeout: '30'

2019-10-22 12:18:13 - [MESSAGE][PASSED] - Text '14201841' has been set to element 'Object Repository/Penghasilan/Penghasilan_PenghasilanSatu_InpPenghasilanKotor'

2019-10-22 12:18:13 - [TEST_STEP][PASSED] - if (varPenghasilanDua == "Y"): null

2019-10-22 12:18:13 - [TEST_STEP][PASSED] - if (varPenghasilanTiga == "Y"): null

2019-10-22 12:18:13 - [TEST_STEP][PASSED] - tap(findTestObject("Penghasilan/Penghasilan_BtnBerikutnya"), 0): Tapped on element 'Object Repository/Penghasilan/Penghasilan_BtnBerikutnya'

2019-10-22 12:18:13 - [MESSAGE][WARNING] - Timeout '0' is invalid. Using default page load timeout: '30'

2019-10-22 12:18:16 - [MESSAGE][PASSED] - Tapped on element 'Object Repository/Penghasilan/Penghasilan_BtnBerikutnya'

2019-10-22 12:18:16 - [MESSAGE][PASSED] - Call Test Case 'Test Cases/Data Entry/Penghasilan/MASTER FLOW/TC_Penghasilan - MASTER FLOW' successfully

2019-10-22 12:18:16 - [TEST_STEP][PASSED] - callTestCase(findTestCase("Data Entry/Bank Account/Bank Account/MASTER FLOW/TC_Bank Account - Bank Account - MASTER FLOW"), ["varNamaCabang":varNamaCabang, "varNomorRekening":varNomorRekening, "varNamaPemegangRekening":varNamaPemegangRekening, "varSumberDanaBilaTidakBekerja":varSumberDanaBilaTidakBekerja, ... ], STOP_ON_FAILURE): Call Test Case 'Test Cases/Data Entry/Bank Account/Bank Account/MASTER FLOW/TC_Bank Account - Bank Account - MASTER FLOW' successfully

2019-10-22 12:18:16 - [TEST_CASE][PASSED] - Test Cases/Data Entry/Bank Account/Bank Account/MASTER FLOW/TC_Bank Account - Bank Account - MASTER FLOW: Test Cases/Data Entry/Bank Account/Bank Account/MASTER FLOW/TC_Bank Account - Bank Account - MASTER FLOW

2019-10-22 12:18:17 - [TEST_STEP][PASSED] - switch (varMetodePembayaran.toString()): null

2019-10-22 12:18:17 - [TEST_STEP][PASSED] - case "Giro":: null

2019-10-22 12:18:17 - [TEST_STEP][PASSED] - tap(findTestObject("Bank Account/Bank Account - Bank Account/BankAccount_BankAccount_BtnMetodePembayaran - Giro"), 0): Tapped on element 'Object Repository/Bank Account/Bank Account - Bank Account/BankAccount_BankAccount_BtnMetodePembayaran - Giro'

2019-10-22 12:18:17 - [MESSAGE][WARNING] - Timeout '0' is invalid. Using default page load timeout: '30'

2019-10-22 12:18:19 - [MESSAGE][PASSED] - Tapped on element 'Object Repository/Bank Account/Bank Account - Bank Account/BankAccount_BankAccount_BtnMetodePembayaran - Giro'

2019-10-22 12:18:19 - [TEST_STEP][PASSED] - break: null

2019-10-22 12:18:19 - [TEST_STEP][PASSED] - setText(findTestObject("Bank Account/Bank Account - Bank Account/BankAccount_BankAccount_InpNamaCabang"), varNamaCabang, 0): Text 'BCA-JKT-PALMERAH' has been set to element 'Object Repository/Bank Account/Bank Account - Bank Account/BankAccount_BankAccount_InpNamaCabang'

2019-10-22 12:18:19 - [MESSAGE][WARNING] - Timeout '0' is invalid. Using default page load timeout: '30'

2019-10-22 12:18:20 - [MESSAGE][PASSED] - Text 'BCA-JKT-PALMERAH' has been set to element 'Object Repository/Bank Account/Bank Account - Bank Account/BankAccount_BankAccount_InpNamaCabang'

2019-10-22 12:18:20 - [TEST_STEP][PASSED] - tap(findTestObject("Bank Account/Bank Account - Bank Account/BankAccount_BankAccount_InpNamaCabang"), 0, STOP_ON_FAILURE): Tapped on element 'Object Repository/Bank Account/Bank Account - Bank Account/BankAccount_BankAccount_InpNamaCabang'

2019-10-22 12:18:20 - [MESSAGE][WARNING] - Timeout '0' is invalid. Using default page load timeout: '30'

2019-10-22 12:18:23 - [MESSAGE][PASSED] - Tapped on element 'Object Repository/Bank Account/Bank Account - Bank Account/BankAccount_BankAccount_InpNamaCabang'

2019-10-22 12:18:23 - [TEST_STEP][PASSED] - mobile.picklist.List(findTestObject("dynamic object/pickListItem_viewView", ["text":varNamaCabang]), OPTIONAL): mobile.picklist.List is PASSED

2019-10-22 12:18:23 - [MESSAGE][WARNING] - Timeout '0' is invalid. Using default page load timeout: '30'

2019-10-22 12:18:24 - [MESSAGE][PASSED] - Object 'Object Repository/dynamic object/pickListItem_viewView' has top position '965'

2019-10-22 12:18:24 - [MESSAGE][WARNING] - Timeout '0' is invalid. Using default page load timeout: '30'

2019-10-22 12:18:26 - [MESSAGE][PASSED] - Object 'Object Repository/dynamic object/pickListItem_viewView' has left position '76'

2019-10-22 12:18:26 - [MESSAGE][PASSED] - Tapped at [76, 1,080]

2019-10-22 12:18:26 - [MESSAGE][PASSED] - mobile.picklist.List is PASSED

2019-10-22 12:18:26 - [TEST_STEP][PASSED] - setText(findTestObject("Bank Account/Bank Account - Bank Account/BankAccount_BankAccount_InpNomorRekening"), varNomorRekening, 0): Text '2291483650' has been set to element 'Object Repository/Bank Account/Bank Account - Bank Account/BankAccount_BankAccount_InpNomorRekening'

2019-10-22 12:18:26 - [MESSAGE][WARNING] - Timeout '0' is invalid. Using default page load timeout: '30'

2019-10-22 12:18:28 - [MESSAGE][PASSED] - Text '2291483650' has been set to element 'Object Repository/Bank Account/Bank Account - Bank Account/BankAccount_BankAccount_InpNomorRekening'

2019-10-22 12:18:28 - [TEST_STEP][PASSED] - setText(findTestObject("Bank Account/Bank Account - Bank Account/BankAccount_BankAccount_InpNamaPemegangRekening"), varNamaPemegangRekening, 0): Text 'DWI ARINI ASTUTI' has been set to element 'Object Repository/Bank Account/Bank Account - Bank Account/BankAccount_BankAccount_InpNamaPemegangRekening'

2019-10-22 12:18:28 - [MESSAGE][WARNING] - Timeout '0' is invalid. Using default page load timeout: '30'

2019-10-22 12:18:30 - [MESSAGE][PASSED] - Text 'DWI ARINI ASTUTI' has been set to element 'Object Repository/Bank Account/Bank Account - Bank Account/BankAccount_BankAccount_InpNamaPemegangRekening'

2019-10-22 12:18:30 - [TEST_STEP][NOT_RUN] - if (varPembukaanRekeningPermata == "Y"): NOT_RUN: if (varPembukaanRekeningPermata == "Y")

2019-10-22 12:18:30 - [MESSAGE][NOT_RUN] - NOT_RUN: if (varPembukaanRekeningPermata == "Y")

2019-10-22 12:18:30 - [MESSAGE][PASSED] - Call Test Case 'Test Cases/Data Entry/Bank Account/Bank Account/MASTER FLOW/TC_Bank Account - Bank Account - MASTER FLOW' successfully

2019-10-22 12:18:30 - [TEST_STEP][PASSED] - callTestCase(findTestCase("Data Entry/Bank Account/Bank History/MASTER FLOW/TC_Bank Account - Bank History - MASTER FLOW"), ["varNamaBank":varNamaBank, "varNomorRekening":varNomorRekening, "varNamaPemegangRekening":varNamaPemegangRekening, "varBulan":varBulan, ... ], STOP_ON_FAILURE): Call Test Case 'Test Cases/Data Entry/Bank Account/Bank History/MASTER FLOW/TC_Bank Account - Bank History - MASTER FLOW' successfully

2019-10-22 12:18:30 - [TEST_CASE][PASSED] - Test Cases/Data Entry/Bank Account/Bank History/MASTER FLOW/TC_Bank Account - Bank History - MASTER FLOW: Test Cases/Data Entry/Bank Account/Bank History/MASTER FLOW/TC_Bank Account - Bank History - MASTER FLOW

2019-10-22 12:18:31 - [TEST_STEP][PASSED] - tap(findTestObject("Bank Account/TAB/BankAccount_TabBankHistory"), 0): Tapped on element 'Object Repository/Bank Account/TAB/BankAccount_TabBankHistory'

2019-10-22 12:18:31 - [MESSAGE][WARNING] - Timeout '0' is invalid. Using default page load timeout: '30'

2019-10-22 12:18:33 - [MESSAGE][PASSED] - Tapped on element 'Object Repository/Bank Account/TAB/BankAccount_TabBankHistory'

2019-10-22 12:18:33 - [TEST_STEP][PASSED] - setText(findTestObject("Bank Account/Bank Account - Bank History/BankAccount_BankHistory_InpNamaBank"), varNamaBank, 0): Text 'BCA-JKT-PALMERAH' has been set to element 'Object Repository/Bank Account/Bank Account - Bank History/BankAccount_BankHistory_InpNamaBank'

2019-10-22 12:18:33 - [MESSAGE][WARNING] - Timeout '0' is invalid. Using default page load timeout: '30'

2019-10-22 12:18:34 - [MESSAGE][PASSED] - Text 'BCA-JKT-PALMERAH' has been set to element 'Object Repository/Bank Account/Bank Account - Bank History/BankAccount_BankHistory_InpNamaBank'

2019-10-22 12:18:34 - [TEST_STEP][PASSED] - tap(findTestObject("Bank Account/Bank Account - Bank History/BankAccount_BankHistory_InpNamaBank"), 0, STOP_ON_FAILURE): Tapped on element 'Object Repository/Bank Account/Bank Account - Bank History/BankAccount_BankHistory_InpNamaBank'

2019-10-22 12:18:34 - [MESSAGE][WARNING] - Timeout '0' is invalid. Using default page load timeout: '30'

2019-10-22 12:18:37 - [MESSAGE][PASSED] - Tapped on element 'Object Repository/Bank Account/Bank Account - Bank History/BankAccount_BankHistory_InpNamaBank'

2019-10-22 12:18:37 - [TEST_STEP][PASSED] - mobile.picklist.List(findTestObject("dynamic object/pickListItem_viewView", ["text":varNamaBank]), STOP_ON_FAILURE): mobile.picklist.List is PASSED

2019-10-22 12:18:37 - [MESSAGE][WARNING] - Timeout '0' is invalid. Using default page load timeout: '30'

2019-10-22 12:18:38 - [MESSAGE][PASSED] - Object 'Object Repository/dynamic object/pickListItem_viewView' has top position '755'

2019-10-22 12:18:38 - [MESSAGE][WARNING] - Timeout '0' is invalid. Using default page load timeout: '30'

2019-10-22 12:18:39 - [MESSAGE][PASSED] - Object 'Object Repository/dynamic object/pickListItem_viewView' has left position '78'

2019-10-22 12:18:39 - [MESSAGE][PASSED] - Tapped at [78, 870]

2019-10-22 12:18:39 - [MESSAGE][PASSED] - mobile.picklist.List is PASSED

2019-10-22 12:18:39 - [TEST_STEP][PASSED] - setText(findTestObject("Bank Account/Bank Account - Bank History/BankAccount_BankHistory_InpNomorRekening"), varNomorRekening, 0): Text '2291483650' has been set to element 'Object Repository/Bank Account/Bank Account - Bank History/BankAccount_BankHistory_InpNomorRekening'

2019-10-22 12:18:39 - [MESSAGE][WARNING] - Timeout '0' is invalid. Using default page load timeout: '30'

2019-10-22 12:18:42 - [MESSAGE][PASSED] - Text '2291483650' has been set to element 'Object Repository/Bank Account/Bank Account - Bank History/BankAccount_BankHistory_InpNomorRekening'

2019-10-22 12:18:42 - [TEST_STEP][PASSED] - setText(findTestObject("Bank Account/Bank Account - Bank History/BankAccount_BankHistory_InpNamaPemegangRekening"), varNamaPemegangRekening, 0): Text 'DWI ARINI ASTUTI' has been set to element 'Object Repository/Bank Account/Bank Account - Bank History/BankAccount_BankHistory_InpNamaPemegangRekening'

2019-10-22 12:18:42 - [MESSAGE][WARNING] - Timeout '0' is invalid. Using default page load timeout: '30'

2019-10-22 12:18:43 - [MESSAGE][PASSED] - Text 'DWI ARINI ASTUTI' has been set to element 'Object Repository/Bank Account/Bank Account - Bank History/BankAccount_BankHistory_InpNamaPemegangRekening'

2019-10-22 12:18:43 - [TEST_STEP][PASSED] - delay(10, STOP_ON_FAILURE): Delayed 10 second(s)

2019-10-22 12:18:53 - [MESSAGE][PASSED] - Delayed 10 second(s)

2019-10-22 12:18:53 - [TEST_STEP][NOT_RUN] - if (varTambahBankHistory == "Y"): NOT_RUN: if (varTambahBankHistory == "Y")

2019-10-22 12:18:53 - [MESSAGE][NOT_RUN] - NOT_RUN: if (varTambahBankHistory == "Y")

2019-10-22 12:18:53 - [MESSAGE][PASSED] - Call Test Case 'Test Cases/Data Entry/Bank Account/Bank History/MASTER FLOW/TC_Bank Account - Bank History - MASTER FLOW' successfully

2019-10-22 12:18:53 - [TEST_STEP][PASSED] - tap(findTestObject("dynamic object/BtnBerikutnya"), 0): Tapped on element 'Object Repository/dynamic object/BtnBerikutnya'

2019-10-22 12:18:54 - [MESSAGE][WARNING] - Timeout '0' is invalid. Using default page load timeout: '30'

2019-10-22 12:18:56 - [MESSAGE][PASSED] - Tapped on element 'Object Repository/dynamic object/BtnBerikutnya'

2019-10-22 12:18:56 - [TEST_STEP][PASSED] - delay(10, STOP_ON_FAILURE): Delayed 10 second(s)

2019-10-22 12:19:06 - [MESSAGE][PASSED] - Delayed 10 second(s)

2019-10-22 12:19:06 - [TEST_STEP][PASSED] - delay(10, STOP_ON_FAILURE): Delayed 10 second(s)

2019-10-22 12:19:16 - [MESSAGE][PASSED] - Delayed 10 second(s)

2019-10-22 12:19:16 - [TEST_STEP][FAILED] - tap(findTestObject("dynamic object/BtnBerikutnya"), 0): Failed to tap on element 'Object Repository/dynamic object/BtnBerikutnya' (Root cause: com.kms.katalon.core.exception.StepFailedException: Object Object Repository/dynamic object/BtnBerikutnya not found
	at com.kms.katalon.core.keyword.internal.KeywordMain.stepFailed(KeywordMain.groovy:50)
	at com.kms.katalon.core.mobile.keyword.internal.MobileKeywordMain.stepFailed(MobileKeywordMain.groovy:40)
	at com.kms.katalon.core.mobile.keyword.builtin.TapKeyword$_tap_closure1.doCall(TapKeyword.groovy:79)
	at com.kms.katalon.core.mobile.keyword.builtin.TapKeyword$_tap_closure1.call(TapKeyword.groovy)
	at com.kms.katalon.core.mobile.keyword.internal.MobileKeywordMain.runKeyword(MobileKeywordMain.groovy:21)
	at com.kms.katalon.core.mobile.keyword.builtin.TapKeyword.tap(TapKeyword.groovy:86)
	at com.kms.katalon.core.mobile.keyword.builtin.TapKeyword.execute(TapKeyword.groovy:68)
	at com.kms.katalon.core.keyword.internal.KeywordExecutor.executeKeywordForPlatform(KeywordExecutor.groovy:60)
	at com.kms.katalon.core.mobile.keyword.MobileBuiltInKeywords.tap(MobileBuiltInKeywords.groovy:520)
	at com.kms.katalon.core.mobile.keyword.MobileBuiltInKeywords$tap$1.call(Unknown Source)
	at TC_Data Entry.run(TC_Data Entry:215)
	at com.kms.katalon.core.main.ScriptEngine.run(ScriptEngine.java:194)
	at com.kms.katalon.core.main.ScriptEngine.runScriptAsRawText(ScriptEngine.java:119)
	at com.kms.katalon.core.main.TestCaseExecutor.runScript(TestCaseExecutor.java:337)
	at com.kms.katalon.core.main.TestCaseExecutor.doExecute(TestCaseExecutor.java:328)
	at com.kms.katalon.core.main.TestCaseExecutor.processExecutionPhase(TestCaseExecutor.java:307)
	at com.kms.katalon.core.main.TestCaseExecutor.accessMainPhase(TestCaseExecutor.java:299)
	at com.kms.katalon.core.main.TestCaseExecutor.execute(TestCaseExecutor.java:233)
	at com.kms.katalon.core.main.TestSuiteExecutor.accessTestCaseMainPhase(TestSuiteExecutor.java:169)
	at com.kms.katalon.core.main.TestSuiteExecutor.accessTestSuiteMainPhase(TestSuiteExecutor.java:142)
	at com.kms.katalon.core.main.TestSuiteExecutor.execute(TestSuiteExecutor.java:91)
	at com.kms.katalon.core.main.TestCaseMain.startTestSuite(TestCaseMain.java:157)
	at com.kms.katalon.core.main.TestCaseMain$startTestSuite$0.call(Unknown Source)
	at TempTestSuite1571720266263.run(TempTestSuite1571720266263.groovy:36)
)

2019-10-22 12:19:16 - [MESSAGE][WARNING] - Timeout '0' is invalid. Using default page load timeout: '30'

2019-10-22 12:19:48 - [MESSAGE][FAILED] - Object Object Repository/dynamic object/BtnBerikutnya not found
[[ATTACHMENT|C:\\Users\\15421\\git\\ACCMe-Mobile\\Reports\\20191022_115746\\New Test Suite\\20191022_115746\\1571721586535.png]]

2019-10-22 12:19:49 - [MESSAGE][FAILED] - Failed to tap on element 'Object Repository/dynamic object/BtnBerikutnya' (Root cause: com.kms.katalon.core.exception.StepFailedException: Object Object Repository/dynamic object/BtnBerikutnya not found
	at com.kms.katalon.core.keyword.internal.KeywordMain.stepFailed(KeywordMain.groovy:50)
	at com.kms.katalon.core.mobile.keyword.internal.MobileKeywordMain.stepFailed(MobileKeywordMain.groovy:40)
	at com.kms.katalon.core.mobile.keyword.builtin.TapKeyword$_tap_closure1.doCall(TapKeyword.groovy:79)
	at com.kms.katalon.core.mobile.keyword.builtin.TapKeyword$_tap_closure1.call(TapKeyword.groovy)
	at com.kms.katalon.core.mobile.keyword.internal.MobileKeywordMain.runKeyword(MobileKeywordMain.groovy:21)
	at com.kms.katalon.core.mobile.keyword.builtin.TapKeyword.tap(TapKeyword.groovy:86)
	at com.kms.katalon.core.mobile.keyword.builtin.TapKeyword.execute(TapKeyword.groovy:68)
	at com.kms.katalon.core.keyword.internal.KeywordExecutor.executeKeywordForPlatform(KeywordExecutor.groovy:60)
	at com.kms.katalon.core.mobile.keyword.MobileBuiltInKeywords.tap(MobileBuiltInKeywords.groovy:520)
	at com.kms.katalon.core.mobile.keyword.MobileBuiltInKeywords$tap$1.call(Unknown Source)
	at TC_Data Entry.run(TC_Data Entry:215)
	at com.kms.katalon.core.main.ScriptEngine.run(ScriptEngine.java:194)
	at com.kms.katalon.core.main.ScriptEngine.runScriptAsRawText(ScriptEngine.java:119)
	at com.kms.katalon.core.main.TestCaseExecutor.runScript(TestCaseExecutor.java:337)
	at com.kms.katalon.core.main.TestCaseExecutor.doExecute(TestCaseExecutor.java:328)
	at com.kms.katalon.core.main.TestCaseExecutor.processExecutionPhase(TestCaseExecutor.java:307)
	at com.kms.katalon.core.main.TestCaseExecutor.accessMainPhase(TestCaseExecutor.java:299)
	at com.kms.katalon.core.main.TestCaseExecutor.execute(TestCaseExecutor.java:233)
	at com.kms.katalon.core.main.TestSuiteExecutor.accessTestCaseMainPhase(TestSuiteExecutor.java:169)
	at com.kms.katalon.core.main.TestSuiteExecutor.accessTestSuiteMainPhase(TestSuiteExecutor.java:142)
	at com.kms.katalon.core.main.TestSuiteExecutor.execute(TestSuiteExecutor.java:91)
	at com.kms.katalon.core.main.TestCaseMain.startTestSuite(TestCaseMain.java:157)
	at com.kms.katalon.core.main.TestCaseMain$startTestSuite$0.call(Unknown Source)
	at TempTestSuite1571720266263.run(TempTestSuite1571720266263.groovy:36)
)
[[ATTACHMENT|C:\\Users\\15421\\git\\ACCMe-Mobile\\Reports\\20191022_115746\\New Test Suite\\20191022_115746\\1571721588059.png]]

2019-10-22 12:19:49 - [TEST_STEP][PASSED] - Start listener action : sampleAfterTestCase: Close app successfully

2019-10-22 12:19:49 - [TEST_STEP][PASSED] - getDriver().quit(): null

2019-10-22 12:19:52 - [TEST_STEP][PASSED] - closeApplication(OPTIONAL): Close app successfully

2019-10-22 12:19:52 - [MESSAGE][PASSED] - Close app successfully]]></system-out>
         <system-err><![CDATA[2019-10-22 12:05:43 - [TEST_CASE][FAILED] - Test Cases/Data Entry/TC_Data Entry: Test Cases/Data Entry/TC_Data Entry FAILED.
Reason:
com.kms.katalon.core.exception.StepFailedException: Object Object Repository/dynamic object/BtnBerikutnya not found
	at com.kms.katalon.core.keyword.internal.KeywordMain.stepFailed(KeywordMain.groovy:50)
	at com.kms.katalon.core.mobile.keyword.internal.MobileKeywordMain.stepFailed(MobileKeywordMain.groovy:40)
	at com.kms.katalon.core.mobile.keyword.builtin.TapKeyword$_tap_closure1.doCall(TapKeyword.groovy:79)
	at com.kms.katalon.core.mobile.keyword.builtin.TapKeyword$_tap_closure1.call(TapKeyword.groovy)
	at com.kms.katalon.core.mobile.keyword.internal.MobileKeywordMain.runKeyword(MobileKeywordMain.groovy:21)
	at com.kms.katalon.core.mobile.keyword.builtin.TapKeyword.tap(TapKeyword.groovy:86)
	at com.kms.katalon.core.mobile.keyword.builtin.TapKeyword.execute(TapKeyword.groovy:68)
	at com.kms.katalon.core.keyword.internal.KeywordExecutor.executeKeywordForPlatform(KeywordExecutor.groovy:60)
	at com.kms.katalon.core.mobile.keyword.MobileBuiltInKeywords.tap(MobileBuiltInKeywords.groovy:520)
	at com.kms.katalon.core.mobile.keyword.MobileBuiltInKeywords$tap$1.call(Unknown Source)
	at TC_Data Entry.run(TC_Data Entry:215)
	at com.kms.katalon.core.main.ScriptEngine.run(ScriptEngine.java:194)
	at com.kms.katalon.core.main.ScriptEngine.runScriptAsRawText(ScriptEngine.java:119)
	at com.kms.katalon.core.main.TestCaseExecutor.runScript(TestCaseExecutor.java:337)
	at com.kms.katalon.core.main.TestCaseExecutor.doExecute(TestCaseExecutor.java:328)
	at com.kms.katalon.core.main.TestCaseExecutor.processExecutionPhase(TestCaseExecutor.java:307)
	at com.kms.katalon.core.main.TestCaseExecutor.accessMainPhase(TestCaseExecutor.java:299)
	at com.kms.katalon.core.main.TestCaseExecutor.execute(TestCaseExecutor.java:233)
	at com.kms.katalon.core.main.TestSuiteExecutor.accessTestCaseMainPhase(TestSuiteExecutor.java:169)
	at com.kms.katalon.core.main.TestSuiteExecutor.accessTestSuiteMainPhase(TestSuiteExecutor.java:142)
	at com.kms.katalon.core.main.TestSuiteExecutor.execute(TestSuiteExecutor.java:91)
	at com.kms.katalon.core.main.TestCaseMain.startTestSuite(TestCaseMain.java:157)
	at com.kms.katalon.core.main.TestCaseMain$startTestSuite$0.call(Unknown Source)
	at TempTestSuite1571720266263.run(TempTestSuite1571720266263.groovy:36)]]></system-err>
      </testcase>
      <testcase name="Test Cases/Data Entry/TC_Data Entry" classname="Test Cases/Data Entry/TC_Data Entry" status="FAILED">
         <failure type="FAILED" message="Test Cases/Data Entry/TC_Data Entry FAILED.
Reason:
com.kms.katalon.core.exception.StepFailedException: Call Test Case 'Test Cases/Data Entry/Simulasi Kredit/Simulasi Kredit - Asuransi/MASTER FLOW/TC_Asuransi - MASTER FLOW' failed
	at com.kms.katalon.core.keyword.builtin.CallTestCaseKeyword$_callTestCase_closure1.doCall(CallTestCaseKeyword.groovy:63)
	at com.kms.katalon.core.keyword.builtin.CallTestCaseKeyword$_callTestCase_closure1.call(CallTestCaseKeyword.groovy)
	at com.kms.katalon.core.keyword.internal.KeywordMain.runKeyword(KeywordMain.groovy:68)
	at com.kms.katalon.core.keyword.builtin.CallTestCaseKeyword.callTestCase(CallTestCaseKeyword.groovy:81)
	at com.kms.katalon.core.keyword.builtin.CallTestCaseKeyword.execute(CallTestCaseKeyword.groovy:44)
	at com.kms.katalon.core.keyword.internal.KeywordExecutor.executeKeywordForPlatform(KeywordExecutor.groovy:60)
	at com.kms.katalon.core.keyword.BuiltinKeywords.callTestCase(BuiltinKeywords.groovy:334)
	at TC_Data Entry.run(TC_Data Entry:28)
	at com.kms.katalon.core.main.ScriptEngine.run(ScriptEngine.java:194)
	at com.kms.katalon.core.main.ScriptEngine.runScriptAsRawText(ScriptEngine.java:119)
	at com.kms.katalon.core.main.TestCaseExecutor.runScript(TestCaseExecutor.java:337)
	at com.kms.katalon.core.main.TestCaseExecutor.doExecute(TestCaseExecutor.java:328)
	at com.kms.katalon.core.main.TestCaseExecutor.processExecutionPhase(TestCaseExecutor.java:307)
	at com.kms.katalon.core.main.TestCaseExecutor.accessMainPhase(TestCaseExecutor.java:299)
	at com.kms.katalon.core.main.TestCaseExecutor.execute(TestCaseExecutor.java:233)
	at com.kms.katalon.core.main.TestSuiteExecutor.accessTestCaseMainPhase(TestSuiteExecutor.java:169)
	at com.kms.katalon.core.main.TestSuiteExecutor.accessTestSuiteMainPhase(TestSuiteExecutor.java:142)
	at com.kms.katalon.core.main.TestSuiteExecutor.execute(TestSuiteExecutor.java:91)
	at com.kms.katalon.core.main.TestCaseMain.startTestSuite(TestCaseMain.java:157)
	at com.kms.katalon.core.main.TestCaseMain$startTestSuite$0.call(Unknown Source)
	at TempTestSuite1571720266263.run(TempTestSuite1571720266263.groovy:36)
Caused by: com.kms.katalon.core.exception.StepFailedException: Failed to tap on element 'Object Repository/Simulasi Kredit/Simulasi Kredit - Asuransi/Asuransi_Tipe Asuransi Int' (Root cause: org.openqa.selenium.WebDriverException: An unknown server-side error occurred while processing the command. Original error: Could not proxy command to remote server. Original error: Error: socket hang up
Build info: version: '3.141.59', revision: 'e82be7d358', time: '2018-11-14T08:25:53'
System info: host: 'FATITQC15421L', ip: '10.7.8.178', os.name: 'Windows 10', os.arch: 'amd64', os.version: '10.0', java.version: '1.8.0_181'
Driver info: com.kms.katalon.core.appium.driver.SwipeableAndroidDriver
Capabilities {app: C:\Users\15421\git\ACCMe-Mo..., appPackage: com.outsystemsenterprise.ac..., appWaitActivity: com.*, autoGrantPermissions: true, automationName: uiautomator2, databaseEnabled: false, desired: {app: C:\Users\15421\git\ACCMe-Mo..., appWaitActivity: com.*, autoGrantPermissions: true, automationName: uiautomator2, deviceId: , deviceName: samsung SM-A505F (Android 9), fullReset: false, newCommandTimeout: 1800, noReset: true, platform: ANDROID, platformName: android, platformVersion: 9, resetKeyboard: true, systemPort: 60908, udid: RR8M30NJQJV, unicodeKeyboard: true}, deviceApiLevel: 28, deviceId: , deviceManufacturer: samsung, deviceModel: SM-A505F, deviceName: RR8M30NJQJV, deviceScreenDensity: 420, deviceScreenSize: 1080x2340, deviceUDID: RR8M30NJQJV, fullReset: false, javascriptEnabled: true, locationContextEnabled: false, networkConnectionEnabled: true, newCommandTimeout: 1800, noReset: true, pixelRatio: 2.625, platform: ANDROID, platformName: Android, platformVersion: 9, resetKeyboard: true, statBarHeight: 83, systemPort: 60908, takesScreenshot: true, udid: RR8M30NJQJV, unicodeKeyboard: true, viewportRect: {height: 2048, left: 0, top: 83, width: 1080}, warnings: {}, webStorageEnabled: false}
Session ID: b68dfa6e-ca36-4931-b0b5-58834159786a
	at org.openqa.selenium.remote.http.W3CHttpResponseCodec.createException(W3CHttpResponseCodec.java:187)
	at org.openqa.selenium.remote.http.W3CHttpResponseCodec.decode(W3CHttpResponseCodec.java:122)
	at org.openqa.selenium.remote.http.W3CHttpResponseCodec.decode(W3CHttpResponseCodec.java:49)
	at org.openqa.selenium.remote.HttpCommandExecutor.execute(HttpCommandExecutor.java:158)
	at io.appium.java_client.remote.AppiumCommandExecutor.execute(AppiumCommandExecutor.java:239)
	at org.openqa.selenium.remote.RemoteWebDriver.execute(RemoteWebDriver.java:552)
	at io.appium.java_client.DefaultGenericMobileDriver.execute(DefaultGenericMobileDriver.java:46)
	at io.appium.java_client.AppiumDriver.execute(AppiumDriver.java:1)
	at io.appium.java_client.android.AndroidDriver.execute(AndroidDriver.java:1)
	at com.kms.katalon.core.appium.driver.SwipeableAndroidDriver.execute(SwipeableAndroidDriver.java:1)
	at org.openqa.selenium.remote.RemoteWebDriver$RemoteWebDriverOptions$RemoteWindow.getSize(RemoteWebDriver.java:813)
	at org.openqa.selenium.WebDriver$Window$getSize.call(Unknown Source)
	at com.kms.katalon.core.mobile.keyword.internal.MobileAbstractKeyword.findElement(MobileAbstractKeyword.groovy:81)
	at com.kms.katalon.core.mobile.keyword.builtin.TapKeyword$_tap_closure1.doCall(TapKeyword.groovy:76)
	at com.kms.katalon.core.mobile.keyword.builtin.TapKeyword$_tap_closure1.call(TapKeyword.groovy)
	at com.kms.katalon.core.mobile.keyword.internal.MobileKeywordMain.runKeyword(MobileKeywordMain.groovy:21)
	at com.kms.katalon.core.mobile.keyword.builtin.TapKeyword.tap(TapKeyword.groovy:86)
	at com.kms.katalon.core.mobile.keyword.builtin.TapKeyword.execute(TapKeyword.groovy:68)
	at com.kms.katalon.core.keyword.internal.KeywordExecutor.executeKeywordForPlatform(KeywordExecutor.groovy:60)
	at com.kms.katalon.core.mobile.keyword.MobileBuiltInKeywords.tap(MobileBuiltInKeywords.groovy:520)
	at com.kms.katalon.core.mobile.keyword.MobileBuiltInKeywords$tap$1.call(Unknown Source)
	at TC_Asuransi - MASTER FLOW.run(TC_Asuransi - MASTER FLOW:19)
	at com.kms.katalon.core.main.ScriptEngine.run(ScriptEngine.java:194)
	at com.kms.katalon.core.main.ScriptEngine.runScriptAsRawText(ScriptEngine.java:119)
	at com.kms.katalon.core.main.TestCaseExecutor.runScript(TestCaseExecutor.java:337)
	at com.kms.katalon.core.main.TestCaseExecutor.doExecute(TestCaseExecutor.java:328)
	at com.kms.katalon.core.main.TestCaseExecutor.processExecutionPhase(TestCaseExecutor.java:307)
	at com.kms.katalon.core.main.TestCaseExecutor.accessMainPhase(TestCaseExecutor.java:299)
	at com.kms.katalon.core.main.TestCaseExecutor.execute(TestCaseExecutor.java:233)
	at com.kms.katalon.core.main.TestCaseMain.runTestCase(TestCaseMain.java:114)
	at com.kms.katalon.core.keyword.builtin.CallTestCaseKeyword$_callTestCase_closure1.doCall(CallTestCaseKeyword.groovy:59)
	at com.kms.katalon.core.keyword.builtin.CallTestCaseKeyword$_callTestCase_closure1.call(CallTestCaseKeyword.groovy)
	at com.kms.katalon.core.keyword.internal.KeywordMain.runKeyword(KeywordMain.groovy:68)
	at com.kms.katalon.core.keyword.builtin.CallTestCaseKeyword.callTestCase(CallTestCaseKeyword.groovy:81)
	at com.kms.katalon.core.keyword.builtin.CallTestCaseKeyword.execute(CallTestCaseKeyword.groovy:44)
	at com.kms.katalon.core.keyword.internal.KeywordExecutor.executeKeywordForPlatform(KeywordExecutor.groovy:60)
	at com.kms.katalon.core.keyword.BuiltinKeywords.callTestCase(BuiltinKeywords.groovy:334)
	at TC_Data Entry.run(TC_Data Entry:28)
	at com.kms.katalon.core.main.ScriptEngine.run(ScriptEngine.java:194)
	at com.kms.katalon.core.main.ScriptEngine.runScriptAsRawText(ScriptEngine.java:119)
	at com.kms.katalon.core.main.TestCaseExecutor.runScript(TestCaseExecutor.java:337)
	at com.kms.katalon.core.main.TestCaseExecutor.doExecute(TestCaseExecutor.java:328)
	at com.kms.katalon.core.main.TestCaseExecutor.processExecutionPhase(TestCaseExecutor.java:307)
	at com.kms.katalon.core.main.TestCaseExecutor.accessMainPhase(TestCaseExecutor.java:299)
	at com.kms.katalon.core.main.TestCaseExecutor.execute(TestCaseExecutor.java:233)
	at com.kms.katalon.core.main.TestSuiteExecutor.accessTestCaseMainPhase(TestSuiteExecutor.java:169)
	at com.kms.katalon.core.main.TestSuiteExecutor.accessTestSuiteMainPhase(TestSuiteExecutor.java:142)
	at com.kms.katalon.core.main.TestSuiteExecutor.execute(TestSuiteExecutor.java:91)
	at com.kms.katalon.core.main.TestCaseMain.startTestSuite(TestCaseMain.java:157)
	at com.kms.katalon.core.main.TestCaseMain$startTestSuite$0.call(Unknown Source)
	at TempTestSuite1571720266263.run(TempTestSuite1571720266263.groovy:36)
)
	at com.kms.katalon.core.keyword.internal.KeywordMain.stepFailed(KeywordMain.groovy:50)
	at com.kms.katalon.core.mobile.keyword.internal.MobileKeywordMain.stepFailed(MobileKeywordMain.groovy:40)
	at com.kms.katalon.core.mobile.keyword.internal.MobileKeywordMain.runKeyword(MobileKeywordMain.groovy:23)
	at com.kms.katalon.core.mobile.keyword.builtin.TapKeyword.tap(TapKeyword.groovy:86)
	at com.kms.katalon.core.mobile.keyword.builtin.TapKeyword.execute(TapKeyword.groovy:68)
	at com.kms.katalon.core.keyword.internal.KeywordExecutor.executeKeywordForPlatform(KeywordExecutor.groovy:60)
	at com.kms.katalon.core.mobile.keyword.MobileBuiltInKeywords.tap(MobileBuiltInKeywords.groovy:520)
	at com.kms.katalon.core.mobile.keyword.MobileBuiltInKeywords$tap$1.call(Unknown Source)
	at TC_Asuransi - MASTER FLOW.run(TC_Asuransi - MASTER FLOW:19)
	at com.kms.katalon.core.main.ScriptEngine.run(ScriptEngine.java:194)
	at com.kms.katalon.core.main.ScriptEngine.runScriptAsRawText(ScriptEngine.java:119)
	at com.kms.katalon.core.main.TestCaseExecutor.runScript(TestCaseExecutor.java:337)
	at com.kms.katalon.core.main.TestCaseExecutor.doExecute(TestCaseExecutor.java:328)
	at com.kms.katalon.core.main.TestCaseExecutor.processExecutionPhase(TestCaseExecutor.java:307)
	at com.kms.katalon.core.main.TestCaseExecutor.accessMainPhase(TestCaseExecutor.java:299)
	at com.kms.katalon.core.main.TestCaseExecutor.execute(TestCaseExecutor.java:233)
	at com.kms.katalon.core.main.TestCaseMain.runTestCase(TestCaseMain.java:114)
	at com.kms.katalon.core.keyword.builtin.CallTestCaseKeyword$_callTestCase_closure1.doCall(CallTestCaseKeyword.groovy:59)
	... 20 more
Caused by: org.openqa.selenium.WebDriverException: An unknown server-side error occurred while processing the command. Original error: Could not proxy command to remote server. Original error: Error: socket hang up
Build info: version: '3.141.59', revision: 'e82be7d358', time: '2018-11-14T08:25:53'
System info: host: 'FATITQC15421L', ip: '10.7.8.178', os.name: 'Windows 10', os.arch: 'amd64', os.version: '10.0', java.version: '1.8.0_181'
Driver info: com.kms.katalon.core.appium.driver.SwipeableAndroidDriver
Capabilities {app: C:\Users\15421\git\ACCMe-Mo..., appPackage: com.outsystemsenterprise.ac..., appWaitActivity: com.*, autoGrantPermissions: true, automationName: uiautomator2, databaseEnabled: false, desired: {app: C:\Users\15421\git\ACCMe-Mo..., appWaitActivity: com.*, autoGrantPermissions: true, automationName: uiautomator2, deviceId: , deviceName: samsung SM-A505F (Android 9), fullReset: false, newCommandTimeout: 1800, noReset: true, platform: ANDROID, platformName: android, platformVersion: 9, resetKeyboard: true, systemPort: 60908, udid: RR8M30NJQJV, unicodeKeyboard: true}, deviceApiLevel: 28, deviceId: , deviceManufacturer: samsung, deviceModel: SM-A505F, deviceName: RR8M30NJQJV, deviceScreenDensity: 420, deviceScreenSize: 1080x2340, deviceUDID: RR8M30NJQJV, fullReset: false, javascriptEnabled: true, locationContextEnabled: false, networkConnectionEnabled: true, newCommandTimeout: 1800, noReset: true, pixelRatio: 2.625, platform: ANDROID, platformName: Android, platformVersion: 9, resetKeyboard: true, statBarHeight: 83, systemPort: 60908, takesScreenshot: true, udid: RR8M30NJQJV, unicodeKeyboard: true, viewportRect: {height: 2048, left: 0, top: 83, width: 1080}, warnings: {}, webStorageEnabled: false}
Session ID: b68dfa6e-ca36-4931-b0b5-58834159786a
	at org.openqa.selenium.remote.http.W3CHttpResponseCodec.createException(W3CHttpResponseCodec.java:187)
	at org.openqa.selenium.remote.http.W3CHttpResponseCodec.decode(W3CHttpResponseCodec.java:122)
	at org.openqa.selenium.remote.http.W3CHttpResponseCodec.decode(W3CHttpResponseCodec.java:49)
	at org.openqa.selenium.remote.HttpCommandExecutor.execute(HttpCommandExecutor.java:158)
	at io.appium.java_client.remote.AppiumCommandExecutor.execute(AppiumCommandExecutor.java:239)
	at org.openqa.selenium.remote.RemoteWebDriver.execute(RemoteWebDriver.java:552)
	at io.appium.java_client.DefaultGenericMobileDriver.execute(DefaultGenericMobileDriver.java:46)
	at io.appium.java_client.AppiumDriver.execute(AppiumDriver.java:1)
	at io.appium.java_client.android.AndroidDriver.execute(AndroidDriver.java:1)
	at com.kms.katalon.core.appium.driver.SwipeableAndroidDriver.execute(SwipeableAndroidDriver.java:1)
	at org.openqa.selenium.remote.RemoteWebDriver$RemoteWebDriverOptions$RemoteWindow.getSize(RemoteWebDriver.java:813)
	at org.openqa.selenium.WebDriver$Window$getSize.call(Unknown Source)
	at com.kms.katalon.core.mobile.keyword.internal.MobileAbstractKeyword.findElement(MobileAbstractKeyword.groovy:81)
	at com.kms.katalon.core.mobile.keyword.builtin.TapKeyword$_tap_closure1.doCall(TapKeyword.groovy:76)
	at com.kms.katalon.core.mobile.keyword.builtin.TapKeyword$_tap_closure1.call(TapKeyword.groovy)
	at com.kms.katalon.core.mobile.keyword.internal.MobileKeywordMain.runKeyword(MobileKeywordMain.groovy:21)
	... 35 more
"/>
         <system-out><![CDATA[2019-10-22 12:19:56 - [TEST_CASE][FAILED] - Test Cases/Data Entry/TC_Data Entry: Test Cases/Data Entry/TC_Data Entry FAILED.
Reason:
com.kms.katalon.core.exception.StepFailedException: Call Test Case 'Test Cases/Data Entry/Simulasi Kredit/Simulasi Kredit - Asuransi/MASTER FLOW/TC_Asuransi - MASTER FLOW' failed
	at com.kms.katalon.core.keyword.builtin.CallTestCaseKeyword$_callTestCase_closure1.doCall(CallTestCaseKeyword.groovy:63)
	at com.kms.katalon.core.keyword.builtin.CallTestCaseKeyword$_callTestCase_closure1.call(CallTestCaseKeyword.groovy)
	at com.kms.katalon.core.keyword.internal.KeywordMain.runKeyword(KeywordMain.groovy:68)
	at com.kms.katalon.core.keyword.builtin.CallTestCaseKeyword.callTestCase(CallTestCaseKeyword.groovy:81)
	at com.kms.katalon.core.keyword.builtin.CallTestCaseKeyword.execute(CallTestCaseKeyword.groovy:44)
	at com.kms.katalon.core.keyword.internal.KeywordExecutor.executeKeywordForPlatform(KeywordExecutor.groovy:60)
	at com.kms.katalon.core.keyword.BuiltinKeywords.callTestCase(BuiltinKeywords.groovy:334)
	at TC_Data Entry.run(TC_Data Entry:28)
	at com.kms.katalon.core.main.ScriptEngine.run(ScriptEngine.java:194)
	at com.kms.katalon.core.main.ScriptEngine.runScriptAsRawText(ScriptEngine.java:119)
	at com.kms.katalon.core.main.TestCaseExecutor.runScript(TestCaseExecutor.java:337)
	at com.kms.katalon.core.main.TestCaseExecutor.doExecute(TestCaseExecutor.java:328)
	at com.kms.katalon.core.main.TestCaseExecutor.processExecutionPhase(TestCaseExecutor.java:307)
	at com.kms.katalon.core.main.TestCaseExecutor.accessMainPhase(TestCaseExecutor.java:299)
	at com.kms.katalon.core.main.TestCaseExecutor.execute(TestCaseExecutor.java:233)
	at com.kms.katalon.core.main.TestSuiteExecutor.accessTestCaseMainPhase(TestSuiteExecutor.java:169)
	at com.kms.katalon.core.main.TestSuiteExecutor.accessTestSuiteMainPhase(TestSuiteExecutor.java:142)
	at com.kms.katalon.core.main.TestSuiteExecutor.execute(TestSuiteExecutor.java:91)
	at com.kms.katalon.core.main.TestCaseMain.startTestSuite(TestCaseMain.java:157)
	at com.kms.katalon.core.main.TestCaseMain$startTestSuite$0.call(Unknown Source)
	at TempTestSuite1571720266263.run(TempTestSuite1571720266263.groovy:36)
Caused by: com.kms.katalon.core.exception.StepFailedException: Failed to tap on element 'Object Repository/Simulasi Kredit/Simulasi Kredit - Asuransi/Asuransi_Tipe Asuransi Int' (Root cause: org.openqa.selenium.WebDriverException: An unknown server-side error occurred while processing the command. Original error: Could not proxy command to remote server. Original error: Error: socket hang up
Build info: version: '3.141.59', revision: 'e82be7d358', time: '2018-11-14T08:25:53'
System info: host: 'FATITQC15421L', ip: '10.7.8.178', os.name: 'Windows 10', os.arch: 'amd64', os.version: '10.0', java.version: '1.8.0_181'
Driver info: com.kms.katalon.core.appium.driver.SwipeableAndroidDriver
Capabilities {app: C:\Users\15421\git\ACCMe-Mo..., appPackage: com.outsystemsenterprise.ac..., appWaitActivity: com.*, autoGrantPermissions: true, automationName: uiautomator2, databaseEnabled: false, desired: {app: C:\Users\15421\git\ACCMe-Mo..., appWaitActivity: com.*, autoGrantPermissions: true, automationName: uiautomator2, deviceId: , deviceName: samsung SM-A505F (Android 9), fullReset: false, newCommandTimeout: 1800, noReset: true, platform: ANDROID, platformName: android, platformVersion: 9, resetKeyboard: true, systemPort: 60908, udid: RR8M30NJQJV, unicodeKeyboard: true}, deviceApiLevel: 28, deviceId: , deviceManufacturer: samsung, deviceModel: SM-A505F, deviceName: RR8M30NJQJV, deviceScreenDensity: 420, deviceScreenSize: 1080x2340, deviceUDID: RR8M30NJQJV, fullReset: false, javascriptEnabled: true, locationContextEnabled: false, networkConnectionEnabled: true, newCommandTimeout: 1800, noReset: true, pixelRatio: 2.625, platform: ANDROID, platformName: Android, platformVersion: 9, resetKeyboard: true, statBarHeight: 83, systemPort: 60908, takesScreenshot: true, udid: RR8M30NJQJV, unicodeKeyboard: true, viewportRect: {height: 2048, left: 0, top: 83, width: 1080}, warnings: {}, webStorageEnabled: false}
Session ID: b68dfa6e-ca36-4931-b0b5-58834159786a
	at org.openqa.selenium.remote.http.W3CHttpResponseCodec.createException(W3CHttpResponseCodec.java:187)
	at org.openqa.selenium.remote.http.W3CHttpResponseCodec.decode(W3CHttpResponseCodec.java:122)
	at org.openqa.selenium.remote.http.W3CHttpResponseCodec.decode(W3CHttpResponseCodec.java:49)
	at org.openqa.selenium.remote.HttpCommandExecutor.execute(HttpCommandExecutor.java:158)
	at io.appium.java_client.remote.AppiumCommandExecutor.execute(AppiumCommandExecutor.java:239)
	at org.openqa.selenium.remote.RemoteWebDriver.execute(RemoteWebDriver.java:552)
	at io.appium.java_client.DefaultGenericMobileDriver.execute(DefaultGenericMobileDriver.java:46)
	at io.appium.java_client.AppiumDriver.execute(AppiumDriver.java:1)
	at io.appium.java_client.android.AndroidDriver.execute(AndroidDriver.java:1)
	at com.kms.katalon.core.appium.driver.SwipeableAndroidDriver.execute(SwipeableAndroidDriver.java:1)
	at org.openqa.selenium.remote.RemoteWebDriver$RemoteWebDriverOptions$RemoteWindow.getSize(RemoteWebDriver.java:813)
	at org.openqa.selenium.WebDriver$Window$getSize.call(Unknown Source)
	at com.kms.katalon.core.mobile.keyword.internal.MobileAbstractKeyword.findElement(MobileAbstractKeyword.groovy:81)
	at com.kms.katalon.core.mobile.keyword.builtin.TapKeyword$_tap_closure1.doCall(TapKeyword.groovy:76)
	at com.kms.katalon.core.mobile.keyword.builtin.TapKeyword$_tap_closure1.call(TapKeyword.groovy)
	at com.kms.katalon.core.mobile.keyword.internal.MobileKeywordMain.runKeyword(MobileKeywordMain.groovy:21)
	at com.kms.katalon.core.mobile.keyword.builtin.TapKeyword.tap(TapKeyword.groovy:86)
	at com.kms.katalon.core.mobile.keyword.builtin.TapKeyword.execute(TapKeyword.groovy:68)
	at com.kms.katalon.core.keyword.internal.KeywordExecutor.executeKeywordForPlatform(KeywordExecutor.groovy:60)
	at com.kms.katalon.core.mobile.keyword.MobileBuiltInKeywords.tap(MobileBuiltInKeywords.groovy:520)
	at com.kms.katalon.core.mobile.keyword.MobileBuiltInKeywords$tap$1.call(Unknown Source)
	at TC_Asuransi - MASTER FLOW.run(TC_Asuransi - MASTER FLOW:19)
	at com.kms.katalon.core.main.ScriptEngine.run(ScriptEngine.java:194)
	at com.kms.katalon.core.main.ScriptEngine.runScriptAsRawText(ScriptEngine.java:119)
	at com.kms.katalon.core.main.TestCaseExecutor.runScript(TestCaseExecutor.java:337)
	at com.kms.katalon.core.main.TestCaseExecutor.doExecute(TestCaseExecutor.java:328)
	at com.kms.katalon.core.main.TestCaseExecutor.processExecutionPhase(TestCaseExecutor.java:307)
	at com.kms.katalon.core.main.TestCaseExecutor.accessMainPhase(TestCaseExecutor.java:299)
	at com.kms.katalon.core.main.TestCaseExecutor.execute(TestCaseExecutor.java:233)
	at com.kms.katalon.core.main.TestCaseMain.runTestCase(TestCaseMain.java:114)
	at com.kms.katalon.core.keyword.builtin.CallTestCaseKeyword$_callTestCase_closure1.doCall(CallTestCaseKeyword.groovy:59)
	at com.kms.katalon.core.keyword.builtin.CallTestCaseKeyword$_callTestCase_closure1.call(CallTestCaseKeyword.groovy)
	at com.kms.katalon.core.keyword.internal.KeywordMain.runKeyword(KeywordMain.groovy:68)
	at com.kms.katalon.core.keyword.builtin.CallTestCaseKeyword.callTestCase(CallTestCaseKeyword.groovy:81)
	at com.kms.katalon.core.keyword.builtin.CallTestCaseKeyword.execute(CallTestCaseKeyword.groovy:44)
	at com.kms.katalon.core.keyword.internal.KeywordExecutor.executeKeywordForPlatform(KeywordExecutor.groovy:60)
	at com.kms.katalon.core.keyword.BuiltinKeywords.callTestCase(BuiltinKeywords.groovy:334)
	at TC_Data Entry.run(TC_Data Entry:28)
	at com.kms.katalon.core.main.ScriptEngine.run(ScriptEngine.java:194)
	at com.kms.katalon.core.main.ScriptEngine.runScriptAsRawText(ScriptEngine.java:119)
	at com.kms.katalon.core.main.TestCaseExecutor.runScript(TestCaseExecutor.java:337)
	at com.kms.katalon.core.main.TestCaseExecutor.doExecute(TestCaseExecutor.java:328)
	at com.kms.katalon.core.main.TestCaseExecutor.processExecutionPhase(TestCaseExecutor.java:307)
	at com.kms.katalon.core.main.TestCaseExecutor.accessMainPhase(TestCaseExecutor.java:299)
	at com.kms.katalon.core.main.TestCaseExecutor.execute(TestCaseExecutor.java:233)
	at com.kms.katalon.core.main.TestSuiteExecutor.accessTestCaseMainPhase(TestSuiteExecutor.java:169)
	at com.kms.katalon.core.main.TestSuiteExecutor.accessTestSuiteMainPhase(TestSuiteExecutor.java:142)
	at com.kms.katalon.core.main.TestSuiteExecutor.execute(TestSuiteExecutor.java:91)
	at com.kms.katalon.core.main.TestCaseMain.startTestSuite(TestCaseMain.java:157)
	at com.kms.katalon.core.main.TestCaseMain$startTestSuite$0.call(Unknown Source)
	at TempTestSuite1571720266263.run(TempTestSuite1571720266263.groovy:36)
)
	at com.kms.katalon.core.keyword.internal.KeywordMain.stepFailed(KeywordMain.groovy:50)
	at com.kms.katalon.core.mobile.keyword.internal.MobileKeywordMain.stepFailed(MobileKeywordMain.groovy:40)
	at com.kms.katalon.core.mobile.keyword.internal.MobileKeywordMain.runKeyword(MobileKeywordMain.groovy:23)
	at com.kms.katalon.core.mobile.keyword.builtin.TapKeyword.tap(TapKeyword.groovy:86)
	at com.kms.katalon.core.mobile.keyword.builtin.TapKeyword.execute(TapKeyword.groovy:68)
	at com.kms.katalon.core.keyword.internal.KeywordExecutor.executeKeywordForPlatform(KeywordExecutor.groovy:60)
	at com.kms.katalon.core.mobile.keyword.MobileBuiltInKeywords.tap(MobileBuiltInKeywords.groovy:520)
	at com.kms.katalon.core.mobile.keyword.MobileBuiltInKeywords$tap$1.call(Unknown Source)
	at TC_Asuransi - MASTER FLOW.run(TC_Asuransi - MASTER FLOW:19)
	at com.kms.katalon.core.main.ScriptEngine.run(ScriptEngine.java:194)
	at com.kms.katalon.core.main.ScriptEngine.runScriptAsRawText(ScriptEngine.java:119)
	at com.kms.katalon.core.main.TestCaseExecutor.runScript(TestCaseExecutor.java:337)
	at com.kms.katalon.core.main.TestCaseExecutor.doExecute(TestCaseExecutor.java:328)
	at com.kms.katalon.core.main.TestCaseExecutor.processExecutionPhase(TestCaseExecutor.java:307)
	at com.kms.katalon.core.main.TestCaseExecutor.accessMainPhase(TestCaseExecutor.java:299)
	at com.kms.katalon.core.main.TestCaseExecutor.execute(TestCaseExecutor.java:233)
	at com.kms.katalon.core.main.TestCaseMain.runTestCase(TestCaseMain.java:114)
	at com.kms.katalon.core.keyword.builtin.CallTestCaseKeyword$_callTestCase_closure1.doCall(CallTestCaseKeyword.groovy:59)
	... 20 more
Caused by: org.openqa.selenium.WebDriverException: An unknown server-side error occurred while processing the command. Original error: Could not proxy command to remote server. Original error: Error: socket hang up
Build info: version: '3.141.59', revision: 'e82be7d358', time: '2018-11-14T08:25:53'
System info: host: 'FATITQC15421L', ip: '10.7.8.178', os.name: 'Windows 10', os.arch: 'amd64', os.version: '10.0', java.version: '1.8.0_181'
Driver info: com.kms.katalon.core.appium.driver.SwipeableAndroidDriver
Capabilities {app: C:\Users\15421\git\ACCMe-Mo..., appPackage: com.outsystemsenterprise.ac..., appWaitActivity: com.*, autoGrantPermissions: true, automationName: uiautomator2, databaseEnabled: false, desired: {app: C:\Users\15421\git\ACCMe-Mo..., appWaitActivity: com.*, autoGrantPermissions: true, automationName: uiautomator2, deviceId: , deviceName: samsung SM-A505F (Android 9), fullReset: false, newCommandTimeout: 1800, noReset: true, platform: ANDROID, platformName: android, platformVersion: 9, resetKeyboard: true, systemPort: 60908, udid: RR8M30NJQJV, unicodeKeyboard: true}, deviceApiLevel: 28, deviceId: , deviceManufacturer: samsung, deviceModel: SM-A505F, deviceName: RR8M30NJQJV, deviceScreenDensity: 420, deviceScreenSize: 1080x2340, deviceUDID: RR8M30NJQJV, fullReset: false, javascriptEnabled: true, locationContextEnabled: false, networkConnectionEnabled: true, newCommandTimeout: 1800, noReset: true, pixelRatio: 2.625, platform: ANDROID, platformName: Android, platformVersion: 9, resetKeyboard: true, statBarHeight: 83, systemPort: 60908, takesScreenshot: true, udid: RR8M30NJQJV, unicodeKeyboard: true, viewportRect: {height: 2048, left: 0, top: 83, width: 1080}, warnings: {}, webStorageEnabled: false}
Session ID: b68dfa6e-ca36-4931-b0b5-58834159786a
	at org.openqa.selenium.remote.http.W3CHttpResponseCodec.createException(W3CHttpResponseCodec.java:187)
	at org.openqa.selenium.remote.http.W3CHttpResponseCodec.decode(W3CHttpResponseCodec.java:122)
	at org.openqa.selenium.remote.http.W3CHttpResponseCodec.decode(W3CHttpResponseCodec.java:49)
	at org.openqa.selenium.remote.HttpCommandExecutor.execute(HttpCommandExecutor.java:158)
	at io.appium.java_client.remote.AppiumCommandExecutor.execute(AppiumCommandExecutor.java:239)
	at org.openqa.selenium.remote.RemoteWebDriver.execute(RemoteWebDriver.java:552)
	at io.appium.java_client.DefaultGenericMobileDriver.execute(DefaultGenericMobileDriver.java:46)
	at io.appium.java_client.AppiumDriver.execute(AppiumDriver.java:1)
	at io.appium.java_client.android.AndroidDriver.execute(AndroidDriver.java:1)
	at com.kms.katalon.core.appium.driver.SwipeableAndroidDriver.execute(SwipeableAndroidDriver.java:1)
	at org.openqa.selenium.remote.RemoteWebDriver$RemoteWebDriverOptions$RemoteWindow.getSize(RemoteWebDriver.java:813)
	at org.openqa.selenium.WebDriver$Window$getSize.call(Unknown Source)
	at com.kms.katalon.core.mobile.keyword.internal.MobileAbstractKeyword.findElement(MobileAbstractKeyword.groovy:81)
	at com.kms.katalon.core.mobile.keyword.builtin.TapKeyword$_tap_closure1.doCall(TapKeyword.groovy:76)
	at com.kms.katalon.core.mobile.keyword.builtin.TapKeyword$_tap_closure1.call(TapKeyword.groovy)
	at com.kms.katalon.core.mobile.keyword.internal.MobileKeywordMain.runKeyword(MobileKeywordMain.groovy:21)
	... 35 more


2019-10-22 12:19:57 - [TEST_STEP][PASSED] - callTestCase(findTestCase("dynamic test case/open application"), [:], STOP_ON_FAILURE): Call Test Case 'Test Cases/dynamic test case/open application' successfully

2019-10-22 12:19:57 - [TEST_CASE][PASSED] - Test Cases/dynamic test case/open application: Test Cases/dynamic test case/open application

2019-10-22 12:19:57 - [TEST_STEP][PASSED] - appPath = relativeToAbsolutePath(apkname, getProjectDir()): null

2019-10-22 12:19:57 - [TEST_STEP][PASSED] - startApplication(appPath, false): Started app at: 'C:\Users\15421\git\ACCMe-Mobile\AccMe.apk'

2019-10-22 12:19:57 - [MESSAGE][INFO] - User set preference: ['unicodeKeyboard', 'true']

2019-10-22 12:19:57 - [MESSAGE][INFO] - User set preference: ['resetKeyboard', 'true']

2019-10-22 12:19:57 - [MESSAGE][INFO] - User set preference: ['appWaitActivity', 'com.*']

2019-10-22 12:19:57 - [MESSAGE][INFO] - User set preference: ['deviceId', '']

2019-10-22 12:20:07 - [MESSAGE][INFO] - Appium server started on port 60,909

2019-10-22 12:20:43 - [MESSAGE][PASSED] - Started app at: 'C:\Users\15421\git\ACCMe-Mobile\AccMe.apk'

2019-10-22 12:20:43 - [TEST_STEP][PASSED] - delay(20, STOP_ON_FAILURE): Delayed 20 second(s)

2019-10-22 12:21:03 - [MESSAGE][PASSED] - Delayed 20 second(s)

2019-10-22 12:21:03 - [MESSAGE][PASSED] - Call Test Case 'Test Cases/dynamic test case/open application' successfully

2019-10-22 12:21:03 - [TEST_STEP][PASSED] - callTestCase(findTestCase("Data Entry/Simulasi Kredit/Simulasi Kredit/MASTER FLOW/TC_Simulasi Kredit - MASTER FLOW"), ["varBrand":varBrand, "varType":varType, "varModel":varModel, "varTahun":varTahun, "varTenor":varTenor, "varOTR":varOTR, "varRP":varRP, ... ], OPTIONAL): Unable to call Test Case 'Test Cases/Data Entry/Simulasi Kredit/Simulasi Kredit/MASTER FLOW/TC_Simulasi Kredit - MASTER FLOW' (Root cause: com.kms.katalon.core.exception.StepFailedException: Call Test Case 'Test Cases/Data Entry/Simulasi Kredit/Simulasi Kredit/MASTER FLOW/TC_Simulasi Kredit - MASTER FLOW' failed
	at com.kms.katalon.core.keyword.builtin.CallTestCaseKeyword$_callTestCase_closure1.doCall(CallTestCaseKeyword.groovy:63)
	at com.kms.katalon.core.keyword.builtin.CallTestCaseKeyword$_callTestCase_closure1.call(CallTestCaseKeyword.groovy)
	at com.kms.katalon.core.keyword.internal.KeywordMain.runKeyword(KeywordMain.groovy:68)
	at com.kms.katalon.core.keyword.builtin.CallTestCaseKeyword.callTestCase(CallTestCaseKeyword.groovy:81)
	at com.kms.katalon.core.keyword.builtin.CallTestCaseKeyword.execute(CallTestCaseKeyword.groovy:44)
	at com.kms.katalon.core.keyword.internal.KeywordExecutor.executeKeywordForPlatform(KeywordExecutor.groovy:60)
	at com.kms.katalon.core.keyword.BuiltinKeywords.callTestCase(BuiltinKeywords.groovy:334)
	at TC_Data Entry.run(TC_Data Entry:21)
	at com.kms.katalon.core.main.ScriptEngine.run(ScriptEngine.java:194)
	at com.kms.katalon.core.main.ScriptEngine.runScriptAsRawText(ScriptEngine.java:119)
	at com.kms.katalon.core.main.TestCaseExecutor.runScript(TestCaseExecutor.java:337)
	at com.kms.katalon.core.main.TestCaseExecutor.doExecute(TestCaseExecutor.java:328)
	at com.kms.katalon.core.main.TestCaseExecutor.processExecutionPhase(TestCaseExecutor.java:307)
	at com.kms.katalon.core.main.TestCaseExecutor.accessMainPhase(TestCaseExecutor.java:299)
	at com.kms.katalon.core.main.TestCaseExecutor.execute(TestCaseExecutor.java:233)
	at com.kms.katalon.core.main.TestSuiteExecutor.accessTestCaseMainPhase(TestSuiteExecutor.java:169)
	at com.kms.katalon.core.main.TestSuiteExecutor.accessTestSuiteMainPhase(TestSuiteExecutor.java:142)
	at com.kms.katalon.core.main.TestSuiteExecutor.execute(TestSuiteExecutor.java:91)
	at com.kms.katalon.core.main.TestCaseMain.startTestSuite(TestCaseMain.java:157)
	at com.kms.katalon.core.main.TestCaseMain$startTestSuite$0.call(Unknown Source)
	at TempTestSuite1571720266263.run(TempTestSuite1571720266263.groovy:36)
Caused by: com.kms.katalon.core.exception.StepFailedException: Failed to tap on element 'Object Repository/dynamic object/pickListItem_checkedTextView' (Root cause: org.openqa.selenium.WebDriverException: An unknown server-side error occurred while processing the command. Original error: Could not proxy. Proxy error: Could not proxy command to remote server. Original error: Error: socket hang up
Build info: version: '3.141.59', revision: 'e82be7d358', time: '2018-11-14T08:25:53'
System info: host: 'FATITQC15421L', ip: '10.7.8.178', os.name: 'Windows 10', os.arch: 'amd64', os.version: '10.0', java.version: '1.8.0_181'
Driver info: com.kms.katalon.core.appium.driver.SwipeableAndroidDriver
Capabilities {app: C:\Users\15421\git\ACCMe-Mo..., appPackage: com.outsystemsenterprise.ac..., appWaitActivity: com.*, autoGrantPermissions: true, automationName: uiautomator2, databaseEnabled: false, desired: {app: C:\Users\15421\git\ACCMe-Mo..., appWaitActivity: com.*, autoGrantPermissions: true, automationName: uiautomator2, deviceId: , deviceName: samsung SM-A505F (Android 9), fullReset: false, newCommandTimeout: 1800, noReset: true, platform: ANDROID, platformName: android, platformVersion: 9, resetKeyboard: true, systemPort: 60908, udid: RR8M30NJQJV, unicodeKeyboard: true}, deviceApiLevel: 28, deviceId: , deviceManufacturer: samsung, deviceModel: SM-A505F, deviceName: RR8M30NJQJV, deviceScreenDensity: 420, deviceScreenSize: 1080x2340, deviceUDID: RR8M30NJQJV, fullReset: false, javascriptEnabled: true, locationContextEnabled: false, networkConnectionEnabled: true, newCommandTimeout: 1800, noReset: true, pixelRatio: 2.625, platform: ANDROID, platformName: Android, platformVersion: 9, resetKeyboard: true, statBarHeight: 83, systemPort: 60908, takesScreenshot: true, udid: RR8M30NJQJV, unicodeKeyboard: true, viewportRect: {height: 2048, left: 0, top: 83, width: 1080}, warnings: {}, webStorageEnabled: false}
Session ID: b68dfa6e-ca36-4931-b0b5-58834159786a
	at org.openqa.selenium.remote.http.W3CHttpResponseCodec.createException(W3CHttpResponseCodec.java:187)
	at org.openqa.selenium.remote.http.W3CHttpResponseCodec.decode(W3CHttpResponseCodec.java:122)
	at org.openqa.selenium.remote.http.W3CHttpResponseCodec.decode(W3CHttpResponseCodec.java:49)
	at org.openqa.selenium.remote.HttpCommandExecutor.execute(HttpCommandExecutor.java:158)
	at io.appium.java_client.remote.AppiumCommandExecutor.execute(AppiumCommandExecutor.java:239)
	at org.openqa.selenium.remote.RemoteWebDriver.execute(RemoteWebDriver.java:552)
	at io.appium.java_client.DefaultGenericMobileDriver.execute(DefaultGenericMobileDriver.java:42)
	at io.appium.java_client.AppiumDriver.execute(AppiumDriver.java:1)
	at io.appium.java_client.android.AndroidDriver.execute(AndroidDriver.java:1)
	at com.kms.katalon.core.appium.driver.SwipeableAndroidDriver.execute(SwipeableAndroidDriver.java:1)
	at org.openqa.selenium.remote.RemoteWebElement.execute(RemoteWebElement.java:285)
	at io.appium.java_client.DefaultGenericMobileElement.execute(DefaultGenericMobileElement.java:45)
	at io.appium.java_client.MobileElement.execute(MobileElement.java:1)
	at io.appium.java_client.android.AndroidElement.execute(AndroidElement.java:1)
	at org.openqa.selenium.remote.RemoteWebElement.getLocation(RemoteWebElement.java:337)
	at org.openqa.selenium.WebElement$getLocation.call(Unknown Source)
	at com.kms.katalon.core.mobile.keyword.internal.MobileAbstractKeyword.findElement(MobileAbstractKeyword.groovy:86)
	at com.kms.katalon.core.mobile.keyword.builtin.TapKeyword$_tap_closure1.doCall(TapKeyword.groovy:76)
	at com.kms.katalon.core.mobile.keyword.builtin.TapKeyword$_tap_closure1.call(TapKeyword.groovy)
	at com.kms.katalon.core.mobile.keyword.internal.MobileKeywordMain.runKeyword(MobileKeywordMain.groovy:21)
	at com.kms.katalon.core.mobile.keyword.builtin.TapKeyword.tap(TapKeyword.groovy:86)
	at com.kms.katalon.core.mobile.keyword.builtin.TapKeyword.execute(TapKeyword.groovy:68)
	at com.kms.katalon.core.keyword.internal.KeywordExecutor.executeKeywordForPlatform(KeywordExecutor.groovy:60)
	at com.kms.katalon.core.mobile.keyword.MobileBuiltInKeywords.tap(MobileBuiltInKeywords.groovy:520)
	at com.kms.katalon.core.mobile.keyword.MobileBuiltInKeywords$tap$1.call(Unknown Source)
	at TC_Simulasi Kredit - MASTER FLOW.run(TC_Simulasi Kredit - MASTER FLOW:88)
	at com.kms.katalon.core.main.ScriptEngine.run(ScriptEngine.java:194)
	at com.kms.katalon.core.main.ScriptEngine.runScriptAsRawText(ScriptEngine.java:119)
	at com.kms.katalon.core.main.TestCaseExecutor.runScript(TestCaseExecutor.java:337)
	at com.kms.katalon.core.main.TestCaseExecutor.doExecute(TestCaseExecutor.java:328)
	at com.kms.katalon.core.main.TestCaseExecutor.processExecutionPhase(TestCaseExecutor.java:307)
	at com.kms.katalon.core.main.TestCaseExecutor.accessMainPhase(TestCaseExecutor.java:299)
	at com.kms.katalon.core.main.TestCaseExecutor.execute(TestCaseExecutor.java:233)
	at com.kms.katalon.core.main.TestCaseMain.runTestCase(TestCaseMain.java:114)
	at com.kms.katalon.core.keyword.builtin.CallTestCaseKeyword$_callTestCase_closure1.doCall(CallTestCaseKeyword.groovy:59)
	at com.kms.katalon.core.keyword.builtin.CallTestCaseKeyword$_callTestCase_closure1.call(CallTestCaseKeyword.groovy)
	at com.kms.katalon.core.keyword.internal.KeywordMain.runKeyword(KeywordMain.groovy:68)
	at com.kms.katalon.core.keyword.builtin.CallTestCaseKeyword.callTestCase(CallTestCaseKeyword.groovy:81)
	at com.kms.katalon.core.keyword.builtin.CallTestCaseKeyword.execute(CallTestCaseKeyword.groovy:44)
	at com.kms.katalon.core.keyword.internal.KeywordExecutor.executeKeywordForPlatform(KeywordExecutor.groovy:60)
	at com.kms.katalon.core.keyword.BuiltinKeywords.callTestCase(BuiltinKeywords.groovy:334)
	at TC_Data Entry.run(TC_Data Entry:21)
	at com.kms.katalon.core.main.ScriptEngine.run(ScriptEngine.java:194)
	at com.kms.katalon.core.main.ScriptEngine.runScriptAsRawText(ScriptEngine.java:119)
	at com.kms.katalon.core.main.TestCaseExecutor.runScript(TestCaseExecutor.java:337)
	at com.kms.katalon.core.main.TestCaseExecutor.doExecute(TestCaseExecutor.java:328)
	at com.kms.katalon.core.main.TestCaseExecutor.processExecutionPhase(TestCaseExecutor.java:307)
	at com.kms.katalon.core.main.TestCaseExecutor.accessMainPhase(TestCaseExecutor.java:299)
	at com.kms.katalon.core.main.TestCaseExecutor.execute(TestCaseExecutor.java:233)
	at com.kms.katalon.core.main.TestSuiteExecutor.accessTestCaseMainPhase(TestSuiteExecutor.java:169)
	at com.kms.katalon.core.main.TestSuiteExecutor.accessTestSuiteMainPhase(TestSuiteExecutor.java:142)
	at com.kms.katalon.core.main.TestSuiteExecutor.execute(TestSuiteExecutor.java:91)
	at com.kms.katalon.core.main.TestCaseMain.startTestSuite(TestCaseMain.java:157)
	at com.kms.katalon.core.main.TestCaseMain$startTestSuite$0.call(Unknown Source)
	at TempTestSuite1571720266263.run(TempTestSuite1571720266263.groovy:36)
)
	at com.kms.katalon.core.keyword.internal.KeywordMain.stepFailed(KeywordMain.groovy:50)
	at com.kms.katalon.core.mobile.keyword.internal.MobileKeywordMain.stepFailed(MobileKeywordMain.groovy:40)
	at com.kms.katalon.core.mobile.keyword.internal.MobileKeywordMain.runKeyword(MobileKeywordMain.groovy:23)
	at com.kms.katalon.core.mobile.keyword.builtin.TapKeyword.tap(TapKeyword.groovy:86)
	at com.kms.katalon.core.mobile.keyword.builtin.TapKeyword.execute(TapKeyword.groovy:68)
	at com.kms.katalon.core.keyword.internal.KeywordExecutor.executeKeywordForPlatform(KeywordExecutor.groovy:60)
	at com.kms.katalon.core.mobile.keyword.MobileBuiltInKeywords.tap(MobileBuiltInKeywords.groovy:520)
	at com.kms.katalon.core.mobile.keyword.MobileBuiltInKeywords$tap$1.call(Unknown Source)
	at TC_Simulasi Kredit - MASTER FLOW.run(TC_Simulasi Kredit - MASTER FLOW:88)
	at com.kms.katalon.core.main.ScriptEngine.run(ScriptEngine.java:194)
	at com.kms.katalon.core.main.ScriptEngine.runScriptAsRawText(ScriptEngine.java:119)
	at com.kms.katalon.core.main.TestCaseExecutor.runScript(TestCaseExecutor.java:337)
	at com.kms.katalon.core.main.TestCaseExecutor.doExecute(TestCaseExecutor.java:328)
	at com.kms.katalon.core.main.TestCaseExecutor.processExecutionPhase(TestCaseExecutor.java:307)
	at com.kms.katalon.core.main.TestCaseExecutor.accessMainPhase(TestCaseExecutor.java:299)
	at com.kms.katalon.core.main.TestCaseExecutor.execute(TestCaseExecutor.java:233)
	at com.kms.katalon.core.main.TestCaseMain.runTestCase(TestCaseMain.java:114)
	at com.kms.katalon.core.keyword.builtin.CallTestCaseKeyword$_callTestCase_closure1.doCall(CallTestCaseKeyword.groovy:59)
	... 20 more
Caused by: org.openqa.selenium.WebDriverException: An unknown server-side error occurred while processing the command. Original error: Could not proxy. Proxy error: Could not proxy command to remote server. Original error: Error: socket hang up
Build info: version: '3.141.59', revision: 'e82be7d358', time: '2018-11-14T08:25:53'
System info: host: 'FATITQC15421L', ip: '10.7.8.178', os.name: 'Windows 10', os.arch: 'amd64', os.version: '10.0', java.version: '1.8.0_181'
Driver info: com.kms.katalon.core.appium.driver.SwipeableAndroidDriver
Capabilities {app: C:\Users\15421\git\ACCMe-Mo..., appPackage: com.outsystemsenterprise.ac..., appWaitActivity: com.*, autoGrantPermissions: true, automationName: uiautomator2, databaseEnabled: false, desired: {app: C:\Users\15421\git\ACCMe-Mo..., appWaitActivity: com.*, autoGrantPermissions: true, automationName: uiautomator2, deviceId: , deviceName: samsung SM-A505F (Android 9), fullReset: false, newCommandTimeout: 1800, noReset: true, platform: ANDROID, platformName: android, platformVersion: 9, resetKeyboard: true, systemPort: 60908, udid: RR8M30NJQJV, unicodeKeyboard: true}, deviceApiLevel: 28, deviceId: , deviceManufacturer: samsung, deviceModel: SM-A505F, deviceName: RR8M30NJQJV, deviceScreenDensity: 420, deviceScreenSize: 1080x2340, deviceUDID: RR8M30NJQJV, fullReset: false, javascriptEnabled: true, locationContextEnabled: false, networkConnectionEnabled: true, newCommandTimeout: 1800, noReset: true, pixelRatio: 2.625, platform: ANDROID, platformName: Android, platformVersion: 9, resetKeyboard: true, statBarHeight: 83, systemPort: 60908, takesScreenshot: true, udid: RR8M30NJQJV, unicodeKeyboard: true, viewportRect: {height: 2048, left: 0, top: 83, width: 1080}, warnings: {}, webStorageEnabled: false}
Session ID: b68dfa6e-ca36-4931-b0b5-58834159786a
	at org.openqa.selenium.remote.http.W3CHttpResponseCodec.createException(W3CHttpResponseCodec.java:187)
	at org.openqa.selenium.remote.http.W3CHttpResponseCodec.decode(W3CHttpResponseCodec.java:122)
	at org.openqa.selenium.remote.http.W3CHttpResponseCodec.decode(W3CHttpResponseCodec.java:49)
	at org.openqa.selenium.remote.HttpCommandExecutor.execute(HttpCommandExecutor.java:158)
	at io.appium.java_client.remote.AppiumCommandExecutor.execute(AppiumCommandExecutor.java:239)
	at org.openqa.selenium.remote.RemoteWebDriver.execute(RemoteWebDriver.java:552)
	at io.appium.java_client.DefaultGenericMobileDriver.execute(DefaultGenericMobileDriver.java:42)
	at io.appium.java_client.AppiumDriver.execute(AppiumDriver.java:1)
	at io.appium.java_client.android.AndroidDriver.execute(AndroidDriver.java:1)
	at com.kms.katalon.core.appium.driver.SwipeableAndroidDriver.execute(SwipeableAndroidDriver.java:1)
	at org.openqa.selenium.remote.RemoteWebElement.execute(RemoteWebElement.java:285)
	at io.appium.java_client.DefaultGenericMobileElement.execute(DefaultGenericMobileElement.java:45)
	at io.appium.java_client.MobileElement.execute(MobileElement.java:1)
	at io.appium.java_client.android.AndroidElement.execute(AndroidElement.java:1)
	at org.openqa.selenium.remote.RemoteWebElement.getLocation(RemoteWebElement.java:337)
	at org.openqa.selenium.WebElement$getLocation.call(Unknown Source)
	at com.kms.katalon.core.mobile.keyword.internal.MobileAbstractKeyword.findElement(MobileAbstractKeyword.groovy:86)
	at com.kms.katalon.core.mobile.keyword.builtin.TapKeyword$_tap_closure1.doCall(TapKeyword.groovy:76)
	at com.kms.katalon.core.mobile.keyword.builtin.TapKeyword$_tap_closure1.call(TapKeyword.groovy)
	at com.kms.katalon.core.mobile.keyword.internal.MobileKeywordMain.runKeyword(MobileKeywordMain.groovy:21)
	... 35 more
)

2019-10-22 12:21:03 - [TEST_CASE][FAILED] - Test Cases/Data Entry/Simulasi Kredit/Simulasi Kredit/MASTER FLOW/TC_Simulasi Kredit - MASTER FLOW: Test Cases/Data Entry/Simulasi Kredit/Simulasi Kredit/MASTER FLOW/TC_Simulasi Kredit - MASTER FLOW FAILED.
Reason:
com.kms.katalon.core.exception.StepFailedException: Failed to tap on element 'Object Repository/dynamic object/pickListItem_checkedTextView' (Root cause: org.openqa.selenium.WebDriverException: An unknown server-side error occurred while processing the command. Original error: Could not proxy. Proxy error: Could not proxy command to remote server. Original error: Error: socket hang up
Build info: version: '3.141.59', revision: 'e82be7d358', time: '2018-11-14T08:25:53'
System info: host: 'FATITQC15421L', ip: '10.7.8.178', os.name: 'Windows 10', os.arch: 'amd64', os.version: '10.0', java.version: '1.8.0_181'
Driver info: com.kms.katalon.core.appium.driver.SwipeableAndroidDriver
Capabilities {app: C:\Users\15421\git\ACCMe-Mo..., appPackage: com.outsystemsenterprise.ac..., appWaitActivity: com.*, autoGrantPermissions: true, automationName: uiautomator2, databaseEnabled: false, desired: {app: C:\Users\15421\git\ACCMe-Mo..., appWaitActivity: com.*, autoGrantPermissions: true, automationName: uiautomator2, deviceId: , deviceName: samsung SM-A505F (Android 9), fullReset: false, newCommandTimeout: 1800, noReset: true, platform: ANDROID, platformName: android, platformVersion: 9, resetKeyboard: true, systemPort: 60908, udid: RR8M30NJQJV, unicodeKeyboard: true}, deviceApiLevel: 28, deviceId: , deviceManufacturer: samsung, deviceModel: SM-A505F, deviceName: RR8M30NJQJV, deviceScreenDensity: 420, deviceScreenSize: 1080x2340, deviceUDID: RR8M30NJQJV, fullReset: false, javascriptEnabled: true, locationContextEnabled: false, networkConnectionEnabled: true, newCommandTimeout: 1800, noReset: true, pixelRatio: 2.625, platform: ANDROID, platformName: Android, platformVersion: 9, resetKeyboard: true, statBarHeight: 83, systemPort: 60908, takesScreenshot: true, udid: RR8M30NJQJV, unicodeKeyboard: true, viewportRect: {height: 2048, left: 0, top: 83, width: 1080}, warnings: {}, webStorageEnabled: false}
Session ID: b68dfa6e-ca36-4931-b0b5-58834159786a
	at org.openqa.selenium.remote.http.W3CHttpResponseCodec.createException(W3CHttpResponseCodec.java:187)
	at org.openqa.selenium.remote.http.W3CHttpResponseCodec.decode(W3CHttpResponseCodec.java:122)
	at org.openqa.selenium.remote.http.W3CHttpResponseCodec.decode(W3CHttpResponseCodec.java:49)
	at org.openqa.selenium.remote.HttpCommandExecutor.execute(HttpCommandExecutor.java:158)
	at io.appium.java_client.remote.AppiumCommandExecutor.execute(AppiumCommandExecutor.java:239)
	at org.openqa.selenium.remote.RemoteWebDriver.execute(RemoteWebDriver.java:552)
	at io.appium.java_client.DefaultGenericMobileDriver.execute(DefaultGenericMobileDriver.java:42)
	at io.appium.java_client.AppiumDriver.execute(AppiumDriver.java:1)
	at io.appium.java_client.android.AndroidDriver.execute(AndroidDriver.java:1)
	at com.kms.katalon.core.appium.driver.SwipeableAndroidDriver.execute(SwipeableAndroidDriver.java:1)
	at org.openqa.selenium.remote.RemoteWebElement.execute(RemoteWebElement.java:285)
	at io.appium.java_client.DefaultGenericMobileElement.execute(DefaultGenericMobileElement.java:45)
	at io.appium.java_client.MobileElement.execute(MobileElement.java:1)
	at io.appium.java_client.android.AndroidElement.execute(AndroidElement.java:1)
	at org.openqa.selenium.remote.RemoteWebElement.getLocation(RemoteWebElement.java:337)
	at org.openqa.selenium.WebElement$getLocation.call(Unknown Source)
	at com.kms.katalon.core.mobile.keyword.internal.MobileAbstractKeyword.findElement(MobileAbstractKeyword.groovy:86)
	at com.kms.katalon.core.mobile.keyword.builtin.TapKeyword$_tap_closure1.doCall(TapKeyword.groovy:76)
	at com.kms.katalon.core.mobile.keyword.builtin.TapKeyword$_tap_closure1.call(TapKeyword.groovy)
	at com.kms.katalon.core.mobile.keyword.internal.MobileKeywordMain.runKeyword(MobileKeywordMain.groovy:21)
	at com.kms.katalon.core.mobile.keyword.builtin.TapKeyword.tap(TapKeyword.groovy:86)
	at com.kms.katalon.core.mobile.keyword.builtin.TapKeyword.execute(TapKeyword.groovy:68)
	at com.kms.katalon.core.keyword.internal.KeywordExecutor.executeKeywordForPlatform(KeywordExecutor.groovy:60)
	at com.kms.katalon.core.mobile.keyword.MobileBuiltInKeywords.tap(MobileBuiltInKeywords.groovy:520)
	at com.kms.katalon.core.mobile.keyword.MobileBuiltInKeywords$tap$1.call(Unknown Source)
	at TC_Simulasi Kredit - MASTER FLOW.run(TC_Simulasi Kredit - MASTER FLOW:88)
	at com.kms.katalon.core.main.ScriptEngine.run(ScriptEngine.java:194)
	at com.kms.katalon.core.main.ScriptEngine.runScriptAsRawText(ScriptEngine.java:119)
	at com.kms.katalon.core.main.TestCaseExecutor.runScript(TestCaseExecutor.java:337)
	at com.kms.katalon.core.main.TestCaseExecutor.doExecute(TestCaseExecutor.java:328)
	at com.kms.katalon.core.main.TestCaseExecutor.processExecutionPhase(TestCaseExecutor.java:307)
	at com.kms.katalon.core.main.TestCaseExecutor.accessMainPhase(TestCaseExecutor.java:299)
	at com.kms.katalon.core.main.TestCaseExecutor.execute(TestCaseExecutor.java:233)
	at com.kms.katalon.core.main.TestCaseMain.runTestCase(TestCaseMain.java:114)
	at com.kms.katalon.core.keyword.builtin.CallTestCaseKeyword$_callTestCase_closure1.doCall(CallTestCaseKeyword.groovy:59)
	at com.kms.katalon.core.keyword.builtin.CallTestCaseKeyword$_callTestCase_closure1.call(CallTestCaseKeyword.groovy)
	at com.kms.katalon.core.keyword.internal.KeywordMain.runKeyword(KeywordMain.groovy:68)
	at com.kms.katalon.core.keyword.builtin.CallTestCaseKeyword.callTestCase(CallTestCaseKeyword.groovy:81)
	at com.kms.katalon.core.keyword.builtin.CallTestCaseKeyword.execute(CallTestCaseKeyword.groovy:44)
	at com.kms.katalon.core.keyword.internal.KeywordExecutor.executeKeywordForPlatform(KeywordExecutor.groovy:60)
	at com.kms.katalon.core.keyword.BuiltinKeywords.callTestCase(BuiltinKeywords.groovy:334)
	at TC_Data Entry.run(TC_Data Entry:21)
	at com.kms.katalon.core.main.ScriptEngine.run(ScriptEngine.java:194)
	at com.kms.katalon.core.main.ScriptEngine.runScriptAsRawText(ScriptEngine.java:119)
	at com.kms.katalon.core.main.TestCaseExecutor.runScript(TestCaseExecutor.java:337)
	at com.kms.katalon.core.main.TestCaseExecutor.doExecute(TestCaseExecutor.java:328)
	at com.kms.katalon.core.main.TestCaseExecutor.processExecutionPhase(TestCaseExecutor.java:307)
	at com.kms.katalon.core.main.TestCaseExecutor.accessMainPhase(TestCaseExecutor.java:299)
	at com.kms.katalon.core.main.TestCaseExecutor.execute(TestCaseExecutor.java:233)
	at com.kms.katalon.core.main.TestSuiteExecutor.accessTestCaseMainPhase(TestSuiteExecutor.java:169)
	at com.kms.katalon.core.main.TestSuiteExecutor.accessTestSuiteMainPhase(TestSuiteExecutor.java:142)
	at com.kms.katalon.core.main.TestSuiteExecutor.execute(TestSuiteExecutor.java:91)
	at com.kms.katalon.core.main.TestCaseMain.startTestSuite(TestCaseMain.java:157)
	at com.kms.katalon.core.main.TestCaseMain$startTestSuite$0.call(Unknown Source)
	at TempTestSuite1571720266263.run(TempTestSuite1571720266263.groovy:36)
)
	at com.kms.katalon.core.keyword.internal.KeywordMain.stepFailed(KeywordMain.groovy:50)
	at com.kms.katalon.core.mobile.keyword.internal.MobileKeywordMain.stepFailed(MobileKeywordMain.groovy:40)
	at com.kms.katalon.core.mobile.keyword.internal.MobileKeywordMain.runKeyword(MobileKeywordMain.groovy:23)
	at com.kms.katalon.core.mobile.keyword.builtin.TapKeyword.tap(TapKeyword.groovy:86)
	at com.kms.katalon.core.mobile.keyword.builtin.TapKeyword.execute(TapKeyword.groovy:68)
	at com.kms.katalon.core.keyword.internal.KeywordExecutor.executeKeywordForPlatform(KeywordExecutor.groovy:60)
	at com.kms.katalon.core.mobile.keyword.MobileBuiltInKeywords.tap(MobileBuiltInKeywords.groovy:520)
	at com.kms.katalon.core.mobile.keyword.MobileBuiltInKeywords$tap$1.call(Unknown Source)
	at TC_Simulasi Kredit - MASTER FLOW.run(TC_Simulasi Kredit - MASTER FLOW:88)
	at com.kms.katalon.core.main.ScriptEngine.run(ScriptEngine.java:194)
	at com.kms.katalon.core.main.ScriptEngine.runScriptAsRawText(ScriptEngine.java:119)
	at com.kms.katalon.core.main.TestCaseExecutor.runScript(TestCaseExecutor.java:337)
	at com.kms.katalon.core.main.TestCaseExecutor.doExecute(TestCaseExecutor.java:328)
	at com.kms.katalon.core.main.TestCaseExecutor.processExecutionPhase(TestCaseExecutor.java:307)
	at com.kms.katalon.core.main.TestCaseExecutor.accessMainPhase(TestCaseExecutor.java:299)
	at com.kms.katalon.core.main.TestCaseExecutor.execute(TestCaseExecutor.java:233)
	at com.kms.katalon.core.main.TestCaseMain.runTestCase(TestCaseMain.java:114)
	at com.kms.katalon.core.keyword.builtin.CallTestCaseKeyword$_callTestCase_closure1.doCall(CallTestCaseKeyword.groovy:59)
	at com.kms.katalon.core.keyword.builtin.CallTestCaseKeyword$_callTestCase_closure1.call(CallTestCaseKeyword.groovy)
	at com.kms.katalon.core.keyword.internal.KeywordMain.runKeyword(KeywordMain.groovy:68)
	at com.kms.katalon.core.keyword.builtin.CallTestCaseKeyword.callTestCase(CallTestCaseKeyword.groovy:81)
	at com.kms.katalon.core.keyword.builtin.CallTestCaseKeyword.execute(CallTestCaseKeyword.groovy:44)
	at com.kms.katalon.core.keyword.internal.KeywordExecutor.executeKeywordForPlatform(KeywordExecutor.groovy:60)
	at com.kms.katalon.core.keyword.BuiltinKeywords.callTestCase(BuiltinKeywords.groovy:334)
	at TC_Data Entry.run(TC_Data Entry:21)
	at com.kms.katalon.core.main.ScriptEngine.run(ScriptEngine.java:194)
	at com.kms.katalon.core.main.ScriptEngine.runScriptAsRawText(ScriptEngine.java:119)
	at com.kms.katalon.core.main.TestCaseExecutor.runScript(TestCaseExecutor.java:337)
	at com.kms.katalon.core.main.TestCaseExecutor.doExecute(TestCaseExecutor.java:328)
	at com.kms.katalon.core.main.TestCaseExecutor.processExecutionPhase(TestCaseExecutor.java:307)
	at com.kms.katalon.core.main.TestCaseExecutor.accessMainPhase(TestCaseExecutor.java:299)
	at com.kms.katalon.core.main.TestCaseExecutor.execute(TestCaseExecutor.java:233)
	at com.kms.katalon.core.main.TestSuiteExecutor.accessTestCaseMainPhase(TestSuiteExecutor.java:169)
	at com.kms.katalon.core.main.TestSuiteExecutor.accessTestSuiteMainPhase(TestSuiteExecutor.java:142)
	at com.kms.katalon.core.main.TestSuiteExecutor.execute(TestSuiteExecutor.java:91)
	at com.kms.katalon.core.main.TestCaseMain.startTestSuite(TestCaseMain.java:157)
	at com.kms.katalon.core.main.TestCaseMain$startTestSuite$0.call(Unknown Source)
	at TempTestSuite1571720266263.run(TempTestSuite1571720266263.groovy:36)
Caused by: org.openqa.selenium.WebDriverException: An unknown server-side error occurred while processing the command. Original error: Could not proxy. Proxy error: Could not proxy command to remote server. Original error: Error: socket hang up
Build info: version: '3.141.59', revision: 'e82be7d358', time: '2018-11-14T08:25:53'
System info: host: 'FATITQC15421L', ip: '10.7.8.178', os.name: 'Windows 10', os.arch: 'amd64', os.version: '10.0', java.version: '1.8.0_181'
Driver info: com.kms.katalon.core.appium.driver.SwipeableAndroidDriver
Capabilities {app: C:\Users\15421\git\ACCMe-Mo..., appPackage: com.outsystemsenterprise.ac..., appWaitActivity: com.*, autoGrantPermissions: true, automationName: uiautomator2, databaseEnabled: false, desired: {app: C:\Users\15421\git\ACCMe-Mo..., appWaitActivity: com.*, autoGrantPermissions: true, automationName: uiautomator2, deviceId: , deviceName: samsung SM-A505F (Android 9), fullReset: false, newCommandTimeout: 1800, noReset: true, platform: ANDROID, platformName: android, platformVersion: 9, resetKeyboard: true, systemPort: 60908, udid: RR8M30NJQJV, unicodeKeyboard: true}, deviceApiLevel: 28, deviceId: , deviceManufacturer: samsung, deviceModel: SM-A505F, deviceName: RR8M30NJQJV, deviceScreenDensity: 420, deviceScreenSize: 1080x2340, deviceUDID: RR8M30NJQJV, fullReset: false, javascriptEnabled: true, locationContextEnabled: false, networkConnectionEnabled: true, newCommandTimeout: 1800, noReset: true, pixelRatio: 2.625, platform: ANDROID, platformName: Android, platformVersion: 9, resetKeyboard: true, statBarHeight: 83, systemPort: 60908, takesScreenshot: true, udid: RR8M30NJQJV, unicodeKeyboard: true, viewportRect: {height: 2048, left: 0, top: 83, width: 1080}, warnings: {}, webStorageEnabled: false}
Session ID: b68dfa6e-ca36-4931-b0b5-58834159786a
	at org.openqa.selenium.remote.http.W3CHttpResponseCodec.createException(W3CHttpResponseCodec.java:187)
	at org.openqa.selenium.remote.http.W3CHttpResponseCodec.decode(W3CHttpResponseCodec.java:122)
	at org.openqa.selenium.remote.http.W3CHttpResponseCodec.decode(W3CHttpResponseCodec.java:49)
	at org.openqa.selenium.remote.HttpCommandExecutor.execute(HttpCommandExecutor.java:158)
	at io.appium.java_client.remote.AppiumCommandExecutor.execute(AppiumCommandExecutor.java:239)
	at org.openqa.selenium.remote.RemoteWebDriver.execute(RemoteWebDriver.java:552)
	at io.appium.java_client.DefaultGenericMobileDriver.execute(DefaultGenericMobileDriver.java:42)
	at io.appium.java_client.AppiumDriver.execute(AppiumDriver.java:1)
	at io.appium.java_client.android.AndroidDriver.execute(AndroidDriver.java:1)
	at com.kms.katalon.core.appium.driver.SwipeableAndroidDriver.execute(SwipeableAndroidDriver.java:1)
	at org.openqa.selenium.remote.RemoteWebElement.execute(RemoteWebElement.java:285)
	at io.appium.java_client.DefaultGenericMobileElement.execute(DefaultGenericMobileElement.java:45)
	at io.appium.java_client.MobileElement.execute(MobileElement.java:1)
	at io.appium.java_client.android.AndroidElement.execute(AndroidElement.java:1)
	at org.openqa.selenium.remote.RemoteWebElement.getLocation(RemoteWebElement.java:337)
	at org.openqa.selenium.WebElement$getLocation.call(Unknown Source)
	at com.kms.katalon.core.mobile.keyword.internal.MobileAbstractKeyword.findElement(MobileAbstractKeyword.groovy:86)
	at com.kms.katalon.core.mobile.keyword.builtin.TapKeyword$_tap_closure1.doCall(TapKeyword.groovy:76)
	at com.kms.katalon.core.mobile.keyword.builtin.TapKeyword$_tap_closure1.call(TapKeyword.groovy)
	at com.kms.katalon.core.mobile.keyword.internal.MobileKeywordMain.runKeyword(MobileKeywordMain.groovy:21)
	... 35 more


2019-10-22 12:21:03 - [TEST_STEP][PASSED] - verifyElementVisible(findTestObject("Simulasi Kredit/Simulasi Kredit - Simulasi Kredit/SimulasiKredit_Btn Simulasi Kredit"), 60, OPTIONAL): Element 'Object Repository/Simulasi Kredit/Simulasi Kredit - Simulasi Kredit/SimulasiKredit_Btn Simulasi Kredit' is visible

2019-10-22 12:21:06 - [MESSAGE][PASSED] - Element 'Object Repository/Simulasi Kredit/Simulasi Kredit - Simulasi Kredit/SimulasiKredit_Btn Simulasi Kredit' is visible

2019-10-22 12:21:06 - [TEST_STEP][PASSED] - tap(findTestObject("Simulasi Kredit/Simulasi Kredit - Simulasi Kredit/SimulasiKredit_Btn Simulasi Kredit"), 0): Tapped on element 'Object Repository/Simulasi Kredit/Simulasi Kredit - Simulasi Kredit/SimulasiKredit_Btn Simulasi Kredit'

2019-10-22 12:21:06 - [MESSAGE][WARNING] - Timeout '0' is invalid. Using default page load timeout: '30'

2019-10-22 12:21:09 - [MESSAGE][PASSED] - Tapped on element 'Object Repository/Simulasi Kredit/Simulasi Kredit - Simulasi Kredit/SimulasiKredit_Btn Simulasi Kredit'

2019-10-22 12:21:09 - [TEST_STEP][PASSED] - if (varPembiayaan == "NewCar"): Tapped on element 'Object Repository/Simulasi Kredit/Simulasi Kredit - Simulasi Kredit/SimulasiKredit_new car'

2019-10-22 12:21:09 - [TEST_STEP][PASSED] - tap(findTestObject("Simulasi Kredit/Simulasi Kredit - Simulasi Kredit/SimulasiKredit_new car"), 0): Tapped on element 'Object Repository/Simulasi Kredit/Simulasi Kredit - Simulasi Kredit/SimulasiKredit_new car'

2019-10-22 12:21:09 - [MESSAGE][WARNING] - Timeout '0' is invalid. Using default page load timeout: '30'

2019-10-22 12:21:12 - [MESSAGE][PASSED] - Tapped on element 'Object Repository/Simulasi Kredit/Simulasi Kredit - Simulasi Kredit/SimulasiKredit_new car'

2019-10-22 12:21:12 - [TEST_STEP][PASSED] - if (varTipePembiayaan == "syariah"): null

2019-10-22 12:21:12 - [TEST_STEP][PASSED] - else: Tapped on element 'Object Repository/Simulasi Kredit/Simulasi Kredit - Simulasi Kredit/SimulasiKredit_Konvensional'

2019-10-22 12:21:12 - [TEST_STEP][PASSED] - tap(findTestObject("Simulasi Kredit/Simulasi Kredit - Simulasi Kredit/SimulasiKredit_Konvensional"), 0): Tapped on element 'Object Repository/Simulasi Kredit/Simulasi Kredit - Simulasi Kredit/SimulasiKredit_Konvensional'

2019-10-22 12:21:12 - [MESSAGE][WARNING] - Timeout '0' is invalid. Using default page load timeout: '30'

2019-10-22 12:21:15 - [MESSAGE][PASSED] - Tapped on element 'Object Repository/Simulasi Kredit/Simulasi Kredit - Simulasi Kredit/SimulasiKredit_Konvensional'

2019-10-22 12:21:15 - [TEST_STEP][PASSED] - if (varPaket == "ya"): null

2019-10-22 12:21:15 - [TEST_STEP][PASSED] - setText(findTestObject("Simulasi Kredit/Simulasi Kredit - Simulasi Kredit/SimulasiKredit_Inp Brand"), varBrand, 0): Text 'TOYOTA' has been set to element 'Object Repository/Simulasi Kredit/Simulasi Kredit - Simulasi Kredit/SimulasiKredit_Inp Brand'

2019-10-22 12:21:15 - [MESSAGE][WARNING] - Timeout '0' is invalid. Using default page load timeout: '30'

2019-10-22 12:21:17 - [MESSAGE][PASSED] - Text 'TOYOTA' has been set to element 'Object Repository/Simulasi Kredit/Simulasi Kredit - Simulasi Kredit/SimulasiKredit_Inp Brand'

2019-10-22 12:21:17 - [TEST_STEP][PASSED] - tap(findTestObject("Simulasi Kredit/Simulasi Kredit - Simulasi Kredit/SimulasiKredit_Inp Brand"), 0): Tapped on element 'Object Repository/Simulasi Kredit/Simulasi Kredit - Simulasi Kredit/SimulasiKredit_Inp Brand'

2019-10-22 12:21:17 - [MESSAGE][WARNING] - Timeout '0' is invalid. Using default page load timeout: '30'

2019-10-22 12:21:20 - [MESSAGE][PASSED] - Tapped on element 'Object Repository/Simulasi Kredit/Simulasi Kredit - Simulasi Kredit/SimulasiKredit_Inp Brand'

2019-10-22 12:21:20 - [TEST_STEP][PASSED] - tap(findTestObject("Simulasi Kredit/Simulasi Kredit - Simulasi Kredit/Simulasi Kredit-LOVBrand"), 0): Tapped on element 'Object Repository/Simulasi Kredit/Simulasi Kredit - Simulasi Kredit/Simulasi Kredit-LOVBrand'

2019-10-22 12:21:21 - [MESSAGE][WARNING] - Timeout '0' is invalid. Using default page load timeout: '30'

2019-10-22 12:21:24 - [MESSAGE][PASSED] - Tapped on element 'Object Repository/Simulasi Kredit/Simulasi Kredit - Simulasi Kredit/Simulasi Kredit-LOVBrand'

2019-10-22 12:21:24 - [TEST_STEP][PASSED] - tap(findTestObject("Simulasi Kredit/Simulasi Kredit - Simulasi Kredit/SimulasiKredit_Inp Type"), 0): Tapped on element 'Object Repository/Simulasi Kredit/Simulasi Kredit - Simulasi Kredit/SimulasiKredit_Inp Type'

2019-10-22 12:21:24 - [MESSAGE][WARNING] - Timeout '0' is invalid. Using default page load timeout: '30'

2019-10-22 12:21:27 - [MESSAGE][PASSED] - Tapped on element 'Object Repository/Simulasi Kredit/Simulasi Kredit - Simulasi Kredit/SimulasiKredit_Inp Type'

2019-10-22 12:21:27 - [TEST_STEP][PASSED] - setText(findTestObject("Simulasi Kredit/Simulasi Kredit - Simulasi Kredit/SimulasiKredit_Inp Type"), varType, 0): Text 'AGYA' has been set to element 'Object Repository/Simulasi Kredit/Simulasi Kredit - Simulasi Kredit/SimulasiKredit_Inp Type'

2019-10-22 12:21:28 - [MESSAGE][WARNING] - Timeout '0' is invalid. Using default page load timeout: '30'

2019-10-22 12:21:30 - [MESSAGE][PASSED] - Text 'AGYA' has been set to element 'Object Repository/Simulasi Kredit/Simulasi Kredit - Simulasi Kredit/SimulasiKredit_Inp Type'

2019-10-22 12:21:30 - [TEST_STEP][PASSED] - delay(3): Delayed 3 second(s)

2019-10-22 12:21:33 - [MESSAGE][PASSED] - Delayed 3 second(s)

2019-10-22 12:21:33 - [TEST_STEP][PASSED] - tap(findTestObject("Simulasi Kredit/Simulasi Kredit - Simulasi Kredit/SimulasiKredit_Inp Type"), 0): Tapped on element 'Object Repository/Simulasi Kredit/Simulasi Kredit - Simulasi Kredit/SimulasiKredit_Inp Type'

2019-10-22 12:21:33 - [MESSAGE][WARNING] - Timeout '0' is invalid. Using default page load timeout: '30'

2019-10-22 12:21:35 - [MESSAGE][PASSED] - Tapped on element 'Object Repository/Simulasi Kredit/Simulasi Kredit - Simulasi Kredit/SimulasiKredit_Inp Type'

2019-10-22 12:21:35 - [TEST_STEP][PASSED] - tap(findTestObject("Simulasi Kredit/Simulasi Kredit - Simulasi Kredit/SimulasiKredit_Inp Type LOV"), 0): Tapped on element 'Object Repository/Simulasi Kredit/Simulasi Kredit - Simulasi Kredit/SimulasiKredit_Inp Type LOV'

2019-10-22 12:21:36 - [MESSAGE][WARNING] - Timeout '0' is invalid. Using default page load timeout: '30'

2019-10-22 12:21:39 - [MESSAGE][PASSED] - Tapped on element 'Object Repository/Simulasi Kredit/Simulasi Kredit - Simulasi Kredit/SimulasiKredit_Inp Type LOV'

2019-10-22 12:21:39 - [TEST_STEP][PASSED] - mobile.mobileSwipe.UpDown(0.8, 0.5, 1000): mobile.mobileSwipe.UpDown is PASSED

2019-10-22 12:21:40 - [MESSAGE][PASSED] - Current device physical height is 2131

2019-10-22 12:21:40 - [MESSAGE][INFO] - Device Height : 2131

2019-10-22 12:21:41 - [MESSAGE][PASSED] - Current device physical width is 1080

2019-10-22 12:21:41 - [MESSAGE][INFO] - Device Width : 1080

2019-10-22 12:21:41 - [MESSAGE][INFO] - Swipe start at Height : 1704

2019-10-22 12:21:41 - [MESSAGE][INFO] - Swipe end at Height : 1065

2019-10-22 12:21:41 - [MESSAGE][INFO] - X Position : 1000

2019-10-22 12:21:43 - [MESSAGE][PASSED] - Swiped from 1,000,1,704 to 1,000,1,065

2019-10-22 12:21:43 - [MESSAGE][PASSED] - mobile.mobileSwipe.UpDown is PASSED

2019-10-22 12:21:43 - [TEST_STEP][PASSED] - tap(findTestObject("Simulasi Kredit/Simulasi Kredit - Simulasi Kredit/SimulasiKredit_Inp Model"), 0): Tapped on element 'Object Repository/Simulasi Kredit/Simulasi Kredit - Simulasi Kredit/SimulasiKredit_Inp Model'

2019-10-22 12:21:43 - [MESSAGE][WARNING] - Timeout '0' is invalid. Using default page load timeout: '30'

2019-10-22 12:21:46 - [MESSAGE][PASSED] - Tapped on element 'Object Repository/Simulasi Kredit/Simulasi Kredit - Simulasi Kredit/SimulasiKredit_Inp Model'

2019-10-22 12:21:46 - [TEST_STEP][PASSED] - scrollToText(varModel, STOP_ON_FAILURE): Scrolling to text '1.0 G M/T - 001' successfully

2019-10-22 12:21:48 - [MESSAGE][PASSED] - Scrolling to text '1.0 G M/T - 001' successfully

2019-10-22 12:21:48 - [TEST_STEP][PASSED] - tap(findTestObject("dynamic object/pickListItem_checkedTextView", ["text":varModel]), 0): Tapped on element 'Object Repository/dynamic object/pickListItem_checkedTextView'

2019-10-22 12:21:48 - [MESSAGE][WARNING] - Timeout '0' is invalid. Using default page load timeout: '30'

2019-10-22 12:21:50 - [MESSAGE][PASSED] - Tapped on element 'Object Repository/dynamic object/pickListItem_checkedTextView'

2019-10-22 12:21:50 - [TEST_STEP][PASSED] - tap(findTestObject("Simulasi Kredit/Simulasi Kredit - Simulasi Kredit/SimulasiKredit_Tahun"), 0): Tapped on element 'Object Repository/Simulasi Kredit/Simulasi Kredit - Simulasi Kredit/SimulasiKredit_Tahun'

2019-10-22 12:21:50 - [MESSAGE][WARNING] - Timeout '0' is invalid. Using default page load timeout: '30'

2019-10-22 12:21:53 - [MESSAGE][PASSED] - Tapped on element 'Object Repository/Simulasi Kredit/Simulasi Kredit - Simulasi Kredit/SimulasiKredit_Tahun'

2019-10-22 12:21:53 - [TEST_STEP][PASSED] - tap(findTestObject("dynamic object/pickListItem_checkedTextView", ["text":varTahun]), 0): Tapped on element 'Object Repository/dynamic object/pickListItem_checkedTextView'

2019-10-22 12:21:53 - [MESSAGE][WARNING] - Timeout '0' is invalid. Using default page load timeout: '30'

2019-10-22 12:21:54 - [MESSAGE][PASSED] - Tapped on element 'Object Repository/dynamic object/pickListItem_checkedTextView'

2019-10-22 12:21:54 - [TEST_STEP][PASSED] - tap(findTestObject("Simulasi Kredit/Simulasi Kredit - Simulasi Kredit/SimulasiKredit_Tenor"), 0): Tapped on element 'Object Repository/Simulasi Kredit/Simulasi Kredit - Simulasi Kredit/SimulasiKredit_Tenor'

2019-10-22 12:21:54 - [MESSAGE][WARNING] - Timeout '0' is invalid. Using default page load timeout: '30'

2019-10-22 12:21:57 - [MESSAGE][PASSED] - Tapped on element 'Object Repository/Simulasi Kredit/Simulasi Kredit - Simulasi Kredit/SimulasiKredit_Tenor'

2019-10-22 12:21:57 - [TEST_STEP][FAILED] - tap(findTestObject("dynamic object/pickListItem_checkedTextView", ["text":varTenor]), 0): Failed to tap on element 'Object Repository/dynamic object/pickListItem_checkedTextView' (Root cause: org.openqa.selenium.WebDriverException: An unknown server-side error occurred while processing the command. Original error: Could not proxy. Proxy error: Could not proxy command to remote server. Original error: Error: socket hang up
Build info: version: '3.141.59', revision: 'e82be7d358', time: '2018-11-14T08:25:53'
System info: host: 'FATITQC15421L', ip: '10.7.8.178', os.name: 'Windows 10', os.arch: 'amd64', os.version: '10.0', java.version: '1.8.0_181'
Driver info: com.kms.katalon.core.appium.driver.SwipeableAndroidDriver
Capabilities {app: C:\Users\15421\git\ACCMe-Mo..., appPackage: com.outsystemsenterprise.ac..., appWaitActivity: com.*, autoGrantPermissions: true, automationName: uiautomator2, databaseEnabled: false, desired: {app: C:\Users\15421\git\ACCMe-Mo..., appWaitActivity: com.*, autoGrantPermissions: true, automationName: uiautomator2, deviceId: , deviceName: samsung SM-A505F (Android 9), fullReset: false, newCommandTimeout: 1800, noReset: true, platform: ANDROID, platformName: android, platformVersion: 9, resetKeyboard: true, systemPort: 60908, udid: RR8M30NJQJV, unicodeKeyboard: true}, deviceApiLevel: 28, deviceId: , deviceManufacturer: samsung, deviceModel: SM-A505F, deviceName: RR8M30NJQJV, deviceScreenDensity: 420, deviceScreenSize: 1080x2340, deviceUDID: RR8M30NJQJV, fullReset: false, javascriptEnabled: true, locationContextEnabled: false, networkConnectionEnabled: true, newCommandTimeout: 1800, noReset: true, pixelRatio: 2.625, platform: ANDROID, platformName: Android, platformVersion: 9, resetKeyboard: true, statBarHeight: 83, systemPort: 60908, takesScreenshot: true, udid: RR8M30NJQJV, unicodeKeyboard: true, viewportRect: {height: 2048, left: 0, top: 83, width: 1080}, warnings: {}, webStorageEnabled: false}
Session ID: b68dfa6e-ca36-4931-b0b5-58834159786a
	at org.openqa.selenium.remote.http.W3CHttpResponseCodec.createException(W3CHttpResponseCodec.java:187)
	at org.openqa.selenium.remote.http.W3CHttpResponseCodec.decode(W3CHttpResponseCodec.java:122)
	at org.openqa.selenium.remote.http.W3CHttpResponseCodec.decode(W3CHttpResponseCodec.java:49)
	at org.openqa.selenium.remote.HttpCommandExecutor.execute(HttpCommandExecutor.java:158)
	at io.appium.java_client.remote.AppiumCommandExecutor.execute(AppiumCommandExecutor.java:239)
	at org.openqa.selenium.remote.RemoteWebDriver.execute(RemoteWebDriver.java:552)
	at io.appium.java_client.DefaultGenericMobileDriver.execute(DefaultGenericMobileDriver.java:42)
	at io.appium.java_client.AppiumDriver.execute(AppiumDriver.java:1)
	at io.appium.java_client.android.AndroidDriver.execute(AndroidDriver.java:1)
	at com.kms.katalon.core.appium.driver.SwipeableAndroidDriver.execute(SwipeableAndroidDriver.java:1)
	at org.openqa.selenium.remote.RemoteWebElement.execute(RemoteWebElement.java:285)
	at io.appium.java_client.DefaultGenericMobileElement.execute(DefaultGenericMobileElement.java:45)
	at io.appium.java_client.MobileElement.execute(MobileElement.java:1)
	at io.appium.java_client.android.AndroidElement.execute(AndroidElement.java:1)
	at org.openqa.selenium.remote.RemoteWebElement.getLocation(RemoteWebElement.java:337)
	at org.openqa.selenium.WebElement$getLocation.call(Unknown Source)
	at com.kms.katalon.core.mobile.keyword.internal.MobileAbstractKeyword.findElement(MobileAbstractKeyword.groovy:86)
	at com.kms.katalon.core.mobile.keyword.builtin.TapKeyword$_tap_closure1.doCall(TapKeyword.groovy:76)
	at com.kms.katalon.core.mobile.keyword.builtin.TapKeyword$_tap_closure1.call(TapKeyword.groovy)
	at com.kms.katalon.core.mobile.keyword.internal.MobileKeywordMain.runKeyword(MobileKeywordMain.groovy:21)
	at com.kms.katalon.core.mobile.keyword.builtin.TapKeyword.tap(TapKeyword.groovy:86)
	at com.kms.katalon.core.mobile.keyword.builtin.TapKeyword.execute(TapKeyword.groovy:68)
	at com.kms.katalon.core.keyword.internal.KeywordExecutor.executeKeywordForPlatform(KeywordExecutor.groovy:60)
	at com.kms.katalon.core.mobile.keyword.MobileBuiltInKeywords.tap(MobileBuiltInKeywords.groovy:520)
	at com.kms.katalon.core.mobile.keyword.MobileBuiltInKeywords$tap$1.call(Unknown Source)
	at TC_Simulasi Kredit - MASTER FLOW.run(TC_Simulasi Kredit - MASTER FLOW:88)
	at com.kms.katalon.core.main.ScriptEngine.run(ScriptEngine.java:194)
	at com.kms.katalon.core.main.ScriptEngine.runScriptAsRawText(ScriptEngine.java:119)
	at com.kms.katalon.core.main.TestCaseExecutor.runScript(TestCaseExecutor.java:337)
	at com.kms.katalon.core.main.TestCaseExecutor.doExecute(TestCaseExecutor.java:328)
	at com.kms.katalon.core.main.TestCaseExecutor.processExecutionPhase(TestCaseExecutor.java:307)
	at com.kms.katalon.core.main.TestCaseExecutor.accessMainPhase(TestCaseExecutor.java:299)
	at com.kms.katalon.core.main.TestCaseExecutor.execute(TestCaseExecutor.java:233)
	at com.kms.katalon.core.main.TestCaseMain.runTestCase(TestCaseMain.java:114)
	at com.kms.katalon.core.keyword.builtin.CallTestCaseKeyword$_callTestCase_closure1.doCall(CallTestCaseKeyword.groovy:59)
	at com.kms.katalon.core.keyword.builtin.CallTestCaseKeyword$_callTestCase_closure1.call(CallTestCaseKeyword.groovy)
	at com.kms.katalon.core.keyword.internal.KeywordMain.runKeyword(KeywordMain.groovy:68)
	at com.kms.katalon.core.keyword.builtin.CallTestCaseKeyword.callTestCase(CallTestCaseKeyword.groovy:81)
	at com.kms.katalon.core.keyword.builtin.CallTestCaseKeyword.execute(CallTestCaseKeyword.groovy:44)
	at com.kms.katalon.core.keyword.internal.KeywordExecutor.executeKeywordForPlatform(KeywordExecutor.groovy:60)
	at com.kms.katalon.core.keyword.BuiltinKeywords.callTestCase(BuiltinKeywords.groovy:334)
	at TC_Data Entry.run(TC_Data Entry:21)
	at com.kms.katalon.core.main.ScriptEngine.run(ScriptEngine.java:194)
	at com.kms.katalon.core.main.ScriptEngine.runScriptAsRawText(ScriptEngine.java:119)
	at com.kms.katalon.core.main.TestCaseExecutor.runScript(TestCaseExecutor.java:337)
	at com.kms.katalon.core.main.TestCaseExecutor.doExecute(TestCaseExecutor.java:328)
	at com.kms.katalon.core.main.TestCaseExecutor.processExecutionPhase(TestCaseExecutor.java:307)
	at com.kms.katalon.core.main.TestCaseExecutor.accessMainPhase(TestCaseExecutor.java:299)
	at com.kms.katalon.core.main.TestCaseExecutor.execute(TestCaseExecutor.java:233)
	at com.kms.katalon.core.main.TestSuiteExecutor.accessTestCaseMainPhase(TestSuiteExecutor.java:169)
	at com.kms.katalon.core.main.TestSuiteExecutor.accessTestSuiteMainPhase(TestSuiteExecutor.java:142)
	at com.kms.katalon.core.main.TestSuiteExecutor.execute(TestSuiteExecutor.java:91)
	at com.kms.katalon.core.main.TestCaseMain.startTestSuite(TestCaseMain.java:157)
	at com.kms.katalon.core.main.TestCaseMain$startTestSuite$0.call(Unknown Source)
	at TempTestSuite1571720266263.run(TempTestSuite1571720266263.groovy:36)
)

2019-10-22 12:21:57 - [MESSAGE][WARNING] - Timeout '0' is invalid. Using default page load timeout: '30'

2019-10-22 12:21:59 - [MESSAGE][WARNING] - Cannot take screenshot

2019-10-22 12:21:59 - [MESSAGE][FAILED] - Failed to tap on element 'Object Repository/dynamic object/pickListItem_checkedTextView' (Root cause: org.openqa.selenium.WebDriverException: An unknown server-side error occurred while processing the command. Original error: Could not proxy. Proxy error: Could not proxy command to remote server. Original error: Error: socket hang up
Build info: version: '3.141.59', revision: 'e82be7d358', time: '2018-11-14T08:25:53'
System info: host: 'FATITQC15421L', ip: '10.7.8.178', os.name: 'Windows 10', os.arch: 'amd64', os.version: '10.0', java.version: '1.8.0_181'
Driver info: com.kms.katalon.core.appium.driver.SwipeableAndroidDriver
Capabilities {app: C:\Users\15421\git\ACCMe-Mo..., appPackage: com.outsystemsenterprise.ac..., appWaitActivity: com.*, autoGrantPermissions: true, automationName: uiautomator2, databaseEnabled: false, desired: {app: C:\Users\15421\git\ACCMe-Mo..., appWaitActivity: com.*, autoGrantPermissions: true, automationName: uiautomator2, deviceId: , deviceName: samsung SM-A505F (Android 9), fullReset: false, newCommandTimeout: 1800, noReset: true, platform: ANDROID, platformName: android, platformVersion: 9, resetKeyboard: true, systemPort: 60908, udid: RR8M30NJQJV, unicodeKeyboard: true}, deviceApiLevel: 28, deviceId: , deviceManufacturer: samsung, deviceModel: SM-A505F, deviceName: RR8M30NJQJV, deviceScreenDensity: 420, deviceScreenSize: 1080x2340, deviceUDID: RR8M30NJQJV, fullReset: false, javascriptEnabled: true, locationContextEnabled: false, networkConnectionEnabled: true, newCommandTimeout: 1800, noReset: true, pixelRatio: 2.625, platform: ANDROID, platformName: Android, platformVersion: 9, resetKeyboard: true, statBarHeight: 83, systemPort: 60908, takesScreenshot: true, udid: RR8M30NJQJV, unicodeKeyboard: true, viewportRect: {height: 2048, left: 0, top: 83, width: 1080}, warnings: {}, webStorageEnabled: false}
Session ID: b68dfa6e-ca36-4931-b0b5-58834159786a
	at org.openqa.selenium.remote.http.W3CHttpResponseCodec.createException(W3CHttpResponseCodec.java:187)
	at org.openqa.selenium.remote.http.W3CHttpResponseCodec.decode(W3CHttpResponseCodec.java:122)
	at org.openqa.selenium.remote.http.W3CHttpResponseCodec.decode(W3CHttpResponseCodec.java:49)
	at org.openqa.selenium.remote.HttpCommandExecutor.execute(HttpCommandExecutor.java:158)
	at io.appium.java_client.remote.AppiumCommandExecutor.execute(AppiumCommandExecutor.java:239)
	at org.openqa.selenium.remote.RemoteWebDriver.execute(RemoteWebDriver.java:552)
	at io.appium.java_client.DefaultGenericMobileDriver.execute(DefaultGenericMobileDriver.java:42)
	at io.appium.java_client.AppiumDriver.execute(AppiumDriver.java:1)
	at io.appium.java_client.android.AndroidDriver.execute(AndroidDriver.java:1)
	at com.kms.katalon.core.appium.driver.SwipeableAndroidDriver.execute(SwipeableAndroidDriver.java:1)
	at org.openqa.selenium.remote.RemoteWebElement.execute(RemoteWebElement.java:285)
	at io.appium.java_client.DefaultGenericMobileElement.execute(DefaultGenericMobileElement.java:45)
	at io.appium.java_client.MobileElement.execute(MobileElement.java:1)
	at io.appium.java_client.android.AndroidElement.execute(AndroidElement.java:1)
	at org.openqa.selenium.remote.RemoteWebElement.getLocation(RemoteWebElement.java:337)
	at org.openqa.selenium.WebElement$getLocation.call(Unknown Source)
	at com.kms.katalon.core.mobile.keyword.internal.MobileAbstractKeyword.findElement(MobileAbstractKeyword.groovy:86)
	at com.kms.katalon.core.mobile.keyword.builtin.TapKeyword$_tap_closure1.doCall(TapKeyword.groovy:76)
	at com.kms.katalon.core.mobile.keyword.builtin.TapKeyword$_tap_closure1.call(TapKeyword.groovy)
	at com.kms.katalon.core.mobile.keyword.internal.MobileKeywordMain.runKeyword(MobileKeywordMain.groovy:21)
	at com.kms.katalon.core.mobile.keyword.builtin.TapKeyword.tap(TapKeyword.groovy:86)
	at com.kms.katalon.core.mobile.keyword.builtin.TapKeyword.execute(TapKeyword.groovy:68)
	at com.kms.katalon.core.keyword.internal.KeywordExecutor.executeKeywordForPlatform(KeywordExecutor.groovy:60)
	at com.kms.katalon.core.mobile.keyword.MobileBuiltInKeywords.tap(MobileBuiltInKeywords.groovy:520)
	at com.kms.katalon.core.mobile.keyword.MobileBuiltInKeywords$tap$1.call(Unknown Source)
	at TC_Simulasi Kredit - MASTER FLOW.run(TC_Simulasi Kredit - MASTER FLOW:88)
	at com.kms.katalon.core.main.ScriptEngine.run(ScriptEngine.java:194)
	at com.kms.katalon.core.main.ScriptEngine.runScriptAsRawText(ScriptEngine.java:119)
	at com.kms.katalon.core.main.TestCaseExecutor.runScript(TestCaseExecutor.java:337)
	at com.kms.katalon.core.main.TestCaseExecutor.doExecute(TestCaseExecutor.java:328)
	at com.kms.katalon.core.main.TestCaseExecutor.processExecutionPhase(TestCaseExecutor.java:307)
	at com.kms.katalon.core.main.TestCaseExecutor.accessMainPhase(TestCaseExecutor.java:299)
	at com.kms.katalon.core.main.TestCaseExecutor.execute(TestCaseExecutor.java:233)
	at com.kms.katalon.core.main.TestCaseMain.runTestCase(TestCaseMain.java:114)
	at com.kms.katalon.core.keyword.builtin.CallTestCaseKeyword$_callTestCase_closure1.doCall(CallTestCaseKeyword.groovy:59)
	at com.kms.katalon.core.keyword.builtin.CallTestCaseKeyword$_callTestCase_closure1.call(CallTestCaseKeyword.groovy)
	at com.kms.katalon.core.keyword.internal.KeywordMain.runKeyword(KeywordMain.groovy:68)
	at com.kms.katalon.core.keyword.builtin.CallTestCaseKeyword.callTestCase(CallTestCaseKeyword.groovy:81)
	at com.kms.katalon.core.keyword.builtin.CallTestCaseKeyword.execute(CallTestCaseKeyword.groovy:44)
	at com.kms.katalon.core.keyword.internal.KeywordExecutor.executeKeywordForPlatform(KeywordExecutor.groovy:60)
	at com.kms.katalon.core.keyword.BuiltinKeywords.callTestCase(BuiltinKeywords.groovy:334)
	at TC_Data Entry.run(TC_Data Entry:21)
	at com.kms.katalon.core.main.ScriptEngine.run(ScriptEngine.java:194)
	at com.kms.katalon.core.main.ScriptEngine.runScriptAsRawText(ScriptEngine.java:119)
	at com.kms.katalon.core.main.TestCaseExecutor.runScript(TestCaseExecutor.java:337)
	at com.kms.katalon.core.main.TestCaseExecutor.doExecute(TestCaseExecutor.java:328)
	at com.kms.katalon.core.main.TestCaseExecutor.processExecutionPhase(TestCaseExecutor.java:307)
	at com.kms.katalon.core.main.TestCaseExecutor.accessMainPhase(TestCaseExecutor.java:299)
	at com.kms.katalon.core.main.TestCaseExecutor.execute(TestCaseExecutor.java:233)
	at com.kms.katalon.core.main.TestSuiteExecutor.accessTestCaseMainPhase(TestSuiteExecutor.java:169)
	at com.kms.katalon.core.main.TestSuiteExecutor.accessTestSuiteMainPhase(TestSuiteExecutor.java:142)
	at com.kms.katalon.core.main.TestSuiteExecutor.execute(TestSuiteExecutor.java:91)
	at com.kms.katalon.core.main.TestCaseMain.startTestSuite(TestCaseMain.java:157)
	at com.kms.katalon.core.main.TestCaseMain$startTestSuite$0.call(Unknown Source)
	at TempTestSuite1571720266263.run(TempTestSuite1571720266263.groovy:36)
)

2019-10-22 12:21:59 - [MESSAGE][WARNING] - Unable to call Test Case 'Test Cases/Data Entry/Simulasi Kredit/Simulasi Kredit/MASTER FLOW/TC_Simulasi Kredit - MASTER FLOW' (Root cause: com.kms.katalon.core.exception.StepFailedException: Call Test Case 'Test Cases/Data Entry/Simulasi Kredit/Simulasi Kredit/MASTER FLOW/TC_Simulasi Kredit - MASTER FLOW' failed
	at com.kms.katalon.core.keyword.builtin.CallTestCaseKeyword$_callTestCase_closure1.doCall(CallTestCaseKeyword.groovy:63)
	at com.kms.katalon.core.keyword.builtin.CallTestCaseKeyword$_callTestCase_closure1.call(CallTestCaseKeyword.groovy)
	at com.kms.katalon.core.keyword.internal.KeywordMain.runKeyword(KeywordMain.groovy:68)
	at com.kms.katalon.core.keyword.builtin.CallTestCaseKeyword.callTestCase(CallTestCaseKeyword.groovy:81)
	at com.kms.katalon.core.keyword.builtin.CallTestCaseKeyword.execute(CallTestCaseKeyword.groovy:44)
	at com.kms.katalon.core.keyword.internal.KeywordExecutor.executeKeywordForPlatform(KeywordExecutor.groovy:60)
	at com.kms.katalon.core.keyword.BuiltinKeywords.callTestCase(BuiltinKeywords.groovy:334)
	at TC_Data Entry.run(TC_Data Entry:21)
	at com.kms.katalon.core.main.ScriptEngine.run(ScriptEngine.java:194)
	at com.kms.katalon.core.main.ScriptEngine.runScriptAsRawText(ScriptEngine.java:119)
	at com.kms.katalon.core.main.TestCaseExecutor.runScript(TestCaseExecutor.java:337)
	at com.kms.katalon.core.main.TestCaseExecutor.doExecute(TestCaseExecutor.java:328)
	at com.kms.katalon.core.main.TestCaseExecutor.processExecutionPhase(TestCaseExecutor.java:307)
	at com.kms.katalon.core.main.TestCaseExecutor.accessMainPhase(TestCaseExecutor.java:299)
	at com.kms.katalon.core.main.TestCaseExecutor.execute(TestCaseExecutor.java:233)
	at com.kms.katalon.core.main.TestSuiteExecutor.accessTestCaseMainPhase(TestSuiteExecutor.java:169)
	at com.kms.katalon.core.main.TestSuiteExecutor.accessTestSuiteMainPhase(TestSuiteExecutor.java:142)
	at com.kms.katalon.core.main.TestSuiteExecutor.execute(TestSuiteExecutor.java:91)
	at com.kms.katalon.core.main.TestCaseMain.startTestSuite(TestCaseMain.java:157)
	at com.kms.katalon.core.main.TestCaseMain$startTestSuite$0.call(Unknown Source)
	at TempTestSuite1571720266263.run(TempTestSuite1571720266263.groovy:36)
Caused by: com.kms.katalon.core.exception.StepFailedException: Failed to tap on element 'Object Repository/dynamic object/pickListItem_checkedTextView' (Root cause: org.openqa.selenium.WebDriverException: An unknown server-side error occurred while processing the command. Original error: Could not proxy. Proxy error: Could not proxy command to remote server. Original error: Error: socket hang up
Build info: version: '3.141.59', revision: 'e82be7d358', time: '2018-11-14T08:25:53'
System info: host: 'FATITQC15421L', ip: '10.7.8.178', os.name: 'Windows 10', os.arch: 'amd64', os.version: '10.0', java.version: '1.8.0_181'
Driver info: com.kms.katalon.core.appium.driver.SwipeableAndroidDriver
Capabilities {app: C:\Users\15421\git\ACCMe-Mo..., appPackage: com.outsystemsenterprise.ac..., appWaitActivity: com.*, autoGrantPermissions: true, automationName: uiautomator2, databaseEnabled: false, desired: {app: C:\Users\15421\git\ACCMe-Mo..., appWaitActivity: com.*, autoGrantPermissions: true, automationName: uiautomator2, deviceId: , deviceName: samsung SM-A505F (Android 9), fullReset: false, newCommandTimeout: 1800, noReset: true, platform: ANDROID, platformName: android, platformVersion: 9, resetKeyboard: true, systemPort: 60908, udid: RR8M30NJQJV, unicodeKeyboard: true}, deviceApiLevel: 28, deviceId: , deviceManufacturer: samsung, deviceModel: SM-A505F, deviceName: RR8M30NJQJV, deviceScreenDensity: 420, deviceScreenSize: 1080x2340, deviceUDID: RR8M30NJQJV, fullReset: false, javascriptEnabled: true, locationContextEnabled: false, networkConnectionEnabled: true, newCommandTimeout: 1800, noReset: true, pixelRatio: 2.625, platform: ANDROID, platformName: Android, platformVersion: 9, resetKeyboard: true, statBarHeight: 83, systemPort: 60908, takesScreenshot: true, udid: RR8M30NJQJV, unicodeKeyboard: true, viewportRect: {height: 2048, left: 0, top: 83, width: 1080}, warnings: {}, webStorageEnabled: false}
Session ID: b68dfa6e-ca36-4931-b0b5-58834159786a
	at org.openqa.selenium.remote.http.W3CHttpResponseCodec.createException(W3CHttpResponseCodec.java:187)
	at org.openqa.selenium.remote.http.W3CHttpResponseCodec.decode(W3CHttpResponseCodec.java:122)
	at org.openqa.selenium.remote.http.W3CHttpResponseCodec.decode(W3CHttpResponseCodec.java:49)
	at org.openqa.selenium.remote.HttpCommandExecutor.execute(HttpCommandExecutor.java:158)
	at io.appium.java_client.remote.AppiumCommandExecutor.execute(AppiumCommandExecutor.java:239)
	at org.openqa.selenium.remote.RemoteWebDriver.execute(RemoteWebDriver.java:552)
	at io.appium.java_client.DefaultGenericMobileDriver.execute(DefaultGenericMobileDriver.java:42)
	at io.appium.java_client.AppiumDriver.execute(AppiumDriver.java:1)
	at io.appium.java_client.android.AndroidDriver.execute(AndroidDriver.java:1)
	at com.kms.katalon.core.appium.driver.SwipeableAndroidDriver.execute(SwipeableAndroidDriver.java:1)
	at org.openqa.selenium.remote.RemoteWebElement.execute(RemoteWebElement.java:285)
	at io.appium.java_client.DefaultGenericMobileElement.execute(DefaultGenericMobileElement.java:45)
	at io.appium.java_client.MobileElement.execute(MobileElement.java:1)
	at io.appium.java_client.android.AndroidElement.execute(AndroidElement.java:1)
	at org.openqa.selenium.remote.RemoteWebElement.getLocation(RemoteWebElement.java:337)
	at org.openqa.selenium.WebElement$getLocation.call(Unknown Source)
	at com.kms.katalon.core.mobile.keyword.internal.MobileAbstractKeyword.findElement(MobileAbstractKeyword.groovy:86)
	at com.kms.katalon.core.mobile.keyword.builtin.TapKeyword$_tap_closure1.doCall(TapKeyword.groovy:76)
	at com.kms.katalon.core.mobile.keyword.builtin.TapKeyword$_tap_closure1.call(TapKeyword.groovy)
	at com.kms.katalon.core.mobile.keyword.internal.MobileKeywordMain.runKeyword(MobileKeywordMain.groovy:21)
	at com.kms.katalon.core.mobile.keyword.builtin.TapKeyword.tap(TapKeyword.groovy:86)
	at com.kms.katalon.core.mobile.keyword.builtin.TapKeyword.execute(TapKeyword.groovy:68)
	at com.kms.katalon.core.keyword.internal.KeywordExecutor.executeKeywordForPlatform(KeywordExecutor.groovy:60)
	at com.kms.katalon.core.mobile.keyword.MobileBuiltInKeywords.tap(MobileBuiltInKeywords.groovy:520)
	at com.kms.katalon.core.mobile.keyword.MobileBuiltInKeywords$tap$1.call(Unknown Source)
	at TC_Simulasi Kredit - MASTER FLOW.run(TC_Simulasi Kredit - MASTER FLOW:88)
	at com.kms.katalon.core.main.ScriptEngine.run(ScriptEngine.java:194)
	at com.kms.katalon.core.main.ScriptEngine.runScriptAsRawText(ScriptEngine.java:119)
	at com.kms.katalon.core.main.TestCaseExecutor.runScript(TestCaseExecutor.java:337)
	at com.kms.katalon.core.main.TestCaseExecutor.doExecute(TestCaseExecutor.java:328)
	at com.kms.katalon.core.main.TestCaseExecutor.processExecutionPhase(TestCaseExecutor.java:307)
	at com.kms.katalon.core.main.TestCaseExecutor.accessMainPhase(TestCaseExecutor.java:299)
	at com.kms.katalon.core.main.TestCaseExecutor.execute(TestCaseExecutor.java:233)
	at com.kms.katalon.core.main.TestCaseMain.runTestCase(TestCaseMain.java:114)
	at com.kms.katalon.core.keyword.builtin.CallTestCaseKeyword$_callTestCase_closure1.doCall(CallTestCaseKeyword.groovy:59)
	at com.kms.katalon.core.keyword.builtin.CallTestCaseKeyword$_callTestCase_closure1.call(CallTestCaseKeyword.groovy)
	at com.kms.katalon.core.keyword.internal.KeywordMain.runKeyword(KeywordMain.groovy:68)
	at com.kms.katalon.core.keyword.builtin.CallTestCaseKeyword.callTestCase(CallTestCaseKeyword.groovy:81)
	at com.kms.katalon.core.keyword.builtin.CallTestCaseKeyword.execute(CallTestCaseKeyword.groovy:44)
	at com.kms.katalon.core.keyword.internal.KeywordExecutor.executeKeywordForPlatform(KeywordExecutor.groovy:60)
	at com.kms.katalon.core.keyword.BuiltinKeywords.callTestCase(BuiltinKeywords.groovy:334)
	at TC_Data Entry.run(TC_Data Entry:21)
	at com.kms.katalon.core.main.ScriptEngine.run(ScriptEngine.java:194)
	at com.kms.katalon.core.main.ScriptEngine.runScriptAsRawText(ScriptEngine.java:119)
	at com.kms.katalon.core.main.TestCaseExecutor.runScript(TestCaseExecutor.java:337)
	at com.kms.katalon.core.main.TestCaseExecutor.doExecute(TestCaseExecutor.java:328)
	at com.kms.katalon.core.main.TestCaseExecutor.processExecutionPhase(TestCaseExecutor.java:307)
	at com.kms.katalon.core.main.TestCaseExecutor.accessMainPhase(TestCaseExecutor.java:299)
	at com.kms.katalon.core.main.TestCaseExecutor.execute(TestCaseExecutor.java:233)
	at com.kms.katalon.core.main.TestSuiteExecutor.accessTestCaseMainPhase(TestSuiteExecutor.java:169)
	at com.kms.katalon.core.main.TestSuiteExecutor.accessTestSuiteMainPhase(TestSuiteExecutor.java:142)
	at com.kms.katalon.core.main.TestSuiteExecutor.execute(TestSuiteExecutor.java:91)
	at com.kms.katalon.core.main.TestCaseMain.startTestSuite(TestCaseMain.java:157)
	at com.kms.katalon.core.main.TestCaseMain$startTestSuite$0.call(Unknown Source)
	at TempTestSuite1571720266263.run(TempTestSuite1571720266263.groovy:36)
)
	at com.kms.katalon.core.keyword.internal.KeywordMain.stepFailed(KeywordMain.groovy:50)
	at com.kms.katalon.core.mobile.keyword.internal.MobileKeywordMain.stepFailed(MobileKeywordMain.groovy:40)
	at com.kms.katalon.core.mobile.keyword.internal.MobileKeywordMain.runKeyword(MobileKeywordMain.groovy:23)
	at com.kms.katalon.core.mobile.keyword.builtin.TapKeyword.tap(TapKeyword.groovy:86)
	at com.kms.katalon.core.mobile.keyword.builtin.TapKeyword.execute(TapKeyword.groovy:68)
	at com.kms.katalon.core.keyword.internal.KeywordExecutor.executeKeywordForPlatform(KeywordExecutor.groovy:60)
	at com.kms.katalon.core.mobile.keyword.MobileBuiltInKeywords.tap(MobileBuiltInKeywords.groovy:520)
	at com.kms.katalon.core.mobile.keyword.MobileBuiltInKeywords$tap$1.call(Unknown Source)
	at TC_Simulasi Kredit - MASTER FLOW.run(TC_Simulasi Kredit - MASTER FLOW:88)
	at com.kms.katalon.core.main.ScriptEngine.run(ScriptEngine.java:194)
	at com.kms.katalon.core.main.ScriptEngine.runScriptAsRawText(ScriptEngine.java:119)
	at com.kms.katalon.core.main.TestCaseExecutor.runScript(TestCaseExecutor.java:337)
	at com.kms.katalon.core.main.TestCaseExecutor.doExecute(TestCaseExecutor.java:328)
	at com.kms.katalon.core.main.TestCaseExecutor.processExecutionPhase(TestCaseExecutor.java:307)
	at com.kms.katalon.core.main.TestCaseExecutor.accessMainPhase(TestCaseExecutor.java:299)
	at com.kms.katalon.core.main.TestCaseExecutor.execute(TestCaseExecutor.java:233)
	at com.kms.katalon.core.main.TestCaseMain.runTestCase(TestCaseMain.java:114)
	at com.kms.katalon.core.keyword.builtin.CallTestCaseKeyword$_callTestCase_closure1.doCall(CallTestCaseKeyword.groovy:59)
	... 20 more
Caused by: org.openqa.selenium.WebDriverException: An unknown server-side error occurred while processing the command. Original error: Could not proxy. Proxy error: Could not proxy command to remote server. Original error: Error: socket hang up
Build info: version: '3.141.59', revision: 'e82be7d358', time: '2018-11-14T08:25:53'
System info: host: 'FATITQC15421L', ip: '10.7.8.178', os.name: 'Windows 10', os.arch: 'amd64', os.version: '10.0', java.version: '1.8.0_181'
Driver info: com.kms.katalon.core.appium.driver.SwipeableAndroidDriver
Capabilities {app: C:\Users\15421\git\ACCMe-Mo..., appPackage: com.outsystemsenterprise.ac..., appWaitActivity: com.*, autoGrantPermissions: true, automationName: uiautomator2, databaseEnabled: false, desired: {app: C:\Users\15421\git\ACCMe-Mo..., appWaitActivity: com.*, autoGrantPermissions: true, automationName: uiautomator2, deviceId: , deviceName: samsung SM-A505F (Android 9), fullReset: false, newCommandTimeout: 1800, noReset: true, platform: ANDROID, platformName: android, platformVersion: 9, resetKeyboard: true, systemPort: 60908, udid: RR8M30NJQJV, unicodeKeyboard: true}, deviceApiLevel: 28, deviceId: , deviceManufacturer: samsung, deviceModel: SM-A505F, deviceName: RR8M30NJQJV, deviceScreenDensity: 420, deviceScreenSize: 1080x2340, deviceUDID: RR8M30NJQJV, fullReset: false, javascriptEnabled: true, locationContextEnabled: false, networkConnectionEnabled: true, newCommandTimeout: 1800, noReset: true, pixelRatio: 2.625, platform: ANDROID, platformName: Android, platformVersion: 9, resetKeyboard: true, statBarHeight: 83, systemPort: 60908, takesScreenshot: true, udid: RR8M30NJQJV, unicodeKeyboard: true, viewportRect: {height: 2048, left: 0, top: 83, width: 1080}, warnings: {}, webStorageEnabled: false}
Session ID: b68dfa6e-ca36-4931-b0b5-58834159786a
	at org.openqa.selenium.remote.http.W3CHttpResponseCodec.createException(W3CHttpResponseCodec.java:187)
	at org.openqa.selenium.remote.http.W3CHttpResponseCodec.decode(W3CHttpResponseCodec.java:122)
	at org.openqa.selenium.remote.http.W3CHttpResponseCodec.decode(W3CHttpResponseCodec.java:49)
	at org.openqa.selenium.remote.HttpCommandExecutor.execute(HttpCommandExecutor.java:158)
	at io.appium.java_client.remote.AppiumCommandExecutor.execute(AppiumCommandExecutor.java:239)
	at org.openqa.selenium.remote.RemoteWebDriver.execute(RemoteWebDriver.java:552)
	at io.appium.java_client.DefaultGenericMobileDriver.execute(DefaultGenericMobileDriver.java:42)
	at io.appium.java_client.AppiumDriver.execute(AppiumDriver.java:1)
	at io.appium.java_client.android.AndroidDriver.execute(AndroidDriver.java:1)
	at com.kms.katalon.core.appium.driver.SwipeableAndroidDriver.execute(SwipeableAndroidDriver.java:1)
	at org.openqa.selenium.remote.RemoteWebElement.execute(RemoteWebElement.java:285)
	at io.appium.java_client.DefaultGenericMobileElement.execute(DefaultGenericMobileElement.java:45)
	at io.appium.java_client.MobileElement.execute(MobileElement.java:1)
	at io.appium.java_client.android.AndroidElement.execute(AndroidElement.java:1)
	at org.openqa.selenium.remote.RemoteWebElement.getLocation(RemoteWebElement.java:337)
	at org.openqa.selenium.WebElement$getLocation.call(Unknown Source)
	at com.kms.katalon.core.mobile.keyword.internal.MobileAbstractKeyword.findElement(MobileAbstractKeyword.groovy:86)
	at com.kms.katalon.core.mobile.keyword.builtin.TapKeyword$_tap_closure1.doCall(TapKeyword.groovy:76)
	at com.kms.katalon.core.mobile.keyword.builtin.TapKeyword$_tap_closure1.call(TapKeyword.groovy)
	at com.kms.katalon.core.mobile.keyword.internal.MobileKeywordMain.runKeyword(MobileKeywordMain.groovy:21)
	... 35 more
)

2019-10-22 12:21:59 - [TEST_STEP][FAILED] - callTestCase(findTestCase("Data Entry/Simulasi Kredit/Simulasi Kredit - Asuransi/MASTER FLOW/TC_Asuransi - MASTER FLOW"), ["varAsuransi":varAsuransi, "varKodeWilayah":varKodeWilayah, "varTipeAsuransi":varTipeAsuransi, "varPenggunaanUnit":varPenggunaanUnit, ... ], STOP_ON_FAILURE): Unable to call Test Case 'Test Cases/Data Entry/Simulasi Kredit/Simulasi Kredit - Asuransi/MASTER FLOW/TC_Asuransi - MASTER FLOW' (Root cause: com.kms.katalon.core.exception.StepFailedException: Call Test Case 'Test Cases/Data Entry/Simulasi Kredit/Simulasi Kredit - Asuransi/MASTER FLOW/TC_Asuransi - MASTER FLOW' failed
	at com.kms.katalon.core.keyword.builtin.CallTestCaseKeyword$_callTestCase_closure1.doCall(CallTestCaseKeyword.groovy:63)
	at com.kms.katalon.core.keyword.builtin.CallTestCaseKeyword$_callTestCase_closure1.call(CallTestCaseKeyword.groovy)
	at com.kms.katalon.core.keyword.internal.KeywordMain.runKeyword(KeywordMain.groovy:68)
	at com.kms.katalon.core.keyword.builtin.CallTestCaseKeyword.callTestCase(CallTestCaseKeyword.groovy:81)
	at com.kms.katalon.core.keyword.builtin.CallTestCaseKeyword.execute(CallTestCaseKeyword.groovy:44)
	at com.kms.katalon.core.keyword.internal.KeywordExecutor.executeKeywordForPlatform(KeywordExecutor.groovy:60)
	at com.kms.katalon.core.keyword.BuiltinKeywords.callTestCase(BuiltinKeywords.groovy:334)
	at TC_Data Entry.run(TC_Data Entry:28)
	at com.kms.katalon.core.main.ScriptEngine.run(ScriptEngine.java:194)
	at com.kms.katalon.core.main.ScriptEngine.runScriptAsRawText(ScriptEngine.java:119)
	at com.kms.katalon.core.main.TestCaseExecutor.runScript(TestCaseExecutor.java:337)
	at com.kms.katalon.core.main.TestCaseExecutor.doExecute(TestCaseExecutor.java:328)
	at com.kms.katalon.core.main.TestCaseExecutor.processExecutionPhase(TestCaseExecutor.java:307)
	at com.kms.katalon.core.main.TestCaseExecutor.accessMainPhase(TestCaseExecutor.java:299)
	at com.kms.katalon.core.main.TestCaseExecutor.execute(TestCaseExecutor.java:233)
	at com.kms.katalon.core.main.TestSuiteExecutor.accessTestCaseMainPhase(TestSuiteExecutor.java:169)
	at com.kms.katalon.core.main.TestSuiteExecutor.accessTestSuiteMainPhase(TestSuiteExecutor.java:142)
	at com.kms.katalon.core.main.TestSuiteExecutor.execute(TestSuiteExecutor.java:91)
	at com.kms.katalon.core.main.TestCaseMain.startTestSuite(TestCaseMain.java:157)
	at com.kms.katalon.core.main.TestCaseMain$startTestSuite$0.call(Unknown Source)
	at TempTestSuite1571720266263.run(TempTestSuite1571720266263.groovy:36)
Caused by: com.kms.katalon.core.exception.StepFailedException: Failed to tap on element 'Object Repository/Simulasi Kredit/Simulasi Kredit - Asuransi/Asuransi_Tipe Asuransi Int' (Root cause: org.openqa.selenium.WebDriverException: An unknown server-side error occurred while processing the command. Original error: Could not proxy command to remote server. Original error: Error: socket hang up
Build info: version: '3.141.59', revision: 'e82be7d358', time: '2018-11-14T08:25:53'
System info: host: 'FATITQC15421L', ip: '10.7.8.178', os.name: 'Windows 10', os.arch: 'amd64', os.version: '10.0', java.version: '1.8.0_181'
Driver info: com.kms.katalon.core.appium.driver.SwipeableAndroidDriver
Capabilities {app: C:\Users\15421\git\ACCMe-Mo..., appPackage: com.outsystemsenterprise.ac..., appWaitActivity: com.*, autoGrantPermissions: true, automationName: uiautomator2, databaseEnabled: false, desired: {app: C:\Users\15421\git\ACCMe-Mo..., appWaitActivity: com.*, autoGrantPermissions: true, automationName: uiautomator2, deviceId: , deviceName: samsung SM-A505F (Android 9), fullReset: false, newCommandTimeout: 1800, noReset: true, platform: ANDROID, platformName: android, platformVersion: 9, resetKeyboard: true, systemPort: 60908, udid: RR8M30NJQJV, unicodeKeyboard: true}, deviceApiLevel: 28, deviceId: , deviceManufacturer: samsung, deviceModel: SM-A505F, deviceName: RR8M30NJQJV, deviceScreenDensity: 420, deviceScreenSize: 1080x2340, deviceUDID: RR8M30NJQJV, fullReset: false, javascriptEnabled: true, locationContextEnabled: false, networkConnectionEnabled: true, newCommandTimeout: 1800, noReset: true, pixelRatio: 2.625, platform: ANDROID, platformName: Android, platformVersion: 9, resetKeyboard: true, statBarHeight: 83, systemPort: 60908, takesScreenshot: true, udid: RR8M30NJQJV, unicodeKeyboard: true, viewportRect: {height: 2048, left: 0, top: 83, width: 1080}, warnings: {}, webStorageEnabled: false}
Session ID: b68dfa6e-ca36-4931-b0b5-58834159786a
	at org.openqa.selenium.remote.http.W3CHttpResponseCodec.createException(W3CHttpResponseCodec.java:187)
	at org.openqa.selenium.remote.http.W3CHttpResponseCodec.decode(W3CHttpResponseCodec.java:122)
	at org.openqa.selenium.remote.http.W3CHttpResponseCodec.decode(W3CHttpResponseCodec.java:49)
	at org.openqa.selenium.remote.HttpCommandExecutor.execute(HttpCommandExecutor.java:158)
	at io.appium.java_client.remote.AppiumCommandExecutor.execute(AppiumCommandExecutor.java:239)
	at org.openqa.selenium.remote.RemoteWebDriver.execute(RemoteWebDriver.java:552)
	at io.appium.java_client.DefaultGenericMobileDriver.execute(DefaultGenericMobileDriver.java:46)
	at io.appium.java_client.AppiumDriver.execute(AppiumDriver.java:1)
	at io.appium.java_client.android.AndroidDriver.execute(AndroidDriver.java:1)
	at com.kms.katalon.core.appium.driver.SwipeableAndroidDriver.execute(SwipeableAndroidDriver.java:1)
	at org.openqa.selenium.remote.RemoteWebDriver$RemoteWebDriverOptions$RemoteWindow.getSize(RemoteWebDriver.java:813)
	at org.openqa.selenium.WebDriver$Window$getSize.call(Unknown Source)
	at com.kms.katalon.core.mobile.keyword.internal.MobileAbstractKeyword.findElement(MobileAbstractKeyword.groovy:81)
	at com.kms.katalon.core.mobile.keyword.builtin.TapKeyword$_tap_closure1.doCall(TapKeyword.groovy:76)
	at com.kms.katalon.core.mobile.keyword.builtin.TapKeyword$_tap_closure1.call(TapKeyword.groovy)
	at com.kms.katalon.core.mobile.keyword.internal.MobileKeywordMain.runKeyword(MobileKeywordMain.groovy:21)
	at com.kms.katalon.core.mobile.keyword.builtin.TapKeyword.tap(TapKeyword.groovy:86)
	at com.kms.katalon.core.mobile.keyword.builtin.TapKeyword.execute(TapKeyword.groovy:68)
	at com.kms.katalon.core.keyword.internal.KeywordExecutor.executeKeywordForPlatform(KeywordExecutor.groovy:60)
	at com.kms.katalon.core.mobile.keyword.MobileBuiltInKeywords.tap(MobileBuiltInKeywords.groovy:520)
	at com.kms.katalon.core.mobile.keyword.MobileBuiltInKeywords$tap$1.call(Unknown Source)
	at TC_Asuransi - MASTER FLOW.run(TC_Asuransi - MASTER FLOW:19)
	at com.kms.katalon.core.main.ScriptEngine.run(ScriptEngine.java:194)
	at com.kms.katalon.core.main.ScriptEngine.runScriptAsRawText(ScriptEngine.java:119)
	at com.kms.katalon.core.main.TestCaseExecutor.runScript(TestCaseExecutor.java:337)
	at com.kms.katalon.core.main.TestCaseExecutor.doExecute(TestCaseExecutor.java:328)
	at com.kms.katalon.core.main.TestCaseExecutor.processExecutionPhase(TestCaseExecutor.java:307)
	at com.kms.katalon.core.main.TestCaseExecutor.accessMainPhase(TestCaseExecutor.java:299)
	at com.kms.katalon.core.main.TestCaseExecutor.execute(TestCaseExecutor.java:233)
	at com.kms.katalon.core.main.TestCaseMain.runTestCase(TestCaseMain.java:114)
	at com.kms.katalon.core.keyword.builtin.CallTestCaseKeyword$_callTestCase_closure1.doCall(CallTestCaseKeyword.groovy:59)
	at com.kms.katalon.core.keyword.builtin.CallTestCaseKeyword$_callTestCase_closure1.call(CallTestCaseKeyword.groovy)
	at com.kms.katalon.core.keyword.internal.KeywordMain.runKeyword(KeywordMain.groovy:68)
	at com.kms.katalon.core.keyword.builtin.CallTestCaseKeyword.callTestCase(CallTestCaseKeyword.groovy:81)
	at com.kms.katalon.core.keyword.builtin.CallTestCaseKeyword.execute(CallTestCaseKeyword.groovy:44)
	at com.kms.katalon.core.keyword.internal.KeywordExecutor.executeKeywordForPlatform(KeywordExecutor.groovy:60)
	at com.kms.katalon.core.keyword.BuiltinKeywords.callTestCase(BuiltinKeywords.groovy:334)
	at TC_Data Entry.run(TC_Data Entry:28)
	at com.kms.katalon.core.main.ScriptEngine.run(ScriptEngine.java:194)
	at com.kms.katalon.core.main.ScriptEngine.runScriptAsRawText(ScriptEngine.java:119)
	at com.kms.katalon.core.main.TestCaseExecutor.runScript(TestCaseExecutor.java:337)
	at com.kms.katalon.core.main.TestCaseExecutor.doExecute(TestCaseExecutor.java:328)
	at com.kms.katalon.core.main.TestCaseExecutor.processExecutionPhase(TestCaseExecutor.java:307)
	at com.kms.katalon.core.main.TestCaseExecutor.accessMainPhase(TestCaseExecutor.java:299)
	at com.kms.katalon.core.main.TestCaseExecutor.execute(TestCaseExecutor.java:233)
	at com.kms.katalon.core.main.TestSuiteExecutor.accessTestCaseMainPhase(TestSuiteExecutor.java:169)
	at com.kms.katalon.core.main.TestSuiteExecutor.accessTestSuiteMainPhase(TestSuiteExecutor.java:142)
	at com.kms.katalon.core.main.TestSuiteExecutor.execute(TestSuiteExecutor.java:91)
	at com.kms.katalon.core.main.TestCaseMain.startTestSuite(TestCaseMain.java:157)
	at com.kms.katalon.core.main.TestCaseMain$startTestSuite$0.call(Unknown Source)
	at TempTestSuite1571720266263.run(TempTestSuite1571720266263.groovy:36)
)
	at com.kms.katalon.core.keyword.internal.KeywordMain.stepFailed(KeywordMain.groovy:50)
	at com.kms.katalon.core.mobile.keyword.internal.MobileKeywordMain.stepFailed(MobileKeywordMain.groovy:40)
	at com.kms.katalon.core.mobile.keyword.internal.MobileKeywordMain.runKeyword(MobileKeywordMain.groovy:23)
	at com.kms.katalon.core.mobile.keyword.builtin.TapKeyword.tap(TapKeyword.groovy:86)
	at com.kms.katalon.core.mobile.keyword.builtin.TapKeyword.execute(TapKeyword.groovy:68)
	at com.kms.katalon.core.keyword.internal.KeywordExecutor.executeKeywordForPlatform(KeywordExecutor.groovy:60)
	at com.kms.katalon.core.mobile.keyword.MobileBuiltInKeywords.tap(MobileBuiltInKeywords.groovy:520)
	at com.kms.katalon.core.mobile.keyword.MobileBuiltInKeywords$tap$1.call(Unknown Source)
	at TC_Asuransi - MASTER FLOW.run(TC_Asuransi - MASTER FLOW:19)
	at com.kms.katalon.core.main.ScriptEngine.run(ScriptEngine.java:194)
	at com.kms.katalon.core.main.ScriptEngine.runScriptAsRawText(ScriptEngine.java:119)
	at com.kms.katalon.core.main.TestCaseExecutor.runScript(TestCaseExecutor.java:337)
	at com.kms.katalon.core.main.TestCaseExecutor.doExecute(TestCaseExecutor.java:328)
	at com.kms.katalon.core.main.TestCaseExecutor.processExecutionPhase(TestCaseExecutor.java:307)
	at com.kms.katalon.core.main.TestCaseExecutor.accessMainPhase(TestCaseExecutor.java:299)
	at com.kms.katalon.core.main.TestCaseExecutor.execute(TestCaseExecutor.java:233)
	at com.kms.katalon.core.main.TestCaseMain.runTestCase(TestCaseMain.java:114)
	at com.kms.katalon.core.keyword.builtin.CallTestCaseKeyword$_callTestCase_closure1.doCall(CallTestCaseKeyword.groovy:59)
	... 20 more
Caused by: org.openqa.selenium.WebDriverException: An unknown server-side error occurred while processing the command. Original error: Could not proxy command to remote server. Original error: Error: socket hang up
Build info: version: '3.141.59', revision: 'e82be7d358', time: '2018-11-14T08:25:53'
System info: host: 'FATITQC15421L', ip: '10.7.8.178', os.name: 'Windows 10', os.arch: 'amd64', os.version: '10.0', java.version: '1.8.0_181'
Driver info: com.kms.katalon.core.appium.driver.SwipeableAndroidDriver
Capabilities {app: C:\Users\15421\git\ACCMe-Mo..., appPackage: com.outsystemsenterprise.ac..., appWaitActivity: com.*, autoGrantPermissions: true, automationName: uiautomator2, databaseEnabled: false, desired: {app: C:\Users\15421\git\ACCMe-Mo..., appWaitActivity: com.*, autoGrantPermissions: true, automationName: uiautomator2, deviceId: , deviceName: samsung SM-A505F (Android 9), fullReset: false, newCommandTimeout: 1800, noReset: true, platform: ANDROID, platformName: android, platformVersion: 9, resetKeyboard: true, systemPort: 60908, udid: RR8M30NJQJV, unicodeKeyboard: true}, deviceApiLevel: 28, deviceId: , deviceManufacturer: samsung, deviceModel: SM-A505F, deviceName: RR8M30NJQJV, deviceScreenDensity: 420, deviceScreenSize: 1080x2340, deviceUDID: RR8M30NJQJV, fullReset: false, javascriptEnabled: true, locationContextEnabled: false, networkConnectionEnabled: true, newCommandTimeout: 1800, noReset: true, pixelRatio: 2.625, platform: ANDROID, platformName: Android, platformVersion: 9, resetKeyboard: true, statBarHeight: 83, systemPort: 60908, takesScreenshot: true, udid: RR8M30NJQJV, unicodeKeyboard: true, viewportRect: {height: 2048, left: 0, top: 83, width: 1080}, warnings: {}, webStorageEnabled: false}
Session ID: b68dfa6e-ca36-4931-b0b5-58834159786a
	at org.openqa.selenium.remote.http.W3CHttpResponseCodec.createException(W3CHttpResponseCodec.java:187)
	at org.openqa.selenium.remote.http.W3CHttpResponseCodec.decode(W3CHttpResponseCodec.java:122)
	at org.openqa.selenium.remote.http.W3CHttpResponseCodec.decode(W3CHttpResponseCodec.java:49)
	at org.openqa.selenium.remote.HttpCommandExecutor.execute(HttpCommandExecutor.java:158)
	at io.appium.java_client.remote.AppiumCommandExecutor.execute(AppiumCommandExecutor.java:239)
	at org.openqa.selenium.remote.RemoteWebDriver.execute(RemoteWebDriver.java:552)
	at io.appium.java_client.DefaultGenericMobileDriver.execute(DefaultGenericMobileDriver.java:46)
	at io.appium.java_client.AppiumDriver.execute(AppiumDriver.java:1)
	at io.appium.java_client.android.AndroidDriver.execute(AndroidDriver.java:1)
	at com.kms.katalon.core.appium.driver.SwipeableAndroidDriver.execute(SwipeableAndroidDriver.java:1)
	at org.openqa.selenium.remote.RemoteWebDriver$RemoteWebDriverOptions$RemoteWindow.getSize(RemoteWebDriver.java:813)
	at org.openqa.selenium.WebDriver$Window$getSize.call(Unknown Source)
	at com.kms.katalon.core.mobile.keyword.internal.MobileAbstractKeyword.findElement(MobileAbstractKeyword.groovy:81)
	at com.kms.katalon.core.mobile.keyword.builtin.TapKeyword$_tap_closure1.doCall(TapKeyword.groovy:76)
	at com.kms.katalon.core.mobile.keyword.builtin.TapKeyword$_tap_closure1.call(TapKeyword.groovy)
	at com.kms.katalon.core.mobile.keyword.internal.MobileKeywordMain.runKeyword(MobileKeywordMain.groovy:21)
	... 35 more
)

2019-10-22 12:21:59 - [TEST_CASE][FAILED] - Test Cases/Data Entry/Simulasi Kredit/Simulasi Kredit - Asuransi/MASTER FLOW/TC_Asuransi - MASTER FLOW: Test Cases/Data Entry/Simulasi Kredit/Simulasi Kredit - Asuransi/MASTER FLOW/TC_Asuransi - MASTER FLOW FAILED.
Reason:
com.kms.katalon.core.exception.StepFailedException: Failed to tap on element 'Object Repository/Simulasi Kredit/Simulasi Kredit - Asuransi/Asuransi_Tipe Asuransi Int' (Root cause: org.openqa.selenium.WebDriverException: An unknown server-side error occurred while processing the command. Original error: Could not proxy command to remote server. Original error: Error: socket hang up
Build info: version: '3.141.59', revision: 'e82be7d358', time: '2018-11-14T08:25:53'
System info: host: 'FATITQC15421L', ip: '10.7.8.178', os.name: 'Windows 10', os.arch: 'amd64', os.version: '10.0', java.version: '1.8.0_181'
Driver info: com.kms.katalon.core.appium.driver.SwipeableAndroidDriver
Capabilities {app: C:\Users\15421\git\ACCMe-Mo..., appPackage: com.outsystemsenterprise.ac..., appWaitActivity: com.*, autoGrantPermissions: true, automationName: uiautomator2, databaseEnabled: false, desired: {app: C:\Users\15421\git\ACCMe-Mo..., appWaitActivity: com.*, autoGrantPermissions: true, automationName: uiautomator2, deviceId: , deviceName: samsung SM-A505F (Android 9), fullReset: false, newCommandTimeout: 1800, noReset: true, platform: ANDROID, platformName: android, platformVersion: 9, resetKeyboard: true, systemPort: 60908, udid: RR8M30NJQJV, unicodeKeyboard: true}, deviceApiLevel: 28, deviceId: , deviceManufacturer: samsung, deviceModel: SM-A505F, deviceName: RR8M30NJQJV, deviceScreenDensity: 420, deviceScreenSize: 1080x2340, deviceUDID: RR8M30NJQJV, fullReset: false, javascriptEnabled: true, locationContextEnabled: false, networkConnectionEnabled: true, newCommandTimeout: 1800, noReset: true, pixelRatio: 2.625, platform: ANDROID, platformName: Android, platformVersion: 9, resetKeyboard: true, statBarHeight: 83, systemPort: 60908, takesScreenshot: true, udid: RR8M30NJQJV, unicodeKeyboard: true, viewportRect: {height: 2048, left: 0, top: 83, width: 1080}, warnings: {}, webStorageEnabled: false}
Session ID: b68dfa6e-ca36-4931-b0b5-58834159786a
	at org.openqa.selenium.remote.http.W3CHttpResponseCodec.createException(W3CHttpResponseCodec.java:187)
	at org.openqa.selenium.remote.http.W3CHttpResponseCodec.decode(W3CHttpResponseCodec.java:122)
	at org.openqa.selenium.remote.http.W3CHttpResponseCodec.decode(W3CHttpResponseCodec.java:49)
	at org.openqa.selenium.remote.HttpCommandExecutor.execute(HttpCommandExecutor.java:158)
	at io.appium.java_client.remote.AppiumCommandExecutor.execute(AppiumCommandExecutor.java:239)
	at org.openqa.selenium.remote.RemoteWebDriver.execute(RemoteWebDriver.java:552)
	at io.appium.java_client.DefaultGenericMobileDriver.execute(DefaultGenericMobileDriver.java:46)
	at io.appium.java_client.AppiumDriver.execute(AppiumDriver.java:1)
	at io.appium.java_client.android.AndroidDriver.execute(AndroidDriver.java:1)
	at com.kms.katalon.core.appium.driver.SwipeableAndroidDriver.execute(SwipeableAndroidDriver.java:1)
	at org.openqa.selenium.remote.RemoteWebDriver$RemoteWebDriverOptions$RemoteWindow.getSize(RemoteWebDriver.java:813)
	at org.openqa.selenium.WebDriver$Window$getSize.call(Unknown Source)
	at com.kms.katalon.core.mobile.keyword.internal.MobileAbstractKeyword.findElement(MobileAbstractKeyword.groovy:81)
	at com.kms.katalon.core.mobile.keyword.builtin.TapKeyword$_tap_closure1.doCall(TapKeyword.groovy:76)
	at com.kms.katalon.core.mobile.keyword.builtin.TapKeyword$_tap_closure1.call(TapKeyword.groovy)
	at com.kms.katalon.core.mobile.keyword.internal.MobileKeywordMain.runKeyword(MobileKeywordMain.groovy:21)
	at com.kms.katalon.core.mobile.keyword.builtin.TapKeyword.tap(TapKeyword.groovy:86)
	at com.kms.katalon.core.mobile.keyword.builtin.TapKeyword.execute(TapKeyword.groovy:68)
	at com.kms.katalon.core.keyword.internal.KeywordExecutor.executeKeywordForPlatform(KeywordExecutor.groovy:60)
	at com.kms.katalon.core.mobile.keyword.MobileBuiltInKeywords.tap(MobileBuiltInKeywords.groovy:520)
	at com.kms.katalon.core.mobile.keyword.MobileBuiltInKeywords$tap$1.call(Unknown Source)
	at TC_Asuransi - MASTER FLOW.run(TC_Asuransi - MASTER FLOW:19)
	at com.kms.katalon.core.main.ScriptEngine.run(ScriptEngine.java:194)
	at com.kms.katalon.core.main.ScriptEngine.runScriptAsRawText(ScriptEngine.java:119)
	at com.kms.katalon.core.main.TestCaseExecutor.runScript(TestCaseExecutor.java:337)
	at com.kms.katalon.core.main.TestCaseExecutor.doExecute(TestCaseExecutor.java:328)
	at com.kms.katalon.core.main.TestCaseExecutor.processExecutionPhase(TestCaseExecutor.java:307)
	at com.kms.katalon.core.main.TestCaseExecutor.accessMainPhase(TestCaseExecutor.java:299)
	at com.kms.katalon.core.main.TestCaseExecutor.execute(TestCaseExecutor.java:233)
	at com.kms.katalon.core.main.TestCaseMain.runTestCase(TestCaseMain.java:114)
	at com.kms.katalon.core.keyword.builtin.CallTestCaseKeyword$_callTestCase_closure1.doCall(CallTestCaseKeyword.groovy:59)
	at com.kms.katalon.core.keyword.builtin.CallTestCaseKeyword$_callTestCase_closure1.call(CallTestCaseKeyword.groovy)
	at com.kms.katalon.core.keyword.internal.KeywordMain.runKeyword(KeywordMain.groovy:68)
	at com.kms.katalon.core.keyword.builtin.CallTestCaseKeyword.callTestCase(CallTestCaseKeyword.groovy:81)
	at com.kms.katalon.core.keyword.builtin.CallTestCaseKeyword.execute(CallTestCaseKeyword.groovy:44)
	at com.kms.katalon.core.keyword.internal.KeywordExecutor.executeKeywordForPlatform(KeywordExecutor.groovy:60)
	at com.kms.katalon.core.keyword.BuiltinKeywords.callTestCase(BuiltinKeywords.groovy:334)
	at TC_Data Entry.run(TC_Data Entry:28)
	at com.kms.katalon.core.main.ScriptEngine.run(ScriptEngine.java:194)
	at com.kms.katalon.core.main.ScriptEngine.runScriptAsRawText(ScriptEngine.java:119)
	at com.kms.katalon.core.main.TestCaseExecutor.runScript(TestCaseExecutor.java:337)
	at com.kms.katalon.core.main.TestCaseExecutor.doExecute(TestCaseExecutor.java:328)
	at com.kms.katalon.core.main.TestCaseExecutor.processExecutionPhase(TestCaseExecutor.java:307)
	at com.kms.katalon.core.main.TestCaseExecutor.accessMainPhase(TestCaseExecutor.java:299)
	at com.kms.katalon.core.main.TestCaseExecutor.execute(TestCaseExecutor.java:233)
	at com.kms.katalon.core.main.TestSuiteExecutor.accessTestCaseMainPhase(TestSuiteExecutor.java:169)
	at com.kms.katalon.core.main.TestSuiteExecutor.accessTestSuiteMainPhase(TestSuiteExecutor.java:142)
	at com.kms.katalon.core.main.TestSuiteExecutor.execute(TestSuiteExecutor.java:91)
	at com.kms.katalon.core.main.TestCaseMain.startTestSuite(TestCaseMain.java:157)
	at com.kms.katalon.core.main.TestCaseMain$startTestSuite$0.call(Unknown Source)
	at TempTestSuite1571720266263.run(TempTestSuite1571720266263.groovy:36)
)
	at com.kms.katalon.core.keyword.internal.KeywordMain.stepFailed(KeywordMain.groovy:50)
	at com.kms.katalon.core.mobile.keyword.internal.MobileKeywordMain.stepFailed(MobileKeywordMain.groovy:40)
	at com.kms.katalon.core.mobile.keyword.internal.MobileKeywordMain.runKeyword(MobileKeywordMain.groovy:23)
	at com.kms.katalon.core.mobile.keyword.builtin.TapKeyword.tap(TapKeyword.groovy:86)
	at com.kms.katalon.core.mobile.keyword.builtin.TapKeyword.execute(TapKeyword.groovy:68)
	at com.kms.katalon.core.keyword.internal.KeywordExecutor.executeKeywordForPlatform(KeywordExecutor.groovy:60)
	at com.kms.katalon.core.mobile.keyword.MobileBuiltInKeywords.tap(MobileBuiltInKeywords.groovy:520)
	at com.kms.katalon.core.mobile.keyword.MobileBuiltInKeywords$tap$1.call(Unknown Source)
	at TC_Asuransi - MASTER FLOW.run(TC_Asuransi - MASTER FLOW:19)
	at com.kms.katalon.core.main.ScriptEngine.run(ScriptEngine.java:194)
	at com.kms.katalon.core.main.ScriptEngine.runScriptAsRawText(ScriptEngine.java:119)
	at com.kms.katalon.core.main.TestCaseExecutor.runScript(TestCaseExecutor.java:337)
	at com.kms.katalon.core.main.TestCaseExecutor.doExecute(TestCaseExecutor.java:328)
	at com.kms.katalon.core.main.TestCaseExecutor.processExecutionPhase(TestCaseExecutor.java:307)
	at com.kms.katalon.core.main.TestCaseExecutor.accessMainPhase(TestCaseExecutor.java:299)
	at com.kms.katalon.core.main.TestCaseExecutor.execute(TestCaseExecutor.java:233)
	at com.kms.katalon.core.main.TestCaseMain.runTestCase(TestCaseMain.java:114)
	at com.kms.katalon.core.keyword.builtin.CallTestCaseKeyword$_callTestCase_closure1.doCall(CallTestCaseKeyword.groovy:59)
	at com.kms.katalon.core.keyword.builtin.CallTestCaseKeyword$_callTestCase_closure1.call(CallTestCaseKeyword.groovy)
	at com.kms.katalon.core.keyword.internal.KeywordMain.runKeyword(KeywordMain.groovy:68)
	at com.kms.katalon.core.keyword.builtin.CallTestCaseKeyword.callTestCase(CallTestCaseKeyword.groovy:81)
	at com.kms.katalon.core.keyword.builtin.CallTestCaseKeyword.execute(CallTestCaseKeyword.groovy:44)
	at com.kms.katalon.core.keyword.internal.KeywordExecutor.executeKeywordForPlatform(KeywordExecutor.groovy:60)
	at com.kms.katalon.core.keyword.BuiltinKeywords.callTestCase(BuiltinKeywords.groovy:334)
	at TC_Data Entry.run(TC_Data Entry:28)
	at com.kms.katalon.core.main.ScriptEngine.run(ScriptEngine.java:194)
	at com.kms.katalon.core.main.ScriptEngine.runScriptAsRawText(ScriptEngine.java:119)
	at com.kms.katalon.core.main.TestCaseExecutor.runScript(TestCaseExecutor.java:337)
	at com.kms.katalon.core.main.TestCaseExecutor.doExecute(TestCaseExecutor.java:328)
	at com.kms.katalon.core.main.TestCaseExecutor.processExecutionPhase(TestCaseExecutor.java:307)
	at com.kms.katalon.core.main.TestCaseExecutor.accessMainPhase(TestCaseExecutor.java:299)
	at com.kms.katalon.core.main.TestCaseExecutor.execute(TestCaseExecutor.java:233)
	at com.kms.katalon.core.main.TestSuiteExecutor.accessTestCaseMainPhase(TestSuiteExecutor.java:169)
	at com.kms.katalon.core.main.TestSuiteExecutor.accessTestSuiteMainPhase(TestSuiteExecutor.java:142)
	at com.kms.katalon.core.main.TestSuiteExecutor.execute(TestSuiteExecutor.java:91)
	at com.kms.katalon.core.main.TestCaseMain.startTestSuite(TestCaseMain.java:157)
	at com.kms.katalon.core.main.TestCaseMain$startTestSuite$0.call(Unknown Source)
	at TempTestSuite1571720266263.run(TempTestSuite1571720266263.groovy:36)
Caused by: org.openqa.selenium.WebDriverException: An unknown server-side error occurred while processing the command. Original error: Could not proxy command to remote server. Original error: Error: socket hang up
Build info: version: '3.141.59', revision: 'e82be7d358', time: '2018-11-14T08:25:53'
System info: host: 'FATITQC15421L', ip: '10.7.8.178', os.name: 'Windows 10', os.arch: 'amd64', os.version: '10.0', java.version: '1.8.0_181'
Driver info: com.kms.katalon.core.appium.driver.SwipeableAndroidDriver
Capabilities {app: C:\Users\15421\git\ACCMe-Mo..., appPackage: com.outsystemsenterprise.ac..., appWaitActivity: com.*, autoGrantPermissions: true, automationName: uiautomator2, databaseEnabled: false, desired: {app: C:\Users\15421\git\ACCMe-Mo..., appWaitActivity: com.*, autoGrantPermissions: true, automationName: uiautomator2, deviceId: , deviceName: samsung SM-A505F (Android 9), fullReset: false, newCommandTimeout: 1800, noReset: true, platform: ANDROID, platformName: android, platformVersion: 9, resetKeyboard: true, systemPort: 60908, udid: RR8M30NJQJV, unicodeKeyboard: true}, deviceApiLevel: 28, deviceId: , deviceManufacturer: samsung, deviceModel: SM-A505F, deviceName: RR8M30NJQJV, deviceScreenDensity: 420, deviceScreenSize: 1080x2340, deviceUDID: RR8M30NJQJV, fullReset: false, javascriptEnabled: true, locationContextEnabled: false, networkConnectionEnabled: true, newCommandTimeout: 1800, noReset: true, pixelRatio: 2.625, platform: ANDROID, platformName: Android, platformVersion: 9, resetKeyboard: true, statBarHeight: 83, systemPort: 60908, takesScreenshot: true, udid: RR8M30NJQJV, unicodeKeyboard: true, viewportRect: {height: 2048, left: 0, top: 83, width: 1080}, warnings: {}, webStorageEnabled: false}
Session ID: b68dfa6e-ca36-4931-b0b5-58834159786a
	at org.openqa.selenium.remote.http.W3CHttpResponseCodec.createException(W3CHttpResponseCodec.java:187)
	at org.openqa.selenium.remote.http.W3CHttpResponseCodec.decode(W3CHttpResponseCodec.java:122)
	at org.openqa.selenium.remote.http.W3CHttpResponseCodec.decode(W3CHttpResponseCodec.java:49)
	at org.openqa.selenium.remote.HttpCommandExecutor.execute(HttpCommandExecutor.java:158)
	at io.appium.java_client.remote.AppiumCommandExecutor.execute(AppiumCommandExecutor.java:239)
	at org.openqa.selenium.remote.RemoteWebDriver.execute(RemoteWebDriver.java:552)
	at io.appium.java_client.DefaultGenericMobileDriver.execute(DefaultGenericMobileDriver.java:46)
	at io.appium.java_client.AppiumDriver.execute(AppiumDriver.java:1)
	at io.appium.java_client.android.AndroidDriver.execute(AndroidDriver.java:1)
	at com.kms.katalon.core.appium.driver.SwipeableAndroidDriver.execute(SwipeableAndroidDriver.java:1)
	at org.openqa.selenium.remote.RemoteWebDriver$RemoteWebDriverOptions$RemoteWindow.getSize(RemoteWebDriver.java:813)
	at org.openqa.selenium.WebDriver$Window$getSize.call(Unknown Source)
	at com.kms.katalon.core.mobile.keyword.internal.MobileAbstractKeyword.findElement(MobileAbstractKeyword.groovy:81)
	at com.kms.katalon.core.mobile.keyword.builtin.TapKeyword$_tap_closure1.doCall(TapKeyword.groovy:76)
	at com.kms.katalon.core.mobile.keyword.builtin.TapKeyword$_tap_closure1.call(TapKeyword.groovy)
	at com.kms.katalon.core.mobile.keyword.internal.MobileKeywordMain.runKeyword(MobileKeywordMain.groovy:21)
	... 35 more


2019-10-22 12:21:59 - [TEST_STEP][PASSED] - delay(2, STOP_ON_FAILURE): Delayed 2 second(s)

2019-10-22 12:22:01 - [MESSAGE][PASSED] - Delayed 2 second(s)

2019-10-22 12:22:01 - [TEST_STEP][FAILED] - if (varTipeAsuransi == "int"): Failed to tap on element 'Object Repository/Simulasi Kredit/Simulasi Kredit - Asuransi/Asuransi_Tipe Asuransi Int' (Root cause: org.openqa.selenium.WebDriverException: An unknown server-side error occurred while processing the command. Original error: Could not proxy command to remote server. Original error: Error: socket hang up
Build info: version: '3.141.59', revision: 'e82be7d358', time: '2018-11-14T08:25:53'
System info: host: 'FATITQC15421L', ip: '10.7.8.178', os.name: 'Windows 10', os.arch: 'amd64', os.version: '10.0', java.version: '1.8.0_181'
Driver info: com.kms.katalon.core.appium.driver.SwipeableAndroidDriver
Capabilities {app: C:\Users\15421\git\ACCMe-Mo..., appPackage: com.outsystemsenterprise.ac..., appWaitActivity: com.*, autoGrantPermissions: true, automationName: uiautomator2, databaseEnabled: false, desired: {app: C:\Users\15421\git\ACCMe-Mo..., appWaitActivity: com.*, autoGrantPermissions: true, automationName: uiautomator2, deviceId: , deviceName: samsung SM-A505F (Android 9), fullReset: false, newCommandTimeout: 1800, noReset: true, platform: ANDROID, platformName: android, platformVersion: 9, resetKeyboard: true, systemPort: 60908, udid: RR8M30NJQJV, unicodeKeyboard: true}, deviceApiLevel: 28, deviceId: , deviceManufacturer: samsung, deviceModel: SM-A505F, deviceName: RR8M30NJQJV, deviceScreenDensity: 420, deviceScreenSize: 1080x2340, deviceUDID: RR8M30NJQJV, fullReset: false, javascriptEnabled: true, locationContextEnabled: false, networkConnectionEnabled: true, newCommandTimeout: 1800, noReset: true, pixelRatio: 2.625, platform: ANDROID, platformName: Android, platformVersion: 9, resetKeyboard: true, statBarHeight: 83, systemPort: 60908, takesScreenshot: true, udid: RR8M30NJQJV, unicodeKeyboard: true, viewportRect: {height: 2048, left: 0, top: 83, width: 1080}, warnings: {}, webStorageEnabled: false}
Session ID: b68dfa6e-ca36-4931-b0b5-58834159786a
	at org.openqa.selenium.remote.http.W3CHttpResponseCodec.createException(W3CHttpResponseCodec.java:187)
	at org.openqa.selenium.remote.http.W3CHttpResponseCodec.decode(W3CHttpResponseCodec.java:122)
	at org.openqa.selenium.remote.http.W3CHttpResponseCodec.decode(W3CHttpResponseCodec.java:49)
	at org.openqa.selenium.remote.HttpCommandExecutor.execute(HttpCommandExecutor.java:158)
	at io.appium.java_client.remote.AppiumCommandExecutor.execute(AppiumCommandExecutor.java:239)
	at org.openqa.selenium.remote.RemoteWebDriver.execute(RemoteWebDriver.java:552)
	at io.appium.java_client.DefaultGenericMobileDriver.execute(DefaultGenericMobileDriver.java:46)
	at io.appium.java_client.AppiumDriver.execute(AppiumDriver.java:1)
	at io.appium.java_client.android.AndroidDriver.execute(AndroidDriver.java:1)
	at com.kms.katalon.core.appium.driver.SwipeableAndroidDriver.execute(SwipeableAndroidDriver.java:1)
	at org.openqa.selenium.remote.RemoteWebDriver$RemoteWebDriverOptions$RemoteWindow.getSize(RemoteWebDriver.java:813)
	at org.openqa.selenium.WebDriver$Window$getSize.call(Unknown Source)
	at com.kms.katalon.core.mobile.keyword.internal.MobileAbstractKeyword.findElement(MobileAbstractKeyword.groovy:81)
	at com.kms.katalon.core.mobile.keyword.builtin.TapKeyword$_tap_closure1.doCall(TapKeyword.groovy:76)
	at com.kms.katalon.core.mobile.keyword.builtin.TapKeyword$_tap_closure1.call(TapKeyword.groovy)
	at com.kms.katalon.core.mobile.keyword.internal.MobileKeywordMain.runKeyword(MobileKeywordMain.groovy:21)
	at com.kms.katalon.core.mobile.keyword.builtin.TapKeyword.tap(TapKeyword.groovy:86)
	at com.kms.katalon.core.mobile.keyword.builtin.TapKeyword.execute(TapKeyword.groovy:68)
	at com.kms.katalon.core.keyword.internal.KeywordExecutor.executeKeywordForPlatform(KeywordExecutor.groovy:60)
	at com.kms.katalon.core.mobile.keyword.MobileBuiltInKeywords.tap(MobileBuiltInKeywords.groovy:520)
	at com.kms.katalon.core.mobile.keyword.MobileBuiltInKeywords$tap$1.call(Unknown Source)
	at TC_Asuransi - MASTER FLOW.run(TC_Asuransi - MASTER FLOW:19)
	at com.kms.katalon.core.main.ScriptEngine.run(ScriptEngine.java:194)
	at com.kms.katalon.core.main.ScriptEngine.runScriptAsRawText(ScriptEngine.java:119)
	at com.kms.katalon.core.main.TestCaseExecutor.runScript(TestCaseExecutor.java:337)
	at com.kms.katalon.core.main.TestCaseExecutor.doExecute(TestCaseExecutor.java:328)
	at com.kms.katalon.core.main.TestCaseExecutor.processExecutionPhase(TestCaseExecutor.java:307)
	at com.kms.katalon.core.main.TestCaseExecutor.accessMainPhase(TestCaseExecutor.java:299)
	at com.kms.katalon.core.main.TestCaseExecutor.execute(TestCaseExecutor.java:233)
	at com.kms.katalon.core.main.TestCaseMain.runTestCase(TestCaseMain.java:114)
	at com.kms.katalon.core.keyword.builtin.CallTestCaseKeyword$_callTestCase_closure1.doCall(CallTestCaseKeyword.groovy:59)
	at com.kms.katalon.core.keyword.builtin.CallTestCaseKeyword$_callTestCase_closure1.call(CallTestCaseKeyword.groovy)
	at com.kms.katalon.core.keyword.internal.KeywordMain.runKeyword(KeywordMain.groovy:68)
	at com.kms.katalon.core.keyword.builtin.CallTestCaseKeyword.callTestCase(CallTestCaseKeyword.groovy:81)
	at com.kms.katalon.core.keyword.builtin.CallTestCaseKeyword.execute(CallTestCaseKeyword.groovy:44)
	at com.kms.katalon.core.keyword.internal.KeywordExecutor.executeKeywordForPlatform(KeywordExecutor.groovy:60)
	at com.kms.katalon.core.keyword.BuiltinKeywords.callTestCase(BuiltinKeywords.groovy:334)
	at TC_Data Entry.run(TC_Data Entry:28)
	at com.kms.katalon.core.main.ScriptEngine.run(ScriptEngine.java:194)
	at com.kms.katalon.core.main.ScriptEngine.runScriptAsRawText(ScriptEngine.java:119)
	at com.kms.katalon.core.main.TestCaseExecutor.runScript(TestCaseExecutor.java:337)
	at com.kms.katalon.core.main.TestCaseExecutor.doExecute(TestCaseExecutor.java:328)
	at com.kms.katalon.core.main.TestCaseExecutor.processExecutionPhase(TestCaseExecutor.java:307)
	at com.kms.katalon.core.main.TestCaseExecutor.accessMainPhase(TestCaseExecutor.java:299)
	at com.kms.katalon.core.main.TestCaseExecutor.execute(TestCaseExecutor.java:233)
	at com.kms.katalon.core.main.TestSuiteExecutor.accessTestCaseMainPhase(TestSuiteExecutor.java:169)
	at com.kms.katalon.core.main.TestSuiteExecutor.accessTestSuiteMainPhase(TestSuiteExecutor.java:142)
	at com.kms.katalon.core.main.TestSuiteExecutor.execute(TestSuiteExecutor.java:91)
	at com.kms.katalon.core.main.TestCaseMain.startTestSuite(TestCaseMain.java:157)
	at com.kms.katalon.core.main.TestCaseMain$startTestSuite$0.call(Unknown Source)
	at TempTestSuite1571720266263.run(TempTestSuite1571720266263.groovy:36)
)

2019-10-22 12:22:01 - [TEST_STEP][FAILED] - tap(findTestObject("Simulasi Kredit/Simulasi Kredit - Asuransi/Asuransi_Tipe Asuransi Int"), 0): Failed to tap on element 'Object Repository/Simulasi Kredit/Simulasi Kredit - Asuransi/Asuransi_Tipe Asuransi Int' (Root cause: org.openqa.selenium.WebDriverException: An unknown server-side error occurred while processing the command. Original error: Could not proxy command to remote server. Original error: Error: socket hang up
Build info: version: '3.141.59', revision: 'e82be7d358', time: '2018-11-14T08:25:53'
System info: host: 'FATITQC15421L', ip: '10.7.8.178', os.name: 'Windows 10', os.arch: 'amd64', os.version: '10.0', java.version: '1.8.0_181'
Driver info: com.kms.katalon.core.appium.driver.SwipeableAndroidDriver
Capabilities {app: C:\Users\15421\git\ACCMe-Mo..., appPackage: com.outsystemsenterprise.ac..., appWaitActivity: com.*, autoGrantPermissions: true, automationName: uiautomator2, databaseEnabled: false, desired: {app: C:\Users\15421\git\ACCMe-Mo..., appWaitActivity: com.*, autoGrantPermissions: true, automationName: uiautomator2, deviceId: , deviceName: samsung SM-A505F (Android 9), fullReset: false, newCommandTimeout: 1800, noReset: true, platform: ANDROID, platformName: android, platformVersion: 9, resetKeyboard: true, systemPort: 60908, udid: RR8M30NJQJV, unicodeKeyboard: true}, deviceApiLevel: 28, deviceId: , deviceManufacturer: samsung, deviceModel: SM-A505F, deviceName: RR8M30NJQJV, deviceScreenDensity: 420, deviceScreenSize: 1080x2340, deviceUDID: RR8M30NJQJV, fullReset: false, javascriptEnabled: true, locationContextEnabled: false, networkConnectionEnabled: true, newCommandTimeout: 1800, noReset: true, pixelRatio: 2.625, platform: ANDROID, platformName: Android, platformVersion: 9, resetKeyboard: true, statBarHeight: 83, systemPort: 60908, takesScreenshot: true, udid: RR8M30NJQJV, unicodeKeyboard: true, viewportRect: {height: 2048, left: 0, top: 83, width: 1080}, warnings: {}, webStorageEnabled: false}
Session ID: b68dfa6e-ca36-4931-b0b5-58834159786a
	at org.openqa.selenium.remote.http.W3CHttpResponseCodec.createException(W3CHttpResponseCodec.java:187)
	at org.openqa.selenium.remote.http.W3CHttpResponseCodec.decode(W3CHttpResponseCodec.java:122)
	at org.openqa.selenium.remote.http.W3CHttpResponseCodec.decode(W3CHttpResponseCodec.java:49)
	at org.openqa.selenium.remote.HttpCommandExecutor.execute(HttpCommandExecutor.java:158)
	at io.appium.java_client.remote.AppiumCommandExecutor.execute(AppiumCommandExecutor.java:239)
	at org.openqa.selenium.remote.RemoteWebDriver.execute(RemoteWebDriver.java:552)
	at io.appium.java_client.DefaultGenericMobileDriver.execute(DefaultGenericMobileDriver.java:46)
	at io.appium.java_client.AppiumDriver.execute(AppiumDriver.java:1)
	at io.appium.java_client.android.AndroidDriver.execute(AndroidDriver.java:1)
	at com.kms.katalon.core.appium.driver.SwipeableAndroidDriver.execute(SwipeableAndroidDriver.java:1)
	at org.openqa.selenium.remote.RemoteWebDriver$RemoteWebDriverOptions$RemoteWindow.getSize(RemoteWebDriver.java:813)
	at org.openqa.selenium.WebDriver$Window$getSize.call(Unknown Source)
	at com.kms.katalon.core.mobile.keyword.internal.MobileAbstractKeyword.findElement(MobileAbstractKeyword.groovy:81)
	at com.kms.katalon.core.mobile.keyword.builtin.TapKeyword$_tap_closure1.doCall(TapKeyword.groovy:76)
	at com.kms.katalon.core.mobile.keyword.builtin.TapKeyword$_tap_closure1.call(TapKeyword.groovy)
	at com.kms.katalon.core.mobile.keyword.internal.MobileKeywordMain.runKeyword(MobileKeywordMain.groovy:21)
	at com.kms.katalon.core.mobile.keyword.builtin.TapKeyword.tap(TapKeyword.groovy:86)
	at com.kms.katalon.core.mobile.keyword.builtin.TapKeyword.execute(TapKeyword.groovy:68)
	at com.kms.katalon.core.keyword.internal.KeywordExecutor.executeKeywordForPlatform(KeywordExecutor.groovy:60)
	at com.kms.katalon.core.mobile.keyword.MobileBuiltInKeywords.tap(MobileBuiltInKeywords.groovy:520)
	at com.kms.katalon.core.mobile.keyword.MobileBuiltInKeywords$tap$1.call(Unknown Source)
	at TC_Asuransi - MASTER FLOW.run(TC_Asuransi - MASTER FLOW:19)
	at com.kms.katalon.core.main.ScriptEngine.run(ScriptEngine.java:194)
	at com.kms.katalon.core.main.ScriptEngine.runScriptAsRawText(ScriptEngine.java:119)
	at com.kms.katalon.core.main.TestCaseExecutor.runScript(TestCaseExecutor.java:337)
	at com.kms.katalon.core.main.TestCaseExecutor.doExecute(TestCaseExecutor.java:328)
	at com.kms.katalon.core.main.TestCaseExecutor.processExecutionPhase(TestCaseExecutor.java:307)
	at com.kms.katalon.core.main.TestCaseExecutor.accessMainPhase(TestCaseExecutor.java:299)
	at com.kms.katalon.core.main.TestCaseExecutor.execute(TestCaseExecutor.java:233)
	at com.kms.katalon.core.main.TestCaseMain.runTestCase(TestCaseMain.java:114)
	at com.kms.katalon.core.keyword.builtin.CallTestCaseKeyword$_callTestCase_closure1.doCall(CallTestCaseKeyword.groovy:59)
	at com.kms.katalon.core.keyword.builtin.CallTestCaseKeyword$_callTestCase_closure1.call(CallTestCaseKeyword.groovy)
	at com.kms.katalon.core.keyword.internal.KeywordMain.runKeyword(KeywordMain.groovy:68)
	at com.kms.katalon.core.keyword.builtin.CallTestCaseKeyword.callTestCase(CallTestCaseKeyword.groovy:81)
	at com.kms.katalon.core.keyword.builtin.CallTestCaseKeyword.execute(CallTestCaseKeyword.groovy:44)
	at com.kms.katalon.core.keyword.internal.KeywordExecutor.executeKeywordForPlatform(KeywordExecutor.groovy:60)
	at com.kms.katalon.core.keyword.BuiltinKeywords.callTestCase(BuiltinKeywords.groovy:334)
	at TC_Data Entry.run(TC_Data Entry:28)
	at com.kms.katalon.core.main.ScriptEngine.run(ScriptEngine.java:194)
	at com.kms.katalon.core.main.ScriptEngine.runScriptAsRawText(ScriptEngine.java:119)
	at com.kms.katalon.core.main.TestCaseExecutor.runScript(TestCaseExecutor.java:337)
	at com.kms.katalon.core.main.TestCaseExecutor.doExecute(TestCaseExecutor.java:328)
	at com.kms.katalon.core.main.TestCaseExecutor.processExecutionPhase(TestCaseExecutor.java:307)
	at com.kms.katalon.core.main.TestCaseExecutor.accessMainPhase(TestCaseExecutor.java:299)
	at com.kms.katalon.core.main.TestCaseExecutor.execute(TestCaseExecutor.java:233)
	at com.kms.katalon.core.main.TestSuiteExecutor.accessTestCaseMainPhase(TestSuiteExecutor.java:169)
	at com.kms.katalon.core.main.TestSuiteExecutor.accessTestSuiteMainPhase(TestSuiteExecutor.java:142)
	at com.kms.katalon.core.main.TestSuiteExecutor.execute(TestSuiteExecutor.java:91)
	at com.kms.katalon.core.main.TestCaseMain.startTestSuite(TestCaseMain.java:157)
	at com.kms.katalon.core.main.TestCaseMain$startTestSuite$0.call(Unknown Source)
	at TempTestSuite1571720266263.run(TempTestSuite1571720266263.groovy:36)
)

2019-10-22 12:22:02 - [MESSAGE][WARNING] - Timeout '0' is invalid. Using default page load timeout: '30'

2019-10-22 12:22:02 - [MESSAGE][WARNING] - Cannot take screenshot

2019-10-22 12:22:02 - [MESSAGE][FAILED] - Failed to tap on element 'Object Repository/Simulasi Kredit/Simulasi Kredit - Asuransi/Asuransi_Tipe Asuransi Int' (Root cause: org.openqa.selenium.WebDriverException: An unknown server-side error occurred while processing the command. Original error: Could not proxy command to remote server. Original error: Error: socket hang up
Build info: version: '3.141.59', revision: 'e82be7d358', time: '2018-11-14T08:25:53'
System info: host: 'FATITQC15421L', ip: '10.7.8.178', os.name: 'Windows 10', os.arch: 'amd64', os.version: '10.0', java.version: '1.8.0_181'
Driver info: com.kms.katalon.core.appium.driver.SwipeableAndroidDriver
Capabilities {app: C:\Users\15421\git\ACCMe-Mo..., appPackage: com.outsystemsenterprise.ac..., appWaitActivity: com.*, autoGrantPermissions: true, automationName: uiautomator2, databaseEnabled: false, desired: {app: C:\Users\15421\git\ACCMe-Mo..., appWaitActivity: com.*, autoGrantPermissions: true, automationName: uiautomator2, deviceId: , deviceName: samsung SM-A505F (Android 9), fullReset: false, newCommandTimeout: 1800, noReset: true, platform: ANDROID, platformName: android, platformVersion: 9, resetKeyboard: true, systemPort: 60908, udid: RR8M30NJQJV, unicodeKeyboard: true}, deviceApiLevel: 28, deviceId: , deviceManufacturer: samsung, deviceModel: SM-A505F, deviceName: RR8M30NJQJV, deviceScreenDensity: 420, deviceScreenSize: 1080x2340, deviceUDID: RR8M30NJQJV, fullReset: false, javascriptEnabled: true, locationContextEnabled: false, networkConnectionEnabled: true, newCommandTimeout: 1800, noReset: true, pixelRatio: 2.625, platform: ANDROID, platformName: Android, platformVersion: 9, resetKeyboard: true, statBarHeight: 83, systemPort: 60908, takesScreenshot: true, udid: RR8M30NJQJV, unicodeKeyboard: true, viewportRect: {height: 2048, left: 0, top: 83, width: 1080}, warnings: {}, webStorageEnabled: false}
Session ID: b68dfa6e-ca36-4931-b0b5-58834159786a
	at org.openqa.selenium.remote.http.W3CHttpResponseCodec.createException(W3CHttpResponseCodec.java:187)
	at org.openqa.selenium.remote.http.W3CHttpResponseCodec.decode(W3CHttpResponseCodec.java:122)
	at org.openqa.selenium.remote.http.W3CHttpResponseCodec.decode(W3CHttpResponseCodec.java:49)
	at org.openqa.selenium.remote.HttpCommandExecutor.execute(HttpCommandExecutor.java:158)
	at io.appium.java_client.remote.AppiumCommandExecutor.execute(AppiumCommandExecutor.java:239)
	at org.openqa.selenium.remote.RemoteWebDriver.execute(RemoteWebDriver.java:552)
	at io.appium.java_client.DefaultGenericMobileDriver.execute(DefaultGenericMobileDriver.java:46)
	at io.appium.java_client.AppiumDriver.execute(AppiumDriver.java:1)
	at io.appium.java_client.android.AndroidDriver.execute(AndroidDriver.java:1)
	at com.kms.katalon.core.appium.driver.SwipeableAndroidDriver.execute(SwipeableAndroidDriver.java:1)
	at org.openqa.selenium.remote.RemoteWebDriver$RemoteWebDriverOptions$RemoteWindow.getSize(RemoteWebDriver.java:813)
	at org.openqa.selenium.WebDriver$Window$getSize.call(Unknown Source)
	at com.kms.katalon.core.mobile.keyword.internal.MobileAbstractKeyword.findElement(MobileAbstractKeyword.groovy:81)
	at com.kms.katalon.core.mobile.keyword.builtin.TapKeyword$_tap_closure1.doCall(TapKeyword.groovy:76)
	at com.kms.katalon.core.mobile.keyword.builtin.TapKeyword$_tap_closure1.call(TapKeyword.groovy)
	at com.kms.katalon.core.mobile.keyword.internal.MobileKeywordMain.runKeyword(MobileKeywordMain.groovy:21)
	at com.kms.katalon.core.mobile.keyword.builtin.TapKeyword.tap(TapKeyword.groovy:86)
	at com.kms.katalon.core.mobile.keyword.builtin.TapKeyword.execute(TapKeyword.groovy:68)
	at com.kms.katalon.core.keyword.internal.KeywordExecutor.executeKeywordForPlatform(KeywordExecutor.groovy:60)
	at com.kms.katalon.core.mobile.keyword.MobileBuiltInKeywords.tap(MobileBuiltInKeywords.groovy:520)
	at com.kms.katalon.core.mobile.keyword.MobileBuiltInKeywords$tap$1.call(Unknown Source)
	at TC_Asuransi - MASTER FLOW.run(TC_Asuransi - MASTER FLOW:19)
	at com.kms.katalon.core.main.ScriptEngine.run(ScriptEngine.java:194)
	at com.kms.katalon.core.main.ScriptEngine.runScriptAsRawText(ScriptEngine.java:119)
	at com.kms.katalon.core.main.TestCaseExecutor.runScript(TestCaseExecutor.java:337)
	at com.kms.katalon.core.main.TestCaseExecutor.doExecute(TestCaseExecutor.java:328)
	at com.kms.katalon.core.main.TestCaseExecutor.processExecutionPhase(TestCaseExecutor.java:307)
	at com.kms.katalon.core.main.TestCaseExecutor.accessMainPhase(TestCaseExecutor.java:299)
	at com.kms.katalon.core.main.TestCaseExecutor.execute(TestCaseExecutor.java:233)
	at com.kms.katalon.core.main.TestCaseMain.runTestCase(TestCaseMain.java:114)
	at com.kms.katalon.core.keyword.builtin.CallTestCaseKeyword$_callTestCase_closure1.doCall(CallTestCaseKeyword.groovy:59)
	at com.kms.katalon.core.keyword.builtin.CallTestCaseKeyword$_callTestCase_closure1.call(CallTestCaseKeyword.groovy)
	at com.kms.katalon.core.keyword.internal.KeywordMain.runKeyword(KeywordMain.groovy:68)
	at com.kms.katalon.core.keyword.builtin.CallTestCaseKeyword.callTestCase(CallTestCaseKeyword.groovy:81)
	at com.kms.katalon.core.keyword.builtin.CallTestCaseKeyword.execute(CallTestCaseKeyword.groovy:44)
	at com.kms.katalon.core.keyword.internal.KeywordExecutor.executeKeywordForPlatform(KeywordExecutor.groovy:60)
	at com.kms.katalon.core.keyword.BuiltinKeywords.callTestCase(BuiltinKeywords.groovy:334)
	at TC_Data Entry.run(TC_Data Entry:28)
	at com.kms.katalon.core.main.ScriptEngine.run(ScriptEngine.java:194)
	at com.kms.katalon.core.main.ScriptEngine.runScriptAsRawText(ScriptEngine.java:119)
	at com.kms.katalon.core.main.TestCaseExecutor.runScript(TestCaseExecutor.java:337)
	at com.kms.katalon.core.main.TestCaseExecutor.doExecute(TestCaseExecutor.java:328)
	at com.kms.katalon.core.main.TestCaseExecutor.processExecutionPhase(TestCaseExecutor.java:307)
	at com.kms.katalon.core.main.TestCaseExecutor.accessMainPhase(TestCaseExecutor.java:299)
	at com.kms.katalon.core.main.TestCaseExecutor.execute(TestCaseExecutor.java:233)
	at com.kms.katalon.core.main.TestSuiteExecutor.accessTestCaseMainPhase(TestSuiteExecutor.java:169)
	at com.kms.katalon.core.main.TestSuiteExecutor.accessTestSuiteMainPhase(TestSuiteExecutor.java:142)
	at com.kms.katalon.core.main.TestSuiteExecutor.execute(TestSuiteExecutor.java:91)
	at com.kms.katalon.core.main.TestCaseMain.startTestSuite(TestCaseMain.java:157)
	at com.kms.katalon.core.main.TestCaseMain$startTestSuite$0.call(Unknown Source)
	at TempTestSuite1571720266263.run(TempTestSuite1571720266263.groovy:36)
)

2019-10-22 12:22:02 - [MESSAGE][FAILED] - Unable to call Test Case 'Test Cases/Data Entry/Simulasi Kredit/Simulasi Kredit - Asuransi/MASTER FLOW/TC_Asuransi - MASTER FLOW' (Root cause: com.kms.katalon.core.exception.StepFailedException: Call Test Case 'Test Cases/Data Entry/Simulasi Kredit/Simulasi Kredit - Asuransi/MASTER FLOW/TC_Asuransi - MASTER FLOW' failed
	at com.kms.katalon.core.keyword.builtin.CallTestCaseKeyword$_callTestCase_closure1.doCall(CallTestCaseKeyword.groovy:63)
	at com.kms.katalon.core.keyword.builtin.CallTestCaseKeyword$_callTestCase_closure1.call(CallTestCaseKeyword.groovy)
	at com.kms.katalon.core.keyword.internal.KeywordMain.runKeyword(KeywordMain.groovy:68)
	at com.kms.katalon.core.keyword.builtin.CallTestCaseKeyword.callTestCase(CallTestCaseKeyword.groovy:81)
	at com.kms.katalon.core.keyword.builtin.CallTestCaseKeyword.execute(CallTestCaseKeyword.groovy:44)
	at com.kms.katalon.core.keyword.internal.KeywordExecutor.executeKeywordForPlatform(KeywordExecutor.groovy:60)
	at com.kms.katalon.core.keyword.BuiltinKeywords.callTestCase(BuiltinKeywords.groovy:334)
	at TC_Data Entry.run(TC_Data Entry:28)
	at com.kms.katalon.core.main.ScriptEngine.run(ScriptEngine.java:194)
	at com.kms.katalon.core.main.ScriptEngine.runScriptAsRawText(ScriptEngine.java:119)
	at com.kms.katalon.core.main.TestCaseExecutor.runScript(TestCaseExecutor.java:337)
	at com.kms.katalon.core.main.TestCaseExecutor.doExecute(TestCaseExecutor.java:328)
	at com.kms.katalon.core.main.TestCaseExecutor.processExecutionPhase(TestCaseExecutor.java:307)
	at com.kms.katalon.core.main.TestCaseExecutor.accessMainPhase(TestCaseExecutor.java:299)
	at com.kms.katalon.core.main.TestCaseExecutor.execute(TestCaseExecutor.java:233)
	at com.kms.katalon.core.main.TestSuiteExecutor.accessTestCaseMainPhase(TestSuiteExecutor.java:169)
	at com.kms.katalon.core.main.TestSuiteExecutor.accessTestSuiteMainPhase(TestSuiteExecutor.java:142)
	at com.kms.katalon.core.main.TestSuiteExecutor.execute(TestSuiteExecutor.java:91)
	at com.kms.katalon.core.main.TestCaseMain.startTestSuite(TestCaseMain.java:157)
	at com.kms.katalon.core.main.TestCaseMain$startTestSuite$0.call(Unknown Source)
	at TempTestSuite1571720266263.run(TempTestSuite1571720266263.groovy:36)
Caused by: com.kms.katalon.core.exception.StepFailedException: Failed to tap on element 'Object Repository/Simulasi Kredit/Simulasi Kredit - Asuransi/Asuransi_Tipe Asuransi Int' (Root cause: org.openqa.selenium.WebDriverException: An unknown server-side error occurred while processing the command. Original error: Could not proxy command to remote server. Original error: Error: socket hang up
Build info: version: '3.141.59', revision: 'e82be7d358', time: '2018-11-14T08:25:53'
System info: host: 'FATITQC15421L', ip: '10.7.8.178', os.name: 'Windows 10', os.arch: 'amd64', os.version: '10.0', java.version: '1.8.0_181'
Driver info: com.kms.katalon.core.appium.driver.SwipeableAndroidDriver
Capabilities {app: C:\Users\15421\git\ACCMe-Mo..., appPackage: com.outsystemsenterprise.ac..., appWaitActivity: com.*, autoGrantPermissions: true, automationName: uiautomator2, databaseEnabled: false, desired: {app: C:\Users\15421\git\ACCMe-Mo..., appWaitActivity: com.*, autoGrantPermissions: true, automationName: uiautomator2, deviceId: , deviceName: samsung SM-A505F (Android 9), fullReset: false, newCommandTimeout: 1800, noReset: true, platform: ANDROID, platformName: android, platformVersion: 9, resetKeyboard: true, systemPort: 60908, udid: RR8M30NJQJV, unicodeKeyboard: true}, deviceApiLevel: 28, deviceId: , deviceManufacturer: samsung, deviceModel: SM-A505F, deviceName: RR8M30NJQJV, deviceScreenDensity: 420, deviceScreenSize: 1080x2340, deviceUDID: RR8M30NJQJV, fullReset: false, javascriptEnabled: true, locationContextEnabled: false, networkConnectionEnabled: true, newCommandTimeout: 1800, noReset: true, pixelRatio: 2.625, platform: ANDROID, platformName: Android, platformVersion: 9, resetKeyboard: true, statBarHeight: 83, systemPort: 60908, takesScreenshot: true, udid: RR8M30NJQJV, unicodeKeyboard: true, viewportRect: {height: 2048, left: 0, top: 83, width: 1080}, warnings: {}, webStorageEnabled: false}
Session ID: b68dfa6e-ca36-4931-b0b5-58834159786a
	at org.openqa.selenium.remote.http.W3CHttpResponseCodec.createException(W3CHttpResponseCodec.java:187)
	at org.openqa.selenium.remote.http.W3CHttpResponseCodec.decode(W3CHttpResponseCodec.java:122)
	at org.openqa.selenium.remote.http.W3CHttpResponseCodec.decode(W3CHttpResponseCodec.java:49)
	at org.openqa.selenium.remote.HttpCommandExecutor.execute(HttpCommandExecutor.java:158)
	at io.appium.java_client.remote.AppiumCommandExecutor.execute(AppiumCommandExecutor.java:239)
	at org.openqa.selenium.remote.RemoteWebDriver.execute(RemoteWebDriver.java:552)
	at io.appium.java_client.DefaultGenericMobileDriver.execute(DefaultGenericMobileDriver.java:46)
	at io.appium.java_client.AppiumDriver.execute(AppiumDriver.java:1)
	at io.appium.java_client.android.AndroidDriver.execute(AndroidDriver.java:1)
	at com.kms.katalon.core.appium.driver.SwipeableAndroidDriver.execute(SwipeableAndroidDriver.java:1)
	at org.openqa.selenium.remote.RemoteWebDriver$RemoteWebDriverOptions$RemoteWindow.getSize(RemoteWebDriver.java:813)
	at org.openqa.selenium.WebDriver$Window$getSize.call(Unknown Source)
	at com.kms.katalon.core.mobile.keyword.internal.MobileAbstractKeyword.findElement(MobileAbstractKeyword.groovy:81)
	at com.kms.katalon.core.mobile.keyword.builtin.TapKeyword$_tap_closure1.doCall(TapKeyword.groovy:76)
	at com.kms.katalon.core.mobile.keyword.builtin.TapKeyword$_tap_closure1.call(TapKeyword.groovy)
	at com.kms.katalon.core.mobile.keyword.internal.MobileKeywordMain.runKeyword(MobileKeywordMain.groovy:21)
	at com.kms.katalon.core.mobile.keyword.builtin.TapKeyword.tap(TapKeyword.groovy:86)
	at com.kms.katalon.core.mobile.keyword.builtin.TapKeyword.execute(TapKeyword.groovy:68)
	at com.kms.katalon.core.keyword.internal.KeywordExecutor.executeKeywordForPlatform(KeywordExecutor.groovy:60)
	at com.kms.katalon.core.mobile.keyword.MobileBuiltInKeywords.tap(MobileBuiltInKeywords.groovy:520)
	at com.kms.katalon.core.mobile.keyword.MobileBuiltInKeywords$tap$1.call(Unknown Source)
	at TC_Asuransi - MASTER FLOW.run(TC_Asuransi - MASTER FLOW:19)
	at com.kms.katalon.core.main.ScriptEngine.run(ScriptEngine.java:194)
	at com.kms.katalon.core.main.ScriptEngine.runScriptAsRawText(ScriptEngine.java:119)
	at com.kms.katalon.core.main.TestCaseExecutor.runScript(TestCaseExecutor.java:337)
	at com.kms.katalon.core.main.TestCaseExecutor.doExecute(TestCaseExecutor.java:328)
	at com.kms.katalon.core.main.TestCaseExecutor.processExecutionPhase(TestCaseExecutor.java:307)
	at com.kms.katalon.core.main.TestCaseExecutor.accessMainPhase(TestCaseExecutor.java:299)
	at com.kms.katalon.core.main.TestCaseExecutor.execute(TestCaseExecutor.java:233)
	at com.kms.katalon.core.main.TestCaseMain.runTestCase(TestCaseMain.java:114)
	at com.kms.katalon.core.keyword.builtin.CallTestCaseKeyword$_callTestCase_closure1.doCall(CallTestCaseKeyword.groovy:59)
	at com.kms.katalon.core.keyword.builtin.CallTestCaseKeyword$_callTestCase_closure1.call(CallTestCaseKeyword.groovy)
	at com.kms.katalon.core.keyword.internal.KeywordMain.runKeyword(KeywordMain.groovy:68)
	at com.kms.katalon.core.keyword.builtin.CallTestCaseKeyword.callTestCase(CallTestCaseKeyword.groovy:81)
	at com.kms.katalon.core.keyword.builtin.CallTestCaseKeyword.execute(CallTestCaseKeyword.groovy:44)
	at com.kms.katalon.core.keyword.internal.KeywordExecutor.executeKeywordForPlatform(KeywordExecutor.groovy:60)
	at com.kms.katalon.core.keyword.BuiltinKeywords.callTestCase(BuiltinKeywords.groovy:334)
	at TC_Data Entry.run(TC_Data Entry:28)
	at com.kms.katalon.core.main.ScriptEngine.run(ScriptEngine.java:194)
	at com.kms.katalon.core.main.ScriptEngine.runScriptAsRawText(ScriptEngine.java:119)
	at com.kms.katalon.core.main.TestCaseExecutor.runScript(TestCaseExecutor.java:337)
	at com.kms.katalon.core.main.TestCaseExecutor.doExecute(TestCaseExecutor.java:328)
	at com.kms.katalon.core.main.TestCaseExecutor.processExecutionPhase(TestCaseExecutor.java:307)
	at com.kms.katalon.core.main.TestCaseExecutor.accessMainPhase(TestCaseExecutor.java:299)
	at com.kms.katalon.core.main.TestCaseExecutor.execute(TestCaseExecutor.java:233)
	at com.kms.katalon.core.main.TestSuiteExecutor.accessTestCaseMainPhase(TestSuiteExecutor.java:169)
	at com.kms.katalon.core.main.TestSuiteExecutor.accessTestSuiteMainPhase(TestSuiteExecutor.java:142)
	at com.kms.katalon.core.main.TestSuiteExecutor.execute(TestSuiteExecutor.java:91)
	at com.kms.katalon.core.main.TestCaseMain.startTestSuite(TestCaseMain.java:157)
	at com.kms.katalon.core.main.TestCaseMain$startTestSuite$0.call(Unknown Source)
	at TempTestSuite1571720266263.run(TempTestSuite1571720266263.groovy:36)
)
	at com.kms.katalon.core.keyword.internal.KeywordMain.stepFailed(KeywordMain.groovy:50)
	at com.kms.katalon.core.mobile.keyword.internal.MobileKeywordMain.stepFailed(MobileKeywordMain.groovy:40)
	at com.kms.katalon.core.mobile.keyword.internal.MobileKeywordMain.runKeyword(MobileKeywordMain.groovy:23)
	at com.kms.katalon.core.mobile.keyword.builtin.TapKeyword.tap(TapKeyword.groovy:86)
	at com.kms.katalon.core.mobile.keyword.builtin.TapKeyword.execute(TapKeyword.groovy:68)
	at com.kms.katalon.core.keyword.internal.KeywordExecutor.executeKeywordForPlatform(KeywordExecutor.groovy:60)
	at com.kms.katalon.core.mobile.keyword.MobileBuiltInKeywords.tap(MobileBuiltInKeywords.groovy:520)
	at com.kms.katalon.core.mobile.keyword.MobileBuiltInKeywords$tap$1.call(Unknown Source)
	at TC_Asuransi - MASTER FLOW.run(TC_Asuransi - MASTER FLOW:19)
	at com.kms.katalon.core.main.ScriptEngine.run(ScriptEngine.java:194)
	at com.kms.katalon.core.main.ScriptEngine.runScriptAsRawText(ScriptEngine.java:119)
	at com.kms.katalon.core.main.TestCaseExecutor.runScript(TestCaseExecutor.java:337)
	at com.kms.katalon.core.main.TestCaseExecutor.doExecute(TestCaseExecutor.java:328)
	at com.kms.katalon.core.main.TestCaseExecutor.processExecutionPhase(TestCaseExecutor.java:307)
	at com.kms.katalon.core.main.TestCaseExecutor.accessMainPhase(TestCaseExecutor.java:299)
	at com.kms.katalon.core.main.TestCaseExecutor.execute(TestCaseExecutor.java:233)
	at com.kms.katalon.core.main.TestCaseMain.runTestCase(TestCaseMain.java:114)
	at com.kms.katalon.core.keyword.builtin.CallTestCaseKeyword$_callTestCase_closure1.doCall(CallTestCaseKeyword.groovy:59)
	... 20 more
Caused by: org.openqa.selenium.WebDriverException: An unknown server-side error occurred while processing the command. Original error: Could not proxy command to remote server. Original error: Error: socket hang up
Build info: version: '3.141.59', revision: 'e82be7d358', time: '2018-11-14T08:25:53'
System info: host: 'FATITQC15421L', ip: '10.7.8.178', os.name: 'Windows 10', os.arch: 'amd64', os.version: '10.0', java.version: '1.8.0_181'
Driver info: com.kms.katalon.core.appium.driver.SwipeableAndroidDriver
Capabilities {app: C:\Users\15421\git\ACCMe-Mo..., appPackage: com.outsystemsenterprise.ac..., appWaitActivity: com.*, autoGrantPermissions: true, automationName: uiautomator2, databaseEnabled: false, desired: {app: C:\Users\15421\git\ACCMe-Mo..., appWaitActivity: com.*, autoGrantPermissions: true, automationName: uiautomator2, deviceId: , deviceName: samsung SM-A505F (Android 9), fullReset: false, newCommandTimeout: 1800, noReset: true, platform: ANDROID, platformName: android, platformVersion: 9, resetKeyboard: true, systemPort: 60908, udid: RR8M30NJQJV, unicodeKeyboard: true}, deviceApiLevel: 28, deviceId: , deviceManufacturer: samsung, deviceModel: SM-A505F, deviceName: RR8M30NJQJV, deviceScreenDensity: 420, deviceScreenSize: 1080x2340, deviceUDID: RR8M30NJQJV, fullReset: false, javascriptEnabled: true, locationContextEnabled: false, networkConnectionEnabled: true, newCommandTimeout: 1800, noReset: true, pixelRatio: 2.625, platform: ANDROID, platformName: Android, platformVersion: 9, resetKeyboard: true, statBarHeight: 83, systemPort: 60908, takesScreenshot: true, udid: RR8M30NJQJV, unicodeKeyboard: true, viewportRect: {height: 2048, left: 0, top: 83, width: 1080}, warnings: {}, webStorageEnabled: false}
Session ID: b68dfa6e-ca36-4931-b0b5-58834159786a
	at org.openqa.selenium.remote.http.W3CHttpResponseCodec.createException(W3CHttpResponseCodec.java:187)
	at org.openqa.selenium.remote.http.W3CHttpResponseCodec.decode(W3CHttpResponseCodec.java:122)
	at org.openqa.selenium.remote.http.W3CHttpResponseCodec.decode(W3CHttpResponseCodec.java:49)
	at org.openqa.selenium.remote.HttpCommandExecutor.execute(HttpCommandExecutor.java:158)
	at io.appium.java_client.remote.AppiumCommandExecutor.execute(AppiumCommandExecutor.java:239)
	at org.openqa.selenium.remote.RemoteWebDriver.execute(RemoteWebDriver.java:552)
	at io.appium.java_client.DefaultGenericMobileDriver.execute(DefaultGenericMobileDriver.java:46)
	at io.appium.java_client.AppiumDriver.execute(AppiumDriver.java:1)
	at io.appium.java_client.android.AndroidDriver.execute(AndroidDriver.java:1)
	at com.kms.katalon.core.appium.driver.SwipeableAndroidDriver.execute(SwipeableAndroidDriver.java:1)
	at org.openqa.selenium.remote.RemoteWebDriver$RemoteWebDriverOptions$RemoteWindow.getSize(RemoteWebDriver.java:813)
	at org.openqa.selenium.WebDriver$Window$getSize.call(Unknown Source)
	at com.kms.katalon.core.mobile.keyword.internal.MobileAbstractKeyword.findElement(MobileAbstractKeyword.groovy:81)
	at com.kms.katalon.core.mobile.keyword.builtin.TapKeyword$_tap_closure1.doCall(TapKeyword.groovy:76)
	at com.kms.katalon.core.mobile.keyword.builtin.TapKeyword$_tap_closure1.call(TapKeyword.groovy)
	at com.kms.katalon.core.mobile.keyword.internal.MobileKeywordMain.runKeyword(MobileKeywordMain.groovy:21)
	... 35 more
)

2019-10-22 12:22:02 - [TEST_STEP][PASSED] - Start listener action : sampleAfterTestCase: Close app successfully

2019-10-22 12:22:02 - [TEST_STEP][PASSED] - getDriver().quit(): null

2019-10-22 12:22:05 - [TEST_STEP][PASSED] - closeApplication(OPTIONAL): Close app successfully

2019-10-22 12:22:05 - [MESSAGE][PASSED] - Close app successfully]]></system-out>
         <system-err><![CDATA[2019-10-22 12:19:56 - [TEST_CASE][FAILED] - Test Cases/Data Entry/TC_Data Entry: Test Cases/Data Entry/TC_Data Entry FAILED.
Reason:
com.kms.katalon.core.exception.StepFailedException: Call Test Case 'Test Cases/Data Entry/Simulasi Kredit/Simulasi Kredit - Asuransi/MASTER FLOW/TC_Asuransi - MASTER FLOW' failed
	at com.kms.katalon.core.keyword.builtin.CallTestCaseKeyword$_callTestCase_closure1.doCall(CallTestCaseKeyword.groovy:63)
	at com.kms.katalon.core.keyword.builtin.CallTestCaseKeyword$_callTestCase_closure1.call(CallTestCaseKeyword.groovy)
	at com.kms.katalon.core.keyword.internal.KeywordMain.runKeyword(KeywordMain.groovy:68)
	at com.kms.katalon.core.keyword.builtin.CallTestCaseKeyword.callTestCase(CallTestCaseKeyword.groovy:81)
	at com.kms.katalon.core.keyword.builtin.CallTestCaseKeyword.execute(CallTestCaseKeyword.groovy:44)
	at com.kms.katalon.core.keyword.internal.KeywordExecutor.executeKeywordForPlatform(KeywordExecutor.groovy:60)
	at com.kms.katalon.core.keyword.BuiltinKeywords.callTestCase(BuiltinKeywords.groovy:334)
	at TC_Data Entry.run(TC_Data Entry:28)
	at com.kms.katalon.core.main.ScriptEngine.run(ScriptEngine.java:194)
	at com.kms.katalon.core.main.ScriptEngine.runScriptAsRawText(ScriptEngine.java:119)
	at com.kms.katalon.core.main.TestCaseExecutor.runScript(TestCaseExecutor.java:337)
	at com.kms.katalon.core.main.TestCaseExecutor.doExecute(TestCaseExecutor.java:328)
	at com.kms.katalon.core.main.TestCaseExecutor.processExecutionPhase(TestCaseExecutor.java:307)
	at com.kms.katalon.core.main.TestCaseExecutor.accessMainPhase(TestCaseExecutor.java:299)
	at com.kms.katalon.core.main.TestCaseExecutor.execute(TestCaseExecutor.java:233)
	at com.kms.katalon.core.main.TestSuiteExecutor.accessTestCaseMainPhase(TestSuiteExecutor.java:169)
	at com.kms.katalon.core.main.TestSuiteExecutor.accessTestSuiteMainPhase(TestSuiteExecutor.java:142)
	at com.kms.katalon.core.main.TestSuiteExecutor.execute(TestSuiteExecutor.java:91)
	at com.kms.katalon.core.main.TestCaseMain.startTestSuite(TestCaseMain.java:157)
	at com.kms.katalon.core.main.TestCaseMain$startTestSuite$0.call(Unknown Source)
	at TempTestSuite1571720266263.run(TempTestSuite1571720266263.groovy:36)
Caused by: com.kms.katalon.core.exception.StepFailedException: Failed to tap on element 'Object Repository/Simulasi Kredit/Simulasi Kredit - Asuransi/Asuransi_Tipe Asuransi Int' (Root cause: org.openqa.selenium.WebDriverException: An unknown server-side error occurred while processing the command. Original error: Could not proxy command to remote server. Original error: Error: socket hang up
Build info: version: '3.141.59', revision: 'e82be7d358', time: '2018-11-14T08:25:53'
System info: host: 'FATITQC15421L', ip: '10.7.8.178', os.name: 'Windows 10', os.arch: 'amd64', os.version: '10.0', java.version: '1.8.0_181'
Driver info: com.kms.katalon.core.appium.driver.SwipeableAndroidDriver
Capabilities {app: C:\Users\15421\git\ACCMe-Mo..., appPackage: com.outsystemsenterprise.ac..., appWaitActivity: com.*, autoGrantPermissions: true, automationName: uiautomator2, databaseEnabled: false, desired: {app: C:\Users\15421\git\ACCMe-Mo..., appWaitActivity: com.*, autoGrantPermissions: true, automationName: uiautomator2, deviceId: , deviceName: samsung SM-A505F (Android 9), fullReset: false, newCommandTimeout: 1800, noReset: true, platform: ANDROID, platformName: android, platformVersion: 9, resetKeyboard: true, systemPort: 60908, udid: RR8M30NJQJV, unicodeKeyboard: true}, deviceApiLevel: 28, deviceId: , deviceManufacturer: samsung, deviceModel: SM-A505F, deviceName: RR8M30NJQJV, deviceScreenDensity: 420, deviceScreenSize: 1080x2340, deviceUDID: RR8M30NJQJV, fullReset: false, javascriptEnabled: true, locationContextEnabled: false, networkConnectionEnabled: true, newCommandTimeout: 1800, noReset: true, pixelRatio: 2.625, platform: ANDROID, platformName: Android, platformVersion: 9, resetKeyboard: true, statBarHeight: 83, systemPort: 60908, takesScreenshot: true, udid: RR8M30NJQJV, unicodeKeyboard: true, viewportRect: {height: 2048, left: 0, top: 83, width: 1080}, warnings: {}, webStorageEnabled: false}
Session ID: b68dfa6e-ca36-4931-b0b5-58834159786a
	at org.openqa.selenium.remote.http.W3CHttpResponseCodec.createException(W3CHttpResponseCodec.java:187)
	at org.openqa.selenium.remote.http.W3CHttpResponseCodec.decode(W3CHttpResponseCodec.java:122)
	at org.openqa.selenium.remote.http.W3CHttpResponseCodec.decode(W3CHttpResponseCodec.java:49)
	at org.openqa.selenium.remote.HttpCommandExecutor.execute(HttpCommandExecutor.java:158)
	at io.appium.java_client.remote.AppiumCommandExecutor.execute(AppiumCommandExecutor.java:239)
	at org.openqa.selenium.remote.RemoteWebDriver.execute(RemoteWebDriver.java:552)
	at io.appium.java_client.DefaultGenericMobileDriver.execute(DefaultGenericMobileDriver.java:46)
	at io.appium.java_client.AppiumDriver.execute(AppiumDriver.java:1)
	at io.appium.java_client.android.AndroidDriver.execute(AndroidDriver.java:1)
	at com.kms.katalon.core.appium.driver.SwipeableAndroidDriver.execute(SwipeableAndroidDriver.java:1)
	at org.openqa.selenium.remote.RemoteWebDriver$RemoteWebDriverOptions$RemoteWindow.getSize(RemoteWebDriver.java:813)
	at org.openqa.selenium.WebDriver$Window$getSize.call(Unknown Source)
	at com.kms.katalon.core.mobile.keyword.internal.MobileAbstractKeyword.findElement(MobileAbstractKeyword.groovy:81)
	at com.kms.katalon.core.mobile.keyword.builtin.TapKeyword$_tap_closure1.doCall(TapKeyword.groovy:76)
	at com.kms.katalon.core.mobile.keyword.builtin.TapKeyword$_tap_closure1.call(TapKeyword.groovy)
	at com.kms.katalon.core.mobile.keyword.internal.MobileKeywordMain.runKeyword(MobileKeywordMain.groovy:21)
	at com.kms.katalon.core.mobile.keyword.builtin.TapKeyword.tap(TapKeyword.groovy:86)
	at com.kms.katalon.core.mobile.keyword.builtin.TapKeyword.execute(TapKeyword.groovy:68)
	at com.kms.katalon.core.keyword.internal.KeywordExecutor.executeKeywordForPlatform(KeywordExecutor.groovy:60)
	at com.kms.katalon.core.mobile.keyword.MobileBuiltInKeywords.tap(MobileBuiltInKeywords.groovy:520)
	at com.kms.katalon.core.mobile.keyword.MobileBuiltInKeywords$tap$1.call(Unknown Source)
	at TC_Asuransi - MASTER FLOW.run(TC_Asuransi - MASTER FLOW:19)
	at com.kms.katalon.core.main.ScriptEngine.run(ScriptEngine.java:194)
	at com.kms.katalon.core.main.ScriptEngine.runScriptAsRawText(ScriptEngine.java:119)
	at com.kms.katalon.core.main.TestCaseExecutor.runScript(TestCaseExecutor.java:337)
	at com.kms.katalon.core.main.TestCaseExecutor.doExecute(TestCaseExecutor.java:328)
	at com.kms.katalon.core.main.TestCaseExecutor.processExecutionPhase(TestCaseExecutor.java:307)
	at com.kms.katalon.core.main.TestCaseExecutor.accessMainPhase(TestCaseExecutor.java:299)
	at com.kms.katalon.core.main.TestCaseExecutor.execute(TestCaseExecutor.java:233)
	at com.kms.katalon.core.main.TestCaseMain.runTestCase(TestCaseMain.java:114)
	at com.kms.katalon.core.keyword.builtin.CallTestCaseKeyword$_callTestCase_closure1.doCall(CallTestCaseKeyword.groovy:59)
	at com.kms.katalon.core.keyword.builtin.CallTestCaseKeyword$_callTestCase_closure1.call(CallTestCaseKeyword.groovy)
	at com.kms.katalon.core.keyword.internal.KeywordMain.runKeyword(KeywordMain.groovy:68)
	at com.kms.katalon.core.keyword.builtin.CallTestCaseKeyword.callTestCase(CallTestCaseKeyword.groovy:81)
	at com.kms.katalon.core.keyword.builtin.CallTestCaseKeyword.execute(CallTestCaseKeyword.groovy:44)
	at com.kms.katalon.core.keyword.internal.KeywordExecutor.executeKeywordForPlatform(KeywordExecutor.groovy:60)
	at com.kms.katalon.core.keyword.BuiltinKeywords.callTestCase(BuiltinKeywords.groovy:334)
	at TC_Data Entry.run(TC_Data Entry:28)
	at com.kms.katalon.core.main.ScriptEngine.run(ScriptEngine.java:194)
	at com.kms.katalon.core.main.ScriptEngine.runScriptAsRawText(ScriptEngine.java:119)
	at com.kms.katalon.core.main.TestCaseExecutor.runScript(TestCaseExecutor.java:337)
	at com.kms.katalon.core.main.TestCaseExecutor.doExecute(TestCaseExecutor.java:328)
	at com.kms.katalon.core.main.TestCaseExecutor.processExecutionPhase(TestCaseExecutor.java:307)
	at com.kms.katalon.core.main.TestCaseExecutor.accessMainPhase(TestCaseExecutor.java:299)
	at com.kms.katalon.core.main.TestCaseExecutor.execute(TestCaseExecutor.java:233)
	at com.kms.katalon.core.main.TestSuiteExecutor.accessTestCaseMainPhase(TestSuiteExecutor.java:169)
	at com.kms.katalon.core.main.TestSuiteExecutor.accessTestSuiteMainPhase(TestSuiteExecutor.java:142)
	at com.kms.katalon.core.main.TestSuiteExecutor.execute(TestSuiteExecutor.java:91)
	at com.kms.katalon.core.main.TestCaseMain.startTestSuite(TestCaseMain.java:157)
	at com.kms.katalon.core.main.TestCaseMain$startTestSuite$0.call(Unknown Source)
	at TempTestSuite1571720266263.run(TempTestSuite1571720266263.groovy:36)
)
	at com.kms.katalon.core.keyword.internal.KeywordMain.stepFailed(KeywordMain.groovy:50)
	at com.kms.katalon.core.mobile.keyword.internal.MobileKeywordMain.stepFailed(MobileKeywordMain.groovy:40)
	at com.kms.katalon.core.mobile.keyword.internal.MobileKeywordMain.runKeyword(MobileKeywordMain.groovy:23)
	at com.kms.katalon.core.mobile.keyword.builtin.TapKeyword.tap(TapKeyword.groovy:86)
	at com.kms.katalon.core.mobile.keyword.builtin.TapKeyword.execute(TapKeyword.groovy:68)
	at com.kms.katalon.core.keyword.internal.KeywordExecutor.executeKeywordForPlatform(KeywordExecutor.groovy:60)
	at com.kms.katalon.core.mobile.keyword.MobileBuiltInKeywords.tap(MobileBuiltInKeywords.groovy:520)
	at com.kms.katalon.core.mobile.keyword.MobileBuiltInKeywords$tap$1.call(Unknown Source)
	at TC_Asuransi - MASTER FLOW.run(TC_Asuransi - MASTER FLOW:19)
	at com.kms.katalon.core.main.ScriptEngine.run(ScriptEngine.java:194)
	at com.kms.katalon.core.main.ScriptEngine.runScriptAsRawText(ScriptEngine.java:119)
	at com.kms.katalon.core.main.TestCaseExecutor.runScript(TestCaseExecutor.java:337)
	at com.kms.katalon.core.main.TestCaseExecutor.doExecute(TestCaseExecutor.java:328)
	at com.kms.katalon.core.main.TestCaseExecutor.processExecutionPhase(TestCaseExecutor.java:307)
	at com.kms.katalon.core.main.TestCaseExecutor.accessMainPhase(TestCaseExecutor.java:299)
	at com.kms.katalon.core.main.TestCaseExecutor.execute(TestCaseExecutor.java:233)
	at com.kms.katalon.core.main.TestCaseMain.runTestCase(TestCaseMain.java:114)
	at com.kms.katalon.core.keyword.builtin.CallTestCaseKeyword$_callTestCase_closure1.doCall(CallTestCaseKeyword.groovy:59)
	... 20 more
Caused by: org.openqa.selenium.WebDriverException: An unknown server-side error occurred while processing the command. Original error: Could not proxy command to remote server. Original error: Error: socket hang up
Build info: version: '3.141.59', revision: 'e82be7d358', time: '2018-11-14T08:25:53'
System info: host: 'FATITQC15421L', ip: '10.7.8.178', os.name: 'Windows 10', os.arch: 'amd64', os.version: '10.0', java.version: '1.8.0_181'
Driver info: com.kms.katalon.core.appium.driver.SwipeableAndroidDriver
Capabilities {app: C:\Users\15421\git\ACCMe-Mo..., appPackage: com.outsystemsenterprise.ac..., appWaitActivity: com.*, autoGrantPermissions: true, automationName: uiautomator2, databaseEnabled: false, desired: {app: C:\Users\15421\git\ACCMe-Mo..., appWaitActivity: com.*, autoGrantPermissions: true, automationName: uiautomator2, deviceId: , deviceName: samsung SM-A505F (Android 9), fullReset: false, newCommandTimeout: 1800, noReset: true, platform: ANDROID, platformName: android, platformVersion: 9, resetKeyboard: true, systemPort: 60908, udid: RR8M30NJQJV, unicodeKeyboard: true}, deviceApiLevel: 28, deviceId: , deviceManufacturer: samsung, deviceModel: SM-A505F, deviceName: RR8M30NJQJV, deviceScreenDensity: 420, deviceScreenSize: 1080x2340, deviceUDID: RR8M30NJQJV, fullReset: false, javascriptEnabled: true, locationContextEnabled: false, networkConnectionEnabled: true, newCommandTimeout: 1800, noReset: true, pixelRatio: 2.625, platform: ANDROID, platformName: Android, platformVersion: 9, resetKeyboard: true, statBarHeight: 83, systemPort: 60908, takesScreenshot: true, udid: RR8M30NJQJV, unicodeKeyboard: true, viewportRect: {height: 2048, left: 0, top: 83, width: 1080}, warnings: {}, webStorageEnabled: false}
Session ID: b68dfa6e-ca36-4931-b0b5-58834159786a
	at org.openqa.selenium.remote.http.W3CHttpResponseCodec.createException(W3CHttpResponseCodec.java:187)
	at org.openqa.selenium.remote.http.W3CHttpResponseCodec.decode(W3CHttpResponseCodec.java:122)
	at org.openqa.selenium.remote.http.W3CHttpResponseCodec.decode(W3CHttpResponseCodec.java:49)
	at org.openqa.selenium.remote.HttpCommandExecutor.execute(HttpCommandExecutor.java:158)
	at io.appium.java_client.remote.AppiumCommandExecutor.execute(AppiumCommandExecutor.java:239)
	at org.openqa.selenium.remote.RemoteWebDriver.execute(RemoteWebDriver.java:552)
	at io.appium.java_client.DefaultGenericMobileDriver.execute(DefaultGenericMobileDriver.java:46)
	at io.appium.java_client.AppiumDriver.execute(AppiumDriver.java:1)
	at io.appium.java_client.android.AndroidDriver.execute(AndroidDriver.java:1)
	at com.kms.katalon.core.appium.driver.SwipeableAndroidDriver.execute(SwipeableAndroidDriver.java:1)
	at org.openqa.selenium.remote.RemoteWebDriver$RemoteWebDriverOptions$RemoteWindow.getSize(RemoteWebDriver.java:813)
	at org.openqa.selenium.WebDriver$Window$getSize.call(Unknown Source)
	at com.kms.katalon.core.mobile.keyword.internal.MobileAbstractKeyword.findElement(MobileAbstractKeyword.groovy:81)
	at com.kms.katalon.core.mobile.keyword.builtin.TapKeyword$_tap_closure1.doCall(TapKeyword.groovy:76)
	at com.kms.katalon.core.mobile.keyword.builtin.TapKeyword$_tap_closure1.call(TapKeyword.groovy)
	at com.kms.katalon.core.mobile.keyword.internal.MobileKeywordMain.runKeyword(MobileKeywordMain.groovy:21)
	... 35 more]]></system-err>
      </testcase>
      <testcase name="Test Cases/Data Entry/TC_Data Entry" classname="Test Cases/Data Entry/TC_Data Entry" status="FAILED">
         <failure type="FAILED" message="Test Cases/Data Entry/TC_Data Entry FAILED.
Reason:
com.kms.katalon.core.exception.StepFailedException: Object Object Repository/dynamic object/BtnBerikutnya not found
	at com.kms.katalon.core.keyword.internal.KeywordMain.stepFailed(KeywordMain.groovy:50)
	at com.kms.katalon.core.mobile.keyword.internal.MobileKeywordMain.stepFailed(MobileKeywordMain.groovy:40)
	at com.kms.katalon.core.mobile.keyword.builtin.TapKeyword$_tap_closure1.doCall(TapKeyword.groovy:79)
	at com.kms.katalon.core.mobile.keyword.builtin.TapKeyword$_tap_closure1.call(TapKeyword.groovy)
	at com.kms.katalon.core.mobile.keyword.internal.MobileKeywordMain.runKeyword(MobileKeywordMain.groovy:21)
	at com.kms.katalon.core.mobile.keyword.builtin.TapKeyword.tap(TapKeyword.groovy:86)
	at com.kms.katalon.core.mobile.keyword.builtin.TapKeyword.execute(TapKeyword.groovy:68)
	at com.kms.katalon.core.keyword.internal.KeywordExecutor.executeKeywordForPlatform(KeywordExecutor.groovy:60)
	at com.kms.katalon.core.mobile.keyword.MobileBuiltInKeywords.tap(MobileBuiltInKeywords.groovy:520)
	at com.kms.katalon.core.mobile.keyword.MobileBuiltInKeywords$tap$1.call(Unknown Source)
	at TC_Data Entry.run(TC_Data Entry:215)
	at com.kms.katalon.core.main.ScriptEngine.run(ScriptEngine.java:194)
	at com.kms.katalon.core.main.ScriptEngine.runScriptAsRawText(ScriptEngine.java:119)
	at com.kms.katalon.core.main.TestCaseExecutor.runScript(TestCaseExecutor.java:337)
	at com.kms.katalon.core.main.TestCaseExecutor.doExecute(TestCaseExecutor.java:328)
	at com.kms.katalon.core.main.TestCaseExecutor.processExecutionPhase(TestCaseExecutor.java:307)
	at com.kms.katalon.core.main.TestCaseExecutor.accessMainPhase(TestCaseExecutor.java:299)
	at com.kms.katalon.core.main.TestCaseExecutor.execute(TestCaseExecutor.java:233)
	at com.kms.katalon.core.main.TestSuiteExecutor.accessTestCaseMainPhase(TestSuiteExecutor.java:169)
	at com.kms.katalon.core.main.TestSuiteExecutor.accessTestSuiteMainPhase(TestSuiteExecutor.java:142)
	at com.kms.katalon.core.main.TestSuiteExecutor.execute(TestSuiteExecutor.java:91)
	at com.kms.katalon.core.main.TestCaseMain.startTestSuite(TestCaseMain.java:157)
	at com.kms.katalon.core.main.TestCaseMain$startTestSuite$0.call(Unknown Source)
	at TempTestSuite1571720266263.run(TempTestSuite1571720266263.groovy:36)
"/>
         <system-out><![CDATA[2019-10-22 12:22:10 - [TEST_CASE][FAILED] - Test Cases/Data Entry/TC_Data Entry: Test Cases/Data Entry/TC_Data Entry FAILED.
Reason:
com.kms.katalon.core.exception.StepFailedException: Object Object Repository/dynamic object/BtnBerikutnya not found
	at com.kms.katalon.core.keyword.internal.KeywordMain.stepFailed(KeywordMain.groovy:50)
	at com.kms.katalon.core.mobile.keyword.internal.MobileKeywordMain.stepFailed(MobileKeywordMain.groovy:40)
	at com.kms.katalon.core.mobile.keyword.builtin.TapKeyword$_tap_closure1.doCall(TapKeyword.groovy:79)
	at com.kms.katalon.core.mobile.keyword.builtin.TapKeyword$_tap_closure1.call(TapKeyword.groovy)
	at com.kms.katalon.core.mobile.keyword.internal.MobileKeywordMain.runKeyword(MobileKeywordMain.groovy:21)
	at com.kms.katalon.core.mobile.keyword.builtin.TapKeyword.tap(TapKeyword.groovy:86)
	at com.kms.katalon.core.mobile.keyword.builtin.TapKeyword.execute(TapKeyword.groovy:68)
	at com.kms.katalon.core.keyword.internal.KeywordExecutor.executeKeywordForPlatform(KeywordExecutor.groovy:60)
	at com.kms.katalon.core.mobile.keyword.MobileBuiltInKeywords.tap(MobileBuiltInKeywords.groovy:520)
	at com.kms.katalon.core.mobile.keyword.MobileBuiltInKeywords$tap$1.call(Unknown Source)
	at TC_Data Entry.run(TC_Data Entry:215)
	at com.kms.katalon.core.main.ScriptEngine.run(ScriptEngine.java:194)
	at com.kms.katalon.core.main.ScriptEngine.runScriptAsRawText(ScriptEngine.java:119)
	at com.kms.katalon.core.main.TestCaseExecutor.runScript(TestCaseExecutor.java:337)
	at com.kms.katalon.core.main.TestCaseExecutor.doExecute(TestCaseExecutor.java:328)
	at com.kms.katalon.core.main.TestCaseExecutor.processExecutionPhase(TestCaseExecutor.java:307)
	at com.kms.katalon.core.main.TestCaseExecutor.accessMainPhase(TestCaseExecutor.java:299)
	at com.kms.katalon.core.main.TestCaseExecutor.execute(TestCaseExecutor.java:233)
	at com.kms.katalon.core.main.TestSuiteExecutor.accessTestCaseMainPhase(TestSuiteExecutor.java:169)
	at com.kms.katalon.core.main.TestSuiteExecutor.accessTestSuiteMainPhase(TestSuiteExecutor.java:142)
	at com.kms.katalon.core.main.TestSuiteExecutor.execute(TestSuiteExecutor.java:91)
	at com.kms.katalon.core.main.TestCaseMain.startTestSuite(TestCaseMain.java:157)
	at com.kms.katalon.core.main.TestCaseMain$startTestSuite$0.call(Unknown Source)
	at TempTestSuite1571720266263.run(TempTestSuite1571720266263.groovy:36)


2019-10-22 12:22:10 - [TEST_STEP][PASSED] - callTestCase(findTestCase("dynamic test case/open application"), [:], STOP_ON_FAILURE): Call Test Case 'Test Cases/dynamic test case/open application' successfully

2019-10-22 12:22:10 - [TEST_CASE][PASSED] - Test Cases/dynamic test case/open application: Test Cases/dynamic test case/open application

2019-10-22 12:22:10 - [TEST_STEP][PASSED] - appPath = relativeToAbsolutePath(apkname, getProjectDir()): null

2019-10-22 12:22:10 - [TEST_STEP][PASSED] - startApplication(appPath, false): Started app at: 'C:\Users\15421\git\ACCMe-Mobile\AccMe.apk'

2019-10-22 12:22:10 - [MESSAGE][INFO] - User set preference: ['unicodeKeyboard', 'true']

2019-10-22 12:22:10 - [MESSAGE][INFO] - User set preference: ['resetKeyboard', 'true']

2019-10-22 12:22:10 - [MESSAGE][INFO] - User set preference: ['appWaitActivity', 'com.*']

2019-10-22 12:22:10 - [MESSAGE][INFO] - User set preference: ['deviceId', '']

2019-10-22 12:22:24 - [MESSAGE][INFO] - Appium server started on port 61,387

2019-10-22 12:23:00 - [MESSAGE][PASSED] - Started app at: 'C:\Users\15421\git\ACCMe-Mobile\AccMe.apk'

2019-10-22 12:23:00 - [TEST_STEP][PASSED] - delay(20, STOP_ON_FAILURE): Delayed 20 second(s)

2019-10-22 12:23:20 - [MESSAGE][PASSED] - Delayed 20 second(s)

2019-10-22 12:23:20 - [MESSAGE][PASSED] - Call Test Case 'Test Cases/dynamic test case/open application' successfully

2019-10-22 12:23:20 - [TEST_STEP][PASSED] - callTestCase(findTestCase("Data Entry/Simulasi Kredit/Simulasi Kredit/MASTER FLOW/TC_Simulasi Kredit - MASTER FLOW"), ["varBrand":varBrand, "varType":varType, "varModel":varModel, "varTahun":varTahun, "varTenor":varTenor, "varOTR":varOTR, "varRP":varRP, ... ], OPTIONAL): Call Test Case 'Test Cases/Data Entry/Simulasi Kredit/Simulasi Kredit/MASTER FLOW/TC_Simulasi Kredit - MASTER FLOW' successfully

2019-10-22 12:23:21 - [TEST_CASE][PASSED] - Test Cases/Data Entry/Simulasi Kredit/Simulasi Kredit/MASTER FLOW/TC_Simulasi Kredit - MASTER FLOW: Test Cases/Data Entry/Simulasi Kredit/Simulasi Kredit/MASTER FLOW/TC_Simulasi Kredit - MASTER FLOW

2019-10-22 12:23:21 - [TEST_STEP][PASSED] - verifyElementVisible(findTestObject("Simulasi Kredit/Simulasi Kredit - Simulasi Kredit/SimulasiKredit_Btn Simulasi Kredit"), 60, OPTIONAL): Element 'Object Repository/Simulasi Kredit/Simulasi Kredit - Simulasi Kredit/SimulasiKredit_Btn Simulasi Kredit' is visible

2019-10-22 12:23:23 - [MESSAGE][PASSED] - Element 'Object Repository/Simulasi Kredit/Simulasi Kredit - Simulasi Kredit/SimulasiKredit_Btn Simulasi Kredit' is visible

2019-10-22 12:23:23 - [TEST_STEP][PASSED] - tap(findTestObject("Simulasi Kredit/Simulasi Kredit - Simulasi Kredit/SimulasiKredit_Btn Simulasi Kredit"), 0): Tapped on element 'Object Repository/Simulasi Kredit/Simulasi Kredit - Simulasi Kredit/SimulasiKredit_Btn Simulasi Kredit'

2019-10-22 12:23:23 - [MESSAGE][WARNING] - Timeout '0' is invalid. Using default page load timeout: '30'

2019-10-22 12:23:26 - [MESSAGE][PASSED] - Tapped on element 'Object Repository/Simulasi Kredit/Simulasi Kredit - Simulasi Kredit/SimulasiKredit_Btn Simulasi Kredit'

2019-10-22 12:23:26 - [TEST_STEP][PASSED] - if (varPembiayaan == "NewCar"): Tapped on element 'Object Repository/Simulasi Kredit/Simulasi Kredit - Simulasi Kredit/SimulasiKredit_new car'

2019-10-22 12:23:26 - [TEST_STEP][PASSED] - tap(findTestObject("Simulasi Kredit/Simulasi Kredit - Simulasi Kredit/SimulasiKredit_new car"), 0): Tapped on element 'Object Repository/Simulasi Kredit/Simulasi Kredit - Simulasi Kredit/SimulasiKredit_new car'

2019-10-22 12:23:26 - [MESSAGE][WARNING] - Timeout '0' is invalid. Using default page load timeout: '30'

2019-10-22 12:23:30 - [MESSAGE][PASSED] - Tapped on element 'Object Repository/Simulasi Kredit/Simulasi Kredit - Simulasi Kredit/SimulasiKredit_new car'

2019-10-22 12:23:30 - [TEST_STEP][PASSED] - if (varTipePembiayaan == "syariah"): null

2019-10-22 12:23:30 - [TEST_STEP][PASSED] - else: Tapped on element 'Object Repository/Simulasi Kredit/Simulasi Kredit - Simulasi Kredit/SimulasiKredit_Konvensional'

2019-10-22 12:23:30 - [TEST_STEP][PASSED] - tap(findTestObject("Simulasi Kredit/Simulasi Kredit - Simulasi Kredit/SimulasiKredit_Konvensional"), 0): Tapped on element 'Object Repository/Simulasi Kredit/Simulasi Kredit - Simulasi Kredit/SimulasiKredit_Konvensional'

2019-10-22 12:23:30 - [MESSAGE][WARNING] - Timeout '0' is invalid. Using default page load timeout: '30'

2019-10-22 12:23:33 - [MESSAGE][PASSED] - Tapped on element 'Object Repository/Simulasi Kredit/Simulasi Kredit - Simulasi Kredit/SimulasiKredit_Konvensional'

2019-10-22 12:23:33 - [TEST_STEP][PASSED] - if (varPaket == "ya"): null

2019-10-22 12:23:33 - [TEST_STEP][PASSED] - setText(findTestObject("Simulasi Kredit/Simulasi Kredit - Simulasi Kredit/SimulasiKredit_Inp Brand"), varBrand, 0): Text 'TOYOTA' has been set to element 'Object Repository/Simulasi Kredit/Simulasi Kredit - Simulasi Kredit/SimulasiKredit_Inp Brand'

2019-10-22 12:23:33 - [MESSAGE][WARNING] - Timeout '0' is invalid. Using default page load timeout: '30'

2019-10-22 12:23:34 - [MESSAGE][PASSED] - Text 'TOYOTA' has been set to element 'Object Repository/Simulasi Kredit/Simulasi Kredit - Simulasi Kredit/SimulasiKredit_Inp Brand'

2019-10-22 12:23:34 - [TEST_STEP][PASSED] - tap(findTestObject("Simulasi Kredit/Simulasi Kredit - Simulasi Kredit/SimulasiKredit_Inp Brand"), 0): Tapped on element 'Object Repository/Simulasi Kredit/Simulasi Kredit - Simulasi Kredit/SimulasiKredit_Inp Brand'

2019-10-22 12:23:34 - [MESSAGE][WARNING] - Timeout '0' is invalid. Using default page load timeout: '30'

2019-10-22 12:23:38 - [MESSAGE][PASSED] - Tapped on element 'Object Repository/Simulasi Kredit/Simulasi Kredit - Simulasi Kredit/SimulasiKredit_Inp Brand'

2019-10-22 12:23:38 - [TEST_STEP][PASSED] - tap(findTestObject("Simulasi Kredit/Simulasi Kredit - Simulasi Kredit/Simulasi Kredit-LOVBrand"), 0): Tapped on element 'Object Repository/Simulasi Kredit/Simulasi Kredit - Simulasi Kredit/Simulasi Kredit-LOVBrand'

2019-10-22 12:23:38 - [MESSAGE][WARNING] - Timeout '0' is invalid. Using default page load timeout: '30'

2019-10-22 12:23:41 - [MESSAGE][PASSED] - Tapped on element 'Object Repository/Simulasi Kredit/Simulasi Kredit - Simulasi Kredit/Simulasi Kredit-LOVBrand'

2019-10-22 12:23:41 - [TEST_STEP][PASSED] - tap(findTestObject("Simulasi Kredit/Simulasi Kredit - Simulasi Kredit/SimulasiKredit_Inp Type"), 0): Tapped on element 'Object Repository/Simulasi Kredit/Simulasi Kredit - Simulasi Kredit/SimulasiKredit_Inp Type'

2019-10-22 12:23:41 - [MESSAGE][WARNING] - Timeout '0' is invalid. Using default page load timeout: '30'

2019-10-22 12:23:45 - [MESSAGE][PASSED] - Tapped on element 'Object Repository/Simulasi Kredit/Simulasi Kredit - Simulasi Kredit/SimulasiKredit_Inp Type'

2019-10-22 12:23:45 - [TEST_STEP][PASSED] - setText(findTestObject("Simulasi Kredit/Simulasi Kredit - Simulasi Kredit/SimulasiKredit_Inp Type"), varType, 0): Text 'AGYA' has been set to element 'Object Repository/Simulasi Kredit/Simulasi Kredit - Simulasi Kredit/SimulasiKredit_Inp Type'

2019-10-22 12:23:45 - [MESSAGE][WARNING] - Timeout '0' is invalid. Using default page load timeout: '30'

2019-10-22 12:23:47 - [MESSAGE][PASSED] - Text 'AGYA' has been set to element 'Object Repository/Simulasi Kredit/Simulasi Kredit - Simulasi Kredit/SimulasiKredit_Inp Type'

2019-10-22 12:23:47 - [TEST_STEP][PASSED] - delay(3): Delayed 3 second(s)

2019-10-22 12:23:50 - [MESSAGE][PASSED] - Delayed 3 second(s)

2019-10-22 12:23:50 - [TEST_STEP][PASSED] - tap(findTestObject("Simulasi Kredit/Simulasi Kredit - Simulasi Kredit/SimulasiKredit_Inp Type"), 0): Tapped on element 'Object Repository/Simulasi Kredit/Simulasi Kredit - Simulasi Kredit/SimulasiKredit_Inp Type'

2019-10-22 12:23:50 - [MESSAGE][WARNING] - Timeout '0' is invalid. Using default page load timeout: '30'

2019-10-22 12:23:52 - [MESSAGE][PASSED] - Tapped on element 'Object Repository/Simulasi Kredit/Simulasi Kredit - Simulasi Kredit/SimulasiKredit_Inp Type'

2019-10-22 12:23:52 - [TEST_STEP][PASSED] - tap(findTestObject("Simulasi Kredit/Simulasi Kredit - Simulasi Kredit/SimulasiKredit_Inp Type LOV"), 0): Tapped on element 'Object Repository/Simulasi Kredit/Simulasi Kredit - Simulasi Kredit/SimulasiKredit_Inp Type LOV'

2019-10-22 12:23:52 - [MESSAGE][WARNING] - Timeout '0' is invalid. Using default page load timeout: '30'

2019-10-22 12:23:55 - [MESSAGE][PASSED] - Tapped on element 'Object Repository/Simulasi Kredit/Simulasi Kredit - Simulasi Kredit/SimulasiKredit_Inp Type LOV'

2019-10-22 12:23:55 - [TEST_STEP][PASSED] - mobile.mobileSwipe.UpDown(0.8, 0.5, 1000): mobile.mobileSwipe.UpDown is PASSED

2019-10-22 12:23:57 - [MESSAGE][PASSED] - Current device physical height is 2131

2019-10-22 12:23:57 - [MESSAGE][INFO] - Device Height : 2131

2019-10-22 12:23:58 - [MESSAGE][PASSED] - Current device physical width is 1080

2019-10-22 12:23:58 - [MESSAGE][INFO] - Device Width : 1080

2019-10-22 12:23:58 - [MESSAGE][INFO] - Swipe start at Height : 1704

2019-10-22 12:23:58 - [MESSAGE][INFO] - Swipe end at Height : 1065

2019-10-22 12:23:58 - [MESSAGE][INFO] - X Position : 1000

2019-10-22 12:24:00 - [MESSAGE][PASSED] - Swiped from 1,000,1,704 to 1,000,1,065

2019-10-22 12:24:00 - [MESSAGE][PASSED] - mobile.mobileSwipe.UpDown is PASSED

2019-10-22 12:24:00 - [TEST_STEP][PASSED] - tap(findTestObject("Simulasi Kredit/Simulasi Kredit - Simulasi Kredit/SimulasiKredit_Inp Model"), 0): Tapped on element 'Object Repository/Simulasi Kredit/Simulasi Kredit - Simulasi Kredit/SimulasiKredit_Inp Model'

2019-10-22 12:24:00 - [MESSAGE][WARNING] - Timeout '0' is invalid. Using default page load timeout: '30'

2019-10-22 12:24:03 - [MESSAGE][PASSED] - Tapped on element 'Object Repository/Simulasi Kredit/Simulasi Kredit - Simulasi Kredit/SimulasiKredit_Inp Model'

2019-10-22 12:24:03 - [TEST_STEP][PASSED] - scrollToText(varModel, STOP_ON_FAILURE): Scrolling to text '1.0 G M/T - 001' successfully

2019-10-22 12:24:05 - [MESSAGE][PASSED] - Scrolling to text '1.0 G M/T - 001' successfully

2019-10-22 12:24:05 - [TEST_STEP][PASSED] - tap(findTestObject("dynamic object/pickListItem_checkedTextView", ["text":varModel]), 0): Tapped on element 'Object Repository/dynamic object/pickListItem_checkedTextView'

2019-10-22 12:24:06 - [MESSAGE][WARNING] - Timeout '0' is invalid. Using default page load timeout: '30'

2019-10-22 12:24:08 - [MESSAGE][PASSED] - Tapped on element 'Object Repository/dynamic object/pickListItem_checkedTextView'

2019-10-22 12:24:08 - [TEST_STEP][PASSED] - tap(findTestObject("Simulasi Kredit/Simulasi Kredit - Simulasi Kredit/SimulasiKredit_Tahun"), 0): Tapped on element 'Object Repository/Simulasi Kredit/Simulasi Kredit - Simulasi Kredit/SimulasiKredit_Tahun'

2019-10-22 12:24:08 - [MESSAGE][WARNING] - Timeout '0' is invalid. Using default page load timeout: '30'

2019-10-22 12:24:10 - [MESSAGE][PASSED] - Tapped on element 'Object Repository/Simulasi Kredit/Simulasi Kredit - Simulasi Kredit/SimulasiKredit_Tahun'

2019-10-22 12:24:10 - [TEST_STEP][PASSED] - tap(findTestObject("dynamic object/pickListItem_checkedTextView", ["text":varTahun]), 0): Tapped on element 'Object Repository/dynamic object/pickListItem_checkedTextView'

2019-10-22 12:24:10 - [MESSAGE][WARNING] - Timeout '0' is invalid. Using default page load timeout: '30'

2019-10-22 12:24:12 - [MESSAGE][PASSED] - Tapped on element 'Object Repository/dynamic object/pickListItem_checkedTextView'

2019-10-22 12:24:12 - [TEST_STEP][PASSED] - tap(findTestObject("Simulasi Kredit/Simulasi Kredit - Simulasi Kredit/SimulasiKredit_Tenor"), 0): Tapped on element 'Object Repository/Simulasi Kredit/Simulasi Kredit - Simulasi Kredit/SimulasiKredit_Tenor'

2019-10-22 12:24:12 - [MESSAGE][WARNING] - Timeout '0' is invalid. Using default page load timeout: '30'

2019-10-22 12:24:15 - [MESSAGE][PASSED] - Tapped on element 'Object Repository/Simulasi Kredit/Simulasi Kredit - Simulasi Kredit/SimulasiKredit_Tenor'

2019-10-22 12:24:15 - [TEST_STEP][PASSED] - tap(findTestObject("dynamic object/pickListItem_checkedTextView", ["text":varTenor]), 0): Tapped on element 'Object Repository/dynamic object/pickListItem_checkedTextView'

2019-10-22 12:24:15 - [MESSAGE][WARNING] - Timeout '0' is invalid. Using default page load timeout: '30'

2019-10-22 12:24:16 - [MESSAGE][PASSED] - Tapped on element 'Object Repository/dynamic object/pickListItem_checkedTextView'

2019-10-22 12:24:16 - [TEST_STEP][PASSED] - setText(findTestObject("Simulasi Kredit/Simulasi Kredit - Simulasi Kredit/SimulasiKredit_Inp OTR"), varOTR, 0): Text '200000000' has been set to element 'Object Repository/Simulasi Kredit/Simulasi Kredit - Simulasi Kredit/SimulasiKredit_Inp OTR'

2019-10-22 12:24:16 - [MESSAGE][WARNING] - Timeout '0' is invalid. Using default page load timeout: '30'

2019-10-22 12:24:19 - [MESSAGE][PASSED] - Text '200000000' has been set to element 'Object Repository/Simulasi Kredit/Simulasi Kredit - Simulasi Kredit/SimulasiKredit_Inp OTR'

2019-10-22 12:24:19 - [TEST_STEP][PASSED] - if (varADDMdanADDB == "ADDM"): null

2019-10-22 12:24:19 - [TEST_STEP][PASSED] - else: Tapped on element 'Object Repository/Simulasi Kredit/Simulasi Kredit - Simulasi Kredit/SimulasiKredit_Btn ADDB'

2019-10-22 12:24:19 - [TEST_STEP][PASSED] - tap(findTestObject("Simulasi Kredit/Simulasi Kredit - Simulasi Kredit/SimulasiKredit_Btn ADDB"), 0): Tapped on element 'Object Repository/Simulasi Kredit/Simulasi Kredit - Simulasi Kredit/SimulasiKredit_Btn ADDB'

2019-10-22 12:24:19 - [MESSAGE][WARNING] - Timeout '0' is invalid. Using default page load timeout: '30'

2019-10-22 12:24:22 - [MESSAGE][PASSED] - Tapped on element 'Object Repository/Simulasi Kredit/Simulasi Kredit - Simulasi Kredit/SimulasiKredit_Btn ADDB'

2019-10-22 12:24:22 - [TEST_STEP][PASSED] - setText(findTestObject("Simulasi Kredit/Simulasi Kredit - Simulasi Kredit/SimulasiKredit_Inp RP"), varRP, 0): Text '60000000' has been set to element 'Object Repository/Simulasi Kredit/Simulasi Kredit - Simulasi Kredit/SimulasiKredit_Inp RP'

2019-10-22 12:24:22 - [MESSAGE][WARNING] - Timeout '0' is invalid. Using default page load timeout: '30'

2019-10-22 12:24:25 - [MESSAGE][PASSED] - Text '60000000' has been set to element 'Object Repository/Simulasi Kredit/Simulasi Kredit - Simulasi Kredit/SimulasiKredit_Inp RP'

2019-10-22 12:24:25 - [TEST_STEP][PASSED] - if (varACP == "credit"): Tapped on element 'Object Repository/Simulasi Kredit/Simulasi Kredit - Simulasi Kredit/SimulasiKredit_Inp ACP Credit'

2019-10-22 12:24:25 - [TEST_STEP][PASSED] - tap(findTestObject("Simulasi Kredit/Simulasi Kredit - Simulasi Kredit/SimulasiKredit_Inp ACP Credit"), 0): Tapped on element 'Object Repository/Simulasi Kredit/Simulasi Kredit - Simulasi Kredit/SimulasiKredit_Inp ACP Credit'

2019-10-22 12:24:25 - [MESSAGE][WARNING] - Timeout '0' is invalid. Using default page load timeout: '30'

2019-10-22 12:24:28 - [MESSAGE][PASSED] - Tapped on element 'Object Repository/Simulasi Kredit/Simulasi Kredit - Simulasi Kredit/SimulasiKredit_Inp ACP Credit'

2019-10-22 12:24:28 - [TEST_STEP][PASSED] - mobile.mobileSwipe.UpDown(0.5, 0.2, 1000): mobile.mobileSwipe.UpDown is PASSED

2019-10-22 12:24:29 - [MESSAGE][PASSED] - Current device physical height is 2131

2019-10-22 12:24:29 - [MESSAGE][INFO] - Device Height : 2131

2019-10-22 12:24:31 - [MESSAGE][PASSED] - Current device physical width is 1080

2019-10-22 12:24:31 - [MESSAGE][INFO] - Device Width : 1080

2019-10-22 12:24:31 - [MESSAGE][INFO] - Swipe start at Height : 1065

2019-10-22 12:24:31 - [MESSAGE][INFO] - Swipe end at Height : 426

2019-10-22 12:24:31 - [MESSAGE][INFO] - X Position : 1000

2019-10-22 12:24:33 - [MESSAGE][PASSED] - Swiped from 1,000,1,065 to 1,000,426

2019-10-22 12:24:33 - [MESSAGE][PASSED] - mobile.mobileSwipe.UpDown is PASSED

2019-10-22 12:24:33 - [TEST_STEP][PASSED] - setText(findTestObject("Simulasi Kredit/Simulasi Kredit - Simulasi Kredit/SimulasiKredit_Inp Dealer"), varDealer, 0): Text 'AI TSO-JKT TEBET' has been set to element 'Object Repository/Simulasi Kredit/Simulasi Kredit - Simulasi Kredit/SimulasiKredit_Inp Dealer'

2019-10-22 12:24:33 - [MESSAGE][WARNING] - Timeout '0' is invalid. Using default page load timeout: '30'

2019-10-22 12:24:35 - [MESSAGE][PASSED] - Text 'AI TSO-JKT TEBET' has been set to element 'Object Repository/Simulasi Kredit/Simulasi Kredit - Simulasi Kredit/SimulasiKredit_Inp Dealer'

2019-10-22 12:24:35 - [TEST_STEP][PASSED] - tap(findTestObject("Simulasi Kredit/Simulasi Kredit - Simulasi Kredit/SimulasiKredit_Inp Dealer"), 0): Tapped on element 'Object Repository/Simulasi Kredit/Simulasi Kredit - Simulasi Kredit/SimulasiKredit_Inp Dealer'

2019-10-22 12:24:35 - [MESSAGE][WARNING] - Timeout '0' is invalid. Using default page load timeout: '30'

2019-10-22 12:24:39 - [MESSAGE][PASSED] - Tapped on element 'Object Repository/Simulasi Kredit/Simulasi Kredit - Simulasi Kredit/SimulasiKredit_Inp Dealer'

2019-10-22 12:24:39 - [TEST_STEP][PASSED] - clearText(findTestObject("Simulasi Kredit/Simulasi Kredit - Simulasi Kredit/SimulasiKredit_Inp Dealer"), 0): Element 'Object Repository/Simulasi Kredit/Simulasi Kredit - Simulasi Kredit/SimulasiKredit_Inp Dealer' text is cleared

2019-10-22 12:24:39 - [MESSAGE][WARNING] - Timeout '0' is invalid. Using default page load timeout: '30'

2019-10-22 12:24:40 - [MESSAGE][PASSED] - Element 'Object Repository/Simulasi Kredit/Simulasi Kredit - Simulasi Kredit/SimulasiKredit_Inp Dealer' text is cleared

2019-10-22 12:24:40 - [TEST_STEP][PASSED] - setText(findTestObject("Simulasi Kredit/Simulasi Kredit - Simulasi Kredit/SimulasiKredit_Inp Dealer"), varDealer, 0): Text 'AI TSO-JKT TEBET' has been set to element 'Object Repository/Simulasi Kredit/Simulasi Kredit - Simulasi Kredit/SimulasiKredit_Inp Dealer'

2019-10-22 12:24:41 - [MESSAGE][WARNING] - Timeout '0' is invalid. Using default page load timeout: '30'

2019-10-22 12:24:43 - [MESSAGE][PASSED] - Text 'AI TSO-JKT TEBET' has been set to element 'Object Repository/Simulasi Kredit/Simulasi Kredit - Simulasi Kredit/SimulasiKredit_Inp Dealer'

2019-10-22 12:24:43 - [TEST_STEP][PASSED] - delay(4, STOP_ON_FAILURE): Delayed 4 second(s)

2019-10-22 12:24:47 - [MESSAGE][PASSED] - Delayed 4 second(s)

2019-10-22 12:24:47 - [TEST_STEP][PASSED] - tap(findTestObject("Simulasi Kredit/Simulasi Kredit - Simulasi Kredit/SimulasiKredit_LOV Dealer"), 0): Tapped on element 'Object Repository/Simulasi Kredit/Simulasi Kredit - Simulasi Kredit/SimulasiKredit_LOV Dealer'

2019-10-22 12:24:47 - [MESSAGE][WARNING] - Timeout '0' is invalid. Using default page load timeout: '30'

2019-10-22 12:24:49 - [MESSAGE][PASSED] - Tapped on element 'Object Repository/Simulasi Kredit/Simulasi Kredit - Simulasi Kredit/SimulasiKredit_LOV Dealer'

2019-10-22 12:24:49 - [TEST_STEP][NOT_RUN] - setText(findTestObject("Simulasi Kredit/Simulasi Kredit - Simulasi Kredit/SimulasiKredit_Inp Sales Dealer"), varSales, 0): NOT_RUN: setText(findTestObject("Simulasi Kredit/Simulasi Kredit - Simulasi Kredit/SimulasiKredit_Inp Sales Dealer"), varSales, 0)

2019-10-22 12:24:49 - [MESSAGE][NOT_RUN] - NOT_RUN: setText(findTestObject("Simulasi Kredit/Simulasi Kredit - Simulasi Kredit/SimulasiKredit_Inp Sales Dealer"), varSales, 0)

2019-10-22 12:24:49 - [TEST_STEP][PASSED] - tap(findTestObject("Simulasi Kredit/Simulasi Kredit - Simulasi Kredit/SimulasiKredit_Inp Sales Dealer"), 0): Tapped on element 'Object Repository/Simulasi Kredit/Simulasi Kredit - Simulasi Kredit/SimulasiKredit_Inp Sales Dealer'

2019-10-22 12:24:50 - [MESSAGE][WARNING] - Timeout '0' is invalid. Using default page load timeout: '30'

2019-10-22 12:24:52 - [MESSAGE][PASSED] - Tapped on element 'Object Repository/Simulasi Kredit/Simulasi Kredit - Simulasi Kredit/SimulasiKredit_Inp Sales Dealer'

2019-10-22 12:24:52 - [TEST_STEP][PASSED] - tap(findTestObject("Simulasi Kredit/Simulasi Kredit - Simulasi Kredit/SimulasiKredit_LOV Sales Dealer"), 0): Tapped on element 'Object Repository/Simulasi Kredit/Simulasi Kredit - Simulasi Kredit/SimulasiKredit_LOV Sales Dealer'

2019-10-22 12:24:53 - [MESSAGE][WARNING] - Timeout '0' is invalid. Using default page load timeout: '30'

2019-10-22 12:24:57 - [MESSAGE][PASSED] - Tapped on element 'Object Repository/Simulasi Kredit/Simulasi Kredit - Simulasi Kredit/SimulasiKredit_LOV Sales Dealer'

2019-10-22 12:24:57 - [TEST_STEP][PASSED] - tap(findTestObject("Simulasi Kredit/Simulasi Kredit - Simulasi Kredit/SimulasiKredit_Btn Hitung"), 0): Tapped on element 'Object Repository/Simulasi Kredit/Simulasi Kredit - Simulasi Kredit/SimulasiKredit_Btn Hitung'

2019-10-22 12:24:57 - [MESSAGE][WARNING] - Timeout '0' is invalid. Using default page load timeout: '30'

2019-10-22 12:25:02 - [MESSAGE][PASSED] - Tapped on element 'Object Repository/Simulasi Kredit/Simulasi Kredit - Simulasi Kredit/SimulasiKredit_Btn Hitung'

2019-10-22 12:25:02 - [TEST_STEP][PASSED] - verifyElementVisible(findTestObject("Simulasi Kredit/TxtBerhasilMelakukanPerhitungan"), 60, OPTIONAL): Element 'Object Repository/Simulasi Kredit/TxtBerhasilMelakukanPerhitungan' is visible

2019-10-22 12:25:03 - [MESSAGE][PASSED] - Element 'Object Repository/Simulasi Kredit/TxtBerhasilMelakukanPerhitungan' is visible

2019-10-22 12:25:03 - [TEST_STEP][PASSED] - tap(findTestObject("Simulasi Kredit/Simulasi Kredit - Simulasi Kredit/SimulasiKredit_Btn Berikutnya"), 0): Tapped on element 'Object Repository/Simulasi Kredit/Simulasi Kredit - Simulasi Kredit/SimulasiKredit_Btn Berikutnya'

2019-10-22 12:25:03 - [MESSAGE][WARNING] - Timeout '0' is invalid. Using default page load timeout: '30'

2019-10-22 12:25:05 - [MESSAGE][PASSED] - Tapped on element 'Object Repository/Simulasi Kredit/Simulasi Kredit - Simulasi Kredit/SimulasiKredit_Btn Berikutnya'

2019-10-22 12:25:05 - [TEST_STEP][PASSED] - delay(1, STOP_ON_FAILURE): Delayed 1 second(s)

2019-10-22 12:25:06 - [MESSAGE][PASSED] - Delayed 1 second(s)

2019-10-22 12:25:06 - [MESSAGE][PASSED] - Call Test Case 'Test Cases/Data Entry/Simulasi Kredit/Simulasi Kredit/MASTER FLOW/TC_Simulasi Kredit - MASTER FLOW' successfully

2019-10-22 12:25:06 - [TEST_STEP][PASSED] - callTestCase(findTestCase("Data Entry/Simulasi Kredit/Simulasi Kredit - Asuransi/MASTER FLOW/TC_Asuransi - MASTER FLOW"), ["varAsuransi":varAsuransi, "varKodeWilayah":varKodeWilayah, "varTipeAsuransi":varTipeAsuransi, "varPenggunaanUnit":varPenggunaanUnit, ... ], STOP_ON_FAILURE): Call Test Case 'Test Cases/Data Entry/Simulasi Kredit/Simulasi Kredit - Asuransi/MASTER FLOW/TC_Asuransi - MASTER FLOW' successfully

2019-10-22 12:25:06 - [TEST_CASE][PASSED] - Test Cases/Data Entry/Simulasi Kredit/Simulasi Kredit - Asuransi/MASTER FLOW/TC_Asuransi - MASTER FLOW: Test Cases/Data Entry/Simulasi Kredit/Simulasi Kredit - Asuransi/MASTER FLOW/TC_Asuransi - MASTER FLOW

2019-10-22 12:25:06 - [TEST_STEP][PASSED] - delay(2, STOP_ON_FAILURE): Delayed 2 second(s)

2019-10-22 12:25:08 - [MESSAGE][PASSED] - Delayed 2 second(s)

2019-10-22 12:25:08 - [TEST_STEP][PASSED] - if (varTipeAsuransi == "int"): Tapped on element 'Object Repository/Simulasi Kredit/Simulasi Kredit - Asuransi/Asuransi_Tipe Asuransi Int'

2019-10-22 12:25:08 - [TEST_STEP][PASSED] - tap(findTestObject("Simulasi Kredit/Simulasi Kredit - Asuransi/Asuransi_Tipe Asuransi Int"), 0): Tapped on element 'Object Repository/Simulasi Kredit/Simulasi Kredit - Asuransi/Asuransi_Tipe Asuransi Int'

2019-10-22 12:25:08 - [MESSAGE][WARNING] - Timeout '0' is invalid. Using default page load timeout: '30'

2019-10-22 12:25:11 - [MESSAGE][PASSED] - Tapped on element 'Object Repository/Simulasi Kredit/Simulasi Kredit - Asuransi/Asuransi_Tipe Asuransi Int'

2019-10-22 12:25:11 - [TEST_STEP][PASSED] - if (varPenggunaanUnit == "pribadi"): Tapped on element 'Object Repository/Simulasi Kredit/Simulasi Kredit - Asuransi/Asuransi_PenggunaanUnit Prbd'

2019-10-22 12:25:11 - [TEST_STEP][PASSED] - tap(findTestObject("Simulasi Kredit/Simulasi Kredit - Asuransi/Asuransi_PenggunaanUnit Prbd"), 0): Tapped on element 'Object Repository/Simulasi Kredit/Simulasi Kredit - Asuransi/Asuransi_PenggunaanUnit Prbd'

2019-10-22 12:25:11 - [MESSAGE][WARNING] - Timeout '0' is invalid. Using default page load timeout: '30'

2019-10-22 12:25:12 - [MESSAGE][PASSED] - Tapped on element 'Object Repository/Simulasi Kredit/Simulasi Kredit - Asuransi/Asuransi_PenggunaanUnit Prbd'

2019-10-22 12:25:12 - [TEST_STEP][PASSED] - tap(findTestObject("Simulasi Kredit/Simulasi Kredit - Asuransi/Asuransi_Nama Asuransi"), 0): Tapped on element 'Object Repository/Simulasi Kredit/Simulasi Kredit - Asuransi/Asuransi_Nama Asuransi'

2019-10-22 12:25:12 - [MESSAGE][WARNING] - Timeout '0' is invalid. Using default page load timeout: '30'

2019-10-22 12:25:15 - [MESSAGE][PASSED] - Tapped on element 'Object Repository/Simulasi Kredit/Simulasi Kredit - Asuransi/Asuransi_Nama Asuransi'

2019-10-22 12:25:15 - [TEST_STEP][PASSED] - setText(findTestObject("Simulasi Kredit/Simulasi Kredit - Asuransi/Asuransi_Nama Asuransi"), varAsuransi, 0): Text '305001' has been set to element 'Object Repository/Simulasi Kredit/Simulasi Kredit - Asuransi/Asuransi_Nama Asuransi'

2019-10-22 12:25:15 - [MESSAGE][WARNING] - Timeout '0' is invalid. Using default page load timeout: '30'

2019-10-22 12:25:19 - [MESSAGE][PASSED] - Text '305001' has been set to element 'Object Repository/Simulasi Kredit/Simulasi Kredit - Asuransi/Asuransi_Nama Asuransi'

2019-10-22 12:25:19 - [TEST_STEP][PASSED] - tap(findTestObject("Simulasi Kredit/Simulasi Kredit - Asuransi/Asuransi_LOV Nama Asuransi"), 0): Tapped on element 'Object Repository/Simulasi Kredit/Simulasi Kredit - Asuransi/Asuransi_LOV Nama Asuransi'

2019-10-22 12:25:19 - [MESSAGE][WARNING] - Timeout '0' is invalid. Using default page load timeout: '30'

2019-10-22 12:25:22 - [MESSAGE][PASSED] - Tapped on element 'Object Repository/Simulasi Kredit/Simulasi Kredit - Asuransi/Asuransi_LOV Nama Asuransi'

2019-10-22 12:25:22 - [TEST_STEP][PASSED] - tap(findTestObject("Simulasi Kredit/Simulasi Kredit - Asuransi/Asuransi_KDWilayah"), 0): Tapped on element 'Object Repository/Simulasi Kredit/Simulasi Kredit - Asuransi/Asuransi_KDWilayah'

2019-10-22 12:25:22 - [MESSAGE][WARNING] - Timeout '0' is invalid. Using default page load timeout: '30'

2019-10-22 12:25:25 - [MESSAGE][PASSED] - Tapped on element 'Object Repository/Simulasi Kredit/Simulasi Kredit - Asuransi/Asuransi_KDWilayah'

2019-10-22 12:25:25 - [TEST_STEP][PASSED] - tap(findTestObject("dynamic object/pickListItem_checkedTextView", ["text":varKodeWilayah]), 0): Tapped on element 'Object Repository/dynamic object/pickListItem_checkedTextView'

2019-10-22 12:25:25 - [MESSAGE][WARNING] - Timeout '0' is invalid. Using default page load timeout: '30'

2019-10-22 12:25:26 - [MESSAGE][PASSED] - Tapped on element 'Object Repository/dynamic object/pickListItem_checkedTextView'

2019-10-22 12:25:26 - [TEST_STEP][PASSED] - mobile.mobileSwipe.UpDown(0.8, 0.4, 1000): mobile.mobileSwipe.UpDown is PASSED

2019-10-22 12:25:27 - [MESSAGE][PASSED] - Current device physical height is 2131

2019-10-22 12:25:27 - [MESSAGE][INFO] - Device Height : 2131

2019-10-22 12:25:29 - [MESSAGE][PASSED] - Current device physical width is 1080

2019-10-22 12:25:29 - [MESSAGE][INFO] - Device Width : 1080

2019-10-22 12:25:29 - [MESSAGE][INFO] - Swipe start at Height : 1704

2019-10-22 12:25:29 - [MESSAGE][INFO] - Swipe end at Height : 852

2019-10-22 12:25:29 - [MESSAGE][INFO] - X Position : 1000

2019-10-22 12:25:31 - [MESSAGE][PASSED] - Swiped from 1,000,1,704 to 1,000,852

2019-10-22 12:25:31 - [MESSAGE][PASSED] - mobile.mobileSwipe.UpDown is PASSED

2019-10-22 12:25:31 - [TEST_STEP][PASSED] - if (varPembayaranAsuransi == "AR"): Tapped on element 'Object Repository/Simulasi Kredit/Simulasi Kredit - Asuransi/asuransi_BtnCashPlus'

2019-10-22 12:25:31 - [TEST_STEP][PASSED] - tap(findTestObject("Simulasi Kredit/Simulasi Kredit - Asuransi/asuransi_BtnARPlus"), 0): Tapped on element 'Object Repository/Simulasi Kredit/Simulasi Kredit - Asuransi/asuransi_BtnARPlus'

2019-10-22 12:25:31 - [MESSAGE][WARNING] - Timeout '0' is invalid. Using default page load timeout: '30'

2019-10-22 12:25:33 - [MESSAGE][PASSED] - Tapped on element 'Object Repository/Simulasi Kredit/Simulasi Kredit - Asuransi/asuransi_BtnARPlus'

2019-10-22 12:25:33 - [TEST_STEP][PASSED] - tap(findTestObject("Simulasi Kredit/Simulasi Kredit - Asuransi/asuransi_BtnCashPlus"), 0): Tapped on element 'Object Repository/Simulasi Kredit/Simulasi Kredit - Asuransi/asuransi_BtnCashPlus'

2019-10-22 12:25:33 - [MESSAGE][WARNING] - Timeout '0' is invalid. Using default page load timeout: '30'

2019-10-22 12:25:35 - [MESSAGE][PASSED] - Tapped on element 'Object Repository/Simulasi Kredit/Simulasi Kredit - Asuransi/asuransi_BtnCashPlus'

2019-10-22 12:25:35 - [TEST_STEP][PASSED] - delay(2, STOP_ON_FAILURE): Delayed 2 second(s)

2019-10-22 12:25:37 - [MESSAGE][PASSED] - Delayed 2 second(s)

2019-10-22 12:25:37 - [TEST_STEP][PASSED] - mobile.mobileSwipe.UpDown(0.8, 0.4, 1000): mobile.mobileSwipe.UpDown is PASSED

2019-10-22 12:25:38 - [MESSAGE][PASSED] - Current device physical height is 2131

2019-10-22 12:25:38 - [MESSAGE][INFO] - Device Height : 2131

2019-10-22 12:25:39 - [MESSAGE][PASSED] - Current device physical width is 1080

2019-10-22 12:25:39 - [MESSAGE][INFO] - Device Width : 1080

2019-10-22 12:25:39 - [MESSAGE][INFO] - Swipe start at Height : 1704

2019-10-22 12:25:39 - [MESSAGE][INFO] - Swipe end at Height : 852

2019-10-22 12:25:39 - [MESSAGE][INFO] - X Position : 1000

2019-10-22 12:25:42 - [MESSAGE][PASSED] - Swiped from 1,000,1,704 to 1,000,852

2019-10-22 12:25:42 - [MESSAGE][PASSED] - mobile.mobileSwipe.UpDown is PASSED

2019-10-22 12:25:42 - [TEST_STEP][PASSED] - tap(findTestObject("Simulasi Kredit/Simulasi Kredit - Asuransi/Asuransi_Hitung"), 0): Tapped on element 'Object Repository/Simulasi Kredit/Simulasi Kredit - Asuransi/Asuransi_Hitung'

2019-10-22 12:25:42 - [MESSAGE][WARNING] - Timeout '0' is invalid. Using default page load timeout: '30'

2019-10-22 12:25:44 - [MESSAGE][PASSED] - Tapped on element 'Object Repository/Simulasi Kredit/Simulasi Kredit - Asuransi/Asuransi_Hitung'

2019-10-22 12:25:44 - [TEST_STEP][PASSED] - verifyElementVisible(findTestObject("Simulasi Kredit/TxtBerhasilMelakukanPerhitungan"), 60, OPTIONAL): Element 'Object Repository/Simulasi Kredit/TxtBerhasilMelakukanPerhitungan' is visible

2019-10-22 12:25:53 - [MESSAGE][PASSED] - Element 'Object Repository/Simulasi Kredit/TxtBerhasilMelakukanPerhitungan' is visible

2019-10-22 12:25:53 - [TEST_STEP][PASSED] - tap(findTestObject("Simulasi Kredit/Simulasi Kredit - Asuransi/Asuransi_Berikutnya"), 0): Tapped on element 'Object Repository/Simulasi Kredit/Simulasi Kredit - Asuransi/Asuransi_Berikutnya'

2019-10-22 12:25:53 - [MESSAGE][WARNING] - Timeout '0' is invalid. Using default page load timeout: '30'

2019-10-22 12:25:55 - [MESSAGE][PASSED] - Tapped on element 'Object Repository/Simulasi Kredit/Simulasi Kredit - Asuransi/Asuransi_Berikutnya'

2019-10-22 12:25:55 - [MESSAGE][PASSED] - Call Test Case 'Test Cases/Data Entry/Simulasi Kredit/Simulasi Kredit - Asuransi/MASTER FLOW/TC_Asuransi - MASTER FLOW' successfully

2019-10-22 12:25:55 - [TEST_STEP][PASSED] - callTestCase(findTestCase("Data Entry/Simulasi Kredit/Kategori Loan/MASTER FLOW/TC_Kategori Loan - Master FLOW"), ["varTipeAplikasi":"CF", "varTipePelanggan":"personal", "varObjekPembiayaan":"PB", "varTujuanPembiayaan":"produktif", "varJaminanPembiayaan":"MOBIL", ... ], STOP_ON_FAILURE): Call Test Case 'Test Cases/Data Entry/Simulasi Kredit/Kategori Loan/MASTER FLOW/TC_Kategori Loan - Master FLOW' successfully

2019-10-22 12:25:55 - [TEST_CASE][PASSED] - Test Cases/Data Entry/Simulasi Kredit/Kategori Loan/MASTER FLOW/TC_Kategori Loan - Master FLOW: Test Cases/Data Entry/Simulasi Kredit/Kategori Loan/MASTER FLOW/TC_Kategori Loan - Master FLOW

2019-10-22 12:25:55 - [TEST_STEP][PASSED] - if (varTipeAplikasi == "CF"): Tapped on element 'Object Repository/Simulasi Kredit/Simulasi Kredit - Kategori Loan/KategoriLoan_TipeApp CF'

2019-10-22 12:25:55 - [TEST_STEP][PASSED] - tap(findTestObject("Simulasi Kredit/Simulasi Kredit - Kategori Loan/KategoriLoan_TipeApp CF"), 0): Tapped on element 'Object Repository/Simulasi Kredit/Simulasi Kredit - Kategori Loan/KategoriLoan_TipeApp CF'

2019-10-22 12:25:55 - [MESSAGE][WARNING] - Timeout '0' is invalid. Using default page load timeout: '30'

2019-10-22 12:25:58 - [MESSAGE][PASSED] - Tapped on element 'Object Repository/Simulasi Kredit/Simulasi Kredit - Kategori Loan/KategoriLoan_TipeApp CF'

2019-10-22 12:25:58 - [TEST_STEP][PASSED] - delay(2, STOP_ON_FAILURE): Delayed 2 second(s)

2019-10-22 12:26:00 - [MESSAGE][PASSED] - Delayed 2 second(s)

2019-10-22 12:26:00 - [TEST_STEP][PASSED] - if (varTipePelanggan == "personal"): Tapped on element 'Object Repository/Simulasi Kredit/Simulasi Kredit - Kategori Loan/KategoriLoan_TipePlgn Personal'

2019-10-22 12:26:00 - [TEST_STEP][PASSED] - tap(findTestObject("Simulasi Kredit/Simulasi Kredit - Kategori Loan/KategoriLoan_TipePlgn Personal"), 0): Tapped on element 'Object Repository/Simulasi Kredit/Simulasi Kredit - Kategori Loan/KategoriLoan_TipePlgn Personal'

2019-10-22 12:26:00 - [MESSAGE][WARNING] - Timeout '0' is invalid. Using default page load timeout: '30'

2019-10-22 12:26:02 - [MESSAGE][PASSED] - Tapped on element 'Object Repository/Simulasi Kredit/Simulasi Kredit - Kategori Loan/KategoriLoan_TipePlgn Personal'

2019-10-22 12:26:02 - [TEST_STEP][PASSED] - if (varObjekPembiayaan == "PB"): Tapped on element 'Object Repository/Simulasi Kredit/Simulasi Kredit - Kategori Loan/KategoriLoan_ObjekPembiayaan PB'

2019-10-22 12:26:02 - [TEST_STEP][PASSED] - tap(findTestObject("Simulasi Kredit/Simulasi Kredit - Kategori Loan/KategoriLoan_ObjekPembiayaan PB"), 0): Tapped on element 'Object Repository/Simulasi Kredit/Simulasi Kredit - Kategori Loan/KategoriLoan_ObjekPembiayaan PB'

2019-10-22 12:26:02 - [MESSAGE][WARNING] - Timeout '0' is invalid. Using default page load timeout: '30'

2019-10-22 12:26:04 - [MESSAGE][PASSED] - Tapped on element 'Object Repository/Simulasi Kredit/Simulasi Kredit - Kategori Loan/KategoriLoan_ObjekPembiayaan PB'

2019-10-22 12:26:04 - [TEST_STEP][PASSED] - if (varTujuanPembiayaan == "produktif"): Tapped on element 'Object Repository/Simulasi Kredit/Simulasi Kredit - Kategori Loan/KategoriLoan_Tujuan Produktif'

2019-10-22 12:26:04 - [TEST_STEP][PASSED] - tap(findTestObject("Simulasi Kredit/Simulasi Kredit - Kategori Loan/KategoriLoan_Tujuan Produktif"), 0): Tapped on element 'Object Repository/Simulasi Kredit/Simulasi Kredit - Kategori Loan/KategoriLoan_Tujuan Produktif'

2019-10-22 12:26:04 - [MESSAGE][WARNING] - Timeout '0' is invalid. Using default page load timeout: '30'

2019-10-22 12:26:07 - [MESSAGE][PASSED] - Tapped on element 'Object Repository/Simulasi Kredit/Simulasi Kredit - Kategori Loan/KategoriLoan_Tujuan Produktif'

2019-10-22 12:26:07 - [TEST_STEP][PASSED] - delay(3, STOP_ON_FAILURE): Delayed 3 second(s)

2019-10-22 12:26:10 - [MESSAGE][PASSED] - Delayed 3 second(s)

2019-10-22 12:26:10 - [TEST_STEP][NOT_RUN] - tap(findTestObject("Simulasi Kredit/Simulasi Kredit - Kategori Loan/Simulasi Kredit-Kategori loan - jaminan pembiayaan"), 0, OPTIONAL): NOT_RUN: tap(findTestObject("Simulasi Kredit/Simulasi Kredit - Kategori Loan/Simulasi Kredit-Kategori loan - jaminan pembiayaan"), 0, OPTIONAL)

2019-10-22 12:26:10 - [MESSAGE][NOT_RUN] - NOT_RUN: tap(findTestObject("Simulasi Kredit/Simulasi Kredit - Kategori Loan/Simulasi Kredit-Kategori loan - jaminan pembiayaan"), 0, OPTIONAL)

2019-10-22 12:26:10 - [TEST_STEP][NOT_RUN] - tap(findTestObject("dynamic object/pickListItem_checkedTextView", ["text":varJaminanPembiayaan]), 0, OPTIONAL): NOT_RUN: tap(findTestObject("dynamic object/pickListItem_checkedTextView", ["text":varJaminanPembiayaan]), 0, OPTIONAL)

2019-10-22 12:26:10 - [MESSAGE][NOT_RUN] - NOT_RUN: tap(findTestObject("dynamic object/pickListItem_checkedTextView", ["text":varJaminanPembiayaan]), 0, OPTIONAL)

2019-10-22 12:26:10 - [TEST_STEP][PASSED] - switch (varOpsiNPWP.toString()): null

2019-10-22 12:26:10 - [TEST_STEP][PASSED] - case "Approval":: null

2019-10-22 12:26:10 - [TEST_STEP][PASSED] - tap(findTestObject("Simulasi Kredit/Simulasi Kredit - Kategori Loan/KategoriLoan_Opsi NPWP Approval"), 0): Tapped on element 'Object Repository/Simulasi Kredit/Simulasi Kredit - Kategori Loan/KategoriLoan_Opsi NPWP Approval'

2019-10-22 12:26:10 - [MESSAGE][WARNING] - Timeout '0' is invalid. Using default page load timeout: '30'

2019-10-22 12:26:12 - [MESSAGE][PASSED] - Tapped on element 'Object Repository/Simulasi Kredit/Simulasi Kredit - Kategori Loan/KategoriLoan_Opsi NPWP Approval'

2019-10-22 12:26:12 - [TEST_STEP][PASSED] - break: null

2019-10-22 12:26:12 - [TEST_STEP][PASSED] - delay(2, STOP_ON_FAILURE): Delayed 2 second(s)

2019-10-22 12:26:14 - [MESSAGE][PASSED] - Delayed 2 second(s)

2019-10-22 12:26:14 - [TEST_STEP][PASSED] - tap(findTestObject("Simulasi Kredit/Simulasi Kredit - Kategori Loan/KategoriLoan_Berikutnya"), 0): Tapped on element 'Object Repository/Simulasi Kredit/Simulasi Kredit - Kategori Loan/KategoriLoan_Berikutnya'

2019-10-22 12:26:14 - [MESSAGE][WARNING] - Timeout '0' is invalid. Using default page load timeout: '30'

2019-10-22 12:26:17 - [MESSAGE][PASSED] - Tapped on element 'Object Repository/Simulasi Kredit/Simulasi Kredit - Kategori Loan/KategoriLoan_Berikutnya'

2019-10-22 12:26:17 - [MESSAGE][PASSED] - Call Test Case 'Test Cases/Data Entry/Simulasi Kredit/Kategori Loan/MASTER FLOW/TC_Kategori Loan - Master FLOW' successfully

2019-10-22 12:26:17 - [TEST_STEP][PASSED] - callTestCase(findTestCase("Data Entry/Simulasi Kredit/Loan Detail/MASTER FLOW/TC_Loan Detail - MASTER FLOW"), ["varTipeAngsuran":varTipeAngsuran], STOP_ON_FAILURE): Call Test Case 'Test Cases/Data Entry/Simulasi Kredit/Loan Detail/MASTER FLOW/TC_Loan Detail - MASTER FLOW' successfully

2019-10-22 12:26:17 - [TEST_CASE][PASSED] - Test Cases/Data Entry/Simulasi Kredit/Loan Detail/MASTER FLOW/TC_Loan Detail - MASTER FLOW: Test Cases/Data Entry/Simulasi Kredit/Loan Detail/MASTER FLOW/TC_Loan Detail - MASTER FLOW

2019-10-22 12:26:17 - [TEST_STEP][PASSED] - mobile.mobileSwipe.RightLeft(0.9, 0.5, 600): mobile.mobileSwipe.RightLeft is PASSED

2019-10-22 12:26:18 - [MESSAGE][PASSED] - Current device physical width is 1080

2019-10-22 12:26:19 - [MESSAGE][PASSED] - Current device physical height is 2131

2019-10-22 12:26:19 - [MESSAGE][INFO] - Device Height : 2131

2019-10-22 12:26:19 - [MESSAGE][INFO] - Device Width : 1080

2019-10-22 12:26:19 - [MESSAGE][INFO] - Swipe start at Width : 971

2019-10-22 12:26:19 - [MESSAGE][INFO] - Swipe end at Witdh : 540

2019-10-22 12:26:19 - [MESSAGE][INFO] - Y Position : 600

2019-10-22 12:26:22 - [MESSAGE][PASSED] - Swiped from 971,600 to 540,600

2019-10-22 12:26:22 - [MESSAGE][PASSED] - mobile.mobileSwipe.RightLeft is PASSED

2019-10-22 12:26:22 - [TEST_STEP][PASSED] - delay(3, STOP_ON_FAILURE): Delayed 3 second(s)

2019-10-22 12:26:25 - [MESSAGE][PASSED] - Delayed 3 second(s)

2019-10-22 12:26:25 - [TEST_STEP][PASSED] - if (varTipeAngsuran == "regular"): Tapped on element 'Object Repository/Simulasi Kredit/Simulasi Kredit - Loan Detail/LoanDetail_Regular'

2019-10-22 12:26:25 - [TEST_STEP][PASSED] - tap(findTestObject("Simulasi Kredit/Simulasi Kredit - Loan Detail/LoanDetail_Regular"), 0): Tapped on element 'Object Repository/Simulasi Kredit/Simulasi Kredit - Loan Detail/LoanDetail_Regular'

2019-10-22 12:26:25 - [MESSAGE][WARNING] - Timeout '0' is invalid. Using default page load timeout: '30'

2019-10-22 12:26:27 - [MESSAGE][PASSED] - Tapped on element 'Object Repository/Simulasi Kredit/Simulasi Kredit - Loan Detail/LoanDetail_Regular'

2019-10-22 12:26:27 - [TEST_STEP][PASSED] - mobile.mobileSwipe.UpDown(0.8, 0.4, 1000): mobile.mobileSwipe.UpDown is PASSED

2019-10-22 12:26:28 - [MESSAGE][PASSED] - Current device physical height is 2131

2019-10-22 12:26:28 - [MESSAGE][INFO] - Device Height : 2131

2019-10-22 12:26:30 - [MESSAGE][PASSED] - Current device physical width is 1080

2019-10-22 12:26:30 - [MESSAGE][INFO] - Device Width : 1080

2019-10-22 12:26:30 - [MESSAGE][INFO] - Swipe start at Height : 1704

2019-10-22 12:26:30 - [MESSAGE][INFO] - Swipe end at Height : 852

2019-10-22 12:26:30 - [MESSAGE][INFO] - X Position : 1000

2019-10-22 12:26:32 - [MESSAGE][PASSED] - Swiped from 1,000,1,704 to 1,000,852

2019-10-22 12:26:32 - [MESSAGE][PASSED] - mobile.mobileSwipe.UpDown is PASSED

2019-10-22 12:26:32 - [TEST_STEP][PASSED] - delay(7, STOP_ON_FAILURE): Delayed 7 second(s)

2019-10-22 12:26:39 - [MESSAGE][PASSED] - Delayed 7 second(s)

2019-10-22 12:26:39 - [TEST_STEP][PASSED] - tap(findTestObject("Simulasi Kredit/Simulasi Kredit - Loan Detail/LoanDetail_Hitung"), 0): Tapped on element 'Object Repository/Simulasi Kredit/Simulasi Kredit - Loan Detail/LoanDetail_Hitung'

2019-10-22 12:26:40 - [MESSAGE][WARNING] - Timeout '0' is invalid. Using default page load timeout: '30'

2019-10-22 12:26:43 - [MESSAGE][PASSED] - Tapped on element 'Object Repository/Simulasi Kredit/Simulasi Kredit - Loan Detail/LoanDetail_Hitung'

2019-10-22 12:26:43 - [TEST_STEP][PASSED] - verifyElementVisible(findTestObject("Simulasi Kredit/TxtBerhasilMelakukanPerhitungan"), 60, OPTIONAL): Element 'Object Repository/Simulasi Kredit/TxtBerhasilMelakukanPerhitungan' is visible

2019-10-22 12:27:24 - [MESSAGE][PASSED] - Element 'Object Repository/Simulasi Kredit/TxtBerhasilMelakukanPerhitungan' is visible

2019-10-22 12:27:24 - [TEST_STEP][PASSED] - tap(findTestObject("Simulasi Kredit/Simulasi Kredit - Loan Detail/LoanDetail_Berikutnya"), 0): Tapped on element 'Object Repository/Simulasi Kredit/Simulasi Kredit - Loan Detail/LoanDetail_Berikutnya'

2019-10-22 12:27:24 - [MESSAGE][WARNING] - Timeout '0' is invalid. Using default page load timeout: '30'

2019-10-22 12:27:27 - [MESSAGE][PASSED] - Tapped on element 'Object Repository/Simulasi Kredit/Simulasi Kredit - Loan Detail/LoanDetail_Berikutnya'

2019-10-22 12:27:27 - [TEST_STEP][PASSED] - delay(5, STOP_ON_FAILURE): Delayed 5 second(s)

2019-10-22 12:27:32 - [MESSAGE][PASSED] - Delayed 5 second(s)

2019-10-22 12:27:32 - [TEST_STEP][PASSED] - tap(findTestObject("Simulasi Kredit/Simulasi Kredit - Loan Detail/LoanDetail_Berikutnya"), 0): Tapped on element 'Object Repository/Simulasi Kredit/Simulasi Kredit - Loan Detail/LoanDetail_Berikutnya'

2019-10-22 12:27:32 - [MESSAGE][WARNING] - Timeout '0' is invalid. Using default page load timeout: '30'

2019-10-22 12:27:34 - [MESSAGE][PASSED] - Tapped on element 'Object Repository/Simulasi Kredit/Simulasi Kredit - Loan Detail/LoanDetail_Berikutnya'

2019-10-22 12:27:34 - [TEST_STEP][PASSED] - delay(5, STOP_ON_FAILURE): Delayed 5 second(s)

2019-10-22 12:27:39 - [MESSAGE][PASSED] - Delayed 5 second(s)

2019-10-22 12:27:39 - [MESSAGE][PASSED] - Call Test Case 'Test Cases/Data Entry/Simulasi Kredit/Loan Detail/MASTER FLOW/TC_Loan Detail - MASTER FLOW' successfully

2019-10-22 12:27:39 - [TEST_STEP][PASSED] - if (varUploadBorrower == "Y"): Call Test Case 'Test Cases/Data Entry/Upload Document/Borrower/MASTER FLOW/TC_Upload Document - borrower - MASTER FLOW' successfully

2019-10-22 12:27:39 - [TEST_STEP][PASSED] - callTestCase(findTestCase("Data Entry/Upload Document/Borrower/MASTER FLOW/TC_Upload Document - borrower - MASTER FLOW"), ["Borrower_varKTP":Borrower_varKTP, "Borrower_varSelfie":Borrower_varSelfie, "Borrower_varWefie":Borrower_varWefie, "Borrower_varKartuKeluarga":Borrower_varKartuKeluarga, ... ], STOP_ON_FAILURE): Call Test Case 'Test Cases/Data Entry/Upload Document/Borrower/MASTER FLOW/TC_Upload Document - borrower - MASTER FLOW' successfully

2019-10-22 12:27:39 - [TEST_CASE][PASSED] - Test Cases/Data Entry/Upload Document/Borrower/MASTER FLOW/TC_Upload Document - borrower - MASTER FLOW: Test Cases/Data Entry/Upload Document/Borrower/MASTER FLOW/TC_Upload Document - borrower - MASTER FLOW

2019-10-22 12:27:39 - [TEST_STEP][PASSED] - if (Borrower_varUploadKTP == "Y"): Delayed 3 second(s)

2019-10-22 12:27:39 - [TEST_STEP][PASSED] - tap(findTestObject("Upload Document/Upload Document - Item Upload/UnggahDokumen_BtnKTP"), 0): Tapped on element 'Object Repository/Upload Document/Upload Document - Item Upload/UnggahDokumen_BtnKTP'

2019-10-22 12:27:39 - [MESSAGE][WARNING] - Timeout '0' is invalid. Using default page load timeout: '30'

2019-10-22 12:27:42 - [MESSAGE][PASSED] - Tapped on element 'Object Repository/Upload Document/Upload Document - Item Upload/UnggahDokumen_BtnKTP'

2019-10-22 12:27:42 - [TEST_STEP][PASSED] - tap(findTestObject("Upload Document/Upload Document - Item Upload/UnggahDokumen_BtnGallery"), 0): Tapped on element 'Object Repository/Upload Document/Upload Document - Item Upload/UnggahDokumen_BtnGallery'

2019-10-22 12:27:42 - [MESSAGE][WARNING] - Timeout '0' is invalid. Using default page load timeout: '30'

2019-10-22 12:27:44 - [MESSAGE][PASSED] - Tapped on element 'Object Repository/Upload Document/Upload Document - Item Upload/UnggahDokumen_BtnGallery'

2019-10-22 12:27:44 - [TEST_STEP][PASSED] - scrollToText(Borrower_varKTP, STOP_ON_FAILURE): Scrolling to text 'abc.jpg' successfully

2019-10-22 12:27:47 - [MESSAGE][PASSED] - Scrolling to text 'abc.jpg' successfully

2019-10-22 12:27:47 - [TEST_STEP][PASSED] - tap(findTestObject("dynamic object/pickListItem_TextView", ["text":Borrower_varKTP]), 0): Tapped on element 'Object Repository/dynamic object/pickListItem_TextView'

2019-10-22 12:27:47 - [MESSAGE][WARNING] - Timeout '0' is invalid. Using default page load timeout: '30'

2019-10-22 12:27:49 - [MESSAGE][PASSED] - Tapped on element 'Object Repository/dynamic object/pickListItem_TextView'

2019-10-22 12:27:49 - [TEST_STEP][PASSED] - delay(3, STOP_ON_FAILURE): Delayed 3 second(s)

2019-10-22 12:27:52 - [MESSAGE][PASSED] - Delayed 3 second(s)

2019-10-22 12:27:52 - [TEST_STEP][PASSED] - if (Borrower_varUploadSelfie == "Y"): null

2019-10-22 12:27:52 - [TEST_STEP][PASSED] - if (Borrower_varWefie == "Y"): null

2019-10-22 12:27:52 - [TEST_STEP][PASSED] - if (Borrower_varKartuKeluarga == "Y"): null

2019-10-22 12:27:52 - [TEST_STEP][PASSED] - if (Borrower_varUploadSim == "Y"): null

2019-10-22 12:27:52 - [TEST_STEP][PASSED] - if (Borrower_varUploadNPWP == "Y"): null

2019-10-22 12:27:52 - [TEST_STEP][PASSED] - if (Borrower_varUploadSTNK == "Y"): null

2019-10-22 12:27:52 - [TEST_STEP][PASSED] - if (Borrower_varUploadSlipGaji == "Y"): null

2019-10-22 12:27:52 - [MESSAGE][PASSED] - Call Test Case 'Test Cases/Data Entry/Upload Document/Borrower/MASTER FLOW/TC_Upload Document - borrower - MASTER FLOW' successfully

2019-10-22 12:27:52 - [TEST_STEP][PASSED] - if (varUploadCoborrower == "Y"): null

2019-10-22 12:27:52 - [TEST_STEP][PASSED] - if (varUploadGuarantor == "Y"): null

2019-10-22 12:27:52 - [TEST_STEP][PASSED] - if (varUploadSales == "Y"): null

2019-10-22 12:27:52 - [TEST_STEP][PASSED] - mobile.mobileSwipe.RightLeft(0.9, 0.5, 1000): mobile.mobileSwipe.RightLeft is PASSED

2019-10-22 12:27:53 - [MESSAGE][PASSED] - Current device physical width is 1080

2019-10-22 12:27:54 - [MESSAGE][PASSED] - Current device physical height is 2131

2019-10-22 12:27:54 - [MESSAGE][INFO] - Device Height : 2131

2019-10-22 12:27:54 - [MESSAGE][INFO] - Device Width : 1080

2019-10-22 12:27:54 - [MESSAGE][INFO] - Swipe start at Width : 971

2019-10-22 12:27:54 - [MESSAGE][INFO] - Swipe end at Witdh : 540

2019-10-22 12:27:54 - [MESSAGE][INFO] - Y Position : 1000

2019-10-22 12:27:57 - [MESSAGE][PASSED] - Swiped from 971,1,000 to 540,1,000

2019-10-22 12:27:57 - [MESSAGE][PASSED] - mobile.mobileSwipe.RightLeft is PASSED

2019-10-22 12:27:57 - [TEST_STEP][PASSED] - waitForElementPresent(findTestObject("dynamic object/BtnBerikutnya"), 0): Element 'Object Repository/dynamic object/BtnBerikutnya' is present

2019-10-22 12:27:57 - [MESSAGE][WARNING] - Timeout '0' is invalid. Using default page load timeout: '30'

2019-10-22 12:27:58 - [MESSAGE][PASSED] - Element 'Object Repository/dynamic object/BtnBerikutnya' is present

2019-10-22 12:27:58 - [TEST_STEP][PASSED] - tap(findTestObject("dynamic object/BtnBerikutnya"), 0): Tapped on element 'Object Repository/dynamic object/BtnBerikutnya'

2019-10-22 12:27:58 - [MESSAGE][WARNING] - Timeout '0' is invalid. Using default page load timeout: '30'

2019-10-22 12:28:01 - [MESSAGE][PASSED] - Tapped on element 'Object Repository/dynamic object/BtnBerikutnya'

2019-10-22 12:28:01 - [TEST_STEP][PASSED] - callTestCase(findTestCase("Data Entry/Borrower/Flow Borrower"), ["BvarPekerjaanTab":BvarPekerjaanTab, "BvarUsahaTab":BvarUsahaTab, "BIvarTahun":BIvarTahun, "BIvarNoKTP":BIvarNoKTP, "BIvarNamaSesuaiIdentitas":BIvarNamaSesuaiIdentitas, ... ], STOP_ON_FAILURE): Call Test Case 'Test Cases/Data Entry/Borrower/Flow Borrower' successfully

2019-10-22 12:28:01 - [TEST_CASE][PASSED] - Test Cases/Data Entry/Borrower/Flow Borrower: Test Cases/Data Entry/Borrower/Flow Borrower

2019-10-22 12:28:01 - [TEST_STEP][PASSED] - callTestCase(findTestCase("Data Entry/Borrower/Borrower - Identitas/MASTER FLOW/TC_Borrower - Identitas - MASTER FLOW"), ["BIvarTahun":BIvarTahun, "BIvarNoKTP":BIvarNoKTP, "BIvarNamaSesuaiIdentitas":BIvarNamaSesuaiIdentitas, "BIvarTempatLahir":BIvarTempatLahir, ... ], STOP_ON_FAILURE): Call Test Case 'Test Cases/Data Entry/Borrower/Borrower - Identitas/MASTER FLOW/TC_Borrower - Identitas - MASTER FLOW' successfully

2019-10-22 12:28:01 - [TEST_CASE][PASSED] - Test Cases/Data Entry/Borrower/Borrower - Identitas/MASTER FLOW/TC_Borrower - Identitas - MASTER FLOW: Test Cases/Data Entry/Borrower/Borrower - Identitas/MASTER FLOW/TC_Borrower - Identitas - MASTER FLOW

2019-10-22 12:28:01 - [TEST_STEP][PASSED] - verifyElementVisible(findTestObject("Borrower/Borrower - Identitas/Borrower-Identitas-WNI"), 60, OPTIONAL): Element 'Object Repository/Borrower/Borrower - Identitas/Borrower-Identitas-WNI' is visible

2019-10-22 12:28:24 - [MESSAGE][PASSED] - Element 'Object Repository/Borrower/Borrower - Identitas/Borrower-Identitas-WNI' is visible

2019-10-22 12:28:24 - [TEST_STEP][PASSED] - if (BIvarKewarganegaraan == "WNI"): Tapped on element 'Object Repository/Borrower/Borrower - Identitas/Borrower-Identitas-WNI'

2019-10-22 12:28:24 - [TEST_STEP][PASSED] - tap(findTestObject("Borrower/Borrower - Identitas/Borrower-Identitas-WNI"), 0): Tapped on element 'Object Repository/Borrower/Borrower - Identitas/Borrower-Identitas-WNI'

2019-10-22 12:28:24 - [MESSAGE][WARNING] - Timeout '0' is invalid. Using default page load timeout: '30'

2019-10-22 12:28:26 - [MESSAGE][PASSED] - Tapped on element 'Object Repository/Borrower/Borrower - Identitas/Borrower-Identitas-WNI'

2019-10-22 12:28:26 - [TEST_STEP][PASSED] - setText(findTestObject("Borrower/Borrower - Identitas/Borrower_InpNoKTP"), BIvarNoKTP, 0): Text '3471095110940001' has been set to element 'Object Repository/Borrower/Borrower - Identitas/Borrower_InpNoKTP'

2019-10-22 12:28:26 - [MESSAGE][WARNING] - Timeout '0' is invalid. Using default page load timeout: '30'

2019-10-22 12:28:29 - [MESSAGE][PASSED] - Text '3471095110940001' has been set to element 'Object Repository/Borrower/Borrower - Identitas/Borrower_InpNoKTP'

2019-10-22 12:28:29 - [TEST_STEP][PASSED] - if (BIvarVerifikasi == "Ya"): mobile.mobileSwipe.UpDown is PASSED

2019-10-22 12:28:29 - [TEST_STEP][PASSED] - tap(findTestObject("Borrower/Borrower - Identitas/Borrower_BtnVerifikasiKTP"), 0): Tapped on element 'Object Repository/Borrower/Borrower - Identitas/Borrower_BtnVerifikasiKTP'

2019-10-22 12:28:29 - [MESSAGE][WARNING] - Timeout '0' is invalid. Using default page load timeout: '30'

2019-10-22 12:28:34 - [MESSAGE][PASSED] - Tapped on element 'Object Repository/Borrower/Borrower - Identitas/Borrower_BtnVerifikasiKTP'

2019-10-22 12:28:34 - [TEST_STEP][PASSED] - mobile.mobileSwipe.UpDown(0.8, 0.2, 1000): mobile.mobileSwipe.UpDown is PASSED

2019-10-22 12:28:35 - [MESSAGE][PASSED] - Current device physical height is 2131

2019-10-22 12:28:35 - [MESSAGE][INFO] - Device Height : 2131

2019-10-22 12:28:36 - [MESSAGE][PASSED] - Current device physical width is 1080

2019-10-22 12:28:36 - [MESSAGE][INFO] - Device Width : 1080

2019-10-22 12:28:36 - [MESSAGE][INFO] - Swipe start at Height : 1704

2019-10-22 12:28:36 - [MESSAGE][INFO] - Swipe end at Height : 426

2019-10-22 12:28:36 - [MESSAGE][INFO] - X Position : 1000

2019-10-22 12:28:38 - [MESSAGE][PASSED] - Swiped from 1,000,1,704 to 1,000,426

2019-10-22 12:28:38 - [MESSAGE][PASSED] - mobile.mobileSwipe.UpDown is PASSED

2019-10-22 12:28:38 - [TEST_STEP][PASSED] - tap(findTestObject("Borrower/Borrower - Identitas/Borrower_TxtAgama"), 0, STOP_ON_FAILURE): Tapped on element 'Object Repository/Borrower/Borrower - Identitas/Borrower_TxtAgama'

2019-10-22 12:28:38 - [MESSAGE][WARNING] - Timeout '0' is invalid. Using default page load timeout: '30'

2019-10-22 12:28:42 - [MESSAGE][PASSED] - Tapped on element 'Object Repository/Borrower/Borrower - Identitas/Borrower_TxtAgama'

2019-10-22 12:28:42 - [TEST_STEP][PASSED] - tap(findTestObject("dynamic object/pickListItem_checkedTextView", ["text":BIvarAgama]), 0, STOP_ON_FAILURE): Tapped on element 'Object Repository/dynamic object/pickListItem_checkedTextView'

2019-10-22 12:28:42 - [MESSAGE][WARNING] - Timeout '0' is invalid. Using default page load timeout: '30'

2019-10-22 12:28:43 - [MESSAGE][PASSED] - Tapped on element 'Object Repository/dynamic object/pickListItem_checkedTextView'

2019-10-22 12:28:43 - [TEST_STEP][PASSED] - tap(findTestObject("Borrower/Borrower - Identitas/Borrower_TxtStatusPerkawinan"), 0, STOP_ON_FAILURE): Tapped on element 'Object Repository/Borrower/Borrower - Identitas/Borrower_TxtStatusPerkawinan'

2019-10-22 12:28:43 - [MESSAGE][WARNING] - Timeout '0' is invalid. Using default page load timeout: '30'

2019-10-22 12:28:47 - [MESSAGE][PASSED] - Tapped on element 'Object Repository/Borrower/Borrower - Identitas/Borrower_TxtStatusPerkawinan'

2019-10-22 12:28:47 - [TEST_STEP][PASSED] - tap(findTestObject("dynamic object/pickListItem_checkedTextView", ["text":BIvarStatusPerkawinan]), 0, STOP_ON_FAILURE): Tapped on element 'Object Repository/dynamic object/pickListItem_checkedTextView'

2019-10-22 12:28:47 - [MESSAGE][WARNING] - Timeout '0' is invalid. Using default page load timeout: '30'

2019-10-22 12:28:48 - [MESSAGE][PASSED] - Tapped on element 'Object Repository/dynamic object/pickListItem_checkedTextView'

2019-10-22 12:28:48 - [MESSAGE][PASSED] - Call Test Case 'Test Cases/Data Entry/Borrower/Borrower - Identitas/MASTER FLOW/TC_Borrower - Identitas - MASTER FLOW' successfully

2019-10-22 12:28:48 - [TEST_STEP][PASSED] - mobile.mobileSwipe.RightLeft(0.9, 0.5, 1000): mobile.mobileSwipe.RightLeft is PASSED

2019-10-22 12:28:49 - [MESSAGE][PASSED] - Current device physical width is 1080

2019-10-22 12:28:50 - [MESSAGE][PASSED] - Current device physical height is 2131

2019-10-22 12:28:50 - [MESSAGE][INFO] - Device Height : 2131

2019-10-22 12:28:50 - [MESSAGE][INFO] - Device Width : 1080

2019-10-22 12:28:50 - [MESSAGE][INFO] - Swipe start at Width : 971

2019-10-22 12:28:50 - [MESSAGE][INFO] - Swipe end at Witdh : 540

2019-10-22 12:28:50 - [MESSAGE][INFO] - Y Position : 1000

2019-10-22 12:28:52 - [MESSAGE][PASSED] - Swiped from 971,1,000 to 540,1,000

2019-10-22 12:28:52 - [MESSAGE][PASSED] - mobile.mobileSwipe.RightLeft is PASSED

2019-10-22 12:28:52 - [TEST_STEP][PASSED] - mobile.mobileSwipe.UpDown(0.2, 0.8, 1000): mobile.mobileSwipe.UpDown is PASSED

2019-10-22 12:28:53 - [MESSAGE][PASSED] - Current device physical height is 2131

2019-10-22 12:28:53 - [MESSAGE][INFO] - Device Height : 2131

2019-10-22 12:28:54 - [MESSAGE][PASSED] - Current device physical width is 1080

2019-10-22 12:28:55 - [MESSAGE][INFO] - Device Width : 1080

2019-10-22 12:28:55 - [MESSAGE][INFO] - Swipe start at Height : 426

2019-10-22 12:28:55 - [MESSAGE][INFO] - Swipe end at Height : 1704

2019-10-22 12:28:55 - [MESSAGE][INFO] - X Position : 1000

2019-10-22 12:28:57 - [MESSAGE][PASSED] - Swiped from 1,000,426 to 1,000,1,704

2019-10-22 12:28:57 - [MESSAGE][PASSED] - mobile.mobileSwipe.UpDown is PASSED

2019-10-22 12:28:57 - [TEST_STEP][PASSED] - callTestCase(findTestCase("Data Entry/Borrower/Borrower - Info Umum/MASTER FLOW/TC_Borrower - Info Umum - MASTER FLOW"), ["BIUvarNamaLengkapTanpaSingkatan":BIUvarNamaLengkapTanpaSingkatan, "BIUvarNamaPanggilan":BIUvarNamaPanggilan, "BIUvarNoNPWP":BIUvarNoNPWP, ... ], STOP_ON_FAILURE): Call Test Case 'Test Cases/Data Entry/Borrower/Borrower - Info Umum/MASTER FLOW/TC_Borrower - Info Umum - MASTER FLOW' successfully

2019-10-22 12:28:57 - [TEST_CASE][PASSED] - Test Cases/Data Entry/Borrower/Borrower - Info Umum/MASTER FLOW/TC_Borrower - Info Umum - MASTER FLOW: Test Cases/Data Entry/Borrower/Borrower - Info Umum/MASTER FLOW/TC_Borrower - Info Umum - MASTER FLOW

2019-10-22 12:28:57 - [TEST_STEP][PASSED] - tap(findTestObject("Borrower/Borrower - Info Umum/Borrower_InpNamaLengkapTanpaSingkatan"), 0, STOP_ON_FAILURE): Tapped on element 'Object Repository/Borrower/Borrower - Info Umum/Borrower_InpNamaLengkapTanpaSingkatan'

2019-10-22 12:28:57 - [MESSAGE][WARNING] - Timeout '0' is invalid. Using default page load timeout: '30'

2019-10-22 12:29:00 - [MESSAGE][PASSED] - Tapped on element 'Object Repository/Borrower/Borrower - Info Umum/Borrower_InpNamaLengkapTanpaSingkatan'

2019-10-22 12:29:00 - [TEST_STEP][PASSED] - setText(findTestObject("Borrower/Borrower - Info Umum/Borrower_InpNamaLengkapTanpaSingkatan"), BIUvarNamaLengkapTanpaSingkatan, 0): Text 'FRANSISKA MAYA LESTARI' has been set to element 'Object Repository/Borrower/Borrower - Info Umum/Borrower_InpNamaLengkapTanpaSingkatan'

2019-10-22 12:29:01 - [MESSAGE][WARNING] - Timeout '0' is invalid. Using default page load timeout: '30'

2019-10-22 12:29:03 - [MESSAGE][PASSED] - Text 'FRANSISKA MAYA LESTARI' has been set to element 'Object Repository/Borrower/Borrower - Info Umum/Borrower_InpNamaLengkapTanpaSingkatan'

2019-10-22 12:29:03 - [TEST_STEP][PASSED] - setText(findTestObject("Borrower/Borrower - Info Umum/Borrower_InpNamaPanggilan"), BIUvarNamaPanggilan, 0): Text 'MAYA' has been set to element 'Object Repository/Borrower/Borrower - Info Umum/Borrower_InpNamaPanggilan'

2019-10-22 12:29:03 - [MESSAGE][WARNING] - Timeout '0' is invalid. Using default page load timeout: '30'

2019-10-22 12:29:05 - [MESSAGE][PASSED] - Text 'MAYA' has been set to element 'Object Repository/Borrower/Borrower - Info Umum/Borrower_InpNamaPanggilan'

2019-10-22 12:29:05 - [TEST_STEP][PASSED] - setText(findTestObject("Borrower/Borrower - Info Umum/Borrower_InpNoNPWP"), BIUvarNoNPWP, 0): Text '192487192471924' has been set to element 'Object Repository/Borrower/Borrower - Info Umum/Borrower_InpNoNPWP'

2019-10-22 12:29:06 - [MESSAGE][WARNING] - Timeout '0' is invalid. Using default page load timeout: '30'

2019-10-22 12:29:08 - [MESSAGE][PASSED] - Text '192487192471924' has been set to element 'Object Repository/Borrower/Borrower - Info Umum/Borrower_InpNoNPWP'

2019-10-22 12:29:08 - [TEST_STEP][PASSED] - setText(findTestObject("Borrower/Borrower - Info Umum/Borrower_InpNamaNPWP"), BIUvarNamaNPWP, 0): Text 'wwkwkwkwk' has been set to element 'Object Repository/Borrower/Borrower - Info Umum/Borrower_InpNamaNPWP'

2019-10-22 12:29:08 - [MESSAGE][WARNING] - Timeout '0' is invalid. Using default page load timeout: '30'

2019-10-22 12:29:12 - [MESSAGE][PASSED] - Text 'wwkwkwkwk' has been set to element 'Object Repository/Borrower/Borrower - Info Umum/Borrower_InpNamaNPWP'

2019-10-22 12:29:12 - [TEST_STEP][PASSED] - setText(findTestObject("Borrower/Borrower - Info Umum/Borrower_InpNamaIbuKandung"), BIUvarNamaIbuKandung, 0): Text 'yuhuu' has been set to element 'Object Repository/Borrower/Borrower - Info Umum/Borrower_InpNamaIbuKandung'

2019-10-22 12:29:12 - [MESSAGE][WARNING] - Timeout '0' is invalid. Using default page load timeout: '30'

2019-10-22 12:29:15 - [MESSAGE][PASSED] - Text 'yuhuu' has been set to element 'Object Repository/Borrower/Borrower - Info Umum/Borrower_InpNamaIbuKandung'

2019-10-22 12:29:15 - [TEST_STEP][PASSED] - mobile.mobileSwipe.UpDown(0.7, 0.2, 1000): mobile.mobileSwipe.UpDown is PASSED

2019-10-22 12:29:16 - [MESSAGE][PASSED] - Current device physical height is 2131

2019-10-22 12:29:16 - [MESSAGE][INFO] - Device Height : 2131

2019-10-22 12:29:17 - [MESSAGE][PASSED] - Current device physical width is 1080

2019-10-22 12:29:17 - [MESSAGE][INFO] - Device Width : 1080

2019-10-22 12:29:17 - [MESSAGE][INFO] - Swipe start at Height : 1491

2019-10-22 12:29:17 - [MESSAGE][INFO] - Swipe end at Height : 426

2019-10-22 12:29:17 - [MESSAGE][INFO] - X Position : 1000

2019-10-22 12:29:19 - [MESSAGE][PASSED] - Swiped from 1,000,1,491 to 1,000,426

2019-10-22 12:29:19 - [MESSAGE][PASSED] - mobile.mobileSwipe.UpDown is PASSED

2019-10-22 12:29:19 - [TEST_STEP][PASSED] - tap(findTestObject("Borrower/Borrower - Info Umum/Borrower_TxtPendidikan"), 0): Tapped on element 'Object Repository/Borrower/Borrower - Info Umum/Borrower_TxtPendidikan'

2019-10-22 12:29:19 - [MESSAGE][WARNING] - Timeout '0' is invalid. Using default page load timeout: '30'

2019-10-22 12:29:23 - [MESSAGE][PASSED] - Tapped on element 'Object Repository/Borrower/Borrower - Info Umum/Borrower_TxtPendidikan'

2019-10-22 12:29:23 - [TEST_STEP][PASSED] - tap(findTestObject("dynamic object/pickListItem_checkedTextView", ["text":BIUvarPendidikan]), 0): Tapped on element 'Object Repository/dynamic object/pickListItem_checkedTextView'

2019-10-22 12:29:23 - [MESSAGE][WARNING] - Timeout '0' is invalid. Using default page load timeout: '30'

2019-10-22 12:29:24 - [MESSAGE][PASSED] - Tapped on element 'Object Repository/dynamic object/pickListItem_checkedTextView'

2019-10-22 12:29:24 - [TEST_STEP][PASSED] - if (BIUvarAlamatMenyurat == "Domisili"): null

2019-10-22 12:29:24 - [TEST_STEP][PASSED] - setText(findTestObject("Borrower/Borrower - Info Umum/Borrower_InpAlamatEmail"), BIUvarAlamatEmail, 0): Text 'wkwkw@a.c' has been set to element 'Object Repository/Borrower/Borrower - Info Umum/Borrower_InpAlamatEmail'

2019-10-22 12:29:24 - [MESSAGE][WARNING] - Timeout '0' is invalid. Using default page load timeout: '30'

2019-10-22 12:29:27 - [MESSAGE][PASSED] - Text 'wkwkw@a.c' has been set to element 'Object Repository/Borrower/Borrower - Info Umum/Borrower_InpAlamatEmail'

2019-10-22 12:29:27 - [TEST_STEP][PASSED] - tap(findTestObject("Borrower/Borrower - Info Umum/Borrower_TxtSumberDanaUangMuka"), 0): Tapped on element 'Object Repository/Borrower/Borrower - Info Umum/Borrower_TxtSumberDanaUangMuka'

2019-10-22 12:29:27 - [MESSAGE][WARNING] - Timeout '0' is invalid. Using default page load timeout: '30'

2019-10-22 12:29:31 - [MESSAGE][PASSED] - Tapped on element 'Object Repository/Borrower/Borrower - Info Umum/Borrower_TxtSumberDanaUangMuka'

2019-10-22 12:29:31 - [TEST_STEP][PASSED] - tap(findTestObject("dynamic object/pickListItem_checkedTextView", ["text":BIUvarSumberDanaUangMuka]), 0): Tapped on element 'Object Repository/dynamic object/pickListItem_checkedTextView'

2019-10-22 12:29:31 - [MESSAGE][WARNING] - Timeout '0' is invalid. Using default page load timeout: '30'

2019-10-22 12:29:33 - [MESSAGE][PASSED] - Tapped on element 'Object Repository/dynamic object/pickListItem_checkedTextView'

2019-10-22 12:29:33 - [TEST_STEP][PASSED] - tap(findTestObject("Borrower/Borrower - Info Umum/Borrower_TxtSumberDanaAngsuran"), 0): Tapped on element 'Object Repository/Borrower/Borrower - Info Umum/Borrower_TxtSumberDanaAngsuran'

2019-10-22 12:29:33 - [MESSAGE][WARNING] - Timeout '0' is invalid. Using default page load timeout: '30'

2019-10-22 12:29:36 - [MESSAGE][PASSED] - Tapped on element 'Object Repository/Borrower/Borrower - Info Umum/Borrower_TxtSumberDanaAngsuran'

2019-10-22 12:29:36 - [TEST_STEP][PASSED] - tap(findTestObject("dynamic object/pickListItem_checkedTextView", ["text":BIUvarSumberDanaAngsuran]), 0): Tapped on element 'Object Repository/dynamic object/pickListItem_checkedTextView'

2019-10-22 12:29:36 - [MESSAGE][WARNING] - Timeout '0' is invalid. Using default page load timeout: '30'

2019-10-22 12:29:38 - [MESSAGE][PASSED] - Tapped on element 'Object Repository/dynamic object/pickListItem_checkedTextView'

2019-10-22 12:29:38 - [TEST_STEP][PASSED] - tap(findTestObject("Borrower/Borrower - Info Umum/Borrower_TxtKepemilikanDana"), 0): Tapped on element 'Object Repository/Borrower/Borrower - Info Umum/Borrower_TxtKepemilikanDana'

2019-10-22 12:29:38 - [MESSAGE][WARNING] - Timeout '0' is invalid. Using default page load timeout: '30'

2019-10-22 12:29:41 - [MESSAGE][PASSED] - Tapped on element 'Object Repository/Borrower/Borrower - Info Umum/Borrower_TxtKepemilikanDana'

2019-10-22 12:29:41 - [TEST_STEP][PASSED] - tap(findTestObject("dynamic object/pickListItem_checkedTextView", ["text":BIUvarKepemilikanDana]), 0): Tapped on element 'Object Repository/dynamic object/pickListItem_checkedTextView'

2019-10-22 12:29:41 - [MESSAGE][WARNING] - Timeout '0' is invalid. Using default page load timeout: '30'

2019-10-22 12:29:43 - [MESSAGE][PASSED] - Tapped on element 'Object Repository/dynamic object/pickListItem_checkedTextView'

2019-10-22 12:29:43 - [MESSAGE][PASSED] - Call Test Case 'Test Cases/Data Entry/Borrower/Borrower - Info Umum/MASTER FLOW/TC_Borrower - Info Umum - MASTER FLOW' successfully

2019-10-22 12:29:43 - [TEST_STEP][PASSED] - mobile.mobileSwipe.RightLeft(0.9, 0.5, 1000): mobile.mobileSwipe.RightLeft is PASSED

2019-10-22 12:29:44 - [MESSAGE][PASSED] - Current device physical width is 1080

2019-10-22 12:29:45 - [MESSAGE][PASSED] - Current device physical height is 2131

2019-10-22 12:29:45 - [MESSAGE][INFO] - Device Height : 2131

2019-10-22 12:29:45 - [MESSAGE][INFO] - Device Width : 1080

2019-10-22 12:29:45 - [MESSAGE][INFO] - Swipe start at Width : 971

2019-10-22 12:29:45 - [MESSAGE][INFO] - Swipe end at Witdh : 540

2019-10-22 12:29:45 - [MESSAGE][INFO] - Y Position : 1000

2019-10-22 12:29:47 - [MESSAGE][PASSED] - Swiped from 971,1,000 to 540,1,000

2019-10-22 12:29:47 - [MESSAGE][PASSED] - mobile.mobileSwipe.RightLeft is PASSED

2019-10-22 12:29:47 - [TEST_STEP][PASSED] - mobile.mobileSwipe.UpDown(0.2, 0.8, 1000): mobile.mobileSwipe.UpDown is PASSED

2019-10-22 12:29:48 - [MESSAGE][PASSED] - Current device physical height is 2131

2019-10-22 12:29:48 - [MESSAGE][INFO] - Device Height : 2131

2019-10-22 12:29:49 - [MESSAGE][PASSED] - Current device physical width is 1080

2019-10-22 12:29:49 - [MESSAGE][INFO] - Device Width : 1080

2019-10-22 12:29:49 - [MESSAGE][INFO] - Swipe start at Height : 426

2019-10-22 12:29:49 - [MESSAGE][INFO] - Swipe end at Height : 1704

2019-10-22 12:29:49 - [MESSAGE][INFO] - X Position : 1000

2019-10-22 12:29:51 - [MESSAGE][PASSED] - Swiped from 1,000,426 to 1,000,1,704

2019-10-22 12:29:51 - [MESSAGE][PASSED] - mobile.mobileSwipe.UpDown is PASSED

2019-10-22 12:29:51 - [TEST_STEP][PASSED] - tap(findTestObject("Borrower/Borrower - Info Umum/Borrower_TabDomisili"), 0): Tapped on element 'Object Repository/Borrower/Borrower - Info Umum/Borrower_TabDomisili'

2019-10-22 12:29:51 - [MESSAGE][WARNING] - Timeout '0' is invalid. Using default page load timeout: '30'

2019-10-22 12:29:54 - [MESSAGE][PASSED] - Tapped on element 'Object Repository/Borrower/Borrower - Info Umum/Borrower_TabDomisili'

2019-10-22 12:29:54 - [TEST_STEP][PASSED] - callTestCase(findTestCase("Data Entry/Borrower/Borrower - Domisili/MASTER FLOW/TC_Borrower - Domisili - MASTER FLOW"), ["BDvarAlamatLengkap":BDvarAlamatLengkap, "BDvarRT":BDvarRT, "BDvarRW":BDvarRW, "BDvarKodePos":BDvarKodePos, "BDvarNegaraDomisili":BDvarNegaraDomisili, ... ], STOP_ON_FAILURE): Call Test Case 'Test Cases/Data Entry/Borrower/Borrower - Domisili/MASTER FLOW/TC_Borrower - Domisili - MASTER FLOW' successfully

2019-10-22 12:29:54 - [TEST_CASE][PASSED] - Test Cases/Data Entry/Borrower/Borrower - Domisili/MASTER FLOW/TC_Borrower - Domisili - MASTER FLOW: Test Cases/Data Entry/Borrower/Borrower - Domisili/MASTER FLOW/TC_Borrower - Domisili - MASTER FLOW

2019-10-22 12:29:54 - [TEST_STEP][PASSED] - if (BDvarDomisili == "Tidak"): null

2019-10-22 12:29:54 - [TEST_STEP][PASSED] - else: Tapped on element 'Object Repository/Borrower/Borrower - Domisili/Borrower_BtnAlamatDomisiliSamaDenganIdentitas - Ya'

2019-10-22 12:29:54 - [TEST_STEP][PASSED] - tap(findTestObject("Borrower/Borrower - Domisili/Borrower_BtnAlamatDomisiliSamaDenganIdentitas - Ya"), 0, OPTIONAL): Tapped on element 'Object Repository/Borrower/Borrower - Domisili/Borrower_BtnAlamatDomisiliSamaDenganIdentitas - Ya'

2019-10-22 12:29:54 - [MESSAGE][WARNING] - Timeout '0' is invalid. Using default page load timeout: '30'

2019-10-22 12:29:57 - [MESSAGE][PASSED] - Tapped on element 'Object Repository/Borrower/Borrower - Domisili/Borrower_BtnAlamatDomisiliSamaDenganIdentitas - Ya'

2019-10-22 12:29:57 - [TEST_STEP][PASSED] - setText(findTestObject("Borrower/Borrower - Domisili/Borrower_InpNegaraDomisili"), BDvarNegaraDomisili, 0): Text 'INDONESIA' has been set to element 'Object Repository/Borrower/Borrower - Domisili/Borrower_InpNegaraDomisili'

2019-10-22 12:29:58 - [MESSAGE][WARNING] - Timeout '0' is invalid. Using default page load timeout: '30'

2019-10-22 12:30:00 - [MESSAGE][PASSED] - Text 'INDONESIA' has been set to element 'Object Repository/Borrower/Borrower - Domisili/Borrower_InpNegaraDomisili'

2019-10-22 12:30:00 - [TEST_STEP][PASSED] - mobile.mobileSwipe.UpDown(0.7, 0.3, 1000): mobile.mobileSwipe.UpDown is PASSED

2019-10-22 12:30:00 - [MESSAGE][PASSED] - Current device physical height is 2131

2019-10-22 12:30:00 - [MESSAGE][INFO] - Device Height : 2131

2019-10-22 12:30:01 - [MESSAGE][PASSED] - Current device physical width is 1080

2019-10-22 12:30:02 - [MESSAGE][INFO] - Device Width : 1080

2019-10-22 12:30:02 - [MESSAGE][INFO] - Swipe start at Height : 1491

2019-10-22 12:30:02 - [MESSAGE][INFO] - Swipe end at Height : 639

2019-10-22 12:30:02 - [MESSAGE][INFO] - X Position : 1000

2019-10-22 12:30:04 - [MESSAGE][PASSED] - Swiped from 1,000,1,491 to 1,000,639

2019-10-22 12:30:04 - [MESSAGE][PASSED] - mobile.mobileSwipe.UpDown is PASSED

2019-10-22 12:30:04 - [TEST_STEP][PASSED] - tap(findTestObject("Borrower/Borrower - Domisili/Borrower_InpNegaraDomisili"), 0, STOP_ON_FAILURE): Tapped on element 'Object Repository/Borrower/Borrower - Domisili/Borrower_InpNegaraDomisili'

2019-10-22 12:30:04 - [MESSAGE][WARNING] - Timeout '0' is invalid. Using default page load timeout: '30'

2019-10-22 12:30:07 - [MESSAGE][PASSED] - Tapped on element 'Object Repository/Borrower/Borrower - Domisili/Borrower_InpNegaraDomisili'

2019-10-22 12:30:07 - [TEST_STEP][PASSED] - tap(findTestObject("dynamic object/pickListItem_viewView", ["text":BDvarNegaraDomisili]), 0): Tapped on element 'Object Repository/dynamic object/pickListItem_viewView'

2019-10-22 12:30:08 - [MESSAGE][WARNING] - Timeout '0' is invalid. Using default page load timeout: '30'

2019-10-22 12:30:11 - [MESSAGE][PASSED] - Tapped on element 'Object Repository/dynamic object/pickListItem_viewView'

2019-10-22 12:30:11 - [TEST_STEP][PASSED] - mobile.mobileSwipe.UpDown(0.7, 0.4, 1000): mobile.mobileSwipe.UpDown is PASSED

2019-10-22 12:30:12 - [MESSAGE][PASSED] - Current device physical height is 2131

2019-10-22 12:30:12 - [MESSAGE][INFO] - Device Height : 2131

2019-10-22 12:30:14 - [MESSAGE][PASSED] - Current device physical width is 1080

2019-10-22 12:30:14 - [MESSAGE][INFO] - Device Width : 1080

2019-10-22 12:30:14 - [MESSAGE][INFO] - Swipe start at Height : 1491

2019-10-22 12:30:14 - [MESSAGE][INFO] - Swipe end at Height : 852

2019-10-22 12:30:14 - [MESSAGE][INFO] - X Position : 1000

2019-10-22 12:30:16 - [MESSAGE][PASSED] - Swiped from 1,000,1,491 to 1,000,852

2019-10-22 12:30:16 - [MESSAGE][PASSED] - mobile.mobileSwipe.UpDown is PASSED

2019-10-22 12:30:16 - [TEST_STEP][PASSED] - setText(findTestObject("Borrower/Borrower - Domisili/Borrower_InpPetunjukAlamat"), BDvarPetunjukAlamat, 0): Text 'sfsdfsfsdfs' has been set to element 'Object Repository/Borrower/Borrower - Domisili/Borrower_InpPetunjukAlamat'

2019-10-22 12:30:16 - [MESSAGE][WARNING] - Timeout '0' is invalid. Using default page load timeout: '30'

2019-10-22 12:30:18 - [MESSAGE][PASSED] - Text 'sfsdfsfsdfs' has been set to element 'Object Repository/Borrower/Borrower - Domisili/Borrower_InpPetunjukAlamat'

2019-10-22 12:30:18 - [TEST_STEP][PASSED] - tap(findTestObject("Borrower/Borrower - Domisili/Borrower_TxtTinggalSejakTahun"), 0): Tapped on element 'Object Repository/Borrower/Borrower - Domisili/Borrower_TxtTinggalSejakTahun'

2019-10-22 12:30:18 - [MESSAGE][WARNING] - Timeout '0' is invalid. Using default page load timeout: '30'

2019-10-22 12:30:22 - [MESSAGE][PASSED] - Tapped on element 'Object Repository/Borrower/Borrower - Domisili/Borrower_TxtTinggalSejakTahun'

2019-10-22 12:30:22 - [TEST_STEP][PASSED] - scrollToText(BDvarTinggalSejakTahun, STOP_ON_FAILURE): Scrolling to text '2000' successfully

2019-10-22 12:30:31 - [MESSAGE][PASSED] - Scrolling to text '2000' successfully

2019-10-22 12:30:31 - [TEST_STEP][PASSED] - tap(findTestObject("dynamic object/pickListItem_checkedTextView", ["text":BDvarTinggalSejakTahun]), 0): Tapped on element 'Object Repository/dynamic object/pickListItem_checkedTextView'

2019-10-22 12:30:31 - [MESSAGE][WARNING] - Timeout '0' is invalid. Using default page load timeout: '30'

2019-10-22 12:30:32 - [MESSAGE][PASSED] - Tapped on element 'Object Repository/dynamic object/pickListItem_checkedTextView'

2019-10-22 12:30:32 - [TEST_STEP][PASSED] - tap(findTestObject("Borrower/Borrower - Domisili/Borrower_TxtStatusTempatTinggal"), 0): Tapped on element 'Object Repository/Borrower/Borrower - Domisili/Borrower_TxtStatusTempatTinggal'

2019-10-22 12:30:33 - [MESSAGE][WARNING] - Timeout '0' is invalid. Using default page load timeout: '30'

2019-10-22 12:30:36 - [MESSAGE][PASSED] - Tapped on element 'Object Repository/Borrower/Borrower - Domisili/Borrower_TxtStatusTempatTinggal'

2019-10-22 12:30:36 - [TEST_STEP][PASSED] - tap(findTestObject("dynamic object/pickListItem_checkedTextView", ["text":BDvarStatusTempatTinggal]), 0): Tapped on element 'Object Repository/dynamic object/pickListItem_checkedTextView'

2019-10-22 12:30:36 - [MESSAGE][WARNING] - Timeout '0' is invalid. Using default page load timeout: '30'

2019-10-22 12:30:37 - [MESSAGE][PASSED] - Tapped on element 'Object Repository/dynamic object/pickListItem_checkedTextView'

2019-10-22 12:30:37 - [TEST_STEP][PASSED] - setText(findTestObject("Borrower/Borrower - Domisili/Borrower_InpKodeArea"), BDvarKodeArea, 0): Text '021' has been set to element 'Object Repository/Borrower/Borrower - Domisili/Borrower_InpKodeArea'

2019-10-22 12:30:37 - [MESSAGE][WARNING] - Timeout '0' is invalid. Using default page load timeout: '30'

2019-10-22 12:30:40 - [MESSAGE][PASSED] - Text '021' has been set to element 'Object Repository/Borrower/Borrower - Domisili/Borrower_InpKodeArea'

2019-10-22 12:30:40 - [TEST_STEP][PASSED] - setText(findTestObject("Borrower/Borrower - Domisili/Borrower_InpNoTelponFixedLine"), BDvarNoTelponFixedLine, 0): Text '2132132' has been set to element 'Object Repository/Borrower/Borrower - Domisili/Borrower_InpNoTelponFixedLine'

2019-10-22 12:30:40 - [MESSAGE][WARNING] - Timeout '0' is invalid. Using default page load timeout: '30'

2019-10-22 12:30:43 - [MESSAGE][PASSED] - Text '2132132' has been set to element 'Object Repository/Borrower/Borrower - Domisili/Borrower_InpNoTelponFixedLine'

2019-10-22 12:30:43 - [TEST_STEP][PASSED] - setText(findTestObject("Borrower/Borrower - Domisili/Borrower_InpTelponSelular"), BDvarTelponSelular, 0): Text '12938178923' has been set to element 'Object Repository/Borrower/Borrower - Domisili/Borrower_InpTelponSelular'

2019-10-22 12:30:43 - [MESSAGE][WARNING] - Timeout '0' is invalid. Using default page load timeout: '30'

2019-10-22 12:30:46 - [MESSAGE][PASSED] - Text '12938178923' has been set to element 'Object Repository/Borrower/Borrower - Domisili/Borrower_InpTelponSelular'

2019-10-22 12:30:46 - [TEST_STEP][PASSED] - if (BDvarROAO == "Ya"): null

2019-10-22 12:30:46 - [MESSAGE][PASSED] - Call Test Case 'Test Cases/Data Entry/Borrower/Borrower - Domisili/MASTER FLOW/TC_Borrower - Domisili - MASTER FLOW' successfully

2019-10-22 12:30:46 - [TEST_STEP][PASSED] - mobile.mobileSwipe.RightLeft(0.9, 0.5, 1000): mobile.mobileSwipe.RightLeft is PASSED

2019-10-22 12:30:47 - [MESSAGE][PASSED] - Current device physical width is 1080

2019-10-22 12:30:48 - [MESSAGE][PASSED] - Current device physical height is 2131

2019-10-22 12:30:48 - [MESSAGE][INFO] - Device Height : 2131

2019-10-22 12:30:48 - [MESSAGE][INFO] - Device Width : 1080

2019-10-22 12:30:48 - [MESSAGE][INFO] - Swipe start at Width : 971

2019-10-22 12:30:48 - [MESSAGE][INFO] - Swipe end at Witdh : 540

2019-10-22 12:30:48 - [MESSAGE][INFO] - Y Position : 1000

2019-10-22 12:30:50 - [MESSAGE][PASSED] - Swiped from 971,1,000 to 540,1,000

2019-10-22 12:30:50 - [MESSAGE][PASSED] - mobile.mobileSwipe.RightLeft is PASSED

2019-10-22 12:30:50 - [TEST_STEP][PASSED] - tap(findTestObject("Borrower/Borrower - Pekerjaan/Borrower_Pekerjaan_BtnDetailPekerjaan"), 0): Tapped on element 'Object Repository/Borrower/Borrower - Pekerjaan/Borrower_Pekerjaan_BtnDetailPekerjaan'

2019-10-22 12:30:50 - [MESSAGE][WARNING] - Timeout '0' is invalid. Using default page load timeout: '30'

2019-10-22 12:30:54 - [MESSAGE][PASSED] - Tapped on element 'Object Repository/Borrower/Borrower - Pekerjaan/Borrower_Pekerjaan_BtnDetailPekerjaan'

2019-10-22 12:30:54 - [TEST_STEP][PASSED] - if (BvarPekerjaanTab == "Ya"): Call Test Case 'Test Cases/Data Entry/Borrower/Borrower - Pekerjaan/MASTER FLOW/TC_Borrower - Pekerjaan - MASTER FLOW' successfully

2019-10-22 12:30:54 - [TEST_STEP][PASSED] - callTestCase(findTestCase("Data Entry/Borrower/Borrower - Pekerjaan/MASTER FLOW/TC_Borrower - Pekerjaan - MASTER FLOW"), ["BPvarPekerjaan":BPvarPekerjaan, "BPvarJabatan":BPvarJabatan, "BPvarDepartemen":BPvarDepartemen, "BPvarStatusKaryawan":BPvarStatusKaryawan, ... ], STOP_ON_FAILURE): Call Test Case 'Test Cases/Data Entry/Borrower/Borrower - Pekerjaan/MASTER FLOW/TC_Borrower - Pekerjaan - MASTER FLOW' successfully

2019-10-22 12:30:54 - [TEST_CASE][PASSED] - Test Cases/Data Entry/Borrower/Borrower - Pekerjaan/MASTER FLOW/TC_Borrower - Pekerjaan - MASTER FLOW: Test Cases/Data Entry/Borrower/Borrower - Pekerjaan/MASTER FLOW/TC_Borrower - Pekerjaan - MASTER FLOW

2019-10-22 12:30:54 - [TEST_STEP][PASSED] - setText(findTestObject("Borrower/Borrower - Pekerjaan/Borrower_Pekerjaan_InpPekerjaan"), BPvarPekerjaan, 0): Text 'ANGGOTA MILITER' has been set to element 'Object Repository/Borrower/Borrower - Pekerjaan/Borrower_Pekerjaan_InpPekerjaan'

2019-10-22 12:30:54 - [MESSAGE][WARNING] - Timeout '0' is invalid. Using default page load timeout: '30'

2019-10-22 12:30:57 - [MESSAGE][PASSED] - Text 'ANGGOTA MILITER' has been set to element 'Object Repository/Borrower/Borrower - Pekerjaan/Borrower_Pekerjaan_InpPekerjaan'

2019-10-22 12:30:57 - [TEST_STEP][PASSED] - tap(findTestObject("Borrower/Borrower - Pekerjaan/Borrower_Pekerjaan_InpPekerjaan"), 0): Tapped on element 'Object Repository/Borrower/Borrower - Pekerjaan/Borrower_Pekerjaan_InpPekerjaan'

2019-10-22 12:30:57 - [MESSAGE][WARNING] - Timeout '0' is invalid. Using default page load timeout: '30'

2019-10-22 12:31:01 - [MESSAGE][PASSED] - Tapped on element 'Object Repository/Borrower/Borrower - Pekerjaan/Borrower_Pekerjaan_InpPekerjaan'

2019-10-22 12:31:01 - [TEST_STEP][PASSED] - tap(findTestObject("dynamic object/pickListItem_viewView", ["text":BPvarPekerjaan]), 0): Tapped on element 'Object Repository/dynamic object/pickListItem_viewView'

2019-10-22 12:31:01 - [MESSAGE][WARNING] - Timeout '0' is invalid. Using default page load timeout: '30'

2019-10-22 12:31:06 - [MESSAGE][PASSED] - Tapped on element 'Object Repository/dynamic object/pickListItem_viewView'

2019-10-22 12:31:06 - [TEST_STEP][PASSED] - tap(findTestObject("Borrower/Borrower - Pekerjaan/Borrower_Pekerjaan_TxtJabatan"), 0): Tapped on element 'Object Repository/Borrower/Borrower - Pekerjaan/Borrower_Pekerjaan_TxtJabatan'

2019-10-22 12:31:06 - [MESSAGE][WARNING] - Timeout '0' is invalid. Using default page load timeout: '30'

2019-10-22 12:31:10 - [MESSAGE][PASSED] - Tapped on element 'Object Repository/Borrower/Borrower - Pekerjaan/Borrower_Pekerjaan_TxtJabatan'

2019-10-22 12:31:10 - [TEST_STEP][PASSED] - tap(findTestObject("dynamic object/pickListItem_checkedTextView", ["text":BPvarJabatan]), 0): Tapped on element 'Object Repository/dynamic object/pickListItem_checkedTextView'

2019-10-22 12:31:10 - [MESSAGE][WARNING] - Timeout '0' is invalid. Using default page load timeout: '30'

2019-10-22 12:31:11 - [MESSAGE][PASSED] - Tapped on element 'Object Repository/dynamic object/pickListItem_checkedTextView'

2019-10-22 12:31:11 - [TEST_STEP][PASSED] - setText(findTestObject("Borrower/Borrower - Pekerjaan/Borrower_Pekerjaan_InpDepartemen"), BPvarDepartemen, 0): Text 'SALES' has been set to element 'Object Repository/Borrower/Borrower - Pekerjaan/Borrower_Pekerjaan_InpDepartemen'

2019-10-22 12:31:11 - [MESSAGE][WARNING] - Timeout '0' is invalid. Using default page load timeout: '30'

2019-10-22 12:31:14 - [MESSAGE][PASSED] - Text 'SALES' has been set to element 'Object Repository/Borrower/Borrower - Pekerjaan/Borrower_Pekerjaan_InpDepartemen'

2019-10-22 12:31:14 - [TEST_STEP][PASSED] - tap(findTestObject("Borrower/Borrower - Pekerjaan/Borrower_Pekerjaan_TxtStatusKaryawan"), 0): Tapped on element 'Object Repository/Borrower/Borrower - Pekerjaan/Borrower_Pekerjaan_TxtStatusKaryawan'

2019-10-22 12:31:14 - [MESSAGE][WARNING] - Timeout '0' is invalid. Using default page load timeout: '30'

2019-10-22 12:31:18 - [MESSAGE][PASSED] - Tapped on element 'Object Repository/Borrower/Borrower - Pekerjaan/Borrower_Pekerjaan_TxtStatusKaryawan'

2019-10-22 12:31:18 - [TEST_STEP][PASSED] - tap(findTestObject("dynamic object/pickListItem_checkedTextView", ["text":BPvarStatusKaryawan]), 0): Tapped on element 'Object Repository/dynamic object/pickListItem_checkedTextView'

2019-10-22 12:31:18 - [MESSAGE][WARNING] - Timeout '0' is invalid. Using default page load timeout: '30'

2019-10-22 12:31:19 - [MESSAGE][PASSED] - Tapped on element 'Object Repository/dynamic object/pickListItem_checkedTextView'

2019-10-22 12:31:19 - [TEST_STEP][PASSED] - setText(findTestObject("Borrower/Borrower - Pekerjaan/Borrower_Pekerjaan_InpNoIndukKaryawan"), BPvarNoIndukKaryawan, 0): Text '2434234' has been set to element 'Object Repository/Borrower/Borrower - Pekerjaan/Borrower_Pekerjaan_InpNoIndukKaryawan'

2019-10-22 12:31:20 - [MESSAGE][WARNING] - Timeout '0' is invalid. Using default page load timeout: '30'

2019-10-22 12:31:23 - [MESSAGE][PASSED] - Text '2434234' has been set to element 'Object Repository/Borrower/Borrower - Pekerjaan/Borrower_Pekerjaan_InpNoIndukKaryawan'

2019-10-22 12:31:23 - [TEST_STEP][PASSED] - tap(findTestObject("Borrower/Borrower - Pekerjaan/Borrower_Pekerjaan_TxtBergabungSejak"), 0): Tapped on element 'Object Repository/Borrower/Borrower - Pekerjaan/Borrower_Pekerjaan_TxtBergabungSejak'

2019-10-22 12:31:23 - [MESSAGE][WARNING] - Timeout '0' is invalid. Using default page load timeout: '30'

2019-10-22 12:31:28 - [MESSAGE][PASSED] - Tapped on element 'Object Repository/Borrower/Borrower - Pekerjaan/Borrower_Pekerjaan_TxtBergabungSejak'

2019-10-22 12:31:28 - [TEST_STEP][PASSED] - callTestCase(findTestCase("dynamic test case/calendar"), ["varTahun":"2010"], STOP_ON_FAILURE): Call Test Case 'Test Cases/dynamic test case/calendar' successfully

2019-10-22 12:31:28 - [TEST_CASE][PASSED] - Test Cases/dynamic test case/calendar: Test Cases/dynamic test case/calendar

2019-10-22 12:31:28 - [TEST_STEP][PASSED] - tap(findTestObject("dynamic object/Calendar_TxtTahun"), 0): Tapped on element 'Object Repository/dynamic object/Calendar_TxtTahun'

2019-10-22 12:31:28 - [MESSAGE][WARNING] - Timeout '0' is invalid. Using default page load timeout: '30'

2019-10-22 12:31:29 - [MESSAGE][PASSED] - Tapped on element 'Object Repository/dynamic object/Calendar_TxtTahun'

2019-10-22 12:31:29 - [TEST_STEP][PASSED] - driver = getDriver(): null

2019-10-22 12:31:29 - [TEST_STEP][PASSED] - xpath = "": null

2019-10-22 12:31:29 - [TEST_STEP][PASSED] - xpath = XPathBuilder.createXPath("TextView"): null

2019-10-22 12:31:29 - [TEST_STEP][PASSED] - listElements = driver.findElementsByXPath(xpath): null

2019-10-22 12:31:30 - [TEST_STEP][PASSED] - if (size() - 1].getText() < varTahun): null

2019-10-22 12:31:30 - [TEST_STEP][PASSED] - else: null

2019-10-22 12:31:30 - [TEST_STEP][PASSED] - varScrollUpDown = "UpToDown": null

2019-10-22 12:31:30 - [TEST_STEP][PASSED] - switch (varScrollUpDown.toString()): null

2019-10-22 12:31:30 - [TEST_STEP][PASSED] - case "UpToDown":: null

2019-10-22 12:31:30 - [TEST_STEP][PASSED] - mobile.swiping.scrollListToElementWithTextUpToDown(varTahun): mobile.swiping.scrollListToElementWithTextUpToDown is PASSED

2019-10-22 12:31:35 - [MESSAGE][PASSED] - mobile.swiping.scrollListToElementWithTextUpToDown is PASSED

2019-10-22 12:31:35 - [TEST_STEP][PASSED] - break: null

2019-10-22 12:31:35 - [TEST_STEP][PASSED] - tap(findTestObject("dynamic object/pickListItem_TextView", ["text":varTahun]), 0): Tapped on element 'Object Repository/dynamic object/pickListItem_TextView'

2019-10-22 12:31:35 - [MESSAGE][WARNING] - Timeout '0' is invalid. Using default page load timeout: '30'

2019-10-22 12:31:36 - [MESSAGE][PASSED] - Tapped on element 'Object Repository/dynamic object/pickListItem_TextView'

2019-10-22 12:31:36 - [TEST_STEP][PASSED] - tap(findTestObject("dynamic object/Calendar_TxtSetel"), 0): Tapped on element 'Object Repository/dynamic object/Calendar_TxtSetel'

2019-10-22 12:31:37 - [MESSAGE][WARNING] - Timeout '0' is invalid. Using default page load timeout: '30'

2019-10-22 12:31:41 - [MESSAGE][PASSED] - Tapped on element 'Object Repository/dynamic object/Calendar_TxtSetel'

2019-10-22 12:31:41 - [MESSAGE][PASSED] - Call Test Case 'Test Cases/dynamic test case/calendar' successfully

2019-10-22 12:31:41 - [TEST_STEP][PASSED] - tap(findTestObject("Borrower/Borrower - Pekerjaan/Borrower_Pekerjaan_TxtBadanUsaha"), 0): Tapped on element 'Object Repository/Borrower/Borrower - Pekerjaan/Borrower_Pekerjaan_TxtBadanUsaha'

2019-10-22 12:31:41 - [MESSAGE][WARNING] - Timeout '0' is invalid. Using default page load timeout: '30'

2019-10-22 12:31:45 - [MESSAGE][PASSED] - Tapped on element 'Object Repository/Borrower/Borrower - Pekerjaan/Borrower_Pekerjaan_TxtBadanUsaha'

2019-10-22 12:31:45 - [TEST_STEP][PASSED] - tap(findTestObject("dynamic object/pickListItem_checkedTextView", ["text":BPvarBadanUsaha]), 0): Tapped on element 'Object Repository/dynamic object/pickListItem_checkedTextView'

2019-10-22 12:31:45 - [MESSAGE][WARNING] - Timeout '0' is invalid. Using default page load timeout: '30'

2019-10-22 12:31:46 - [MESSAGE][PASSED] - Tapped on element 'Object Repository/dynamic object/pickListItem_checkedTextView'

2019-10-22 12:31:46 - [TEST_STEP][PASSED] - mobile.mobileSwipe.UpDown(0.7, 0.3, 1000): mobile.mobileSwipe.UpDown is PASSED

2019-10-22 12:31:47 - [MESSAGE][PASSED] - Current device physical height is 2131

2019-10-22 12:31:47 - [MESSAGE][INFO] - Device Height : 2131

2019-10-22 12:31:48 - [MESSAGE][PASSED] - Current device physical width is 1080

2019-10-22 12:31:48 - [MESSAGE][INFO] - Device Width : 1080

2019-10-22 12:31:48 - [MESSAGE][INFO] - Swipe start at Height : 1491

2019-10-22 12:31:48 - [MESSAGE][INFO] - Swipe end at Height : 639

2019-10-22 12:31:48 - [MESSAGE][INFO] - X Position : 1000

2019-10-22 12:31:50 - [MESSAGE][PASSED] - Swiped from 1,000,1,491 to 1,000,639

2019-10-22 12:31:50 - [MESSAGE][PASSED] - mobile.mobileSwipe.UpDown is PASSED

2019-10-22 12:31:50 - [TEST_STEP][PASSED] - setText(findTestObject("Borrower/Borrower - Pekerjaan/Borrower_Pekerjaan_InpNamaPerusahaan"), BPvarNamaPerusahaan, 0): Text 'ADASDADAS' has been set to element 'Object Repository/Borrower/Borrower - Pekerjaan/Borrower_Pekerjaan_InpNamaPerusahaan'

2019-10-22 12:31:50 - [MESSAGE][WARNING] - Timeout '0' is invalid. Using default page load timeout: '30'

2019-10-22 12:31:53 - [MESSAGE][PASSED] - Text 'ADASDADAS' has been set to element 'Object Repository/Borrower/Borrower - Pekerjaan/Borrower_Pekerjaan_InpNamaPerusahaan'

2019-10-22 12:31:53 - [TEST_STEP][PASSED] - setText(findTestObject("Borrower/Borrower - Pekerjaan/Borrower_Pekerjaan_InpBidangUsaha"), BPvarBidangUsaha, 0): Text 'ASURANSI' has been set to element 'Object Repository/Borrower/Borrower - Pekerjaan/Borrower_Pekerjaan_InpBidangUsaha'

2019-10-22 12:31:53 - [MESSAGE][WARNING] - Timeout '0' is invalid. Using default page load timeout: '30'

2019-10-22 12:31:58 - [MESSAGE][PASSED] - Text 'ASURANSI' has been set to element 'Object Repository/Borrower/Borrower - Pekerjaan/Borrower_Pekerjaan_InpBidangUsaha'

2019-10-22 12:31:58 - [TEST_STEP][PASSED] - tap(findTestObject("Borrower/Borrower - Pekerjaan/Borrower_Pekerjaan_InpBidangUsaha"), 0, STOP_ON_FAILURE): Tapped on element 'Object Repository/Borrower/Borrower - Pekerjaan/Borrower_Pekerjaan_InpBidangUsaha'

2019-10-22 12:31:58 - [MESSAGE][WARNING] - Timeout '0' is invalid. Using default page load timeout: '30'

2019-10-22 12:32:02 - [MESSAGE][PASSED] - Tapped on element 'Object Repository/Borrower/Borrower - Pekerjaan/Borrower_Pekerjaan_InpBidangUsaha'

2019-10-22 12:32:02 - [TEST_STEP][PASSED] - tap(findTestObject("Borrower/Borrower - Pekerjaan/Borrower_Pekerjaan_LOVBidangUsaha"), 0): Tapped on element 'Object Repository/Borrower/Borrower - Pekerjaan/Borrower_Pekerjaan_LOVBidangUsaha'

2019-10-22 12:32:02 - [MESSAGE][WARNING] - Timeout '0' is invalid. Using default page load timeout: '30'

2019-10-22 12:32:06 - [MESSAGE][PASSED] - Tapped on element 'Object Repository/Borrower/Borrower - Pekerjaan/Borrower_Pekerjaan_LOVBidangUsaha'

2019-10-22 12:32:06 - [TEST_STEP][PASSED] - tap(findTestObject("Borrower/Borrower - Pekerjaan/Borrower_Pekerjaan_TxtSubBidangUsaha"), 0): Tapped on element 'Object Repository/Borrower/Borrower - Pekerjaan/Borrower_Pekerjaan_TxtSubBidangUsaha'

2019-10-22 12:32:06 - [MESSAGE][WARNING] - Timeout '0' is invalid. Using default page load timeout: '30'

2019-10-22 12:32:10 - [MESSAGE][PASSED] - Tapped on element 'Object Repository/Borrower/Borrower - Pekerjaan/Borrower_Pekerjaan_TxtSubBidangUsaha'

2019-10-22 12:32:10 - [TEST_STEP][PASSED] - tap(findTestObject("dynamic object/pickListItem_checkedTextView", ["text":BPvarSubBidangUsaha]), 0): Tapped on element 'Object Repository/dynamic object/pickListItem_checkedTextView'

2019-10-22 12:32:10 - [MESSAGE][WARNING] - Timeout '0' is invalid. Using default page load timeout: '30'

2019-10-22 12:32:11 - [MESSAGE][PASSED] - Tapped on element 'Object Repository/dynamic object/pickListItem_checkedTextView'

2019-10-22 12:32:11 - [TEST_STEP][PASSED] - setText(findTestObject("Borrower/Borrower - Pekerjaan/Borrower_Pekerjaan_InpNationalityPerusahaan"), BPvarNationalityPerusahaan, 0): Text 'INDONESIA' has been set to element 'Object Repository/Borrower/Borrower - Pekerjaan/Borrower_Pekerjaan_InpNationalityPerusahaan'

2019-10-22 12:32:11 - [MESSAGE][WARNING] - Timeout '0' is invalid. Using default page load timeout: '30'

2019-10-22 12:32:15 - [MESSAGE][PASSED] - Text 'INDONESIA' has been set to element 'Object Repository/Borrower/Borrower - Pekerjaan/Borrower_Pekerjaan_InpNationalityPerusahaan'

2019-10-22 12:32:15 - [TEST_STEP][PASSED] - tap(findTestObject("Borrower/Borrower - Pekerjaan/Borrower_Pekerjaan_InpNationalityPerusahaan"), 0, STOP_ON_FAILURE): Tapped on element 'Object Repository/Borrower/Borrower - Pekerjaan/Borrower_Pekerjaan_InpNationalityPerusahaan'

2019-10-22 12:32:15 - [MESSAGE][WARNING] - Timeout '0' is invalid. Using default page load timeout: '30'

2019-10-22 12:32:19 - [MESSAGE][PASSED] - Tapped on element 'Object Repository/Borrower/Borrower - Pekerjaan/Borrower_Pekerjaan_InpNationalityPerusahaan'

2019-10-22 12:32:19 - [TEST_STEP][PASSED] - tap(findTestObject("dynamic object/pickListItem_viewView", ["text":BPvarNationalityPerusahaan]), 0): Tapped on element 'Object Repository/dynamic object/pickListItem_viewView'

2019-10-22 12:32:19 - [MESSAGE][WARNING] - Timeout '0' is invalid. Using default page load timeout: '30'

2019-10-22 12:32:23 - [MESSAGE][PASSED] - Tapped on element 'Object Repository/dynamic object/pickListItem_viewView'

2019-10-22 12:32:23 - [TEST_STEP][PASSED] - setText(findTestObject("Borrower/Borrower - Pekerjaan/Borrower_Pekerjaan_InpWebsite"), BPvarWebsite, 0): Text 'www.hahahahha.com' has been set to element 'Object Repository/Borrower/Borrower - Pekerjaan/Borrower_Pekerjaan_InpWebsite'

2019-10-22 12:32:23 - [MESSAGE][WARNING] - Timeout '0' is invalid. Using default page load timeout: '30'

2019-10-22 12:32:27 - [MESSAGE][PASSED] - Text 'www.hahahahha.com' has been set to element 'Object Repository/Borrower/Borrower - Pekerjaan/Borrower_Pekerjaan_InpWebsite'

2019-10-22 12:32:27 - [TEST_STEP][PASSED] - tap(findTestObject("Borrower/Borrower - Pekerjaan/Borrower_Pekerjaan_TxtJenisAkunSosialMedia"), 0): Tapped on element 'Object Repository/Borrower/Borrower - Pekerjaan/Borrower_Pekerjaan_TxtJenisAkunSosialMedia'

2019-10-22 12:32:27 - [MESSAGE][WARNING] - Timeout '0' is invalid. Using default page load timeout: '30'

2019-10-22 12:32:30 - [MESSAGE][PASSED] - Tapped on element 'Object Repository/Borrower/Borrower - Pekerjaan/Borrower_Pekerjaan_TxtJenisAkunSosialMedia'

2019-10-22 12:32:30 - [TEST_STEP][PASSED] - tap(findTestObject("dynamic object/pickListItem_checkedTextView", ["text":BPvarJenisAkunSosialMedia]), 0): Tapped on element 'Object Repository/dynamic object/pickListItem_checkedTextView'

2019-10-22 12:32:31 - [MESSAGE][WARNING] - Timeout '0' is invalid. Using default page load timeout: '30'

2019-10-22 12:32:32 - [MESSAGE][PASSED] - Tapped on element 'Object Repository/dynamic object/pickListItem_checkedTextView'

2019-10-22 12:32:32 - [TEST_STEP][PASSED] - setText(findTestObject("Borrower/Borrower - Pekerjaan/Borrower_Pekerjaan_InpAkunSosialMedia"), BPvarAkunSosialMedia, 0): Text 'yeyeye' has been set to element 'Object Repository/Borrower/Borrower - Pekerjaan/Borrower_Pekerjaan_InpAkunSosialMedia'

2019-10-22 12:32:32 - [MESSAGE][WARNING] - Timeout '0' is invalid. Using default page load timeout: '30'

2019-10-22 12:32:35 - [MESSAGE][PASSED] - Text 'yeyeye' has been set to element 'Object Repository/Borrower/Borrower - Pekerjaan/Borrower_Pekerjaan_InpAkunSosialMedia'

2019-10-22 12:32:35 - [TEST_STEP][PASSED] - mobile.mobileSwipe.UpDown(0.7, 0.3, 1000): mobile.mobileSwipe.UpDown is PASSED

2019-10-22 12:32:36 - [MESSAGE][PASSED] - Current device physical height is 2131

2019-10-22 12:32:36 - [MESSAGE][INFO] - Device Height : 2131

2019-10-22 12:32:37 - [MESSAGE][PASSED] - Current device physical width is 1080

2019-10-22 12:32:37 - [MESSAGE][INFO] - Device Width : 1080

2019-10-22 12:32:37 - [MESSAGE][INFO] - Swipe start at Height : 1491

2019-10-22 12:32:37 - [MESSAGE][INFO] - Swipe end at Height : 639

2019-10-22 12:32:37 - [MESSAGE][INFO] - X Position : 1000

2019-10-22 12:32:39 - [MESSAGE][PASSED] - Swiped from 1,000,1,491 to 1,000,639

2019-10-22 12:32:39 - [MESSAGE][PASSED] - mobile.mobileSwipe.UpDown is PASSED

2019-10-22 12:32:39 - [TEST_STEP][PASSED] - tap(findTestObject("Borrower/Borrower - Pekerjaan/Borrower_Pekerjaan_BtnAlamatKantor"), 0): Tapped on element 'Object Repository/Borrower/Borrower - Pekerjaan/Borrower_Pekerjaan_BtnAlamatKantor'

2019-10-22 12:32:39 - [MESSAGE][WARNING] - Timeout '0' is invalid. Using default page load timeout: '30'

2019-10-22 12:32:42 - [MESSAGE][PASSED] - Tapped on element 'Object Repository/Borrower/Borrower - Pekerjaan/Borrower_Pekerjaan_BtnAlamatKantor'

2019-10-22 12:32:42 - [TEST_STEP][PASSED] - delay(3, STOP_ON_FAILURE): Delayed 3 second(s)

2019-10-22 12:32:45 - [MESSAGE][PASSED] - Delayed 3 second(s)

2019-10-22 12:32:45 - [TEST_STEP][PASSED] - setText(findTestObject("Borrower/Borrower - Pekerjaan/Borrower_Pekerjaan_InpAlamatKantor"), BPvarAlamatKantor, 0): Text 'asdasdasdasd' has been set to element 'Object Repository/Borrower/Borrower - Pekerjaan/Borrower_Pekerjaan_InpAlamatKantor'

2019-10-22 12:32:45 - [MESSAGE][WARNING] - Timeout '0' is invalid. Using default page load timeout: '30'

2019-10-22 12:32:47 - [MESSAGE][PASSED] - Text 'asdasdasdasd' has been set to element 'Object Repository/Borrower/Borrower - Pekerjaan/Borrower_Pekerjaan_InpAlamatKantor'

2019-10-22 12:32:47 - [TEST_STEP][PASSED] - setText(findTestObject("Borrower/Borrower - Pekerjaan/Borrower_Pekerjaan_InpRT"), BPvarRT, 0): Text '231' has been set to element 'Object Repository/Borrower/Borrower - Pekerjaan/Borrower_Pekerjaan_InpRT'

2019-10-22 12:32:47 - [MESSAGE][WARNING] - Timeout '0' is invalid. Using default page load timeout: '30'

2019-10-22 12:32:51 - [MESSAGE][PASSED] - Text '231' has been set to element 'Object Repository/Borrower/Borrower - Pekerjaan/Borrower_Pekerjaan_InpRT'

2019-10-22 12:32:51 - [TEST_STEP][PASSED] - setText(findTestObject("Borrower/Borrower - Pekerjaan/Borrower_Pekerjaan_InpRW"), BPvarRW, 0): Text '222' has been set to element 'Object Repository/Borrower/Borrower - Pekerjaan/Borrower_Pekerjaan_InpRW'

2019-10-22 12:32:51 - [MESSAGE][WARNING] - Timeout '0' is invalid. Using default page load timeout: '30'

2019-10-22 12:32:54 - [MESSAGE][PASSED] - Text '222' has been set to element 'Object Repository/Borrower/Borrower - Pekerjaan/Borrower_Pekerjaan_InpRW'

2019-10-22 12:32:54 - [TEST_STEP][PASSED] - setText(findTestObject("Borrower/Borrower - Pekerjaan/Borrower_Pekerjaan_InpKodePos"), BPvarKodePos, 0): Text '10124' has been set to element 'Object Repository/Borrower/Borrower - Pekerjaan/Borrower_Pekerjaan_InpKodePos'

2019-10-22 12:32:54 - [MESSAGE][WARNING] - Timeout '0' is invalid. Using default page load timeout: '30'

2019-10-22 12:32:58 - [MESSAGE][PASSED] - Text '10124' has been set to element 'Object Repository/Borrower/Borrower - Pekerjaan/Borrower_Pekerjaan_InpKodePos'

2019-10-22 12:32:58 - [TEST_STEP][PASSED] - tap(findTestObject("Borrower/Borrower - Pekerjaan/Borrower_Pekerjaan_InpKodePos"), 0, STOP_ON_FAILURE): Tapped on element 'Object Repository/Borrower/Borrower - Pekerjaan/Borrower_Pekerjaan_InpKodePos'

2019-10-22 12:32:58 - [MESSAGE][WARNING] - Timeout '0' is invalid. Using default page load timeout: '30'

2019-10-22 12:33:02 - [MESSAGE][PASSED] - Tapped on element 'Object Repository/Borrower/Borrower - Pekerjaan/Borrower_Pekerjaan_InpKodePos'

2019-10-22 12:33:02 - [TEST_STEP][PASSED] - tap(findTestObject("Borrower/Borrower - Pekerjaan/Borrower_Pekerjaan_LOVKodePos"), 0, STOP_ON_FAILURE): Tapped on element 'Object Repository/Borrower/Borrower - Pekerjaan/Borrower_Pekerjaan_LOVKodePos'

2019-10-22 12:33:03 - [MESSAGE][WARNING] - Timeout '0' is invalid. Using default page load timeout: '30'

2019-10-22 12:33:06 - [MESSAGE][PASSED] - Tapped on element 'Object Repository/Borrower/Borrower - Pekerjaan/Borrower_Pekerjaan_LOVKodePos'

2019-10-22 12:33:06 - [TEST_STEP][PASSED] - setText(findTestObject("Borrower/Borrower - Pekerjaan/Borrower_Pekerjaan_InpPetunjukAlamat"), BPvarPetunjukAlamat, 0): Text 'petunjuuuuuukkk' has been set to element 'Object Repository/Borrower/Borrower - Pekerjaan/Borrower_Pekerjaan_InpPetunjukAlamat'

2019-10-22 12:33:06 - [MESSAGE][WARNING] - Timeout '0' is invalid. Using default page load timeout: '30'

2019-10-22 12:33:09 - [MESSAGE][PASSED] - Text 'petunjuuuuuukkk' has been set to element 'Object Repository/Borrower/Borrower - Pekerjaan/Borrower_Pekerjaan_InpPetunjukAlamat'

2019-10-22 12:33:09 - [TEST_STEP][PASSED] - setText(findTestObject("Borrower/Borrower - Pekerjaan/Borrower_Pekerjaan_InpKodeArea"), BPvarKodeArea, 0): Text '021' has been set to element 'Object Repository/Borrower/Borrower - Pekerjaan/Borrower_Pekerjaan_InpKodeArea'

2019-10-22 12:33:09 - [MESSAGE][WARNING] - Timeout '0' is invalid. Using default page load timeout: '30'

2019-10-22 12:33:11 - [MESSAGE][PASSED] - Text '021' has been set to element 'Object Repository/Borrower/Borrower - Pekerjaan/Borrower_Pekerjaan_InpKodeArea'

2019-10-22 12:33:11 - [TEST_STEP][PASSED] - setText(findTestObject("Borrower/Borrower - Pekerjaan/Borrower_Pekerjaan_InpNoTeleponKantor"), BPvarNoTeleponKantor, 0): Text '123123' has been set to element 'Object Repository/Borrower/Borrower - Pekerjaan/Borrower_Pekerjaan_InpNoTeleponKantor'

2019-10-22 12:33:11 - [MESSAGE][WARNING] - Timeout '0' is invalid. Using default page load timeout: '30'

2019-10-22 12:33:15 - [MESSAGE][PASSED] - Text '123123' has been set to element 'Object Repository/Borrower/Borrower - Pekerjaan/Borrower_Pekerjaan_InpNoTeleponKantor'

2019-10-22 12:33:15 - [TEST_STEP][PASSED] - setText(findTestObject("Borrower/Borrower - Pekerjaan/Borrower_Pekerjaan_InpExt"), BPvarEXT, 0): Text '23' has been set to element 'Object Repository/Borrower/Borrower - Pekerjaan/Borrower_Pekerjaan_InpExt'

2019-10-22 12:33:15 - [MESSAGE][WARNING] - Timeout '0' is invalid. Using default page load timeout: '30'

2019-10-22 12:33:17 - [MESSAGE][PASSED] - Text '23' has been set to element 'Object Repository/Borrower/Borrower - Pekerjaan/Borrower_Pekerjaan_InpExt'

2019-10-22 12:33:17 - [TEST_STEP][PASSED] - setText(findTestObject("Borrower/Borrower - Pekerjaan/Borrower_Pekerjaan_InpTeleponSeluler"), BPvarTeleponSeluler, 0): Text '08142334' has been set to element 'Object Repository/Borrower/Borrower - Pekerjaan/Borrower_Pekerjaan_InpTeleponSeluler'

2019-10-22 12:33:17 - [MESSAGE][WARNING] - Timeout '0' is invalid. Using default page load timeout: '30'

2019-10-22 12:33:21 - [MESSAGE][PASSED] - Text '08142334' has been set to element 'Object Repository/Borrower/Borrower - Pekerjaan/Borrower_Pekerjaan_InpTeleponSeluler'

2019-10-22 12:33:21 - [MESSAGE][PASSED] - Call Test Case 'Test Cases/Data Entry/Borrower/Borrower - Pekerjaan/MASTER FLOW/TC_Borrower - Pekerjaan - MASTER FLOW' successfully

2019-10-22 12:33:21 - [TEST_STEP][PASSED] - delay(5, STOP_ON_FAILURE): Delayed 5 second(s)

2019-10-22 12:33:26 - [MESSAGE][PASSED] - Delayed 5 second(s)

2019-10-22 12:33:26 - [TEST_STEP][PASSED] - mobile.mobileSwipe.RightLeft(0.9, 0.5, 1000): mobile.mobileSwipe.RightLeft is PASSED

2019-10-22 12:33:27 - [MESSAGE][PASSED] - Current device physical width is 1080

2019-10-22 12:33:28 - [MESSAGE][PASSED] - Current device physical height is 2131

2019-10-22 12:33:28 - [MESSAGE][INFO] - Device Height : 2131

2019-10-22 12:33:28 - [MESSAGE][INFO] - Device Width : 1080

2019-10-22 12:33:28 - [MESSAGE][INFO] - Swipe start at Width : 971

2019-10-22 12:33:28 - [MESSAGE][INFO] - Swipe end at Witdh : 540

2019-10-22 12:33:28 - [MESSAGE][INFO] - Y Position : 1000

2019-10-22 12:33:30 - [MESSAGE][PASSED] - Swiped from 971,1,000 to 540,1,000

2019-10-22 12:33:30 - [MESSAGE][PASSED] - mobile.mobileSwipe.RightLeft is PASSED

2019-10-22 12:33:30 - [TEST_STEP][PASSED] - if (BvarUsahaTab == "Ya"): null

2019-10-22 12:33:30 - [TEST_STEP][PASSED] - mobile.mobileSwipe.RightLeft(0.9, 0.5, 1000): mobile.mobileSwipe.RightLeft is PASSED

2019-10-22 12:33:31 - [MESSAGE][PASSED] - Current device physical width is 1080

2019-10-22 12:33:32 - [MESSAGE][PASSED] - Current device physical height is 2131

2019-10-22 12:33:32 - [MESSAGE][INFO] - Device Height : 2131

2019-10-22 12:33:32 - [MESSAGE][INFO] - Device Width : 1080

2019-10-22 12:33:32 - [MESSAGE][INFO] - Swipe start at Width : 971

2019-10-22 12:33:32 - [MESSAGE][INFO] - Swipe end at Witdh : 540

2019-10-22 12:33:32 - [MESSAGE][INFO] - Y Position : 1000

2019-10-22 12:33:34 - [MESSAGE][PASSED] - Swiped from 971,1,000 to 540,1,000

2019-10-22 12:33:34 - [MESSAGE][PASSED] - mobile.mobileSwipe.RightLeft is PASSED

2019-10-22 12:33:34 - [TEST_STEP][PASSED] - mobile.mobileSwipe.UpDown(0.2, 0.8, 1000): mobile.mobileSwipe.UpDown is PASSED

2019-10-22 12:33:35 - [MESSAGE][PASSED] - Current device physical height is 2131

2019-10-22 12:33:35 - [MESSAGE][INFO] - Device Height : 2131

2019-10-22 12:33:36 - [MESSAGE][PASSED] - Current device physical width is 1080

2019-10-22 12:33:36 - [MESSAGE][INFO] - Device Width : 1080

2019-10-22 12:33:36 - [MESSAGE][INFO] - Swipe start at Height : 426

2019-10-22 12:33:36 - [MESSAGE][INFO] - Swipe end at Height : 1704

2019-10-22 12:33:36 - [MESSAGE][INFO] - X Position : 1000

2019-10-22 12:33:38 - [MESSAGE][PASSED] - Swiped from 1,000,426 to 1,000,1,704

2019-10-22 12:33:38 - [MESSAGE][PASSED] - mobile.mobileSwipe.UpDown is PASSED

2019-10-22 12:33:38 - [TEST_STEP][PASSED] - callTestCase(findTestCase("Data Entry/Borrower/Borrower - Emergency Contact/MASTER FLOW/TC_Borrower - Emergency Contact - MASTER FLOW"), ["BEvarNamaLengkap":BEvarNamaLengkap, "BEvarHubungan":BEvarHubungan, "BEvarAlamat":BEvarAlamat, "BEvarRT":BEvarRT, "BEvarRW":BEvarRW, ... ], STOP_ON_FAILURE): Call Test Case 'Test Cases/Data Entry/Borrower/Borrower - Emergency Contact/MASTER FLOW/TC_Borrower - Emergency Contact - MASTER FLOW' successfully

2019-10-22 12:33:38 - [TEST_CASE][PASSED] - Test Cases/Data Entry/Borrower/Borrower - Emergency Contact/MASTER FLOW/TC_Borrower - Emergency Contact - MASTER FLOW: Test Cases/Data Entry/Borrower/Borrower - Emergency Contact/MASTER FLOW/TC_Borrower - Emergency Contact - MASTER FLOW

2019-10-22 12:33:38 - [TEST_STEP][PASSED] - setText(findTestObject("Borrower/Borrower - Emergency/Borrower_Emergency_InpNamaLengkap"), BEvarNamaLengkap, 0): Text 'sdasdasdasdasdasdasd' has been set to element 'Object Repository/Borrower/Borrower - Emergency/Borrower_Emergency_InpNamaLengkap'

2019-10-22 12:33:38 - [MESSAGE][WARNING] - Timeout '0' is invalid. Using default page load timeout: '30'

2019-10-22 12:33:40 - [MESSAGE][PASSED] - Text 'sdasdasdasdasdasdasd' has been set to element 'Object Repository/Borrower/Borrower - Emergency/Borrower_Emergency_InpNamaLengkap'

2019-10-22 12:33:40 - [TEST_STEP][PASSED] - tap(findTestObject("Borrower/Borrower - Emergency/Borrower_Emergency_TxtHubungan"), 0): Tapped on element 'Object Repository/Borrower/Borrower - Emergency/Borrower_Emergency_TxtHubungan'

2019-10-22 12:33:40 - [MESSAGE][WARNING] - Timeout '0' is invalid. Using default page load timeout: '30'

2019-10-22 12:33:45 - [MESSAGE][PASSED] - Tapped on element 'Object Repository/Borrower/Borrower - Emergency/Borrower_Emergency_TxtHubungan'

2019-10-22 12:33:45 - [TEST_STEP][PASSED] - tap(findTestObject("dynamic object/pickListItem_checkedTextView", ["text":BEvarHubungan]), 0): Tapped on element 'Object Repository/dynamic object/pickListItem_checkedTextView'

2019-10-22 12:33:46 - [MESSAGE][WARNING] - Timeout '0' is invalid. Using default page load timeout: '30'

2019-10-22 12:33:47 - [MESSAGE][PASSED] - Tapped on element 'Object Repository/dynamic object/pickListItem_checkedTextView'

2019-10-22 12:33:47 - [TEST_STEP][PASSED] - setText(findTestObject("Borrower/Borrower - Emergency/Borrower_Emergency_InpAlamat"), BEvarAlamat, 0): Text 'aalamatss' has been set to element 'Object Repository/Borrower/Borrower - Emergency/Borrower_Emergency_InpAlamat'

2019-10-22 12:33:47 - [MESSAGE][WARNING] - Timeout '0' is invalid. Using default page load timeout: '30'

2019-10-22 12:33:49 - [MESSAGE][PASSED] - Text 'aalamatss' has been set to element 'Object Repository/Borrower/Borrower - Emergency/Borrower_Emergency_InpAlamat'

2019-10-22 12:33:49 - [TEST_STEP][PASSED] - setText(findTestObject("Borrower/Borrower - Emergency/Borrower_Emergency_InpRT"), BEvarRT, 0): Text '458' has been set to element 'Object Repository/Borrower/Borrower - Emergency/Borrower_Emergency_InpRT'

2019-10-22 12:33:50 - [MESSAGE][WARNING] - Timeout '0' is invalid. Using default page load timeout: '30'

2019-10-22 12:33:52 - [MESSAGE][PASSED] - Text '458' has been set to element 'Object Repository/Borrower/Borrower - Emergency/Borrower_Emergency_InpRT'

2019-10-22 12:33:52 - [TEST_STEP][PASSED] - setText(findTestObject("Borrower/Borrower - Emergency/Borrower_Emergency_InpRW"), BEvarRW, 0): Text '223' has been set to element 'Object Repository/Borrower/Borrower - Emergency/Borrower_Emergency_InpRW'

2019-10-22 12:33:52 - [MESSAGE][WARNING] - Timeout '0' is invalid. Using default page load timeout: '30'

2019-10-22 12:33:56 - [MESSAGE][PASSED] - Text '223' has been set to element 'Object Repository/Borrower/Borrower - Emergency/Borrower_Emergency_InpRW'

2019-10-22 12:33:56 - [TEST_STEP][PASSED] - setText(findTestObject("Borrower/Borrower - Emergency/Borrower_Emergency_InpKodePos"), BEvarKodePos, 0): Text '10124' has been set to element 'Object Repository/Borrower/Borrower - Emergency/Borrower_Emergency_InpKodePos'

2019-10-22 12:33:56 - [MESSAGE][WARNING] - Timeout '0' is invalid. Using default page load timeout: '30'

2019-10-22 12:33:58 - [MESSAGE][PASSED] - Text '10124' has been set to element 'Object Repository/Borrower/Borrower - Emergency/Borrower_Emergency_InpKodePos'

2019-10-22 12:33:58 - [TEST_STEP][PASSED] - tap(findTestObject("Borrower/Borrower - Emergency/Borrower_Emergency_InpKodePos"), 0, STOP_ON_FAILURE): Tapped on element 'Object Repository/Borrower/Borrower - Emergency/Borrower_Emergency_InpKodePos'

2019-10-22 12:33:59 - [MESSAGE][WARNING] - Timeout '0' is invalid. Using default page load timeout: '30'

2019-10-22 12:34:04 - [MESSAGE][PASSED] - Tapped on element 'Object Repository/Borrower/Borrower - Emergency/Borrower_Emergency_InpKodePos'

2019-10-22 12:34:04 - [TEST_STEP][PASSED] - tap(findTestObject("Borrower/Borrower - Emergency/Borrower_Emergency_LOVKodePos"), 0): Tapped on element 'Object Repository/Borrower/Borrower - Emergency/Borrower_Emergency_LOVKodePos'

2019-10-22 12:34:04 - [MESSAGE][WARNING] - Timeout '0' is invalid. Using default page load timeout: '30'

2019-10-22 12:34:08 - [MESSAGE][PASSED] - Tapped on element 'Object Repository/Borrower/Borrower - Emergency/Borrower_Emergency_LOVKodePos'

2019-10-22 12:34:08 - [TEST_STEP][PASSED] - setText(findTestObject("Borrower/Borrower - Emergency/Borrower_Emergency_InpKodeArea"), BEvarKodeArea, 0): Text '021' has been set to element 'Object Repository/Borrower/Borrower - Emergency/Borrower_Emergency_InpKodeArea'

2019-10-22 12:34:08 - [MESSAGE][WARNING] - Timeout '0' is invalid. Using default page load timeout: '30'

2019-10-22 12:34:10 - [MESSAGE][PASSED] - Text '021' has been set to element 'Object Repository/Borrower/Borrower - Emergency/Borrower_Emergency_InpKodeArea'

2019-10-22 12:34:10 - [TEST_STEP][PASSED] - setText(findTestObject("Borrower/Borrower - Emergency/Borrower_Emergency_InpNoTelponKantor"), BEvarNoTelponKantor, 0): Text '344534' has been set to element 'Object Repository/Borrower/Borrower - Emergency/Borrower_Emergency_InpNoTelponKantor'

2019-10-22 12:34:11 - [MESSAGE][WARNING] - Timeout '0' is invalid. Using default page load timeout: '30'

2019-10-22 12:34:15 - [MESSAGE][PASSED] - Text '344534' has been set to element 'Object Repository/Borrower/Borrower - Emergency/Borrower_Emergency_InpNoTelponKantor'

2019-10-22 12:34:15 - [TEST_STEP][PASSED] - setText(findTestObject("Borrower/Borrower - Emergency/Borrower_Emergency_InpExt"), BEvarEXT, 0): Text '344' has been set to element 'Object Repository/Borrower/Borrower - Emergency/Borrower_Emergency_InpExt'

2019-10-22 12:34:15 - [MESSAGE][WARNING] - Timeout '0' is invalid. Using default page load timeout: '30'

2019-10-22 12:34:17 - [MESSAGE][PASSED] - Text '344' has been set to element 'Object Repository/Borrower/Borrower - Emergency/Borrower_Emergency_InpExt'

2019-10-22 12:34:17 - [TEST_STEP][PASSED] - setText(findTestObject("Borrower/Borrower - Emergency/Borrower_Emergency_InpTeleponSelular"), BEvarTeleponSelular, 0): Text '0817171717' has been set to element 'Object Repository/Borrower/Borrower - Emergency/Borrower_Emergency_InpTeleponSelular'

2019-10-22 12:34:17 - [MESSAGE][WARNING] - Timeout '0' is invalid. Using default page load timeout: '30'

2019-10-22 12:34:21 - [MESSAGE][PASSED] - Text '0817171717' has been set to element 'Object Repository/Borrower/Borrower - Emergency/Borrower_Emergency_InpTeleponSelular'

2019-10-22 12:34:21 - [TEST_STEP][PASSED] - mobile.mobileSwipe.UpDown(0.7, 0.5, 1000): mobile.mobileSwipe.UpDown is PASSED

2019-10-22 12:34:22 - [MESSAGE][PASSED] - Current device physical height is 2131

2019-10-22 12:34:22 - [MESSAGE][INFO] - Device Height : 2131

2019-10-22 12:34:23 - [MESSAGE][PASSED] - Current device physical width is 1080

2019-10-22 12:34:23 - [MESSAGE][INFO] - Device Width : 1080

2019-10-22 12:34:23 - [MESSAGE][INFO] - Swipe start at Height : 1491

2019-10-22 12:34:23 - [MESSAGE][INFO] - Swipe end at Height : 1065

2019-10-22 12:34:23 - [MESSAGE][INFO] - X Position : 1000

2019-10-22 12:34:25 - [MESSAGE][PASSED] - Swiped from 1,000,1,491 to 1,000,1,065

2019-10-22 12:34:25 - [MESSAGE][PASSED] - mobile.mobileSwipe.UpDown is PASSED

2019-10-22 12:34:25 - [TEST_STEP][PASSED] - setText(findTestObject("Borrower/Borrower - Emergency/Borrower_Emergency_InpEmail"), BEvarEmail, 0): Text 'ajdalsjdk@a.c' has been set to element 'Object Repository/Borrower/Borrower - Emergency/Borrower_Emergency_InpEmail'

2019-10-22 12:34:25 - [MESSAGE][WARNING] - Timeout '0' is invalid. Using default page load timeout: '30'

2019-10-22 12:34:27 - [MESSAGE][PASSED] - Text 'ajdalsjdk@a.c' has been set to element 'Object Repository/Borrower/Borrower - Emergency/Borrower_Emergency_InpEmail'

2019-10-22 12:34:27 - [MESSAGE][PASSED] - Call Test Case 'Test Cases/Data Entry/Borrower/Borrower - Emergency Contact/MASTER FLOW/TC_Borrower - Emergency Contact - MASTER FLOW' successfully

2019-10-22 12:34:27 - [MESSAGE][PASSED] - Call Test Case 'Test Cases/Data Entry/Borrower/Flow Borrower' successfully

2019-10-22 12:34:27 - [TEST_STEP][PASSED] - delay(10, STOP_ON_FAILURE): Delayed 10 second(s)

2019-10-22 12:34:37 - [MESSAGE][PASSED] - Delayed 10 second(s)

2019-10-22 12:34:37 - [TEST_STEP][PASSED] - tap(findTestObject("dynamic object/BtnBerikutnya"), 0): Tapped on element 'Object Repository/dynamic object/BtnBerikutnya'

2019-10-22 12:34:37 - [MESSAGE][WARNING] - Timeout '0' is invalid. Using default page load timeout: '30'

2019-10-22 12:34:41 - [MESSAGE][PASSED] - Tapped on element 'Object Repository/dynamic object/BtnBerikutnya'

2019-10-22 12:34:41 - [TEST_STEP][PASSED] - verifyElementVisible(findTestObject("Borrower/TxtSemuaDataSudahDiisi"), 80, OPTIONAL): Element 'Object Repository/Borrower/TxtSemuaDataSudahDiisi' is visible

2019-10-22 12:34:59 - [MESSAGE][PASSED] - Element 'Object Repository/Borrower/TxtSemuaDataSudahDiisi' is visible

2019-10-22 12:34:59 - [TEST_STEP][NOT_RUN] - if (AllStatusPerkawinan == "Married"): NOT_RUN: if (AllStatusPerkawinan == "Married")

2019-10-22 12:34:59 - [MESSAGE][NOT_RUN] - NOT_RUN: if (AllStatusPerkawinan == "Married")

2019-10-22 12:34:59 - [TEST_STEP][NOT_RUN] - if (AllGuarantor == "Ya"): NOT_RUN: if (AllGuarantor == "Ya")

2019-10-22 12:34:59 - [MESSAGE][NOT_RUN] - NOT_RUN: if (AllGuarantor == "Ya")

2019-10-22 12:34:59 - [TEST_STEP][PASSED] - delay(10, STOP_ON_FAILURE): Delayed 10 second(s)

2019-10-22 12:35:09 - [MESSAGE][PASSED] - Delayed 10 second(s)

2019-10-22 12:35:09 - [TEST_STEP][PASSED] - tap(findTestObject("dynamic object/BtnBerikutnya"), 0): Tapped on element 'Object Repository/dynamic object/BtnBerikutnya'

2019-10-22 12:35:09 - [MESSAGE][WARNING] - Timeout '0' is invalid. Using default page load timeout: '30'

2019-10-22 12:35:13 - [MESSAGE][PASSED] - Tapped on element 'Object Repository/dynamic object/BtnBerikutnya'

2019-10-22 12:35:13 - [TEST_STEP][PASSED] - delay(10, STOP_ON_FAILURE): Delayed 10 second(s)

2019-10-22 12:35:23 - [MESSAGE][PASSED] - Delayed 10 second(s)

2019-10-22 12:35:23 - [TEST_STEP][PASSED] - callTestCase(findTestCase("Data Entry/Penghasilan/MASTER FLOW/TC_Penghasilan - MASTER FLOW"), ["varPenghasilanKotorSatu":varPenghasilanKotorSatu, "varPenghasilanKotorDua":varPenghasilanKotorDua, "varPenghasilanKotorTiga":varPenghasilanKotorTiga, ... ], STOP_ON_FAILURE): Call Test Case 'Test Cases/Data Entry/Penghasilan/MASTER FLOW/TC_Penghasilan - MASTER FLOW' successfully

2019-10-22 12:35:23 - [TEST_CASE][PASSED] - Test Cases/Data Entry/Penghasilan/MASTER FLOW/TC_Penghasilan - MASTER FLOW: Test Cases/Data Entry/Penghasilan/MASTER FLOW/TC_Penghasilan - MASTER FLOW

2019-10-22 12:35:23 - [TEST_STEP][PASSED] - tap(findTestObject("Penghasilan/Penghasilan_BtnPenghasilanSatu"), 0): Tapped on element 'Object Repository/Penghasilan/Penghasilan_BtnPenghasilanSatu'

2019-10-22 12:35:23 - [MESSAGE][WARNING] - Timeout '0' is invalid. Using default page load timeout: '30'

2019-10-22 12:35:26 - [MESSAGE][PASSED] - Tapped on element 'Object Repository/Penghasilan/Penghasilan_BtnPenghasilanSatu'

2019-10-22 12:35:26 - [TEST_STEP][PASSED] - if (varSumberPenghasilanSatu == "Usaha"): null

2019-10-22 12:35:26 - [TEST_STEP][PASSED] - switch (varPemilikPenghasilanSatu.toString()): null

2019-10-22 12:35:26 - [TEST_STEP][PASSED] - case "Borrower":: null

2019-10-22 12:35:26 - [TEST_STEP][PASSED] - tap(findTestObject("Penghasilan/Penghasilan_PenghasilanSatu_BtnPemilikPenghasilan - Borrower"), 0): Tapped on element 'Object Repository/Penghasilan/Penghasilan_PenghasilanSatu_BtnPemilikPenghasilan - Borrower'

2019-10-22 12:35:26 - [MESSAGE][WARNING] - Timeout '0' is invalid. Using default page load timeout: '30'

2019-10-22 12:35:27 - [MESSAGE][PASSED] - Tapped on element 'Object Repository/Penghasilan/Penghasilan_PenghasilanSatu_BtnPemilikPenghasilan - Borrower'

2019-10-22 12:35:27 - [TEST_STEP][PASSED] - break: null

2019-10-22 12:35:27 - [TEST_STEP][PASSED] - tap(findTestObject("Penghasilan/Penghasilan_PenghasilanSatu_TxtJenisPekerjaanAtauUsaha"), 0): Tapped on element 'Object Repository/Penghasilan/Penghasilan_PenghasilanSatu_TxtJenisPekerjaanAtauUsaha'

2019-10-22 12:35:27 - [MESSAGE][WARNING] - Timeout '0' is invalid. Using default page load timeout: '30'

2019-10-22 12:35:30 - [MESSAGE][PASSED] - Tapped on element 'Object Repository/Penghasilan/Penghasilan_PenghasilanSatu_TxtJenisPekerjaanAtauUsaha'

2019-10-22 12:35:30 - [TEST_STEP][PASSED] - tap(findTestObject("dynamic object/pickListItem_checkedTextView", ["text":varJenisPekerjaanAtauUsahaSatu]), 0): Tapped on element 'Object Repository/dynamic object/pickListItem_checkedTextView'

2019-10-22 12:35:30 - [MESSAGE][WARNING] - Timeout '0' is invalid. Using default page load timeout: '30'

2019-10-22 12:35:32 - [MESSAGE][PASSED] - Tapped on element 'Object Repository/dynamic object/pickListItem_checkedTextView'

2019-10-22 12:35:32 - [TEST_STEP][PASSED] - setText(findTestObject("Penghasilan/Penghasilan_PenghasilanSatu_InpPenghasilanKotor"), varPenghasilanKotorSatu, 0): Text '50000000' has been set to element 'Object Repository/Penghasilan/Penghasilan_PenghasilanSatu_InpPenghasilanKotor'

2019-10-22 12:35:32 - [MESSAGE][WARNING] - Timeout '0' is invalid. Using default page load timeout: '30'

2019-10-22 12:35:33 - [MESSAGE][PASSED] - Text '50000000' has been set to element 'Object Repository/Penghasilan/Penghasilan_PenghasilanSatu_InpPenghasilanKotor'

2019-10-22 12:35:33 - [TEST_STEP][PASSED] - if (varPenghasilanDua == "Y"): null

2019-10-22 12:35:33 - [TEST_STEP][PASSED] - if (varPenghasilanTiga == "Y"): null

2019-10-22 12:35:33 - [TEST_STEP][PASSED] - tap(findTestObject("Penghasilan/Penghasilan_BtnBerikutnya"), 0): Tapped on element 'Object Repository/Penghasilan/Penghasilan_BtnBerikutnya'

2019-10-22 12:35:33 - [MESSAGE][WARNING] - Timeout '0' is invalid. Using default page load timeout: '30'

2019-10-22 12:35:37 - [MESSAGE][PASSED] - Tapped on element 'Object Repository/Penghasilan/Penghasilan_BtnBerikutnya'

2019-10-22 12:35:37 - [MESSAGE][PASSED] - Call Test Case 'Test Cases/Data Entry/Penghasilan/MASTER FLOW/TC_Penghasilan - MASTER FLOW' successfully

2019-10-22 12:35:37 - [TEST_STEP][PASSED] - callTestCase(findTestCase("Data Entry/Bank Account/Bank Account/MASTER FLOW/TC_Bank Account - Bank Account - MASTER FLOW"), ["varNamaCabang":varNamaCabang, "varNomorRekening":varNomorRekening, "varNamaPemegangRekening":varNamaPemegangRekening, "varSumberDanaBilaTidakBekerja":varSumberDanaBilaTidakBekerja, ... ], STOP_ON_FAILURE): Call Test Case 'Test Cases/Data Entry/Bank Account/Bank Account/MASTER FLOW/TC_Bank Account - Bank Account - MASTER FLOW' successfully

2019-10-22 12:35:37 - [TEST_CASE][PASSED] - Test Cases/Data Entry/Bank Account/Bank Account/MASTER FLOW/TC_Bank Account - Bank Account - MASTER FLOW: Test Cases/Data Entry/Bank Account/Bank Account/MASTER FLOW/TC_Bank Account - Bank Account - MASTER FLOW

2019-10-22 12:35:37 - [TEST_STEP][PASSED] - switch (varMetodePembayaran.toString()): null

2019-10-22 12:35:37 - [TEST_STEP][PASSED] - case "Giro":: null

2019-10-22 12:35:37 - [TEST_STEP][PASSED] - tap(findTestObject("Bank Account/Bank Account - Bank Account/BankAccount_BankAccount_BtnMetodePembayaran - Giro"), 0): Tapped on element 'Object Repository/Bank Account/Bank Account - Bank Account/BankAccount_BankAccount_BtnMetodePembayaran - Giro'

2019-10-22 12:35:37 - [MESSAGE][WARNING] - Timeout '0' is invalid. Using default page load timeout: '30'

2019-10-22 12:35:39 - [MESSAGE][PASSED] - Tapped on element 'Object Repository/Bank Account/Bank Account - Bank Account/BankAccount_BankAccount_BtnMetodePembayaran - Giro'

2019-10-22 12:35:39 - [TEST_STEP][PASSED] - break: null

2019-10-22 12:35:39 - [TEST_STEP][PASSED] - setText(findTestObject("Bank Account/Bank Account - Bank Account/BankAccount_BankAccount_InpNamaCabang"), varNamaCabang, 0): Text 'BCA-BKS-BEKASI MOBIL' has been set to element 'Object Repository/Bank Account/Bank Account - Bank Account/BankAccount_BankAccount_InpNamaCabang'

2019-10-22 12:35:39 - [MESSAGE][WARNING] - Timeout '0' is invalid. Using default page load timeout: '30'

2019-10-22 12:35:40 - [MESSAGE][PASSED] - Text 'BCA-BKS-BEKASI MOBIL' has been set to element 'Object Repository/Bank Account/Bank Account - Bank Account/BankAccount_BankAccount_InpNamaCabang'

2019-10-22 12:35:40 - [TEST_STEP][PASSED] - tap(findTestObject("Bank Account/Bank Account - Bank Account/BankAccount_BankAccount_InpNamaCabang"), 0, STOP_ON_FAILURE): Tapped on element 'Object Repository/Bank Account/Bank Account - Bank Account/BankAccount_BankAccount_InpNamaCabang'

2019-10-22 12:35:40 - [MESSAGE][WARNING] - Timeout '0' is invalid. Using default page load timeout: '30'

2019-10-22 12:35:43 - [MESSAGE][PASSED] - Tapped on element 'Object Repository/Bank Account/Bank Account - Bank Account/BankAccount_BankAccount_InpNamaCabang'

2019-10-22 12:35:43 - [TEST_STEP][PASSED] - mobile.picklist.List(findTestObject("dynamic object/pickListItem_viewView", ["text":varNamaCabang]), OPTIONAL): mobile.picklist.List is PASSED

2019-10-22 12:35:43 - [MESSAGE][WARNING] - Timeout '0' is invalid. Using default page load timeout: '30'

2019-10-22 12:35:44 - [MESSAGE][PASSED] - Object 'Object Repository/dynamic object/pickListItem_viewView' has top position '965'

2019-10-22 12:35:44 - [MESSAGE][WARNING] - Timeout '0' is invalid. Using default page load timeout: '30'

2019-10-22 12:35:45 - [MESSAGE][PASSED] - Object 'Object Repository/dynamic object/pickListItem_viewView' has left position '76'

2019-10-22 12:35:45 - [MESSAGE][PASSED] - Tapped at [76, 1,080]

2019-10-22 12:35:45 - [MESSAGE][PASSED] - mobile.picklist.List is PASSED

2019-10-22 12:35:45 - [TEST_STEP][PASSED] - setText(findTestObject("Bank Account/Bank Account - Bank Account/BankAccount_BankAccount_InpNomorRekening"), varNomorRekening, 0): Text '5210495870' has been set to element 'Object Repository/Bank Account/Bank Account - Bank Account/BankAccount_BankAccount_InpNomorRekening'

2019-10-22 12:35:45 - [MESSAGE][WARNING] - Timeout '0' is invalid. Using default page load timeout: '30'

2019-10-22 12:35:47 - [MESSAGE][PASSED] - Text '5210495870' has been set to element 'Object Repository/Bank Account/Bank Account - Bank Account/BankAccount_BankAccount_InpNomorRekening'

2019-10-22 12:35:47 - [TEST_STEP][PASSED] - setText(findTestObject("Bank Account/Bank Account - Bank Account/BankAccount_BankAccount_InpNamaPemegangRekening"), varNamaPemegangRekening, 0): Text 'MARLIANA' has been set to element 'Object Repository/Bank Account/Bank Account - Bank Account/BankAccount_BankAccount_InpNamaPemegangRekening'

2019-10-22 12:35:47 - [MESSAGE][WARNING] - Timeout '0' is invalid. Using default page load timeout: '30'

2019-10-22 12:35:49 - [MESSAGE][PASSED] - Text 'MARLIANA' has been set to element 'Object Repository/Bank Account/Bank Account - Bank Account/BankAccount_BankAccount_InpNamaPemegangRekening'

2019-10-22 12:35:49 - [TEST_STEP][NOT_RUN] - if (varPembukaanRekeningPermata == "Y"): NOT_RUN: if (varPembukaanRekeningPermata == "Y")

2019-10-22 12:35:49 - [MESSAGE][NOT_RUN] - NOT_RUN: if (varPembukaanRekeningPermata == "Y")

2019-10-22 12:35:49 - [MESSAGE][PASSED] - Call Test Case 'Test Cases/Data Entry/Bank Account/Bank Account/MASTER FLOW/TC_Bank Account - Bank Account - MASTER FLOW' successfully

2019-10-22 12:35:49 - [TEST_STEP][PASSED] - callTestCase(findTestCase("Data Entry/Bank Account/Bank History/MASTER FLOW/TC_Bank Account - Bank History - MASTER FLOW"), ["varNamaBank":varNamaBank, "varNomorRekening":varNomorRekening, "varNamaPemegangRekening":varNamaPemegangRekening, "varBulan":varBulan, ... ], STOP_ON_FAILURE): Call Test Case 'Test Cases/Data Entry/Bank Account/Bank History/MASTER FLOW/TC_Bank Account - Bank History - MASTER FLOW' successfully

2019-10-22 12:35:49 - [TEST_CASE][PASSED] - Test Cases/Data Entry/Bank Account/Bank History/MASTER FLOW/TC_Bank Account - Bank History - MASTER FLOW: Test Cases/Data Entry/Bank Account/Bank History/MASTER FLOW/TC_Bank Account - Bank History - MASTER FLOW

2019-10-22 12:35:49 - [TEST_STEP][PASSED] - tap(findTestObject("Bank Account/TAB/BankAccount_TabBankHistory"), 0): Tapped on element 'Object Repository/Bank Account/TAB/BankAccount_TabBankHistory'

2019-10-22 12:35:49 - [MESSAGE][WARNING] - Timeout '0' is invalid. Using default page load timeout: '30'

2019-10-22 12:35:51 - [MESSAGE][PASSED] - Tapped on element 'Object Repository/Bank Account/TAB/BankAccount_TabBankHistory'

2019-10-22 12:35:51 - [TEST_STEP][PASSED] - setText(findTestObject("Bank Account/Bank Account - Bank History/BankAccount_BankHistory_InpNamaBank"), varNamaBank, 0): Text 'BCA-BKS-BEKASI MOBIL' has been set to element 'Object Repository/Bank Account/Bank Account - Bank History/BankAccount_BankHistory_InpNamaBank'

2019-10-22 12:35:51 - [MESSAGE][WARNING] - Timeout '0' is invalid. Using default page load timeout: '30'

2019-10-22 12:35:53 - [MESSAGE][PASSED] - Text 'BCA-BKS-BEKASI MOBIL' has been set to element 'Object Repository/Bank Account/Bank Account - Bank History/BankAccount_BankHistory_InpNamaBank'

2019-10-22 12:35:53 - [TEST_STEP][PASSED] - tap(findTestObject("Bank Account/Bank Account - Bank History/BankAccount_BankHistory_InpNamaBank"), 0, STOP_ON_FAILURE): Tapped on element 'Object Repository/Bank Account/Bank Account - Bank History/BankAccount_BankHistory_InpNamaBank'

2019-10-22 12:35:53 - [MESSAGE][WARNING] - Timeout '0' is invalid. Using default page load timeout: '30'

2019-10-22 12:35:56 - [MESSAGE][PASSED] - Tapped on element 'Object Repository/Bank Account/Bank Account - Bank History/BankAccount_BankHistory_InpNamaBank'

2019-10-22 12:35:56 - [TEST_STEP][PASSED] - mobile.picklist.List(findTestObject("dynamic object/pickListItem_viewView", ["text":varNamaBank]), STOP_ON_FAILURE): mobile.picklist.List is PASSED

2019-10-22 12:35:56 - [MESSAGE][WARNING] - Timeout '0' is invalid. Using default page load timeout: '30'

2019-10-22 12:35:56 - [MESSAGE][PASSED] - Object 'Object Repository/dynamic object/pickListItem_viewView' has top position '755'

2019-10-22 12:35:56 - [MESSAGE][WARNING] - Timeout '0' is invalid. Using default page load timeout: '30'

2019-10-22 12:35:57 - [MESSAGE][PASSED] - Object 'Object Repository/dynamic object/pickListItem_viewView' has left position '78'

2019-10-22 12:35:57 - [MESSAGE][PASSED] - Tapped at [78, 870]

2019-10-22 12:35:57 - [MESSAGE][PASSED] - mobile.picklist.List is PASSED

2019-10-22 12:35:57 - [TEST_STEP][PASSED] - setText(findTestObject("Bank Account/Bank Account - Bank History/BankAccount_BankHistory_InpNomorRekening"), varNomorRekening, 0): Text '5210495870' has been set to element 'Object Repository/Bank Account/Bank Account - Bank History/BankAccount_BankHistory_InpNomorRekening'

2019-10-22 12:35:57 - [MESSAGE][WARNING] - Timeout '0' is invalid. Using default page load timeout: '30'

2019-10-22 12:36:00 - [MESSAGE][PASSED] - Text '5210495870' has been set to element 'Object Repository/Bank Account/Bank Account - Bank History/BankAccount_BankHistory_InpNomorRekening'

2019-10-22 12:36:00 - [TEST_STEP][PASSED] - setText(findTestObject("Bank Account/Bank Account - Bank History/BankAccount_BankHistory_InpNamaPemegangRekening"), varNamaPemegangRekening, 0): Text 'MARLIANA' has been set to element 'Object Repository/Bank Account/Bank Account - Bank History/BankAccount_BankHistory_InpNamaPemegangRekening'

2019-10-22 12:36:00 - [MESSAGE][WARNING] - Timeout '0' is invalid. Using default page load timeout: '30'

2019-10-22 12:36:01 - [MESSAGE][PASSED] - Text 'MARLIANA' has been set to element 'Object Repository/Bank Account/Bank Account - Bank History/BankAccount_BankHistory_InpNamaPemegangRekening'

2019-10-22 12:36:01 - [TEST_STEP][PASSED] - delay(10, STOP_ON_FAILURE): Delayed 10 second(s)

2019-10-22 12:36:11 - [MESSAGE][PASSED] - Delayed 10 second(s)

2019-10-22 12:36:11 - [TEST_STEP][NOT_RUN] - if (varTambahBankHistory == "Y"): NOT_RUN: if (varTambahBankHistory == "Y")

2019-10-22 12:36:11 - [MESSAGE][NOT_RUN] - NOT_RUN: if (varTambahBankHistory == "Y")

2019-10-22 12:36:11 - [MESSAGE][PASSED] - Call Test Case 'Test Cases/Data Entry/Bank Account/Bank History/MASTER FLOW/TC_Bank Account - Bank History - MASTER FLOW' successfully

2019-10-22 12:36:11 - [TEST_STEP][PASSED] - tap(findTestObject("dynamic object/BtnBerikutnya"), 0): Tapped on element 'Object Repository/dynamic object/BtnBerikutnya'

2019-10-22 12:36:12 - [MESSAGE][WARNING] - Timeout '0' is invalid. Using default page load timeout: '30'

2019-10-22 12:36:13 - [MESSAGE][PASSED] - Tapped on element 'Object Repository/dynamic object/BtnBerikutnya'

2019-10-22 12:36:13 - [TEST_STEP][PASSED] - delay(10, STOP_ON_FAILURE): Delayed 10 second(s)

2019-10-22 12:36:23 - [MESSAGE][PASSED] - Delayed 10 second(s)

2019-10-22 12:36:23 - [TEST_STEP][PASSED] - delay(10, STOP_ON_FAILURE): Delayed 10 second(s)

2019-10-22 12:36:33 - [MESSAGE][PASSED] - Delayed 10 second(s)

2019-10-22 12:36:33 - [TEST_STEP][FAILED] - tap(findTestObject("dynamic object/BtnBerikutnya"), 0): Failed to tap on element 'Object Repository/dynamic object/BtnBerikutnya' (Root cause: com.kms.katalon.core.exception.StepFailedException: Object Object Repository/dynamic object/BtnBerikutnya not found
	at com.kms.katalon.core.keyword.internal.KeywordMain.stepFailed(KeywordMain.groovy:50)
	at com.kms.katalon.core.mobile.keyword.internal.MobileKeywordMain.stepFailed(MobileKeywordMain.groovy:40)
	at com.kms.katalon.core.mobile.keyword.builtin.TapKeyword$_tap_closure1.doCall(TapKeyword.groovy:79)
	at com.kms.katalon.core.mobile.keyword.builtin.TapKeyword$_tap_closure1.call(TapKeyword.groovy)
	at com.kms.katalon.core.mobile.keyword.internal.MobileKeywordMain.runKeyword(MobileKeywordMain.groovy:21)
	at com.kms.katalon.core.mobile.keyword.builtin.TapKeyword.tap(TapKeyword.groovy:86)
	at com.kms.katalon.core.mobile.keyword.builtin.TapKeyword.execute(TapKeyword.groovy:68)
	at com.kms.katalon.core.keyword.internal.KeywordExecutor.executeKeywordForPlatform(KeywordExecutor.groovy:60)
	at com.kms.katalon.core.mobile.keyword.MobileBuiltInKeywords.tap(MobileBuiltInKeywords.groovy:520)
	at com.kms.katalon.core.mobile.keyword.MobileBuiltInKeywords$tap$1.call(Unknown Source)
	at TC_Data Entry.run(TC_Data Entry:215)
	at com.kms.katalon.core.main.ScriptEngine.run(ScriptEngine.java:194)
	at com.kms.katalon.core.main.ScriptEngine.runScriptAsRawText(ScriptEngine.java:119)
	at com.kms.katalon.core.main.TestCaseExecutor.runScript(TestCaseExecutor.java:337)
	at com.kms.katalon.core.main.TestCaseExecutor.doExecute(TestCaseExecutor.java:328)
	at com.kms.katalon.core.main.TestCaseExecutor.processExecutionPhase(TestCaseExecutor.java:307)
	at com.kms.katalon.core.main.TestCaseExecutor.accessMainPhase(TestCaseExecutor.java:299)
	at com.kms.katalon.core.main.TestCaseExecutor.execute(TestCaseExecutor.java:233)
	at com.kms.katalon.core.main.TestSuiteExecutor.accessTestCaseMainPhase(TestSuiteExecutor.java:169)
	at com.kms.katalon.core.main.TestSuiteExecutor.accessTestSuiteMainPhase(TestSuiteExecutor.java:142)
	at com.kms.katalon.core.main.TestSuiteExecutor.execute(TestSuiteExecutor.java:91)
	at com.kms.katalon.core.main.TestCaseMain.startTestSuite(TestCaseMain.java:157)
	at com.kms.katalon.core.main.TestCaseMain$startTestSuite$0.call(Unknown Source)
	at TempTestSuite1571720266263.run(TempTestSuite1571720266263.groovy:36)
)

2019-10-22 12:36:34 - [MESSAGE][WARNING] - Timeout '0' is invalid. Using default page load timeout: '30'

2019-10-22 12:37:05 - [MESSAGE][FAILED] - Object Object Repository/dynamic object/BtnBerikutnya not found
[[ATTACHMENT|C:\\Users\\15421\\git\\ACCMe-Mobile\\Reports\\20191022_115746\\New Test Suite\\20191022_115746\\1571722624098.png]]

2019-10-22 12:37:07 - [MESSAGE][FAILED] - Failed to tap on element 'Object Repository/dynamic object/BtnBerikutnya' (Root cause: com.kms.katalon.core.exception.StepFailedException: Object Object Repository/dynamic object/BtnBerikutnya not found
	at com.kms.katalon.core.keyword.internal.KeywordMain.stepFailed(KeywordMain.groovy:50)
	at com.kms.katalon.core.mobile.keyword.internal.MobileKeywordMain.stepFailed(MobileKeywordMain.groovy:40)
	at com.kms.katalon.core.mobile.keyword.builtin.TapKeyword$_tap_closure1.doCall(TapKeyword.groovy:79)
	at com.kms.katalon.core.mobile.keyword.builtin.TapKeyword$_tap_closure1.call(TapKeyword.groovy)
	at com.kms.katalon.core.mobile.keyword.internal.MobileKeywordMain.runKeyword(MobileKeywordMain.groovy:21)
	at com.kms.katalon.core.mobile.keyword.builtin.TapKeyword.tap(TapKeyword.groovy:86)
	at com.kms.katalon.core.mobile.keyword.builtin.TapKeyword.execute(TapKeyword.groovy:68)
	at com.kms.katalon.core.keyword.internal.KeywordExecutor.executeKeywordForPlatform(KeywordExecutor.groovy:60)
	at com.kms.katalon.core.mobile.keyword.MobileBuiltInKeywords.tap(MobileBuiltInKeywords.groovy:520)
	at com.kms.katalon.core.mobile.keyword.MobileBuiltInKeywords$tap$1.call(Unknown Source)
	at TC_Data Entry.run(TC_Data Entry:215)
	at com.kms.katalon.core.main.ScriptEngine.run(ScriptEngine.java:194)
	at com.kms.katalon.core.main.ScriptEngine.runScriptAsRawText(ScriptEngine.java:119)
	at com.kms.katalon.core.main.TestCaseExecutor.runScript(TestCaseExecutor.java:337)
	at com.kms.katalon.core.main.TestCaseExecutor.doExecute(TestCaseExecutor.java:328)
	at com.kms.katalon.core.main.TestCaseExecutor.processExecutionPhase(TestCaseExecutor.java:307)
	at com.kms.katalon.core.main.TestCaseExecutor.accessMainPhase(TestCaseExecutor.java:299)
	at com.kms.katalon.core.main.TestCaseExecutor.execute(TestCaseExecutor.java:233)
	at com.kms.katalon.core.main.TestSuiteExecutor.accessTestCaseMainPhase(TestSuiteExecutor.java:169)
	at com.kms.katalon.core.main.TestSuiteExecutor.accessTestSuiteMainPhase(TestSuiteExecutor.java:142)
	at com.kms.katalon.core.main.TestSuiteExecutor.execute(TestSuiteExecutor.java:91)
	at com.kms.katalon.core.main.TestCaseMain.startTestSuite(TestCaseMain.java:157)
	at com.kms.katalon.core.main.TestCaseMain$startTestSuite$0.call(Unknown Source)
	at TempTestSuite1571720266263.run(TempTestSuite1571720266263.groovy:36)
)
[[ATTACHMENT|C:\\Users\\15421\\git\\ACCMe-Mobile\\Reports\\20191022_115746\\New Test Suite\\20191022_115746\\1571722625583.png]]

2019-10-22 12:37:07 - [TEST_STEP][PASSED] - Start listener action : sampleAfterTestCase: Close app successfully

2019-10-22 12:37:07 - [TEST_STEP][PASSED] - getDriver().quit(): null

2019-10-22 12:37:09 - [TEST_STEP][PASSED] - closeApplication(OPTIONAL): Close app successfully

2019-10-22 12:37:09 - [MESSAGE][PASSED] - Close app successfully]]></system-out>
         <system-err><![CDATA[2019-10-22 12:22:10 - [TEST_CASE][FAILED] - Test Cases/Data Entry/TC_Data Entry: Test Cases/Data Entry/TC_Data Entry FAILED.
Reason:
com.kms.katalon.core.exception.StepFailedException: Object Object Repository/dynamic object/BtnBerikutnya not found
	at com.kms.katalon.core.keyword.internal.KeywordMain.stepFailed(KeywordMain.groovy:50)
	at com.kms.katalon.core.mobile.keyword.internal.MobileKeywordMain.stepFailed(MobileKeywordMain.groovy:40)
	at com.kms.katalon.core.mobile.keyword.builtin.TapKeyword$_tap_closure1.doCall(TapKeyword.groovy:79)
	at com.kms.katalon.core.mobile.keyword.builtin.TapKeyword$_tap_closure1.call(TapKeyword.groovy)
	at com.kms.katalon.core.mobile.keyword.internal.MobileKeywordMain.runKeyword(MobileKeywordMain.groovy:21)
	at com.kms.katalon.core.mobile.keyword.builtin.TapKeyword.tap(TapKeyword.groovy:86)
	at com.kms.katalon.core.mobile.keyword.builtin.TapKeyword.execute(TapKeyword.groovy:68)
	at com.kms.katalon.core.keyword.internal.KeywordExecutor.executeKeywordForPlatform(KeywordExecutor.groovy:60)
	at com.kms.katalon.core.mobile.keyword.MobileBuiltInKeywords.tap(MobileBuiltInKeywords.groovy:520)
	at com.kms.katalon.core.mobile.keyword.MobileBuiltInKeywords$tap$1.call(Unknown Source)
	at TC_Data Entry.run(TC_Data Entry:215)
	at com.kms.katalon.core.main.ScriptEngine.run(ScriptEngine.java:194)
	at com.kms.katalon.core.main.ScriptEngine.runScriptAsRawText(ScriptEngine.java:119)
	at com.kms.katalon.core.main.TestCaseExecutor.runScript(TestCaseExecutor.java:337)
	at com.kms.katalon.core.main.TestCaseExecutor.doExecute(TestCaseExecutor.java:328)
	at com.kms.katalon.core.main.TestCaseExecutor.processExecutionPhase(TestCaseExecutor.java:307)
	at com.kms.katalon.core.main.TestCaseExecutor.accessMainPhase(TestCaseExecutor.java:299)
	at com.kms.katalon.core.main.TestCaseExecutor.execute(TestCaseExecutor.java:233)
	at com.kms.katalon.core.main.TestSuiteExecutor.accessTestCaseMainPhase(TestSuiteExecutor.java:169)
	at com.kms.katalon.core.main.TestSuiteExecutor.accessTestSuiteMainPhase(TestSuiteExecutor.java:142)
	at com.kms.katalon.core.main.TestSuiteExecutor.execute(TestSuiteExecutor.java:91)
	at com.kms.katalon.core.main.TestCaseMain.startTestSuite(TestCaseMain.java:157)
	at com.kms.katalon.core.main.TestCaseMain$startTestSuite$0.call(Unknown Source)
	at TempTestSuite1571720266263.run(TempTestSuite1571720266263.groovy:36)]]></system-err>
      </testcase>
      <testcase name="Test Cases/Data Entry/TC_Data Entry" classname="Test Cases/Data Entry/TC_Data Entry" status="FAILED">
         <failure type="FAILED" message="Test Cases/Data Entry/TC_Data Entry FAILED.
Reason:
com.kms.katalon.core.exception.StepFailedException: Call Test Case 'Test Cases/dynamic test case/open application' failed
	at com.kms.katalon.core.keyword.builtin.CallTestCaseKeyword$_callTestCase_closure1.doCall(CallTestCaseKeyword.groovy:63)
	at com.kms.katalon.core.keyword.builtin.CallTestCaseKeyword$_callTestCase_closure1.call(CallTestCaseKeyword.groovy)
	at com.kms.katalon.core.keyword.internal.KeywordMain.runKeyword(KeywordMain.groovy:68)
	at com.kms.katalon.core.keyword.builtin.CallTestCaseKeyword.callTestCase(CallTestCaseKeyword.groovy:81)
	at com.kms.katalon.core.keyword.builtin.CallTestCaseKeyword.execute(CallTestCaseKeyword.groovy:44)
	at com.kms.katalon.core.keyword.internal.KeywordExecutor.executeKeywordForPlatform(KeywordExecutor.groovy:60)
	at com.kms.katalon.core.keyword.BuiltinKeywords.callTestCase(BuiltinKeywords.groovy:334)
	at TC_Data Entry.run(TC_Data Entry:18)
	at com.kms.katalon.core.main.ScriptEngine.run(ScriptEngine.java:194)
	at com.kms.katalon.core.main.ScriptEngine.runScriptAsRawText(ScriptEngine.java:119)
	at com.kms.katalon.core.main.TestCaseExecutor.runScript(TestCaseExecutor.java:337)
	at com.kms.katalon.core.main.TestCaseExecutor.doExecute(TestCaseExecutor.java:328)
	at com.kms.katalon.core.main.TestCaseExecutor.processExecutionPhase(TestCaseExecutor.java:307)
	at com.kms.katalon.core.main.TestCaseExecutor.accessMainPhase(TestCaseExecutor.java:299)
	at com.kms.katalon.core.main.TestCaseExecutor.execute(TestCaseExecutor.java:233)
	at com.kms.katalon.core.main.TestSuiteExecutor.accessTestCaseMainPhase(TestSuiteExecutor.java:169)
	at com.kms.katalon.core.main.TestSuiteExecutor.accessTestSuiteMainPhase(TestSuiteExecutor.java:142)
	at com.kms.katalon.core.main.TestSuiteExecutor.execute(TestSuiteExecutor.java:91)
	at com.kms.katalon.core.main.TestCaseMain.startTestSuite(TestCaseMain.java:157)
	at com.kms.katalon.core.main.TestCaseMain$startTestSuite$0.call(Unknown Source)
	at TempTestSuite1571720266263.run(TempTestSuite1571720266263.groovy:36)
Caused by: com.kms.katalon.core.exception.StepFailedException: Unable to start app at: 'C:\Users\15421\git\ACCMe-Mobile\AccMe.apk' (Root cause: com.kms.katalon.core.appium.exception.AppiumStartException: Fail to start Appium server in 30 seconds
	at com.kms.katalon.core.appium.driver.AppiumDriverManager.startAppiumServerJS(AppiumDriverManager.java:267)
	at com.kms.katalon.core.appium.driver.AppiumDriverManager.startAppiumServerJS(AppiumDriverManager.java:406)
	at com.kms.katalon.core.appium.driver.AppiumDriverManager.ensureServicesStarted(AppiumDriverManager.java:243)
	at com.kms.katalon.core.appium.driver.AppiumDriverManager.createMobileDriver(AppiumDriverManager.java:472)
	at com.kms.katalon.core.mobile.keyword.internal.MobileDriverFactory.startLocalMobileDriver(MobileDriverFactory.java:460)
	at com.kms.katalon.core.mobile.keyword.internal.MobileDriverFactory.startMobileDriver(MobileDriverFactory.java:374)
	at com.kms.katalon.core.mobile.keyword.builtin.StartApplicationKeyword$_startApplication_closure1.doCall(StartApplicationKeyword.groovy:49)
	at com.kms.katalon.core.mobile.keyword.builtin.StartApplicationKeyword$_startApplication_closure1.call(StartApplicationKeyword.groovy)
	at com.kms.katalon.core.mobile.keyword.internal.MobileKeywordMain.runKeyword(MobileKeywordMain.groovy:21)
	at com.kms.katalon.core.mobile.keyword.builtin.StartApplicationKeyword.startApplication(StartApplicationKeyword.groovy:51)
	at com.kms.katalon.core.mobile.keyword.builtin.StartApplicationKeyword.execute(StartApplicationKeyword.groovy:40)
	at com.kms.katalon.core.keyword.internal.KeywordExecutor.executeKeywordForPlatform(KeywordExecutor.groovy:60)
	at com.kms.katalon.core.mobile.keyword.MobileBuiltInKeywords.startApplication(MobileBuiltInKeywords.groovy:74)
	at com.kms.katalon.core.mobile.keyword.MobileBuiltInKeywords$startApplication.call(Unknown Source)
	at open application.run(open application:10)
	at com.kms.katalon.core.main.ScriptEngine.run(ScriptEngine.java:194)
	at com.kms.katalon.core.main.ScriptEngine.runScriptAsRawText(ScriptEngine.java:119)
	at com.kms.katalon.core.main.TestCaseExecutor.runScript(TestCaseExecutor.java:337)
	at com.kms.katalon.core.main.TestCaseExecutor.doExecute(TestCaseExecutor.java:328)
	at com.kms.katalon.core.main.TestCaseExecutor.processExecutionPhase(TestCaseExecutor.java:307)
	at com.kms.katalon.core.main.TestCaseExecutor.accessMainPhase(TestCaseExecutor.java:299)
	at com.kms.katalon.core.main.TestCaseExecutor.execute(TestCaseExecutor.java:233)
	at com.kms.katalon.core.main.TestCaseMain.runTestCase(TestCaseMain.java:114)
	at com.kms.katalon.core.keyword.builtin.CallTestCaseKeyword$_callTestCase_closure1.doCall(CallTestCaseKeyword.groovy:59)
	at com.kms.katalon.core.keyword.builtin.CallTestCaseKeyword$_callTestCase_closure1.call(CallTestCaseKeyword.groovy)
	at com.kms.katalon.core.keyword.internal.KeywordMain.runKeyword(KeywordMain.groovy:68)
	at com.kms.katalon.core.keyword.builtin.CallTestCaseKeyword.callTestCase(CallTestCaseKeyword.groovy:81)
	at com.kms.katalon.core.keyword.builtin.CallTestCaseKeyword.execute(CallTestCaseKeyword.groovy:44)
	at com.kms.katalon.core.keyword.internal.KeywordExecutor.executeKeywordForPlatform(KeywordExecutor.groovy:60)
	at com.kms.katalon.core.keyword.BuiltinKeywords.callTestCase(BuiltinKeywords.groovy:334)
	at TC_Data Entry.run(TC_Data Entry:18)
	at com.kms.katalon.core.main.ScriptEngine.run(ScriptEngine.java:194)
	at com.kms.katalon.core.main.ScriptEngine.runScriptAsRawText(ScriptEngine.java:119)
	at com.kms.katalon.core.main.TestCaseExecutor.runScript(TestCaseExecutor.java:337)
	at com.kms.katalon.core.main.TestCaseExecutor.doExecute(TestCaseExecutor.java:328)
	at com.kms.katalon.core.main.TestCaseExecutor.processExecutionPhase(TestCaseExecutor.java:307)
	at com.kms.katalon.core.main.TestCaseExecutor.accessMainPhase(TestCaseExecutor.java:299)
	at com.kms.katalon.core.main.TestCaseExecutor.execute(TestCaseExecutor.java:233)
	at com.kms.katalon.core.main.TestSuiteExecutor.accessTestCaseMainPhase(TestSuiteExecutor.java:169)
	at com.kms.katalon.core.main.TestSuiteExecutor.accessTestSuiteMainPhase(TestSuiteExecutor.java:142)
	at com.kms.katalon.core.main.TestSuiteExecutor.execute(TestSuiteExecutor.java:91)
	at com.kms.katalon.core.main.TestCaseMain.startTestSuite(TestCaseMain.java:157)
	at com.kms.katalon.core.main.TestCaseMain$startTestSuite$0.call(Unknown Source)
	at TempTestSuite1571720266263.run(TempTestSuite1571720266263.groovy:36)
)
	at com.kms.katalon.core.keyword.internal.KeywordMain.stepFailed(KeywordMain.groovy:50)
	at com.kms.katalon.core.mobile.keyword.internal.MobileKeywordMain.stepFailed(MobileKeywordMain.groovy:40)
	at com.kms.katalon.core.mobile.keyword.internal.MobileKeywordMain.runKeyword(MobileKeywordMain.groovy:23)
	at com.kms.katalon.core.mobile.keyword.builtin.StartApplicationKeyword.startApplication(StartApplicationKeyword.groovy:51)
	at com.kms.katalon.core.mobile.keyword.builtin.StartApplicationKeyword.execute(StartApplicationKeyword.groovy:40)
	at com.kms.katalon.core.keyword.internal.KeywordExecutor.executeKeywordForPlatform(KeywordExecutor.groovy:60)
	at com.kms.katalon.core.mobile.keyword.MobileBuiltInKeywords.startApplication(MobileBuiltInKeywords.groovy:74)
	at com.kms.katalon.core.mobile.keyword.MobileBuiltInKeywords$startApplication.call(Unknown Source)
	at open application.run(open application:10)
	at com.kms.katalon.core.main.ScriptEngine.run(ScriptEngine.java:194)
	at com.kms.katalon.core.main.ScriptEngine.runScriptAsRawText(ScriptEngine.java:119)
	at com.kms.katalon.core.main.TestCaseExecutor.runScript(TestCaseExecutor.java:337)
	at com.kms.katalon.core.main.TestCaseExecutor.doExecute(TestCaseExecutor.java:328)
	at com.kms.katalon.core.main.TestCaseExecutor.processExecutionPhase(TestCaseExecutor.java:307)
	at com.kms.katalon.core.main.TestCaseExecutor.accessMainPhase(TestCaseExecutor.java:299)
	at com.kms.katalon.core.main.TestCaseExecutor.execute(TestCaseExecutor.java:233)
	at com.kms.katalon.core.main.TestCaseMain.runTestCase(TestCaseMain.java:114)
	at com.kms.katalon.core.keyword.builtin.CallTestCaseKeyword$_callTestCase_closure1.doCall(CallTestCaseKeyword.groovy:59)
	... 20 more
Caused by: com.kms.katalon.core.appium.exception.AppiumStartException: Fail to start Appium server in 30 seconds
	at com.kms.katalon.core.appium.driver.AppiumDriverManager.startAppiumServerJS(AppiumDriverManager.java:267)
	at com.kms.katalon.core.appium.driver.AppiumDriverManager.startAppiumServerJS(AppiumDriverManager.java:406)
	at com.kms.katalon.core.appium.driver.AppiumDriverManager.ensureServicesStarted(AppiumDriverManager.java:243)
	at com.kms.katalon.core.appium.driver.AppiumDriverManager.createMobileDriver(AppiumDriverManager.java:472)
	at com.kms.katalon.core.mobile.keyword.internal.MobileDriverFactory.startLocalMobileDriver(MobileDriverFactory.java:460)
	at com.kms.katalon.core.mobile.keyword.internal.MobileDriverFactory.startMobileDriver(MobileDriverFactory.java:374)
	at com.kms.katalon.core.mobile.keyword.builtin.StartApplicationKeyword$_startApplication_closure1.doCall(StartApplicationKeyword.groovy:49)
	at com.kms.katalon.core.mobile.keyword.builtin.StartApplicationKeyword$_startApplication_closure1.call(StartApplicationKeyword.groovy)
	at com.kms.katalon.core.mobile.keyword.internal.MobileKeywordMain.runKeyword(MobileKeywordMain.groovy:21)
	... 35 more
"/>
         <system-out><![CDATA[2019-10-22 12:37:14 - [TEST_CASE][FAILED] - Test Cases/Data Entry/TC_Data Entry: Test Cases/Data Entry/TC_Data Entry FAILED.
Reason:
com.kms.katalon.core.exception.StepFailedException: Call Test Case 'Test Cases/dynamic test case/open application' failed
	at com.kms.katalon.core.keyword.builtin.CallTestCaseKeyword$_callTestCase_closure1.doCall(CallTestCaseKeyword.groovy:63)
	at com.kms.katalon.core.keyword.builtin.CallTestCaseKeyword$_callTestCase_closure1.call(CallTestCaseKeyword.groovy)
	at com.kms.katalon.core.keyword.internal.KeywordMain.runKeyword(KeywordMain.groovy:68)
	at com.kms.katalon.core.keyword.builtin.CallTestCaseKeyword.callTestCase(CallTestCaseKeyword.groovy:81)
	at com.kms.katalon.core.keyword.builtin.CallTestCaseKeyword.execute(CallTestCaseKeyword.groovy:44)
	at com.kms.katalon.core.keyword.internal.KeywordExecutor.executeKeywordForPlatform(KeywordExecutor.groovy:60)
	at com.kms.katalon.core.keyword.BuiltinKeywords.callTestCase(BuiltinKeywords.groovy:334)
	at TC_Data Entry.run(TC_Data Entry:18)
	at com.kms.katalon.core.main.ScriptEngine.run(ScriptEngine.java:194)
	at com.kms.katalon.core.main.ScriptEngine.runScriptAsRawText(ScriptEngine.java:119)
	at com.kms.katalon.core.main.TestCaseExecutor.runScript(TestCaseExecutor.java:337)
	at com.kms.katalon.core.main.TestCaseExecutor.doExecute(TestCaseExecutor.java:328)
	at com.kms.katalon.core.main.TestCaseExecutor.processExecutionPhase(TestCaseExecutor.java:307)
	at com.kms.katalon.core.main.TestCaseExecutor.accessMainPhase(TestCaseExecutor.java:299)
	at com.kms.katalon.core.main.TestCaseExecutor.execute(TestCaseExecutor.java:233)
	at com.kms.katalon.core.main.TestSuiteExecutor.accessTestCaseMainPhase(TestSuiteExecutor.java:169)
	at com.kms.katalon.core.main.TestSuiteExecutor.accessTestSuiteMainPhase(TestSuiteExecutor.java:142)
	at com.kms.katalon.core.main.TestSuiteExecutor.execute(TestSuiteExecutor.java:91)
	at com.kms.katalon.core.main.TestCaseMain.startTestSuite(TestCaseMain.java:157)
	at com.kms.katalon.core.main.TestCaseMain$startTestSuite$0.call(Unknown Source)
	at TempTestSuite1571720266263.run(TempTestSuite1571720266263.groovy:36)
Caused by: com.kms.katalon.core.exception.StepFailedException: Unable to start app at: 'C:\Users\15421\git\ACCMe-Mobile\AccMe.apk' (Root cause: com.kms.katalon.core.appium.exception.AppiumStartException: Fail to start Appium server in 30 seconds
	at com.kms.katalon.core.appium.driver.AppiumDriverManager.startAppiumServerJS(AppiumDriverManager.java:267)
	at com.kms.katalon.core.appium.driver.AppiumDriverManager.startAppiumServerJS(AppiumDriverManager.java:406)
	at com.kms.katalon.core.appium.driver.AppiumDriverManager.ensureServicesStarted(AppiumDriverManager.java:243)
	at com.kms.katalon.core.appium.driver.AppiumDriverManager.createMobileDriver(AppiumDriverManager.java:472)
	at com.kms.katalon.core.mobile.keyword.internal.MobileDriverFactory.startLocalMobileDriver(MobileDriverFactory.java:460)
	at com.kms.katalon.core.mobile.keyword.internal.MobileDriverFactory.startMobileDriver(MobileDriverFactory.java:374)
	at com.kms.katalon.core.mobile.keyword.builtin.StartApplicationKeyword$_startApplication_closure1.doCall(StartApplicationKeyword.groovy:49)
	at com.kms.katalon.core.mobile.keyword.builtin.StartApplicationKeyword$_startApplication_closure1.call(StartApplicationKeyword.groovy)
	at com.kms.katalon.core.mobile.keyword.internal.MobileKeywordMain.runKeyword(MobileKeywordMain.groovy:21)
	at com.kms.katalon.core.mobile.keyword.builtin.StartApplicationKeyword.startApplication(StartApplicationKeyword.groovy:51)
	at com.kms.katalon.core.mobile.keyword.builtin.StartApplicationKeyword.execute(StartApplicationKeyword.groovy:40)
	at com.kms.katalon.core.keyword.internal.KeywordExecutor.executeKeywordForPlatform(KeywordExecutor.groovy:60)
	at com.kms.katalon.core.mobile.keyword.MobileBuiltInKeywords.startApplication(MobileBuiltInKeywords.groovy:74)
	at com.kms.katalon.core.mobile.keyword.MobileBuiltInKeywords$startApplication.call(Unknown Source)
	at open application.run(open application:10)
	at com.kms.katalon.core.main.ScriptEngine.run(ScriptEngine.java:194)
	at com.kms.katalon.core.main.ScriptEngine.runScriptAsRawText(ScriptEngine.java:119)
	at com.kms.katalon.core.main.TestCaseExecutor.runScript(TestCaseExecutor.java:337)
	at com.kms.katalon.core.main.TestCaseExecutor.doExecute(TestCaseExecutor.java:328)
	at com.kms.katalon.core.main.TestCaseExecutor.processExecutionPhase(TestCaseExecutor.java:307)
	at com.kms.katalon.core.main.TestCaseExecutor.accessMainPhase(TestCaseExecutor.java:299)
	at com.kms.katalon.core.main.TestCaseExecutor.execute(TestCaseExecutor.java:233)
	at com.kms.katalon.core.main.TestCaseMain.runTestCase(TestCaseMain.java:114)
	at com.kms.katalon.core.keyword.builtin.CallTestCaseKeyword$_callTestCase_closure1.doCall(CallTestCaseKeyword.groovy:59)
	at com.kms.katalon.core.keyword.builtin.CallTestCaseKeyword$_callTestCase_closure1.call(CallTestCaseKeyword.groovy)
	at com.kms.katalon.core.keyword.internal.KeywordMain.runKeyword(KeywordMain.groovy:68)
	at com.kms.katalon.core.keyword.builtin.CallTestCaseKeyword.callTestCase(CallTestCaseKeyword.groovy:81)
	at com.kms.katalon.core.keyword.builtin.CallTestCaseKeyword.execute(CallTestCaseKeyword.groovy:44)
	at com.kms.katalon.core.keyword.internal.KeywordExecutor.executeKeywordForPlatform(KeywordExecutor.groovy:60)
	at com.kms.katalon.core.keyword.BuiltinKeywords.callTestCase(BuiltinKeywords.groovy:334)
	at TC_Data Entry.run(TC_Data Entry:18)
	at com.kms.katalon.core.main.ScriptEngine.run(ScriptEngine.java:194)
	at com.kms.katalon.core.main.ScriptEngine.runScriptAsRawText(ScriptEngine.java:119)
	at com.kms.katalon.core.main.TestCaseExecutor.runScript(TestCaseExecutor.java:337)
	at com.kms.katalon.core.main.TestCaseExecutor.doExecute(TestCaseExecutor.java:328)
	at com.kms.katalon.core.main.TestCaseExecutor.processExecutionPhase(TestCaseExecutor.java:307)
	at com.kms.katalon.core.main.TestCaseExecutor.accessMainPhase(TestCaseExecutor.java:299)
	at com.kms.katalon.core.main.TestCaseExecutor.execute(TestCaseExecutor.java:233)
	at com.kms.katalon.core.main.TestSuiteExecutor.accessTestCaseMainPhase(TestSuiteExecutor.java:169)
	at com.kms.katalon.core.main.TestSuiteExecutor.accessTestSuiteMainPhase(TestSuiteExecutor.java:142)
	at com.kms.katalon.core.main.TestSuiteExecutor.execute(TestSuiteExecutor.java:91)
	at com.kms.katalon.core.main.TestCaseMain.startTestSuite(TestCaseMain.java:157)
	at com.kms.katalon.core.main.TestCaseMain$startTestSuite$0.call(Unknown Source)
	at TempTestSuite1571720266263.run(TempTestSuite1571720266263.groovy:36)
)
	at com.kms.katalon.core.keyword.internal.KeywordMain.stepFailed(KeywordMain.groovy:50)
	at com.kms.katalon.core.mobile.keyword.internal.MobileKeywordMain.stepFailed(MobileKeywordMain.groovy:40)
	at com.kms.katalon.core.mobile.keyword.internal.MobileKeywordMain.runKeyword(MobileKeywordMain.groovy:23)
	at com.kms.katalon.core.mobile.keyword.builtin.StartApplicationKeyword.startApplication(StartApplicationKeyword.groovy:51)
	at com.kms.katalon.core.mobile.keyword.builtin.StartApplicationKeyword.execute(StartApplicationKeyword.groovy:40)
	at com.kms.katalon.core.keyword.internal.KeywordExecutor.executeKeywordForPlatform(KeywordExecutor.groovy:60)
	at com.kms.katalon.core.mobile.keyword.MobileBuiltInKeywords.startApplication(MobileBuiltInKeywords.groovy:74)
	at com.kms.katalon.core.mobile.keyword.MobileBuiltInKeywords$startApplication.call(Unknown Source)
	at open application.run(open application:10)
	at com.kms.katalon.core.main.ScriptEngine.run(ScriptEngine.java:194)
	at com.kms.katalon.core.main.ScriptEngine.runScriptAsRawText(ScriptEngine.java:119)
	at com.kms.katalon.core.main.TestCaseExecutor.runScript(TestCaseExecutor.java:337)
	at com.kms.katalon.core.main.TestCaseExecutor.doExecute(TestCaseExecutor.java:328)
	at com.kms.katalon.core.main.TestCaseExecutor.processExecutionPhase(TestCaseExecutor.java:307)
	at com.kms.katalon.core.main.TestCaseExecutor.accessMainPhase(TestCaseExecutor.java:299)
	at com.kms.katalon.core.main.TestCaseExecutor.execute(TestCaseExecutor.java:233)
	at com.kms.katalon.core.main.TestCaseMain.runTestCase(TestCaseMain.java:114)
	at com.kms.katalon.core.keyword.builtin.CallTestCaseKeyword$_callTestCase_closure1.doCall(CallTestCaseKeyword.groovy:59)
	... 20 more
Caused by: com.kms.katalon.core.appium.exception.AppiumStartException: Fail to start Appium server in 30 seconds
	at com.kms.katalon.core.appium.driver.AppiumDriverManager.startAppiumServerJS(AppiumDriverManager.java:267)
	at com.kms.katalon.core.appium.driver.AppiumDriverManager.startAppiumServerJS(AppiumDriverManager.java:406)
	at com.kms.katalon.core.appium.driver.AppiumDriverManager.ensureServicesStarted(AppiumDriverManager.java:243)
	at com.kms.katalon.core.appium.driver.AppiumDriverManager.createMobileDriver(AppiumDriverManager.java:472)
	at com.kms.katalon.core.mobile.keyword.internal.MobileDriverFactory.startLocalMobileDriver(MobileDriverFactory.java:460)
	at com.kms.katalon.core.mobile.keyword.internal.MobileDriverFactory.startMobileDriver(MobileDriverFactory.java:374)
	at com.kms.katalon.core.mobile.keyword.builtin.StartApplicationKeyword$_startApplication_closure1.doCall(StartApplicationKeyword.groovy:49)
	at com.kms.katalon.core.mobile.keyword.builtin.StartApplicationKeyword$_startApplication_closure1.call(StartApplicationKeyword.groovy)
	at com.kms.katalon.core.mobile.keyword.internal.MobileKeywordMain.runKeyword(MobileKeywordMain.groovy:21)
	... 35 more


2019-10-22 12:37:15 - [TEST_STEP][FAILED] - callTestCase(findTestCase("dynamic test case/open application"), [:], STOP_ON_FAILURE): Unable to call Test Case 'Test Cases/dynamic test case/open application' (Root cause: com.kms.katalon.core.exception.StepFailedException: Call Test Case 'Test Cases/dynamic test case/open application' failed
	at com.kms.katalon.core.keyword.builtin.CallTestCaseKeyword$_callTestCase_closure1.doCall(CallTestCaseKeyword.groovy:63)
	at com.kms.katalon.core.keyword.builtin.CallTestCaseKeyword$_callTestCase_closure1.call(CallTestCaseKeyword.groovy)
	at com.kms.katalon.core.keyword.internal.KeywordMain.runKeyword(KeywordMain.groovy:68)
	at com.kms.katalon.core.keyword.builtin.CallTestCaseKeyword.callTestCase(CallTestCaseKeyword.groovy:81)
	at com.kms.katalon.core.keyword.builtin.CallTestCaseKeyword.execute(CallTestCaseKeyword.groovy:44)
	at com.kms.katalon.core.keyword.internal.KeywordExecutor.executeKeywordForPlatform(KeywordExecutor.groovy:60)
	at com.kms.katalon.core.keyword.BuiltinKeywords.callTestCase(BuiltinKeywords.groovy:334)
	at TC_Data Entry.run(TC_Data Entry:18)
	at com.kms.katalon.core.main.ScriptEngine.run(ScriptEngine.java:194)
	at com.kms.katalon.core.main.ScriptEngine.runScriptAsRawText(ScriptEngine.java:119)
	at com.kms.katalon.core.main.TestCaseExecutor.runScript(TestCaseExecutor.java:337)
	at com.kms.katalon.core.main.TestCaseExecutor.doExecute(TestCaseExecutor.java:328)
	at com.kms.katalon.core.main.TestCaseExecutor.processExecutionPhase(TestCaseExecutor.java:307)
	at com.kms.katalon.core.main.TestCaseExecutor.accessMainPhase(TestCaseExecutor.java:299)
	at com.kms.katalon.core.main.TestCaseExecutor.execute(TestCaseExecutor.java:233)
	at com.kms.katalon.core.main.TestSuiteExecutor.accessTestCaseMainPhase(TestSuiteExecutor.java:169)
	at com.kms.katalon.core.main.TestSuiteExecutor.accessTestSuiteMainPhase(TestSuiteExecutor.java:142)
	at com.kms.katalon.core.main.TestSuiteExecutor.execute(TestSuiteExecutor.java:91)
	at com.kms.katalon.core.main.TestCaseMain.startTestSuite(TestCaseMain.java:157)
	at com.kms.katalon.core.main.TestCaseMain$startTestSuite$0.call(Unknown Source)
	at TempTestSuite1571720266263.run(TempTestSuite1571720266263.groovy:36)
Caused by: com.kms.katalon.core.exception.StepFailedException: Unable to start app at: 'C:\Users\15421\git\ACCMe-Mobile\AccMe.apk' (Root cause: com.kms.katalon.core.appium.exception.AppiumStartException: Fail to start Appium server in 30 seconds
	at com.kms.katalon.core.appium.driver.AppiumDriverManager.startAppiumServerJS(AppiumDriverManager.java:267)
	at com.kms.katalon.core.appium.driver.AppiumDriverManager.startAppiumServerJS(AppiumDriverManager.java:406)
	at com.kms.katalon.core.appium.driver.AppiumDriverManager.ensureServicesStarted(AppiumDriverManager.java:243)
	at com.kms.katalon.core.appium.driver.AppiumDriverManager.createMobileDriver(AppiumDriverManager.java:472)
	at com.kms.katalon.core.mobile.keyword.internal.MobileDriverFactory.startLocalMobileDriver(MobileDriverFactory.java:460)
	at com.kms.katalon.core.mobile.keyword.internal.MobileDriverFactory.startMobileDriver(MobileDriverFactory.java:374)
	at com.kms.katalon.core.mobile.keyword.builtin.StartApplicationKeyword$_startApplication_closure1.doCall(StartApplicationKeyword.groovy:49)
	at com.kms.katalon.core.mobile.keyword.builtin.StartApplicationKeyword$_startApplication_closure1.call(StartApplicationKeyword.groovy)
	at com.kms.katalon.core.mobile.keyword.internal.MobileKeywordMain.runKeyword(MobileKeywordMain.groovy:21)
	at com.kms.katalon.core.mobile.keyword.builtin.StartApplicationKeyword.startApplication(StartApplicationKeyword.groovy:51)
	at com.kms.katalon.core.mobile.keyword.builtin.StartApplicationKeyword.execute(StartApplicationKeyword.groovy:40)
	at com.kms.katalon.core.keyword.internal.KeywordExecutor.executeKeywordForPlatform(KeywordExecutor.groovy:60)
	at com.kms.katalon.core.mobile.keyword.MobileBuiltInKeywords.startApplication(MobileBuiltInKeywords.groovy:74)
	at com.kms.katalon.core.mobile.keyword.MobileBuiltInKeywords$startApplication.call(Unknown Source)
	at open application.run(open application:10)
	at com.kms.katalon.core.main.ScriptEngine.run(ScriptEngine.java:194)
	at com.kms.katalon.core.main.ScriptEngine.runScriptAsRawText(ScriptEngine.java:119)
	at com.kms.katalon.core.main.TestCaseExecutor.runScript(TestCaseExecutor.java:337)
	at com.kms.katalon.core.main.TestCaseExecutor.doExecute(TestCaseExecutor.java:328)
	at com.kms.katalon.core.main.TestCaseExecutor.processExecutionPhase(TestCaseExecutor.java:307)
	at com.kms.katalon.core.main.TestCaseExecutor.accessMainPhase(TestCaseExecutor.java:299)
	at com.kms.katalon.core.main.TestCaseExecutor.execute(TestCaseExecutor.java:233)
	at com.kms.katalon.core.main.TestCaseMain.runTestCase(TestCaseMain.java:114)
	at com.kms.katalon.core.keyword.builtin.CallTestCaseKeyword$_callTestCase_closure1.doCall(CallTestCaseKeyword.groovy:59)
	at com.kms.katalon.core.keyword.builtin.CallTestCaseKeyword$_callTestCase_closure1.call(CallTestCaseKeyword.groovy)
	at com.kms.katalon.core.keyword.internal.KeywordMain.runKeyword(KeywordMain.groovy:68)
	at com.kms.katalon.core.keyword.builtin.CallTestCaseKeyword.callTestCase(CallTestCaseKeyword.groovy:81)
	at com.kms.katalon.core.keyword.builtin.CallTestCaseKeyword.execute(CallTestCaseKeyword.groovy:44)
	at com.kms.katalon.core.keyword.internal.KeywordExecutor.executeKeywordForPlatform(KeywordExecutor.groovy:60)
	at com.kms.katalon.core.keyword.BuiltinKeywords.callTestCase(BuiltinKeywords.groovy:334)
	at TC_Data Entry.run(TC_Data Entry:18)
	at com.kms.katalon.core.main.ScriptEngine.run(ScriptEngine.java:194)
	at com.kms.katalon.core.main.ScriptEngine.runScriptAsRawText(ScriptEngine.java:119)
	at com.kms.katalon.core.main.TestCaseExecutor.runScript(TestCaseExecutor.java:337)
	at com.kms.katalon.core.main.TestCaseExecutor.doExecute(TestCaseExecutor.java:328)
	at com.kms.katalon.core.main.TestCaseExecutor.processExecutionPhase(TestCaseExecutor.java:307)
	at com.kms.katalon.core.main.TestCaseExecutor.accessMainPhase(TestCaseExecutor.java:299)
	at com.kms.katalon.core.main.TestCaseExecutor.execute(TestCaseExecutor.java:233)
	at com.kms.katalon.core.main.TestSuiteExecutor.accessTestCaseMainPhase(TestSuiteExecutor.java:169)
	at com.kms.katalon.core.main.TestSuiteExecutor.accessTestSuiteMainPhase(TestSuiteExecutor.java:142)
	at com.kms.katalon.core.main.TestSuiteExecutor.execute(TestSuiteExecutor.java:91)
	at com.kms.katalon.core.main.TestCaseMain.startTestSuite(TestCaseMain.java:157)
	at com.kms.katalon.core.main.TestCaseMain$startTestSuite$0.call(Unknown Source)
	at TempTestSuite1571720266263.run(TempTestSuite1571720266263.groovy:36)
)
	at com.kms.katalon.core.keyword.internal.KeywordMain.stepFailed(KeywordMain.groovy:50)
	at com.kms.katalon.core.mobile.keyword.internal.MobileKeywordMain.stepFailed(MobileKeywordMain.groovy:40)
	at com.kms.katalon.core.mobile.keyword.internal.MobileKeywordMain.runKeyword(MobileKeywordMain.groovy:23)
	at com.kms.katalon.core.mobile.keyword.builtin.StartApplicationKeyword.startApplication(StartApplicationKeyword.groovy:51)
	at com.kms.katalon.core.mobile.keyword.builtin.StartApplicationKeyword.execute(StartApplicationKeyword.groovy:40)
	at com.kms.katalon.core.keyword.internal.KeywordExecutor.executeKeywordForPlatform(KeywordExecutor.groovy:60)
	at com.kms.katalon.core.mobile.keyword.MobileBuiltInKeywords.startApplication(MobileBuiltInKeywords.groovy:74)
	at com.kms.katalon.core.mobile.keyword.MobileBuiltInKeywords$startApplication.call(Unknown Source)
	at open application.run(open application:10)
	at com.kms.katalon.core.main.ScriptEngine.run(ScriptEngine.java:194)
	at com.kms.katalon.core.main.ScriptEngine.runScriptAsRawText(ScriptEngine.java:119)
	at com.kms.katalon.core.main.TestCaseExecutor.runScript(TestCaseExecutor.java:337)
	at com.kms.katalon.core.main.TestCaseExecutor.doExecute(TestCaseExecutor.java:328)
	at com.kms.katalon.core.main.TestCaseExecutor.processExecutionPhase(TestCaseExecutor.java:307)
	at com.kms.katalon.core.main.TestCaseExecutor.accessMainPhase(TestCaseExecutor.java:299)
	at com.kms.katalon.core.main.TestCaseExecutor.execute(TestCaseExecutor.java:233)
	at com.kms.katalon.core.main.TestCaseMain.runTestCase(TestCaseMain.java:114)
	at com.kms.katalon.core.keyword.builtin.CallTestCaseKeyword$_callTestCase_closure1.doCall(CallTestCaseKeyword.groovy:59)
	... 20 more
Caused by: com.kms.katalon.core.appium.exception.AppiumStartException: Fail to start Appium server in 30 seconds
	at com.kms.katalon.core.appium.driver.AppiumDriverManager.startAppiumServerJS(AppiumDriverManager.java:267)
	at com.kms.katalon.core.appium.driver.AppiumDriverManager.startAppiumServerJS(AppiumDriverManager.java:406)
	at com.kms.katalon.core.appium.driver.AppiumDriverManager.ensureServicesStarted(AppiumDriverManager.java:243)
	at com.kms.katalon.core.appium.driver.AppiumDriverManager.createMobileDriver(AppiumDriverManager.java:472)
	at com.kms.katalon.core.mobile.keyword.internal.MobileDriverFactory.startLocalMobileDriver(MobileDriverFactory.java:460)
	at com.kms.katalon.core.mobile.keyword.internal.MobileDriverFactory.startMobileDriver(MobileDriverFactory.java:374)
	at com.kms.katalon.core.mobile.keyword.builtin.StartApplicationKeyword$_startApplication_closure1.doCall(StartApplicationKeyword.groovy:49)
	at com.kms.katalon.core.mobile.keyword.builtin.StartApplicationKeyword$_startApplication_closure1.call(StartApplicationKeyword.groovy)
	at com.kms.katalon.core.mobile.keyword.internal.MobileKeywordMain.runKeyword(MobileKeywordMain.groovy:21)
	... 35 more
)

2019-10-22 12:37:15 - [TEST_CASE][FAILED] - Test Cases/dynamic test case/open application: Test Cases/dynamic test case/open application FAILED.
Reason:
com.kms.katalon.core.exception.StepFailedException: Unable to start app at: 'C:\Users\15421\git\ACCMe-Mobile\AccMe.apk' (Root cause: com.kms.katalon.core.appium.exception.AppiumStartException: Fail to start Appium server in 30 seconds
	at com.kms.katalon.core.appium.driver.AppiumDriverManager.startAppiumServerJS(AppiumDriverManager.java:267)
	at com.kms.katalon.core.appium.driver.AppiumDriverManager.startAppiumServerJS(AppiumDriverManager.java:406)
	at com.kms.katalon.core.appium.driver.AppiumDriverManager.ensureServicesStarted(AppiumDriverManager.java:243)
	at com.kms.katalon.core.appium.driver.AppiumDriverManager.createMobileDriver(AppiumDriverManager.java:472)
	at com.kms.katalon.core.mobile.keyword.internal.MobileDriverFactory.startLocalMobileDriver(MobileDriverFactory.java:460)
	at com.kms.katalon.core.mobile.keyword.internal.MobileDriverFactory.startMobileDriver(MobileDriverFactory.java:374)
	at com.kms.katalon.core.mobile.keyword.builtin.StartApplicationKeyword$_startApplication_closure1.doCall(StartApplicationKeyword.groovy:49)
	at com.kms.katalon.core.mobile.keyword.builtin.StartApplicationKeyword$_startApplication_closure1.call(StartApplicationKeyword.groovy)
	at com.kms.katalon.core.mobile.keyword.internal.MobileKeywordMain.runKeyword(MobileKeywordMain.groovy:21)
	at com.kms.katalon.core.mobile.keyword.builtin.StartApplicationKeyword.startApplication(StartApplicationKeyword.groovy:51)
	at com.kms.katalon.core.mobile.keyword.builtin.StartApplicationKeyword.execute(StartApplicationKeyword.groovy:40)
	at com.kms.katalon.core.keyword.internal.KeywordExecutor.executeKeywordForPlatform(KeywordExecutor.groovy:60)
	at com.kms.katalon.core.mobile.keyword.MobileBuiltInKeywords.startApplication(MobileBuiltInKeywords.groovy:74)
	at com.kms.katalon.core.mobile.keyword.MobileBuiltInKeywords$startApplication.call(Unknown Source)
	at open application.run(open application:10)
	at com.kms.katalon.core.main.ScriptEngine.run(ScriptEngine.java:194)
	at com.kms.katalon.core.main.ScriptEngine.runScriptAsRawText(ScriptEngine.java:119)
	at com.kms.katalon.core.main.TestCaseExecutor.runScript(TestCaseExecutor.java:337)
	at com.kms.katalon.core.main.TestCaseExecutor.doExecute(TestCaseExecutor.java:328)
	at com.kms.katalon.core.main.TestCaseExecutor.processExecutionPhase(TestCaseExecutor.java:307)
	at com.kms.katalon.core.main.TestCaseExecutor.accessMainPhase(TestCaseExecutor.java:299)
	at com.kms.katalon.core.main.TestCaseExecutor.execute(TestCaseExecutor.java:233)
	at com.kms.katalon.core.main.TestCaseMain.runTestCase(TestCaseMain.java:114)
	at com.kms.katalon.core.keyword.builtin.CallTestCaseKeyword$_callTestCase_closure1.doCall(CallTestCaseKeyword.groovy:59)
	at com.kms.katalon.core.keyword.builtin.CallTestCaseKeyword$_callTestCase_closure1.call(CallTestCaseKeyword.groovy)
	at com.kms.katalon.core.keyword.internal.KeywordMain.runKeyword(KeywordMain.groovy:68)
	at com.kms.katalon.core.keyword.builtin.CallTestCaseKeyword.callTestCase(CallTestCaseKeyword.groovy:81)
	at com.kms.katalon.core.keyword.builtin.CallTestCaseKeyword.execute(CallTestCaseKeyword.groovy:44)
	at com.kms.katalon.core.keyword.internal.KeywordExecutor.executeKeywordForPlatform(KeywordExecutor.groovy:60)
	at com.kms.katalon.core.keyword.BuiltinKeywords.callTestCase(BuiltinKeywords.groovy:334)
	at TC_Data Entry.run(TC_Data Entry:18)
	at com.kms.katalon.core.main.ScriptEngine.run(ScriptEngine.java:194)
	at com.kms.katalon.core.main.ScriptEngine.runScriptAsRawText(ScriptEngine.java:119)
	at com.kms.katalon.core.main.TestCaseExecutor.runScript(TestCaseExecutor.java:337)
	at com.kms.katalon.core.main.TestCaseExecutor.doExecute(TestCaseExecutor.java:328)
	at com.kms.katalon.core.main.TestCaseExecutor.processExecutionPhase(TestCaseExecutor.java:307)
	at com.kms.katalon.core.main.TestCaseExecutor.accessMainPhase(TestCaseExecutor.java:299)
	at com.kms.katalon.core.main.TestCaseExecutor.execute(TestCaseExecutor.java:233)
	at com.kms.katalon.core.main.TestSuiteExecutor.accessTestCaseMainPhase(TestSuiteExecutor.java:169)
	at com.kms.katalon.core.main.TestSuiteExecutor.accessTestSuiteMainPhase(TestSuiteExecutor.java:142)
	at com.kms.katalon.core.main.TestSuiteExecutor.execute(TestSuiteExecutor.java:91)
	at com.kms.katalon.core.main.TestCaseMain.startTestSuite(TestCaseMain.java:157)
	at com.kms.katalon.core.main.TestCaseMain$startTestSuite$0.call(Unknown Source)
	at TempTestSuite1571720266263.run(TempTestSuite1571720266263.groovy:36)
)
	at com.kms.katalon.core.keyword.internal.KeywordMain.stepFailed(KeywordMain.groovy:50)
	at com.kms.katalon.core.mobile.keyword.internal.MobileKeywordMain.stepFailed(MobileKeywordMain.groovy:40)
	at com.kms.katalon.core.mobile.keyword.internal.MobileKeywordMain.runKeyword(MobileKeywordMain.groovy:23)
	at com.kms.katalon.core.mobile.keyword.builtin.StartApplicationKeyword.startApplication(StartApplicationKeyword.groovy:51)
	at com.kms.katalon.core.mobile.keyword.builtin.StartApplicationKeyword.execute(StartApplicationKeyword.groovy:40)
	at com.kms.katalon.core.keyword.internal.KeywordExecutor.executeKeywordForPlatform(KeywordExecutor.groovy:60)
	at com.kms.katalon.core.mobile.keyword.MobileBuiltInKeywords.startApplication(MobileBuiltInKeywords.groovy:74)
	at com.kms.katalon.core.mobile.keyword.MobileBuiltInKeywords$startApplication.call(Unknown Source)
	at open application.run(open application:10)
	at com.kms.katalon.core.main.ScriptEngine.run(ScriptEngine.java:194)
	at com.kms.katalon.core.main.ScriptEngine.runScriptAsRawText(ScriptEngine.java:119)
	at com.kms.katalon.core.main.TestCaseExecutor.runScript(TestCaseExecutor.java:337)
	at com.kms.katalon.core.main.TestCaseExecutor.doExecute(TestCaseExecutor.java:328)
	at com.kms.katalon.core.main.TestCaseExecutor.processExecutionPhase(TestCaseExecutor.java:307)
	at com.kms.katalon.core.main.TestCaseExecutor.accessMainPhase(TestCaseExecutor.java:299)
	at com.kms.katalon.core.main.TestCaseExecutor.execute(TestCaseExecutor.java:233)
	at com.kms.katalon.core.main.TestCaseMain.runTestCase(TestCaseMain.java:114)
	at com.kms.katalon.core.keyword.builtin.CallTestCaseKeyword$_callTestCase_closure1.doCall(CallTestCaseKeyword.groovy:59)
	at com.kms.katalon.core.keyword.builtin.CallTestCaseKeyword$_callTestCase_closure1.call(CallTestCaseKeyword.groovy)
	at com.kms.katalon.core.keyword.internal.KeywordMain.runKeyword(KeywordMain.groovy:68)
	at com.kms.katalon.core.keyword.builtin.CallTestCaseKeyword.callTestCase(CallTestCaseKeyword.groovy:81)
	at com.kms.katalon.core.keyword.builtin.CallTestCaseKeyword.execute(CallTestCaseKeyword.groovy:44)
	at com.kms.katalon.core.keyword.internal.KeywordExecutor.executeKeywordForPlatform(KeywordExecutor.groovy:60)
	at com.kms.katalon.core.keyword.BuiltinKeywords.callTestCase(BuiltinKeywords.groovy:334)
	at TC_Data Entry.run(TC_Data Entry:18)
	at com.kms.katalon.core.main.ScriptEngine.run(ScriptEngine.java:194)
	at com.kms.katalon.core.main.ScriptEngine.runScriptAsRawText(ScriptEngine.java:119)
	at com.kms.katalon.core.main.TestCaseExecutor.runScript(TestCaseExecutor.java:337)
	at com.kms.katalon.core.main.TestCaseExecutor.doExecute(TestCaseExecutor.java:328)
	at com.kms.katalon.core.main.TestCaseExecutor.processExecutionPhase(TestCaseExecutor.java:307)
	at com.kms.katalon.core.main.TestCaseExecutor.accessMainPhase(TestCaseExecutor.java:299)
	at com.kms.katalon.core.main.TestCaseExecutor.execute(TestCaseExecutor.java:233)
	at com.kms.katalon.core.main.TestSuiteExecutor.accessTestCaseMainPhase(TestSuiteExecutor.java:169)
	at com.kms.katalon.core.main.TestSuiteExecutor.accessTestSuiteMainPhase(TestSuiteExecutor.java:142)
	at com.kms.katalon.core.main.TestSuiteExecutor.execute(TestSuiteExecutor.java:91)
	at com.kms.katalon.core.main.TestCaseMain.startTestSuite(TestCaseMain.java:157)
	at com.kms.katalon.core.main.TestCaseMain$startTestSuite$0.call(Unknown Source)
	at TempTestSuite1571720266263.run(TempTestSuite1571720266263.groovy:36)
Caused by: com.kms.katalon.core.appium.exception.AppiumStartException: Fail to start Appium server in 30 seconds
	at com.kms.katalon.core.appium.driver.AppiumDriverManager.startAppiumServerJS(AppiumDriverManager.java:267)
	at com.kms.katalon.core.appium.driver.AppiumDriverManager.startAppiumServerJS(AppiumDriverManager.java:406)
	at com.kms.katalon.core.appium.driver.AppiumDriverManager.ensureServicesStarted(AppiumDriverManager.java:243)
	at com.kms.katalon.core.appium.driver.AppiumDriverManager.createMobileDriver(AppiumDriverManager.java:472)
	at com.kms.katalon.core.mobile.keyword.internal.MobileDriverFactory.startLocalMobileDriver(MobileDriverFactory.java:460)
	at com.kms.katalon.core.mobile.keyword.internal.MobileDriverFactory.startMobileDriver(MobileDriverFactory.java:374)
	at com.kms.katalon.core.mobile.keyword.builtin.StartApplicationKeyword$_startApplication_closure1.doCall(StartApplicationKeyword.groovy:49)
	at com.kms.katalon.core.mobile.keyword.builtin.StartApplicationKeyword$_startApplication_closure1.call(StartApplicationKeyword.groovy)
	at com.kms.katalon.core.mobile.keyword.internal.MobileKeywordMain.runKeyword(MobileKeywordMain.groovy:21)
	... 35 more


2019-10-22 12:37:15 - [TEST_STEP][PASSED] - appPath = relativeToAbsolutePath(apkname, getProjectDir()): null

2019-10-22 12:37:15 - [TEST_STEP][FAILED] - startApplication(appPath, false): Unable to start app at: 'C:\Users\15421\git\ACCMe-Mobile\AccMe.apk' (Root cause: com.kms.katalon.core.appium.exception.AppiumStartException: Fail to start Appium server in 30 seconds
	at com.kms.katalon.core.appium.driver.AppiumDriverManager.startAppiumServerJS(AppiumDriverManager.java:267)
	at com.kms.katalon.core.appium.driver.AppiumDriverManager.startAppiumServerJS(AppiumDriverManager.java:406)
	at com.kms.katalon.core.appium.driver.AppiumDriverManager.ensureServicesStarted(AppiumDriverManager.java:243)
	at com.kms.katalon.core.appium.driver.AppiumDriverManager.createMobileDriver(AppiumDriverManager.java:472)
	at com.kms.katalon.core.mobile.keyword.internal.MobileDriverFactory.startLocalMobileDriver(MobileDriverFactory.java:460)
	at com.kms.katalon.core.mobile.keyword.internal.MobileDriverFactory.startMobileDriver(MobileDriverFactory.java:374)
	at com.kms.katalon.core.mobile.keyword.builtin.StartApplicationKeyword$_startApplication_closure1.doCall(StartApplicationKeyword.groovy:49)
	at com.kms.katalon.core.mobile.keyword.builtin.StartApplicationKeyword$_startApplication_closure1.call(StartApplicationKeyword.groovy)
	at com.kms.katalon.core.mobile.keyword.internal.MobileKeywordMain.runKeyword(MobileKeywordMain.groovy:21)
	at com.kms.katalon.core.mobile.keyword.builtin.StartApplicationKeyword.startApplication(StartApplicationKeyword.groovy:51)
	at com.kms.katalon.core.mobile.keyword.builtin.StartApplicationKeyword.execute(StartApplicationKeyword.groovy:40)
	at com.kms.katalon.core.keyword.internal.KeywordExecutor.executeKeywordForPlatform(KeywordExecutor.groovy:60)
	at com.kms.katalon.core.mobile.keyword.MobileBuiltInKeywords.startApplication(MobileBuiltInKeywords.groovy:74)
	at com.kms.katalon.core.mobile.keyword.MobileBuiltInKeywords$startApplication.call(Unknown Source)
	at open application.run(open application:10)
	at com.kms.katalon.core.main.ScriptEngine.run(ScriptEngine.java:194)
	at com.kms.katalon.core.main.ScriptEngine.runScriptAsRawText(ScriptEngine.java:119)
	at com.kms.katalon.core.main.TestCaseExecutor.runScript(TestCaseExecutor.java:337)
	at com.kms.katalon.core.main.TestCaseExecutor.doExecute(TestCaseExecutor.java:328)
	at com.kms.katalon.core.main.TestCaseExecutor.processExecutionPhase(TestCaseExecutor.java:307)
	at com.kms.katalon.core.main.TestCaseExecutor.accessMainPhase(TestCaseExecutor.java:299)
	at com.kms.katalon.core.main.TestCaseExecutor.execute(TestCaseExecutor.java:233)
	at com.kms.katalon.core.main.TestCaseMain.runTestCase(TestCaseMain.java:114)
	at com.kms.katalon.core.keyword.builtin.CallTestCaseKeyword$_callTestCase_closure1.doCall(CallTestCaseKeyword.groovy:59)
	at com.kms.katalon.core.keyword.builtin.CallTestCaseKeyword$_callTestCase_closure1.call(CallTestCaseKeyword.groovy)
	at com.kms.katalon.core.keyword.internal.KeywordMain.runKeyword(KeywordMain.groovy:68)
	at com.kms.katalon.core.keyword.builtin.CallTestCaseKeyword.callTestCase(CallTestCaseKeyword.groovy:81)
	at com.kms.katalon.core.keyword.builtin.CallTestCaseKeyword.execute(CallTestCaseKeyword.groovy:44)
	at com.kms.katalon.core.keyword.internal.KeywordExecutor.executeKeywordForPlatform(KeywordExecutor.groovy:60)
	at com.kms.katalon.core.keyword.BuiltinKeywords.callTestCase(BuiltinKeywords.groovy:334)
	at TC_Data Entry.run(TC_Data Entry:18)
	at com.kms.katalon.core.main.ScriptEngine.run(ScriptEngine.java:194)
	at com.kms.katalon.core.main.ScriptEngine.runScriptAsRawText(ScriptEngine.java:119)
	at com.kms.katalon.core.main.TestCaseExecutor.runScript(TestCaseExecutor.java:337)
	at com.kms.katalon.core.main.TestCaseExecutor.doExecute(TestCaseExecutor.java:328)
	at com.kms.katalon.core.main.TestCaseExecutor.processExecutionPhase(TestCaseExecutor.java:307)
	at com.kms.katalon.core.main.TestCaseExecutor.accessMainPhase(TestCaseExecutor.java:299)
	at com.kms.katalon.core.main.TestCaseExecutor.execute(TestCaseExecutor.java:233)
	at com.kms.katalon.core.main.TestSuiteExecutor.accessTestCaseMainPhase(TestSuiteExecutor.java:169)
	at com.kms.katalon.core.main.TestSuiteExecutor.accessTestSuiteMainPhase(TestSuiteExecutor.java:142)
	at com.kms.katalon.core.main.TestSuiteExecutor.execute(TestSuiteExecutor.java:91)
	at com.kms.katalon.core.main.TestCaseMain.startTestSuite(TestCaseMain.java:157)
	at com.kms.katalon.core.main.TestCaseMain$startTestSuite$0.call(Unknown Source)
	at TempTestSuite1571720266263.run(TempTestSuite1571720266263.groovy:36)
)

2019-10-22 12:37:15 - [MESSAGE][INFO] - User set preference: ['unicodeKeyboard', 'true']

2019-10-22 12:37:15 - [MESSAGE][INFO] - User set preference: ['resetKeyboard', 'true']

2019-10-22 12:37:15 - [MESSAGE][INFO] - User set preference: ['appWaitActivity', 'com.*']

2019-10-22 12:37:15 - [MESSAGE][INFO] - User set preference: ['deviceId', '']

2019-10-22 12:37:47 - [MESSAGE][FAILED] - Unable to start app at: 'C:\Users\15421\git\ACCMe-Mobile\AccMe.apk' (Root cause: com.kms.katalon.core.appium.exception.AppiumStartException: Fail to start Appium server in 30 seconds
	at com.kms.katalon.core.appium.driver.AppiumDriverManager.startAppiumServerJS(AppiumDriverManager.java:267)
	at com.kms.katalon.core.appium.driver.AppiumDriverManager.startAppiumServerJS(AppiumDriverManager.java:406)
	at com.kms.katalon.core.appium.driver.AppiumDriverManager.ensureServicesStarted(AppiumDriverManager.java:243)
	at com.kms.katalon.core.appium.driver.AppiumDriverManager.createMobileDriver(AppiumDriverManager.java:472)
	at com.kms.katalon.core.mobile.keyword.internal.MobileDriverFactory.startLocalMobileDriver(MobileDriverFactory.java:460)
	at com.kms.katalon.core.mobile.keyword.internal.MobileDriverFactory.startMobileDriver(MobileDriverFactory.java:374)
	at com.kms.katalon.core.mobile.keyword.builtin.StartApplicationKeyword$_startApplication_closure1.doCall(StartApplicationKeyword.groovy:49)
	at com.kms.katalon.core.mobile.keyword.builtin.StartApplicationKeyword$_startApplication_closure1.call(StartApplicationKeyword.groovy)
	at com.kms.katalon.core.mobile.keyword.internal.MobileKeywordMain.runKeyword(MobileKeywordMain.groovy:21)
	at com.kms.katalon.core.mobile.keyword.builtin.StartApplicationKeyword.startApplication(StartApplicationKeyword.groovy:51)
	at com.kms.katalon.core.mobile.keyword.builtin.StartApplicationKeyword.execute(StartApplicationKeyword.groovy:40)
	at com.kms.katalon.core.keyword.internal.KeywordExecutor.executeKeywordForPlatform(KeywordExecutor.groovy:60)
	at com.kms.katalon.core.mobile.keyword.MobileBuiltInKeywords.startApplication(MobileBuiltInKeywords.groovy:74)
	at com.kms.katalon.core.mobile.keyword.MobileBuiltInKeywords$startApplication.call(Unknown Source)
	at open application.run(open application:10)
	at com.kms.katalon.core.main.ScriptEngine.run(ScriptEngine.java:194)
	at com.kms.katalon.core.main.ScriptEngine.runScriptAsRawText(ScriptEngine.java:119)
	at com.kms.katalon.core.main.TestCaseExecutor.runScript(TestCaseExecutor.java:337)
	at com.kms.katalon.core.main.TestCaseExecutor.doExecute(TestCaseExecutor.java:328)
	at com.kms.katalon.core.main.TestCaseExecutor.processExecutionPhase(TestCaseExecutor.java:307)
	at com.kms.katalon.core.main.TestCaseExecutor.accessMainPhase(TestCaseExecutor.java:299)
	at com.kms.katalon.core.main.TestCaseExecutor.execute(TestCaseExecutor.java:233)
	at com.kms.katalon.core.main.TestCaseMain.runTestCase(TestCaseMain.java:114)
	at com.kms.katalon.core.keyword.builtin.CallTestCaseKeyword$_callTestCase_closure1.doCall(CallTestCaseKeyword.groovy:59)
	at com.kms.katalon.core.keyword.builtin.CallTestCaseKeyword$_callTestCase_closure1.call(CallTestCaseKeyword.groovy)
	at com.kms.katalon.core.keyword.internal.KeywordMain.runKeyword(KeywordMain.groovy:68)
	at com.kms.katalon.core.keyword.builtin.CallTestCaseKeyword.callTestCase(CallTestCaseKeyword.groovy:81)
	at com.kms.katalon.core.keyword.builtin.CallTestCaseKeyword.execute(CallTestCaseKeyword.groovy:44)
	at com.kms.katalon.core.keyword.internal.KeywordExecutor.executeKeywordForPlatform(KeywordExecutor.groovy:60)
	at com.kms.katalon.core.keyword.BuiltinKeywords.callTestCase(BuiltinKeywords.groovy:334)
	at TC_Data Entry.run(TC_Data Entry:18)
	at com.kms.katalon.core.main.ScriptEngine.run(ScriptEngine.java:194)
	at com.kms.katalon.core.main.ScriptEngine.runScriptAsRawText(ScriptEngine.java:119)
	at com.kms.katalon.core.main.TestCaseExecutor.runScript(TestCaseExecutor.java:337)
	at com.kms.katalon.core.main.TestCaseExecutor.doExecute(TestCaseExecutor.java:328)
	at com.kms.katalon.core.main.TestCaseExecutor.processExecutionPhase(TestCaseExecutor.java:307)
	at com.kms.katalon.core.main.TestCaseExecutor.accessMainPhase(TestCaseExecutor.java:299)
	at com.kms.katalon.core.main.TestCaseExecutor.execute(TestCaseExecutor.java:233)
	at com.kms.katalon.core.main.TestSuiteExecutor.accessTestCaseMainPhase(TestSuiteExecutor.java:169)
	at com.kms.katalon.core.main.TestSuiteExecutor.accessTestSuiteMainPhase(TestSuiteExecutor.java:142)
	at com.kms.katalon.core.main.TestSuiteExecutor.execute(TestSuiteExecutor.java:91)
	at com.kms.katalon.core.main.TestCaseMain.startTestSuite(TestCaseMain.java:157)
	at com.kms.katalon.core.main.TestCaseMain$startTestSuite$0.call(Unknown Source)
	at TempTestSuite1571720266263.run(TempTestSuite1571720266263.groovy:36)
)

2019-10-22 12:37:47 - [MESSAGE][FAILED] - Unable to call Test Case 'Test Cases/dynamic test case/open application' (Root cause: com.kms.katalon.core.exception.StepFailedException: Call Test Case 'Test Cases/dynamic test case/open application' failed
	at com.kms.katalon.core.keyword.builtin.CallTestCaseKeyword$_callTestCase_closure1.doCall(CallTestCaseKeyword.groovy:63)
	at com.kms.katalon.core.keyword.builtin.CallTestCaseKeyword$_callTestCase_closure1.call(CallTestCaseKeyword.groovy)
	at com.kms.katalon.core.keyword.internal.KeywordMain.runKeyword(KeywordMain.groovy:68)
	at com.kms.katalon.core.keyword.builtin.CallTestCaseKeyword.callTestCase(CallTestCaseKeyword.groovy:81)
	at com.kms.katalon.core.keyword.builtin.CallTestCaseKeyword.execute(CallTestCaseKeyword.groovy:44)
	at com.kms.katalon.core.keyword.internal.KeywordExecutor.executeKeywordForPlatform(KeywordExecutor.groovy:60)
	at com.kms.katalon.core.keyword.BuiltinKeywords.callTestCase(BuiltinKeywords.groovy:334)
	at TC_Data Entry.run(TC_Data Entry:18)
	at com.kms.katalon.core.main.ScriptEngine.run(ScriptEngine.java:194)
	at com.kms.katalon.core.main.ScriptEngine.runScriptAsRawText(ScriptEngine.java:119)
	at com.kms.katalon.core.main.TestCaseExecutor.runScript(TestCaseExecutor.java:337)
	at com.kms.katalon.core.main.TestCaseExecutor.doExecute(TestCaseExecutor.java:328)
	at com.kms.katalon.core.main.TestCaseExecutor.processExecutionPhase(TestCaseExecutor.java:307)
	at com.kms.katalon.core.main.TestCaseExecutor.accessMainPhase(TestCaseExecutor.java:299)
	at com.kms.katalon.core.main.TestCaseExecutor.execute(TestCaseExecutor.java:233)
	at com.kms.katalon.core.main.TestSuiteExecutor.accessTestCaseMainPhase(TestSuiteExecutor.java:169)
	at com.kms.katalon.core.main.TestSuiteExecutor.accessTestSuiteMainPhase(TestSuiteExecutor.java:142)
	at com.kms.katalon.core.main.TestSuiteExecutor.execute(TestSuiteExecutor.java:91)
	at com.kms.katalon.core.main.TestCaseMain.startTestSuite(TestCaseMain.java:157)
	at com.kms.katalon.core.main.TestCaseMain$startTestSuite$0.call(Unknown Source)
	at TempTestSuite1571720266263.run(TempTestSuite1571720266263.groovy:36)
Caused by: com.kms.katalon.core.exception.StepFailedException: Unable to start app at: 'C:\Users\15421\git\ACCMe-Mobile\AccMe.apk' (Root cause: com.kms.katalon.core.appium.exception.AppiumStartException: Fail to start Appium server in 30 seconds
	at com.kms.katalon.core.appium.driver.AppiumDriverManager.startAppiumServerJS(AppiumDriverManager.java:267)
	at com.kms.katalon.core.appium.driver.AppiumDriverManager.startAppiumServerJS(AppiumDriverManager.java:406)
	at com.kms.katalon.core.appium.driver.AppiumDriverManager.ensureServicesStarted(AppiumDriverManager.java:243)
	at com.kms.katalon.core.appium.driver.AppiumDriverManager.createMobileDriver(AppiumDriverManager.java:472)
	at com.kms.katalon.core.mobile.keyword.internal.MobileDriverFactory.startLocalMobileDriver(MobileDriverFactory.java:460)
	at com.kms.katalon.core.mobile.keyword.internal.MobileDriverFactory.startMobileDriver(MobileDriverFactory.java:374)
	at com.kms.katalon.core.mobile.keyword.builtin.StartApplicationKeyword$_startApplication_closure1.doCall(StartApplicationKeyword.groovy:49)
	at com.kms.katalon.core.mobile.keyword.builtin.StartApplicationKeyword$_startApplication_closure1.call(StartApplicationKeyword.groovy)
	at com.kms.katalon.core.mobile.keyword.internal.MobileKeywordMain.runKeyword(MobileKeywordMain.groovy:21)
	at com.kms.katalon.core.mobile.keyword.builtin.StartApplicationKeyword.startApplication(StartApplicationKeyword.groovy:51)
	at com.kms.katalon.core.mobile.keyword.builtin.StartApplicationKeyword.execute(StartApplicationKeyword.groovy:40)
	at com.kms.katalon.core.keyword.internal.KeywordExecutor.executeKeywordForPlatform(KeywordExecutor.groovy:60)
	at com.kms.katalon.core.mobile.keyword.MobileBuiltInKeywords.startApplication(MobileBuiltInKeywords.groovy:74)
	at com.kms.katalon.core.mobile.keyword.MobileBuiltInKeywords$startApplication.call(Unknown Source)
	at open application.run(open application:10)
	at com.kms.katalon.core.main.ScriptEngine.run(ScriptEngine.java:194)
	at com.kms.katalon.core.main.ScriptEngine.runScriptAsRawText(ScriptEngine.java:119)
	at com.kms.katalon.core.main.TestCaseExecutor.runScript(TestCaseExecutor.java:337)
	at com.kms.katalon.core.main.TestCaseExecutor.doExecute(TestCaseExecutor.java:328)
	at com.kms.katalon.core.main.TestCaseExecutor.processExecutionPhase(TestCaseExecutor.java:307)
	at com.kms.katalon.core.main.TestCaseExecutor.accessMainPhase(TestCaseExecutor.java:299)
	at com.kms.katalon.core.main.TestCaseExecutor.execute(TestCaseExecutor.java:233)
	at com.kms.katalon.core.main.TestCaseMain.runTestCase(TestCaseMain.java:114)
	at com.kms.katalon.core.keyword.builtin.CallTestCaseKeyword$_callTestCase_closure1.doCall(CallTestCaseKeyword.groovy:59)
	at com.kms.katalon.core.keyword.builtin.CallTestCaseKeyword$_callTestCase_closure1.call(CallTestCaseKeyword.groovy)
	at com.kms.katalon.core.keyword.internal.KeywordMain.runKeyword(KeywordMain.groovy:68)
	at com.kms.katalon.core.keyword.builtin.CallTestCaseKeyword.callTestCase(CallTestCaseKeyword.groovy:81)
	at com.kms.katalon.core.keyword.builtin.CallTestCaseKeyword.execute(CallTestCaseKeyword.groovy:44)
	at com.kms.katalon.core.keyword.internal.KeywordExecutor.executeKeywordForPlatform(KeywordExecutor.groovy:60)
	at com.kms.katalon.core.keyword.BuiltinKeywords.callTestCase(BuiltinKeywords.groovy:334)
	at TC_Data Entry.run(TC_Data Entry:18)
	at com.kms.katalon.core.main.ScriptEngine.run(ScriptEngine.java:194)
	at com.kms.katalon.core.main.ScriptEngine.runScriptAsRawText(ScriptEngine.java:119)
	at com.kms.katalon.core.main.TestCaseExecutor.runScript(TestCaseExecutor.java:337)
	at com.kms.katalon.core.main.TestCaseExecutor.doExecute(TestCaseExecutor.java:328)
	at com.kms.katalon.core.main.TestCaseExecutor.processExecutionPhase(TestCaseExecutor.java:307)
	at com.kms.katalon.core.main.TestCaseExecutor.accessMainPhase(TestCaseExecutor.java:299)
	at com.kms.katalon.core.main.TestCaseExecutor.execute(TestCaseExecutor.java:233)
	at com.kms.katalon.core.main.TestSuiteExecutor.accessTestCaseMainPhase(TestSuiteExecutor.java:169)
	at com.kms.katalon.core.main.TestSuiteExecutor.accessTestSuiteMainPhase(TestSuiteExecutor.java:142)
	at com.kms.katalon.core.main.TestSuiteExecutor.execute(TestSuiteExecutor.java:91)
	at com.kms.katalon.core.main.TestCaseMain.startTestSuite(TestCaseMain.java:157)
	at com.kms.katalon.core.main.TestCaseMain$startTestSuite$0.call(Unknown Source)
	at TempTestSuite1571720266263.run(TempTestSuite1571720266263.groovy:36)
)
	at com.kms.katalon.core.keyword.internal.KeywordMain.stepFailed(KeywordMain.groovy:50)
	at com.kms.katalon.core.mobile.keyword.internal.MobileKeywordMain.stepFailed(MobileKeywordMain.groovy:40)
	at com.kms.katalon.core.mobile.keyword.internal.MobileKeywordMain.runKeyword(MobileKeywordMain.groovy:23)
	at com.kms.katalon.core.mobile.keyword.builtin.StartApplicationKeyword.startApplication(StartApplicationKeyword.groovy:51)
	at com.kms.katalon.core.mobile.keyword.builtin.StartApplicationKeyword.execute(StartApplicationKeyword.groovy:40)
	at com.kms.katalon.core.keyword.internal.KeywordExecutor.executeKeywordForPlatform(KeywordExecutor.groovy:60)
	at com.kms.katalon.core.mobile.keyword.MobileBuiltInKeywords.startApplication(MobileBuiltInKeywords.groovy:74)
	at com.kms.katalon.core.mobile.keyword.MobileBuiltInKeywords$startApplication.call(Unknown Source)
	at open application.run(open application:10)
	at com.kms.katalon.core.main.ScriptEngine.run(ScriptEngine.java:194)
	at com.kms.katalon.core.main.ScriptEngine.runScriptAsRawText(ScriptEngine.java:119)
	at com.kms.katalon.core.main.TestCaseExecutor.runScript(TestCaseExecutor.java:337)
	at com.kms.katalon.core.main.TestCaseExecutor.doExecute(TestCaseExecutor.java:328)
	at com.kms.katalon.core.main.TestCaseExecutor.processExecutionPhase(TestCaseExecutor.java:307)
	at com.kms.katalon.core.main.TestCaseExecutor.accessMainPhase(TestCaseExecutor.java:299)
	at com.kms.katalon.core.main.TestCaseExecutor.execute(TestCaseExecutor.java:233)
	at com.kms.katalon.core.main.TestCaseMain.runTestCase(TestCaseMain.java:114)
	at com.kms.katalon.core.keyword.builtin.CallTestCaseKeyword$_callTestCase_closure1.doCall(CallTestCaseKeyword.groovy:59)
	... 20 more
Caused by: com.kms.katalon.core.appium.exception.AppiumStartException: Fail to start Appium server in 30 seconds
	at com.kms.katalon.core.appium.driver.AppiumDriverManager.startAppiumServerJS(AppiumDriverManager.java:267)
	at com.kms.katalon.core.appium.driver.AppiumDriverManager.startAppiumServerJS(AppiumDriverManager.java:406)
	at com.kms.katalon.core.appium.driver.AppiumDriverManager.ensureServicesStarted(AppiumDriverManager.java:243)
	at com.kms.katalon.core.appium.driver.AppiumDriverManager.createMobileDriver(AppiumDriverManager.java:472)
	at com.kms.katalon.core.mobile.keyword.internal.MobileDriverFactory.startLocalMobileDriver(MobileDriverFactory.java:460)
	at com.kms.katalon.core.mobile.keyword.internal.MobileDriverFactory.startMobileDriver(MobileDriverFactory.java:374)
	at com.kms.katalon.core.mobile.keyword.builtin.StartApplicationKeyword$_startApplication_closure1.doCall(StartApplicationKeyword.groovy:49)
	at com.kms.katalon.core.mobile.keyword.builtin.StartApplicationKeyword$_startApplication_closure1.call(StartApplicationKeyword.groovy)
	at com.kms.katalon.core.mobile.keyword.internal.MobileKeywordMain.runKeyword(MobileKeywordMain.groovy:21)
	... 35 more
)

2019-10-22 12:37:47 - [TEST_STEP][ERROR] - Start listener action : sampleAfterTestCase: com.kms.katalon.core.exception.StepFailedException: No application is started yet.

2019-10-22 12:37:47 - [TEST_STEP][ERROR] - getDriver().quit(): com.kms.katalon.core.exception.StepFailedException: No application is started yet.

2019-10-22 12:37:47 - [MESSAGE][ERROR] - com.kms.katalon.core.exception.StepFailedException: No application is started yet.]]></system-out>
         <system-err><![CDATA[2019-10-22 12:37:14 - [TEST_CASE][FAILED] - Test Cases/Data Entry/TC_Data Entry: Test Cases/Data Entry/TC_Data Entry FAILED.
Reason:
com.kms.katalon.core.exception.StepFailedException: Call Test Case 'Test Cases/dynamic test case/open application' failed
	at com.kms.katalon.core.keyword.builtin.CallTestCaseKeyword$_callTestCase_closure1.doCall(CallTestCaseKeyword.groovy:63)
	at com.kms.katalon.core.keyword.builtin.CallTestCaseKeyword$_callTestCase_closure1.call(CallTestCaseKeyword.groovy)
	at com.kms.katalon.core.keyword.internal.KeywordMain.runKeyword(KeywordMain.groovy:68)
	at com.kms.katalon.core.keyword.builtin.CallTestCaseKeyword.callTestCase(CallTestCaseKeyword.groovy:81)
	at com.kms.katalon.core.keyword.builtin.CallTestCaseKeyword.execute(CallTestCaseKeyword.groovy:44)
	at com.kms.katalon.core.keyword.internal.KeywordExecutor.executeKeywordForPlatform(KeywordExecutor.groovy:60)
	at com.kms.katalon.core.keyword.BuiltinKeywords.callTestCase(BuiltinKeywords.groovy:334)
	at TC_Data Entry.run(TC_Data Entry:18)
	at com.kms.katalon.core.main.ScriptEngine.run(ScriptEngine.java:194)
	at com.kms.katalon.core.main.ScriptEngine.runScriptAsRawText(ScriptEngine.java:119)
	at com.kms.katalon.core.main.TestCaseExecutor.runScript(TestCaseExecutor.java:337)
	at com.kms.katalon.core.main.TestCaseExecutor.doExecute(TestCaseExecutor.java:328)
	at com.kms.katalon.core.main.TestCaseExecutor.processExecutionPhase(TestCaseExecutor.java:307)
	at com.kms.katalon.core.main.TestCaseExecutor.accessMainPhase(TestCaseExecutor.java:299)
	at com.kms.katalon.core.main.TestCaseExecutor.execute(TestCaseExecutor.java:233)
	at com.kms.katalon.core.main.TestSuiteExecutor.accessTestCaseMainPhase(TestSuiteExecutor.java:169)
	at com.kms.katalon.core.main.TestSuiteExecutor.accessTestSuiteMainPhase(TestSuiteExecutor.java:142)
	at com.kms.katalon.core.main.TestSuiteExecutor.execute(TestSuiteExecutor.java:91)
	at com.kms.katalon.core.main.TestCaseMain.startTestSuite(TestCaseMain.java:157)
	at com.kms.katalon.core.main.TestCaseMain$startTestSuite$0.call(Unknown Source)
	at TempTestSuite1571720266263.run(TempTestSuite1571720266263.groovy:36)
Caused by: com.kms.katalon.core.exception.StepFailedException: Unable to start app at: 'C:\Users\15421\git\ACCMe-Mobile\AccMe.apk' (Root cause: com.kms.katalon.core.appium.exception.AppiumStartException: Fail to start Appium server in 30 seconds
	at com.kms.katalon.core.appium.driver.AppiumDriverManager.startAppiumServerJS(AppiumDriverManager.java:267)
	at com.kms.katalon.core.appium.driver.AppiumDriverManager.startAppiumServerJS(AppiumDriverManager.java:406)
	at com.kms.katalon.core.appium.driver.AppiumDriverManager.ensureServicesStarted(AppiumDriverManager.java:243)
	at com.kms.katalon.core.appium.driver.AppiumDriverManager.createMobileDriver(AppiumDriverManager.java:472)
	at com.kms.katalon.core.mobile.keyword.internal.MobileDriverFactory.startLocalMobileDriver(MobileDriverFactory.java:460)
	at com.kms.katalon.core.mobile.keyword.internal.MobileDriverFactory.startMobileDriver(MobileDriverFactory.java:374)
	at com.kms.katalon.core.mobile.keyword.builtin.StartApplicationKeyword$_startApplication_closure1.doCall(StartApplicationKeyword.groovy:49)
	at com.kms.katalon.core.mobile.keyword.builtin.StartApplicationKeyword$_startApplication_closure1.call(StartApplicationKeyword.groovy)
	at com.kms.katalon.core.mobile.keyword.internal.MobileKeywordMain.runKeyword(MobileKeywordMain.groovy:21)
	at com.kms.katalon.core.mobile.keyword.builtin.StartApplicationKeyword.startApplication(StartApplicationKeyword.groovy:51)
	at com.kms.katalon.core.mobile.keyword.builtin.StartApplicationKeyword.execute(StartApplicationKeyword.groovy:40)
	at com.kms.katalon.core.keyword.internal.KeywordExecutor.executeKeywordForPlatform(KeywordExecutor.groovy:60)
	at com.kms.katalon.core.mobile.keyword.MobileBuiltInKeywords.startApplication(MobileBuiltInKeywords.groovy:74)
	at com.kms.katalon.core.mobile.keyword.MobileBuiltInKeywords$startApplication.call(Unknown Source)
	at open application.run(open application:10)
	at com.kms.katalon.core.main.ScriptEngine.run(ScriptEngine.java:194)
	at com.kms.katalon.core.main.ScriptEngine.runScriptAsRawText(ScriptEngine.java:119)
	at com.kms.katalon.core.main.TestCaseExecutor.runScript(TestCaseExecutor.java:337)
	at com.kms.katalon.core.main.TestCaseExecutor.doExecute(TestCaseExecutor.java:328)
	at com.kms.katalon.core.main.TestCaseExecutor.processExecutionPhase(TestCaseExecutor.java:307)
	at com.kms.katalon.core.main.TestCaseExecutor.accessMainPhase(TestCaseExecutor.java:299)
	at com.kms.katalon.core.main.TestCaseExecutor.execute(TestCaseExecutor.java:233)
	at com.kms.katalon.core.main.TestCaseMain.runTestCase(TestCaseMain.java:114)
	at com.kms.katalon.core.keyword.builtin.CallTestCaseKeyword$_callTestCase_closure1.doCall(CallTestCaseKeyword.groovy:59)
	at com.kms.katalon.core.keyword.builtin.CallTestCaseKeyword$_callTestCase_closure1.call(CallTestCaseKeyword.groovy)
	at com.kms.katalon.core.keyword.internal.KeywordMain.runKeyword(KeywordMain.groovy:68)
	at com.kms.katalon.core.keyword.builtin.CallTestCaseKeyword.callTestCase(CallTestCaseKeyword.groovy:81)
	at com.kms.katalon.core.keyword.builtin.CallTestCaseKeyword.execute(CallTestCaseKeyword.groovy:44)
	at com.kms.katalon.core.keyword.internal.KeywordExecutor.executeKeywordForPlatform(KeywordExecutor.groovy:60)
	at com.kms.katalon.core.keyword.BuiltinKeywords.callTestCase(BuiltinKeywords.groovy:334)
	at TC_Data Entry.run(TC_Data Entry:18)
	at com.kms.katalon.core.main.ScriptEngine.run(ScriptEngine.java:194)
	at com.kms.katalon.core.main.ScriptEngine.runScriptAsRawText(ScriptEngine.java:119)
	at com.kms.katalon.core.main.TestCaseExecutor.runScript(TestCaseExecutor.java:337)
	at com.kms.katalon.core.main.TestCaseExecutor.doExecute(TestCaseExecutor.java:328)
	at com.kms.katalon.core.main.TestCaseExecutor.processExecutionPhase(TestCaseExecutor.java:307)
	at com.kms.katalon.core.main.TestCaseExecutor.accessMainPhase(TestCaseExecutor.java:299)
	at com.kms.katalon.core.main.TestCaseExecutor.execute(TestCaseExecutor.java:233)
	at com.kms.katalon.core.main.TestSuiteExecutor.accessTestCaseMainPhase(TestSuiteExecutor.java:169)
	at com.kms.katalon.core.main.TestSuiteExecutor.accessTestSuiteMainPhase(TestSuiteExecutor.java:142)
	at com.kms.katalon.core.main.TestSuiteExecutor.execute(TestSuiteExecutor.java:91)
	at com.kms.katalon.core.main.TestCaseMain.startTestSuite(TestCaseMain.java:157)
	at com.kms.katalon.core.main.TestCaseMain$startTestSuite$0.call(Unknown Source)
	at TempTestSuite1571720266263.run(TempTestSuite1571720266263.groovy:36)
)
	at com.kms.katalon.core.keyword.internal.KeywordMain.stepFailed(KeywordMain.groovy:50)
	at com.kms.katalon.core.mobile.keyword.internal.MobileKeywordMain.stepFailed(MobileKeywordMain.groovy:40)
	at com.kms.katalon.core.mobile.keyword.internal.MobileKeywordMain.runKeyword(MobileKeywordMain.groovy:23)
	at com.kms.katalon.core.mobile.keyword.builtin.StartApplicationKeyword.startApplication(StartApplicationKeyword.groovy:51)
	at com.kms.katalon.core.mobile.keyword.builtin.StartApplicationKeyword.execute(StartApplicationKeyword.groovy:40)
	at com.kms.katalon.core.keyword.internal.KeywordExecutor.executeKeywordForPlatform(KeywordExecutor.groovy:60)
	at com.kms.katalon.core.mobile.keyword.MobileBuiltInKeywords.startApplication(MobileBuiltInKeywords.groovy:74)
	at com.kms.katalon.core.mobile.keyword.MobileBuiltInKeywords$startApplication.call(Unknown Source)
	at open application.run(open application:10)
	at com.kms.katalon.core.main.ScriptEngine.run(ScriptEngine.java:194)
	at com.kms.katalon.core.main.ScriptEngine.runScriptAsRawText(ScriptEngine.java:119)
	at com.kms.katalon.core.main.TestCaseExecutor.runScript(TestCaseExecutor.java:337)
	at com.kms.katalon.core.main.TestCaseExecutor.doExecute(TestCaseExecutor.java:328)
	at com.kms.katalon.core.main.TestCaseExecutor.processExecutionPhase(TestCaseExecutor.java:307)
	at com.kms.katalon.core.main.TestCaseExecutor.accessMainPhase(TestCaseExecutor.java:299)
	at com.kms.katalon.core.main.TestCaseExecutor.execute(TestCaseExecutor.java:233)
	at com.kms.katalon.core.main.TestCaseMain.runTestCase(TestCaseMain.java:114)
	at com.kms.katalon.core.keyword.builtin.CallTestCaseKeyword$_callTestCase_closure1.doCall(CallTestCaseKeyword.groovy:59)
	... 20 more
Caused by: com.kms.katalon.core.appium.exception.AppiumStartException: Fail to start Appium server in 30 seconds
	at com.kms.katalon.core.appium.driver.AppiumDriverManager.startAppiumServerJS(AppiumDriverManager.java:267)
	at com.kms.katalon.core.appium.driver.AppiumDriverManager.startAppiumServerJS(AppiumDriverManager.java:406)
	at com.kms.katalon.core.appium.driver.AppiumDriverManager.ensureServicesStarted(AppiumDriverManager.java:243)
	at com.kms.katalon.core.appium.driver.AppiumDriverManager.createMobileDriver(AppiumDriverManager.java:472)
	at com.kms.katalon.core.mobile.keyword.internal.MobileDriverFactory.startLocalMobileDriver(MobileDriverFactory.java:460)
	at com.kms.katalon.core.mobile.keyword.internal.MobileDriverFactory.startMobileDriver(MobileDriverFactory.java:374)
	at com.kms.katalon.core.mobile.keyword.builtin.StartApplicationKeyword$_startApplication_closure1.doCall(StartApplicationKeyword.groovy:49)
	at com.kms.katalon.core.mobile.keyword.builtin.StartApplicationKeyword$_startApplication_closure1.call(StartApplicationKeyword.groovy)
	at com.kms.katalon.core.mobile.keyword.internal.MobileKeywordMain.runKeyword(MobileKeywordMain.groovy:21)
	... 35 more]]></system-err>
      </testcase>
      <testcase name="Test Cases/Data Entry/TC_Data Entry" classname="Test Cases/Data Entry/TC_Data Entry" status="FAILED">
         <failure type="FAILED" message="Test Cases/Data Entry/TC_Data Entry FAILED.
Reason:
com.kms.katalon.core.exception.StepFailedException: Call Test Case 'Test Cases/Data Entry/Borrower/Flow Borrower' failed
	at com.kms.katalon.core.keyword.builtin.CallTestCaseKeyword$_callTestCase_closure1.doCall(CallTestCaseKeyword.groovy:63)
	at com.kms.katalon.core.keyword.builtin.CallTestCaseKeyword$_callTestCase_closure1.call(CallTestCaseKeyword.groovy)
	at com.kms.katalon.core.keyword.internal.KeywordMain.runKeyword(KeywordMain.groovy:68)
	at com.kms.katalon.core.keyword.builtin.CallTestCaseKeyword.callTestCase(CallTestCaseKeyword.groovy:81)
	at com.kms.katalon.core.keyword.builtin.CallTestCaseKeyword.execute(CallTestCaseKeyword.groovy:44)
	at com.kms.katalon.core.keyword.internal.KeywordExecutor.executeKeywordForPlatform(KeywordExecutor.groovy:60)
	at com.kms.katalon.core.keyword.BuiltinKeywords.callTestCase(BuiltinKeywords.groovy:334)
	at TC_Data Entry.run(TC_Data Entry:84)
	at com.kms.katalon.core.main.ScriptEngine.run(ScriptEngine.java:194)
	at com.kms.katalon.core.main.ScriptEngine.runScriptAsRawText(ScriptEngine.java:119)
	at com.kms.katalon.core.main.TestCaseExecutor.runScript(TestCaseExecutor.java:337)
	at com.kms.katalon.core.main.TestCaseExecutor.doExecute(TestCaseExecutor.java:328)
	at com.kms.katalon.core.main.TestCaseExecutor.processExecutionPhase(TestCaseExecutor.java:307)
	at com.kms.katalon.core.main.TestCaseExecutor.accessMainPhase(TestCaseExecutor.java:299)
	at com.kms.katalon.core.main.TestCaseExecutor.execute(TestCaseExecutor.java:233)
	at com.kms.katalon.core.main.TestSuiteExecutor.accessTestCaseMainPhase(TestSuiteExecutor.java:169)
	at com.kms.katalon.core.main.TestSuiteExecutor.accessTestSuiteMainPhase(TestSuiteExecutor.java:142)
	at com.kms.katalon.core.main.TestSuiteExecutor.execute(TestSuiteExecutor.java:91)
	at com.kms.katalon.core.main.TestCaseMain.startTestSuite(TestCaseMain.java:157)
	at com.kms.katalon.core.main.TestCaseMain$startTestSuite$0.call(Unknown Source)
	at TempTestSuite1571720266263.run(TempTestSuite1571720266263.groovy:36)
Caused by: com.kms.katalon.core.exception.StepFailedException: Call Test Case 'Test Cases/Data Entry/Borrower/Borrower - Identitas/MASTER FLOW/TC_Borrower - Identitas - MASTER FLOW' failed
	at com.kms.katalon.core.keyword.builtin.CallTestCaseKeyword$_callTestCase_closure1.doCall(CallTestCaseKeyword.groovy:63)
	at com.kms.katalon.core.keyword.builtin.CallTestCaseKeyword$_callTestCase_closure1.call(CallTestCaseKeyword.groovy)
	at com.kms.katalon.core.keyword.internal.KeywordMain.runKeyword(KeywordMain.groovy:68)
	at com.kms.katalon.core.keyword.builtin.CallTestCaseKeyword.callTestCase(CallTestCaseKeyword.groovy:81)
	at com.kms.katalon.core.keyword.builtin.CallTestCaseKeyword.execute(CallTestCaseKeyword.groovy:44)
	at com.kms.katalon.core.keyword.internal.KeywordExecutor.executeKeywordForPlatform(KeywordExecutor.groovy:60)
	at com.kms.katalon.core.keyword.BuiltinKeywords.callTestCase(BuiltinKeywords.groovy:334)
	at Flow Borrower.run(Flow Borrower:16)
	at com.kms.katalon.core.main.ScriptEngine.run(ScriptEngine.java:194)
	at com.kms.katalon.core.main.ScriptEngine.runScriptAsRawText(ScriptEngine.java:119)
	at com.kms.katalon.core.main.TestCaseExecutor.runScript(TestCaseExecutor.java:337)
	at com.kms.katalon.core.main.TestCaseExecutor.doExecute(TestCaseExecutor.java:328)
	at com.kms.katalon.core.main.TestCaseExecutor.processExecutionPhase(TestCaseExecutor.java:307)
	at com.kms.katalon.core.main.TestCaseExecutor.accessMainPhase(TestCaseExecutor.java:299)
	at com.kms.katalon.core.main.TestCaseExecutor.execute(TestCaseExecutor.java:233)
	at com.kms.katalon.core.main.TestCaseMain.runTestCase(TestCaseMain.java:114)
	at com.kms.katalon.core.keyword.builtin.CallTestCaseKeyword$_callTestCase_closure1.doCall(CallTestCaseKeyword.groovy:59)
	... 20 more
Caused by: com.kms.katalon.core.exception.StepFailedException: Object Object Repository/Borrower/Borrower - Identitas/Borrower-Identitas-WNI not found
	at com.kms.katalon.core.keyword.internal.KeywordMain.stepFailed(KeywordMain.groovy:50)
	at com.kms.katalon.core.mobile.keyword.internal.MobileKeywordMain.stepFailed(MobileKeywordMain.groovy:40)
	at com.kms.katalon.core.mobile.keyword.builtin.TapKeyword$_tap_closure1.doCall(TapKeyword.groovy:79)
	at com.kms.katalon.core.mobile.keyword.builtin.TapKeyword$_tap_closure1.call(TapKeyword.groovy)
	at com.kms.katalon.core.mobile.keyword.internal.MobileKeywordMain.runKeyword(MobileKeywordMain.groovy:21)
	at com.kms.katalon.core.mobile.keyword.builtin.TapKeyword.tap(TapKeyword.groovy:86)
	at com.kms.katalon.core.mobile.keyword.builtin.TapKeyword.execute(TapKeyword.groovy:68)
	at com.kms.katalon.core.keyword.internal.KeywordExecutor.executeKeywordForPlatform(KeywordExecutor.groovy:60)
	at com.kms.katalon.core.mobile.keyword.MobileBuiltInKeywords.tap(MobileBuiltInKeywords.groovy:520)
	at com.kms.katalon.core.mobile.keyword.MobileBuiltInKeywords$tap$1.call(Unknown Source)
	at TC_Borrower - Identitas - MASTER FLOW.run(TC_Borrower - Identitas - MASTER FLOW:19)
	at com.kms.katalon.core.main.ScriptEngine.run(ScriptEngine.java:194)
	at com.kms.katalon.core.main.ScriptEngine.runScriptAsRawText(ScriptEngine.java:119)
	at com.kms.katalon.core.main.TestCaseExecutor.runScript(TestCaseExecutor.java:337)
	at com.kms.katalon.core.main.TestCaseExecutor.doExecute(TestCaseExecutor.java:328)
	at com.kms.katalon.core.main.TestCaseExecutor.processExecutionPhase(TestCaseExecutor.java:307)
	at com.kms.katalon.core.main.TestCaseExecutor.accessMainPhase(TestCaseExecutor.java:299)
	at com.kms.katalon.core.main.TestCaseExecutor.execute(TestCaseExecutor.java:233)
	at com.kms.katalon.core.main.TestCaseMain.runTestCase(TestCaseMain.java:114)
	at com.kms.katalon.core.keyword.builtin.CallTestCaseKeyword$_callTestCase_closure1.doCall(CallTestCaseKeyword.groovy:59)
	... 36 more
"/>
         <system-out><![CDATA[2019-10-22 12:37:50 - [TEST_CASE][FAILED] - Test Cases/Data Entry/TC_Data Entry: Test Cases/Data Entry/TC_Data Entry FAILED.
Reason:
com.kms.katalon.core.exception.StepFailedException: Call Test Case 'Test Cases/Data Entry/Borrower/Flow Borrower' failed
	at com.kms.katalon.core.keyword.builtin.CallTestCaseKeyword$_callTestCase_closure1.doCall(CallTestCaseKeyword.groovy:63)
	at com.kms.katalon.core.keyword.builtin.CallTestCaseKeyword$_callTestCase_closure1.call(CallTestCaseKeyword.groovy)
	at com.kms.katalon.core.keyword.internal.KeywordMain.runKeyword(KeywordMain.groovy:68)
	at com.kms.katalon.core.keyword.builtin.CallTestCaseKeyword.callTestCase(CallTestCaseKeyword.groovy:81)
	at com.kms.katalon.core.keyword.builtin.CallTestCaseKeyword.execute(CallTestCaseKeyword.groovy:44)
	at com.kms.katalon.core.keyword.internal.KeywordExecutor.executeKeywordForPlatform(KeywordExecutor.groovy:60)
	at com.kms.katalon.core.keyword.BuiltinKeywords.callTestCase(BuiltinKeywords.groovy:334)
	at TC_Data Entry.run(TC_Data Entry:84)
	at com.kms.katalon.core.main.ScriptEngine.run(ScriptEngine.java:194)
	at com.kms.katalon.core.main.ScriptEngine.runScriptAsRawText(ScriptEngine.java:119)
	at com.kms.katalon.core.main.TestCaseExecutor.runScript(TestCaseExecutor.java:337)
	at com.kms.katalon.core.main.TestCaseExecutor.doExecute(TestCaseExecutor.java:328)
	at com.kms.katalon.core.main.TestCaseExecutor.processExecutionPhase(TestCaseExecutor.java:307)
	at com.kms.katalon.core.main.TestCaseExecutor.accessMainPhase(TestCaseExecutor.java:299)
	at com.kms.katalon.core.main.TestCaseExecutor.execute(TestCaseExecutor.java:233)
	at com.kms.katalon.core.main.TestSuiteExecutor.accessTestCaseMainPhase(TestSuiteExecutor.java:169)
	at com.kms.katalon.core.main.TestSuiteExecutor.accessTestSuiteMainPhase(TestSuiteExecutor.java:142)
	at com.kms.katalon.core.main.TestSuiteExecutor.execute(TestSuiteExecutor.java:91)
	at com.kms.katalon.core.main.TestCaseMain.startTestSuite(TestCaseMain.java:157)
	at com.kms.katalon.core.main.TestCaseMain$startTestSuite$0.call(Unknown Source)
	at TempTestSuite1571720266263.run(TempTestSuite1571720266263.groovy:36)
Caused by: com.kms.katalon.core.exception.StepFailedException: Call Test Case 'Test Cases/Data Entry/Borrower/Borrower - Identitas/MASTER FLOW/TC_Borrower - Identitas - MASTER FLOW' failed
	at com.kms.katalon.core.keyword.builtin.CallTestCaseKeyword$_callTestCase_closure1.doCall(CallTestCaseKeyword.groovy:63)
	at com.kms.katalon.core.keyword.builtin.CallTestCaseKeyword$_callTestCase_closure1.call(CallTestCaseKeyword.groovy)
	at com.kms.katalon.core.keyword.internal.KeywordMain.runKeyword(KeywordMain.groovy:68)
	at com.kms.katalon.core.keyword.builtin.CallTestCaseKeyword.callTestCase(CallTestCaseKeyword.groovy:81)
	at com.kms.katalon.core.keyword.builtin.CallTestCaseKeyword.execute(CallTestCaseKeyword.groovy:44)
	at com.kms.katalon.core.keyword.internal.KeywordExecutor.executeKeywordForPlatform(KeywordExecutor.groovy:60)
	at com.kms.katalon.core.keyword.BuiltinKeywords.callTestCase(BuiltinKeywords.groovy:334)
	at Flow Borrower.run(Flow Borrower:16)
	at com.kms.katalon.core.main.ScriptEngine.run(ScriptEngine.java:194)
	at com.kms.katalon.core.main.ScriptEngine.runScriptAsRawText(ScriptEngine.java:119)
	at com.kms.katalon.core.main.TestCaseExecutor.runScript(TestCaseExecutor.java:337)
	at com.kms.katalon.core.main.TestCaseExecutor.doExecute(TestCaseExecutor.java:328)
	at com.kms.katalon.core.main.TestCaseExecutor.processExecutionPhase(TestCaseExecutor.java:307)
	at com.kms.katalon.core.main.TestCaseExecutor.accessMainPhase(TestCaseExecutor.java:299)
	at com.kms.katalon.core.main.TestCaseExecutor.execute(TestCaseExecutor.java:233)
	at com.kms.katalon.core.main.TestCaseMain.runTestCase(TestCaseMain.java:114)
	at com.kms.katalon.core.keyword.builtin.CallTestCaseKeyword$_callTestCase_closure1.doCall(CallTestCaseKeyword.groovy:59)
	... 20 more
Caused by: com.kms.katalon.core.exception.StepFailedException: Object Object Repository/Borrower/Borrower - Identitas/Borrower-Identitas-WNI not found
	at com.kms.katalon.core.keyword.internal.KeywordMain.stepFailed(KeywordMain.groovy:50)
	at com.kms.katalon.core.mobile.keyword.internal.MobileKeywordMain.stepFailed(MobileKeywordMain.groovy:40)
	at com.kms.katalon.core.mobile.keyword.builtin.TapKeyword$_tap_closure1.doCall(TapKeyword.groovy:79)
	at com.kms.katalon.core.mobile.keyword.builtin.TapKeyword$_tap_closure1.call(TapKeyword.groovy)
	at com.kms.katalon.core.mobile.keyword.internal.MobileKeywordMain.runKeyword(MobileKeywordMain.groovy:21)
	at com.kms.katalon.core.mobile.keyword.builtin.TapKeyword.tap(TapKeyword.groovy:86)
	at com.kms.katalon.core.mobile.keyword.builtin.TapKeyword.execute(TapKeyword.groovy:68)
	at com.kms.katalon.core.keyword.internal.KeywordExecutor.executeKeywordForPlatform(KeywordExecutor.groovy:60)
	at com.kms.katalon.core.mobile.keyword.MobileBuiltInKeywords.tap(MobileBuiltInKeywords.groovy:520)
	at com.kms.katalon.core.mobile.keyword.MobileBuiltInKeywords$tap$1.call(Unknown Source)
	at TC_Borrower - Identitas - MASTER FLOW.run(TC_Borrower - Identitas - MASTER FLOW:19)
	at com.kms.katalon.core.main.ScriptEngine.run(ScriptEngine.java:194)
	at com.kms.katalon.core.main.ScriptEngine.runScriptAsRawText(ScriptEngine.java:119)
	at com.kms.katalon.core.main.TestCaseExecutor.runScript(TestCaseExecutor.java:337)
	at com.kms.katalon.core.main.TestCaseExecutor.doExecute(TestCaseExecutor.java:328)
	at com.kms.katalon.core.main.TestCaseExecutor.processExecutionPhase(TestCaseExecutor.java:307)
	at com.kms.katalon.core.main.TestCaseExecutor.accessMainPhase(TestCaseExecutor.java:299)
	at com.kms.katalon.core.main.TestCaseExecutor.execute(TestCaseExecutor.java:233)
	at com.kms.katalon.core.main.TestCaseMain.runTestCase(TestCaseMain.java:114)
	at com.kms.katalon.core.keyword.builtin.CallTestCaseKeyword$_callTestCase_closure1.doCall(CallTestCaseKeyword.groovy:59)
	... 36 more


2019-10-22 12:37:50 - [TEST_STEP][PASSED] - callTestCase(findTestCase("dynamic test case/open application"), [:], STOP_ON_FAILURE): Call Test Case 'Test Cases/dynamic test case/open application' successfully

2019-10-22 12:37:51 - [TEST_CASE][PASSED] - Test Cases/dynamic test case/open application: Test Cases/dynamic test case/open application

2019-10-22 12:37:51 - [TEST_STEP][PASSED] - appPath = relativeToAbsolutePath(apkname, getProjectDir()): null

2019-10-22 12:37:51 - [TEST_STEP][PASSED] - startApplication(appPath, false): Started app at: 'C:\Users\15421\git\ACCMe-Mobile\AccMe.apk'

2019-10-22 12:37:51 - [MESSAGE][INFO] - User set preference: ['unicodeKeyboard', 'true']

2019-10-22 12:37:51 - [MESSAGE][INFO] - User set preference: ['resetKeyboard', 'true']

2019-10-22 12:37:51 - [MESSAGE][INFO] - User set preference: ['appWaitActivity', 'com.*']

2019-10-22 12:37:51 - [MESSAGE][INFO] - User set preference: ['deviceId', '']

2019-10-22 12:37:52 - [MESSAGE][INFO] - Appium server started on port 64,178

2019-10-22 12:38:21 - [MESSAGE][PASSED] - Started app at: 'C:\Users\15421\git\ACCMe-Mobile\AccMe.apk'

2019-10-22 12:38:21 - [TEST_STEP][PASSED] - delay(20, STOP_ON_FAILURE): Delayed 20 second(s)

2019-10-22 12:38:41 - [MESSAGE][PASSED] - Delayed 20 second(s)

2019-10-22 12:38:41 - [MESSAGE][PASSED] - Call Test Case 'Test Cases/dynamic test case/open application' successfully

2019-10-22 12:38:41 - [TEST_STEP][PASSED] - callTestCase(findTestCase("Data Entry/Simulasi Kredit/Simulasi Kredit/MASTER FLOW/TC_Simulasi Kredit - MASTER FLOW"), ["varBrand":varBrand, "varType":varType, "varModel":varModel, "varTahun":varTahun, "varTenor":varTenor, "varOTR":varOTR, "varRP":varRP, ... ], OPTIONAL): Call Test Case 'Test Cases/Data Entry/Simulasi Kredit/Simulasi Kredit/MASTER FLOW/TC_Simulasi Kredit - MASTER FLOW' successfully

2019-10-22 12:38:41 - [TEST_CASE][PASSED] - Test Cases/Data Entry/Simulasi Kredit/Simulasi Kredit/MASTER FLOW/TC_Simulasi Kredit - MASTER FLOW: Test Cases/Data Entry/Simulasi Kredit/Simulasi Kredit/MASTER FLOW/TC_Simulasi Kredit - MASTER FLOW

2019-10-22 12:38:42 - [TEST_STEP][PASSED] - verifyElementVisible(findTestObject("Simulasi Kredit/Simulasi Kredit - Simulasi Kredit/SimulasiKredit_Btn Simulasi Kredit"), 60, OPTIONAL): Element 'Object Repository/Simulasi Kredit/Simulasi Kredit - Simulasi Kredit/SimulasiKredit_Btn Simulasi Kredit' is visible

2019-10-22 12:38:52 - [MESSAGE][PASSED] - Element 'Object Repository/Simulasi Kredit/Simulasi Kredit - Simulasi Kredit/SimulasiKredit_Btn Simulasi Kredit' is visible

2019-10-22 12:38:52 - [TEST_STEP][PASSED] - tap(findTestObject("Simulasi Kredit/Simulasi Kredit - Simulasi Kredit/SimulasiKredit_Btn Simulasi Kredit"), 0): Tapped on element 'Object Repository/Simulasi Kredit/Simulasi Kredit - Simulasi Kredit/SimulasiKredit_Btn Simulasi Kredit'

2019-10-22 12:38:52 - [MESSAGE][WARNING] - Timeout '0' is invalid. Using default page load timeout: '30'

2019-10-22 12:38:54 - [MESSAGE][PASSED] - Tapped on element 'Object Repository/Simulasi Kredit/Simulasi Kredit - Simulasi Kredit/SimulasiKredit_Btn Simulasi Kredit'

2019-10-22 12:38:54 - [TEST_STEP][PASSED] - if (varPembiayaan == "NewCar"): Tapped on element 'Object Repository/Simulasi Kredit/Simulasi Kredit - Simulasi Kredit/SimulasiKredit_new car'

2019-10-22 12:38:54 - [TEST_STEP][PASSED] - tap(findTestObject("Simulasi Kredit/Simulasi Kredit - Simulasi Kredit/SimulasiKredit_new car"), 0): Tapped on element 'Object Repository/Simulasi Kredit/Simulasi Kredit - Simulasi Kredit/SimulasiKredit_new car'

2019-10-22 12:38:54 - [MESSAGE][WARNING] - Timeout '0' is invalid. Using default page load timeout: '30'

2019-10-22 12:38:58 - [MESSAGE][PASSED] - Tapped on element 'Object Repository/Simulasi Kredit/Simulasi Kredit - Simulasi Kredit/SimulasiKredit_new car'

2019-10-22 12:38:58 - [TEST_STEP][PASSED] - if (varTipePembiayaan == "syariah"): null

2019-10-22 12:38:58 - [TEST_STEP][PASSED] - else: Tapped on element 'Object Repository/Simulasi Kredit/Simulasi Kredit - Simulasi Kredit/SimulasiKredit_Konvensional'

2019-10-22 12:38:58 - [TEST_STEP][PASSED] - tap(findTestObject("Simulasi Kredit/Simulasi Kredit - Simulasi Kredit/SimulasiKredit_Konvensional"), 0): Tapped on element 'Object Repository/Simulasi Kredit/Simulasi Kredit - Simulasi Kredit/SimulasiKredit_Konvensional'

2019-10-22 12:38:58 - [MESSAGE][WARNING] - Timeout '0' is invalid. Using default page load timeout: '30'

2019-10-22 12:39:01 - [MESSAGE][PASSED] - Tapped on element 'Object Repository/Simulasi Kredit/Simulasi Kredit - Simulasi Kredit/SimulasiKredit_Konvensional'

2019-10-22 12:39:01 - [TEST_STEP][PASSED] - if (varPaket == "ya"): null

2019-10-22 12:39:01 - [TEST_STEP][PASSED] - setText(findTestObject("Simulasi Kredit/Simulasi Kredit - Simulasi Kredit/SimulasiKredit_Inp Brand"), varBrand, 0): Text 'TOYOTA' has been set to element 'Object Repository/Simulasi Kredit/Simulasi Kredit - Simulasi Kredit/SimulasiKredit_Inp Brand'

2019-10-22 12:39:01 - [MESSAGE][WARNING] - Timeout '0' is invalid. Using default page load timeout: '30'

2019-10-22 12:39:02 - [MESSAGE][PASSED] - Text 'TOYOTA' has been set to element 'Object Repository/Simulasi Kredit/Simulasi Kredit - Simulasi Kredit/SimulasiKredit_Inp Brand'

2019-10-22 12:39:02 - [TEST_STEP][PASSED] - tap(findTestObject("Simulasi Kredit/Simulasi Kredit - Simulasi Kredit/SimulasiKredit_Inp Brand"), 0): Tapped on element 'Object Repository/Simulasi Kredit/Simulasi Kredit - Simulasi Kredit/SimulasiKredit_Inp Brand'

2019-10-22 12:39:02 - [MESSAGE][WARNING] - Timeout '0' is invalid. Using default page load timeout: '30'

2019-10-22 12:39:06 - [MESSAGE][PASSED] - Tapped on element 'Object Repository/Simulasi Kredit/Simulasi Kredit - Simulasi Kredit/SimulasiKredit_Inp Brand'

2019-10-22 12:39:06 - [TEST_STEP][PASSED] - tap(findTestObject("Simulasi Kredit/Simulasi Kredit - Simulasi Kredit/Simulasi Kredit-LOVBrand"), 0): Tapped on element 'Object Repository/Simulasi Kredit/Simulasi Kredit - Simulasi Kredit/Simulasi Kredit-LOVBrand'

2019-10-22 12:39:06 - [MESSAGE][WARNING] - Timeout '0' is invalid. Using default page load timeout: '30'

2019-10-22 12:39:08 - [MESSAGE][PASSED] - Tapped on element 'Object Repository/Simulasi Kredit/Simulasi Kredit - Simulasi Kredit/Simulasi Kredit-LOVBrand'

2019-10-22 12:39:08 - [TEST_STEP][PASSED] - tap(findTestObject("Simulasi Kredit/Simulasi Kredit - Simulasi Kredit/SimulasiKredit_Inp Type"), 0): Tapped on element 'Object Repository/Simulasi Kredit/Simulasi Kredit - Simulasi Kredit/SimulasiKredit_Inp Type'

2019-10-22 12:39:08 - [MESSAGE][WARNING] - Timeout '0' is invalid. Using default page load timeout: '30'

2019-10-22 12:39:11 - [MESSAGE][PASSED] - Tapped on element 'Object Repository/Simulasi Kredit/Simulasi Kredit - Simulasi Kredit/SimulasiKredit_Inp Type'

2019-10-22 12:39:11 - [TEST_STEP][PASSED] - setText(findTestObject("Simulasi Kredit/Simulasi Kredit - Simulasi Kredit/SimulasiKredit_Inp Type"), varType, 0): Text 'AGYA' has been set to element 'Object Repository/Simulasi Kredit/Simulasi Kredit - Simulasi Kredit/SimulasiKredit_Inp Type'

2019-10-22 12:39:12 - [MESSAGE][WARNING] - Timeout '0' is invalid. Using default page load timeout: '30'

2019-10-22 12:39:14 - [MESSAGE][PASSED] - Text 'AGYA' has been set to element 'Object Repository/Simulasi Kredit/Simulasi Kredit - Simulasi Kredit/SimulasiKredit_Inp Type'

2019-10-22 12:39:14 - [TEST_STEP][PASSED] - delay(3): Delayed 3 second(s)

2019-10-22 12:39:17 - [MESSAGE][PASSED] - Delayed 3 second(s)

2019-10-22 12:39:17 - [TEST_STEP][PASSED] - tap(findTestObject("Simulasi Kredit/Simulasi Kredit - Simulasi Kredit/SimulasiKredit_Inp Type"), 0): Tapped on element 'Object Repository/Simulasi Kredit/Simulasi Kredit - Simulasi Kredit/SimulasiKredit_Inp Type'

2019-10-22 12:39:17 - [MESSAGE][WARNING] - Timeout '0' is invalid. Using default page load timeout: '30'

2019-10-22 12:39:19 - [MESSAGE][PASSED] - Tapped on element 'Object Repository/Simulasi Kredit/Simulasi Kredit - Simulasi Kredit/SimulasiKredit_Inp Type'

2019-10-22 12:39:19 - [TEST_STEP][PASSED] - tap(findTestObject("Simulasi Kredit/Simulasi Kredit - Simulasi Kredit/SimulasiKredit_Inp Type LOV"), 0): Tapped on element 'Object Repository/Simulasi Kredit/Simulasi Kredit - Simulasi Kredit/SimulasiKredit_Inp Type LOV'

2019-10-22 12:39:19 - [MESSAGE][WARNING] - Timeout '0' is invalid. Using default page load timeout: '30'

2019-10-22 12:39:22 - [MESSAGE][PASSED] - Tapped on element 'Object Repository/Simulasi Kredit/Simulasi Kredit - Simulasi Kredit/SimulasiKredit_Inp Type LOV'

2019-10-22 12:39:22 - [TEST_STEP][PASSED] - mobile.mobileSwipe.UpDown(0.8, 0.5, 1000): mobile.mobileSwipe.UpDown is PASSED

2019-10-22 12:39:23 - [MESSAGE][PASSED] - Current device physical height is 2131

2019-10-22 12:39:23 - [MESSAGE][INFO] - Device Height : 2131

2019-10-22 12:39:25 - [MESSAGE][PASSED] - Current device physical width is 1080

2019-10-22 12:39:25 - [MESSAGE][INFO] - Device Width : 1080

2019-10-22 12:39:25 - [MESSAGE][INFO] - Swipe start at Height : 1704

2019-10-22 12:39:25 - [MESSAGE][INFO] - Swipe end at Height : 1065

2019-10-22 12:39:25 - [MESSAGE][INFO] - X Position : 1000

2019-10-22 12:39:27 - [MESSAGE][PASSED] - Swiped from 1,000,1,704 to 1,000,1,065

2019-10-22 12:39:27 - [MESSAGE][PASSED] - mobile.mobileSwipe.UpDown is PASSED

2019-10-22 12:39:27 - [TEST_STEP][PASSED] - tap(findTestObject("Simulasi Kredit/Simulasi Kredit - Simulasi Kredit/SimulasiKredit_Inp Model"), 0): Tapped on element 'Object Repository/Simulasi Kredit/Simulasi Kredit - Simulasi Kredit/SimulasiKredit_Inp Model'

2019-10-22 12:39:27 - [MESSAGE][WARNING] - Timeout '0' is invalid. Using default page load timeout: '30'

2019-10-22 12:39:30 - [MESSAGE][PASSED] - Tapped on element 'Object Repository/Simulasi Kredit/Simulasi Kredit - Simulasi Kredit/SimulasiKredit_Inp Model'

2019-10-22 12:39:30 - [TEST_STEP][PASSED] - scrollToText(varModel, STOP_ON_FAILURE): Scrolling to text '1.0 G M/T - 001' successfully

2019-10-22 12:39:32 - [MESSAGE][PASSED] - Scrolling to text '1.0 G M/T - 001' successfully

2019-10-22 12:39:32 - [TEST_STEP][PASSED] - tap(findTestObject("dynamic object/pickListItem_checkedTextView", ["text":varModel]), 0): Tapped on element 'Object Repository/dynamic object/pickListItem_checkedTextView'

2019-10-22 12:39:32 - [MESSAGE][WARNING] - Timeout '0' is invalid. Using default page load timeout: '30'

2019-10-22 12:39:34 - [MESSAGE][PASSED] - Tapped on element 'Object Repository/dynamic object/pickListItem_checkedTextView'

2019-10-22 12:39:34 - [TEST_STEP][PASSED] - tap(findTestObject("Simulasi Kredit/Simulasi Kredit - Simulasi Kredit/SimulasiKredit_Tahun"), 0): Tapped on element 'Object Repository/Simulasi Kredit/Simulasi Kredit - Simulasi Kredit/SimulasiKredit_Tahun'

2019-10-22 12:39:34 - [MESSAGE][WARNING] - Timeout '0' is invalid. Using default page load timeout: '30'

2019-10-22 12:39:36 - [MESSAGE][PASSED] - Tapped on element 'Object Repository/Simulasi Kredit/Simulasi Kredit - Simulasi Kredit/SimulasiKredit_Tahun'

2019-10-22 12:39:36 - [TEST_STEP][PASSED] - tap(findTestObject("dynamic object/pickListItem_checkedTextView", ["text":varTahun]), 0): Tapped on element 'Object Repository/dynamic object/pickListItem_checkedTextView'

2019-10-22 12:39:37 - [MESSAGE][WARNING] - Timeout '0' is invalid. Using default page load timeout: '30'

2019-10-22 12:39:38 - [MESSAGE][PASSED] - Tapped on element 'Object Repository/dynamic object/pickListItem_checkedTextView'

2019-10-22 12:39:38 - [TEST_STEP][PASSED] - tap(findTestObject("Simulasi Kredit/Simulasi Kredit - Simulasi Kredit/SimulasiKredit_Tenor"), 0): Tapped on element 'Object Repository/Simulasi Kredit/Simulasi Kredit - Simulasi Kredit/SimulasiKredit_Tenor'

2019-10-22 12:39:38 - [MESSAGE][WARNING] - Timeout '0' is invalid. Using default page load timeout: '30'

2019-10-22 12:39:41 - [MESSAGE][PASSED] - Tapped on element 'Object Repository/Simulasi Kredit/Simulasi Kredit - Simulasi Kredit/SimulasiKredit_Tenor'

2019-10-22 12:39:41 - [TEST_STEP][PASSED] - tap(findTestObject("dynamic object/pickListItem_checkedTextView", ["text":varTenor]), 0): Tapped on element 'Object Repository/dynamic object/pickListItem_checkedTextView'

2019-10-22 12:39:41 - [MESSAGE][WARNING] - Timeout '0' is invalid. Using default page load timeout: '30'

2019-10-22 12:39:42 - [MESSAGE][PASSED] - Tapped on element 'Object Repository/dynamic object/pickListItem_checkedTextView'

2019-10-22 12:39:42 - [TEST_STEP][PASSED] - setText(findTestObject("Simulasi Kredit/Simulasi Kredit - Simulasi Kredit/SimulasiKredit_Inp OTR"), varOTR, 0): Text '200000000' has been set to element 'Object Repository/Simulasi Kredit/Simulasi Kredit - Simulasi Kredit/SimulasiKredit_Inp OTR'

2019-10-22 12:39:42 - [MESSAGE][WARNING] - Timeout '0' is invalid. Using default page load timeout: '30'

2019-10-22 12:39:44 - [MESSAGE][PASSED] - Text '200000000' has been set to element 'Object Repository/Simulasi Kredit/Simulasi Kredit - Simulasi Kredit/SimulasiKredit_Inp OTR'

2019-10-22 12:39:44 - [TEST_STEP][PASSED] - if (varADDMdanADDB == "ADDM"): null

2019-10-22 12:39:44 - [TEST_STEP][PASSED] - else: Tapped on element 'Object Repository/Simulasi Kredit/Simulasi Kredit - Simulasi Kredit/SimulasiKredit_Btn ADDB'

2019-10-22 12:39:44 - [TEST_STEP][PASSED] - tap(findTestObject("Simulasi Kredit/Simulasi Kredit - Simulasi Kredit/SimulasiKredit_Btn ADDB"), 0): Tapped on element 'Object Repository/Simulasi Kredit/Simulasi Kredit - Simulasi Kredit/SimulasiKredit_Btn ADDB'

2019-10-22 12:39:45 - [MESSAGE][WARNING] - Timeout '0' is invalid. Using default page load timeout: '30'

2019-10-22 12:39:48 - [MESSAGE][PASSED] - Tapped on element 'Object Repository/Simulasi Kredit/Simulasi Kredit - Simulasi Kredit/SimulasiKredit_Btn ADDB'

2019-10-22 12:39:48 - [TEST_STEP][PASSED] - setText(findTestObject("Simulasi Kredit/Simulasi Kredit - Simulasi Kredit/SimulasiKredit_Inp RP"), varRP, 0): Text '60000000' has been set to element 'Object Repository/Simulasi Kredit/Simulasi Kredit - Simulasi Kredit/SimulasiKredit_Inp RP'

2019-10-22 12:39:48 - [MESSAGE][WARNING] - Timeout '0' is invalid. Using default page load timeout: '30'

2019-10-22 12:39:50 - [MESSAGE][PASSED] - Text '60000000' has been set to element 'Object Repository/Simulasi Kredit/Simulasi Kredit - Simulasi Kredit/SimulasiKredit_Inp RP'

2019-10-22 12:39:50 - [TEST_STEP][PASSED] - if (varACP == "credit"): Tapped on element 'Object Repository/Simulasi Kredit/Simulasi Kredit - Simulasi Kredit/SimulasiKredit_Inp ACP Credit'

2019-10-22 12:39:50 - [TEST_STEP][PASSED] - tap(findTestObject("Simulasi Kredit/Simulasi Kredit - Simulasi Kredit/SimulasiKredit_Inp ACP Credit"), 0): Tapped on element 'Object Repository/Simulasi Kredit/Simulasi Kredit - Simulasi Kredit/SimulasiKredit_Inp ACP Credit'

2019-10-22 12:39:50 - [MESSAGE][WARNING] - Timeout '0' is invalid. Using default page load timeout: '30'

2019-10-22 12:39:53 - [MESSAGE][PASSED] - Tapped on element 'Object Repository/Simulasi Kredit/Simulasi Kredit - Simulasi Kredit/SimulasiKredit_Inp ACP Credit'

2019-10-22 12:39:53 - [TEST_STEP][PASSED] - mobile.mobileSwipe.UpDown(0.5, 0.2, 1000): mobile.mobileSwipe.UpDown is PASSED

2019-10-22 12:39:54 - [MESSAGE][PASSED] - Current device physical height is 2131

2019-10-22 12:39:54 - [MESSAGE][INFO] - Device Height : 2131

2019-10-22 12:39:55 - [MESSAGE][PASSED] - Current device physical width is 1080

2019-10-22 12:39:55 - [MESSAGE][INFO] - Device Width : 1080

2019-10-22 12:39:55 - [MESSAGE][INFO] - Swipe start at Height : 1065

2019-10-22 12:39:55 - [MESSAGE][INFO] - Swipe end at Height : 426

2019-10-22 12:39:55 - [MESSAGE][INFO] - X Position : 1000

2019-10-22 12:39:58 - [MESSAGE][PASSED] - Swiped from 1,000,1,065 to 1,000,426

2019-10-22 12:39:58 - [MESSAGE][PASSED] - mobile.mobileSwipe.UpDown is PASSED

2019-10-22 12:39:58 - [TEST_STEP][PASSED] - setText(findTestObject("Simulasi Kredit/Simulasi Kredit - Simulasi Kredit/SimulasiKredit_Inp Dealer"), varDealer, 0): Text 'AI TSO-JKT TEBET' has been set to element 'Object Repository/Simulasi Kredit/Simulasi Kredit - Simulasi Kredit/SimulasiKredit_Inp Dealer'

2019-10-22 12:39:58 - [MESSAGE][WARNING] - Timeout '0' is invalid. Using default page load timeout: '30'

2019-10-22 12:39:59 - [MESSAGE][PASSED] - Text 'AI TSO-JKT TEBET' has been set to element 'Object Repository/Simulasi Kredit/Simulasi Kredit - Simulasi Kredit/SimulasiKredit_Inp Dealer'

2019-10-22 12:39:59 - [TEST_STEP][PASSED] - tap(findTestObject("Simulasi Kredit/Simulasi Kredit - Simulasi Kredit/SimulasiKredit_Inp Dealer"), 0): Tapped on element 'Object Repository/Simulasi Kredit/Simulasi Kredit - Simulasi Kredit/SimulasiKredit_Inp Dealer'

2019-10-22 12:39:59 - [MESSAGE][WARNING] - Timeout '0' is invalid. Using default page load timeout: '30'

2019-10-22 12:40:03 - [MESSAGE][PASSED] - Tapped on element 'Object Repository/Simulasi Kredit/Simulasi Kredit - Simulasi Kredit/SimulasiKredit_Inp Dealer'

2019-10-22 12:40:03 - [TEST_STEP][PASSED] - clearText(findTestObject("Simulasi Kredit/Simulasi Kredit - Simulasi Kredit/SimulasiKredit_Inp Dealer"), 0): Element 'Object Repository/Simulasi Kredit/Simulasi Kredit - Simulasi Kredit/SimulasiKredit_Inp Dealer' text is cleared

2019-10-22 12:40:03 - [MESSAGE][WARNING] - Timeout '0' is invalid. Using default page load timeout: '30'

2019-10-22 12:40:06 - [MESSAGE][PASSED] - Element 'Object Repository/Simulasi Kredit/Simulasi Kredit - Simulasi Kredit/SimulasiKredit_Inp Dealer' text is cleared

2019-10-22 12:40:06 - [TEST_STEP][PASSED] - setText(findTestObject("Simulasi Kredit/Simulasi Kredit - Simulasi Kredit/SimulasiKredit_Inp Dealer"), varDealer, 0): Text 'AI TSO-JKT TEBET' has been set to element 'Object Repository/Simulasi Kredit/Simulasi Kredit - Simulasi Kredit/SimulasiKredit_Inp Dealer'

2019-10-22 12:40:06 - [MESSAGE][WARNING] - Timeout '0' is invalid. Using default page load timeout: '30'

2019-10-22 12:40:09 - [MESSAGE][PASSED] - Text 'AI TSO-JKT TEBET' has been set to element 'Object Repository/Simulasi Kredit/Simulasi Kredit - Simulasi Kredit/SimulasiKredit_Inp Dealer'

2019-10-22 12:40:09 - [TEST_STEP][PASSED] - delay(4, STOP_ON_FAILURE): Delayed 4 second(s)

2019-10-22 12:40:13 - [MESSAGE][PASSED] - Delayed 4 second(s)

2019-10-22 12:40:13 - [TEST_STEP][PASSED] - tap(findTestObject("Simulasi Kredit/Simulasi Kredit - Simulasi Kredit/SimulasiKredit_LOV Dealer"), 0): Tapped on element 'Object Repository/Simulasi Kredit/Simulasi Kredit - Simulasi Kredit/SimulasiKredit_LOV Dealer'

2019-10-22 12:40:13 - [MESSAGE][WARNING] - Timeout '0' is invalid. Using default page load timeout: '30'

2019-10-22 12:40:16 - [MESSAGE][PASSED] - Tapped on element 'Object Repository/Simulasi Kredit/Simulasi Kredit - Simulasi Kredit/SimulasiKredit_LOV Dealer'

2019-10-22 12:40:16 - [TEST_STEP][NOT_RUN] - setText(findTestObject("Simulasi Kredit/Simulasi Kredit - Simulasi Kredit/SimulasiKredit_Inp Sales Dealer"), varSales, 0): NOT_RUN: setText(findTestObject("Simulasi Kredit/Simulasi Kredit - Simulasi Kredit/SimulasiKredit_Inp Sales Dealer"), varSales, 0)

2019-10-22 12:40:16 - [MESSAGE][NOT_RUN] - NOT_RUN: setText(findTestObject("Simulasi Kredit/Simulasi Kredit - Simulasi Kredit/SimulasiKredit_Inp Sales Dealer"), varSales, 0)

2019-10-22 12:40:16 - [TEST_STEP][PASSED] - tap(findTestObject("Simulasi Kredit/Simulasi Kredit - Simulasi Kredit/SimulasiKredit_Inp Sales Dealer"), 0): Tapped on element 'Object Repository/Simulasi Kredit/Simulasi Kredit - Simulasi Kredit/SimulasiKredit_Inp Sales Dealer'

2019-10-22 12:40:16 - [MESSAGE][WARNING] - Timeout '0' is invalid. Using default page load timeout: '30'

2019-10-22 12:40:19 - [MESSAGE][PASSED] - Tapped on element 'Object Repository/Simulasi Kredit/Simulasi Kredit - Simulasi Kredit/SimulasiKredit_Inp Sales Dealer'

2019-10-22 12:40:19 - [TEST_STEP][PASSED] - tap(findTestObject("Simulasi Kredit/Simulasi Kredit - Simulasi Kredit/SimulasiKredit_LOV Sales Dealer"), 0): Tapped on element 'Object Repository/Simulasi Kredit/Simulasi Kredit - Simulasi Kredit/SimulasiKredit_LOV Sales Dealer'

2019-10-22 12:40:19 - [MESSAGE][WARNING] - Timeout '0' is invalid. Using default page load timeout: '30'

2019-10-22 12:40:24 - [MESSAGE][PASSED] - Tapped on element 'Object Repository/Simulasi Kredit/Simulasi Kredit - Simulasi Kredit/SimulasiKredit_LOV Sales Dealer'

2019-10-22 12:40:24 - [TEST_STEP][PASSED] - tap(findTestObject("Simulasi Kredit/Simulasi Kredit - Simulasi Kredit/SimulasiKredit_Btn Hitung"), 0): Tapped on element 'Object Repository/Simulasi Kredit/Simulasi Kredit - Simulasi Kredit/SimulasiKredit_Btn Hitung'

2019-10-22 12:40:24 - [MESSAGE][WARNING] - Timeout '0' is invalid. Using default page load timeout: '30'

2019-10-22 12:40:27 - [MESSAGE][PASSED] - Tapped on element 'Object Repository/Simulasi Kredit/Simulasi Kredit - Simulasi Kredit/SimulasiKredit_Btn Hitung'

2019-10-22 12:40:27 - [TEST_STEP][PASSED] - verifyElementVisible(findTestObject("Simulasi Kredit/TxtBerhasilMelakukanPerhitungan"), 60, OPTIONAL): Element 'Object Repository/Simulasi Kredit/TxtBerhasilMelakukanPerhitungan' is visible

2019-10-22 12:40:39 - [MESSAGE][PASSED] - Element 'Object Repository/Simulasi Kredit/TxtBerhasilMelakukanPerhitungan' is visible

2019-10-22 12:40:39 - [TEST_STEP][PASSED] - tap(findTestObject("Simulasi Kredit/Simulasi Kredit - Simulasi Kredit/SimulasiKredit_Btn Berikutnya"), 0): Tapped on element 'Object Repository/Simulasi Kredit/Simulasi Kredit - Simulasi Kredit/SimulasiKredit_Btn Berikutnya'

2019-10-22 12:40:39 - [MESSAGE][WARNING] - Timeout '0' is invalid. Using default page load timeout: '30'

2019-10-22 12:40:41 - [MESSAGE][PASSED] - Tapped on element 'Object Repository/Simulasi Kredit/Simulasi Kredit - Simulasi Kredit/SimulasiKredit_Btn Berikutnya'

2019-10-22 12:40:41 - [TEST_STEP][PASSED] - delay(1, STOP_ON_FAILURE): Delayed 1 second(s)

2019-10-22 12:40:42 - [MESSAGE][PASSED] - Delayed 1 second(s)

2019-10-22 12:40:42 - [MESSAGE][PASSED] - Call Test Case 'Test Cases/Data Entry/Simulasi Kredit/Simulasi Kredit/MASTER FLOW/TC_Simulasi Kredit - MASTER FLOW' successfully

2019-10-22 12:40:42 - [TEST_STEP][PASSED] - callTestCase(findTestCase("Data Entry/Simulasi Kredit/Simulasi Kredit - Asuransi/MASTER FLOW/TC_Asuransi - MASTER FLOW"), ["varAsuransi":varAsuransi, "varKodeWilayah":varKodeWilayah, "varTipeAsuransi":varTipeAsuransi, "varPenggunaanUnit":varPenggunaanUnit, ... ], STOP_ON_FAILURE): Call Test Case 'Test Cases/Data Entry/Simulasi Kredit/Simulasi Kredit - Asuransi/MASTER FLOW/TC_Asuransi - MASTER FLOW' successfully

2019-10-22 12:40:42 - [TEST_CASE][PASSED] - Test Cases/Data Entry/Simulasi Kredit/Simulasi Kredit - Asuransi/MASTER FLOW/TC_Asuransi - MASTER FLOW: Test Cases/Data Entry/Simulasi Kredit/Simulasi Kredit - Asuransi/MASTER FLOW/TC_Asuransi - MASTER FLOW

2019-10-22 12:40:42 - [TEST_STEP][PASSED] - delay(2, STOP_ON_FAILURE): Delayed 2 second(s)

2019-10-22 12:40:44 - [MESSAGE][PASSED] - Delayed 2 second(s)

2019-10-22 12:40:44 - [TEST_STEP][PASSED] - if (varTipeAsuransi == "int"): Tapped on element 'Object Repository/Simulasi Kredit/Simulasi Kredit - Asuransi/Asuransi_Tipe Asuransi Int'

2019-10-22 12:40:44 - [TEST_STEP][PASSED] - tap(findTestObject("Simulasi Kredit/Simulasi Kredit - Asuransi/Asuransi_Tipe Asuransi Int"), 0): Tapped on element 'Object Repository/Simulasi Kredit/Simulasi Kredit - Asuransi/Asuransi_Tipe Asuransi Int'

2019-10-22 12:40:44 - [MESSAGE][WARNING] - Timeout '0' is invalid. Using default page load timeout: '30'

2019-10-22 12:40:46 - [MESSAGE][PASSED] - Tapped on element 'Object Repository/Simulasi Kredit/Simulasi Kredit - Asuransi/Asuransi_Tipe Asuransi Int'

2019-10-22 12:40:46 - [TEST_STEP][PASSED] - if (varPenggunaanUnit == "pribadi"): Tapped on element 'Object Repository/Simulasi Kredit/Simulasi Kredit - Asuransi/Asuransi_PenggunaanUnit Prbd'

2019-10-22 12:40:46 - [TEST_STEP][PASSED] - tap(findTestObject("Simulasi Kredit/Simulasi Kredit - Asuransi/Asuransi_PenggunaanUnit Prbd"), 0): Tapped on element 'Object Repository/Simulasi Kredit/Simulasi Kredit - Asuransi/Asuransi_PenggunaanUnit Prbd'

2019-10-22 12:40:46 - [MESSAGE][WARNING] - Timeout '0' is invalid. Using default page load timeout: '30'

2019-10-22 12:40:48 - [MESSAGE][PASSED] - Tapped on element 'Object Repository/Simulasi Kredit/Simulasi Kredit - Asuransi/Asuransi_PenggunaanUnit Prbd'

2019-10-22 12:40:48 - [TEST_STEP][PASSED] - tap(findTestObject("Simulasi Kredit/Simulasi Kredit - Asuransi/Asuransi_Nama Asuransi"), 0): Tapped on element 'Object Repository/Simulasi Kredit/Simulasi Kredit - Asuransi/Asuransi_Nama Asuransi'

2019-10-22 12:40:48 - [MESSAGE][WARNING] - Timeout '0' is invalid. Using default page load timeout: '30'

2019-10-22 12:40:51 - [MESSAGE][PASSED] - Tapped on element 'Object Repository/Simulasi Kredit/Simulasi Kredit - Asuransi/Asuransi_Nama Asuransi'

2019-10-22 12:40:51 - [TEST_STEP][PASSED] - setText(findTestObject("Simulasi Kredit/Simulasi Kredit - Asuransi/Asuransi_Nama Asuransi"), varAsuransi, 0): Text '305001' has been set to element 'Object Repository/Simulasi Kredit/Simulasi Kredit - Asuransi/Asuransi_Nama Asuransi'

2019-10-22 12:40:51 - [MESSAGE][WARNING] - Timeout '0' is invalid. Using default page load timeout: '30'

2019-10-22 12:40:54 - [MESSAGE][PASSED] - Text '305001' has been set to element 'Object Repository/Simulasi Kredit/Simulasi Kredit - Asuransi/Asuransi_Nama Asuransi'

2019-10-22 12:40:54 - [TEST_STEP][PASSED] - tap(findTestObject("Simulasi Kredit/Simulasi Kredit - Asuransi/Asuransi_LOV Nama Asuransi"), 0): Tapped on element 'Object Repository/Simulasi Kredit/Simulasi Kredit - Asuransi/Asuransi_LOV Nama Asuransi'

2019-10-22 12:40:54 - [MESSAGE][WARNING] - Timeout '0' is invalid. Using default page load timeout: '30'

2019-10-22 12:40:58 - [MESSAGE][PASSED] - Tapped on element 'Object Repository/Simulasi Kredit/Simulasi Kredit - Asuransi/Asuransi_LOV Nama Asuransi'

2019-10-22 12:40:58 - [TEST_STEP][PASSED] - tap(findTestObject("Simulasi Kredit/Simulasi Kredit - Asuransi/Asuransi_KDWilayah"), 0): Tapped on element 'Object Repository/Simulasi Kredit/Simulasi Kredit - Asuransi/Asuransi_KDWilayah'

2019-10-22 12:40:58 - [MESSAGE][WARNING] - Timeout '0' is invalid. Using default page load timeout: '30'

2019-10-22 12:41:00 - [MESSAGE][PASSED] - Tapped on element 'Object Repository/Simulasi Kredit/Simulasi Kredit - Asuransi/Asuransi_KDWilayah'

2019-10-22 12:41:00 - [TEST_STEP][PASSED] - tap(findTestObject("dynamic object/pickListItem_checkedTextView", ["text":varKodeWilayah]), 0): Tapped on element 'Object Repository/dynamic object/pickListItem_checkedTextView'

2019-10-22 12:41:00 - [MESSAGE][WARNING] - Timeout '0' is invalid. Using default page load timeout: '30'

2019-10-22 12:41:02 - [MESSAGE][PASSED] - Tapped on element 'Object Repository/dynamic object/pickListItem_checkedTextView'

2019-10-22 12:41:02 - [TEST_STEP][PASSED] - mobile.mobileSwipe.UpDown(0.8, 0.4, 1000): mobile.mobileSwipe.UpDown is PASSED

2019-10-22 12:41:03 - [MESSAGE][PASSED] - Current device physical height is 2131

2019-10-22 12:41:03 - [MESSAGE][INFO] - Device Height : 2131

2019-10-22 12:41:04 - [MESSAGE][PASSED] - Current device physical width is 1080

2019-10-22 12:41:04 - [MESSAGE][INFO] - Device Width : 1080

2019-10-22 12:41:04 - [MESSAGE][INFO] - Swipe start at Height : 1704

2019-10-22 12:41:04 - [MESSAGE][INFO] - Swipe end at Height : 852

2019-10-22 12:41:04 - [MESSAGE][INFO] - X Position : 1000

2019-10-22 12:41:06 - [MESSAGE][PASSED] - Swiped from 1,000,1,704 to 1,000,852

2019-10-22 12:41:06 - [MESSAGE][PASSED] - mobile.mobileSwipe.UpDown is PASSED

2019-10-22 12:41:06 - [TEST_STEP][PASSED] - if (varPembayaranAsuransi == "AR"): Tapped on element 'Object Repository/Simulasi Kredit/Simulasi Kredit - Asuransi/asuransi_BtnCashPlus'

2019-10-22 12:41:06 - [TEST_STEP][PASSED] - tap(findTestObject("Simulasi Kredit/Simulasi Kredit - Asuransi/asuransi_BtnARPlus"), 0): Tapped on element 'Object Repository/Simulasi Kredit/Simulasi Kredit - Asuransi/asuransi_BtnARPlus'

2019-10-22 12:41:06 - [MESSAGE][WARNING] - Timeout '0' is invalid. Using default page load timeout: '30'

2019-10-22 12:41:08 - [MESSAGE][PASSED] - Tapped on element 'Object Repository/Simulasi Kredit/Simulasi Kredit - Asuransi/asuransi_BtnARPlus'

2019-10-22 12:41:08 - [TEST_STEP][PASSED] - tap(findTestObject("Simulasi Kredit/Simulasi Kredit - Asuransi/asuransi_BtnCashPlus"), 0): Tapped on element 'Object Repository/Simulasi Kredit/Simulasi Kredit - Asuransi/asuransi_BtnCashPlus'

2019-10-22 12:41:08 - [MESSAGE][WARNING] - Timeout '0' is invalid. Using default page load timeout: '30'

2019-10-22 12:41:10 - [MESSAGE][PASSED] - Tapped on element 'Object Repository/Simulasi Kredit/Simulasi Kredit - Asuransi/asuransi_BtnCashPlus'

2019-10-22 12:41:10 - [TEST_STEP][PASSED] - delay(2, STOP_ON_FAILURE): Delayed 2 second(s)

2019-10-22 12:41:12 - [MESSAGE][PASSED] - Delayed 2 second(s)

2019-10-22 12:41:12 - [TEST_STEP][PASSED] - mobile.mobileSwipe.UpDown(0.8, 0.4, 1000): mobile.mobileSwipe.UpDown is PASSED

2019-10-22 12:41:13 - [MESSAGE][PASSED] - Current device physical height is 2131

2019-10-22 12:41:14 - [MESSAGE][INFO] - Device Height : 2131

2019-10-22 12:41:14 - [MESSAGE][PASSED] - Current device physical width is 1080

2019-10-22 12:41:15 - [MESSAGE][INFO] - Device Width : 1080

2019-10-22 12:41:15 - [MESSAGE][INFO] - Swipe start at Height : 1704

2019-10-22 12:41:15 - [MESSAGE][INFO] - Swipe end at Height : 852

2019-10-22 12:41:15 - [MESSAGE][INFO] - X Position : 1000

2019-10-22 12:41:17 - [MESSAGE][PASSED] - Swiped from 1,000,1,704 to 1,000,852

2019-10-22 12:41:17 - [MESSAGE][PASSED] - mobile.mobileSwipe.UpDown is PASSED

2019-10-22 12:41:17 - [TEST_STEP][PASSED] - tap(findTestObject("Simulasi Kredit/Simulasi Kredit - Asuransi/Asuransi_Hitung"), 0): Tapped on element 'Object Repository/Simulasi Kredit/Simulasi Kredit - Asuransi/Asuransi_Hitung'

2019-10-22 12:41:17 - [MESSAGE][WARNING] - Timeout '0' is invalid. Using default page load timeout: '30'

2019-10-22 12:41:20 - [MESSAGE][PASSED] - Tapped on element 'Object Repository/Simulasi Kredit/Simulasi Kredit - Asuransi/Asuransi_Hitung'

2019-10-22 12:41:20 - [TEST_STEP][PASSED] - verifyElementVisible(findTestObject("Simulasi Kredit/TxtBerhasilMelakukanPerhitungan"), 60, OPTIONAL): Element 'Object Repository/Simulasi Kredit/TxtBerhasilMelakukanPerhitungan' is visible

2019-10-22 12:41:41 - [MESSAGE][PASSED] - Element 'Object Repository/Simulasi Kredit/TxtBerhasilMelakukanPerhitungan' is visible

2019-10-22 12:41:41 - [TEST_STEP][PASSED] - tap(findTestObject("Simulasi Kredit/Simulasi Kredit - Asuransi/Asuransi_Berikutnya"), 0): Tapped on element 'Object Repository/Simulasi Kredit/Simulasi Kredit - Asuransi/Asuransi_Berikutnya'

2019-10-22 12:41:41 - [MESSAGE][WARNING] - Timeout '0' is invalid. Using default page load timeout: '30'

2019-10-22 12:41:44 - [MESSAGE][PASSED] - Tapped on element 'Object Repository/Simulasi Kredit/Simulasi Kredit - Asuransi/Asuransi_Berikutnya'

2019-10-22 12:41:44 - [MESSAGE][PASSED] - Call Test Case 'Test Cases/Data Entry/Simulasi Kredit/Simulasi Kredit - Asuransi/MASTER FLOW/TC_Asuransi - MASTER FLOW' successfully

2019-10-22 12:41:44 - [TEST_STEP][PASSED] - callTestCase(findTestCase("Data Entry/Simulasi Kredit/Kategori Loan/MASTER FLOW/TC_Kategori Loan - Master FLOW"), ["varTipeAplikasi":"CF", "varTipePelanggan":"personal", "varObjekPembiayaan":"PB", "varTujuanPembiayaan":"produktif", "varJaminanPembiayaan":"MOBIL", ... ], STOP_ON_FAILURE): Call Test Case 'Test Cases/Data Entry/Simulasi Kredit/Kategori Loan/MASTER FLOW/TC_Kategori Loan - Master FLOW' successfully

2019-10-22 12:41:44 - [TEST_CASE][PASSED] - Test Cases/Data Entry/Simulasi Kredit/Kategori Loan/MASTER FLOW/TC_Kategori Loan - Master FLOW: Test Cases/Data Entry/Simulasi Kredit/Kategori Loan/MASTER FLOW/TC_Kategori Loan - Master FLOW

2019-10-22 12:41:44 - [TEST_STEP][PASSED] - if (varTipeAplikasi == "CF"): Tapped on element 'Object Repository/Simulasi Kredit/Simulasi Kredit - Kategori Loan/KategoriLoan_TipeApp CF'

2019-10-22 12:41:44 - [TEST_STEP][PASSED] - tap(findTestObject("Simulasi Kredit/Simulasi Kredit - Kategori Loan/KategoriLoan_TipeApp CF"), 0): Tapped on element 'Object Repository/Simulasi Kredit/Simulasi Kredit - Kategori Loan/KategoriLoan_TipeApp CF'

2019-10-22 12:41:44 - [MESSAGE][WARNING] - Timeout '0' is invalid. Using default page load timeout: '30'

2019-10-22 12:41:46 - [MESSAGE][PASSED] - Tapped on element 'Object Repository/Simulasi Kredit/Simulasi Kredit - Kategori Loan/KategoriLoan_TipeApp CF'

2019-10-22 12:41:46 - [TEST_STEP][PASSED] - delay(2, STOP_ON_FAILURE): Delayed 2 second(s)

2019-10-22 12:41:48 - [MESSAGE][PASSED] - Delayed 2 second(s)

2019-10-22 12:41:48 - [TEST_STEP][PASSED] - if (varTipePelanggan == "personal"): Tapped on element 'Object Repository/Simulasi Kredit/Simulasi Kredit - Kategori Loan/KategoriLoan_TipePlgn Personal'

2019-10-22 12:41:48 - [TEST_STEP][PASSED] - tap(findTestObject("Simulasi Kredit/Simulasi Kredit - Kategori Loan/KategoriLoan_TipePlgn Personal"), 0): Tapped on element 'Object Repository/Simulasi Kredit/Simulasi Kredit - Kategori Loan/KategoriLoan_TipePlgn Personal'

2019-10-22 12:41:48 - [MESSAGE][WARNING] - Timeout '0' is invalid. Using default page load timeout: '30'

2019-10-22 12:41:50 - [MESSAGE][PASSED] - Tapped on element 'Object Repository/Simulasi Kredit/Simulasi Kredit - Kategori Loan/KategoriLoan_TipePlgn Personal'

2019-10-22 12:41:50 - [TEST_STEP][PASSED] - if (varObjekPembiayaan == "PB"): Tapped on element 'Object Repository/Simulasi Kredit/Simulasi Kredit - Kategori Loan/KategoriLoan_ObjekPembiayaan PB'

2019-10-22 12:41:50 - [TEST_STEP][PASSED] - tap(findTestObject("Simulasi Kredit/Simulasi Kredit - Kategori Loan/KategoriLoan_ObjekPembiayaan PB"), 0): Tapped on element 'Object Repository/Simulasi Kredit/Simulasi Kredit - Kategori Loan/KategoriLoan_ObjekPembiayaan PB'

2019-10-22 12:41:50 - [MESSAGE][WARNING] - Timeout '0' is invalid. Using default page load timeout: '30'

2019-10-22 12:41:52 - [MESSAGE][PASSED] - Tapped on element 'Object Repository/Simulasi Kredit/Simulasi Kredit - Kategori Loan/KategoriLoan_ObjekPembiayaan PB'

2019-10-22 12:41:52 - [TEST_STEP][PASSED] - if (varTujuanPembiayaan == "produktif"): Tapped on element 'Object Repository/Simulasi Kredit/Simulasi Kredit - Kategori Loan/KategoriLoan_Tujuan Produktif'

2019-10-22 12:41:52 - [TEST_STEP][PASSED] - tap(findTestObject("Simulasi Kredit/Simulasi Kredit - Kategori Loan/KategoriLoan_Tujuan Produktif"), 0): Tapped on element 'Object Repository/Simulasi Kredit/Simulasi Kredit - Kategori Loan/KategoriLoan_Tujuan Produktif'

2019-10-22 12:41:52 - [MESSAGE][WARNING] - Timeout '0' is invalid. Using default page load timeout: '30'

2019-10-22 12:41:54 - [MESSAGE][PASSED] - Tapped on element 'Object Repository/Simulasi Kredit/Simulasi Kredit - Kategori Loan/KategoriLoan_Tujuan Produktif'

2019-10-22 12:41:54 - [TEST_STEP][PASSED] - delay(3, STOP_ON_FAILURE): Delayed 3 second(s)

2019-10-22 12:41:57 - [MESSAGE][PASSED] - Delayed 3 second(s)

2019-10-22 12:41:57 - [TEST_STEP][NOT_RUN] - tap(findTestObject("Simulasi Kredit/Simulasi Kredit - Kategori Loan/Simulasi Kredit-Kategori loan - jaminan pembiayaan"), 0, OPTIONAL): NOT_RUN: tap(findTestObject("Simulasi Kredit/Simulasi Kredit - Kategori Loan/Simulasi Kredit-Kategori loan - jaminan pembiayaan"), 0, OPTIONAL)

2019-10-22 12:41:57 - [MESSAGE][NOT_RUN] - NOT_RUN: tap(findTestObject("Simulasi Kredit/Simulasi Kredit - Kategori Loan/Simulasi Kredit-Kategori loan - jaminan pembiayaan"), 0, OPTIONAL)

2019-10-22 12:41:57 - [TEST_STEP][NOT_RUN] - tap(findTestObject("dynamic object/pickListItem_checkedTextView", ["text":varJaminanPembiayaan]), 0, OPTIONAL): NOT_RUN: tap(findTestObject("dynamic object/pickListItem_checkedTextView", ["text":varJaminanPembiayaan]), 0, OPTIONAL)

2019-10-22 12:41:57 - [MESSAGE][NOT_RUN] - NOT_RUN: tap(findTestObject("dynamic object/pickListItem_checkedTextView", ["text":varJaminanPembiayaan]), 0, OPTIONAL)

2019-10-22 12:41:57 - [TEST_STEP][PASSED] - switch (varOpsiNPWP.toString()): null

2019-10-22 12:41:57 - [TEST_STEP][PASSED] - case "Approval":: null

2019-10-22 12:41:57 - [TEST_STEP][PASSED] - tap(findTestObject("Simulasi Kredit/Simulasi Kredit - Kategori Loan/KategoriLoan_Opsi NPWP Approval"), 0): Tapped on element 'Object Repository/Simulasi Kredit/Simulasi Kredit - Kategori Loan/KategoriLoan_Opsi NPWP Approval'

2019-10-22 12:41:57 - [MESSAGE][WARNING] - Timeout '0' is invalid. Using default page load timeout: '30'

2019-10-22 12:41:59 - [MESSAGE][PASSED] - Tapped on element 'Object Repository/Simulasi Kredit/Simulasi Kredit - Kategori Loan/KategoriLoan_Opsi NPWP Approval'

2019-10-22 12:41:59 - [TEST_STEP][PASSED] - break: null

2019-10-22 12:41:59 - [TEST_STEP][PASSED] - delay(2, STOP_ON_FAILURE): Delayed 2 second(s)

2019-10-22 12:42:01 - [MESSAGE][PASSED] - Delayed 2 second(s)

2019-10-22 12:42:01 - [TEST_STEP][PASSED] - tap(findTestObject("Simulasi Kredit/Simulasi Kredit - Kategori Loan/KategoriLoan_Berikutnya"), 0): Tapped on element 'Object Repository/Simulasi Kredit/Simulasi Kredit - Kategori Loan/KategoriLoan_Berikutnya'

2019-10-22 12:42:01 - [MESSAGE][WARNING] - Timeout '0' is invalid. Using default page load timeout: '30'

2019-10-22 12:42:03 - [MESSAGE][PASSED] - Tapped on element 'Object Repository/Simulasi Kredit/Simulasi Kredit - Kategori Loan/KategoriLoan_Berikutnya'

2019-10-22 12:42:03 - [MESSAGE][PASSED] - Call Test Case 'Test Cases/Data Entry/Simulasi Kredit/Kategori Loan/MASTER FLOW/TC_Kategori Loan - Master FLOW' successfully

2019-10-22 12:42:03 - [TEST_STEP][PASSED] - callTestCase(findTestCase("Data Entry/Simulasi Kredit/Loan Detail/MASTER FLOW/TC_Loan Detail - MASTER FLOW"), ["varTipeAngsuran":varTipeAngsuran], STOP_ON_FAILURE): Call Test Case 'Test Cases/Data Entry/Simulasi Kredit/Loan Detail/MASTER FLOW/TC_Loan Detail - MASTER FLOW' successfully

2019-10-22 12:42:03 - [TEST_CASE][PASSED] - Test Cases/Data Entry/Simulasi Kredit/Loan Detail/MASTER FLOW/TC_Loan Detail - MASTER FLOW: Test Cases/Data Entry/Simulasi Kredit/Loan Detail/MASTER FLOW/TC_Loan Detail - MASTER FLOW

2019-10-22 12:42:03 - [TEST_STEP][PASSED] - mobile.mobileSwipe.RightLeft(0.9, 0.5, 600): mobile.mobileSwipe.RightLeft is PASSED

2019-10-22 12:42:05 - [MESSAGE][PASSED] - Current device physical width is 1080

2019-10-22 12:42:06 - [MESSAGE][PASSED] - Current device physical height is 2131

2019-10-22 12:42:06 - [MESSAGE][INFO] - Device Height : 2131

2019-10-22 12:42:06 - [MESSAGE][INFO] - Device Width : 1080

2019-10-22 12:42:06 - [MESSAGE][INFO] - Swipe start at Width : 971

2019-10-22 12:42:06 - [MESSAGE][INFO] - Swipe end at Witdh : 540

2019-10-22 12:42:06 - [MESSAGE][INFO] - Y Position : 600

2019-10-22 12:42:08 - [MESSAGE][PASSED] - Swiped from 971,600 to 540,600

2019-10-22 12:42:08 - [MESSAGE][PASSED] - mobile.mobileSwipe.RightLeft is PASSED

2019-10-22 12:42:08 - [TEST_STEP][PASSED] - delay(3, STOP_ON_FAILURE): Delayed 3 second(s)

2019-10-22 12:42:11 - [MESSAGE][PASSED] - Delayed 3 second(s)

2019-10-22 12:42:11 - [TEST_STEP][PASSED] - if (varTipeAngsuran == "regular"): Tapped on element 'Object Repository/Simulasi Kredit/Simulasi Kredit - Loan Detail/LoanDetail_Regular'

2019-10-22 12:42:11 - [TEST_STEP][PASSED] - tap(findTestObject("Simulasi Kredit/Simulasi Kredit - Loan Detail/LoanDetail_Regular"), 0): Tapped on element 'Object Repository/Simulasi Kredit/Simulasi Kredit - Loan Detail/LoanDetail_Regular'

2019-10-22 12:42:11 - [MESSAGE][WARNING] - Timeout '0' is invalid. Using default page load timeout: '30'

2019-10-22 12:42:13 - [MESSAGE][PASSED] - Tapped on element 'Object Repository/Simulasi Kredit/Simulasi Kredit - Loan Detail/LoanDetail_Regular'

2019-10-22 12:42:13 - [TEST_STEP][PASSED] - mobile.mobileSwipe.UpDown(0.8, 0.4, 1000): mobile.mobileSwipe.UpDown is PASSED

2019-10-22 12:42:14 - [MESSAGE][PASSED] - Current device physical height is 2131

2019-10-22 12:42:14 - [MESSAGE][INFO] - Device Height : 2131

2019-10-22 12:42:15 - [MESSAGE][PASSED] - Current device physical width is 1080

2019-10-22 12:42:15 - [MESSAGE][INFO] - Device Width : 1080

2019-10-22 12:42:15 - [MESSAGE][INFO] - Swipe start at Height : 1704

2019-10-22 12:42:15 - [MESSAGE][INFO] - Swipe end at Height : 852

2019-10-22 12:42:15 - [MESSAGE][INFO] - X Position : 1000

2019-10-22 12:42:17 - [MESSAGE][PASSED] - Swiped from 1,000,1,704 to 1,000,852

2019-10-22 12:42:17 - [MESSAGE][PASSED] - mobile.mobileSwipe.UpDown is PASSED

2019-10-22 12:42:17 - [TEST_STEP][PASSED] - delay(7, STOP_ON_FAILURE): Delayed 7 second(s)

2019-10-22 12:42:24 - [MESSAGE][PASSED] - Delayed 7 second(s)

2019-10-22 12:42:24 - [TEST_STEP][PASSED] - tap(findTestObject("Simulasi Kredit/Simulasi Kredit - Loan Detail/LoanDetail_Hitung"), 0): Tapped on element 'Object Repository/Simulasi Kredit/Simulasi Kredit - Loan Detail/LoanDetail_Hitung'

2019-10-22 12:42:25 - [MESSAGE][WARNING] - Timeout '0' is invalid. Using default page load timeout: '30'

2019-10-22 12:42:27 - [MESSAGE][PASSED] - Tapped on element 'Object Repository/Simulasi Kredit/Simulasi Kredit - Loan Detail/LoanDetail_Hitung'

2019-10-22 12:42:27 - [TEST_STEP][PASSED] - verifyElementVisible(findTestObject("Simulasi Kredit/TxtBerhasilMelakukanPerhitungan"), 60, OPTIONAL): Element 'Object Repository/Simulasi Kredit/TxtBerhasilMelakukanPerhitungan' is visible

2019-10-22 12:42:30 - [MESSAGE][PASSED] - Element 'Object Repository/Simulasi Kredit/TxtBerhasilMelakukanPerhitungan' is visible

2019-10-22 12:42:30 - [TEST_STEP][PASSED] - tap(findTestObject("Simulasi Kredit/Simulasi Kredit - Loan Detail/LoanDetail_Berikutnya"), 0): Tapped on element 'Object Repository/Simulasi Kredit/Simulasi Kredit - Loan Detail/LoanDetail_Berikutnya'

2019-10-22 12:42:30 - [MESSAGE][WARNING] - Timeout '0' is invalid. Using default page load timeout: '30'

2019-10-22 12:42:32 - [MESSAGE][PASSED] - Tapped on element 'Object Repository/Simulasi Kredit/Simulasi Kredit - Loan Detail/LoanDetail_Berikutnya'

2019-10-22 12:42:32 - [TEST_STEP][PASSED] - delay(5, STOP_ON_FAILURE): Delayed 5 second(s)

2019-10-22 12:42:37 - [MESSAGE][PASSED] - Delayed 5 second(s)

2019-10-22 12:42:37 - [TEST_STEP][PASSED] - tap(findTestObject("Simulasi Kredit/Simulasi Kredit - Loan Detail/LoanDetail_Berikutnya"), 0): Tapped on element 'Object Repository/Simulasi Kredit/Simulasi Kredit - Loan Detail/LoanDetail_Berikutnya'

2019-10-22 12:42:37 - [MESSAGE][WARNING] - Timeout '0' is invalid. Using default page load timeout: '30'

2019-10-22 12:42:40 - [MESSAGE][PASSED] - Tapped on element 'Object Repository/Simulasi Kredit/Simulasi Kredit - Loan Detail/LoanDetail_Berikutnya'

2019-10-22 12:42:40 - [TEST_STEP][PASSED] - delay(5, STOP_ON_FAILURE): Delayed 5 second(s)

2019-10-22 12:42:45 - [MESSAGE][PASSED] - Delayed 5 second(s)

2019-10-22 12:42:45 - [MESSAGE][PASSED] - Call Test Case 'Test Cases/Data Entry/Simulasi Kredit/Loan Detail/MASTER FLOW/TC_Loan Detail - MASTER FLOW' successfully

2019-10-22 12:42:45 - [TEST_STEP][PASSED] - if (varUploadBorrower == "Y"): Call Test Case 'Test Cases/Data Entry/Upload Document/Borrower/MASTER FLOW/TC_Upload Document - borrower - MASTER FLOW' successfully

2019-10-22 12:42:45 - [TEST_STEP][PASSED] - callTestCase(findTestCase("Data Entry/Upload Document/Borrower/MASTER FLOW/TC_Upload Document - borrower - MASTER FLOW"), ["Borrower_varKTP":Borrower_varKTP, "Borrower_varSelfie":Borrower_varSelfie, "Borrower_varWefie":Borrower_varWefie, "Borrower_varKartuKeluarga":Borrower_varKartuKeluarga, ... ], STOP_ON_FAILURE): Call Test Case 'Test Cases/Data Entry/Upload Document/Borrower/MASTER FLOW/TC_Upload Document - borrower - MASTER FLOW' successfully

2019-10-22 12:42:45 - [TEST_CASE][PASSED] - Test Cases/Data Entry/Upload Document/Borrower/MASTER FLOW/TC_Upload Document - borrower - MASTER FLOW: Test Cases/Data Entry/Upload Document/Borrower/MASTER FLOW/TC_Upload Document - borrower - MASTER FLOW

2019-10-22 12:42:45 - [TEST_STEP][PASSED] - if (Borrower_varUploadKTP == "Y"): Delayed 3 second(s)

2019-10-22 12:42:45 - [TEST_STEP][PASSED] - tap(findTestObject("Upload Document/Upload Document - Item Upload/UnggahDokumen_BtnKTP"), 0): Tapped on element 'Object Repository/Upload Document/Upload Document - Item Upload/UnggahDokumen_BtnKTP'

2019-10-22 12:42:45 - [MESSAGE][WARNING] - Timeout '0' is invalid. Using default page load timeout: '30'

2019-10-22 12:42:47 - [MESSAGE][PASSED] - Tapped on element 'Object Repository/Upload Document/Upload Document - Item Upload/UnggahDokumen_BtnKTP'

2019-10-22 12:42:47 - [TEST_STEP][PASSED] - tap(findTestObject("Upload Document/Upload Document - Item Upload/UnggahDokumen_BtnGallery"), 0): Tapped on element 'Object Repository/Upload Document/Upload Document - Item Upload/UnggahDokumen_BtnGallery'

2019-10-22 12:42:47 - [MESSAGE][WARNING] - Timeout '0' is invalid. Using default page load timeout: '30'

2019-10-22 12:42:50 - [MESSAGE][PASSED] - Tapped on element 'Object Repository/Upload Document/Upload Document - Item Upload/UnggahDokumen_BtnGallery'

2019-10-22 12:42:50 - [TEST_STEP][PASSED] - scrollToText(Borrower_varKTP, STOP_ON_FAILURE): Scrolling to text 'abc.jpg' successfully

2019-10-22 12:42:51 - [MESSAGE][PASSED] - Scrolling to text 'abc.jpg' successfully

2019-10-22 12:42:51 - [TEST_STEP][PASSED] - tap(findTestObject("dynamic object/pickListItem_TextView", ["text":Borrower_varKTP]), 0): Tapped on element 'Object Repository/dynamic object/pickListItem_TextView'

2019-10-22 12:42:51 - [MESSAGE][WARNING] - Timeout '0' is invalid. Using default page load timeout: '30'

2019-10-22 12:42:53 - [MESSAGE][PASSED] - Tapped on element 'Object Repository/dynamic object/pickListItem_TextView'

2019-10-22 12:42:53 - [TEST_STEP][PASSED] - delay(3, STOP_ON_FAILURE): Delayed 3 second(s)

2019-10-22 12:42:56 - [MESSAGE][PASSED] - Delayed 3 second(s)

2019-10-22 12:42:56 - [TEST_STEP][PASSED] - if (Borrower_varUploadSelfie == "Y"): null

2019-10-22 12:42:56 - [TEST_STEP][PASSED] - if (Borrower_varWefie == "Y"): null

2019-10-22 12:42:56 - [TEST_STEP][PASSED] - if (Borrower_varKartuKeluarga == "Y"): null

2019-10-22 12:42:56 - [TEST_STEP][PASSED] - if (Borrower_varUploadSim == "Y"): null

2019-10-22 12:42:56 - [TEST_STEP][PASSED] - if (Borrower_varUploadNPWP == "Y"): null

2019-10-22 12:42:56 - [TEST_STEP][PASSED] - if (Borrower_varUploadSTNK == "Y"): null

2019-10-22 12:42:56 - [TEST_STEP][PASSED] - if (Borrower_varUploadSlipGaji == "Y"): null

2019-10-22 12:42:56 - [MESSAGE][PASSED] - Call Test Case 'Test Cases/Data Entry/Upload Document/Borrower/MASTER FLOW/TC_Upload Document - borrower - MASTER FLOW' successfully

2019-10-22 12:42:56 - [TEST_STEP][PASSED] - if (varUploadCoborrower == "Y"): null

2019-10-22 12:42:56 - [TEST_STEP][PASSED] - if (varUploadGuarantor == "Y"): null

2019-10-22 12:42:56 - [TEST_STEP][PASSED] - if (varUploadSales == "Y"): null

2019-10-22 12:42:56 - [TEST_STEP][PASSED] - mobile.mobileSwipe.RightLeft(0.9, 0.5, 1000): mobile.mobileSwipe.RightLeft is PASSED

2019-10-22 12:42:57 - [MESSAGE][PASSED] - Current device physical width is 1080

2019-10-22 12:42:58 - [MESSAGE][PASSED] - Current device physical height is 2131

2019-10-22 12:42:58 - [MESSAGE][INFO] - Device Height : 2131

2019-10-22 12:42:58 - [MESSAGE][INFO] - Device Width : 1080

2019-10-22 12:42:58 - [MESSAGE][INFO] - Swipe start at Width : 971

2019-10-22 12:42:58 - [MESSAGE][INFO] - Swipe end at Witdh : 540

2019-10-22 12:42:58 - [MESSAGE][INFO] - Y Position : 1000

2019-10-22 12:43:01 - [MESSAGE][PASSED] - Swiped from 971,1,000 to 540,1,000

2019-10-22 12:43:01 - [MESSAGE][PASSED] - mobile.mobileSwipe.RightLeft is PASSED

2019-10-22 12:43:01 - [TEST_STEP][PASSED] - waitForElementPresent(findTestObject("dynamic object/BtnBerikutnya"), 0): Element 'Object Repository/dynamic object/BtnBerikutnya' is present

2019-10-22 12:43:01 - [MESSAGE][WARNING] - Timeout '0' is invalid. Using default page load timeout: '30'

2019-10-22 12:43:02 - [MESSAGE][PASSED] - Element 'Object Repository/dynamic object/BtnBerikutnya' is present

2019-10-22 12:43:02 - [TEST_STEP][PASSED] - tap(findTestObject("dynamic object/BtnBerikutnya"), 0): Tapped on element 'Object Repository/dynamic object/BtnBerikutnya'

2019-10-22 12:43:03 - [MESSAGE][WARNING] - Timeout '0' is invalid. Using default page load timeout: '30'

2019-10-22 12:43:04 - [MESSAGE][PASSED] - Tapped on element 'Object Repository/dynamic object/BtnBerikutnya'

2019-10-22 12:43:04 - [TEST_STEP][FAILED] - callTestCase(findTestCase("Data Entry/Borrower/Flow Borrower"), ["BvarPekerjaanTab":BvarPekerjaanTab, "BvarUsahaTab":BvarUsahaTab, "BIvarTahun":BIvarTahun, "BIvarNoKTP":BIvarNoKTP, "BIvarNamaSesuaiIdentitas":BIvarNamaSesuaiIdentitas, ... ], STOP_ON_FAILURE): Unable to call Test Case 'Test Cases/Data Entry/Borrower/Flow Borrower' (Root cause: com.kms.katalon.core.exception.StepFailedException: Call Test Case 'Test Cases/Data Entry/Borrower/Flow Borrower' failed
	at com.kms.katalon.core.keyword.builtin.CallTestCaseKeyword$_callTestCase_closure1.doCall(CallTestCaseKeyword.groovy:63)
	at com.kms.katalon.core.keyword.builtin.CallTestCaseKeyword$_callTestCase_closure1.call(CallTestCaseKeyword.groovy)
	at com.kms.katalon.core.keyword.internal.KeywordMain.runKeyword(KeywordMain.groovy:68)
	at com.kms.katalon.core.keyword.builtin.CallTestCaseKeyword.callTestCase(CallTestCaseKeyword.groovy:81)
	at com.kms.katalon.core.keyword.builtin.CallTestCaseKeyword.execute(CallTestCaseKeyword.groovy:44)
	at com.kms.katalon.core.keyword.internal.KeywordExecutor.executeKeywordForPlatform(KeywordExecutor.groovy:60)
	at com.kms.katalon.core.keyword.BuiltinKeywords.callTestCase(BuiltinKeywords.groovy:334)
	at TC_Data Entry.run(TC_Data Entry:84)
	at com.kms.katalon.core.main.ScriptEngine.run(ScriptEngine.java:194)
	at com.kms.katalon.core.main.ScriptEngine.runScriptAsRawText(ScriptEngine.java:119)
	at com.kms.katalon.core.main.TestCaseExecutor.runScript(TestCaseExecutor.java:337)
	at com.kms.katalon.core.main.TestCaseExecutor.doExecute(TestCaseExecutor.java:328)
	at com.kms.katalon.core.main.TestCaseExecutor.processExecutionPhase(TestCaseExecutor.java:307)
	at com.kms.katalon.core.main.TestCaseExecutor.accessMainPhase(TestCaseExecutor.java:299)
	at com.kms.katalon.core.main.TestCaseExecutor.execute(TestCaseExecutor.java:233)
	at com.kms.katalon.core.main.TestSuiteExecutor.accessTestCaseMainPhase(TestSuiteExecutor.java:169)
	at com.kms.katalon.core.main.TestSuiteExecutor.accessTestSuiteMainPhase(TestSuiteExecutor.java:142)
	at com.kms.katalon.core.main.TestSuiteExecutor.execute(TestSuiteExecutor.java:91)
	at com.kms.katalon.core.main.TestCaseMain.startTestSuite(TestCaseMain.java:157)
	at com.kms.katalon.core.main.TestCaseMain$startTestSuite$0.call(Unknown Source)
	at TempTestSuite1571720266263.run(TempTestSuite1571720266263.groovy:36)
Caused by: com.kms.katalon.core.exception.StepFailedException: Call Test Case 'Test Cases/Data Entry/Borrower/Borrower - Identitas/MASTER FLOW/TC_Borrower - Identitas - MASTER FLOW' failed
	at com.kms.katalon.core.keyword.builtin.CallTestCaseKeyword$_callTestCase_closure1.doCall(CallTestCaseKeyword.groovy:63)
	at com.kms.katalon.core.keyword.builtin.CallTestCaseKeyword$_callTestCase_closure1.call(CallTestCaseKeyword.groovy)
	at com.kms.katalon.core.keyword.internal.KeywordMain.runKeyword(KeywordMain.groovy:68)
	at com.kms.katalon.core.keyword.builtin.CallTestCaseKeyword.callTestCase(CallTestCaseKeyword.groovy:81)
	at com.kms.katalon.core.keyword.builtin.CallTestCaseKeyword.execute(CallTestCaseKeyword.groovy:44)
	at com.kms.katalon.core.keyword.internal.KeywordExecutor.executeKeywordForPlatform(KeywordExecutor.groovy:60)
	at com.kms.katalon.core.keyword.BuiltinKeywords.callTestCase(BuiltinKeywords.groovy:334)
	at Flow Borrower.run(Flow Borrower:16)
	at com.kms.katalon.core.main.ScriptEngine.run(ScriptEngine.java:194)
	at com.kms.katalon.core.main.ScriptEngine.runScriptAsRawText(ScriptEngine.java:119)
	at com.kms.katalon.core.main.TestCaseExecutor.runScript(TestCaseExecutor.java:337)
	at com.kms.katalon.core.main.TestCaseExecutor.doExecute(TestCaseExecutor.java:328)
	at com.kms.katalon.core.main.TestCaseExecutor.processExecutionPhase(TestCaseExecutor.java:307)
	at com.kms.katalon.core.main.TestCaseExecutor.accessMainPhase(TestCaseExecutor.java:299)
	at com.kms.katalon.core.main.TestCaseExecutor.execute(TestCaseExecutor.java:233)
	at com.kms.katalon.core.main.TestCaseMain.runTestCase(TestCaseMain.java:114)
	at com.kms.katalon.core.keyword.builtin.CallTestCaseKeyword$_callTestCase_closure1.doCall(CallTestCaseKeyword.groovy:59)
	... 20 more
Caused by: com.kms.katalon.core.exception.StepFailedException: Object Object Repository/Borrower/Borrower - Identitas/Borrower-Identitas-WNI not found
	at com.kms.katalon.core.keyword.internal.KeywordMain.stepFailed(KeywordMain.groovy:50)
	at com.kms.katalon.core.mobile.keyword.internal.MobileKeywordMain.stepFailed(MobileKeywordMain.groovy:40)
	at com.kms.katalon.core.mobile.keyword.builtin.TapKeyword$_tap_closure1.doCall(TapKeyword.groovy:79)
	at com.kms.katalon.core.mobile.keyword.builtin.TapKeyword$_tap_closure1.call(TapKeyword.groovy)
	at com.kms.katalon.core.mobile.keyword.internal.MobileKeywordMain.runKeyword(MobileKeywordMain.groovy:21)
	at com.kms.katalon.core.mobile.keyword.builtin.TapKeyword.tap(TapKeyword.groovy:86)
	at com.kms.katalon.core.mobile.keyword.builtin.TapKeyword.execute(TapKeyword.groovy:68)
	at com.kms.katalon.core.keyword.internal.KeywordExecutor.executeKeywordForPlatform(KeywordExecutor.groovy:60)
	at com.kms.katalon.core.mobile.keyword.MobileBuiltInKeywords.tap(MobileBuiltInKeywords.groovy:520)
	at com.kms.katalon.core.mobile.keyword.MobileBuiltInKeywords$tap$1.call(Unknown Source)
	at TC_Borrower - Identitas - MASTER FLOW.run(TC_Borrower - Identitas - MASTER FLOW:19)
	at com.kms.katalon.core.main.ScriptEngine.run(ScriptEngine.java:194)
	at com.kms.katalon.core.main.ScriptEngine.runScriptAsRawText(ScriptEngine.java:119)
	at com.kms.katalon.core.main.TestCaseExecutor.runScript(TestCaseExecutor.java:337)
	at com.kms.katalon.core.main.TestCaseExecutor.doExecute(TestCaseExecutor.java:328)
	at com.kms.katalon.core.main.TestCaseExecutor.processExecutionPhase(TestCaseExecutor.java:307)
	at com.kms.katalon.core.main.TestCaseExecutor.accessMainPhase(TestCaseExecutor.java:299)
	at com.kms.katalon.core.main.TestCaseExecutor.execute(TestCaseExecutor.java:233)
	at com.kms.katalon.core.main.TestCaseMain.runTestCase(TestCaseMain.java:114)
	at com.kms.katalon.core.keyword.builtin.CallTestCaseKeyword$_callTestCase_closure1.doCall(CallTestCaseKeyword.groovy:59)
	... 36 more
)

2019-10-22 12:43:04 - [TEST_CASE][FAILED] - Test Cases/Data Entry/Borrower/Flow Borrower: Test Cases/Data Entry/Borrower/Flow Borrower FAILED.
Reason:
com.kms.katalon.core.exception.StepFailedException: Call Test Case 'Test Cases/Data Entry/Borrower/Borrower - Identitas/MASTER FLOW/TC_Borrower - Identitas - MASTER FLOW' failed
	at com.kms.katalon.core.keyword.builtin.CallTestCaseKeyword$_callTestCase_closure1.doCall(CallTestCaseKeyword.groovy:63)
	at com.kms.katalon.core.keyword.builtin.CallTestCaseKeyword$_callTestCase_closure1.call(CallTestCaseKeyword.groovy)
	at com.kms.katalon.core.keyword.internal.KeywordMain.runKeyword(KeywordMain.groovy:68)
	at com.kms.katalon.core.keyword.builtin.CallTestCaseKeyword.callTestCase(CallTestCaseKeyword.groovy:81)
	at com.kms.katalon.core.keyword.builtin.CallTestCaseKeyword.execute(CallTestCaseKeyword.groovy:44)
	at com.kms.katalon.core.keyword.internal.KeywordExecutor.executeKeywordForPlatform(KeywordExecutor.groovy:60)
	at com.kms.katalon.core.keyword.BuiltinKeywords.callTestCase(BuiltinKeywords.groovy:334)
	at Flow Borrower.run(Flow Borrower:16)
	at com.kms.katalon.core.main.ScriptEngine.run(ScriptEngine.java:194)
	at com.kms.katalon.core.main.ScriptEngine.runScriptAsRawText(ScriptEngine.java:119)
	at com.kms.katalon.core.main.TestCaseExecutor.runScript(TestCaseExecutor.java:337)
	at com.kms.katalon.core.main.TestCaseExecutor.doExecute(TestCaseExecutor.java:328)
	at com.kms.katalon.core.main.TestCaseExecutor.processExecutionPhase(TestCaseExecutor.java:307)
	at com.kms.katalon.core.main.TestCaseExecutor.accessMainPhase(TestCaseExecutor.java:299)
	at com.kms.katalon.core.main.TestCaseExecutor.execute(TestCaseExecutor.java:233)
	at com.kms.katalon.core.main.TestCaseMain.runTestCase(TestCaseMain.java:114)
	at com.kms.katalon.core.keyword.builtin.CallTestCaseKeyword$_callTestCase_closure1.doCall(CallTestCaseKeyword.groovy:59)
	at com.kms.katalon.core.keyword.builtin.CallTestCaseKeyword$_callTestCase_closure1.call(CallTestCaseKeyword.groovy)
	at com.kms.katalon.core.keyword.internal.KeywordMain.runKeyword(KeywordMain.groovy:68)
	at com.kms.katalon.core.keyword.builtin.CallTestCaseKeyword.callTestCase(CallTestCaseKeyword.groovy:81)
	at com.kms.katalon.core.keyword.builtin.CallTestCaseKeyword.execute(CallTestCaseKeyword.groovy:44)
	at com.kms.katalon.core.keyword.internal.KeywordExecutor.executeKeywordForPlatform(KeywordExecutor.groovy:60)
	at com.kms.katalon.core.keyword.BuiltinKeywords.callTestCase(BuiltinKeywords.groovy:334)
	at TC_Data Entry.run(TC_Data Entry:84)
	at com.kms.katalon.core.main.ScriptEngine.run(ScriptEngine.java:194)
	at com.kms.katalon.core.main.ScriptEngine.runScriptAsRawText(ScriptEngine.java:119)
	at com.kms.katalon.core.main.TestCaseExecutor.runScript(TestCaseExecutor.java:337)
	at com.kms.katalon.core.main.TestCaseExecutor.doExecute(TestCaseExecutor.java:328)
	at com.kms.katalon.core.main.TestCaseExecutor.processExecutionPhase(TestCaseExecutor.java:307)
	at com.kms.katalon.core.main.TestCaseExecutor.accessMainPhase(TestCaseExecutor.java:299)
	at com.kms.katalon.core.main.TestCaseExecutor.execute(TestCaseExecutor.java:233)
	at com.kms.katalon.core.main.TestSuiteExecutor.accessTestCaseMainPhase(TestSuiteExecutor.java:169)
	at com.kms.katalon.core.main.TestSuiteExecutor.accessTestSuiteMainPhase(TestSuiteExecutor.java:142)
	at com.kms.katalon.core.main.TestSuiteExecutor.execute(TestSuiteExecutor.java:91)
	at com.kms.katalon.core.main.TestCaseMain.startTestSuite(TestCaseMain.java:157)
	at com.kms.katalon.core.main.TestCaseMain$startTestSuite$0.call(Unknown Source)
	at TempTestSuite1571720266263.run(TempTestSuite1571720266263.groovy:36)
Caused by: com.kms.katalon.core.exception.StepFailedException: Object Object Repository/Borrower/Borrower - Identitas/Borrower-Identitas-WNI not found
	at com.kms.katalon.core.keyword.internal.KeywordMain.stepFailed(KeywordMain.groovy:50)
	at com.kms.katalon.core.mobile.keyword.internal.MobileKeywordMain.stepFailed(MobileKeywordMain.groovy:40)
	at com.kms.katalon.core.mobile.keyword.builtin.TapKeyword$_tap_closure1.doCall(TapKeyword.groovy:79)
	at com.kms.katalon.core.mobile.keyword.builtin.TapKeyword$_tap_closure1.call(TapKeyword.groovy)
	at com.kms.katalon.core.mobile.keyword.internal.MobileKeywordMain.runKeyword(MobileKeywordMain.groovy:21)
	at com.kms.katalon.core.mobile.keyword.builtin.TapKeyword.tap(TapKeyword.groovy:86)
	at com.kms.katalon.core.mobile.keyword.builtin.TapKeyword.execute(TapKeyword.groovy:68)
	at com.kms.katalon.core.keyword.internal.KeywordExecutor.executeKeywordForPlatform(KeywordExecutor.groovy:60)
	at com.kms.katalon.core.mobile.keyword.MobileBuiltInKeywords.tap(MobileBuiltInKeywords.groovy:520)
	at com.kms.katalon.core.mobile.keyword.MobileBuiltInKeywords$tap$1.call(Unknown Source)
	at TC_Borrower - Identitas - MASTER FLOW.run(TC_Borrower - Identitas - MASTER FLOW:19)
	at com.kms.katalon.core.main.ScriptEngine.run(ScriptEngine.java:194)
	at com.kms.katalon.core.main.ScriptEngine.runScriptAsRawText(ScriptEngine.java:119)
	at com.kms.katalon.core.main.TestCaseExecutor.runScript(TestCaseExecutor.java:337)
	at com.kms.katalon.core.main.TestCaseExecutor.doExecute(TestCaseExecutor.java:328)
	at com.kms.katalon.core.main.TestCaseExecutor.processExecutionPhase(TestCaseExecutor.java:307)
	at com.kms.katalon.core.main.TestCaseExecutor.accessMainPhase(TestCaseExecutor.java:299)
	at com.kms.katalon.core.main.TestCaseExecutor.execute(TestCaseExecutor.java:233)
	at com.kms.katalon.core.main.TestCaseMain.runTestCase(TestCaseMain.java:114)
	at com.kms.katalon.core.keyword.builtin.CallTestCaseKeyword$_callTestCase_closure1.doCall(CallTestCaseKeyword.groovy:59)
	... 36 more


2019-10-22 12:43:04 - [TEST_STEP][FAILED] - callTestCase(findTestCase("Data Entry/Borrower/Borrower - Identitas/MASTER FLOW/TC_Borrower - Identitas - MASTER FLOW"), ["BIvarTahun":BIvarTahun, "BIvarNoKTP":BIvarNoKTP, "BIvarNamaSesuaiIdentitas":BIvarNamaSesuaiIdentitas, "BIvarTempatLahir":BIvarTempatLahir, ... ], STOP_ON_FAILURE): Unable to call Test Case 'Test Cases/Data Entry/Borrower/Borrower - Identitas/MASTER FLOW/TC_Borrower - Identitas - MASTER FLOW' (Root cause: com.kms.katalon.core.exception.StepFailedException: Call Test Case 'Test Cases/Data Entry/Borrower/Borrower - Identitas/MASTER FLOW/TC_Borrower - Identitas - MASTER FLOW' failed
	at com.kms.katalon.core.keyword.builtin.CallTestCaseKeyword$_callTestCase_closure1.doCall(CallTestCaseKeyword.groovy:63)
	at com.kms.katalon.core.keyword.builtin.CallTestCaseKeyword$_callTestCase_closure1.call(CallTestCaseKeyword.groovy)
	at com.kms.katalon.core.keyword.internal.KeywordMain.runKeyword(KeywordMain.groovy:68)
	at com.kms.katalon.core.keyword.builtin.CallTestCaseKeyword.callTestCase(CallTestCaseKeyword.groovy:81)
	at com.kms.katalon.core.keyword.builtin.CallTestCaseKeyword.execute(CallTestCaseKeyword.groovy:44)
	at com.kms.katalon.core.keyword.internal.KeywordExecutor.executeKeywordForPlatform(KeywordExecutor.groovy:60)
	at com.kms.katalon.core.keyword.BuiltinKeywords.callTestCase(BuiltinKeywords.groovy:334)
	at Flow Borrower.run(Flow Borrower:16)
	at com.kms.katalon.core.main.ScriptEngine.run(ScriptEngine.java:194)
	at com.kms.katalon.core.main.ScriptEngine.runScriptAsRawText(ScriptEngine.java:119)
	at com.kms.katalon.core.main.TestCaseExecutor.runScript(TestCaseExecutor.java:337)
	at com.kms.katalon.core.main.TestCaseExecutor.doExecute(TestCaseExecutor.java:328)
	at com.kms.katalon.core.main.TestCaseExecutor.processExecutionPhase(TestCaseExecutor.java:307)
	at com.kms.katalon.core.main.TestCaseExecutor.accessMainPhase(TestCaseExecutor.java:299)
	at com.kms.katalon.core.main.TestCaseExecutor.execute(TestCaseExecutor.java:233)
	at com.kms.katalon.core.main.TestCaseMain.runTestCase(TestCaseMain.java:114)
	at com.kms.katalon.core.keyword.builtin.CallTestCaseKeyword$_callTestCase_closure1.doCall(CallTestCaseKeyword.groovy:59)
	at com.kms.katalon.core.keyword.builtin.CallTestCaseKeyword$_callTestCase_closure1.call(CallTestCaseKeyword.groovy)
	at com.kms.katalon.core.keyword.internal.KeywordMain.runKeyword(KeywordMain.groovy:68)
	at com.kms.katalon.core.keyword.builtin.CallTestCaseKeyword.callTestCase(CallTestCaseKeyword.groovy:81)
	at com.kms.katalon.core.keyword.builtin.CallTestCaseKeyword.execute(CallTestCaseKeyword.groovy:44)
	at com.kms.katalon.core.keyword.internal.KeywordExecutor.executeKeywordForPlatform(KeywordExecutor.groovy:60)
	at com.kms.katalon.core.keyword.BuiltinKeywords.callTestCase(BuiltinKeywords.groovy:334)
	at TC_Data Entry.run(TC_Data Entry:84)
	at com.kms.katalon.core.main.ScriptEngine.run(ScriptEngine.java:194)
	at com.kms.katalon.core.main.ScriptEngine.runScriptAsRawText(ScriptEngine.java:119)
	at com.kms.katalon.core.main.TestCaseExecutor.runScript(TestCaseExecutor.java:337)
	at com.kms.katalon.core.main.TestCaseExecutor.doExecute(TestCaseExecutor.java:328)
	at com.kms.katalon.core.main.TestCaseExecutor.processExecutionPhase(TestCaseExecutor.java:307)
	at com.kms.katalon.core.main.TestCaseExecutor.accessMainPhase(TestCaseExecutor.java:299)
	at com.kms.katalon.core.main.TestCaseExecutor.execute(TestCaseExecutor.java:233)
	at com.kms.katalon.core.main.TestSuiteExecutor.accessTestCaseMainPhase(TestSuiteExecutor.java:169)
	at com.kms.katalon.core.main.TestSuiteExecutor.accessTestSuiteMainPhase(TestSuiteExecutor.java:142)
	at com.kms.katalon.core.main.TestSuiteExecutor.execute(TestSuiteExecutor.java:91)
	at com.kms.katalon.core.main.TestCaseMain.startTestSuite(TestCaseMain.java:157)
	at com.kms.katalon.core.main.TestCaseMain$startTestSuite$0.call(Unknown Source)
	at TempTestSuite1571720266263.run(TempTestSuite1571720266263.groovy:36)
Caused by: com.kms.katalon.core.exception.StepFailedException: Object Object Repository/Borrower/Borrower - Identitas/Borrower-Identitas-WNI not found
	at com.kms.katalon.core.keyword.internal.KeywordMain.stepFailed(KeywordMain.groovy:50)
	at com.kms.katalon.core.mobile.keyword.internal.MobileKeywordMain.stepFailed(MobileKeywordMain.groovy:40)
	at com.kms.katalon.core.mobile.keyword.builtin.TapKeyword$_tap_closure1.doCall(TapKeyword.groovy:79)
	at com.kms.katalon.core.mobile.keyword.builtin.TapKeyword$_tap_closure1.call(TapKeyword.groovy)
	at com.kms.katalon.core.mobile.keyword.internal.MobileKeywordMain.runKeyword(MobileKeywordMain.groovy:21)
	at com.kms.katalon.core.mobile.keyword.builtin.TapKeyword.tap(TapKeyword.groovy:86)
	at com.kms.katalon.core.mobile.keyword.builtin.TapKeyword.execute(TapKeyword.groovy:68)
	at com.kms.katalon.core.keyword.internal.KeywordExecutor.executeKeywordForPlatform(KeywordExecutor.groovy:60)
	at com.kms.katalon.core.mobile.keyword.MobileBuiltInKeywords.tap(MobileBuiltInKeywords.groovy:520)
	at com.kms.katalon.core.mobile.keyword.MobileBuiltInKeywords$tap$1.call(Unknown Source)
	at TC_Borrower - Identitas - MASTER FLOW.run(TC_Borrower - Identitas - MASTER FLOW:19)
	at com.kms.katalon.core.main.ScriptEngine.run(ScriptEngine.java:194)
	at com.kms.katalon.core.main.ScriptEngine.runScriptAsRawText(ScriptEngine.java:119)
	at com.kms.katalon.core.main.TestCaseExecutor.runScript(TestCaseExecutor.java:337)
	at com.kms.katalon.core.main.TestCaseExecutor.doExecute(TestCaseExecutor.java:328)
	at com.kms.katalon.core.main.TestCaseExecutor.processExecutionPhase(TestCaseExecutor.java:307)
	at com.kms.katalon.core.main.TestCaseExecutor.accessMainPhase(TestCaseExecutor.java:299)
	at com.kms.katalon.core.main.TestCaseExecutor.execute(TestCaseExecutor.java:233)
	at com.kms.katalon.core.main.TestCaseMain.runTestCase(TestCaseMain.java:114)
	at com.kms.katalon.core.keyword.builtin.CallTestCaseKeyword$_callTestCase_closure1.doCall(CallTestCaseKeyword.groovy:59)
	... 36 more
)

2019-10-22 12:43:04 - [TEST_CASE][FAILED] - Test Cases/Data Entry/Borrower/Borrower - Identitas/MASTER FLOW/TC_Borrower - Identitas - MASTER FLOW: Test Cases/Data Entry/Borrower/Borrower - Identitas/MASTER FLOW/TC_Borrower - Identitas - MASTER FLOW FAILED.
Reason:
com.kms.katalon.core.exception.StepFailedException: Object Object Repository/Borrower/Borrower - Identitas/Borrower-Identitas-WNI not found
	at com.kms.katalon.core.keyword.internal.KeywordMain.stepFailed(KeywordMain.groovy:50)
	at com.kms.katalon.core.mobile.keyword.internal.MobileKeywordMain.stepFailed(MobileKeywordMain.groovy:40)
	at com.kms.katalon.core.mobile.keyword.builtin.TapKeyword$_tap_closure1.doCall(TapKeyword.groovy:79)
	at com.kms.katalon.core.mobile.keyword.builtin.TapKeyword$_tap_closure1.call(TapKeyword.groovy)
	at com.kms.katalon.core.mobile.keyword.internal.MobileKeywordMain.runKeyword(MobileKeywordMain.groovy:21)
	at com.kms.katalon.core.mobile.keyword.builtin.TapKeyword.tap(TapKeyword.groovy:86)
	at com.kms.katalon.core.mobile.keyword.builtin.TapKeyword.execute(TapKeyword.groovy:68)
	at com.kms.katalon.core.keyword.internal.KeywordExecutor.executeKeywordForPlatform(KeywordExecutor.groovy:60)
	at com.kms.katalon.core.mobile.keyword.MobileBuiltInKeywords.tap(MobileBuiltInKeywords.groovy:520)
	at com.kms.katalon.core.mobile.keyword.MobileBuiltInKeywords$tap$1.call(Unknown Source)
	at TC_Borrower - Identitas - MASTER FLOW.run(TC_Borrower - Identitas - MASTER FLOW:19)
	at com.kms.katalon.core.main.ScriptEngine.run(ScriptEngine.java:194)
	at com.kms.katalon.core.main.ScriptEngine.runScriptAsRawText(ScriptEngine.java:119)
	at com.kms.katalon.core.main.TestCaseExecutor.runScript(TestCaseExecutor.java:337)
	at com.kms.katalon.core.main.TestCaseExecutor.doExecute(TestCaseExecutor.java:328)
	at com.kms.katalon.core.main.TestCaseExecutor.processExecutionPhase(TestCaseExecutor.java:307)
	at com.kms.katalon.core.main.TestCaseExecutor.accessMainPhase(TestCaseExecutor.java:299)
	at com.kms.katalon.core.main.TestCaseExecutor.execute(TestCaseExecutor.java:233)
	at com.kms.katalon.core.main.TestCaseMain.runTestCase(TestCaseMain.java:114)
	at com.kms.katalon.core.keyword.builtin.CallTestCaseKeyword$_callTestCase_closure1.doCall(CallTestCaseKeyword.groovy:59)
	at com.kms.katalon.core.keyword.builtin.CallTestCaseKeyword$_callTestCase_closure1.call(CallTestCaseKeyword.groovy)
	at com.kms.katalon.core.keyword.internal.KeywordMain.runKeyword(KeywordMain.groovy:68)
	at com.kms.katalon.core.keyword.builtin.CallTestCaseKeyword.callTestCase(CallTestCaseKeyword.groovy:81)
	at com.kms.katalon.core.keyword.builtin.CallTestCaseKeyword.execute(CallTestCaseKeyword.groovy:44)
	at com.kms.katalon.core.keyword.internal.KeywordExecutor.executeKeywordForPlatform(KeywordExecutor.groovy:60)
	at com.kms.katalon.core.keyword.BuiltinKeywords.callTestCase(BuiltinKeywords.groovy:334)
	at Flow Borrower.run(Flow Borrower:16)
	at com.kms.katalon.core.main.ScriptEngine.run(ScriptEngine.java:194)
	at com.kms.katalon.core.main.ScriptEngine.runScriptAsRawText(ScriptEngine.java:119)
	at com.kms.katalon.core.main.TestCaseExecutor.runScript(TestCaseExecutor.java:337)
	at com.kms.katalon.core.main.TestCaseExecutor.doExecute(TestCaseExecutor.java:328)
	at com.kms.katalon.core.main.TestCaseExecutor.processExecutionPhase(TestCaseExecutor.java:307)
	at com.kms.katalon.core.main.TestCaseExecutor.accessMainPhase(TestCaseExecutor.java:299)
	at com.kms.katalon.core.main.TestCaseExecutor.execute(TestCaseExecutor.java:233)
	at com.kms.katalon.core.main.TestCaseMain.runTestCase(TestCaseMain.java:114)
	at com.kms.katalon.core.keyword.builtin.CallTestCaseKeyword$_callTestCase_closure1.doCall(CallTestCaseKeyword.groovy:59)
	at com.kms.katalon.core.keyword.builtin.CallTestCaseKeyword$_callTestCase_closure1.call(CallTestCaseKeyword.groovy)
	at com.kms.katalon.core.keyword.internal.KeywordMain.runKeyword(KeywordMain.groovy:68)
	at com.kms.katalon.core.keyword.builtin.CallTestCaseKeyword.callTestCase(CallTestCaseKeyword.groovy:81)
	at com.kms.katalon.core.keyword.builtin.CallTestCaseKeyword.execute(CallTestCaseKeyword.groovy:44)
	at com.kms.katalon.core.keyword.internal.KeywordExecutor.executeKeywordForPlatform(KeywordExecutor.groovy:60)
	at com.kms.katalon.core.keyword.BuiltinKeywords.callTestCase(BuiltinKeywords.groovy:334)
	at TC_Data Entry.run(TC_Data Entry:84)
	at com.kms.katalon.core.main.ScriptEngine.run(ScriptEngine.java:194)
	at com.kms.katalon.core.main.ScriptEngine.runScriptAsRawText(ScriptEngine.java:119)
	at com.kms.katalon.core.main.TestCaseExecutor.runScript(TestCaseExecutor.java:337)
	at com.kms.katalon.core.main.TestCaseExecutor.doExecute(TestCaseExecutor.java:328)
	at com.kms.katalon.core.main.TestCaseExecutor.processExecutionPhase(TestCaseExecutor.java:307)
	at com.kms.katalon.core.main.TestCaseExecutor.accessMainPhase(TestCaseExecutor.java:299)
	at com.kms.katalon.core.main.TestCaseExecutor.execute(TestCaseExecutor.java:233)
	at com.kms.katalon.core.main.TestSuiteExecutor.accessTestCaseMainPhase(TestSuiteExecutor.java:169)
	at com.kms.katalon.core.main.TestSuiteExecutor.accessTestSuiteMainPhase(TestSuiteExecutor.java:142)
	at com.kms.katalon.core.main.TestSuiteExecutor.execute(TestSuiteExecutor.java:91)
	at com.kms.katalon.core.main.TestCaseMain.startTestSuite(TestCaseMain.java:157)
	at com.kms.katalon.core.main.TestCaseMain$startTestSuite$0.call(Unknown Source)
	at TempTestSuite1571720266263.run(TempTestSuite1571720266263.groovy:36)


2019-10-22 12:43:05 - [TEST_STEP][PASSED] - verifyElementVisible(findTestObject("Borrower/Borrower - Identitas/Borrower-Identitas-WNI"), 60, OPTIONAL): Element 'Object Repository/Borrower/Borrower - Identitas/Borrower-Identitas-WNI' not found

2019-10-22 12:44:07 - [MESSAGE][WARNING] - Element 'Object Repository/Borrower/Borrower - Identitas/Borrower-Identitas-WNI' not found
[[ATTACHMENT|C:\\Users\\15421\\git\\ACCMe-Mobile\\Reports\\20191022_115746\\New Test Suite\\20191022_115746\\1571723045411.png]]

2019-10-22 12:44:07 - [TEST_STEP][FAILED] - if (BIvarKewarganegaraan == "WNI"): Failed to tap on element 'Object Repository/Borrower/Borrower - Identitas/Borrower-Identitas-WNI' (Root cause: com.kms.katalon.core.exception.StepFailedException: Object Object Repository/Borrower/Borrower - Identitas/Borrower-Identitas-WNI not found
	at com.kms.katalon.core.keyword.internal.KeywordMain.stepFailed(KeywordMain.groovy:50)
	at com.kms.katalon.core.mobile.keyword.internal.MobileKeywordMain.stepFailed(MobileKeywordMain.groovy:40)
	at com.kms.katalon.core.mobile.keyword.builtin.TapKeyword$_tap_closure1.doCall(TapKeyword.groovy:79)
	at com.kms.katalon.core.mobile.keyword.builtin.TapKeyword$_tap_closure1.call(TapKeyword.groovy)
	at com.kms.katalon.core.mobile.keyword.internal.MobileKeywordMain.runKeyword(MobileKeywordMain.groovy:21)
	at com.kms.katalon.core.mobile.keyword.builtin.TapKeyword.tap(TapKeyword.groovy:86)
	at com.kms.katalon.core.mobile.keyword.builtin.TapKeyword.execute(TapKeyword.groovy:68)
	at com.kms.katalon.core.keyword.internal.KeywordExecutor.executeKeywordForPlatform(KeywordExecutor.groovy:60)
	at com.kms.katalon.core.mobile.keyword.MobileBuiltInKeywords.tap(MobileBuiltInKeywords.groovy:520)
	at com.kms.katalon.core.mobile.keyword.MobileBuiltInKeywords$tap$1.call(Unknown Source)
	at TC_Borrower - Identitas - MASTER FLOW.run(TC_Borrower - Identitas - MASTER FLOW:19)
	at com.kms.katalon.core.main.ScriptEngine.run(ScriptEngine.java:194)
	at com.kms.katalon.core.main.ScriptEngine.runScriptAsRawText(ScriptEngine.java:119)
	at com.kms.katalon.core.main.TestCaseExecutor.runScript(TestCaseExecutor.java:337)
	at com.kms.katalon.core.main.TestCaseExecutor.doExecute(TestCaseExecutor.java:328)
	at com.kms.katalon.core.main.TestCaseExecutor.processExecutionPhase(TestCaseExecutor.java:307)
	at com.kms.katalon.core.main.TestCaseExecutor.accessMainPhase(TestCaseExecutor.java:299)
	at com.kms.katalon.core.main.TestCaseExecutor.execute(TestCaseExecutor.java:233)
	at com.kms.katalon.core.main.TestCaseMain.runTestCase(TestCaseMain.java:114)
	at com.kms.katalon.core.keyword.builtin.CallTestCaseKeyword$_callTestCase_closure1.doCall(CallTestCaseKeyword.groovy:59)
	at com.kms.katalon.core.keyword.builtin.CallTestCaseKeyword$_callTestCase_closure1.call(CallTestCaseKeyword.groovy)
	at com.kms.katalon.core.keyword.internal.KeywordMain.runKeyword(KeywordMain.groovy:68)
	at com.kms.katalon.core.keyword.builtin.CallTestCaseKeyword.callTestCase(CallTestCaseKeyword.groovy:81)
	at com.kms.katalon.core.keyword.builtin.CallTestCaseKeyword.execute(CallTestCaseKeyword.groovy:44)
	at com.kms.katalon.core.keyword.internal.KeywordExecutor.executeKeywordForPlatform(KeywordExecutor.groovy:60)
	at com.kms.katalon.core.keyword.BuiltinKeywords.callTestCase(BuiltinKeywords.groovy:334)
	at Flow Borrower.run(Flow Borrower:16)
	at com.kms.katalon.core.main.ScriptEngine.run(ScriptEngine.java:194)
	at com.kms.katalon.core.main.ScriptEngine.runScriptAsRawText(ScriptEngine.java:119)
	at com.kms.katalon.core.main.TestCaseExecutor.runScript(TestCaseExecutor.java:337)
	at com.kms.katalon.core.main.TestCaseExecutor.doExecute(TestCaseExecutor.java:328)
	at com.kms.katalon.core.main.TestCaseExecutor.processExecutionPhase(TestCaseExecutor.java:307)
	at com.kms.katalon.core.main.TestCaseExecutor.accessMainPhase(TestCaseExecutor.java:299)
	at com.kms.katalon.core.main.TestCaseExecutor.execute(TestCaseExecutor.java:233)
	at com.kms.katalon.core.main.TestCaseMain.runTestCase(TestCaseMain.java:114)
	at com.kms.katalon.core.keyword.builtin.CallTestCaseKeyword$_callTestCase_closure1.doCall(CallTestCaseKeyword.groovy:59)
	at com.kms.katalon.core.keyword.builtin.CallTestCaseKeyword$_callTestCase_closure1.call(CallTestCaseKeyword.groovy)
	at com.kms.katalon.core.keyword.internal.KeywordMain.runKeyword(KeywordMain.groovy:68)
	at com.kms.katalon.core.keyword.builtin.CallTestCaseKeyword.callTestCase(CallTestCaseKeyword.groovy:81)
	at com.kms.katalon.core.keyword.builtin.CallTestCaseKeyword.execute(CallTestCaseKeyword.groovy:44)
	at com.kms.katalon.core.keyword.internal.KeywordExecutor.executeKeywordForPlatform(KeywordExecutor.groovy:60)
	at com.kms.katalon.core.keyword.BuiltinKeywords.callTestCase(BuiltinKeywords.groovy:334)
	at TC_Data Entry.run(TC_Data Entry:84)
	at com.kms.katalon.core.main.ScriptEngine.run(ScriptEngine.java:194)
	at com.kms.katalon.core.main.ScriptEngine.runScriptAsRawText(ScriptEngine.java:119)
	at com.kms.katalon.core.main.TestCaseExecutor.runScript(TestCaseExecutor.java:337)
	at com.kms.katalon.core.main.TestCaseExecutor.doExecute(TestCaseExecutor.java:328)
	at com.kms.katalon.core.main.TestCaseExecutor.processExecutionPhase(TestCaseExecutor.java:307)
	at com.kms.katalon.core.main.TestCaseExecutor.accessMainPhase(TestCaseExecutor.java:299)
	at com.kms.katalon.core.main.TestCaseExecutor.execute(TestCaseExecutor.java:233)
	at com.kms.katalon.core.main.TestSuiteExecutor.accessTestCaseMainPhase(TestSuiteExecutor.java:169)
	at com.kms.katalon.core.main.TestSuiteExecutor.accessTestSuiteMainPhase(TestSuiteExecutor.java:142)
	at com.kms.katalon.core.main.TestSuiteExecutor.execute(TestSuiteExecutor.java:91)
	at com.kms.katalon.core.main.TestCaseMain.startTestSuite(TestCaseMain.java:157)
	at com.kms.katalon.core.main.TestCaseMain$startTestSuite$0.call(Unknown Source)
	at TempTestSuite1571720266263.run(TempTestSuite1571720266263.groovy:36)
)

2019-10-22 12:44:07 - [TEST_STEP][FAILED] - tap(findTestObject("Borrower/Borrower - Identitas/Borrower-Identitas-WNI"), 0): Failed to tap on element 'Object Repository/Borrower/Borrower - Identitas/Borrower-Identitas-WNI' (Root cause: com.kms.katalon.core.exception.StepFailedException: Object Object Repository/Borrower/Borrower - Identitas/Borrower-Identitas-WNI not found
	at com.kms.katalon.core.keyword.internal.KeywordMain.stepFailed(KeywordMain.groovy:50)
	at com.kms.katalon.core.mobile.keyword.internal.MobileKeywordMain.stepFailed(MobileKeywordMain.groovy:40)
	at com.kms.katalon.core.mobile.keyword.builtin.TapKeyword$_tap_closure1.doCall(TapKeyword.groovy:79)
	at com.kms.katalon.core.mobile.keyword.builtin.TapKeyword$_tap_closure1.call(TapKeyword.groovy)
	at com.kms.katalon.core.mobile.keyword.internal.MobileKeywordMain.runKeyword(MobileKeywordMain.groovy:21)
	at com.kms.katalon.core.mobile.keyword.builtin.TapKeyword.tap(TapKeyword.groovy:86)
	at com.kms.katalon.core.mobile.keyword.builtin.TapKeyword.execute(TapKeyword.groovy:68)
	at com.kms.katalon.core.keyword.internal.KeywordExecutor.executeKeywordForPlatform(KeywordExecutor.groovy:60)
	at com.kms.katalon.core.mobile.keyword.MobileBuiltInKeywords.tap(MobileBuiltInKeywords.groovy:520)
	at com.kms.katalon.core.mobile.keyword.MobileBuiltInKeywords$tap$1.call(Unknown Source)
	at TC_Borrower - Identitas - MASTER FLOW.run(TC_Borrower - Identitas - MASTER FLOW:19)
	at com.kms.katalon.core.main.ScriptEngine.run(ScriptEngine.java:194)
	at com.kms.katalon.core.main.ScriptEngine.runScriptAsRawText(ScriptEngine.java:119)
	at com.kms.katalon.core.main.TestCaseExecutor.runScript(TestCaseExecutor.java:337)
	at com.kms.katalon.core.main.TestCaseExecutor.doExecute(TestCaseExecutor.java:328)
	at com.kms.katalon.core.main.TestCaseExecutor.processExecutionPhase(TestCaseExecutor.java:307)
	at com.kms.katalon.core.main.TestCaseExecutor.accessMainPhase(TestCaseExecutor.java:299)
	at com.kms.katalon.core.main.TestCaseExecutor.execute(TestCaseExecutor.java:233)
	at com.kms.katalon.core.main.TestCaseMain.runTestCase(TestCaseMain.java:114)
	at com.kms.katalon.core.keyword.builtin.CallTestCaseKeyword$_callTestCase_closure1.doCall(CallTestCaseKeyword.groovy:59)
	at com.kms.katalon.core.keyword.builtin.CallTestCaseKeyword$_callTestCase_closure1.call(CallTestCaseKeyword.groovy)
	at com.kms.katalon.core.keyword.internal.KeywordMain.runKeyword(KeywordMain.groovy:68)
	at com.kms.katalon.core.keyword.builtin.CallTestCaseKeyword.callTestCase(CallTestCaseKeyword.groovy:81)
	at com.kms.katalon.core.keyword.builtin.CallTestCaseKeyword.execute(CallTestCaseKeyword.groovy:44)
	at com.kms.katalon.core.keyword.internal.KeywordExecutor.executeKeywordForPlatform(KeywordExecutor.groovy:60)
	at com.kms.katalon.core.keyword.BuiltinKeywords.callTestCase(BuiltinKeywords.groovy:334)
	at Flow Borrower.run(Flow Borrower:16)
	at com.kms.katalon.core.main.ScriptEngine.run(ScriptEngine.java:194)
	at com.kms.katalon.core.main.ScriptEngine.runScriptAsRawText(ScriptEngine.java:119)
	at com.kms.katalon.core.main.TestCaseExecutor.runScript(TestCaseExecutor.java:337)
	at com.kms.katalon.core.main.TestCaseExecutor.doExecute(TestCaseExecutor.java:328)
	at com.kms.katalon.core.main.TestCaseExecutor.processExecutionPhase(TestCaseExecutor.java:307)
	at com.kms.katalon.core.main.TestCaseExecutor.accessMainPhase(TestCaseExecutor.java:299)
	at com.kms.katalon.core.main.TestCaseExecutor.execute(TestCaseExecutor.java:233)
	at com.kms.katalon.core.main.TestCaseMain.runTestCase(TestCaseMain.java:114)
	at com.kms.katalon.core.keyword.builtin.CallTestCaseKeyword$_callTestCase_closure1.doCall(CallTestCaseKeyword.groovy:59)
	at com.kms.katalon.core.keyword.builtin.CallTestCaseKeyword$_callTestCase_closure1.call(CallTestCaseKeyword.groovy)
	at com.kms.katalon.core.keyword.internal.KeywordMain.runKeyword(KeywordMain.groovy:68)
	at com.kms.katalon.core.keyword.builtin.CallTestCaseKeyword.callTestCase(CallTestCaseKeyword.groovy:81)
	at com.kms.katalon.core.keyword.builtin.CallTestCaseKeyword.execute(CallTestCaseKeyword.groovy:44)
	at com.kms.katalon.core.keyword.internal.KeywordExecutor.executeKeywordForPlatform(KeywordExecutor.groovy:60)
	at com.kms.katalon.core.keyword.BuiltinKeywords.callTestCase(BuiltinKeywords.groovy:334)
	at TC_Data Entry.run(TC_Data Entry:84)
	at com.kms.katalon.core.main.ScriptEngine.run(ScriptEngine.java:194)
	at com.kms.katalon.core.main.ScriptEngine.runScriptAsRawText(ScriptEngine.java:119)
	at com.kms.katalon.core.main.TestCaseExecutor.runScript(TestCaseExecutor.java:337)
	at com.kms.katalon.core.main.TestCaseExecutor.doExecute(TestCaseExecutor.java:328)
	at com.kms.katalon.core.main.TestCaseExecutor.processExecutionPhase(TestCaseExecutor.java:307)
	at com.kms.katalon.core.main.TestCaseExecutor.accessMainPhase(TestCaseExecutor.java:299)
	at com.kms.katalon.core.main.TestCaseExecutor.execute(TestCaseExecutor.java:233)
	at com.kms.katalon.core.main.TestSuiteExecutor.accessTestCaseMainPhase(TestSuiteExecutor.java:169)
	at com.kms.katalon.core.main.TestSuiteExecutor.accessTestSuiteMainPhase(TestSuiteExecutor.java:142)
	at com.kms.katalon.core.main.TestSuiteExecutor.execute(TestSuiteExecutor.java:91)
	at com.kms.katalon.core.main.TestCaseMain.startTestSuite(TestCaseMain.java:157)
	at com.kms.katalon.core.main.TestCaseMain$startTestSuite$0.call(Unknown Source)
	at TempTestSuite1571720266263.run(TempTestSuite1571720266263.groovy:36)
)

2019-10-22 12:44:07 - [MESSAGE][WARNING] - Timeout '0' is invalid. Using default page load timeout: '30'

2019-10-22 12:44:39 - [MESSAGE][FAILED] - Object Object Repository/Borrower/Borrower - Identitas/Borrower-Identitas-WNI not found
[[ATTACHMENT|C:\\Users\\15421\\git\\ACCMe-Mobile\\Reports\\20191022_115746\\New Test Suite\\20191022_115746\\1571723077528.png]]

2019-10-22 12:44:40 - [MESSAGE][FAILED] - Failed to tap on element 'Object Repository/Borrower/Borrower - Identitas/Borrower-Identitas-WNI' (Root cause: com.kms.katalon.core.exception.StepFailedException: Object Object Repository/Borrower/Borrower - Identitas/Borrower-Identitas-WNI not found
	at com.kms.katalon.core.keyword.internal.KeywordMain.stepFailed(KeywordMain.groovy:50)
	at com.kms.katalon.core.mobile.keyword.internal.MobileKeywordMain.stepFailed(MobileKeywordMain.groovy:40)
	at com.kms.katalon.core.mobile.keyword.builtin.TapKeyword$_tap_closure1.doCall(TapKeyword.groovy:79)
	at com.kms.katalon.core.mobile.keyword.builtin.TapKeyword$_tap_closure1.call(TapKeyword.groovy)
	at com.kms.katalon.core.mobile.keyword.internal.MobileKeywordMain.runKeyword(MobileKeywordMain.groovy:21)
	at com.kms.katalon.core.mobile.keyword.builtin.TapKeyword.tap(TapKeyword.groovy:86)
	at com.kms.katalon.core.mobile.keyword.builtin.TapKeyword.execute(TapKeyword.groovy:68)
	at com.kms.katalon.core.keyword.internal.KeywordExecutor.executeKeywordForPlatform(KeywordExecutor.groovy:60)
	at com.kms.katalon.core.mobile.keyword.MobileBuiltInKeywords.tap(MobileBuiltInKeywords.groovy:520)
	at com.kms.katalon.core.mobile.keyword.MobileBuiltInKeywords$tap$1.call(Unknown Source)
	at TC_Borrower - Identitas - MASTER FLOW.run(TC_Borrower - Identitas - MASTER FLOW:19)
	at com.kms.katalon.core.main.ScriptEngine.run(ScriptEngine.java:194)
	at com.kms.katalon.core.main.ScriptEngine.runScriptAsRawText(ScriptEngine.java:119)
	at com.kms.katalon.core.main.TestCaseExecutor.runScript(TestCaseExecutor.java:337)
	at com.kms.katalon.core.main.TestCaseExecutor.doExecute(TestCaseExecutor.java:328)
	at com.kms.katalon.core.main.TestCaseExecutor.processExecutionPhase(TestCaseExecutor.java:307)
	at com.kms.katalon.core.main.TestCaseExecutor.accessMainPhase(TestCaseExecutor.java:299)
	at com.kms.katalon.core.main.TestCaseExecutor.execute(TestCaseExecutor.java:233)
	at com.kms.katalon.core.main.TestCaseMain.runTestCase(TestCaseMain.java:114)
	at com.kms.katalon.core.keyword.builtin.CallTestCaseKeyword$_callTestCase_closure1.doCall(CallTestCaseKeyword.groovy:59)
	at com.kms.katalon.core.keyword.builtin.CallTestCaseKeyword$_callTestCase_closure1.call(CallTestCaseKeyword.groovy)
	at com.kms.katalon.core.keyword.internal.KeywordMain.runKeyword(KeywordMain.groovy:68)
	at com.kms.katalon.core.keyword.builtin.CallTestCaseKeyword.callTestCase(CallTestCaseKeyword.groovy:81)
	at com.kms.katalon.core.keyword.builtin.CallTestCaseKeyword.execute(CallTestCaseKeyword.groovy:44)
	at com.kms.katalon.core.keyword.internal.KeywordExecutor.executeKeywordForPlatform(KeywordExecutor.groovy:60)
	at com.kms.katalon.core.keyword.BuiltinKeywords.callTestCase(BuiltinKeywords.groovy:334)
	at Flow Borrower.run(Flow Borrower:16)
	at com.kms.katalon.core.main.ScriptEngine.run(ScriptEngine.java:194)
	at com.kms.katalon.core.main.ScriptEngine.runScriptAsRawText(ScriptEngine.java:119)
	at com.kms.katalon.core.main.TestCaseExecutor.runScript(TestCaseExecutor.java:337)
	at com.kms.katalon.core.main.TestCaseExecutor.doExecute(TestCaseExecutor.java:328)
	at com.kms.katalon.core.main.TestCaseExecutor.processExecutionPhase(TestCaseExecutor.java:307)
	at com.kms.katalon.core.main.TestCaseExecutor.accessMainPhase(TestCaseExecutor.java:299)
	at com.kms.katalon.core.main.TestCaseExecutor.execute(TestCaseExecutor.java:233)
	at com.kms.katalon.core.main.TestCaseMain.runTestCase(TestCaseMain.java:114)
	at com.kms.katalon.core.keyword.builtin.CallTestCaseKeyword$_callTestCase_closure1.doCall(CallTestCaseKeyword.groovy:59)
	at com.kms.katalon.core.keyword.builtin.CallTestCaseKeyword$_callTestCase_closure1.call(CallTestCaseKeyword.groovy)
	at com.kms.katalon.core.keyword.internal.KeywordMain.runKeyword(KeywordMain.groovy:68)
	at com.kms.katalon.core.keyword.builtin.CallTestCaseKeyword.callTestCase(CallTestCaseKeyword.groovy:81)
	at com.kms.katalon.core.keyword.builtin.CallTestCaseKeyword.execute(CallTestCaseKeyword.groovy:44)
	at com.kms.katalon.core.keyword.internal.KeywordExecutor.executeKeywordForPlatform(KeywordExecutor.groovy:60)
	at com.kms.katalon.core.keyword.BuiltinKeywords.callTestCase(BuiltinKeywords.groovy:334)
	at TC_Data Entry.run(TC_Data Entry:84)
	at com.kms.katalon.core.main.ScriptEngine.run(ScriptEngine.java:194)
	at com.kms.katalon.core.main.ScriptEngine.runScriptAsRawText(ScriptEngine.java:119)
	at com.kms.katalon.core.main.TestCaseExecutor.runScript(TestCaseExecutor.java:337)
	at com.kms.katalon.core.main.TestCaseExecutor.doExecute(TestCaseExecutor.java:328)
	at com.kms.katalon.core.main.TestCaseExecutor.processExecutionPhase(TestCaseExecutor.java:307)
	at com.kms.katalon.core.main.TestCaseExecutor.accessMainPhase(TestCaseExecutor.java:299)
	at com.kms.katalon.core.main.TestCaseExecutor.execute(TestCaseExecutor.java:233)
	at com.kms.katalon.core.main.TestSuiteExecutor.accessTestCaseMainPhase(TestSuiteExecutor.java:169)
	at com.kms.katalon.core.main.TestSuiteExecutor.accessTestSuiteMainPhase(TestSuiteExecutor.java:142)
	at com.kms.katalon.core.main.TestSuiteExecutor.execute(TestSuiteExecutor.java:91)
	at com.kms.katalon.core.main.TestCaseMain.startTestSuite(TestCaseMain.java:157)
	at com.kms.katalon.core.main.TestCaseMain$startTestSuite$0.call(Unknown Source)
	at TempTestSuite1571720266263.run(TempTestSuite1571720266263.groovy:36)
)
[[ATTACHMENT|C:\\Users\\15421\\git\\ACCMe-Mobile\\Reports\\20191022_115746\\New Test Suite\\20191022_115746\\1571723079144.png]]

2019-10-22 12:44:40 - [MESSAGE][FAILED] - Unable to call Test Case 'Test Cases/Data Entry/Borrower/Borrower - Identitas/MASTER FLOW/TC_Borrower - Identitas - MASTER FLOW' (Root cause: com.kms.katalon.core.exception.StepFailedException: Call Test Case 'Test Cases/Data Entry/Borrower/Borrower - Identitas/MASTER FLOW/TC_Borrower - Identitas - MASTER FLOW' failed
	at com.kms.katalon.core.keyword.builtin.CallTestCaseKeyword$_callTestCase_closure1.doCall(CallTestCaseKeyword.groovy:63)
	at com.kms.katalon.core.keyword.builtin.CallTestCaseKeyword$_callTestCase_closure1.call(CallTestCaseKeyword.groovy)
	at com.kms.katalon.core.keyword.internal.KeywordMain.runKeyword(KeywordMain.groovy:68)
	at com.kms.katalon.core.keyword.builtin.CallTestCaseKeyword.callTestCase(CallTestCaseKeyword.groovy:81)
	at com.kms.katalon.core.keyword.builtin.CallTestCaseKeyword.execute(CallTestCaseKeyword.groovy:44)
	at com.kms.katalon.core.keyword.internal.KeywordExecutor.executeKeywordForPlatform(KeywordExecutor.groovy:60)
	at com.kms.katalon.core.keyword.BuiltinKeywords.callTestCase(BuiltinKeywords.groovy:334)
	at Flow Borrower.run(Flow Borrower:16)
	at com.kms.katalon.core.main.ScriptEngine.run(ScriptEngine.java:194)
	at com.kms.katalon.core.main.ScriptEngine.runScriptAsRawText(ScriptEngine.java:119)
	at com.kms.katalon.core.main.TestCaseExecutor.runScript(TestCaseExecutor.java:337)
	at com.kms.katalon.core.main.TestCaseExecutor.doExecute(TestCaseExecutor.java:328)
	at com.kms.katalon.core.main.TestCaseExecutor.processExecutionPhase(TestCaseExecutor.java:307)
	at com.kms.katalon.core.main.TestCaseExecutor.accessMainPhase(TestCaseExecutor.java:299)
	at com.kms.katalon.core.main.TestCaseExecutor.execute(TestCaseExecutor.java:233)
	at com.kms.katalon.core.main.TestCaseMain.runTestCase(TestCaseMain.java:114)
	at com.kms.katalon.core.keyword.builtin.CallTestCaseKeyword$_callTestCase_closure1.doCall(CallTestCaseKeyword.groovy:59)
	at com.kms.katalon.core.keyword.builtin.CallTestCaseKeyword$_callTestCase_closure1.call(CallTestCaseKeyword.groovy)
	at com.kms.katalon.core.keyword.internal.KeywordMain.runKeyword(KeywordMain.groovy:68)
	at com.kms.katalon.core.keyword.builtin.CallTestCaseKeyword.callTestCase(CallTestCaseKeyword.groovy:81)
	at com.kms.katalon.core.keyword.builtin.CallTestCaseKeyword.execute(CallTestCaseKeyword.groovy:44)
	at com.kms.katalon.core.keyword.internal.KeywordExecutor.executeKeywordForPlatform(KeywordExecutor.groovy:60)
	at com.kms.katalon.core.keyword.BuiltinKeywords.callTestCase(BuiltinKeywords.groovy:334)
	at TC_Data Entry.run(TC_Data Entry:84)
	at com.kms.katalon.core.main.ScriptEngine.run(ScriptEngine.java:194)
	at com.kms.katalon.core.main.ScriptEngine.runScriptAsRawText(ScriptEngine.java:119)
	at com.kms.katalon.core.main.TestCaseExecutor.runScript(TestCaseExecutor.java:337)
	at com.kms.katalon.core.main.TestCaseExecutor.doExecute(TestCaseExecutor.java:328)
	at com.kms.katalon.core.main.TestCaseExecutor.processExecutionPhase(TestCaseExecutor.java:307)
	at com.kms.katalon.core.main.TestCaseExecutor.accessMainPhase(TestCaseExecutor.java:299)
	at com.kms.katalon.core.main.TestCaseExecutor.execute(TestCaseExecutor.java:233)
	at com.kms.katalon.core.main.TestSuiteExecutor.accessTestCaseMainPhase(TestSuiteExecutor.java:169)
	at com.kms.katalon.core.main.TestSuiteExecutor.accessTestSuiteMainPhase(TestSuiteExecutor.java:142)
	at com.kms.katalon.core.main.TestSuiteExecutor.execute(TestSuiteExecutor.java:91)
	at com.kms.katalon.core.main.TestCaseMain.startTestSuite(TestCaseMain.java:157)
	at com.kms.katalon.core.main.TestCaseMain$startTestSuite$0.call(Unknown Source)
	at TempTestSuite1571720266263.run(TempTestSuite1571720266263.groovy:36)
Caused by: com.kms.katalon.core.exception.StepFailedException: Object Object Repository/Borrower/Borrower - Identitas/Borrower-Identitas-WNI not found
	at com.kms.katalon.core.keyword.internal.KeywordMain.stepFailed(KeywordMain.groovy:50)
	at com.kms.katalon.core.mobile.keyword.internal.MobileKeywordMain.stepFailed(MobileKeywordMain.groovy:40)
	at com.kms.katalon.core.mobile.keyword.builtin.TapKeyword$_tap_closure1.doCall(TapKeyword.groovy:79)
	at com.kms.katalon.core.mobile.keyword.builtin.TapKeyword$_tap_closure1.call(TapKeyword.groovy)
	at com.kms.katalon.core.mobile.keyword.internal.MobileKeywordMain.runKeyword(MobileKeywordMain.groovy:21)
	at com.kms.katalon.core.mobile.keyword.builtin.TapKeyword.tap(TapKeyword.groovy:86)
	at com.kms.katalon.core.mobile.keyword.builtin.TapKeyword.execute(TapKeyword.groovy:68)
	at com.kms.katalon.core.keyword.internal.KeywordExecutor.executeKeywordForPlatform(KeywordExecutor.groovy:60)
	at com.kms.katalon.core.mobile.keyword.MobileBuiltInKeywords.tap(MobileBuiltInKeywords.groovy:520)
	at com.kms.katalon.core.mobile.keyword.MobileBuiltInKeywords$tap$1.call(Unknown Source)
	at TC_Borrower - Identitas - MASTER FLOW.run(TC_Borrower - Identitas - MASTER FLOW:19)
	at com.kms.katalon.core.main.ScriptEngine.run(ScriptEngine.java:194)
	at com.kms.katalon.core.main.ScriptEngine.runScriptAsRawText(ScriptEngine.java:119)
	at com.kms.katalon.core.main.TestCaseExecutor.runScript(TestCaseExecutor.java:337)
	at com.kms.katalon.core.main.TestCaseExecutor.doExecute(TestCaseExecutor.java:328)
	at com.kms.katalon.core.main.TestCaseExecutor.processExecutionPhase(TestCaseExecutor.java:307)
	at com.kms.katalon.core.main.TestCaseExecutor.accessMainPhase(TestCaseExecutor.java:299)
	at com.kms.katalon.core.main.TestCaseExecutor.execute(TestCaseExecutor.java:233)
	at com.kms.katalon.core.main.TestCaseMain.runTestCase(TestCaseMain.java:114)
	at com.kms.katalon.core.keyword.builtin.CallTestCaseKeyword$_callTestCase_closure1.doCall(CallTestCaseKeyword.groovy:59)
	... 36 more
)

2019-10-22 12:44:40 - [MESSAGE][FAILED] - Unable to call Test Case 'Test Cases/Data Entry/Borrower/Flow Borrower' (Root cause: com.kms.katalon.core.exception.StepFailedException: Call Test Case 'Test Cases/Data Entry/Borrower/Flow Borrower' failed
	at com.kms.katalon.core.keyword.builtin.CallTestCaseKeyword$_callTestCase_closure1.doCall(CallTestCaseKeyword.groovy:63)
	at com.kms.katalon.core.keyword.builtin.CallTestCaseKeyword$_callTestCase_closure1.call(CallTestCaseKeyword.groovy)
	at com.kms.katalon.core.keyword.internal.KeywordMain.runKeyword(KeywordMain.groovy:68)
	at com.kms.katalon.core.keyword.builtin.CallTestCaseKeyword.callTestCase(CallTestCaseKeyword.groovy:81)
	at com.kms.katalon.core.keyword.builtin.CallTestCaseKeyword.execute(CallTestCaseKeyword.groovy:44)
	at com.kms.katalon.core.keyword.internal.KeywordExecutor.executeKeywordForPlatform(KeywordExecutor.groovy:60)
	at com.kms.katalon.core.keyword.BuiltinKeywords.callTestCase(BuiltinKeywords.groovy:334)
	at TC_Data Entry.run(TC_Data Entry:84)
	at com.kms.katalon.core.main.ScriptEngine.run(ScriptEngine.java:194)
	at com.kms.katalon.core.main.ScriptEngine.runScriptAsRawText(ScriptEngine.java:119)
	at com.kms.katalon.core.main.TestCaseExecutor.runScript(TestCaseExecutor.java:337)
	at com.kms.katalon.core.main.TestCaseExecutor.doExecute(TestCaseExecutor.java:328)
	at com.kms.katalon.core.main.TestCaseExecutor.processExecutionPhase(TestCaseExecutor.java:307)
	at com.kms.katalon.core.main.TestCaseExecutor.accessMainPhase(TestCaseExecutor.java:299)
	at com.kms.katalon.core.main.TestCaseExecutor.execute(TestCaseExecutor.java:233)
	at com.kms.katalon.core.main.TestSuiteExecutor.accessTestCaseMainPhase(TestSuiteExecutor.java:169)
	at com.kms.katalon.core.main.TestSuiteExecutor.accessTestSuiteMainPhase(TestSuiteExecutor.java:142)
	at com.kms.katalon.core.main.TestSuiteExecutor.execute(TestSuiteExecutor.java:91)
	at com.kms.katalon.core.main.TestCaseMain.startTestSuite(TestCaseMain.java:157)
	at com.kms.katalon.core.main.TestCaseMain$startTestSuite$0.call(Unknown Source)
	at TempTestSuite1571720266263.run(TempTestSuite1571720266263.groovy:36)
Caused by: com.kms.katalon.core.exception.StepFailedException: Call Test Case 'Test Cases/Data Entry/Borrower/Borrower - Identitas/MASTER FLOW/TC_Borrower - Identitas - MASTER FLOW' failed
	at com.kms.katalon.core.keyword.builtin.CallTestCaseKeyword$_callTestCase_closure1.doCall(CallTestCaseKeyword.groovy:63)
	at com.kms.katalon.core.keyword.builtin.CallTestCaseKeyword$_callTestCase_closure1.call(CallTestCaseKeyword.groovy)
	at com.kms.katalon.core.keyword.internal.KeywordMain.runKeyword(KeywordMain.groovy:68)
	at com.kms.katalon.core.keyword.builtin.CallTestCaseKeyword.callTestCase(CallTestCaseKeyword.groovy:81)
	at com.kms.katalon.core.keyword.builtin.CallTestCaseKeyword.execute(CallTestCaseKeyword.groovy:44)
	at com.kms.katalon.core.keyword.internal.KeywordExecutor.executeKeywordForPlatform(KeywordExecutor.groovy:60)
	at com.kms.katalon.core.keyword.BuiltinKeywords.callTestCase(BuiltinKeywords.groovy:334)
	at Flow Borrower.run(Flow Borrower:16)
	at com.kms.katalon.core.main.ScriptEngine.run(ScriptEngine.java:194)
	at com.kms.katalon.core.main.ScriptEngine.runScriptAsRawText(ScriptEngine.java:119)
	at com.kms.katalon.core.main.TestCaseExecutor.runScript(TestCaseExecutor.java:337)
	at com.kms.katalon.core.main.TestCaseExecutor.doExecute(TestCaseExecutor.java:328)
	at com.kms.katalon.core.main.TestCaseExecutor.processExecutionPhase(TestCaseExecutor.java:307)
	at com.kms.katalon.core.main.TestCaseExecutor.accessMainPhase(TestCaseExecutor.java:299)
	at com.kms.katalon.core.main.TestCaseExecutor.execute(TestCaseExecutor.java:233)
	at com.kms.katalon.core.main.TestCaseMain.runTestCase(TestCaseMain.java:114)
	at com.kms.katalon.core.keyword.builtin.CallTestCaseKeyword$_callTestCase_closure1.doCall(CallTestCaseKeyword.groovy:59)
	... 20 more
Caused by: com.kms.katalon.core.exception.StepFailedException: Object Object Repository/Borrower/Borrower - Identitas/Borrower-Identitas-WNI not found
	at com.kms.katalon.core.keyword.internal.KeywordMain.stepFailed(KeywordMain.groovy:50)
	at com.kms.katalon.core.mobile.keyword.internal.MobileKeywordMain.stepFailed(MobileKeywordMain.groovy:40)
	at com.kms.katalon.core.mobile.keyword.builtin.TapKeyword$_tap_closure1.doCall(TapKeyword.groovy:79)
	at com.kms.katalon.core.mobile.keyword.builtin.TapKeyword$_tap_closure1.call(TapKeyword.groovy)
	at com.kms.katalon.core.mobile.keyword.internal.MobileKeywordMain.runKeyword(MobileKeywordMain.groovy:21)
	at com.kms.katalon.core.mobile.keyword.builtin.TapKeyword.tap(TapKeyword.groovy:86)
	at com.kms.katalon.core.mobile.keyword.builtin.TapKeyword.execute(TapKeyword.groovy:68)
	at com.kms.katalon.core.keyword.internal.KeywordExecutor.executeKeywordForPlatform(KeywordExecutor.groovy:60)
	at com.kms.katalon.core.mobile.keyword.MobileBuiltInKeywords.tap(MobileBuiltInKeywords.groovy:520)
	at com.kms.katalon.core.mobile.keyword.MobileBuiltInKeywords$tap$1.call(Unknown Source)
	at TC_Borrower - Identitas - MASTER FLOW.run(TC_Borrower - Identitas - MASTER FLOW:19)
	at com.kms.katalon.core.main.ScriptEngine.run(ScriptEngine.java:194)
	at com.kms.katalon.core.main.ScriptEngine.runScriptAsRawText(ScriptEngine.java:119)
	at com.kms.katalon.core.main.TestCaseExecutor.runScript(TestCaseExecutor.java:337)
	at com.kms.katalon.core.main.TestCaseExecutor.doExecute(TestCaseExecutor.java:328)
	at com.kms.katalon.core.main.TestCaseExecutor.processExecutionPhase(TestCaseExecutor.java:307)
	at com.kms.katalon.core.main.TestCaseExecutor.accessMainPhase(TestCaseExecutor.java:299)
	at com.kms.katalon.core.main.TestCaseExecutor.execute(TestCaseExecutor.java:233)
	at com.kms.katalon.core.main.TestCaseMain.runTestCase(TestCaseMain.java:114)
	at com.kms.katalon.core.keyword.builtin.CallTestCaseKeyword$_callTestCase_closure1.doCall(CallTestCaseKeyword.groovy:59)
	... 36 more
)

2019-10-22 12:44:40 - [TEST_STEP][PASSED] - Start listener action : sampleAfterTestCase: Close app successfully

2019-10-22 12:44:40 - [TEST_STEP][PASSED] - getDriver().quit(): null

2019-10-22 12:44:44 - [TEST_STEP][PASSED] - closeApplication(OPTIONAL): Close app successfully

2019-10-22 12:44:44 - [MESSAGE][PASSED] - Close app successfully]]></system-out>
         <system-err><![CDATA[2019-10-22 12:37:50 - [TEST_CASE][FAILED] - Test Cases/Data Entry/TC_Data Entry: Test Cases/Data Entry/TC_Data Entry FAILED.
Reason:
com.kms.katalon.core.exception.StepFailedException: Call Test Case 'Test Cases/Data Entry/Borrower/Flow Borrower' failed
	at com.kms.katalon.core.keyword.builtin.CallTestCaseKeyword$_callTestCase_closure1.doCall(CallTestCaseKeyword.groovy:63)
	at com.kms.katalon.core.keyword.builtin.CallTestCaseKeyword$_callTestCase_closure1.call(CallTestCaseKeyword.groovy)
	at com.kms.katalon.core.keyword.internal.KeywordMain.runKeyword(KeywordMain.groovy:68)
	at com.kms.katalon.core.keyword.builtin.CallTestCaseKeyword.callTestCase(CallTestCaseKeyword.groovy:81)
	at com.kms.katalon.core.keyword.builtin.CallTestCaseKeyword.execute(CallTestCaseKeyword.groovy:44)
	at com.kms.katalon.core.keyword.internal.KeywordExecutor.executeKeywordForPlatform(KeywordExecutor.groovy:60)
	at com.kms.katalon.core.keyword.BuiltinKeywords.callTestCase(BuiltinKeywords.groovy:334)
	at TC_Data Entry.run(TC_Data Entry:84)
	at com.kms.katalon.core.main.ScriptEngine.run(ScriptEngine.java:194)
	at com.kms.katalon.core.main.ScriptEngine.runScriptAsRawText(ScriptEngine.java:119)
	at com.kms.katalon.core.main.TestCaseExecutor.runScript(TestCaseExecutor.java:337)
	at com.kms.katalon.core.main.TestCaseExecutor.doExecute(TestCaseExecutor.java:328)
	at com.kms.katalon.core.main.TestCaseExecutor.processExecutionPhase(TestCaseExecutor.java:307)
	at com.kms.katalon.core.main.TestCaseExecutor.accessMainPhase(TestCaseExecutor.java:299)
	at com.kms.katalon.core.main.TestCaseExecutor.execute(TestCaseExecutor.java:233)
	at com.kms.katalon.core.main.TestSuiteExecutor.accessTestCaseMainPhase(TestSuiteExecutor.java:169)
	at com.kms.katalon.core.main.TestSuiteExecutor.accessTestSuiteMainPhase(TestSuiteExecutor.java:142)
	at com.kms.katalon.core.main.TestSuiteExecutor.execute(TestSuiteExecutor.java:91)
	at com.kms.katalon.core.main.TestCaseMain.startTestSuite(TestCaseMain.java:157)
	at com.kms.katalon.core.main.TestCaseMain$startTestSuite$0.call(Unknown Source)
	at TempTestSuite1571720266263.run(TempTestSuite1571720266263.groovy:36)
Caused by: com.kms.katalon.core.exception.StepFailedException: Call Test Case 'Test Cases/Data Entry/Borrower/Borrower - Identitas/MASTER FLOW/TC_Borrower - Identitas - MASTER FLOW' failed
	at com.kms.katalon.core.keyword.builtin.CallTestCaseKeyword$_callTestCase_closure1.doCall(CallTestCaseKeyword.groovy:63)
	at com.kms.katalon.core.keyword.builtin.CallTestCaseKeyword$_callTestCase_closure1.call(CallTestCaseKeyword.groovy)
	at com.kms.katalon.core.keyword.internal.KeywordMain.runKeyword(KeywordMain.groovy:68)
	at com.kms.katalon.core.keyword.builtin.CallTestCaseKeyword.callTestCase(CallTestCaseKeyword.groovy:81)
	at com.kms.katalon.core.keyword.builtin.CallTestCaseKeyword.execute(CallTestCaseKeyword.groovy:44)
	at com.kms.katalon.core.keyword.internal.KeywordExecutor.executeKeywordForPlatform(KeywordExecutor.groovy:60)
	at com.kms.katalon.core.keyword.BuiltinKeywords.callTestCase(BuiltinKeywords.groovy:334)
	at Flow Borrower.run(Flow Borrower:16)
	at com.kms.katalon.core.main.ScriptEngine.run(ScriptEngine.java:194)
	at com.kms.katalon.core.main.ScriptEngine.runScriptAsRawText(ScriptEngine.java:119)
	at com.kms.katalon.core.main.TestCaseExecutor.runScript(TestCaseExecutor.java:337)
	at com.kms.katalon.core.main.TestCaseExecutor.doExecute(TestCaseExecutor.java:328)
	at com.kms.katalon.core.main.TestCaseExecutor.processExecutionPhase(TestCaseExecutor.java:307)
	at com.kms.katalon.core.main.TestCaseExecutor.accessMainPhase(TestCaseExecutor.java:299)
	at com.kms.katalon.core.main.TestCaseExecutor.execute(TestCaseExecutor.java:233)
	at com.kms.katalon.core.main.TestCaseMain.runTestCase(TestCaseMain.java:114)
	at com.kms.katalon.core.keyword.builtin.CallTestCaseKeyword$_callTestCase_closure1.doCall(CallTestCaseKeyword.groovy:59)
	... 20 more
Caused by: com.kms.katalon.core.exception.StepFailedException: Object Object Repository/Borrower/Borrower - Identitas/Borrower-Identitas-WNI not found
	at com.kms.katalon.core.keyword.internal.KeywordMain.stepFailed(KeywordMain.groovy:50)
	at com.kms.katalon.core.mobile.keyword.internal.MobileKeywordMain.stepFailed(MobileKeywordMain.groovy:40)
	at com.kms.katalon.core.mobile.keyword.builtin.TapKeyword$_tap_closure1.doCall(TapKeyword.groovy:79)
	at com.kms.katalon.core.mobile.keyword.builtin.TapKeyword$_tap_closure1.call(TapKeyword.groovy)
	at com.kms.katalon.core.mobile.keyword.internal.MobileKeywordMain.runKeyword(MobileKeywordMain.groovy:21)
	at com.kms.katalon.core.mobile.keyword.builtin.TapKeyword.tap(TapKeyword.groovy:86)
	at com.kms.katalon.core.mobile.keyword.builtin.TapKeyword.execute(TapKeyword.groovy:68)
	at com.kms.katalon.core.keyword.internal.KeywordExecutor.executeKeywordForPlatform(KeywordExecutor.groovy:60)
	at com.kms.katalon.core.mobile.keyword.MobileBuiltInKeywords.tap(MobileBuiltInKeywords.groovy:520)
	at com.kms.katalon.core.mobile.keyword.MobileBuiltInKeywords$tap$1.call(Unknown Source)
	at TC_Borrower - Identitas - MASTER FLOW.run(TC_Borrower - Identitas - MASTER FLOW:19)
	at com.kms.katalon.core.main.ScriptEngine.run(ScriptEngine.java:194)
	at com.kms.katalon.core.main.ScriptEngine.runScriptAsRawText(ScriptEngine.java:119)
	at com.kms.katalon.core.main.TestCaseExecutor.runScript(TestCaseExecutor.java:337)
	at com.kms.katalon.core.main.TestCaseExecutor.doExecute(TestCaseExecutor.java:328)
	at com.kms.katalon.core.main.TestCaseExecutor.processExecutionPhase(TestCaseExecutor.java:307)
	at com.kms.katalon.core.main.TestCaseExecutor.accessMainPhase(TestCaseExecutor.java:299)
	at com.kms.katalon.core.main.TestCaseExecutor.execute(TestCaseExecutor.java:233)
	at com.kms.katalon.core.main.TestCaseMain.runTestCase(TestCaseMain.java:114)
	at com.kms.katalon.core.keyword.builtin.CallTestCaseKeyword$_callTestCase_closure1.doCall(CallTestCaseKeyword.groovy:59)
	... 36 more]]></system-err>
      </testcase>
      <testcase name="Test Cases/Data Entry/TC_Data Entry" classname="Test Cases/Data Entry/TC_Data Entry" status="ERROR">
         <error type="ERROR" message="Test Cases/Data Entry/TC_Data Entry FAILED.
Reason:
groovy.lang.MissingPropertyException: No such property: varNomorRangka for class: Script1564452084350
	at TC_Data Entry.run(TC_Data Entry:217)
	at com.kms.katalon.core.main.ScriptEngine.run(ScriptEngine.java:194)
	at com.kms.katalon.core.main.ScriptEngine.runScriptAsRawText(ScriptEngine.java:119)
	at com.kms.katalon.core.main.TestCaseExecutor.runScript(TestCaseExecutor.java:337)
	at com.kms.katalon.core.main.TestCaseExecutor.doExecute(TestCaseExecutor.java:328)
	at com.kms.katalon.core.main.TestCaseExecutor.processExecutionPhase(TestCaseExecutor.java:307)
	at com.kms.katalon.core.main.TestCaseExecutor.accessMainPhase(TestCaseExecutor.java:299)
	at com.kms.katalon.core.main.TestCaseExecutor.execute(TestCaseExecutor.java:233)
	at com.kms.katalon.core.main.TestSuiteExecutor.accessTestCaseMainPhase(TestSuiteExecutor.java:169)
	at com.kms.katalon.core.main.TestSuiteExecutor.accessTestSuiteMainPhase(TestSuiteExecutor.java:142)
	at com.kms.katalon.core.main.TestSuiteExecutor.execute(TestSuiteExecutor.java:91)
	at com.kms.katalon.core.main.TestCaseMain.startTestSuite(TestCaseMain.java:157)
	at com.kms.katalon.core.main.TestCaseMain$startTestSuite$0.call(Unknown Source)
	at TempTestSuite1571720266263.run(TempTestSuite1571720266263.groovy:36)
"/>
         <system-out><![CDATA[2019-10-22 12:44:49 - [TEST_CASE][ERROR] - Test Cases/Data Entry/TC_Data Entry: Test Cases/Data Entry/TC_Data Entry FAILED.
Reason:
groovy.lang.MissingPropertyException: No such property: varNomorRangka for class: Script1564452084350
	at TC_Data Entry.run(TC_Data Entry:217)
	at com.kms.katalon.core.main.ScriptEngine.run(ScriptEngine.java:194)
	at com.kms.katalon.core.main.ScriptEngine.runScriptAsRawText(ScriptEngine.java:119)
	at com.kms.katalon.core.main.TestCaseExecutor.runScript(TestCaseExecutor.java:337)
	at com.kms.katalon.core.main.TestCaseExecutor.doExecute(TestCaseExecutor.java:328)
	at com.kms.katalon.core.main.TestCaseExecutor.processExecutionPhase(TestCaseExecutor.java:307)
	at com.kms.katalon.core.main.TestCaseExecutor.accessMainPhase(TestCaseExecutor.java:299)
	at com.kms.katalon.core.main.TestCaseExecutor.execute(TestCaseExecutor.java:233)
	at com.kms.katalon.core.main.TestSuiteExecutor.accessTestCaseMainPhase(TestSuiteExecutor.java:169)
	at com.kms.katalon.core.main.TestSuiteExecutor.accessTestSuiteMainPhase(TestSuiteExecutor.java:142)
	at com.kms.katalon.core.main.TestSuiteExecutor.execute(TestSuiteExecutor.java:91)
	at com.kms.katalon.core.main.TestCaseMain.startTestSuite(TestCaseMain.java:157)
	at com.kms.katalon.core.main.TestCaseMain$startTestSuite$0.call(Unknown Source)
	at TempTestSuite1571720266263.run(TempTestSuite1571720266263.groovy:36)


2019-10-22 12:44:50 - [TEST_STEP][PASSED] - callTestCase(findTestCase("dynamic test case/open application"), [:], STOP_ON_FAILURE): Call Test Case 'Test Cases/dynamic test case/open application' successfully

2019-10-22 12:44:50 - [TEST_CASE][PASSED] - Test Cases/dynamic test case/open application: Test Cases/dynamic test case/open application

2019-10-22 12:44:50 - [TEST_STEP][PASSED] - appPath = relativeToAbsolutePath(apkname, getProjectDir()): null

2019-10-22 12:44:50 - [TEST_STEP][PASSED] - startApplication(appPath, false): Started app at: 'C:\Users\15421\git\ACCMe-Mobile\AccMe.apk'

2019-10-22 12:44:50 - [MESSAGE][INFO] - User set preference: ['unicodeKeyboard', 'true']

2019-10-22 12:44:50 - [MESSAGE][INFO] - User set preference: ['resetKeyboard', 'true']

2019-10-22 12:44:50 - [MESSAGE][INFO] - User set preference: ['appWaitActivity', 'com.*']

2019-10-22 12:44:50 - [MESSAGE][INFO] - User set preference: ['deviceId', '']

2019-10-22 12:45:00 - [MESSAGE][INFO] - Appium server started on port 52,529

2019-10-22 12:45:36 - [MESSAGE][PASSED] - Started app at: 'C:\Users\15421\git\ACCMe-Mobile\AccMe.apk'

2019-10-22 12:45:36 - [TEST_STEP][PASSED] - delay(20, STOP_ON_FAILURE): Delayed 20 second(s)

2019-10-22 12:45:56 - [MESSAGE][PASSED] - Delayed 20 second(s)

2019-10-22 12:45:56 - [MESSAGE][PASSED] - Call Test Case 'Test Cases/dynamic test case/open application' successfully

2019-10-22 12:45:56 - [TEST_STEP][PASSED] - callTestCase(findTestCase("Data Entry/Simulasi Kredit/Simulasi Kredit/MASTER FLOW/TC_Simulasi Kredit - MASTER FLOW"), ["varBrand":varBrand, "varType":varType, "varModel":varModel, "varTahun":varTahun, "varTenor":varTenor, "varOTR":varOTR, "varRP":varRP, ... ], OPTIONAL): Call Test Case 'Test Cases/Data Entry/Simulasi Kredit/Simulasi Kredit/MASTER FLOW/TC_Simulasi Kredit - MASTER FLOW' successfully

2019-10-22 12:45:56 - [TEST_CASE][PASSED] - Test Cases/Data Entry/Simulasi Kredit/Simulasi Kredit/MASTER FLOW/TC_Simulasi Kredit - MASTER FLOW: Test Cases/Data Entry/Simulasi Kredit/Simulasi Kredit/MASTER FLOW/TC_Simulasi Kredit - MASTER FLOW

2019-10-22 12:45:56 - [TEST_STEP][PASSED] - verifyElementVisible(findTestObject("Simulasi Kredit/Simulasi Kredit - Simulasi Kredit/SimulasiKredit_Btn Simulasi Kredit"), 60, OPTIONAL): Element 'Object Repository/Simulasi Kredit/Simulasi Kredit - Simulasi Kredit/SimulasiKredit_Btn Simulasi Kredit' is visible

2019-10-22 12:45:59 - [MESSAGE][PASSED] - Element 'Object Repository/Simulasi Kredit/Simulasi Kredit - Simulasi Kredit/SimulasiKredit_Btn Simulasi Kredit' is visible

2019-10-22 12:45:59 - [TEST_STEP][PASSED] - tap(findTestObject("Simulasi Kredit/Simulasi Kredit - Simulasi Kredit/SimulasiKredit_Btn Simulasi Kredit"), 0): Tapped on element 'Object Repository/Simulasi Kredit/Simulasi Kredit - Simulasi Kredit/SimulasiKredit_Btn Simulasi Kredit'

2019-10-22 12:45:59 - [MESSAGE][WARNING] - Timeout '0' is invalid. Using default page load timeout: '30'

2019-10-22 12:46:02 - [MESSAGE][PASSED] - Tapped on element 'Object Repository/Simulasi Kredit/Simulasi Kredit - Simulasi Kredit/SimulasiKredit_Btn Simulasi Kredit'

2019-10-22 12:46:02 - [TEST_STEP][PASSED] - if (varPembiayaan == "NewCar"): Tapped on element 'Object Repository/Simulasi Kredit/Simulasi Kredit - Simulasi Kredit/SimulasiKredit_new car'

2019-10-22 12:46:02 - [TEST_STEP][PASSED] - tap(findTestObject("Simulasi Kredit/Simulasi Kredit - Simulasi Kredit/SimulasiKredit_new car"), 0): Tapped on element 'Object Repository/Simulasi Kredit/Simulasi Kredit - Simulasi Kredit/SimulasiKredit_new car'

2019-10-22 12:46:02 - [MESSAGE][WARNING] - Timeout '0' is invalid. Using default page load timeout: '30'

2019-10-22 12:46:06 - [MESSAGE][PASSED] - Tapped on element 'Object Repository/Simulasi Kredit/Simulasi Kredit - Simulasi Kredit/SimulasiKredit_new car'

2019-10-22 12:46:06 - [TEST_STEP][PASSED] - if (varTipePembiayaan == "syariah"): null

2019-10-22 12:46:06 - [TEST_STEP][PASSED] - else: Tapped on element 'Object Repository/Simulasi Kredit/Simulasi Kredit - Simulasi Kredit/SimulasiKredit_Konvensional'

2019-10-22 12:46:06 - [TEST_STEP][PASSED] - tap(findTestObject("Simulasi Kredit/Simulasi Kredit - Simulasi Kredit/SimulasiKredit_Konvensional"), 0): Tapped on element 'Object Repository/Simulasi Kredit/Simulasi Kredit - Simulasi Kredit/SimulasiKredit_Konvensional'

2019-10-22 12:46:06 - [MESSAGE][WARNING] - Timeout '0' is invalid. Using default page load timeout: '30'

2019-10-22 12:46:08 - [MESSAGE][PASSED] - Tapped on element 'Object Repository/Simulasi Kredit/Simulasi Kredit - Simulasi Kredit/SimulasiKredit_Konvensional'

2019-10-22 12:46:08 - [TEST_STEP][PASSED] - if (varPaket == "ya"): null

2019-10-22 12:46:08 - [TEST_STEP][PASSED] - setText(findTestObject("Simulasi Kredit/Simulasi Kredit - Simulasi Kredit/SimulasiKredit_Inp Brand"), varBrand, 0): Text 'TOYOTA' has been set to element 'Object Repository/Simulasi Kredit/Simulasi Kredit - Simulasi Kredit/SimulasiKredit_Inp Brand'

2019-10-22 12:46:08 - [MESSAGE][WARNING] - Timeout '0' is invalid. Using default page load timeout: '30'

2019-10-22 12:46:10 - [MESSAGE][PASSED] - Text 'TOYOTA' has been set to element 'Object Repository/Simulasi Kredit/Simulasi Kredit - Simulasi Kredit/SimulasiKredit_Inp Brand'

2019-10-22 12:46:10 - [TEST_STEP][PASSED] - tap(findTestObject("Simulasi Kredit/Simulasi Kredit - Simulasi Kredit/SimulasiKredit_Inp Brand"), 0): Tapped on element 'Object Repository/Simulasi Kredit/Simulasi Kredit - Simulasi Kredit/SimulasiKredit_Inp Brand'

2019-10-22 12:46:10 - [MESSAGE][WARNING] - Timeout '0' is invalid. Using default page load timeout: '30'

2019-10-22 12:46:13 - [MESSAGE][PASSED] - Tapped on element 'Object Repository/Simulasi Kredit/Simulasi Kredit - Simulasi Kredit/SimulasiKredit_Inp Brand'

2019-10-22 12:46:13 - [TEST_STEP][PASSED] - tap(findTestObject("Simulasi Kredit/Simulasi Kredit - Simulasi Kredit/Simulasi Kredit-LOVBrand"), 0): Tapped on element 'Object Repository/Simulasi Kredit/Simulasi Kredit - Simulasi Kredit/Simulasi Kredit-LOVBrand'

2019-10-22 12:46:14 - [MESSAGE][WARNING] - Timeout '0' is invalid. Using default page load timeout: '30'

2019-10-22 12:46:16 - [MESSAGE][PASSED] - Tapped on element 'Object Repository/Simulasi Kredit/Simulasi Kredit - Simulasi Kredit/Simulasi Kredit-LOVBrand'

2019-10-22 12:46:16 - [TEST_STEP][PASSED] - tap(findTestObject("Simulasi Kredit/Simulasi Kredit - Simulasi Kredit/SimulasiKredit_Inp Type"), 0): Tapped on element 'Object Repository/Simulasi Kredit/Simulasi Kredit - Simulasi Kredit/SimulasiKredit_Inp Type'

2019-10-22 12:46:17 - [MESSAGE][WARNING] - Timeout '0' is invalid. Using default page load timeout: '30'

2019-10-22 12:46:19 - [MESSAGE][PASSED] - Tapped on element 'Object Repository/Simulasi Kredit/Simulasi Kredit - Simulasi Kredit/SimulasiKredit_Inp Type'

2019-10-22 12:46:19 - [TEST_STEP][PASSED] - setText(findTestObject("Simulasi Kredit/Simulasi Kredit - Simulasi Kredit/SimulasiKredit_Inp Type"), varType, 0): Text 'AGYA' has been set to element 'Object Repository/Simulasi Kredit/Simulasi Kredit - Simulasi Kredit/SimulasiKredit_Inp Type'

2019-10-22 12:46:20 - [MESSAGE][WARNING] - Timeout '0' is invalid. Using default page load timeout: '30'

2019-10-22 12:46:23 - [MESSAGE][PASSED] - Text 'AGYA' has been set to element 'Object Repository/Simulasi Kredit/Simulasi Kredit - Simulasi Kredit/SimulasiKredit_Inp Type'

2019-10-22 12:46:23 - [TEST_STEP][PASSED] - delay(3): Delayed 3 second(s)

2019-10-22 12:46:26 - [MESSAGE][PASSED] - Delayed 3 second(s)

2019-10-22 12:46:26 - [TEST_STEP][PASSED] - tap(findTestObject("Simulasi Kredit/Simulasi Kredit - Simulasi Kredit/SimulasiKredit_Inp Type"), 0): Tapped on element 'Object Repository/Simulasi Kredit/Simulasi Kredit - Simulasi Kredit/SimulasiKredit_Inp Type'

2019-10-22 12:46:26 - [MESSAGE][WARNING] - Timeout '0' is invalid. Using default page load timeout: '30'

2019-10-22 12:46:28 - [MESSAGE][PASSED] - Tapped on element 'Object Repository/Simulasi Kredit/Simulasi Kredit - Simulasi Kredit/SimulasiKredit_Inp Type'

2019-10-22 12:46:28 - [TEST_STEP][PASSED] - tap(findTestObject("Simulasi Kredit/Simulasi Kredit - Simulasi Kredit/SimulasiKredit_Inp Type LOV"), 0): Tapped on element 'Object Repository/Simulasi Kredit/Simulasi Kredit - Simulasi Kredit/SimulasiKredit_Inp Type LOV'

2019-10-22 12:46:28 - [MESSAGE][WARNING] - Timeout '0' is invalid. Using default page load timeout: '30'

2019-10-22 12:46:31 - [MESSAGE][PASSED] - Tapped on element 'Object Repository/Simulasi Kredit/Simulasi Kredit - Simulasi Kredit/SimulasiKredit_Inp Type LOV'

2019-10-22 12:46:31 - [TEST_STEP][PASSED] - mobile.mobileSwipe.UpDown(0.8, 0.5, 1000): mobile.mobileSwipe.UpDown is PASSED

2019-10-22 12:46:32 - [MESSAGE][PASSED] - Current device physical height is 2131

2019-10-22 12:46:32 - [MESSAGE][INFO] - Device Height : 2131

2019-10-22 12:46:33 - [MESSAGE][PASSED] - Current device physical width is 1080

2019-10-22 12:46:33 - [MESSAGE][INFO] - Device Width : 1080

2019-10-22 12:46:33 - [MESSAGE][INFO] - Swipe start at Height : 1704

2019-10-22 12:46:33 - [MESSAGE][INFO] - Swipe end at Height : 1065

2019-10-22 12:46:33 - [MESSAGE][INFO] - X Position : 1000

2019-10-22 12:46:36 - [MESSAGE][PASSED] - Swiped from 1,000,1,704 to 1,000,1,065

2019-10-22 12:46:36 - [MESSAGE][PASSED] - mobile.mobileSwipe.UpDown is PASSED

2019-10-22 12:46:36 - [TEST_STEP][PASSED] - tap(findTestObject("Simulasi Kredit/Simulasi Kredit - Simulasi Kredit/SimulasiKredit_Inp Model"), 0): Tapped on element 'Object Repository/Simulasi Kredit/Simulasi Kredit - Simulasi Kredit/SimulasiKredit_Inp Model'

2019-10-22 12:46:36 - [MESSAGE][WARNING] - Timeout '0' is invalid. Using default page load timeout: '30'

2019-10-22 12:46:38 - [MESSAGE][PASSED] - Tapped on element 'Object Repository/Simulasi Kredit/Simulasi Kredit - Simulasi Kredit/SimulasiKredit_Inp Model'

2019-10-22 12:46:38 - [TEST_STEP][PASSED] - scrollToText(varModel, STOP_ON_FAILURE): Scrolling to text '1.0 G M/T - 001' successfully

2019-10-22 12:46:40 - [MESSAGE][PASSED] - Scrolling to text '1.0 G M/T - 001' successfully

2019-10-22 12:46:40 - [TEST_STEP][PASSED] - tap(findTestObject("dynamic object/pickListItem_checkedTextView", ["text":varModel]), 0): Tapped on element 'Object Repository/dynamic object/pickListItem_checkedTextView'

2019-10-22 12:46:40 - [MESSAGE][WARNING] - Timeout '0' is invalid. Using default page load timeout: '30'

2019-10-22 12:46:42 - [MESSAGE][PASSED] - Tapped on element 'Object Repository/dynamic object/pickListItem_checkedTextView'

2019-10-22 12:46:42 - [TEST_STEP][PASSED] - tap(findTestObject("Simulasi Kredit/Simulasi Kredit - Simulasi Kredit/SimulasiKredit_Tahun"), 0): Tapped on element 'Object Repository/Simulasi Kredit/Simulasi Kredit - Simulasi Kredit/SimulasiKredit_Tahun'

2019-10-22 12:46:42 - [MESSAGE][WARNING] - Timeout '0' is invalid. Using default page load timeout: '30'

2019-10-22 12:46:44 - [MESSAGE][PASSED] - Tapped on element 'Object Repository/Simulasi Kredit/Simulasi Kredit - Simulasi Kredit/SimulasiKredit_Tahun'

2019-10-22 12:46:44 - [TEST_STEP][PASSED] - tap(findTestObject("dynamic object/pickListItem_checkedTextView", ["text":varTahun]), 0): Tapped on element 'Object Repository/dynamic object/pickListItem_checkedTextView'

2019-10-22 12:46:44 - [MESSAGE][WARNING] - Timeout '0' is invalid. Using default page load timeout: '30'

2019-10-22 12:46:46 - [MESSAGE][PASSED] - Tapped on element 'Object Repository/dynamic object/pickListItem_checkedTextView'

2019-10-22 12:46:46 - [TEST_STEP][PASSED] - tap(findTestObject("Simulasi Kredit/Simulasi Kredit - Simulasi Kredit/SimulasiKredit_Tenor"), 0): Tapped on element 'Object Repository/Simulasi Kredit/Simulasi Kredit - Simulasi Kredit/SimulasiKredit_Tenor'

2019-10-22 12:46:46 - [MESSAGE][WARNING] - Timeout '0' is invalid. Using default page load timeout: '30'

2019-10-22 12:46:49 - [MESSAGE][PASSED] - Tapped on element 'Object Repository/Simulasi Kredit/Simulasi Kredit - Simulasi Kredit/SimulasiKredit_Tenor'

2019-10-22 12:46:49 - [TEST_STEP][PASSED] - tap(findTestObject("dynamic object/pickListItem_checkedTextView", ["text":varTenor]), 0): Tapped on element 'Object Repository/dynamic object/pickListItem_checkedTextView'

2019-10-22 12:46:49 - [MESSAGE][WARNING] - Timeout '0' is invalid. Using default page load timeout: '30'

2019-10-22 12:46:50 - [MESSAGE][PASSED] - Tapped on element 'Object Repository/dynamic object/pickListItem_checkedTextView'

2019-10-22 12:46:50 - [TEST_STEP][PASSED] - setText(findTestObject("Simulasi Kredit/Simulasi Kredit - Simulasi Kredit/SimulasiKredit_Inp OTR"), varOTR, 0): Text '200000000' has been set to element 'Object Repository/Simulasi Kredit/Simulasi Kredit - Simulasi Kredit/SimulasiKredit_Inp OTR'

2019-10-22 12:46:50 - [MESSAGE][WARNING] - Timeout '0' is invalid. Using default page load timeout: '30'

2019-10-22 12:46:53 - [MESSAGE][PASSED] - Text '200000000' has been set to element 'Object Repository/Simulasi Kredit/Simulasi Kredit - Simulasi Kredit/SimulasiKredit_Inp OTR'

2019-10-22 12:46:53 - [TEST_STEP][PASSED] - if (varADDMdanADDB == "ADDM"): null

2019-10-22 12:46:53 - [TEST_STEP][PASSED] - else: Tapped on element 'Object Repository/Simulasi Kredit/Simulasi Kredit - Simulasi Kredit/SimulasiKredit_Btn ADDB'

2019-10-22 12:46:53 - [TEST_STEP][PASSED] - tap(findTestObject("Simulasi Kredit/Simulasi Kredit - Simulasi Kredit/SimulasiKredit_Btn ADDB"), 0): Tapped on element 'Object Repository/Simulasi Kredit/Simulasi Kredit - Simulasi Kredit/SimulasiKredit_Btn ADDB'

2019-10-22 12:46:53 - [MESSAGE][WARNING] - Timeout '0' is invalid. Using default page load timeout: '30'

2019-10-22 12:46:56 - [MESSAGE][PASSED] - Tapped on element 'Object Repository/Simulasi Kredit/Simulasi Kredit - Simulasi Kredit/SimulasiKredit_Btn ADDB'

2019-10-22 12:46:56 - [TEST_STEP][PASSED] - setText(findTestObject("Simulasi Kredit/Simulasi Kredit - Simulasi Kredit/SimulasiKredit_Inp RP"), varRP, 0): Text '60000000' has been set to element 'Object Repository/Simulasi Kredit/Simulasi Kredit - Simulasi Kredit/SimulasiKredit_Inp RP'

2019-10-22 12:46:56 - [MESSAGE][WARNING] - Timeout '0' is invalid. Using default page load timeout: '30'

2019-10-22 12:46:58 - [MESSAGE][PASSED] - Text '60000000' has been set to element 'Object Repository/Simulasi Kredit/Simulasi Kredit - Simulasi Kredit/SimulasiKredit_Inp RP'

2019-10-22 12:46:58 - [TEST_STEP][PASSED] - if (varACP == "credit"): Tapped on element 'Object Repository/Simulasi Kredit/Simulasi Kredit - Simulasi Kredit/SimulasiKredit_Inp ACP Credit'

2019-10-22 12:46:58 - [TEST_STEP][PASSED] - tap(findTestObject("Simulasi Kredit/Simulasi Kredit - Simulasi Kredit/SimulasiKredit_Inp ACP Credit"), 0): Tapped on element 'Object Repository/Simulasi Kredit/Simulasi Kredit - Simulasi Kredit/SimulasiKredit_Inp ACP Credit'

2019-10-22 12:46:59 - [MESSAGE][WARNING] - Timeout '0' is invalid. Using default page load timeout: '30'

2019-10-22 12:47:01 - [MESSAGE][PASSED] - Tapped on element 'Object Repository/Simulasi Kredit/Simulasi Kredit - Simulasi Kredit/SimulasiKredit_Inp ACP Credit'

2019-10-22 12:47:01 - [TEST_STEP][PASSED] - mobile.mobileSwipe.UpDown(0.5, 0.2, 1000): mobile.mobileSwipe.UpDown is PASSED

2019-10-22 12:47:02 - [MESSAGE][PASSED] - Current device physical height is 2131

2019-10-22 12:47:02 - [MESSAGE][INFO] - Device Height : 2131

2019-10-22 12:47:04 - [MESSAGE][PASSED] - Current device physical width is 1080

2019-10-22 12:47:04 - [MESSAGE][INFO] - Device Width : 1080

2019-10-22 12:47:04 - [MESSAGE][INFO] - Swipe start at Height : 1065

2019-10-22 12:47:04 - [MESSAGE][INFO] - Swipe end at Height : 426

2019-10-22 12:47:04 - [MESSAGE][INFO] - X Position : 1000

2019-10-22 12:47:06 - [MESSAGE][PASSED] - Swiped from 1,000,1,065 to 1,000,426

2019-10-22 12:47:06 - [MESSAGE][PASSED] - mobile.mobileSwipe.UpDown is PASSED

2019-10-22 12:47:06 - [TEST_STEP][PASSED] - setText(findTestObject("Simulasi Kredit/Simulasi Kredit - Simulasi Kredit/SimulasiKredit_Inp Dealer"), varDealer, 0): Text 'AI TSO-JKT TEBET' has been set to element 'Object Repository/Simulasi Kredit/Simulasi Kredit - Simulasi Kredit/SimulasiKredit_Inp Dealer'

2019-10-22 12:47:06 - [MESSAGE][WARNING] - Timeout '0' is invalid. Using default page load timeout: '30'

2019-10-22 12:47:07 - [MESSAGE][PASSED] - Text 'AI TSO-JKT TEBET' has been set to element 'Object Repository/Simulasi Kredit/Simulasi Kredit - Simulasi Kredit/SimulasiKredit_Inp Dealer'

2019-10-22 12:47:07 - [TEST_STEP][PASSED] - tap(findTestObject("Simulasi Kredit/Simulasi Kredit - Simulasi Kredit/SimulasiKredit_Inp Dealer"), 0): Tapped on element 'Object Repository/Simulasi Kredit/Simulasi Kredit - Simulasi Kredit/SimulasiKredit_Inp Dealer'

2019-10-22 12:47:07 - [MESSAGE][WARNING] - Timeout '0' is invalid. Using default page load timeout: '30'

2019-10-22 12:47:11 - [MESSAGE][PASSED] - Tapped on element 'Object Repository/Simulasi Kredit/Simulasi Kredit - Simulasi Kredit/SimulasiKredit_Inp Dealer'

2019-10-22 12:47:11 - [TEST_STEP][PASSED] - clearText(findTestObject("Simulasi Kredit/Simulasi Kredit - Simulasi Kredit/SimulasiKredit_Inp Dealer"), 0): Element 'Object Repository/Simulasi Kredit/Simulasi Kredit - Simulasi Kredit/SimulasiKredit_Inp Dealer' text is cleared

2019-10-22 12:47:11 - [MESSAGE][WARNING] - Timeout '0' is invalid. Using default page load timeout: '30'

2019-10-22 12:47:13 - [MESSAGE][PASSED] - Element 'Object Repository/Simulasi Kredit/Simulasi Kredit - Simulasi Kredit/SimulasiKredit_Inp Dealer' text is cleared

2019-10-22 12:47:13 - [TEST_STEP][PASSED] - setText(findTestObject("Simulasi Kredit/Simulasi Kredit - Simulasi Kredit/SimulasiKredit_Inp Dealer"), varDealer, 0): Text 'AI TSO-JKT TEBET' has been set to element 'Object Repository/Simulasi Kredit/Simulasi Kredit - Simulasi Kredit/SimulasiKredit_Inp Dealer'

2019-10-22 12:47:13 - [MESSAGE][WARNING] - Timeout '0' is invalid. Using default page load timeout: '30'

2019-10-22 12:47:16 - [MESSAGE][PASSED] - Text 'AI TSO-JKT TEBET' has been set to element 'Object Repository/Simulasi Kredit/Simulasi Kredit - Simulasi Kredit/SimulasiKredit_Inp Dealer'

2019-10-22 12:47:16 - [TEST_STEP][PASSED] - delay(4, STOP_ON_FAILURE): Delayed 4 second(s)

2019-10-22 12:47:20 - [MESSAGE][PASSED] - Delayed 4 second(s)

2019-10-22 12:47:20 - [TEST_STEP][PASSED] - tap(findTestObject("Simulasi Kredit/Simulasi Kredit - Simulasi Kredit/SimulasiKredit_LOV Dealer"), 0): Tapped on element 'Object Repository/Simulasi Kredit/Simulasi Kredit - Simulasi Kredit/SimulasiKredit_LOV Dealer'

2019-10-22 12:47:20 - [MESSAGE][WARNING] - Timeout '0' is invalid. Using default page load timeout: '30'

2019-10-22 12:47:24 - [MESSAGE][PASSED] - Tapped on element 'Object Repository/Simulasi Kredit/Simulasi Kredit - Simulasi Kredit/SimulasiKredit_LOV Dealer'

2019-10-22 12:47:24 - [TEST_STEP][NOT_RUN] - setText(findTestObject("Simulasi Kredit/Simulasi Kredit - Simulasi Kredit/SimulasiKredit_Inp Sales Dealer"), varSales, 0): NOT_RUN: setText(findTestObject("Simulasi Kredit/Simulasi Kredit - Simulasi Kredit/SimulasiKredit_Inp Sales Dealer"), varSales, 0)

2019-10-22 12:47:24 - [MESSAGE][NOT_RUN] - NOT_RUN: setText(findTestObject("Simulasi Kredit/Simulasi Kredit - Simulasi Kredit/SimulasiKredit_Inp Sales Dealer"), varSales, 0)

2019-10-22 12:47:24 - [TEST_STEP][PASSED] - tap(findTestObject("Simulasi Kredit/Simulasi Kredit - Simulasi Kredit/SimulasiKredit_Inp Sales Dealer"), 0): Tapped on element 'Object Repository/Simulasi Kredit/Simulasi Kredit - Simulasi Kredit/SimulasiKredit_Inp Sales Dealer'

2019-10-22 12:47:24 - [MESSAGE][WARNING] - Timeout '0' is invalid. Using default page load timeout: '30'

2019-10-22 12:47:28 - [MESSAGE][PASSED] - Tapped on element 'Object Repository/Simulasi Kredit/Simulasi Kredit - Simulasi Kredit/SimulasiKredit_Inp Sales Dealer'

2019-10-22 12:47:28 - [TEST_STEP][PASSED] - tap(findTestObject("Simulasi Kredit/Simulasi Kredit - Simulasi Kredit/SimulasiKredit_LOV Sales Dealer"), 0): Tapped on element 'Object Repository/Simulasi Kredit/Simulasi Kredit - Simulasi Kredit/SimulasiKredit_LOV Sales Dealer'

2019-10-22 12:47:28 - [MESSAGE][WARNING] - Timeout '0' is invalid. Using default page load timeout: '30'

2019-10-22 12:47:32 - [MESSAGE][PASSED] - Tapped on element 'Object Repository/Simulasi Kredit/Simulasi Kredit - Simulasi Kredit/SimulasiKredit_LOV Sales Dealer'

2019-10-22 12:47:32 - [TEST_STEP][PASSED] - tap(findTestObject("Simulasi Kredit/Simulasi Kredit - Simulasi Kredit/SimulasiKredit_Btn Hitung"), 0): Tapped on element 'Object Repository/Simulasi Kredit/Simulasi Kredit - Simulasi Kredit/SimulasiKredit_Btn Hitung'

2019-10-22 12:47:32 - [MESSAGE][WARNING] - Timeout '0' is invalid. Using default page load timeout: '30'

2019-10-22 12:47:36 - [MESSAGE][PASSED] - Tapped on element 'Object Repository/Simulasi Kredit/Simulasi Kredit - Simulasi Kredit/SimulasiKredit_Btn Hitung'

2019-10-22 12:47:36 - [TEST_STEP][PASSED] - verifyElementVisible(findTestObject("Simulasi Kredit/TxtBerhasilMelakukanPerhitungan"), 60, OPTIONAL): Element 'Object Repository/Simulasi Kredit/TxtBerhasilMelakukanPerhitungan' is visible

2019-10-22 12:47:37 - [MESSAGE][PASSED] - Element 'Object Repository/Simulasi Kredit/TxtBerhasilMelakukanPerhitungan' is visible

2019-10-22 12:47:37 - [TEST_STEP][PASSED] - tap(findTestObject("Simulasi Kredit/Simulasi Kredit - Simulasi Kredit/SimulasiKredit_Btn Berikutnya"), 0): Tapped on element 'Object Repository/Simulasi Kredit/Simulasi Kredit - Simulasi Kredit/SimulasiKredit_Btn Berikutnya'

2019-10-22 12:47:37 - [MESSAGE][WARNING] - Timeout '0' is invalid. Using default page load timeout: '30'

2019-10-22 12:47:39 - [MESSAGE][PASSED] - Tapped on element 'Object Repository/Simulasi Kredit/Simulasi Kredit - Simulasi Kredit/SimulasiKredit_Btn Berikutnya'

2019-10-22 12:47:39 - [TEST_STEP][PASSED] - delay(1, STOP_ON_FAILURE): Delayed 1 second(s)

2019-10-22 12:47:40 - [MESSAGE][PASSED] - Delayed 1 second(s)

2019-10-22 12:47:40 - [MESSAGE][PASSED] - Call Test Case 'Test Cases/Data Entry/Simulasi Kredit/Simulasi Kredit/MASTER FLOW/TC_Simulasi Kredit - MASTER FLOW' successfully

2019-10-22 12:47:40 - [TEST_STEP][PASSED] - callTestCase(findTestCase("Data Entry/Simulasi Kredit/Simulasi Kredit - Asuransi/MASTER FLOW/TC_Asuransi - MASTER FLOW"), ["varAsuransi":varAsuransi, "varKodeWilayah":varKodeWilayah, "varTipeAsuransi":varTipeAsuransi, "varPenggunaanUnit":varPenggunaanUnit, ... ], STOP_ON_FAILURE): Call Test Case 'Test Cases/Data Entry/Simulasi Kredit/Simulasi Kredit - Asuransi/MASTER FLOW/TC_Asuransi - MASTER FLOW' successfully

2019-10-22 12:47:40 - [TEST_CASE][PASSED] - Test Cases/Data Entry/Simulasi Kredit/Simulasi Kredit - Asuransi/MASTER FLOW/TC_Asuransi - MASTER FLOW: Test Cases/Data Entry/Simulasi Kredit/Simulasi Kredit - Asuransi/MASTER FLOW/TC_Asuransi - MASTER FLOW

2019-10-22 12:47:40 - [TEST_STEP][PASSED] - delay(2, STOP_ON_FAILURE): Delayed 2 second(s)

2019-10-22 12:47:42 - [MESSAGE][PASSED] - Delayed 2 second(s)

2019-10-22 12:47:42 - [TEST_STEP][PASSED] - if (varTipeAsuransi == "int"): Tapped on element 'Object Repository/Simulasi Kredit/Simulasi Kredit - Asuransi/Asuransi_Tipe Asuransi Int'

2019-10-22 12:47:42 - [TEST_STEP][PASSED] - tap(findTestObject("Simulasi Kredit/Simulasi Kredit - Asuransi/Asuransi_Tipe Asuransi Int"), 0): Tapped on element 'Object Repository/Simulasi Kredit/Simulasi Kredit - Asuransi/Asuransi_Tipe Asuransi Int'

2019-10-22 12:47:42 - [MESSAGE][WARNING] - Timeout '0' is invalid. Using default page load timeout: '30'

2019-10-22 12:47:44 - [MESSAGE][PASSED] - Tapped on element 'Object Repository/Simulasi Kredit/Simulasi Kredit - Asuransi/Asuransi_Tipe Asuransi Int'

2019-10-22 12:47:44 - [TEST_STEP][PASSED] - if (varPenggunaanUnit == "pribadi"): Tapped on element 'Object Repository/Simulasi Kredit/Simulasi Kredit - Asuransi/Asuransi_PenggunaanUnit Prbd'

2019-10-22 12:47:44 - [TEST_STEP][PASSED] - tap(findTestObject("Simulasi Kredit/Simulasi Kredit - Asuransi/Asuransi_PenggunaanUnit Prbd"), 0): Tapped on element 'Object Repository/Simulasi Kredit/Simulasi Kredit - Asuransi/Asuransi_PenggunaanUnit Prbd'

2019-10-22 12:47:44 - [MESSAGE][WARNING] - Timeout '0' is invalid. Using default page load timeout: '30'

2019-10-22 12:47:45 - [MESSAGE][PASSED] - Tapped on element 'Object Repository/Simulasi Kredit/Simulasi Kredit - Asuransi/Asuransi_PenggunaanUnit Prbd'

2019-10-22 12:47:45 - [TEST_STEP][PASSED] - tap(findTestObject("Simulasi Kredit/Simulasi Kredit - Asuransi/Asuransi_Nama Asuransi"), 0): Tapped on element 'Object Repository/Simulasi Kredit/Simulasi Kredit - Asuransi/Asuransi_Nama Asuransi'

2019-10-22 12:47:46 - [MESSAGE][WARNING] - Timeout '0' is invalid. Using default page load timeout: '30'

2019-10-22 12:47:48 - [MESSAGE][PASSED] - Tapped on element 'Object Repository/Simulasi Kredit/Simulasi Kredit - Asuransi/Asuransi_Nama Asuransi'

2019-10-22 12:47:48 - [TEST_STEP][PASSED] - setText(findTestObject("Simulasi Kredit/Simulasi Kredit - Asuransi/Asuransi_Nama Asuransi"), varAsuransi, 0): Text '305001' has been set to element 'Object Repository/Simulasi Kredit/Simulasi Kredit - Asuransi/Asuransi_Nama Asuransi'

2019-10-22 12:47:49 - [MESSAGE][WARNING] - Timeout '0' is invalid. Using default page load timeout: '30'

2019-10-22 12:47:51 - [MESSAGE][PASSED] - Text '305001' has been set to element 'Object Repository/Simulasi Kredit/Simulasi Kredit - Asuransi/Asuransi_Nama Asuransi'

2019-10-22 12:47:51 - [TEST_STEP][PASSED] - tap(findTestObject("Simulasi Kredit/Simulasi Kredit - Asuransi/Asuransi_LOV Nama Asuransi"), 0): Tapped on element 'Object Repository/Simulasi Kredit/Simulasi Kredit - Asuransi/Asuransi_LOV Nama Asuransi'

2019-10-22 12:47:51 - [MESSAGE][WARNING] - Timeout '0' is invalid. Using default page load timeout: '30'

2019-10-22 12:47:55 - [MESSAGE][PASSED] - Tapped on element 'Object Repository/Simulasi Kredit/Simulasi Kredit - Asuransi/Asuransi_LOV Nama Asuransi'

2019-10-22 12:47:55 - [TEST_STEP][PASSED] - tap(findTestObject("Simulasi Kredit/Simulasi Kredit - Asuransi/Asuransi_KDWilayah"), 0): Tapped on element 'Object Repository/Simulasi Kredit/Simulasi Kredit - Asuransi/Asuransi_KDWilayah'

2019-10-22 12:47:55 - [MESSAGE][WARNING] - Timeout '0' is invalid. Using default page load timeout: '30'

2019-10-22 12:47:58 - [MESSAGE][PASSED] - Tapped on element 'Object Repository/Simulasi Kredit/Simulasi Kredit - Asuransi/Asuransi_KDWilayah'

2019-10-22 12:47:58 - [TEST_STEP][PASSED] - tap(findTestObject("dynamic object/pickListItem_checkedTextView", ["text":varKodeWilayah]), 0): Tapped on element 'Object Repository/dynamic object/pickListItem_checkedTextView'

2019-10-22 12:47:58 - [MESSAGE][WARNING] - Timeout '0' is invalid. Using default page load timeout: '30'

2019-10-22 12:47:59 - [MESSAGE][PASSED] - Tapped on element 'Object Repository/dynamic object/pickListItem_checkedTextView'

2019-10-22 12:47:59 - [TEST_STEP][PASSED] - mobile.mobileSwipe.UpDown(0.8, 0.4, 1000): mobile.mobileSwipe.UpDown is PASSED

2019-10-22 12:48:00 - [MESSAGE][PASSED] - Current device physical height is 2131

2019-10-22 12:48:00 - [MESSAGE][INFO] - Device Height : 2131

2019-10-22 12:48:02 - [MESSAGE][PASSED] - Current device physical width is 1080

2019-10-22 12:48:02 - [MESSAGE][INFO] - Device Width : 1080

2019-10-22 12:48:02 - [MESSAGE][INFO] - Swipe start at Height : 1704

2019-10-22 12:48:02 - [MESSAGE][INFO] - Swipe end at Height : 852

2019-10-22 12:48:02 - [MESSAGE][INFO] - X Position : 1000

2019-10-22 12:48:04 - [MESSAGE][PASSED] - Swiped from 1,000,1,704 to 1,000,852

2019-10-22 12:48:04 - [MESSAGE][PASSED] - mobile.mobileSwipe.UpDown is PASSED

2019-10-22 12:48:04 - [TEST_STEP][PASSED] - if (varPembayaranAsuransi == "AR"): Tapped on element 'Object Repository/Simulasi Kredit/Simulasi Kredit - Asuransi/asuransi_BtnCashPlus'

2019-10-22 12:48:04 - [TEST_STEP][PASSED] - tap(findTestObject("Simulasi Kredit/Simulasi Kredit - Asuransi/asuransi_BtnARPlus"), 0): Tapped on element 'Object Repository/Simulasi Kredit/Simulasi Kredit - Asuransi/asuransi_BtnARPlus'

2019-10-22 12:48:04 - [MESSAGE][WARNING] - Timeout '0' is invalid. Using default page load timeout: '30'

2019-10-22 12:48:06 - [MESSAGE][PASSED] - Tapped on element 'Object Repository/Simulasi Kredit/Simulasi Kredit - Asuransi/asuransi_BtnARPlus'

2019-10-22 12:48:06 - [TEST_STEP][PASSED] - tap(findTestObject("Simulasi Kredit/Simulasi Kredit - Asuransi/asuransi_BtnCashPlus"), 0): Tapped on element 'Object Repository/Simulasi Kredit/Simulasi Kredit - Asuransi/asuransi_BtnCashPlus'

2019-10-22 12:48:06 - [MESSAGE][WARNING] - Timeout '0' is invalid. Using default page load timeout: '30'

2019-10-22 12:48:08 - [MESSAGE][PASSED] - Tapped on element 'Object Repository/Simulasi Kredit/Simulasi Kredit - Asuransi/asuransi_BtnCashPlus'

2019-10-22 12:48:08 - [TEST_STEP][PASSED] - delay(2, STOP_ON_FAILURE): Delayed 2 second(s)

2019-10-22 12:48:10 - [MESSAGE][PASSED] - Delayed 2 second(s)

2019-10-22 12:48:10 - [TEST_STEP][PASSED] - mobile.mobileSwipe.UpDown(0.8, 0.4, 1000): mobile.mobileSwipe.UpDown is PASSED

2019-10-22 12:48:11 - [MESSAGE][PASSED] - Current device physical height is 2131

2019-10-22 12:48:11 - [MESSAGE][INFO] - Device Height : 2131

2019-10-22 12:48:12 - [MESSAGE][PASSED] - Current device physical width is 1080

2019-10-22 12:48:12 - [MESSAGE][INFO] - Device Width : 1080

2019-10-22 12:48:12 - [MESSAGE][INFO] - Swipe start at Height : 1704

2019-10-22 12:48:12 - [MESSAGE][INFO] - Swipe end at Height : 852

2019-10-22 12:48:12 - [MESSAGE][INFO] - X Position : 1000

2019-10-22 12:48:14 - [MESSAGE][PASSED] - Swiped from 1,000,1,704 to 1,000,852

2019-10-22 12:48:14 - [MESSAGE][PASSED] - mobile.mobileSwipe.UpDown is PASSED

2019-10-22 12:48:14 - [TEST_STEP][PASSED] - tap(findTestObject("Simulasi Kredit/Simulasi Kredit - Asuransi/Asuransi_Hitung"), 0): Tapped on element 'Object Repository/Simulasi Kredit/Simulasi Kredit - Asuransi/Asuransi_Hitung'

2019-10-22 12:48:15 - [MESSAGE][WARNING] - Timeout '0' is invalid. Using default page load timeout: '30'

2019-10-22 12:48:17 - [MESSAGE][PASSED] - Tapped on element 'Object Repository/Simulasi Kredit/Simulasi Kredit - Asuransi/Asuransi_Hitung'

2019-10-22 12:48:17 - [TEST_STEP][PASSED] - verifyElementVisible(findTestObject("Simulasi Kredit/TxtBerhasilMelakukanPerhitungan"), 60, OPTIONAL): Element 'Object Repository/Simulasi Kredit/TxtBerhasilMelakukanPerhitungan' is visible

2019-10-22 12:48:19 - [MESSAGE][PASSED] - Element 'Object Repository/Simulasi Kredit/TxtBerhasilMelakukanPerhitungan' is visible

2019-10-22 12:48:19 - [TEST_STEP][PASSED] - tap(findTestObject("Simulasi Kredit/Simulasi Kredit - Asuransi/Asuransi_Berikutnya"), 0): Tapped on element 'Object Repository/Simulasi Kredit/Simulasi Kredit - Asuransi/Asuransi_Berikutnya'

2019-10-22 12:48:19 - [MESSAGE][WARNING] - Timeout '0' is invalid. Using default page load timeout: '30'

2019-10-22 12:48:21 - [MESSAGE][PASSED] - Tapped on element 'Object Repository/Simulasi Kredit/Simulasi Kredit - Asuransi/Asuransi_Berikutnya'

2019-10-22 12:48:21 - [MESSAGE][PASSED] - Call Test Case 'Test Cases/Data Entry/Simulasi Kredit/Simulasi Kredit - Asuransi/MASTER FLOW/TC_Asuransi - MASTER FLOW' successfully

2019-10-22 12:48:21 - [TEST_STEP][PASSED] - callTestCase(findTestCase("Data Entry/Simulasi Kredit/Kategori Loan/MASTER FLOW/TC_Kategori Loan - Master FLOW"), ["varTipeAplikasi":"CF", "varTipePelanggan":"personal", "varObjekPembiayaan":"PB", "varTujuanPembiayaan":"produktif", "varJaminanPembiayaan":"MOBIL", ... ], STOP_ON_FAILURE): Call Test Case 'Test Cases/Data Entry/Simulasi Kredit/Kategori Loan/MASTER FLOW/TC_Kategori Loan - Master FLOW' successfully

2019-10-22 12:48:21 - [TEST_CASE][PASSED] - Test Cases/Data Entry/Simulasi Kredit/Kategori Loan/MASTER FLOW/TC_Kategori Loan - Master FLOW: Test Cases/Data Entry/Simulasi Kredit/Kategori Loan/MASTER FLOW/TC_Kategori Loan - Master FLOW

2019-10-22 12:48:21 - [TEST_STEP][PASSED] - if (varTipeAplikasi == "CF"): Tapped on element 'Object Repository/Simulasi Kredit/Simulasi Kredit - Kategori Loan/KategoriLoan_TipeApp CF'

2019-10-22 12:48:21 - [TEST_STEP][PASSED] - tap(findTestObject("Simulasi Kredit/Simulasi Kredit - Kategori Loan/KategoriLoan_TipeApp CF"), 0): Tapped on element 'Object Repository/Simulasi Kredit/Simulasi Kredit - Kategori Loan/KategoriLoan_TipeApp CF'

2019-10-22 12:48:22 - [MESSAGE][WARNING] - Timeout '0' is invalid. Using default page load timeout: '30'

2019-10-22 12:48:25 - [MESSAGE][PASSED] - Tapped on element 'Object Repository/Simulasi Kredit/Simulasi Kredit - Kategori Loan/KategoriLoan_TipeApp CF'

2019-10-22 12:48:25 - [TEST_STEP][PASSED] - delay(2, STOP_ON_FAILURE): Delayed 2 second(s)

2019-10-22 12:48:27 - [MESSAGE][PASSED] - Delayed 2 second(s)

2019-10-22 12:48:27 - [TEST_STEP][PASSED] - if (varTipePelanggan == "personal"): Tapped on element 'Object Repository/Simulasi Kredit/Simulasi Kredit - Kategori Loan/KategoriLoan_TipePlgn Personal'

2019-10-22 12:48:27 - [TEST_STEP][PASSED] - tap(findTestObject("Simulasi Kredit/Simulasi Kredit - Kategori Loan/KategoriLoan_TipePlgn Personal"), 0): Tapped on element 'Object Repository/Simulasi Kredit/Simulasi Kredit - Kategori Loan/KategoriLoan_TipePlgn Personal'

2019-10-22 12:48:27 - [MESSAGE][WARNING] - Timeout '0' is invalid. Using default page load timeout: '30'

2019-10-22 12:48:29 - [MESSAGE][PASSED] - Tapped on element 'Object Repository/Simulasi Kredit/Simulasi Kredit - Kategori Loan/KategoriLoan_TipePlgn Personal'

2019-10-22 12:48:29 - [TEST_STEP][PASSED] - if (varObjekPembiayaan == "PB"): Tapped on element 'Object Repository/Simulasi Kredit/Simulasi Kredit - Kategori Loan/KategoriLoan_ObjekPembiayaan PB'

2019-10-22 12:48:29 - [TEST_STEP][PASSED] - tap(findTestObject("Simulasi Kredit/Simulasi Kredit - Kategori Loan/KategoriLoan_ObjekPembiayaan PB"), 0): Tapped on element 'Object Repository/Simulasi Kredit/Simulasi Kredit - Kategori Loan/KategoriLoan_ObjekPembiayaan PB'

2019-10-22 12:48:29 - [MESSAGE][WARNING] - Timeout '0' is invalid. Using default page load timeout: '30'

2019-10-22 12:48:30 - [MESSAGE][PASSED] - Tapped on element 'Object Repository/Simulasi Kredit/Simulasi Kredit - Kategori Loan/KategoriLoan_ObjekPembiayaan PB'

2019-10-22 12:48:30 - [TEST_STEP][PASSED] - if (varTujuanPembiayaan == "produktif"): Tapped on element 'Object Repository/Simulasi Kredit/Simulasi Kredit - Kategori Loan/KategoriLoan_Tujuan Produktif'

2019-10-22 12:48:30 - [TEST_STEP][PASSED] - tap(findTestObject("Simulasi Kredit/Simulasi Kredit - Kategori Loan/KategoriLoan_Tujuan Produktif"), 0): Tapped on element 'Object Repository/Simulasi Kredit/Simulasi Kredit - Kategori Loan/KategoriLoan_Tujuan Produktif'

2019-10-22 12:48:31 - [MESSAGE][WARNING] - Timeout '0' is invalid. Using default page load timeout: '30'

2019-10-22 12:48:33 - [MESSAGE][PASSED] - Tapped on element 'Object Repository/Simulasi Kredit/Simulasi Kredit - Kategori Loan/KategoriLoan_Tujuan Produktif'

2019-10-22 12:48:33 - [TEST_STEP][PASSED] - delay(3, STOP_ON_FAILURE): Delayed 3 second(s)

2019-10-22 12:48:36 - [MESSAGE][PASSED] - Delayed 3 second(s)

2019-10-22 12:48:36 - [TEST_STEP][NOT_RUN] - tap(findTestObject("Simulasi Kredit/Simulasi Kredit - Kategori Loan/Simulasi Kredit-Kategori loan - jaminan pembiayaan"), 0, OPTIONAL): NOT_RUN: tap(findTestObject("Simulasi Kredit/Simulasi Kredit - Kategori Loan/Simulasi Kredit-Kategori loan - jaminan pembiayaan"), 0, OPTIONAL)

2019-10-22 12:48:36 - [MESSAGE][NOT_RUN] - NOT_RUN: tap(findTestObject("Simulasi Kredit/Simulasi Kredit - Kategori Loan/Simulasi Kredit-Kategori loan - jaminan pembiayaan"), 0, OPTIONAL)

2019-10-22 12:48:36 - [TEST_STEP][NOT_RUN] - tap(findTestObject("dynamic object/pickListItem_checkedTextView", ["text":varJaminanPembiayaan]), 0, OPTIONAL): NOT_RUN: tap(findTestObject("dynamic object/pickListItem_checkedTextView", ["text":varJaminanPembiayaan]), 0, OPTIONAL)

2019-10-22 12:48:36 - [MESSAGE][NOT_RUN] - NOT_RUN: tap(findTestObject("dynamic object/pickListItem_checkedTextView", ["text":varJaminanPembiayaan]), 0, OPTIONAL)

2019-10-22 12:48:36 - [TEST_STEP][PASSED] - switch (varOpsiNPWP.toString()): null

2019-10-22 12:48:36 - [TEST_STEP][PASSED] - case "Approval":: null

2019-10-22 12:48:36 - [TEST_STEP][PASSED] - tap(findTestObject("Simulasi Kredit/Simulasi Kredit - Kategori Loan/KategoriLoan_Opsi NPWP Approval"), 0): Tapped on element 'Object Repository/Simulasi Kredit/Simulasi Kredit - Kategori Loan/KategoriLoan_Opsi NPWP Approval'

2019-10-22 12:48:36 - [MESSAGE][WARNING] - Timeout '0' is invalid. Using default page load timeout: '30'

2019-10-22 12:48:38 - [MESSAGE][PASSED] - Tapped on element 'Object Repository/Simulasi Kredit/Simulasi Kredit - Kategori Loan/KategoriLoan_Opsi NPWP Approval'

2019-10-22 12:48:38 - [TEST_STEP][PASSED] - break: null

2019-10-22 12:48:38 - [TEST_STEP][PASSED] - delay(2, STOP_ON_FAILURE): Delayed 2 second(s)

2019-10-22 12:48:40 - [MESSAGE][PASSED] - Delayed 2 second(s)

2019-10-22 12:48:40 - [TEST_STEP][PASSED] - tap(findTestObject("Simulasi Kredit/Simulasi Kredit - Kategori Loan/KategoriLoan_Berikutnya"), 0): Tapped on element 'Object Repository/Simulasi Kredit/Simulasi Kredit - Kategori Loan/KategoriLoan_Berikutnya'

2019-10-22 12:48:40 - [MESSAGE][WARNING] - Timeout '0' is invalid. Using default page load timeout: '30'

2019-10-22 12:48:42 - [MESSAGE][PASSED] - Tapped on element 'Object Repository/Simulasi Kredit/Simulasi Kredit - Kategori Loan/KategoriLoan_Berikutnya'

2019-10-22 12:48:42 - [MESSAGE][PASSED] - Call Test Case 'Test Cases/Data Entry/Simulasi Kredit/Kategori Loan/MASTER FLOW/TC_Kategori Loan - Master FLOW' successfully

2019-10-22 12:48:42 - [TEST_STEP][PASSED] - callTestCase(findTestCase("Data Entry/Simulasi Kredit/Loan Detail/MASTER FLOW/TC_Loan Detail - MASTER FLOW"), ["varTipeAngsuran":varTipeAngsuran], STOP_ON_FAILURE): Call Test Case 'Test Cases/Data Entry/Simulasi Kredit/Loan Detail/MASTER FLOW/TC_Loan Detail - MASTER FLOW' successfully

2019-10-22 12:48:42 - [TEST_CASE][PASSED] - Test Cases/Data Entry/Simulasi Kredit/Loan Detail/MASTER FLOW/TC_Loan Detail - MASTER FLOW: Test Cases/Data Entry/Simulasi Kredit/Loan Detail/MASTER FLOW/TC_Loan Detail - MASTER FLOW

2019-10-22 12:48:42 - [TEST_STEP][PASSED] - mobile.mobileSwipe.RightLeft(0.9, 0.5, 600): mobile.mobileSwipe.RightLeft is PASSED

2019-10-22 12:48:43 - [MESSAGE][PASSED] - Current device physical width is 1080

2019-10-22 12:48:44 - [MESSAGE][PASSED] - Current device physical height is 2131

2019-10-22 12:48:44 - [MESSAGE][INFO] - Device Height : 2131

2019-10-22 12:48:44 - [MESSAGE][INFO] - Device Width : 1080

2019-10-22 12:48:44 - [MESSAGE][INFO] - Swipe start at Width : 971

2019-10-22 12:48:44 - [MESSAGE][INFO] - Swipe end at Witdh : 540

2019-10-22 12:48:44 - [MESSAGE][INFO] - Y Position : 600

2019-10-22 12:48:47 - [MESSAGE][PASSED] - Swiped from 971,600 to 540,600

2019-10-22 12:48:47 - [MESSAGE][PASSED] - mobile.mobileSwipe.RightLeft is PASSED

2019-10-22 12:48:47 - [TEST_STEP][PASSED] - delay(3, STOP_ON_FAILURE): Delayed 3 second(s)

2019-10-22 12:48:50 - [MESSAGE][PASSED] - Delayed 3 second(s)

2019-10-22 12:48:50 - [TEST_STEP][PASSED] - if (varTipeAngsuran == "regular"): Tapped on element 'Object Repository/Simulasi Kredit/Simulasi Kredit - Loan Detail/LoanDetail_Regular'

2019-10-22 12:48:50 - [TEST_STEP][PASSED] - tap(findTestObject("Simulasi Kredit/Simulasi Kredit - Loan Detail/LoanDetail_Regular"), 0): Tapped on element 'Object Repository/Simulasi Kredit/Simulasi Kredit - Loan Detail/LoanDetail_Regular'

2019-10-22 12:48:50 - [MESSAGE][WARNING] - Timeout '0' is invalid. Using default page load timeout: '30'

2019-10-22 12:48:52 - [MESSAGE][PASSED] - Tapped on element 'Object Repository/Simulasi Kredit/Simulasi Kredit - Loan Detail/LoanDetail_Regular'

2019-10-22 12:48:52 - [TEST_STEP][PASSED] - mobile.mobileSwipe.UpDown(0.8, 0.4, 1000): mobile.mobileSwipe.UpDown is PASSED

2019-10-22 12:48:53 - [MESSAGE][PASSED] - Current device physical height is 2131

2019-10-22 12:48:53 - [MESSAGE][INFO] - Device Height : 2131

2019-10-22 12:48:54 - [MESSAGE][PASSED] - Current device physical width is 1080

2019-10-22 12:48:54 - [MESSAGE][INFO] - Device Width : 1080

2019-10-22 12:48:54 - [MESSAGE][INFO] - Swipe start at Height : 1704

2019-10-22 12:48:54 - [MESSAGE][INFO] - Swipe end at Height : 852

2019-10-22 12:48:54 - [MESSAGE][INFO] - X Position : 1000

2019-10-22 12:48:57 - [MESSAGE][PASSED] - Swiped from 1,000,1,704 to 1,000,852

2019-10-22 12:48:57 - [MESSAGE][PASSED] - mobile.mobileSwipe.UpDown is PASSED

2019-10-22 12:48:57 - [TEST_STEP][PASSED] - delay(7, STOP_ON_FAILURE): Delayed 7 second(s)

2019-10-22 12:49:04 - [MESSAGE][PASSED] - Delayed 7 second(s)

2019-10-22 12:49:04 - [TEST_STEP][PASSED] - tap(findTestObject("Simulasi Kredit/Simulasi Kredit - Loan Detail/LoanDetail_Hitung"), 0): Tapped on element 'Object Repository/Simulasi Kredit/Simulasi Kredit - Loan Detail/LoanDetail_Hitung'

2019-10-22 12:49:04 - [MESSAGE][WARNING] - Timeout '0' is invalid. Using default page load timeout: '30'

2019-10-22 12:49:06 - [MESSAGE][PASSED] - Tapped on element 'Object Repository/Simulasi Kredit/Simulasi Kredit - Loan Detail/LoanDetail_Hitung'

2019-10-22 12:49:06 - [TEST_STEP][PASSED] - verifyElementVisible(findTestObject("Simulasi Kredit/TxtBerhasilMelakukanPerhitungan"), 60, OPTIONAL): Element 'Object Repository/Simulasi Kredit/TxtBerhasilMelakukanPerhitungan' is visible

2019-10-22 12:49:09 - [MESSAGE][PASSED] - Element 'Object Repository/Simulasi Kredit/TxtBerhasilMelakukanPerhitungan' is visible

2019-10-22 12:49:09 - [TEST_STEP][PASSED] - tap(findTestObject("Simulasi Kredit/Simulasi Kredit - Loan Detail/LoanDetail_Berikutnya"), 0): Tapped on element 'Object Repository/Simulasi Kredit/Simulasi Kredit - Loan Detail/LoanDetail_Berikutnya'

2019-10-22 12:49:09 - [MESSAGE][WARNING] - Timeout '0' is invalid. Using default page load timeout: '30'

2019-10-22 12:49:11 - [MESSAGE][PASSED] - Tapped on element 'Object Repository/Simulasi Kredit/Simulasi Kredit - Loan Detail/LoanDetail_Berikutnya'

2019-10-22 12:49:11 - [TEST_STEP][PASSED] - delay(5, STOP_ON_FAILURE): Delayed 5 second(s)

2019-10-22 12:49:16 - [MESSAGE][PASSED] - Delayed 5 second(s)

2019-10-22 12:49:16 - [TEST_STEP][PASSED] - tap(findTestObject("Simulasi Kredit/Simulasi Kredit - Loan Detail/LoanDetail_Berikutnya"), 0): Tapped on element 'Object Repository/Simulasi Kredit/Simulasi Kredit - Loan Detail/LoanDetail_Berikutnya'

2019-10-22 12:49:17 - [MESSAGE][WARNING] - Timeout '0' is invalid. Using default page load timeout: '30'

2019-10-22 12:49:18 - [MESSAGE][PASSED] - Tapped on element 'Object Repository/Simulasi Kredit/Simulasi Kredit - Loan Detail/LoanDetail_Berikutnya'

2019-10-22 12:49:18 - [TEST_STEP][PASSED] - delay(5, STOP_ON_FAILURE): Delayed 5 second(s)

2019-10-22 12:49:23 - [MESSAGE][PASSED] - Delayed 5 second(s)

2019-10-22 12:49:23 - [MESSAGE][PASSED] - Call Test Case 'Test Cases/Data Entry/Simulasi Kredit/Loan Detail/MASTER FLOW/TC_Loan Detail - MASTER FLOW' successfully

2019-10-22 12:49:23 - [TEST_STEP][PASSED] - if (varUploadBorrower == "Y"): Call Test Case 'Test Cases/Data Entry/Upload Document/Borrower/MASTER FLOW/TC_Upload Document - borrower - MASTER FLOW' successfully

2019-10-22 12:49:23 - [TEST_STEP][PASSED] - callTestCase(findTestCase("Data Entry/Upload Document/Borrower/MASTER FLOW/TC_Upload Document - borrower - MASTER FLOW"), ["Borrower_varKTP":Borrower_varKTP, "Borrower_varSelfie":Borrower_varSelfie, "Borrower_varWefie":Borrower_varWefie, "Borrower_varKartuKeluarga":Borrower_varKartuKeluarga, ... ], STOP_ON_FAILURE): Call Test Case 'Test Cases/Data Entry/Upload Document/Borrower/MASTER FLOW/TC_Upload Document - borrower - MASTER FLOW' successfully

2019-10-22 12:49:23 - [TEST_CASE][PASSED] - Test Cases/Data Entry/Upload Document/Borrower/MASTER FLOW/TC_Upload Document - borrower - MASTER FLOW: Test Cases/Data Entry/Upload Document/Borrower/MASTER FLOW/TC_Upload Document - borrower - MASTER FLOW

2019-10-22 12:49:23 - [TEST_STEP][PASSED] - if (Borrower_varUploadKTP == "Y"): Delayed 3 second(s)

2019-10-22 12:49:23 - [TEST_STEP][PASSED] - tap(findTestObject("Upload Document/Upload Document - Item Upload/UnggahDokumen_BtnKTP"), 0): Tapped on element 'Object Repository/Upload Document/Upload Document - Item Upload/UnggahDokumen_BtnKTP'

2019-10-22 12:49:23 - [MESSAGE][WARNING] - Timeout '0' is invalid. Using default page load timeout: '30'

2019-10-22 12:49:26 - [MESSAGE][PASSED] - Tapped on element 'Object Repository/Upload Document/Upload Document - Item Upload/UnggahDokumen_BtnKTP'

2019-10-22 12:49:26 - [TEST_STEP][PASSED] - tap(findTestObject("Upload Document/Upload Document - Item Upload/UnggahDokumen_BtnGallery"), 0): Tapped on element 'Object Repository/Upload Document/Upload Document - Item Upload/UnggahDokumen_BtnGallery'

2019-10-22 12:49:26 - [MESSAGE][WARNING] - Timeout '0' is invalid. Using default page load timeout: '30'

2019-10-22 12:49:29 - [MESSAGE][PASSED] - Tapped on element 'Object Repository/Upload Document/Upload Document - Item Upload/UnggahDokumen_BtnGallery'

2019-10-22 12:49:29 - [TEST_STEP][PASSED] - scrollToText(Borrower_varKTP, STOP_ON_FAILURE): Scrolling to text 'abc.jpg' successfully

2019-10-22 12:49:31 - [MESSAGE][PASSED] - Scrolling to text 'abc.jpg' successfully

2019-10-22 12:49:31 - [TEST_STEP][PASSED] - tap(findTestObject("dynamic object/pickListItem_TextView", ["text":Borrower_varKTP]), 0): Tapped on element 'Object Repository/dynamic object/pickListItem_TextView'

2019-10-22 12:49:31 - [MESSAGE][WARNING] - Timeout '0' is invalid. Using default page load timeout: '30'

2019-10-22 12:49:33 - [MESSAGE][PASSED] - Tapped on element 'Object Repository/dynamic object/pickListItem_TextView'

2019-10-22 12:49:33 - [TEST_STEP][PASSED] - delay(3, STOP_ON_FAILURE): Delayed 3 second(s)

2019-10-22 12:49:36 - [MESSAGE][PASSED] - Delayed 3 second(s)

2019-10-22 12:49:36 - [TEST_STEP][PASSED] - if (Borrower_varUploadSelfie == "Y"): null

2019-10-22 12:49:36 - [TEST_STEP][PASSED] - if (Borrower_varWefie == "Y"): null

2019-10-22 12:49:36 - [TEST_STEP][PASSED] - if (Borrower_varKartuKeluarga == "Y"): null

2019-10-22 12:49:36 - [TEST_STEP][PASSED] - if (Borrower_varUploadSim == "Y"): null

2019-10-22 12:49:36 - [TEST_STEP][PASSED] - if (Borrower_varUploadNPWP == "Y"): null

2019-10-22 12:49:36 - [TEST_STEP][PASSED] - if (Borrower_varUploadSTNK == "Y"): null

2019-10-22 12:49:36 - [TEST_STEP][PASSED] - if (Borrower_varUploadSlipGaji == "Y"): null

2019-10-22 12:49:36 - [MESSAGE][PASSED] - Call Test Case 'Test Cases/Data Entry/Upload Document/Borrower/MASTER FLOW/TC_Upload Document - borrower - MASTER FLOW' successfully

2019-10-22 12:49:36 - [TEST_STEP][PASSED] - if (varUploadCoborrower == "Y"): null

2019-10-22 12:49:36 - [TEST_STEP][PASSED] - if (varUploadGuarantor == "Y"): null

2019-10-22 12:49:36 - [TEST_STEP][PASSED] - if (varUploadSales == "Y"): null

2019-10-22 12:49:36 - [TEST_STEP][PASSED] - mobile.mobileSwipe.RightLeft(0.9, 0.5, 1000): mobile.mobileSwipe.RightLeft is PASSED

2019-10-22 12:49:37 - [MESSAGE][PASSED] - Current device physical width is 1080

2019-10-22 12:49:38 - [MESSAGE][PASSED] - Current device physical height is 2131

2019-10-22 12:49:38 - [MESSAGE][INFO] - Device Height : 2131

2019-10-22 12:49:38 - [MESSAGE][INFO] - Device Width : 1080

2019-10-22 12:49:38 - [MESSAGE][INFO] - Swipe start at Width : 971

2019-10-22 12:49:38 - [MESSAGE][INFO] - Swipe end at Witdh : 540

2019-10-22 12:49:38 - [MESSAGE][INFO] - Y Position : 1000

2019-10-22 12:49:40 - [MESSAGE][PASSED] - Swiped from 971,1,000 to 540,1,000

2019-10-22 12:49:40 - [MESSAGE][PASSED] - mobile.mobileSwipe.RightLeft is PASSED

2019-10-22 12:49:40 - [TEST_STEP][PASSED] - waitForElementPresent(findTestObject("dynamic object/BtnBerikutnya"), 0): Element 'Object Repository/dynamic object/BtnBerikutnya' is present

2019-10-22 12:49:41 - [MESSAGE][WARNING] - Timeout '0' is invalid. Using default page load timeout: '30'

2019-10-22 12:49:41 - [MESSAGE][PASSED] - Element 'Object Repository/dynamic object/BtnBerikutnya' is present

2019-10-22 12:49:41 - [TEST_STEP][PASSED] - tap(findTestObject("dynamic object/BtnBerikutnya"), 0): Tapped on element 'Object Repository/dynamic object/BtnBerikutnya'

2019-10-22 12:49:41 - [MESSAGE][WARNING] - Timeout '0' is invalid. Using default page load timeout: '30'

2019-10-22 12:49:44 - [MESSAGE][PASSED] - Tapped on element 'Object Repository/dynamic object/BtnBerikutnya'

2019-10-22 12:49:44 - [TEST_STEP][PASSED] - callTestCase(findTestCase("Data Entry/Borrower/Flow Borrower"), ["BvarPekerjaanTab":BvarPekerjaanTab, "BvarUsahaTab":BvarUsahaTab, "BIvarTahun":BIvarTahun, "BIvarNoKTP":BIvarNoKTP, "BIvarNamaSesuaiIdentitas":BIvarNamaSesuaiIdentitas, ... ], STOP_ON_FAILURE): Call Test Case 'Test Cases/Data Entry/Borrower/Flow Borrower' successfully

2019-10-22 12:49:44 - [TEST_CASE][PASSED] - Test Cases/Data Entry/Borrower/Flow Borrower: Test Cases/Data Entry/Borrower/Flow Borrower

2019-10-22 12:49:44 - [TEST_STEP][PASSED] - callTestCase(findTestCase("Data Entry/Borrower/Borrower - Identitas/MASTER FLOW/TC_Borrower - Identitas - MASTER FLOW"), ["BIvarTahun":BIvarTahun, "BIvarNoKTP":BIvarNoKTP, "BIvarNamaSesuaiIdentitas":BIvarNamaSesuaiIdentitas, "BIvarTempatLahir":BIvarTempatLahir, ... ], STOP_ON_FAILURE): Call Test Case 'Test Cases/Data Entry/Borrower/Borrower - Identitas/MASTER FLOW/TC_Borrower - Identitas - MASTER FLOW' successfully

2019-10-22 12:49:44 - [TEST_CASE][PASSED] - Test Cases/Data Entry/Borrower/Borrower - Identitas/MASTER FLOW/TC_Borrower - Identitas - MASTER FLOW: Test Cases/Data Entry/Borrower/Borrower - Identitas/MASTER FLOW/TC_Borrower - Identitas - MASTER FLOW

2019-10-22 12:49:44 - [TEST_STEP][PASSED] - verifyElementVisible(findTestObject("Borrower/Borrower - Identitas/Borrower-Identitas-WNI"), 60, OPTIONAL): Element 'Object Repository/Borrower/Borrower - Identitas/Borrower-Identitas-WNI' is visible

2019-10-22 12:50:08 - [MESSAGE][PASSED] - Element 'Object Repository/Borrower/Borrower - Identitas/Borrower-Identitas-WNI' is visible

2019-10-22 12:50:08 - [TEST_STEP][PASSED] - if (BIvarKewarganegaraan == "WNI"): Tapped on element 'Object Repository/Borrower/Borrower - Identitas/Borrower-Identitas-WNI'

2019-10-22 12:50:08 - [TEST_STEP][PASSED] - tap(findTestObject("Borrower/Borrower - Identitas/Borrower-Identitas-WNI"), 0): Tapped on element 'Object Repository/Borrower/Borrower - Identitas/Borrower-Identitas-WNI'

2019-10-22 12:50:08 - [MESSAGE][WARNING] - Timeout '0' is invalid. Using default page load timeout: '30'

2019-10-22 12:50:10 - [MESSAGE][PASSED] - Tapped on element 'Object Repository/Borrower/Borrower - Identitas/Borrower-Identitas-WNI'

2019-10-22 12:50:10 - [TEST_STEP][PASSED] - setText(findTestObject("Borrower/Borrower - Identitas/Borrower_InpNoKTP"), BIvarNoKTP, 0): Text '3471095110940001' has been set to element 'Object Repository/Borrower/Borrower - Identitas/Borrower_InpNoKTP'

2019-10-22 12:50:10 - [MESSAGE][WARNING] - Timeout '0' is invalid. Using default page load timeout: '30'

2019-10-22 12:50:12 - [MESSAGE][PASSED] - Text '3471095110940001' has been set to element 'Object Repository/Borrower/Borrower - Identitas/Borrower_InpNoKTP'

2019-10-22 12:50:12 - [TEST_STEP][PASSED] - if (BIvarVerifikasi == "Ya"): mobile.mobileSwipe.UpDown is PASSED

2019-10-22 12:50:12 - [TEST_STEP][PASSED] - tap(findTestObject("Borrower/Borrower - Identitas/Borrower_BtnVerifikasiKTP"), 0): Tapped on element 'Object Repository/Borrower/Borrower - Identitas/Borrower_BtnVerifikasiKTP'

2019-10-22 12:50:12 - [MESSAGE][WARNING] - Timeout '0' is invalid. Using default page load timeout: '30'

2019-10-22 12:50:18 - [MESSAGE][PASSED] - Tapped on element 'Object Repository/Borrower/Borrower - Identitas/Borrower_BtnVerifikasiKTP'

2019-10-22 12:50:18 - [TEST_STEP][PASSED] - mobile.mobileSwipe.UpDown(0.8, 0.2, 1000): mobile.mobileSwipe.UpDown is PASSED

2019-10-22 12:50:19 - [MESSAGE][PASSED] - Current device physical height is 2131

2019-10-22 12:50:19 - [MESSAGE][INFO] - Device Height : 2131

2019-10-22 12:50:20 - [MESSAGE][PASSED] - Current device physical width is 1080

2019-10-22 12:50:20 - [MESSAGE][INFO] - Device Width : 1080

2019-10-22 12:50:20 - [MESSAGE][INFO] - Swipe start at Height : 1704

2019-10-22 12:50:20 - [MESSAGE][INFO] - Swipe end at Height : 426

2019-10-22 12:50:20 - [MESSAGE][INFO] - X Position : 1000

2019-10-22 12:50:22 - [MESSAGE][PASSED] - Swiped from 1,000,1,704 to 1,000,426

2019-10-22 12:50:22 - [MESSAGE][PASSED] - mobile.mobileSwipe.UpDown is PASSED

2019-10-22 12:50:22 - [TEST_STEP][PASSED] - tap(findTestObject("Borrower/Borrower - Identitas/Borrower_TxtAgama"), 0, STOP_ON_FAILURE): Tapped on element 'Object Repository/Borrower/Borrower - Identitas/Borrower_TxtAgama'

2019-10-22 12:50:22 - [MESSAGE][WARNING] - Timeout '0' is invalid. Using default page load timeout: '30'

2019-10-22 12:50:25 - [MESSAGE][PASSED] - Tapped on element 'Object Repository/Borrower/Borrower - Identitas/Borrower_TxtAgama'

2019-10-22 12:50:25 - [TEST_STEP][PASSED] - tap(findTestObject("dynamic object/pickListItem_checkedTextView", ["text":BIvarAgama]), 0, STOP_ON_FAILURE): Tapped on element 'Object Repository/dynamic object/pickListItem_checkedTextView'

2019-10-22 12:50:25 - [MESSAGE][WARNING] - Timeout '0' is invalid. Using default page load timeout: '30'

2019-10-22 12:50:26 - [MESSAGE][PASSED] - Tapped on element 'Object Repository/dynamic object/pickListItem_checkedTextView'

2019-10-22 12:50:26 - [TEST_STEP][PASSED] - tap(findTestObject("Borrower/Borrower - Identitas/Borrower_TxtStatusPerkawinan"), 0, STOP_ON_FAILURE): Tapped on element 'Object Repository/Borrower/Borrower - Identitas/Borrower_TxtStatusPerkawinan'

2019-10-22 12:50:26 - [MESSAGE][WARNING] - Timeout '0' is invalid. Using default page load timeout: '30'

2019-10-22 12:50:30 - [MESSAGE][PASSED] - Tapped on element 'Object Repository/Borrower/Borrower - Identitas/Borrower_TxtStatusPerkawinan'

2019-10-22 12:50:30 - [TEST_STEP][PASSED] - tap(findTestObject("dynamic object/pickListItem_checkedTextView", ["text":BIvarStatusPerkawinan]), 0, STOP_ON_FAILURE): Tapped on element 'Object Repository/dynamic object/pickListItem_checkedTextView'

2019-10-22 12:50:30 - [MESSAGE][WARNING] - Timeout '0' is invalid. Using default page load timeout: '30'

2019-10-22 12:50:31 - [MESSAGE][PASSED] - Tapped on element 'Object Repository/dynamic object/pickListItem_checkedTextView'

2019-10-22 12:50:31 - [MESSAGE][PASSED] - Call Test Case 'Test Cases/Data Entry/Borrower/Borrower - Identitas/MASTER FLOW/TC_Borrower - Identitas - MASTER FLOW' successfully

2019-10-22 12:50:31 - [TEST_STEP][PASSED] - mobile.mobileSwipe.RightLeft(0.9, 0.5, 1000): mobile.mobileSwipe.RightLeft is PASSED

2019-10-22 12:50:32 - [MESSAGE][PASSED] - Current device physical width is 1080

2019-10-22 12:50:33 - [MESSAGE][PASSED] - Current device physical height is 2131

2019-10-22 12:50:33 - [MESSAGE][INFO] - Device Height : 2131

2019-10-22 12:50:33 - [MESSAGE][INFO] - Device Width : 1080

2019-10-22 12:50:33 - [MESSAGE][INFO] - Swipe start at Width : 971

2019-10-22 12:50:33 - [MESSAGE][INFO] - Swipe end at Witdh : 540

2019-10-22 12:50:33 - [MESSAGE][INFO] - Y Position : 1000

2019-10-22 12:50:36 - [MESSAGE][PASSED] - Swiped from 971,1,000 to 540,1,000

2019-10-22 12:50:36 - [MESSAGE][PASSED] - mobile.mobileSwipe.RightLeft is PASSED

2019-10-22 12:50:36 - [TEST_STEP][PASSED] - mobile.mobileSwipe.UpDown(0.2, 0.8, 1000): mobile.mobileSwipe.UpDown is PASSED

2019-10-22 12:50:37 - [MESSAGE][PASSED] - Current device physical height is 2131

2019-10-22 12:50:37 - [MESSAGE][INFO] - Device Height : 2131

2019-10-22 12:50:38 - [MESSAGE][PASSED] - Current device physical width is 1080

2019-10-22 12:50:38 - [MESSAGE][INFO] - Device Width : 1080

2019-10-22 12:50:38 - [MESSAGE][INFO] - Swipe start at Height : 426

2019-10-22 12:50:38 - [MESSAGE][INFO] - Swipe end at Height : 1704

2019-10-22 12:50:38 - [MESSAGE][INFO] - X Position : 1000

2019-10-22 12:50:40 - [MESSAGE][PASSED] - Swiped from 1,000,426 to 1,000,1,704

2019-10-22 12:50:40 - [MESSAGE][PASSED] - mobile.mobileSwipe.UpDown is PASSED

2019-10-22 12:50:40 - [TEST_STEP][PASSED] - callTestCase(findTestCase("Data Entry/Borrower/Borrower - Info Umum/MASTER FLOW/TC_Borrower - Info Umum - MASTER FLOW"), ["BIUvarNamaLengkapTanpaSingkatan":BIUvarNamaLengkapTanpaSingkatan, "BIUvarNamaPanggilan":BIUvarNamaPanggilan, "BIUvarNoNPWP":BIUvarNoNPWP, ... ], STOP_ON_FAILURE): Call Test Case 'Test Cases/Data Entry/Borrower/Borrower - Info Umum/MASTER FLOW/TC_Borrower - Info Umum - MASTER FLOW' successfully

2019-10-22 12:50:40 - [TEST_CASE][PASSED] - Test Cases/Data Entry/Borrower/Borrower - Info Umum/MASTER FLOW/TC_Borrower - Info Umum - MASTER FLOW: Test Cases/Data Entry/Borrower/Borrower - Info Umum/MASTER FLOW/TC_Borrower - Info Umum - MASTER FLOW

2019-10-22 12:50:40 - [TEST_STEP][PASSED] - tap(findTestObject("Borrower/Borrower - Info Umum/Borrower_InpNamaLengkapTanpaSingkatan"), 0, STOP_ON_FAILURE): Tapped on element 'Object Repository/Borrower/Borrower - Info Umum/Borrower_InpNamaLengkapTanpaSingkatan'

2019-10-22 12:50:40 - [MESSAGE][WARNING] - Timeout '0' is invalid. Using default page load timeout: '30'

2019-10-22 12:50:44 - [MESSAGE][PASSED] - Tapped on element 'Object Repository/Borrower/Borrower - Info Umum/Borrower_InpNamaLengkapTanpaSingkatan'

2019-10-22 12:50:44 - [TEST_STEP][PASSED] - setText(findTestObject("Borrower/Borrower - Info Umum/Borrower_InpNamaLengkapTanpaSingkatan"), BIUvarNamaLengkapTanpaSingkatan, 0): Text 'FRANSISKA MAYA LESTARI' has been set to element 'Object Repository/Borrower/Borrower - Info Umum/Borrower_InpNamaLengkapTanpaSingkatan'

2019-10-22 12:50:44 - [MESSAGE][WARNING] - Timeout '0' is invalid. Using default page load timeout: '30'

2019-10-22 12:50:47 - [MESSAGE][PASSED] - Text 'FRANSISKA MAYA LESTARI' has been set to element 'Object Repository/Borrower/Borrower - Info Umum/Borrower_InpNamaLengkapTanpaSingkatan'

2019-10-22 12:50:47 - [TEST_STEP][PASSED] - setText(findTestObject("Borrower/Borrower - Info Umum/Borrower_InpNamaPanggilan"), BIUvarNamaPanggilan, 0): Text 'MAYA' has been set to element 'Object Repository/Borrower/Borrower - Info Umum/Borrower_InpNamaPanggilan'

2019-10-22 12:50:47 - [MESSAGE][WARNING] - Timeout '0' is invalid. Using default page load timeout: '30'

2019-10-22 12:50:49 - [MESSAGE][PASSED] - Text 'MAYA' has been set to element 'Object Repository/Borrower/Borrower - Info Umum/Borrower_InpNamaPanggilan'

2019-10-22 12:50:49 - [TEST_STEP][PASSED] - setText(findTestObject("Borrower/Borrower - Info Umum/Borrower_InpNoNPWP"), BIUvarNoNPWP, 0): Text '192487192471924' has been set to element 'Object Repository/Borrower/Borrower - Info Umum/Borrower_InpNoNPWP'

2019-10-22 12:50:49 - [MESSAGE][WARNING] - Timeout '0' is invalid. Using default page load timeout: '30'

2019-10-22 12:50:52 - [MESSAGE][PASSED] - Text '192487192471924' has been set to element 'Object Repository/Borrower/Borrower - Info Umum/Borrower_InpNoNPWP'

2019-10-22 12:50:52 - [TEST_STEP][PASSED] - setText(findTestObject("Borrower/Borrower - Info Umum/Borrower_InpNamaNPWP"), BIUvarNamaNPWP, 0): Text 'wwkwkwkwk' has been set to element 'Object Repository/Borrower/Borrower - Info Umum/Borrower_InpNamaNPWP'

2019-10-22 12:50:52 - [MESSAGE][WARNING] - Timeout '0' is invalid. Using default page load timeout: '30'

2019-10-22 12:50:55 - [MESSAGE][PASSED] - Text 'wwkwkwkwk' has been set to element 'Object Repository/Borrower/Borrower - Info Umum/Borrower_InpNamaNPWP'

2019-10-22 12:50:55 - [TEST_STEP][PASSED] - setText(findTestObject("Borrower/Borrower - Info Umum/Borrower_InpNamaIbuKandung"), BIUvarNamaIbuKandung, 0): Text 'yuhuu' has been set to element 'Object Repository/Borrower/Borrower - Info Umum/Borrower_InpNamaIbuKandung'

2019-10-22 12:50:55 - [MESSAGE][WARNING] - Timeout '0' is invalid. Using default page load timeout: '30'

2019-10-22 12:50:58 - [MESSAGE][PASSED] - Text 'yuhuu' has been set to element 'Object Repository/Borrower/Borrower - Info Umum/Borrower_InpNamaIbuKandung'

2019-10-22 12:50:58 - [TEST_STEP][PASSED] - mobile.mobileSwipe.UpDown(0.7, 0.2, 1000): mobile.mobileSwipe.UpDown is PASSED

2019-10-22 12:50:59 - [MESSAGE][PASSED] - Current device physical height is 2131

2019-10-22 12:50:59 - [MESSAGE][INFO] - Device Height : 2131

2019-10-22 12:51:00 - [MESSAGE][PASSED] - Current device physical width is 1080

2019-10-22 12:51:00 - [MESSAGE][INFO] - Device Width : 1080

2019-10-22 12:51:00 - [MESSAGE][INFO] - Swipe start at Height : 1491

2019-10-22 12:51:00 - [MESSAGE][INFO] - Swipe end at Height : 426

2019-10-22 12:51:00 - [MESSAGE][INFO] - X Position : 1000

2019-10-22 12:51:02 - [MESSAGE][PASSED] - Swiped from 1,000,1,491 to 1,000,426

2019-10-22 12:51:02 - [MESSAGE][PASSED] - mobile.mobileSwipe.UpDown is PASSED

2019-10-22 12:51:02 - [TEST_STEP][PASSED] - tap(findTestObject("Borrower/Borrower - Info Umum/Borrower_TxtPendidikan"), 0): Tapped on element 'Object Repository/Borrower/Borrower - Info Umum/Borrower_TxtPendidikan'

2019-10-22 12:51:02 - [MESSAGE][WARNING] - Timeout '0' is invalid. Using default page load timeout: '30'

2019-10-22 12:51:06 - [MESSAGE][PASSED] - Tapped on element 'Object Repository/Borrower/Borrower - Info Umum/Borrower_TxtPendidikan'

2019-10-22 12:51:06 - [TEST_STEP][PASSED] - tap(findTestObject("dynamic object/pickListItem_checkedTextView", ["text":BIUvarPendidikan]), 0): Tapped on element 'Object Repository/dynamic object/pickListItem_checkedTextView'

2019-10-22 12:51:07 - [MESSAGE][WARNING] - Timeout '0' is invalid. Using default page load timeout: '30'

2019-10-22 12:51:08 - [MESSAGE][PASSED] - Tapped on element 'Object Repository/dynamic object/pickListItem_checkedTextView'

2019-10-22 12:51:08 - [TEST_STEP][PASSED] - if (BIUvarAlamatMenyurat == "Domisili"): null

2019-10-22 12:51:08 - [TEST_STEP][PASSED] - setText(findTestObject("Borrower/Borrower - Info Umum/Borrower_InpAlamatEmail"), BIUvarAlamatEmail, 0): Text 'wkwkw@a.c' has been set to element 'Object Repository/Borrower/Borrower - Info Umum/Borrower_InpAlamatEmail'

2019-10-22 12:51:08 - [MESSAGE][WARNING] - Timeout '0' is invalid. Using default page load timeout: '30'

2019-10-22 12:51:10 - [MESSAGE][PASSED] - Text 'wkwkw@a.c' has been set to element 'Object Repository/Borrower/Borrower - Info Umum/Borrower_InpAlamatEmail'

2019-10-22 12:51:10 - [TEST_STEP][PASSED] - tap(findTestObject("Borrower/Borrower - Info Umum/Borrower_TxtSumberDanaUangMuka"), 0): Tapped on element 'Object Repository/Borrower/Borrower - Info Umum/Borrower_TxtSumberDanaUangMuka'

2019-10-22 12:51:10 - [MESSAGE][WARNING] - Timeout '0' is invalid. Using default page load timeout: '30'

2019-10-22 12:51:15 - [MESSAGE][PASSED] - Tapped on element 'Object Repository/Borrower/Borrower - Info Umum/Borrower_TxtSumberDanaUangMuka'

2019-10-22 12:51:15 - [TEST_STEP][PASSED] - tap(findTestObject("dynamic object/pickListItem_checkedTextView", ["text":BIUvarSumberDanaUangMuka]), 0): Tapped on element 'Object Repository/dynamic object/pickListItem_checkedTextView'

2019-10-22 12:51:15 - [MESSAGE][WARNING] - Timeout '0' is invalid. Using default page load timeout: '30'

2019-10-22 12:51:16 - [MESSAGE][PASSED] - Tapped on element 'Object Repository/dynamic object/pickListItem_checkedTextView'

2019-10-22 12:51:16 - [TEST_STEP][PASSED] - tap(findTestObject("Borrower/Borrower - Info Umum/Borrower_TxtSumberDanaAngsuran"), 0): Tapped on element 'Object Repository/Borrower/Borrower - Info Umum/Borrower_TxtSumberDanaAngsuran'

2019-10-22 12:51:16 - [MESSAGE][WARNING] - Timeout '0' is invalid. Using default page load timeout: '30'

2019-10-22 12:51:19 - [MESSAGE][PASSED] - Tapped on element 'Object Repository/Borrower/Borrower - Info Umum/Borrower_TxtSumberDanaAngsuran'

2019-10-22 12:51:19 - [TEST_STEP][PASSED] - tap(findTestObject("dynamic object/pickListItem_checkedTextView", ["text":BIUvarSumberDanaAngsuran]), 0): Tapped on element 'Object Repository/dynamic object/pickListItem_checkedTextView'

2019-10-22 12:51:20 - [MESSAGE][WARNING] - Timeout '0' is invalid. Using default page load timeout: '30'

2019-10-22 12:51:21 - [MESSAGE][PASSED] - Tapped on element 'Object Repository/dynamic object/pickListItem_checkedTextView'

2019-10-22 12:51:21 - [TEST_STEP][PASSED] - tap(findTestObject("Borrower/Borrower - Info Umum/Borrower_TxtKepemilikanDana"), 0): Tapped on element 'Object Repository/Borrower/Borrower - Info Umum/Borrower_TxtKepemilikanDana'

2019-10-22 12:51:21 - [MESSAGE][WARNING] - Timeout '0' is invalid. Using default page load timeout: '30'

2019-10-22 12:51:25 - [MESSAGE][PASSED] - Tapped on element 'Object Repository/Borrower/Borrower - Info Umum/Borrower_TxtKepemilikanDana'

2019-10-22 12:51:25 - [TEST_STEP][PASSED] - tap(findTestObject("dynamic object/pickListItem_checkedTextView", ["text":BIUvarKepemilikanDana]), 0): Tapped on element 'Object Repository/dynamic object/pickListItem_checkedTextView'

2019-10-22 12:51:25 - [MESSAGE][WARNING] - Timeout '0' is invalid. Using default page load timeout: '30'

2019-10-22 12:51:26 - [MESSAGE][PASSED] - Tapped on element 'Object Repository/dynamic object/pickListItem_checkedTextView'

2019-10-22 12:51:26 - [MESSAGE][PASSED] - Call Test Case 'Test Cases/Data Entry/Borrower/Borrower - Info Umum/MASTER FLOW/TC_Borrower - Info Umum - MASTER FLOW' successfully

2019-10-22 12:51:26 - [TEST_STEP][PASSED] - mobile.mobileSwipe.RightLeft(0.9, 0.5, 1000): mobile.mobileSwipe.RightLeft is PASSED

2019-10-22 12:51:27 - [MESSAGE][PASSED] - Current device physical width is 1080

2019-10-22 12:51:28 - [MESSAGE][PASSED] - Current device physical height is 2131

2019-10-22 12:51:28 - [MESSAGE][INFO] - Device Height : 2131

2019-10-22 12:51:28 - [MESSAGE][INFO] - Device Width : 1080

2019-10-22 12:51:28 - [MESSAGE][INFO] - Swipe start at Width : 971

2019-10-22 12:51:28 - [MESSAGE][INFO] - Swipe end at Witdh : 540

2019-10-22 12:51:28 - [MESSAGE][INFO] - Y Position : 1000

2019-10-22 12:51:31 - [MESSAGE][PASSED] - Swiped from 971,1,000 to 540,1,000

2019-10-22 12:51:31 - [MESSAGE][PASSED] - mobile.mobileSwipe.RightLeft is PASSED

2019-10-22 12:51:31 - [TEST_STEP][PASSED] - mobile.mobileSwipe.UpDown(0.2, 0.8, 1000): mobile.mobileSwipe.UpDown is PASSED

2019-10-22 12:51:32 - [MESSAGE][PASSED] - Current device physical height is 2131

2019-10-22 12:51:32 - [MESSAGE][INFO] - Device Height : 2131

2019-10-22 12:51:33 - [MESSAGE][PASSED] - Current device physical width is 1080

2019-10-22 12:51:33 - [MESSAGE][INFO] - Device Width : 1080

2019-10-22 12:51:33 - [MESSAGE][INFO] - Swipe start at Height : 426

2019-10-22 12:51:33 - [MESSAGE][INFO] - Swipe end at Height : 1704

2019-10-22 12:51:33 - [MESSAGE][INFO] - X Position : 1000

2019-10-22 12:51:35 - [MESSAGE][PASSED] - Swiped from 1,000,426 to 1,000,1,704

2019-10-22 12:51:35 - [MESSAGE][PASSED] - mobile.mobileSwipe.UpDown is PASSED

2019-10-22 12:51:35 - [TEST_STEP][PASSED] - tap(findTestObject("Borrower/Borrower - Info Umum/Borrower_TabDomisili"), 0): Tapped on element 'Object Repository/Borrower/Borrower - Info Umum/Borrower_TabDomisili'

2019-10-22 12:51:35 - [MESSAGE][WARNING] - Timeout '0' is invalid. Using default page load timeout: '30'

2019-10-22 12:51:38 - [MESSAGE][PASSED] - Tapped on element 'Object Repository/Borrower/Borrower - Info Umum/Borrower_TabDomisili'

2019-10-22 12:51:38 - [TEST_STEP][PASSED] - callTestCase(findTestCase("Data Entry/Borrower/Borrower - Domisili/MASTER FLOW/TC_Borrower - Domisili - MASTER FLOW"), ["BDvarAlamatLengkap":BDvarAlamatLengkap, "BDvarRT":BDvarRT, "BDvarRW":BDvarRW, "BDvarKodePos":BDvarKodePos, "BDvarNegaraDomisili":BDvarNegaraDomisili, ... ], STOP_ON_FAILURE): Call Test Case 'Test Cases/Data Entry/Borrower/Borrower - Domisili/MASTER FLOW/TC_Borrower - Domisili - MASTER FLOW' successfully

2019-10-22 12:51:38 - [TEST_CASE][PASSED] - Test Cases/Data Entry/Borrower/Borrower - Domisili/MASTER FLOW/TC_Borrower - Domisili - MASTER FLOW: Test Cases/Data Entry/Borrower/Borrower - Domisili/MASTER FLOW/TC_Borrower - Domisili - MASTER FLOW

2019-10-22 12:51:38 - [TEST_STEP][PASSED] - if (BDvarDomisili == "Tidak"): null

2019-10-22 12:51:38 - [TEST_STEP][PASSED] - else: Tapped on element 'Object Repository/Borrower/Borrower - Domisili/Borrower_BtnAlamatDomisiliSamaDenganIdentitas - Ya'

2019-10-22 12:51:38 - [TEST_STEP][PASSED] - tap(findTestObject("Borrower/Borrower - Domisili/Borrower_BtnAlamatDomisiliSamaDenganIdentitas - Ya"), 0, OPTIONAL): Tapped on element 'Object Repository/Borrower/Borrower - Domisili/Borrower_BtnAlamatDomisiliSamaDenganIdentitas - Ya'

2019-10-22 12:51:38 - [MESSAGE][WARNING] - Timeout '0' is invalid. Using default page load timeout: '30'

2019-10-22 12:51:41 - [MESSAGE][PASSED] - Tapped on element 'Object Repository/Borrower/Borrower - Domisili/Borrower_BtnAlamatDomisiliSamaDenganIdentitas - Ya'

2019-10-22 12:51:41 - [TEST_STEP][PASSED] - setText(findTestObject("Borrower/Borrower - Domisili/Borrower_InpNegaraDomisili"), BDvarNegaraDomisili, 0): Text 'INDONESIA' has been set to element 'Object Repository/Borrower/Borrower - Domisili/Borrower_InpNegaraDomisili'

2019-10-22 12:51:41 - [MESSAGE][WARNING] - Timeout '0' is invalid. Using default page load timeout: '30'

2019-10-22 12:51:43 - [MESSAGE][PASSED] - Text 'INDONESIA' has been set to element 'Object Repository/Borrower/Borrower - Domisili/Borrower_InpNegaraDomisili'

2019-10-22 12:51:43 - [TEST_STEP][PASSED] - mobile.mobileSwipe.UpDown(0.7, 0.3, 1000): mobile.mobileSwipe.UpDown is PASSED

2019-10-22 12:51:44 - [MESSAGE][PASSED] - Current device physical height is 2131

2019-10-22 12:51:44 - [MESSAGE][INFO] - Device Height : 2131

2019-10-22 12:51:45 - [MESSAGE][PASSED] - Current device physical width is 1080

2019-10-22 12:51:45 - [MESSAGE][INFO] - Device Width : 1080

2019-10-22 12:51:45 - [MESSAGE][INFO] - Swipe start at Height : 1491

2019-10-22 12:51:45 - [MESSAGE][INFO] - Swipe end at Height : 639

2019-10-22 12:51:45 - [MESSAGE][INFO] - X Position : 1000

2019-10-22 12:51:48 - [MESSAGE][PASSED] - Swiped from 1,000,1,491 to 1,000,639

2019-10-22 12:51:48 - [MESSAGE][PASSED] - mobile.mobileSwipe.UpDown is PASSED

2019-10-22 12:51:48 - [TEST_STEP][PASSED] - tap(findTestObject("Borrower/Borrower - Domisili/Borrower_InpNegaraDomisili"), 0, STOP_ON_FAILURE): Tapped on element 'Object Repository/Borrower/Borrower - Domisili/Borrower_InpNegaraDomisili'

2019-10-22 12:51:48 - [MESSAGE][WARNING] - Timeout '0' is invalid. Using default page load timeout: '30'

2019-10-22 12:51:51 - [MESSAGE][PASSED] - Tapped on element 'Object Repository/Borrower/Borrower - Domisili/Borrower_InpNegaraDomisili'

2019-10-22 12:51:51 - [TEST_STEP][PASSED] - tap(findTestObject("dynamic object/pickListItem_viewView", ["text":BDvarNegaraDomisili]), 0): Tapped on element 'Object Repository/dynamic object/pickListItem_viewView'

2019-10-22 12:51:51 - [MESSAGE][WARNING] - Timeout '0' is invalid. Using default page load timeout: '30'

2019-10-22 12:51:55 - [MESSAGE][PASSED] - Tapped on element 'Object Repository/dynamic object/pickListItem_viewView'

2019-10-22 12:51:55 - [TEST_STEP][PASSED] - mobile.mobileSwipe.UpDown(0.7, 0.4, 1000): mobile.mobileSwipe.UpDown is PASSED

2019-10-22 12:51:56 - [MESSAGE][PASSED] - Current device physical height is 2131

2019-10-22 12:51:56 - [MESSAGE][INFO] - Device Height : 2131

2019-10-22 12:51:57 - [MESSAGE][PASSED] - Current device physical width is 1080

2019-10-22 12:51:57 - [MESSAGE][INFO] - Device Width : 1080

2019-10-22 12:51:57 - [MESSAGE][INFO] - Swipe start at Height : 1491

2019-10-22 12:51:57 - [MESSAGE][INFO] - Swipe end at Height : 852

2019-10-22 12:51:57 - [MESSAGE][INFO] - X Position : 1000

2019-10-22 12:51:59 - [MESSAGE][PASSED] - Swiped from 1,000,1,491 to 1,000,852

2019-10-22 12:51:59 - [MESSAGE][PASSED] - mobile.mobileSwipe.UpDown is PASSED

2019-10-22 12:51:59 - [TEST_STEP][PASSED] - setText(findTestObject("Borrower/Borrower - Domisili/Borrower_InpPetunjukAlamat"), BDvarPetunjukAlamat, 0): Text 'sfsdfsfsdfs' has been set to element 'Object Repository/Borrower/Borrower - Domisili/Borrower_InpPetunjukAlamat'

2019-10-22 12:51:59 - [MESSAGE][WARNING] - Timeout '0' is invalid. Using default page load timeout: '30'

2019-10-22 12:52:01 - [MESSAGE][PASSED] - Text 'sfsdfsfsdfs' has been set to element 'Object Repository/Borrower/Borrower - Domisili/Borrower_InpPetunjukAlamat'

2019-10-22 12:52:01 - [TEST_STEP][PASSED] - tap(findTestObject("Borrower/Borrower - Domisili/Borrower_TxtTinggalSejakTahun"), 0): Tapped on element 'Object Repository/Borrower/Borrower - Domisili/Borrower_TxtTinggalSejakTahun'

2019-10-22 12:52:01 - [MESSAGE][WARNING] - Timeout '0' is invalid. Using default page load timeout: '30'

2019-10-22 12:52:06 - [MESSAGE][PASSED] - Tapped on element 'Object Repository/Borrower/Borrower - Domisili/Borrower_TxtTinggalSejakTahun'

2019-10-22 12:52:06 - [TEST_STEP][PASSED] - scrollToText(BDvarTinggalSejakTahun, STOP_ON_FAILURE): Scrolling to text '2000' successfully

2019-10-22 12:52:14 - [MESSAGE][PASSED] - Scrolling to text '2000' successfully

2019-10-22 12:52:14 - [TEST_STEP][PASSED] - tap(findTestObject("dynamic object/pickListItem_checkedTextView", ["text":BDvarTinggalSejakTahun]), 0): Tapped on element 'Object Repository/dynamic object/pickListItem_checkedTextView'

2019-10-22 12:52:14 - [MESSAGE][WARNING] - Timeout '0' is invalid. Using default page load timeout: '30'

2019-10-22 12:52:16 - [MESSAGE][PASSED] - Tapped on element 'Object Repository/dynamic object/pickListItem_checkedTextView'

2019-10-22 12:52:16 - [TEST_STEP][PASSED] - tap(findTestObject("Borrower/Borrower - Domisili/Borrower_TxtStatusTempatTinggal"), 0): Tapped on element 'Object Repository/Borrower/Borrower - Domisili/Borrower_TxtStatusTempatTinggal'

2019-10-22 12:52:16 - [MESSAGE][WARNING] - Timeout '0' is invalid. Using default page load timeout: '30'

2019-10-22 12:52:19 - [MESSAGE][PASSED] - Tapped on element 'Object Repository/Borrower/Borrower - Domisili/Borrower_TxtStatusTempatTinggal'

2019-10-22 12:52:19 - [TEST_STEP][PASSED] - tap(findTestObject("dynamic object/pickListItem_checkedTextView", ["text":BDvarStatusTempatTinggal]), 0): Tapped on element 'Object Repository/dynamic object/pickListItem_checkedTextView'

2019-10-22 12:52:20 - [MESSAGE][WARNING] - Timeout '0' is invalid. Using default page load timeout: '30'

2019-10-22 12:52:21 - [MESSAGE][PASSED] - Tapped on element 'Object Repository/dynamic object/pickListItem_checkedTextView'

2019-10-22 12:52:21 - [TEST_STEP][PASSED] - setText(findTestObject("Borrower/Borrower - Domisili/Borrower_InpKodeArea"), BDvarKodeArea, 0): Text '021' has been set to element 'Object Repository/Borrower/Borrower - Domisili/Borrower_InpKodeArea'

2019-10-22 12:52:21 - [MESSAGE][WARNING] - Timeout '0' is invalid. Using default page load timeout: '30'

2019-10-22 12:52:24 - [MESSAGE][PASSED] - Text '021' has been set to element 'Object Repository/Borrower/Borrower - Domisili/Borrower_InpKodeArea'

2019-10-22 12:52:24 - [TEST_STEP][PASSED] - setText(findTestObject("Borrower/Borrower - Domisili/Borrower_InpNoTelponFixedLine"), BDvarNoTelponFixedLine, 0): Text '2132132' has been set to element 'Object Repository/Borrower/Borrower - Domisili/Borrower_InpNoTelponFixedLine'

2019-10-22 12:52:24 - [MESSAGE][WARNING] - Timeout '0' is invalid. Using default page load timeout: '30'

2019-10-22 12:52:27 - [MESSAGE][PASSED] - Text '2132132' has been set to element 'Object Repository/Borrower/Borrower - Domisili/Borrower_InpNoTelponFixedLine'

2019-10-22 12:52:27 - [TEST_STEP][PASSED] - setText(findTestObject("Borrower/Borrower - Domisili/Borrower_InpTelponSelular"), BDvarTelponSelular, 0): Text '12938178923' has been set to element 'Object Repository/Borrower/Borrower - Domisili/Borrower_InpTelponSelular'

2019-10-22 12:52:27 - [MESSAGE][WARNING] - Timeout '0' is invalid. Using default page load timeout: '30'

2019-10-22 12:52:30 - [MESSAGE][PASSED] - Text '12938178923' has been set to element 'Object Repository/Borrower/Borrower - Domisili/Borrower_InpTelponSelular'

2019-10-22 12:52:30 - [TEST_STEP][PASSED] - if (BDvarROAO == "Ya"): null

2019-10-22 12:52:30 - [MESSAGE][PASSED] - Call Test Case 'Test Cases/Data Entry/Borrower/Borrower - Domisili/MASTER FLOW/TC_Borrower - Domisili - MASTER FLOW' successfully

2019-10-22 12:52:30 - [TEST_STEP][PASSED] - mobile.mobileSwipe.RightLeft(0.9, 0.5, 1000): mobile.mobileSwipe.RightLeft is PASSED

2019-10-22 12:52:31 - [MESSAGE][PASSED] - Current device physical width is 1080

2019-10-22 12:52:32 - [MESSAGE][PASSED] - Current device physical height is 2131

2019-10-22 12:52:32 - [MESSAGE][INFO] - Device Height : 2131

2019-10-22 12:52:32 - [MESSAGE][INFO] - Device Width : 1080

2019-10-22 12:52:32 - [MESSAGE][INFO] - Swipe start at Width : 971

2019-10-22 12:52:32 - [MESSAGE][INFO] - Swipe end at Witdh : 540

2019-10-22 12:52:32 - [MESSAGE][INFO] - Y Position : 1000

2019-10-22 12:52:34 - [MESSAGE][PASSED] - Swiped from 971,1,000 to 540,1,000

2019-10-22 12:52:34 - [MESSAGE][PASSED] - mobile.mobileSwipe.RightLeft is PASSED

2019-10-22 12:52:34 - [TEST_STEP][PASSED] - tap(findTestObject("Borrower/Borrower - Pekerjaan/Borrower_Pekerjaan_BtnDetailPekerjaan"), 0): Tapped on element 'Object Repository/Borrower/Borrower - Pekerjaan/Borrower_Pekerjaan_BtnDetailPekerjaan'

2019-10-22 12:52:34 - [MESSAGE][WARNING] - Timeout '0' is invalid. Using default page load timeout: '30'

2019-10-22 12:52:38 - [MESSAGE][PASSED] - Tapped on element 'Object Repository/Borrower/Borrower - Pekerjaan/Borrower_Pekerjaan_BtnDetailPekerjaan'

2019-10-22 12:52:38 - [TEST_STEP][PASSED] - if (BvarPekerjaanTab == "Ya"): Call Test Case 'Test Cases/Data Entry/Borrower/Borrower - Pekerjaan/MASTER FLOW/TC_Borrower - Pekerjaan - MASTER FLOW' successfully

2019-10-22 12:52:38 - [TEST_STEP][PASSED] - callTestCase(findTestCase("Data Entry/Borrower/Borrower - Pekerjaan/MASTER FLOW/TC_Borrower - Pekerjaan - MASTER FLOW"), ["BPvarPekerjaan":BPvarPekerjaan, "BPvarJabatan":BPvarJabatan, "BPvarDepartemen":BPvarDepartemen, "BPvarStatusKaryawan":BPvarStatusKaryawan, ... ], STOP_ON_FAILURE): Call Test Case 'Test Cases/Data Entry/Borrower/Borrower - Pekerjaan/MASTER FLOW/TC_Borrower - Pekerjaan - MASTER FLOW' successfully

2019-10-22 12:52:38 - [TEST_CASE][PASSED] - Test Cases/Data Entry/Borrower/Borrower - Pekerjaan/MASTER FLOW/TC_Borrower - Pekerjaan - MASTER FLOW: Test Cases/Data Entry/Borrower/Borrower - Pekerjaan/MASTER FLOW/TC_Borrower - Pekerjaan - MASTER FLOW

2019-10-22 12:52:38 - [TEST_STEP][PASSED] - setText(findTestObject("Borrower/Borrower - Pekerjaan/Borrower_Pekerjaan_InpPekerjaan"), BPvarPekerjaan, 0): Text 'ANGGOTA MILITER' has been set to element 'Object Repository/Borrower/Borrower - Pekerjaan/Borrower_Pekerjaan_InpPekerjaan'

2019-10-22 12:52:38 - [MESSAGE][WARNING] - Timeout '0' is invalid. Using default page load timeout: '30'

2019-10-22 12:52:41 - [MESSAGE][PASSED] - Text 'ANGGOTA MILITER' has been set to element 'Object Repository/Borrower/Borrower - Pekerjaan/Borrower_Pekerjaan_InpPekerjaan'

2019-10-22 12:52:41 - [TEST_STEP][PASSED] - tap(findTestObject("Borrower/Borrower - Pekerjaan/Borrower_Pekerjaan_InpPekerjaan"), 0): Tapped on element 'Object Repository/Borrower/Borrower - Pekerjaan/Borrower_Pekerjaan_InpPekerjaan'

2019-10-22 12:52:41 - [MESSAGE][WARNING] - Timeout '0' is invalid. Using default page load timeout: '30'

2019-10-22 12:52:45 - [MESSAGE][PASSED] - Tapped on element 'Object Repository/Borrower/Borrower - Pekerjaan/Borrower_Pekerjaan_InpPekerjaan'

2019-10-22 12:52:45 - [TEST_STEP][PASSED] - tap(findTestObject("dynamic object/pickListItem_viewView", ["text":BPvarPekerjaan]), 0): Tapped on element 'Object Repository/dynamic object/pickListItem_viewView'

2019-10-22 12:52:45 - [MESSAGE][WARNING] - Timeout '0' is invalid. Using default page load timeout: '30'

2019-10-22 12:52:50 - [MESSAGE][PASSED] - Tapped on element 'Object Repository/dynamic object/pickListItem_viewView'

2019-10-22 12:52:50 - [TEST_STEP][PASSED] - tap(findTestObject("Borrower/Borrower - Pekerjaan/Borrower_Pekerjaan_TxtJabatan"), 0): Tapped on element 'Object Repository/Borrower/Borrower - Pekerjaan/Borrower_Pekerjaan_TxtJabatan'

2019-10-22 12:52:50 - [MESSAGE][WARNING] - Timeout '0' is invalid. Using default page load timeout: '30'

2019-10-22 12:52:54 - [MESSAGE][PASSED] - Tapped on element 'Object Repository/Borrower/Borrower - Pekerjaan/Borrower_Pekerjaan_TxtJabatan'

2019-10-22 12:52:54 - [TEST_STEP][PASSED] - tap(findTestObject("dynamic object/pickListItem_checkedTextView", ["text":BPvarJabatan]), 0): Tapped on element 'Object Repository/dynamic object/pickListItem_checkedTextView'

2019-10-22 12:52:54 - [MESSAGE][WARNING] - Timeout '0' is invalid. Using default page load timeout: '30'

2019-10-22 12:52:55 - [MESSAGE][PASSED] - Tapped on element 'Object Repository/dynamic object/pickListItem_checkedTextView'

2019-10-22 12:52:55 - [TEST_STEP][PASSED] - setText(findTestObject("Borrower/Borrower - Pekerjaan/Borrower_Pekerjaan_InpDepartemen"), BPvarDepartemen, 0): Text 'SALES' has been set to element 'Object Repository/Borrower/Borrower - Pekerjaan/Borrower_Pekerjaan_InpDepartemen'

2019-10-22 12:52:55 - [MESSAGE][WARNING] - Timeout '0' is invalid. Using default page load timeout: '30'

2019-10-22 12:52:59 - [MESSAGE][PASSED] - Text 'SALES' has been set to element 'Object Repository/Borrower/Borrower - Pekerjaan/Borrower_Pekerjaan_InpDepartemen'

2019-10-22 12:52:59 - [TEST_STEP][PASSED] - tap(findTestObject("Borrower/Borrower - Pekerjaan/Borrower_Pekerjaan_TxtStatusKaryawan"), 0): Tapped on element 'Object Repository/Borrower/Borrower - Pekerjaan/Borrower_Pekerjaan_TxtStatusKaryawan'

2019-10-22 12:52:59 - [MESSAGE][WARNING] - Timeout '0' is invalid. Using default page load timeout: '30'

2019-10-22 12:53:03 - [MESSAGE][PASSED] - Tapped on element 'Object Repository/Borrower/Borrower - Pekerjaan/Borrower_Pekerjaan_TxtStatusKaryawan'

2019-10-22 12:53:03 - [TEST_STEP][PASSED] - tap(findTestObject("dynamic object/pickListItem_checkedTextView", ["text":BPvarStatusKaryawan]), 0): Tapped on element 'Object Repository/dynamic object/pickListItem_checkedTextView'

2019-10-22 12:53:03 - [MESSAGE][WARNING] - Timeout '0' is invalid. Using default page load timeout: '30'

2019-10-22 12:53:04 - [MESSAGE][PASSED] - Tapped on element 'Object Repository/dynamic object/pickListItem_checkedTextView'

2019-10-22 12:53:04 - [TEST_STEP][PASSED] - setText(findTestObject("Borrower/Borrower - Pekerjaan/Borrower_Pekerjaan_InpNoIndukKaryawan"), BPvarNoIndukKaryawan, 0): Text '2434234' has been set to element 'Object Repository/Borrower/Borrower - Pekerjaan/Borrower_Pekerjaan_InpNoIndukKaryawan'

2019-10-22 12:53:05 - [MESSAGE][WARNING] - Timeout '0' is invalid. Using default page load timeout: '30'

2019-10-22 12:53:08 - [MESSAGE][PASSED] - Text '2434234' has been set to element 'Object Repository/Borrower/Borrower - Pekerjaan/Borrower_Pekerjaan_InpNoIndukKaryawan'

2019-10-22 12:53:08 - [TEST_STEP][PASSED] - tap(findTestObject("Borrower/Borrower - Pekerjaan/Borrower_Pekerjaan_TxtBergabungSejak"), 0): Tapped on element 'Object Repository/Borrower/Borrower - Pekerjaan/Borrower_Pekerjaan_TxtBergabungSejak'

2019-10-22 12:53:08 - [MESSAGE][WARNING] - Timeout '0' is invalid. Using default page load timeout: '30'

2019-10-22 12:53:12 - [MESSAGE][PASSED] - Tapped on element 'Object Repository/Borrower/Borrower - Pekerjaan/Borrower_Pekerjaan_TxtBergabungSejak'

2019-10-22 12:53:12 - [TEST_STEP][PASSED] - callTestCase(findTestCase("dynamic test case/calendar"), ["varTahun":"2010"], STOP_ON_FAILURE): Call Test Case 'Test Cases/dynamic test case/calendar' successfully

2019-10-22 12:53:12 - [TEST_CASE][PASSED] - Test Cases/dynamic test case/calendar: Test Cases/dynamic test case/calendar

2019-10-22 12:53:12 - [TEST_STEP][PASSED] - tap(findTestObject("dynamic object/Calendar_TxtTahun"), 0): Tapped on element 'Object Repository/dynamic object/Calendar_TxtTahun'

2019-10-22 12:53:12 - [MESSAGE][WARNING] - Timeout '0' is invalid. Using default page load timeout: '30'

2019-10-22 12:53:14 - [MESSAGE][PASSED] - Tapped on element 'Object Repository/dynamic object/Calendar_TxtTahun'

2019-10-22 12:53:14 - [TEST_STEP][PASSED] - driver = getDriver(): null

2019-10-22 12:53:14 - [TEST_STEP][PASSED] - xpath = "": null

2019-10-22 12:53:14 - [TEST_STEP][PASSED] - xpath = XPathBuilder.createXPath("TextView"): null

2019-10-22 12:53:14 - [TEST_STEP][PASSED] - listElements = driver.findElementsByXPath(xpath): null

2019-10-22 12:53:14 - [TEST_STEP][PASSED] - if (size() - 1].getText() < varTahun): null

2019-10-22 12:53:14 - [TEST_STEP][PASSED] - else: null

2019-10-22 12:53:14 - [TEST_STEP][PASSED] - varScrollUpDown = "UpToDown": null

2019-10-22 12:53:14 - [TEST_STEP][PASSED] - switch (varScrollUpDown.toString()): null

2019-10-22 12:53:14 - [TEST_STEP][PASSED] - case "UpToDown":: null

2019-10-22 12:53:14 - [TEST_STEP][PASSED] - mobile.swiping.scrollListToElementWithTextUpToDown(varTahun): mobile.swiping.scrollListToElementWithTextUpToDown is PASSED

2019-10-22 12:53:20 - [MESSAGE][PASSED] - mobile.swiping.scrollListToElementWithTextUpToDown is PASSED

2019-10-22 12:53:20 - [TEST_STEP][PASSED] - break: null

2019-10-22 12:53:20 - [TEST_STEP][PASSED] - tap(findTestObject("dynamic object/pickListItem_TextView", ["text":varTahun]), 0): Tapped on element 'Object Repository/dynamic object/pickListItem_TextView'

2019-10-22 12:53:20 - [MESSAGE][WARNING] - Timeout '0' is invalid. Using default page load timeout: '30'

2019-10-22 12:53:22 - [MESSAGE][PASSED] - Tapped on element 'Object Repository/dynamic object/pickListItem_TextView'

2019-10-22 12:53:22 - [TEST_STEP][PASSED] - tap(findTestObject("dynamic object/Calendar_TxtSetel"), 0): Tapped on element 'Object Repository/dynamic object/Calendar_TxtSetel'

2019-10-22 12:53:22 - [MESSAGE][WARNING] - Timeout '0' is invalid. Using default page load timeout: '30'

2019-10-22 12:53:24 - [MESSAGE][PASSED] - Tapped on element 'Object Repository/dynamic object/Calendar_TxtSetel'

2019-10-22 12:53:24 - [MESSAGE][PASSED] - Call Test Case 'Test Cases/dynamic test case/calendar' successfully

2019-10-22 12:53:24 - [TEST_STEP][PASSED] - tap(findTestObject("Borrower/Borrower - Pekerjaan/Borrower_Pekerjaan_TxtBadanUsaha"), 0): Tapped on element 'Object Repository/Borrower/Borrower - Pekerjaan/Borrower_Pekerjaan_TxtBadanUsaha'

2019-10-22 12:53:24 - [MESSAGE][WARNING] - Timeout '0' is invalid. Using default page load timeout: '30'

2019-10-22 12:53:28 - [MESSAGE][PASSED] - Tapped on element 'Object Repository/Borrower/Borrower - Pekerjaan/Borrower_Pekerjaan_TxtBadanUsaha'

2019-10-22 12:53:28 - [TEST_STEP][PASSED] - tap(findTestObject("dynamic object/pickListItem_checkedTextView", ["text":BPvarBadanUsaha]), 0): Tapped on element 'Object Repository/dynamic object/pickListItem_checkedTextView'

2019-10-22 12:53:28 - [MESSAGE][WARNING] - Timeout '0' is invalid. Using default page load timeout: '30'

2019-10-22 12:53:29 - [MESSAGE][PASSED] - Tapped on element 'Object Repository/dynamic object/pickListItem_checkedTextView'

2019-10-22 12:53:29 - [TEST_STEP][PASSED] - mobile.mobileSwipe.UpDown(0.7, 0.3, 1000): mobile.mobileSwipe.UpDown is PASSED

2019-10-22 12:53:30 - [MESSAGE][PASSED] - Current device physical height is 2131

2019-10-22 12:53:30 - [MESSAGE][INFO] - Device Height : 2131

2019-10-22 12:53:31 - [MESSAGE][PASSED] - Current device physical width is 1080

2019-10-22 12:53:31 - [MESSAGE][INFO] - Device Width : 1080

2019-10-22 12:53:31 - [MESSAGE][INFO] - Swipe start at Height : 1491

2019-10-22 12:53:31 - [MESSAGE][INFO] - Swipe end at Height : 639

2019-10-22 12:53:31 - [MESSAGE][INFO] - X Position : 1000

2019-10-22 12:53:34 - [MESSAGE][PASSED] - Swiped from 1,000,1,491 to 1,000,639

2019-10-22 12:53:34 - [MESSAGE][PASSED] - mobile.mobileSwipe.UpDown is PASSED

2019-10-22 12:53:34 - [TEST_STEP][PASSED] - setText(findTestObject("Borrower/Borrower - Pekerjaan/Borrower_Pekerjaan_InpNamaPerusahaan"), BPvarNamaPerusahaan, 0): Text 'ADASDADAS' has been set to element 'Object Repository/Borrower/Borrower - Pekerjaan/Borrower_Pekerjaan_InpNamaPerusahaan'

2019-10-22 12:53:34 - [MESSAGE][WARNING] - Timeout '0' is invalid. Using default page load timeout: '30'

2019-10-22 12:53:37 - [MESSAGE][PASSED] - Text 'ADASDADAS' has been set to element 'Object Repository/Borrower/Borrower - Pekerjaan/Borrower_Pekerjaan_InpNamaPerusahaan'

2019-10-22 12:53:37 - [TEST_STEP][PASSED] - setText(findTestObject("Borrower/Borrower - Pekerjaan/Borrower_Pekerjaan_InpBidangUsaha"), BPvarBidangUsaha, 0): Text 'ASURANSI' has been set to element 'Object Repository/Borrower/Borrower - Pekerjaan/Borrower_Pekerjaan_InpBidangUsaha'

2019-10-22 12:53:37 - [MESSAGE][WARNING] - Timeout '0' is invalid. Using default page load timeout: '30'

2019-10-22 12:53:41 - [MESSAGE][PASSED] - Text 'ASURANSI' has been set to element 'Object Repository/Borrower/Borrower - Pekerjaan/Borrower_Pekerjaan_InpBidangUsaha'

2019-10-22 12:53:41 - [TEST_STEP][PASSED] - tap(findTestObject("Borrower/Borrower - Pekerjaan/Borrower_Pekerjaan_InpBidangUsaha"), 0, STOP_ON_FAILURE): Tapped on element 'Object Repository/Borrower/Borrower - Pekerjaan/Borrower_Pekerjaan_InpBidangUsaha'

2019-10-22 12:53:41 - [MESSAGE][WARNING] - Timeout '0' is invalid. Using default page load timeout: '30'

2019-10-22 12:53:47 - [MESSAGE][PASSED] - Tapped on element 'Object Repository/Borrower/Borrower - Pekerjaan/Borrower_Pekerjaan_InpBidangUsaha'

2019-10-22 12:53:47 - [TEST_STEP][PASSED] - tap(findTestObject("Borrower/Borrower - Pekerjaan/Borrower_Pekerjaan_LOVBidangUsaha"), 0): Tapped on element 'Object Repository/Borrower/Borrower - Pekerjaan/Borrower_Pekerjaan_LOVBidangUsaha'

2019-10-22 12:53:47 - [MESSAGE][WARNING] - Timeout '0' is invalid. Using default page load timeout: '30'

2019-10-22 12:53:50 - [MESSAGE][PASSED] - Tapped on element 'Object Repository/Borrower/Borrower - Pekerjaan/Borrower_Pekerjaan_LOVBidangUsaha'

2019-10-22 12:53:50 - [TEST_STEP][PASSED] - tap(findTestObject("Borrower/Borrower - Pekerjaan/Borrower_Pekerjaan_TxtSubBidangUsaha"), 0): Tapped on element 'Object Repository/Borrower/Borrower - Pekerjaan/Borrower_Pekerjaan_TxtSubBidangUsaha'

2019-10-22 12:53:50 - [MESSAGE][WARNING] - Timeout '0' is invalid. Using default page load timeout: '30'

2019-10-22 12:53:54 - [MESSAGE][PASSED] - Tapped on element 'Object Repository/Borrower/Borrower - Pekerjaan/Borrower_Pekerjaan_TxtSubBidangUsaha'

2019-10-22 12:53:54 - [TEST_STEP][PASSED] - tap(findTestObject("dynamic object/pickListItem_checkedTextView", ["text":BPvarSubBidangUsaha]), 0): Tapped on element 'Object Repository/dynamic object/pickListItem_checkedTextView'

2019-10-22 12:53:54 - [MESSAGE][WARNING] - Timeout '0' is invalid. Using default page load timeout: '30'

2019-10-22 12:53:55 - [MESSAGE][PASSED] - Tapped on element 'Object Repository/dynamic object/pickListItem_checkedTextView'

2019-10-22 12:53:55 - [TEST_STEP][PASSED] - setText(findTestObject("Borrower/Borrower - Pekerjaan/Borrower_Pekerjaan_InpNationalityPerusahaan"), BPvarNationalityPerusahaan, 0): Text 'INDONESIA' has been set to element 'Object Repository/Borrower/Borrower - Pekerjaan/Borrower_Pekerjaan_InpNationalityPerusahaan'

2019-10-22 12:53:55 - [MESSAGE][WARNING] - Timeout '0' is invalid. Using default page load timeout: '30'

2019-10-22 12:53:59 - [MESSAGE][PASSED] - Text 'INDONESIA' has been set to element 'Object Repository/Borrower/Borrower - Pekerjaan/Borrower_Pekerjaan_InpNationalityPerusahaan'

2019-10-22 12:53:59 - [TEST_STEP][PASSED] - tap(findTestObject("Borrower/Borrower - Pekerjaan/Borrower_Pekerjaan_InpNationalityPerusahaan"), 0, STOP_ON_FAILURE): Tapped on element 'Object Repository/Borrower/Borrower - Pekerjaan/Borrower_Pekerjaan_InpNationalityPerusahaan'

2019-10-22 12:53:59 - [MESSAGE][WARNING] - Timeout '0' is invalid. Using default page load timeout: '30'

2019-10-22 12:54:03 - [MESSAGE][PASSED] - Tapped on element 'Object Repository/Borrower/Borrower - Pekerjaan/Borrower_Pekerjaan_InpNationalityPerusahaan'

2019-10-22 12:54:03 - [TEST_STEP][PASSED] - tap(findTestObject("dynamic object/pickListItem_viewView", ["text":BPvarNationalityPerusahaan]), 0): Tapped on element 'Object Repository/dynamic object/pickListItem_viewView'

2019-10-22 12:54:04 - [MESSAGE][WARNING] - Timeout '0' is invalid. Using default page load timeout: '30'

2019-10-22 12:54:07 - [MESSAGE][PASSED] - Tapped on element 'Object Repository/dynamic object/pickListItem_viewView'

2019-10-22 12:54:07 - [TEST_STEP][PASSED] - setText(findTestObject("Borrower/Borrower - Pekerjaan/Borrower_Pekerjaan_InpWebsite"), BPvarWebsite, 0): Text 'www.hahahahha.com' has been set to element 'Object Repository/Borrower/Borrower - Pekerjaan/Borrower_Pekerjaan_InpWebsite'

2019-10-22 12:54:07 - [MESSAGE][WARNING] - Timeout '0' is invalid. Using default page load timeout: '30'

2019-10-22 12:54:11 - [MESSAGE][PASSED] - Text 'www.hahahahha.com' has been set to element 'Object Repository/Borrower/Borrower - Pekerjaan/Borrower_Pekerjaan_InpWebsite'

2019-10-22 12:54:11 - [TEST_STEP][PASSED] - tap(findTestObject("Borrower/Borrower - Pekerjaan/Borrower_Pekerjaan_TxtJenisAkunSosialMedia"), 0): Tapped on element 'Object Repository/Borrower/Borrower - Pekerjaan/Borrower_Pekerjaan_TxtJenisAkunSosialMedia'

2019-10-22 12:54:11 - [MESSAGE][WARNING] - Timeout '0' is invalid. Using default page load timeout: '30'

2019-10-22 12:54:15 - [MESSAGE][PASSED] - Tapped on element 'Object Repository/Borrower/Borrower - Pekerjaan/Borrower_Pekerjaan_TxtJenisAkunSosialMedia'

2019-10-22 12:54:15 - [TEST_STEP][PASSED] - tap(findTestObject("dynamic object/pickListItem_checkedTextView", ["text":BPvarJenisAkunSosialMedia]), 0): Tapped on element 'Object Repository/dynamic object/pickListItem_checkedTextView'

2019-10-22 12:54:15 - [MESSAGE][WARNING] - Timeout '0' is invalid. Using default page load timeout: '30'

2019-10-22 12:54:17 - [MESSAGE][PASSED] - Tapped on element 'Object Repository/dynamic object/pickListItem_checkedTextView'

2019-10-22 12:54:17 - [TEST_STEP][PASSED] - setText(findTestObject("Borrower/Borrower - Pekerjaan/Borrower_Pekerjaan_InpAkunSosialMedia"), BPvarAkunSosialMedia, 0): Text 'yeyeye' has been set to element 'Object Repository/Borrower/Borrower - Pekerjaan/Borrower_Pekerjaan_InpAkunSosialMedia'

2019-10-22 12:54:17 - [MESSAGE][WARNING] - Timeout '0' is invalid. Using default page load timeout: '30'

2019-10-22 12:54:19 - [MESSAGE][PASSED] - Text 'yeyeye' has been set to element 'Object Repository/Borrower/Borrower - Pekerjaan/Borrower_Pekerjaan_InpAkunSosialMedia'

2019-10-22 12:54:19 - [TEST_STEP][PASSED] - mobile.mobileSwipe.UpDown(0.7, 0.3, 1000): mobile.mobileSwipe.UpDown is PASSED

2019-10-22 12:54:20 - [MESSAGE][PASSED] - Current device physical height is 2131

2019-10-22 12:54:20 - [MESSAGE][INFO] - Device Height : 2131

2019-10-22 12:54:21 - [MESSAGE][PASSED] - Current device physical width is 1080

2019-10-22 12:54:21 - [MESSAGE][INFO] - Device Width : 1080

2019-10-22 12:54:21 - [MESSAGE][INFO] - Swipe start at Height : 1491

2019-10-22 12:54:21 - [MESSAGE][INFO] - Swipe end at Height : 639

2019-10-22 12:54:21 - [MESSAGE][INFO] - X Position : 1000

2019-10-22 12:54:23 - [MESSAGE][PASSED] - Swiped from 1,000,1,491 to 1,000,639

2019-10-22 12:54:23 - [MESSAGE][PASSED] - mobile.mobileSwipe.UpDown is PASSED

2019-10-22 12:54:23 - [TEST_STEP][PASSED] - tap(findTestObject("Borrower/Borrower - Pekerjaan/Borrower_Pekerjaan_BtnAlamatKantor"), 0): Tapped on element 'Object Repository/Borrower/Borrower - Pekerjaan/Borrower_Pekerjaan_BtnAlamatKantor'

2019-10-22 12:54:23 - [MESSAGE][WARNING] - Timeout '0' is invalid. Using default page load timeout: '30'

2019-10-22 12:54:28 - [MESSAGE][PASSED] - Tapped on element 'Object Repository/Borrower/Borrower - Pekerjaan/Borrower_Pekerjaan_BtnAlamatKantor'

2019-10-22 12:54:28 - [TEST_STEP][PASSED] - delay(3, STOP_ON_FAILURE): Delayed 3 second(s)

2019-10-22 12:54:31 - [MESSAGE][PASSED] - Delayed 3 second(s)

2019-10-22 12:54:31 - [TEST_STEP][PASSED] - setText(findTestObject("Borrower/Borrower - Pekerjaan/Borrower_Pekerjaan_InpAlamatKantor"), BPvarAlamatKantor, 0): Text 'asdasdasdasd' has been set to element 'Object Repository/Borrower/Borrower - Pekerjaan/Borrower_Pekerjaan_InpAlamatKantor'

2019-10-22 12:54:31 - [MESSAGE][WARNING] - Timeout '0' is invalid. Using default page load timeout: '30'

2019-10-22 12:54:33 - [MESSAGE][PASSED] - Text 'asdasdasdasd' has been set to element 'Object Repository/Borrower/Borrower - Pekerjaan/Borrower_Pekerjaan_InpAlamatKantor'

2019-10-22 12:54:33 - [TEST_STEP][PASSED] - setText(findTestObject("Borrower/Borrower - Pekerjaan/Borrower_Pekerjaan_InpRT"), BPvarRT, 0): Text '231' has been set to element 'Object Repository/Borrower/Borrower - Pekerjaan/Borrower_Pekerjaan_InpRT'

2019-10-22 12:54:33 - [MESSAGE][WARNING] - Timeout '0' is invalid. Using default page load timeout: '30'

2019-10-22 12:54:36 - [MESSAGE][PASSED] - Text '231' has been set to element 'Object Repository/Borrower/Borrower - Pekerjaan/Borrower_Pekerjaan_InpRT'

2019-10-22 12:54:36 - [TEST_STEP][PASSED] - setText(findTestObject("Borrower/Borrower - Pekerjaan/Borrower_Pekerjaan_InpRW"), BPvarRW, 0): Text '222' has been set to element 'Object Repository/Borrower/Borrower - Pekerjaan/Borrower_Pekerjaan_InpRW'

2019-10-22 12:54:36 - [MESSAGE][WARNING] - Timeout '0' is invalid. Using default page load timeout: '30'

2019-10-22 12:54:40 - [MESSAGE][PASSED] - Text '222' has been set to element 'Object Repository/Borrower/Borrower - Pekerjaan/Borrower_Pekerjaan_InpRW'

2019-10-22 12:54:40 - [TEST_STEP][PASSED] - setText(findTestObject("Borrower/Borrower - Pekerjaan/Borrower_Pekerjaan_InpKodePos"), BPvarKodePos, 0): Text '10124' has been set to element 'Object Repository/Borrower/Borrower - Pekerjaan/Borrower_Pekerjaan_InpKodePos'

2019-10-22 12:54:40 - [MESSAGE][WARNING] - Timeout '0' is invalid. Using default page load timeout: '30'

2019-10-22 12:54:42 - [MESSAGE][PASSED] - Text '10124' has been set to element 'Object Repository/Borrower/Borrower - Pekerjaan/Borrower_Pekerjaan_InpKodePos'

2019-10-22 12:54:42 - [TEST_STEP][PASSED] - tap(findTestObject("Borrower/Borrower - Pekerjaan/Borrower_Pekerjaan_InpKodePos"), 0, STOP_ON_FAILURE): Tapped on element 'Object Repository/Borrower/Borrower - Pekerjaan/Borrower_Pekerjaan_InpKodePos'

2019-10-22 12:54:42 - [MESSAGE][WARNING] - Timeout '0' is invalid. Using default page load timeout: '30'

2019-10-22 12:54:47 - [MESSAGE][PASSED] - Tapped on element 'Object Repository/Borrower/Borrower - Pekerjaan/Borrower_Pekerjaan_InpKodePos'

2019-10-22 12:54:47 - [TEST_STEP][PASSED] - tap(findTestObject("Borrower/Borrower - Pekerjaan/Borrower_Pekerjaan_LOVKodePos"), 0, STOP_ON_FAILURE): Tapped on element 'Object Repository/Borrower/Borrower - Pekerjaan/Borrower_Pekerjaan_LOVKodePos'

2019-10-22 12:54:48 - [MESSAGE][WARNING] - Timeout '0' is invalid. Using default page load timeout: '30'

2019-10-22 12:54:52 - [MESSAGE][PASSED] - Tapped on element 'Object Repository/Borrower/Borrower - Pekerjaan/Borrower_Pekerjaan_LOVKodePos'

2019-10-22 12:54:52 - [TEST_STEP][PASSED] - setText(findTestObject("Borrower/Borrower - Pekerjaan/Borrower_Pekerjaan_InpPetunjukAlamat"), BPvarPetunjukAlamat, 0): Text 'petunjuuuuuukkk' has been set to element 'Object Repository/Borrower/Borrower - Pekerjaan/Borrower_Pekerjaan_InpPetunjukAlamat'

2019-10-22 12:54:52 - [MESSAGE][WARNING] - Timeout '0' is invalid. Using default page load timeout: '30'

2019-10-22 12:54:54 - [MESSAGE][PASSED] - Text 'petunjuuuuuukkk' has been set to element 'Object Repository/Borrower/Borrower - Pekerjaan/Borrower_Pekerjaan_InpPetunjukAlamat'

2019-10-22 12:54:54 - [TEST_STEP][PASSED] - setText(findTestObject("Borrower/Borrower - Pekerjaan/Borrower_Pekerjaan_InpKodeArea"), BPvarKodeArea, 0): Text '021' has been set to element 'Object Repository/Borrower/Borrower - Pekerjaan/Borrower_Pekerjaan_InpKodeArea'

2019-10-22 12:54:54 - [MESSAGE][WARNING] - Timeout '0' is invalid. Using default page load timeout: '30'

2019-10-22 12:54:57 - [MESSAGE][PASSED] - Text '021' has been set to element 'Object Repository/Borrower/Borrower - Pekerjaan/Borrower_Pekerjaan_InpKodeArea'

2019-10-22 12:54:57 - [TEST_STEP][PASSED] - setText(findTestObject("Borrower/Borrower - Pekerjaan/Borrower_Pekerjaan_InpNoTeleponKantor"), BPvarNoTeleponKantor, 0): Text '123123' has been set to element 'Object Repository/Borrower/Borrower - Pekerjaan/Borrower_Pekerjaan_InpNoTeleponKantor'

2019-10-22 12:54:58 - [MESSAGE][WARNING] - Timeout '0' is invalid. Using default page load timeout: '30'

2019-10-22 12:55:00 - [MESSAGE][PASSED] - Text '123123' has been set to element 'Object Repository/Borrower/Borrower - Pekerjaan/Borrower_Pekerjaan_InpNoTeleponKantor'

2019-10-22 12:55:00 - [TEST_STEP][PASSED] - setText(findTestObject("Borrower/Borrower - Pekerjaan/Borrower_Pekerjaan_InpExt"), BPvarEXT, 0): Text '23' has been set to element 'Object Repository/Borrower/Borrower - Pekerjaan/Borrower_Pekerjaan_InpExt'

2019-10-22 12:55:00 - [MESSAGE][WARNING] - Timeout '0' is invalid. Using default page load timeout: '30'

2019-10-22 12:55:03 - [MESSAGE][PASSED] - Text '23' has been set to element 'Object Repository/Borrower/Borrower - Pekerjaan/Borrower_Pekerjaan_InpExt'

2019-10-22 12:55:03 - [TEST_STEP][PASSED] - setText(findTestObject("Borrower/Borrower - Pekerjaan/Borrower_Pekerjaan_InpTeleponSeluler"), BPvarTeleponSeluler, 0): Text '08142334' has been set to element 'Object Repository/Borrower/Borrower - Pekerjaan/Borrower_Pekerjaan_InpTeleponSeluler'

2019-10-22 12:55:03 - [MESSAGE][WARNING] - Timeout '0' is invalid. Using default page load timeout: '30'

2019-10-22 12:55:06 - [MESSAGE][PASSED] - Text '08142334' has been set to element 'Object Repository/Borrower/Borrower - Pekerjaan/Borrower_Pekerjaan_InpTeleponSeluler'

2019-10-22 12:55:06 - [MESSAGE][PASSED] - Call Test Case 'Test Cases/Data Entry/Borrower/Borrower - Pekerjaan/MASTER FLOW/TC_Borrower - Pekerjaan - MASTER FLOW' successfully

2019-10-22 12:55:06 - [TEST_STEP][PASSED] - delay(5, STOP_ON_FAILURE): Delayed 5 second(s)

2019-10-22 12:55:11 - [MESSAGE][PASSED] - Delayed 5 second(s)

2019-10-22 12:55:11 - [TEST_STEP][PASSED] - mobile.mobileSwipe.RightLeft(0.9, 0.5, 1000): mobile.mobileSwipe.RightLeft is PASSED

2019-10-22 12:55:12 - [MESSAGE][PASSED] - Current device physical width is 1080

2019-10-22 12:55:12 - [MESSAGE][PASSED] - Current device physical height is 2131

2019-10-22 12:55:13 - [MESSAGE][INFO] - Device Height : 2131

2019-10-22 12:55:13 - [MESSAGE][INFO] - Device Width : 1080

2019-10-22 12:55:13 - [MESSAGE][INFO] - Swipe start at Width : 971

2019-10-22 12:55:13 - [MESSAGE][INFO] - Swipe end at Witdh : 540

2019-10-22 12:55:13 - [MESSAGE][INFO] - Y Position : 1000

2019-10-22 12:55:15 - [MESSAGE][PASSED] - Swiped from 971,1,000 to 540,1,000

2019-10-22 12:55:15 - [MESSAGE][PASSED] - mobile.mobileSwipe.RightLeft is PASSED

2019-10-22 12:55:15 - [TEST_STEP][PASSED] - if (BvarUsahaTab == "Ya"): null

2019-10-22 12:55:15 - [TEST_STEP][PASSED] - mobile.mobileSwipe.RightLeft(0.9, 0.5, 1000): mobile.mobileSwipe.RightLeft is PASSED

2019-10-22 12:55:16 - [MESSAGE][PASSED] - Current device physical width is 1080

2019-10-22 12:55:17 - [MESSAGE][PASSED] - Current device physical height is 2131

2019-10-22 12:55:17 - [MESSAGE][INFO] - Device Height : 2131

2019-10-22 12:55:17 - [MESSAGE][INFO] - Device Width : 1080

2019-10-22 12:55:17 - [MESSAGE][INFO] - Swipe start at Width : 971

2019-10-22 12:55:17 - [MESSAGE][INFO] - Swipe end at Witdh : 540

2019-10-22 12:55:17 - [MESSAGE][INFO] - Y Position : 1000

2019-10-22 12:55:19 - [MESSAGE][PASSED] - Swiped from 971,1,000 to 540,1,000

2019-10-22 12:55:19 - [MESSAGE][PASSED] - mobile.mobileSwipe.RightLeft is PASSED

2019-10-22 12:55:19 - [TEST_STEP][PASSED] - mobile.mobileSwipe.UpDown(0.2, 0.8, 1000): mobile.mobileSwipe.UpDown is PASSED

2019-10-22 12:55:20 - [MESSAGE][PASSED] - Current device physical height is 2131

2019-10-22 12:55:20 - [MESSAGE][INFO] - Device Height : 2131

2019-10-22 12:55:21 - [MESSAGE][PASSED] - Current device physical width is 1080

2019-10-22 12:55:21 - [MESSAGE][INFO] - Device Width : 1080

2019-10-22 12:55:21 - [MESSAGE][INFO] - Swipe start at Height : 426

2019-10-22 12:55:21 - [MESSAGE][INFO] - Swipe end at Height : 1704

2019-10-22 12:55:21 - [MESSAGE][INFO] - X Position : 1000

2019-10-22 12:55:23 - [MESSAGE][PASSED] - Swiped from 1,000,426 to 1,000,1,704

2019-10-22 12:55:23 - [MESSAGE][PASSED] - mobile.mobileSwipe.UpDown is PASSED

2019-10-22 12:55:23 - [TEST_STEP][PASSED] - callTestCase(findTestCase("Data Entry/Borrower/Borrower - Emergency Contact/MASTER FLOW/TC_Borrower - Emergency Contact - MASTER FLOW"), ["BEvarNamaLengkap":BEvarNamaLengkap, "BEvarHubungan":BEvarHubungan, "BEvarAlamat":BEvarAlamat, "BEvarRT":BEvarRT, "BEvarRW":BEvarRW, ... ], STOP_ON_FAILURE): Call Test Case 'Test Cases/Data Entry/Borrower/Borrower - Emergency Contact/MASTER FLOW/TC_Borrower - Emergency Contact - MASTER FLOW' successfully

2019-10-22 12:55:23 - [TEST_CASE][PASSED] - Test Cases/Data Entry/Borrower/Borrower - Emergency Contact/MASTER FLOW/TC_Borrower - Emergency Contact - MASTER FLOW: Test Cases/Data Entry/Borrower/Borrower - Emergency Contact/MASTER FLOW/TC_Borrower - Emergency Contact - MASTER FLOW

2019-10-22 12:55:23 - [TEST_STEP][PASSED] - setText(findTestObject("Borrower/Borrower - Emergency/Borrower_Emergency_InpNamaLengkap"), BEvarNamaLengkap, 0): Text 'sdasdasdasdasdasdasd' has been set to element 'Object Repository/Borrower/Borrower - Emergency/Borrower_Emergency_InpNamaLengkap'

2019-10-22 12:55:23 - [MESSAGE][WARNING] - Timeout '0' is invalid. Using default page load timeout: '30'

2019-10-22 12:55:26 - [MESSAGE][PASSED] - Text 'sdasdasdasdasdasdasd' has been set to element 'Object Repository/Borrower/Borrower - Emergency/Borrower_Emergency_InpNamaLengkap'

2019-10-22 12:55:26 - [TEST_STEP][PASSED] - tap(findTestObject("Borrower/Borrower - Emergency/Borrower_Emergency_TxtHubungan"), 0): Tapped on element 'Object Repository/Borrower/Borrower - Emergency/Borrower_Emergency_TxtHubungan'

2019-10-22 12:55:26 - [MESSAGE][WARNING] - Timeout '0' is invalid. Using default page load timeout: '30'

2019-10-22 12:55:30 - [MESSAGE][PASSED] - Tapped on element 'Object Repository/Borrower/Borrower - Emergency/Borrower_Emergency_TxtHubungan'

2019-10-22 12:55:30 - [TEST_STEP][PASSED] - tap(findTestObject("dynamic object/pickListItem_checkedTextView", ["text":BEvarHubungan]), 0): Tapped on element 'Object Repository/dynamic object/pickListItem_checkedTextView'

2019-10-22 12:55:30 - [MESSAGE][WARNING] - Timeout '0' is invalid. Using default page load timeout: '30'

2019-10-22 12:55:31 - [MESSAGE][PASSED] - Tapped on element 'Object Repository/dynamic object/pickListItem_checkedTextView'

2019-10-22 12:55:31 - [TEST_STEP][PASSED] - setText(findTestObject("Borrower/Borrower - Emergency/Borrower_Emergency_InpAlamat"), BEvarAlamat, 0): Text 'aalamatss' has been set to element 'Object Repository/Borrower/Borrower - Emergency/Borrower_Emergency_InpAlamat'

2019-10-22 12:55:32 - [MESSAGE][WARNING] - Timeout '0' is invalid. Using default page load timeout: '30'

2019-10-22 12:55:34 - [MESSAGE][PASSED] - Text 'aalamatss' has been set to element 'Object Repository/Borrower/Borrower - Emergency/Borrower_Emergency_InpAlamat'

2019-10-22 12:55:34 - [TEST_STEP][PASSED] - setText(findTestObject("Borrower/Borrower - Emergency/Borrower_Emergency_InpRT"), BEvarRT, 0): Text '458' has been set to element 'Object Repository/Borrower/Borrower - Emergency/Borrower_Emergency_InpRT'

2019-10-22 12:55:34 - [MESSAGE][WARNING] - Timeout '0' is invalid. Using default page load timeout: '30'

2019-10-22 12:55:38 - [MESSAGE][PASSED] - Text '458' has been set to element 'Object Repository/Borrower/Borrower - Emergency/Borrower_Emergency_InpRT'

2019-10-22 12:55:38 - [TEST_STEP][PASSED] - setText(findTestObject("Borrower/Borrower - Emergency/Borrower_Emergency_InpRW"), BEvarRW, 0): Text '223' has been set to element 'Object Repository/Borrower/Borrower - Emergency/Borrower_Emergency_InpRW'

2019-10-22 12:55:38 - [MESSAGE][WARNING] - Timeout '0' is invalid. Using default page load timeout: '30'

2019-10-22 12:55:41 - [MESSAGE][PASSED] - Text '223' has been set to element 'Object Repository/Borrower/Borrower - Emergency/Borrower_Emergency_InpRW'

2019-10-22 12:55:41 - [TEST_STEP][PASSED] - setText(findTestObject("Borrower/Borrower - Emergency/Borrower_Emergency_InpKodePos"), BEvarKodePos, 0): Text '10124' has been set to element 'Object Repository/Borrower/Borrower - Emergency/Borrower_Emergency_InpKodePos'

2019-10-22 12:55:41 - [MESSAGE][WARNING] - Timeout '0' is invalid. Using default page load timeout: '30'

2019-10-22 12:55:45 - [MESSAGE][PASSED] - Text '10124' has been set to element 'Object Repository/Borrower/Borrower - Emergency/Borrower_Emergency_InpKodePos'

2019-10-22 12:55:45 - [TEST_STEP][PASSED] - tap(findTestObject("Borrower/Borrower - Emergency/Borrower_Emergency_InpKodePos"), 0, STOP_ON_FAILURE): Tapped on element 'Object Repository/Borrower/Borrower - Emergency/Borrower_Emergency_InpKodePos'

2019-10-22 12:55:45 - [MESSAGE][WARNING] - Timeout '0' is invalid. Using default page load timeout: '30'

2019-10-22 12:55:49 - [MESSAGE][PASSED] - Tapped on element 'Object Repository/Borrower/Borrower - Emergency/Borrower_Emergency_InpKodePos'

2019-10-22 12:55:49 - [TEST_STEP][PASSED] - tap(findTestObject("Borrower/Borrower - Emergency/Borrower_Emergency_LOVKodePos"), 0): Tapped on element 'Object Repository/Borrower/Borrower - Emergency/Borrower_Emergency_LOVKodePos'

2019-10-22 12:55:49 - [MESSAGE][WARNING] - Timeout '0' is invalid. Using default page load timeout: '30'

2019-10-22 12:55:53 - [MESSAGE][PASSED] - Tapped on element 'Object Repository/Borrower/Borrower - Emergency/Borrower_Emergency_LOVKodePos'

2019-10-22 12:55:53 - [TEST_STEP][PASSED] - setText(findTestObject("Borrower/Borrower - Emergency/Borrower_Emergency_InpKodeArea"), BEvarKodeArea, 0): Text '021' has been set to element 'Object Repository/Borrower/Borrower - Emergency/Borrower_Emergency_InpKodeArea'

2019-10-22 12:55:53 - [MESSAGE][WARNING] - Timeout '0' is invalid. Using default page load timeout: '30'

2019-10-22 12:55:56 - [MESSAGE][PASSED] - Text '021' has been set to element 'Object Repository/Borrower/Borrower - Emergency/Borrower_Emergency_InpKodeArea'

2019-10-22 12:55:56 - [TEST_STEP][PASSED] - setText(findTestObject("Borrower/Borrower - Emergency/Borrower_Emergency_InpNoTelponKantor"), BEvarNoTelponKantor, 0): Text '344534' has been set to element 'Object Repository/Borrower/Borrower - Emergency/Borrower_Emergency_InpNoTelponKantor'

2019-10-22 12:55:56 - [MESSAGE][WARNING] - Timeout '0' is invalid. Using default page load timeout: '30'

2019-10-22 12:56:00 - [MESSAGE][PASSED] - Text '344534' has been set to element 'Object Repository/Borrower/Borrower - Emergency/Borrower_Emergency_InpNoTelponKantor'

2019-10-22 12:56:00 - [TEST_STEP][PASSED] - setText(findTestObject("Borrower/Borrower - Emergency/Borrower_Emergency_InpExt"), BEvarEXT, 0): Text '344' has been set to element 'Object Repository/Borrower/Borrower - Emergency/Borrower_Emergency_InpExt'

2019-10-22 12:56:00 - [MESSAGE][WARNING] - Timeout '0' is invalid. Using default page load timeout: '30'

2019-10-22 12:56:03 - [MESSAGE][PASSED] - Text '344' has been set to element 'Object Repository/Borrower/Borrower - Emergency/Borrower_Emergency_InpExt'

2019-10-22 12:56:03 - [TEST_STEP][PASSED] - setText(findTestObject("Borrower/Borrower - Emergency/Borrower_Emergency_InpTeleponSelular"), BEvarTeleponSelular, 0): Text '0817171717' has been set to element 'Object Repository/Borrower/Borrower - Emergency/Borrower_Emergency_InpTeleponSelular'

2019-10-22 12:56:03 - [MESSAGE][WARNING] - Timeout '0' is invalid. Using default page load timeout: '30'

2019-10-22 12:56:06 - [MESSAGE][PASSED] - Text '0817171717' has been set to element 'Object Repository/Borrower/Borrower - Emergency/Borrower_Emergency_InpTeleponSelular'

2019-10-22 12:56:06 - [TEST_STEP][PASSED] - mobile.mobileSwipe.UpDown(0.7, 0.5, 1000): mobile.mobileSwipe.UpDown is PASSED

2019-10-22 12:56:06 - [MESSAGE][PASSED] - Current device physical height is 2131

2019-10-22 12:56:06 - [MESSAGE][INFO] - Device Height : 2131

2019-10-22 12:56:07 - [MESSAGE][PASSED] - Current device physical width is 1080

2019-10-22 12:56:07 - [MESSAGE][INFO] - Device Width : 1080

2019-10-22 12:56:07 - [MESSAGE][INFO] - Swipe start at Height : 1491

2019-10-22 12:56:07 - [MESSAGE][INFO] - Swipe end at Height : 1065

2019-10-22 12:56:07 - [MESSAGE][INFO] - X Position : 1000

2019-10-22 12:56:10 - [MESSAGE][PASSED] - Swiped from 1,000,1,491 to 1,000,1,065

2019-10-22 12:56:10 - [MESSAGE][PASSED] - mobile.mobileSwipe.UpDown is PASSED

2019-10-22 12:56:10 - [TEST_STEP][PASSED] - setText(findTestObject("Borrower/Borrower - Emergency/Borrower_Emergency_InpEmail"), BEvarEmail, 0): Text 'ajdalsjdk@a.c' has been set to element 'Object Repository/Borrower/Borrower - Emergency/Borrower_Emergency_InpEmail'

2019-10-22 12:56:10 - [MESSAGE][WARNING] - Timeout '0' is invalid. Using default page load timeout: '30'

2019-10-22 12:56:12 - [MESSAGE][PASSED] - Text 'ajdalsjdk@a.c' has been set to element 'Object Repository/Borrower/Borrower - Emergency/Borrower_Emergency_InpEmail'

2019-10-22 12:56:12 - [MESSAGE][PASSED] - Call Test Case 'Test Cases/Data Entry/Borrower/Borrower - Emergency Contact/MASTER FLOW/TC_Borrower - Emergency Contact - MASTER FLOW' successfully

2019-10-22 12:56:12 - [MESSAGE][PASSED] - Call Test Case 'Test Cases/Data Entry/Borrower/Flow Borrower' successfully

2019-10-22 12:56:12 - [TEST_STEP][PASSED] - delay(10, STOP_ON_FAILURE): Delayed 10 second(s)

2019-10-22 12:56:22 - [MESSAGE][PASSED] - Delayed 10 second(s)

2019-10-22 12:56:22 - [TEST_STEP][PASSED] - tap(findTestObject("dynamic object/BtnBerikutnya"), 0): Tapped on element 'Object Repository/dynamic object/BtnBerikutnya'

2019-10-22 12:56:22 - [MESSAGE][WARNING] - Timeout '0' is invalid. Using default page load timeout: '30'

2019-10-22 12:56:26 - [MESSAGE][PASSED] - Tapped on element 'Object Repository/dynamic object/BtnBerikutnya'

2019-10-22 12:56:26 - [TEST_STEP][PASSED] - verifyElementVisible(findTestObject("Borrower/TxtSemuaDataSudahDiisi"), 80, OPTIONAL): Element 'Object Repository/Borrower/TxtSemuaDataSudahDiisi' is visible

2019-10-22 12:56:33 - [MESSAGE][PASSED] - Element 'Object Repository/Borrower/TxtSemuaDataSudahDiisi' is visible

2019-10-22 12:56:33 - [TEST_STEP][NOT_RUN] - if (AllStatusPerkawinan == "Married"): NOT_RUN: if (AllStatusPerkawinan == "Married")

2019-10-22 12:56:33 - [MESSAGE][NOT_RUN] - NOT_RUN: if (AllStatusPerkawinan == "Married")

2019-10-22 12:56:33 - [TEST_STEP][NOT_RUN] - if (AllGuarantor == "Ya"): NOT_RUN: if (AllGuarantor == "Ya")

2019-10-22 12:56:33 - [MESSAGE][NOT_RUN] - NOT_RUN: if (AllGuarantor == "Ya")

2019-10-22 12:56:33 - [TEST_STEP][PASSED] - delay(10, STOP_ON_FAILURE): Delayed 10 second(s)

2019-10-22 12:56:43 - [MESSAGE][PASSED] - Delayed 10 second(s)

2019-10-22 12:56:43 - [TEST_STEP][PASSED] - tap(findTestObject("dynamic object/BtnBerikutnya"), 0): Tapped on element 'Object Repository/dynamic object/BtnBerikutnya'

2019-10-22 12:56:43 - [MESSAGE][WARNING] - Timeout '0' is invalid. Using default page load timeout: '30'

2019-10-22 12:56:48 - [MESSAGE][PASSED] - Tapped on element 'Object Repository/dynamic object/BtnBerikutnya'

2019-10-22 12:56:48 - [TEST_STEP][PASSED] - delay(10, STOP_ON_FAILURE): Delayed 10 second(s)

2019-10-22 12:56:58 - [MESSAGE][PASSED] - Delayed 10 second(s)

2019-10-22 12:56:58 - [TEST_STEP][PASSED] - callTestCase(findTestCase("Data Entry/Penghasilan/MASTER FLOW/TC_Penghasilan - MASTER FLOW"), ["varPenghasilanKotorSatu":varPenghasilanKotorSatu, "varPenghasilanKotorDua":varPenghasilanKotorDua, "varPenghasilanKotorTiga":varPenghasilanKotorTiga, ... ], STOP_ON_FAILURE): Call Test Case 'Test Cases/Data Entry/Penghasilan/MASTER FLOW/TC_Penghasilan - MASTER FLOW' successfully

2019-10-22 12:56:58 - [TEST_CASE][PASSED] - Test Cases/Data Entry/Penghasilan/MASTER FLOW/TC_Penghasilan - MASTER FLOW: Test Cases/Data Entry/Penghasilan/MASTER FLOW/TC_Penghasilan - MASTER FLOW

2019-10-22 12:56:58 - [TEST_STEP][PASSED] - tap(findTestObject("Penghasilan/Penghasilan_BtnPenghasilanSatu"), 0): Tapped on element 'Object Repository/Penghasilan/Penghasilan_BtnPenghasilanSatu'

2019-10-22 12:56:59 - [MESSAGE][WARNING] - Timeout '0' is invalid. Using default page load timeout: '30'

2019-10-22 12:57:01 - [MESSAGE][PASSED] - Tapped on element 'Object Repository/Penghasilan/Penghasilan_BtnPenghasilanSatu'

2019-10-22 12:57:01 - [TEST_STEP][PASSED] - if (varSumberPenghasilanSatu == "Usaha"): null

2019-10-22 12:57:01 - [TEST_STEP][PASSED] - switch (varPemilikPenghasilanSatu.toString()): null

2019-10-22 12:57:01 - [TEST_STEP][PASSED] - case "Borrower":: null

2019-10-22 12:57:01 - [TEST_STEP][PASSED] - tap(findTestObject("Penghasilan/Penghasilan_PenghasilanSatu_BtnPemilikPenghasilan - Borrower"), 0): Tapped on element 'Object Repository/Penghasilan/Penghasilan_PenghasilanSatu_BtnPemilikPenghasilan - Borrower'

2019-10-22 12:57:01 - [MESSAGE][WARNING] - Timeout '0' is invalid. Using default page load timeout: '30'

2019-10-22 12:57:03 - [MESSAGE][PASSED] - Tapped on element 'Object Repository/Penghasilan/Penghasilan_PenghasilanSatu_BtnPemilikPenghasilan - Borrower'

2019-10-22 12:57:03 - [TEST_STEP][PASSED] - break: null

2019-10-22 12:57:03 - [TEST_STEP][PASSED] - tap(findTestObject("Penghasilan/Penghasilan_PenghasilanSatu_TxtJenisPekerjaanAtauUsaha"), 0): Tapped on element 'Object Repository/Penghasilan/Penghasilan_PenghasilanSatu_TxtJenisPekerjaanAtauUsaha'

2019-10-22 12:57:03 - [MESSAGE][WARNING] - Timeout '0' is invalid. Using default page load timeout: '30'

2019-10-22 12:57:05 - [MESSAGE][PASSED] - Tapped on element 'Object Repository/Penghasilan/Penghasilan_PenghasilanSatu_TxtJenisPekerjaanAtauUsaha'

2019-10-22 12:57:05 - [TEST_STEP][PASSED] - tap(findTestObject("dynamic object/pickListItem_checkedTextView", ["text":varJenisPekerjaanAtauUsahaSatu]), 0): Tapped on element 'Object Repository/dynamic object/pickListItem_checkedTextView'

2019-10-22 12:57:05 - [MESSAGE][WARNING] - Timeout '0' is invalid. Using default page load timeout: '30'

2019-10-22 12:57:07 - [MESSAGE][PASSED] - Tapped on element 'Object Repository/dynamic object/pickListItem_checkedTextView'

2019-10-22 12:57:07 - [TEST_STEP][PASSED] - setText(findTestObject("Penghasilan/Penghasilan_PenghasilanSatu_InpPenghasilanKotor"), varPenghasilanKotorSatu, 0): Text '9000000' has been set to element 'Object Repository/Penghasilan/Penghasilan_PenghasilanSatu_InpPenghasilanKotor'

2019-10-22 12:57:07 - [MESSAGE][WARNING] - Timeout '0' is invalid. Using default page load timeout: '30'

2019-10-22 12:57:09 - [MESSAGE][PASSED] - Text '9000000' has been set to element 'Object Repository/Penghasilan/Penghasilan_PenghasilanSatu_InpPenghasilanKotor'

2019-10-22 12:57:09 - [TEST_STEP][PASSED] - if (varPenghasilanDua == "Y"): null

2019-10-22 12:57:09 - [TEST_STEP][PASSED] - if (varPenghasilanTiga == "Y"): null

2019-10-22 12:57:09 - [TEST_STEP][PASSED] - tap(findTestObject("Penghasilan/Penghasilan_BtnBerikutnya"), 0): Tapped on element 'Object Repository/Penghasilan/Penghasilan_BtnBerikutnya'

2019-10-22 12:57:09 - [MESSAGE][WARNING] - Timeout '0' is invalid. Using default page load timeout: '30'

2019-10-22 12:57:12 - [MESSAGE][PASSED] - Tapped on element 'Object Repository/Penghasilan/Penghasilan_BtnBerikutnya'

2019-10-22 12:57:12 - [MESSAGE][PASSED] - Call Test Case 'Test Cases/Data Entry/Penghasilan/MASTER FLOW/TC_Penghasilan - MASTER FLOW' successfully

2019-10-22 12:57:12 - [TEST_STEP][PASSED] - callTestCase(findTestCase("Data Entry/Bank Account/Bank Account/MASTER FLOW/TC_Bank Account - Bank Account - MASTER FLOW"), ["varNamaCabang":varNamaCabang, "varNomorRekening":varNomorRekening, "varNamaPemegangRekening":varNamaPemegangRekening, "varSumberDanaBilaTidakBekerja":varSumberDanaBilaTidakBekerja, ... ], STOP_ON_FAILURE): Call Test Case 'Test Cases/Data Entry/Bank Account/Bank Account/MASTER FLOW/TC_Bank Account - Bank Account - MASTER FLOW' successfully

2019-10-22 12:57:12 - [TEST_CASE][PASSED] - Test Cases/Data Entry/Bank Account/Bank Account/MASTER FLOW/TC_Bank Account - Bank Account - MASTER FLOW: Test Cases/Data Entry/Bank Account/Bank Account/MASTER FLOW/TC_Bank Account - Bank Account - MASTER FLOW

2019-10-22 12:57:13 - [TEST_STEP][PASSED] - switch (varMetodePembayaran.toString()): null

2019-10-22 12:57:13 - [TEST_STEP][PASSED] - case "Giro":: null

2019-10-22 12:57:13 - [TEST_STEP][PASSED] - tap(findTestObject("Bank Account/Bank Account - Bank Account/BankAccount_BankAccount_BtnMetodePembayaran - Giro"), 0): Tapped on element 'Object Repository/Bank Account/Bank Account - Bank Account/BankAccount_BankAccount_BtnMetodePembayaran - Giro'

2019-10-22 12:57:13 - [MESSAGE][WARNING] - Timeout '0' is invalid. Using default page load timeout: '30'

2019-10-22 12:57:16 - [MESSAGE][PASSED] - Tapped on element 'Object Repository/Bank Account/Bank Account - Bank Account/BankAccount_BankAccount_BtnMetodePembayaran - Giro'

2019-10-22 12:57:16 - [TEST_STEP][PASSED] - break: null

2019-10-22 12:57:16 - [TEST_STEP][PASSED] - setText(findTestObject("Bank Account/Bank Account - Bank Account/BankAccount_BankAccount_InpNamaCabang"), varNamaCabang, 0): Text 'BNI-BGR-CITEREUP' has been set to element 'Object Repository/Bank Account/Bank Account - Bank Account/BankAccount_BankAccount_InpNamaCabang'

2019-10-22 12:57:16 - [MESSAGE][WARNING] - Timeout '0' is invalid. Using default page load timeout: '30'

2019-10-22 12:57:17 - [MESSAGE][PASSED] - Text 'BNI-BGR-CITEREUP' has been set to element 'Object Repository/Bank Account/Bank Account - Bank Account/BankAccount_BankAccount_InpNamaCabang'

2019-10-22 12:57:17 - [TEST_STEP][PASSED] - tap(findTestObject("Bank Account/Bank Account - Bank Account/BankAccount_BankAccount_InpNamaCabang"), 0, STOP_ON_FAILURE): Tapped on element 'Object Repository/Bank Account/Bank Account - Bank Account/BankAccount_BankAccount_InpNamaCabang'

2019-10-22 12:57:17 - [MESSAGE][WARNING] - Timeout '0' is invalid. Using default page load timeout: '30'

2019-10-22 12:57:20 - [MESSAGE][PASSED] - Tapped on element 'Object Repository/Bank Account/Bank Account - Bank Account/BankAccount_BankAccount_InpNamaCabang'

2019-10-22 12:57:20 - [TEST_STEP][PASSED] - mobile.picklist.List(findTestObject("dynamic object/pickListItem_viewView", ["text":varNamaCabang]), OPTIONAL): mobile.picklist.List is PASSED

2019-10-22 12:57:20 - [MESSAGE][WARNING] - Timeout '0' is invalid. Using default page load timeout: '30'

2019-10-22 12:57:21 - [MESSAGE][PASSED] - Object 'Object Repository/dynamic object/pickListItem_viewView' has top position '965'

2019-10-22 12:57:21 - [MESSAGE][WARNING] - Timeout '0' is invalid. Using default page load timeout: '30'

2019-10-22 12:57:22 - [MESSAGE][PASSED] - Object 'Object Repository/dynamic object/pickListItem_viewView' has left position '76'

2019-10-22 12:57:22 - [MESSAGE][PASSED] - Tapped at [76, 1,080]

2019-10-22 12:57:22 - [MESSAGE][PASSED] - mobile.picklist.List is PASSED

2019-10-22 12:57:22 - [TEST_STEP][PASSED] - setText(findTestObject("Bank Account/Bank Account - Bank Account/BankAccount_BankAccount_InpNomorRekening"), varNomorRekening, 0): Text '385612585' has been set to element 'Object Repository/Bank Account/Bank Account - Bank Account/BankAccount_BankAccount_InpNomorRekening'

2019-10-22 12:57:22 - [MESSAGE][WARNING] - Timeout '0' is invalid. Using default page load timeout: '30'

2019-10-22 12:57:24 - [MESSAGE][PASSED] - Text '385612585' has been set to element 'Object Repository/Bank Account/Bank Account - Bank Account/BankAccount_BankAccount_InpNomorRekening'

2019-10-22 12:57:24 - [TEST_STEP][PASSED] - setText(findTestObject("Bank Account/Bank Account - Bank Account/BankAccount_BankAccount_InpNamaPemegangRekening"), varNamaPemegangRekening, 0): Text 'TUHONI LAOLI' has been set to element 'Object Repository/Bank Account/Bank Account - Bank Account/BankAccount_BankAccount_InpNamaPemegangRekening'

2019-10-22 12:57:24 - [MESSAGE][WARNING] - Timeout '0' is invalid. Using default page load timeout: '30'

2019-10-22 12:57:26 - [MESSAGE][PASSED] - Text 'TUHONI LAOLI' has been set to element 'Object Repository/Bank Account/Bank Account - Bank Account/BankAccount_BankAccount_InpNamaPemegangRekening'

2019-10-22 12:57:26 - [TEST_STEP][NOT_RUN] - if (varPembukaanRekeningPermata == "Y"): NOT_RUN: if (varPembukaanRekeningPermata == "Y")

2019-10-22 12:57:26 - [MESSAGE][NOT_RUN] - NOT_RUN: if (varPembukaanRekeningPermata == "Y")

2019-10-22 12:57:26 - [MESSAGE][PASSED] - Call Test Case 'Test Cases/Data Entry/Bank Account/Bank Account/MASTER FLOW/TC_Bank Account - Bank Account - MASTER FLOW' successfully

2019-10-22 12:57:26 - [TEST_STEP][PASSED] - callTestCase(findTestCase("Data Entry/Bank Account/Bank History/MASTER FLOW/TC_Bank Account - Bank History - MASTER FLOW"), ["varNamaBank":varNamaBank, "varNomorRekening":varNomorRekening, "varNamaPemegangRekening":varNamaPemegangRekening, "varBulan":varBulan, ... ], STOP_ON_FAILURE): Call Test Case 'Test Cases/Data Entry/Bank Account/Bank History/MASTER FLOW/TC_Bank Account - Bank History - MASTER FLOW' successfully

2019-10-22 12:57:26 - [TEST_CASE][PASSED] - Test Cases/Data Entry/Bank Account/Bank History/MASTER FLOW/TC_Bank Account - Bank History - MASTER FLOW: Test Cases/Data Entry/Bank Account/Bank History/MASTER FLOW/TC_Bank Account - Bank History - MASTER FLOW

2019-10-22 12:57:26 - [TEST_STEP][PASSED] - tap(findTestObject("Bank Account/TAB/BankAccount_TabBankHistory"), 0): Tapped on element 'Object Repository/Bank Account/TAB/BankAccount_TabBankHistory'

2019-10-22 12:57:26 - [MESSAGE][WARNING] - Timeout '0' is invalid. Using default page load timeout: '30'

2019-10-22 12:57:29 - [MESSAGE][PASSED] - Tapped on element 'Object Repository/Bank Account/TAB/BankAccount_TabBankHistory'

2019-10-22 12:57:29 - [TEST_STEP][PASSED] - setText(findTestObject("Bank Account/Bank Account - Bank History/BankAccount_BankHistory_InpNamaBank"), varNamaBank, 0): Text 'BNI-BGR-CITEREUP' has been set to element 'Object Repository/Bank Account/Bank Account - Bank History/BankAccount_BankHistory_InpNamaBank'

2019-10-22 12:57:29 - [MESSAGE][WARNING] - Timeout '0' is invalid. Using default page load timeout: '30'

2019-10-22 12:57:30 - [MESSAGE][PASSED] - Text 'BNI-BGR-CITEREUP' has been set to element 'Object Repository/Bank Account/Bank Account - Bank History/BankAccount_BankHistory_InpNamaBank'

2019-10-22 12:57:30 - [TEST_STEP][PASSED] - tap(findTestObject("Bank Account/Bank Account - Bank History/BankAccount_BankHistory_InpNamaBank"), 0, STOP_ON_FAILURE): Tapped on element 'Object Repository/Bank Account/Bank Account - Bank History/BankAccount_BankHistory_InpNamaBank'

2019-10-22 12:57:30 - [MESSAGE][WARNING] - Timeout '0' is invalid. Using default page load timeout: '30'

2019-10-22 12:57:33 - [MESSAGE][PASSED] - Tapped on element 'Object Repository/Bank Account/Bank Account - Bank History/BankAccount_BankHistory_InpNamaBank'

2019-10-22 12:57:33 - [TEST_STEP][PASSED] - mobile.picklist.List(findTestObject("dynamic object/pickListItem_viewView", ["text":varNamaBank]), STOP_ON_FAILURE): mobile.picklist.List is PASSED

2019-10-22 12:57:33 - [MESSAGE][WARNING] - Timeout '0' is invalid. Using default page load timeout: '30'

2019-10-22 12:57:33 - [MESSAGE][PASSED] - Object 'Object Repository/dynamic object/pickListItem_viewView' has top position '755'

2019-10-22 12:57:33 - [MESSAGE][WARNING] - Timeout '0' is invalid. Using default page load timeout: '30'

2019-10-22 12:57:34 - [MESSAGE][PASSED] - Object 'Object Repository/dynamic object/pickListItem_viewView' has left position '78'

2019-10-22 12:57:34 - [MESSAGE][PASSED] - Tapped at [78, 870]

2019-10-22 12:57:34 - [MESSAGE][PASSED] - mobile.picklist.List is PASSED

2019-10-22 12:57:34 - [TEST_STEP][PASSED] - setText(findTestObject("Bank Account/Bank Account - Bank History/BankAccount_BankHistory_InpNomorRekening"), varNomorRekening, 0): Text '385612585' has been set to element 'Object Repository/Bank Account/Bank Account - Bank History/BankAccount_BankHistory_InpNomorRekening'

2019-10-22 12:57:34 - [MESSAGE][WARNING] - Timeout '0' is invalid. Using default page load timeout: '30'

2019-10-22 12:57:37 - [MESSAGE][PASSED] - Text '385612585' has been set to element 'Object Repository/Bank Account/Bank Account - Bank History/BankAccount_BankHistory_InpNomorRekening'

2019-10-22 12:57:37 - [TEST_STEP][PASSED] - setText(findTestObject("Bank Account/Bank Account - Bank History/BankAccount_BankHistory_InpNamaPemegangRekening"), varNamaPemegangRekening, 0): Text 'TUHONI LAOLI' has been set to element 'Object Repository/Bank Account/Bank Account - Bank History/BankAccount_BankHistory_InpNamaPemegangRekening'

2019-10-22 12:57:37 - [MESSAGE][WARNING] - Timeout '0' is invalid. Using default page load timeout: '30'

2019-10-22 12:57:39 - [MESSAGE][PASSED] - Text 'TUHONI LAOLI' has been set to element 'Object Repository/Bank Account/Bank Account - Bank History/BankAccount_BankHistory_InpNamaPemegangRekening'

2019-10-22 12:57:39 - [TEST_STEP][PASSED] - delay(10, STOP_ON_FAILURE): Delayed 10 second(s)

2019-10-22 12:57:49 - [MESSAGE][PASSED] - Delayed 10 second(s)

2019-10-22 12:57:49 - [TEST_STEP][NOT_RUN] - if (varTambahBankHistory == "Y"): NOT_RUN: if (varTambahBankHistory == "Y")

2019-10-22 12:57:49 - [MESSAGE][NOT_RUN] - NOT_RUN: if (varTambahBankHistory == "Y")

2019-10-22 12:57:49 - [MESSAGE][PASSED] - Call Test Case 'Test Cases/Data Entry/Bank Account/Bank History/MASTER FLOW/TC_Bank Account - Bank History - MASTER FLOW' successfully

2019-10-22 12:57:49 - [TEST_STEP][PASSED] - tap(findTestObject("dynamic object/BtnBerikutnya"), 0): Tapped on element 'Object Repository/dynamic object/BtnBerikutnya'

2019-10-22 12:57:49 - [MESSAGE][WARNING] - Timeout '0' is invalid. Using default page load timeout: '30'

2019-10-22 12:57:51 - [MESSAGE][PASSED] - Tapped on element 'Object Repository/dynamic object/BtnBerikutnya'

2019-10-22 12:57:51 - [TEST_STEP][PASSED] - delay(10, STOP_ON_FAILURE): Delayed 10 second(s)

2019-10-22 12:58:01 - [MESSAGE][PASSED] - Delayed 10 second(s)

2019-10-22 12:58:01 - [TEST_STEP][PASSED] - delay(10, STOP_ON_FAILURE): Delayed 10 second(s)

2019-10-22 12:58:11 - [MESSAGE][PASSED] - Delayed 10 second(s)

2019-10-22 12:58:11 - [TEST_STEP][PASSED] - tap(findTestObject("dynamic object/BtnBerikutnya"), 0): Tapped on element 'Object Repository/dynamic object/BtnBerikutnya'

2019-10-22 12:58:11 - [MESSAGE][WARNING] - Timeout '0' is invalid. Using default page load timeout: '30'

2019-10-22 12:58:13 - [MESSAGE][PASSED] - Tapped on element 'Object Repository/dynamic object/BtnBerikutnya'

2019-10-22 12:58:13 - [TEST_STEP][PASSED] - callTestCase(findTestCase("Data Entry/Data Asset/MASTER FLOW/TC_Data Asset - MASTER FLOW"), ["varNomorRangka":varNomorRangka, "varNomorMesin":varNomorMesin, "varNamaBPKB":varNamaBPKB, "varNomorBPKB":varNomorBPKB, "varNomorPolisiDepan":varNomorPolisiDepan, ... ], STOP_ON_FAILURE): null

2019-10-22 12:58:13 - [TEST_STEP][PASSED] - Start listener action : sampleAfterTestCase: Close app successfully

2019-10-22 12:58:13 - [TEST_STEP][PASSED] - getDriver().quit(): null

2019-10-22 12:58:16 - [TEST_STEP][PASSED] - closeApplication(OPTIONAL): Close app successfully

2019-10-22 12:58:16 - [MESSAGE][PASSED] - Close app successfully]]></system-out>
         <system-err><![CDATA[2019-10-22 12:44:49 - [TEST_CASE][ERROR] - Test Cases/Data Entry/TC_Data Entry: Test Cases/Data Entry/TC_Data Entry FAILED.
Reason:
groovy.lang.MissingPropertyException: No such property: varNomorRangka for class: Script1564452084350
	at TC_Data Entry.run(TC_Data Entry:217)
	at com.kms.katalon.core.main.ScriptEngine.run(ScriptEngine.java:194)
	at com.kms.katalon.core.main.ScriptEngine.runScriptAsRawText(ScriptEngine.java:119)
	at com.kms.katalon.core.main.TestCaseExecutor.runScript(TestCaseExecutor.java:337)
	at com.kms.katalon.core.main.TestCaseExecutor.doExecute(TestCaseExecutor.java:328)
	at com.kms.katalon.core.main.TestCaseExecutor.processExecutionPhase(TestCaseExecutor.java:307)
	at com.kms.katalon.core.main.TestCaseExecutor.accessMainPhase(TestCaseExecutor.java:299)
	at com.kms.katalon.core.main.TestCaseExecutor.execute(TestCaseExecutor.java:233)
	at com.kms.katalon.core.main.TestSuiteExecutor.accessTestCaseMainPhase(TestSuiteExecutor.java:169)
	at com.kms.katalon.core.main.TestSuiteExecutor.accessTestSuiteMainPhase(TestSuiteExecutor.java:142)
	at com.kms.katalon.core.main.TestSuiteExecutor.execute(TestSuiteExecutor.java:91)
	at com.kms.katalon.core.main.TestCaseMain.startTestSuite(TestCaseMain.java:157)
	at com.kms.katalon.core.main.TestCaseMain$startTestSuite$0.call(Unknown Source)
	at TempTestSuite1571720266263.run(TempTestSuite1571720266263.groovy:36)]]></system-err>
      </testcase>
      <testcase name="Test Cases/Data Entry/TC_Data Entry" classname="Test Cases/Data Entry/TC_Data Entry" status="ERROR">
         <error type="ERROR" message="Test Cases/Data Entry/TC_Data Entry FAILED.
Reason:
groovy.lang.MissingPropertyException: No such property: varNomorRangka for class: Script1564452084350
	at TC_Data Entry.run(TC_Data Entry:217)
	at com.kms.katalon.core.main.ScriptEngine.run(ScriptEngine.java:194)
	at com.kms.katalon.core.main.ScriptEngine.runScriptAsRawText(ScriptEngine.java:119)
	at com.kms.katalon.core.main.TestCaseExecutor.runScript(TestCaseExecutor.java:337)
	at com.kms.katalon.core.main.TestCaseExecutor.doExecute(TestCaseExecutor.java:328)
	at com.kms.katalon.core.main.TestCaseExecutor.processExecutionPhase(TestCaseExecutor.java:307)
	at com.kms.katalon.core.main.TestCaseExecutor.accessMainPhase(TestCaseExecutor.java:299)
	at com.kms.katalon.core.main.TestCaseExecutor.execute(TestCaseExecutor.java:233)
	at com.kms.katalon.core.main.TestSuiteExecutor.accessTestCaseMainPhase(TestSuiteExecutor.java:169)
	at com.kms.katalon.core.main.TestSuiteExecutor.accessTestSuiteMainPhase(TestSuiteExecutor.java:142)
	at com.kms.katalon.core.main.TestSuiteExecutor.execute(TestSuiteExecutor.java:91)
	at com.kms.katalon.core.main.TestCaseMain.startTestSuite(TestCaseMain.java:157)
	at com.kms.katalon.core.main.TestCaseMain$startTestSuite$0.call(Unknown Source)
	at TempTestSuite1571720266263.run(TempTestSuite1571720266263.groovy:36)
"/>
         <system-out><![CDATA[2019-10-22 12:58:21 - [TEST_CASE][ERROR] - Test Cases/Data Entry/TC_Data Entry: Test Cases/Data Entry/TC_Data Entry FAILED.
Reason:
groovy.lang.MissingPropertyException: No such property: varNomorRangka for class: Script1564452084350
	at TC_Data Entry.run(TC_Data Entry:217)
	at com.kms.katalon.core.main.ScriptEngine.run(ScriptEngine.java:194)
	at com.kms.katalon.core.main.ScriptEngine.runScriptAsRawText(ScriptEngine.java:119)
	at com.kms.katalon.core.main.TestCaseExecutor.runScript(TestCaseExecutor.java:337)
	at com.kms.katalon.core.main.TestCaseExecutor.doExecute(TestCaseExecutor.java:328)
	at com.kms.katalon.core.main.TestCaseExecutor.processExecutionPhase(TestCaseExecutor.java:307)
	at com.kms.katalon.core.main.TestCaseExecutor.accessMainPhase(TestCaseExecutor.java:299)
	at com.kms.katalon.core.main.TestCaseExecutor.execute(TestCaseExecutor.java:233)
	at com.kms.katalon.core.main.TestSuiteExecutor.accessTestCaseMainPhase(TestSuiteExecutor.java:169)
	at com.kms.katalon.core.main.TestSuiteExecutor.accessTestSuiteMainPhase(TestSuiteExecutor.java:142)
	at com.kms.katalon.core.main.TestSuiteExecutor.execute(TestSuiteExecutor.java:91)
	at com.kms.katalon.core.main.TestCaseMain.startTestSuite(TestCaseMain.java:157)
	at com.kms.katalon.core.main.TestCaseMain$startTestSuite$0.call(Unknown Source)
	at TempTestSuite1571720266263.run(TempTestSuite1571720266263.groovy:36)


2019-10-22 12:58:22 - [TEST_STEP][PASSED] - callTestCase(findTestCase("dynamic test case/open application"), [:], STOP_ON_FAILURE): Call Test Case 'Test Cases/dynamic test case/open application' successfully

2019-10-22 12:58:22 - [TEST_CASE][PASSED] - Test Cases/dynamic test case/open application: Test Cases/dynamic test case/open application

2019-10-22 12:58:22 - [TEST_STEP][PASSED] - appPath = relativeToAbsolutePath(apkname, getProjectDir()): null

2019-10-22 12:58:22 - [TEST_STEP][PASSED] - startApplication(appPath, false): Started app at: 'C:\Users\15421\git\ACCMe-Mobile\AccMe.apk'

2019-10-22 12:58:22 - [MESSAGE][INFO] - User set preference: ['unicodeKeyboard', 'true']

2019-10-22 12:58:22 - [MESSAGE][INFO] - User set preference: ['resetKeyboard', 'true']

2019-10-22 12:58:22 - [MESSAGE][INFO] - User set preference: ['appWaitActivity', 'com.*']

2019-10-22 12:58:22 - [MESSAGE][INFO] - User set preference: ['deviceId', '']

2019-10-22 12:58:32 - [MESSAGE][INFO] - Appium server started on port 54,965

2019-10-22 12:59:09 - [MESSAGE][PASSED] - Started app at: 'C:\Users\15421\git\ACCMe-Mobile\AccMe.apk'

2019-10-22 12:59:09 - [TEST_STEP][PASSED] - delay(20, STOP_ON_FAILURE): Delayed 20 second(s)

2019-10-22 12:59:29 - [MESSAGE][PASSED] - Delayed 20 second(s)

2019-10-22 12:59:29 - [MESSAGE][PASSED] - Call Test Case 'Test Cases/dynamic test case/open application' successfully

2019-10-22 12:59:29 - [TEST_STEP][PASSED] - callTestCase(findTestCase("Data Entry/Simulasi Kredit/Simulasi Kredit/MASTER FLOW/TC_Simulasi Kredit - MASTER FLOW"), ["varBrand":varBrand, "varType":varType, "varModel":varModel, "varTahun":varTahun, "varTenor":varTenor, "varOTR":varOTR, "varRP":varRP, ... ], OPTIONAL): Call Test Case 'Test Cases/Data Entry/Simulasi Kredit/Simulasi Kredit/MASTER FLOW/TC_Simulasi Kredit - MASTER FLOW' successfully

2019-10-22 12:59:29 - [TEST_CASE][PASSED] - Test Cases/Data Entry/Simulasi Kredit/Simulasi Kredit/MASTER FLOW/TC_Simulasi Kredit - MASTER FLOW: Test Cases/Data Entry/Simulasi Kredit/Simulasi Kredit/MASTER FLOW/TC_Simulasi Kredit - MASTER FLOW

2019-10-22 12:59:29 - [TEST_STEP][PASSED] - verifyElementVisible(findTestObject("Simulasi Kredit/Simulasi Kredit - Simulasi Kredit/SimulasiKredit_Btn Simulasi Kredit"), 60, OPTIONAL): Element 'Object Repository/Simulasi Kredit/Simulasi Kredit - Simulasi Kredit/SimulasiKredit_Btn Simulasi Kredit' is visible

2019-10-22 12:59:32 - [MESSAGE][PASSED] - Element 'Object Repository/Simulasi Kredit/Simulasi Kredit - Simulasi Kredit/SimulasiKredit_Btn Simulasi Kredit' is visible

2019-10-22 12:59:32 - [TEST_STEP][PASSED] - tap(findTestObject("Simulasi Kredit/Simulasi Kredit - Simulasi Kredit/SimulasiKredit_Btn Simulasi Kredit"), 0): Tapped on element 'Object Repository/Simulasi Kredit/Simulasi Kredit - Simulasi Kredit/SimulasiKredit_Btn Simulasi Kredit'

2019-10-22 12:59:32 - [MESSAGE][WARNING] - Timeout '0' is invalid. Using default page load timeout: '30'

2019-10-22 12:59:35 - [MESSAGE][PASSED] - Tapped on element 'Object Repository/Simulasi Kredit/Simulasi Kredit - Simulasi Kredit/SimulasiKredit_Btn Simulasi Kredit'

2019-10-22 12:59:35 - [TEST_STEP][PASSED] - if (varPembiayaan == "NewCar"): Tapped on element 'Object Repository/Simulasi Kredit/Simulasi Kredit - Simulasi Kredit/SimulasiKredit_new car'

2019-10-22 12:59:35 - [TEST_STEP][PASSED] - tap(findTestObject("Simulasi Kredit/Simulasi Kredit - Simulasi Kredit/SimulasiKredit_new car"), 0): Tapped on element 'Object Repository/Simulasi Kredit/Simulasi Kredit - Simulasi Kredit/SimulasiKredit_new car'

2019-10-22 12:59:35 - [MESSAGE][WARNING] - Timeout '0' is invalid. Using default page load timeout: '30'

2019-10-22 12:59:39 - [MESSAGE][PASSED] - Tapped on element 'Object Repository/Simulasi Kredit/Simulasi Kredit - Simulasi Kredit/SimulasiKredit_new car'

2019-10-22 12:59:39 - [TEST_STEP][PASSED] - if (varTipePembiayaan == "syariah"): null

2019-10-22 12:59:39 - [TEST_STEP][PASSED] - else: Tapped on element 'Object Repository/Simulasi Kredit/Simulasi Kredit - Simulasi Kredit/SimulasiKredit_Konvensional'

2019-10-22 12:59:39 - [TEST_STEP][PASSED] - tap(findTestObject("Simulasi Kredit/Simulasi Kredit - Simulasi Kredit/SimulasiKredit_Konvensional"), 0): Tapped on element 'Object Repository/Simulasi Kredit/Simulasi Kredit - Simulasi Kredit/SimulasiKredit_Konvensional'

2019-10-22 12:59:39 - [MESSAGE][WARNING] - Timeout '0' is invalid. Using default page load timeout: '30'

2019-10-22 12:59:41 - [MESSAGE][PASSED] - Tapped on element 'Object Repository/Simulasi Kredit/Simulasi Kredit - Simulasi Kredit/SimulasiKredit_Konvensional'

2019-10-22 12:59:41 - [TEST_STEP][PASSED] - if (varPaket == "ya"): null

2019-10-22 12:59:41 - [TEST_STEP][PASSED] - setText(findTestObject("Simulasi Kredit/Simulasi Kredit - Simulasi Kredit/SimulasiKredit_Inp Brand"), varBrand, 0): Text 'TOYOTA' has been set to element 'Object Repository/Simulasi Kredit/Simulasi Kredit - Simulasi Kredit/SimulasiKredit_Inp Brand'

2019-10-22 12:59:41 - [MESSAGE][WARNING] - Timeout '0' is invalid. Using default page load timeout: '30'

2019-10-22 12:59:43 - [MESSAGE][PASSED] - Text 'TOYOTA' has been set to element 'Object Repository/Simulasi Kredit/Simulasi Kredit - Simulasi Kredit/SimulasiKredit_Inp Brand'

2019-10-22 12:59:43 - [TEST_STEP][PASSED] - tap(findTestObject("Simulasi Kredit/Simulasi Kredit - Simulasi Kredit/SimulasiKredit_Inp Brand"), 0): Tapped on element 'Object Repository/Simulasi Kredit/Simulasi Kredit - Simulasi Kredit/SimulasiKredit_Inp Brand'

2019-10-22 12:59:43 - [MESSAGE][WARNING] - Timeout '0' is invalid. Using default page load timeout: '30'

2019-10-22 12:59:46 - [MESSAGE][PASSED] - Tapped on element 'Object Repository/Simulasi Kredit/Simulasi Kredit - Simulasi Kredit/SimulasiKredit_Inp Brand'

2019-10-22 12:59:46 - [TEST_STEP][PASSED] - tap(findTestObject("Simulasi Kredit/Simulasi Kredit - Simulasi Kredit/Simulasi Kredit-LOVBrand"), 0): Tapped on element 'Object Repository/Simulasi Kredit/Simulasi Kredit - Simulasi Kredit/Simulasi Kredit-LOVBrand'

2019-10-22 12:59:46 - [MESSAGE][WARNING] - Timeout '0' is invalid. Using default page load timeout: '30'

2019-10-22 12:59:48 - [MESSAGE][PASSED] - Tapped on element 'Object Repository/Simulasi Kredit/Simulasi Kredit - Simulasi Kredit/Simulasi Kredit-LOVBrand'

2019-10-22 12:59:48 - [TEST_STEP][PASSED] - tap(findTestObject("Simulasi Kredit/Simulasi Kredit - Simulasi Kredit/SimulasiKredit_Inp Type"), 0): Tapped on element 'Object Repository/Simulasi Kredit/Simulasi Kredit - Simulasi Kredit/SimulasiKredit_Inp Type'

2019-10-22 12:59:48 - [MESSAGE][WARNING] - Timeout '0' is invalid. Using default page load timeout: '30'

2019-10-22 12:59:51 - [MESSAGE][PASSED] - Tapped on element 'Object Repository/Simulasi Kredit/Simulasi Kredit - Simulasi Kredit/SimulasiKredit_Inp Type'

2019-10-22 12:59:51 - [TEST_STEP][PASSED] - setText(findTestObject("Simulasi Kredit/Simulasi Kredit - Simulasi Kredit/SimulasiKredit_Inp Type"), varType, 0): Text 'AGYA' has been set to element 'Object Repository/Simulasi Kredit/Simulasi Kredit - Simulasi Kredit/SimulasiKredit_Inp Type'

2019-10-22 12:59:51 - [MESSAGE][WARNING] - Timeout '0' is invalid. Using default page load timeout: '30'

2019-10-22 12:59:55 - [MESSAGE][PASSED] - Text 'AGYA' has been set to element 'Object Repository/Simulasi Kredit/Simulasi Kredit - Simulasi Kredit/SimulasiKredit_Inp Type'

2019-10-22 12:59:55 - [TEST_STEP][PASSED] - delay(3): Delayed 3 second(s)

2019-10-22 12:59:58 - [MESSAGE][PASSED] - Delayed 3 second(s)

2019-10-22 12:59:58 - [TEST_STEP][PASSED] - tap(findTestObject("Simulasi Kredit/Simulasi Kredit - Simulasi Kredit/SimulasiKredit_Inp Type"), 0): Tapped on element 'Object Repository/Simulasi Kredit/Simulasi Kredit - Simulasi Kredit/SimulasiKredit_Inp Type'

2019-10-22 12:59:58 - [MESSAGE][WARNING] - Timeout '0' is invalid. Using default page load timeout: '30'

2019-10-22 13:00:00 - [MESSAGE][PASSED] - Tapped on element 'Object Repository/Simulasi Kredit/Simulasi Kredit - Simulasi Kredit/SimulasiKredit_Inp Type'

2019-10-22 13:00:00 - [TEST_STEP][PASSED] - tap(findTestObject("Simulasi Kredit/Simulasi Kredit - Simulasi Kredit/SimulasiKredit_Inp Type LOV"), 0): Tapped on element 'Object Repository/Simulasi Kredit/Simulasi Kredit - Simulasi Kredit/SimulasiKredit_Inp Type LOV'

2019-10-22 13:00:00 - [MESSAGE][WARNING] - Timeout '0' is invalid. Using default page load timeout: '30'

2019-10-22 13:00:03 - [MESSAGE][PASSED] - Tapped on element 'Object Repository/Simulasi Kredit/Simulasi Kredit - Simulasi Kredit/SimulasiKredit_Inp Type LOV'

2019-10-22 13:00:03 - [TEST_STEP][PASSED] - mobile.mobileSwipe.UpDown(0.8, 0.5, 1000): mobile.mobileSwipe.UpDown is PASSED

2019-10-22 13:00:04 - [MESSAGE][PASSED] - Current device physical height is 2131

2019-10-22 13:00:04 - [MESSAGE][INFO] - Device Height : 2131

2019-10-22 13:00:05 - [MESSAGE][PASSED] - Current device physical width is 1080

2019-10-22 13:00:05 - [MESSAGE][INFO] - Device Width : 1080

2019-10-22 13:00:05 - [MESSAGE][INFO] - Swipe start at Height : 1704

2019-10-22 13:00:05 - [MESSAGE][INFO] - Swipe end at Height : 1065

2019-10-22 13:00:05 - [MESSAGE][INFO] - X Position : 1000

2019-10-22 13:00:08 - [MESSAGE][PASSED] - Swiped from 1,000,1,704 to 1,000,1,065

2019-10-22 13:00:08 - [MESSAGE][PASSED] - mobile.mobileSwipe.UpDown is PASSED

2019-10-22 13:00:08 - [TEST_STEP][PASSED] - tap(findTestObject("Simulasi Kredit/Simulasi Kredit - Simulasi Kredit/SimulasiKredit_Inp Model"), 0): Tapped on element 'Object Repository/Simulasi Kredit/Simulasi Kredit - Simulasi Kredit/SimulasiKredit_Inp Model'

2019-10-22 13:00:08 - [MESSAGE][WARNING] - Timeout '0' is invalid. Using default page load timeout: '30'

2019-10-22 13:00:11 - [MESSAGE][PASSED] - Tapped on element 'Object Repository/Simulasi Kredit/Simulasi Kredit - Simulasi Kredit/SimulasiKredit_Inp Model'

2019-10-22 13:00:11 - [TEST_STEP][PASSED] - scrollToText(varModel, STOP_ON_FAILURE): Scrolling to text '1.0 G M/T - 001' successfully

2019-10-22 13:00:12 - [MESSAGE][PASSED] - Scrolling to text '1.0 G M/T - 001' successfully

2019-10-22 13:00:12 - [TEST_STEP][PASSED] - tap(findTestObject("dynamic object/pickListItem_checkedTextView", ["text":varModel]), 0): Tapped on element 'Object Repository/dynamic object/pickListItem_checkedTextView'

2019-10-22 13:00:12 - [MESSAGE][WARNING] - Timeout '0' is invalid. Using default page load timeout: '30'

2019-10-22 13:00:14 - [MESSAGE][PASSED] - Tapped on element 'Object Repository/dynamic object/pickListItem_checkedTextView'

2019-10-22 13:00:14 - [TEST_STEP][PASSED] - tap(findTestObject("Simulasi Kredit/Simulasi Kredit - Simulasi Kredit/SimulasiKredit_Tahun"), 0): Tapped on element 'Object Repository/Simulasi Kredit/Simulasi Kredit - Simulasi Kredit/SimulasiKredit_Tahun'

2019-10-22 13:00:14 - [MESSAGE][WARNING] - Timeout '0' is invalid. Using default page load timeout: '30'

2019-10-22 13:00:17 - [MESSAGE][PASSED] - Tapped on element 'Object Repository/Simulasi Kredit/Simulasi Kredit - Simulasi Kredit/SimulasiKredit_Tahun'

2019-10-22 13:00:17 - [TEST_STEP][PASSED] - tap(findTestObject("dynamic object/pickListItem_checkedTextView", ["text":varTahun]), 0): Tapped on element 'Object Repository/dynamic object/pickListItem_checkedTextView'

2019-10-22 13:00:17 - [MESSAGE][WARNING] - Timeout '0' is invalid. Using default page load timeout: '30'

2019-10-22 13:00:18 - [MESSAGE][PASSED] - Tapped on element 'Object Repository/dynamic object/pickListItem_checkedTextView'

2019-10-22 13:00:18 - [TEST_STEP][PASSED] - tap(findTestObject("Simulasi Kredit/Simulasi Kredit - Simulasi Kredit/SimulasiKredit_Tenor"), 0): Tapped on element 'Object Repository/Simulasi Kredit/Simulasi Kredit - Simulasi Kredit/SimulasiKredit_Tenor'

2019-10-22 13:00:18 - [MESSAGE][WARNING] - Timeout '0' is invalid. Using default page load timeout: '30'

2019-10-22 13:00:20 - [MESSAGE][PASSED] - Tapped on element 'Object Repository/Simulasi Kredit/Simulasi Kredit - Simulasi Kredit/SimulasiKredit_Tenor'

2019-10-22 13:00:20 - [TEST_STEP][PASSED] - tap(findTestObject("dynamic object/pickListItem_checkedTextView", ["text":varTenor]), 0): Tapped on element 'Object Repository/dynamic object/pickListItem_checkedTextView'

2019-10-22 13:00:21 - [MESSAGE][WARNING] - Timeout '0' is invalid. Using default page load timeout: '30'

2019-10-22 13:00:22 - [MESSAGE][PASSED] - Tapped on element 'Object Repository/dynamic object/pickListItem_checkedTextView'

2019-10-22 13:00:22 - [TEST_STEP][PASSED] - setText(findTestObject("Simulasi Kredit/Simulasi Kredit - Simulasi Kredit/SimulasiKredit_Inp OTR"), varOTR, 0): Text '200000000' has been set to element 'Object Repository/Simulasi Kredit/Simulasi Kredit - Simulasi Kredit/SimulasiKredit_Inp OTR'

2019-10-22 13:00:22 - [MESSAGE][WARNING] - Timeout '0' is invalid. Using default page load timeout: '30'

2019-10-22 13:00:25 - [MESSAGE][PASSED] - Text '200000000' has been set to element 'Object Repository/Simulasi Kredit/Simulasi Kredit - Simulasi Kredit/SimulasiKredit_Inp OTR'

2019-10-22 13:00:25 - [TEST_STEP][PASSED] - if (varADDMdanADDB == "ADDM"): null

2019-10-22 13:00:25 - [TEST_STEP][PASSED] - else: Tapped on element 'Object Repository/Simulasi Kredit/Simulasi Kredit - Simulasi Kredit/SimulasiKredit_Btn ADDB'

2019-10-22 13:00:25 - [TEST_STEP][PASSED] - tap(findTestObject("Simulasi Kredit/Simulasi Kredit - Simulasi Kredit/SimulasiKredit_Btn ADDB"), 0): Tapped on element 'Object Repository/Simulasi Kredit/Simulasi Kredit - Simulasi Kredit/SimulasiKredit_Btn ADDB'

2019-10-22 13:00:25 - [MESSAGE][WARNING] - Timeout '0' is invalid. Using default page load timeout: '30'

2019-10-22 13:00:28 - [MESSAGE][PASSED] - Tapped on element 'Object Repository/Simulasi Kredit/Simulasi Kredit - Simulasi Kredit/SimulasiKredit_Btn ADDB'

2019-10-22 13:00:28 - [TEST_STEP][PASSED] - setText(findTestObject("Simulasi Kredit/Simulasi Kredit - Simulasi Kredit/SimulasiKredit_Inp RP"), varRP, 0): Text '60000000' has been set to element 'Object Repository/Simulasi Kredit/Simulasi Kredit - Simulasi Kredit/SimulasiKredit_Inp RP'

2019-10-22 13:00:28 - [MESSAGE][WARNING] - Timeout '0' is invalid. Using default page load timeout: '30'

2019-10-22 13:00:31 - [MESSAGE][PASSED] - Text '60000000' has been set to element 'Object Repository/Simulasi Kredit/Simulasi Kredit - Simulasi Kredit/SimulasiKredit_Inp RP'

2019-10-22 13:00:31 - [TEST_STEP][PASSED] - if (varACP == "credit"): Tapped on element 'Object Repository/Simulasi Kredit/Simulasi Kredit - Simulasi Kredit/SimulasiKredit_Inp ACP Credit'

2019-10-22 13:00:31 - [TEST_STEP][PASSED] - tap(findTestObject("Simulasi Kredit/Simulasi Kredit - Simulasi Kredit/SimulasiKredit_Inp ACP Credit"), 0): Tapped on element 'Object Repository/Simulasi Kredit/Simulasi Kredit - Simulasi Kredit/SimulasiKredit_Inp ACP Credit'

2019-10-22 13:00:31 - [MESSAGE][WARNING] - Timeout '0' is invalid. Using default page load timeout: '30'

2019-10-22 13:00:34 - [MESSAGE][PASSED] - Tapped on element 'Object Repository/Simulasi Kredit/Simulasi Kredit - Simulasi Kredit/SimulasiKredit_Inp ACP Credit'

2019-10-22 13:00:34 - [TEST_STEP][PASSED] - mobile.mobileSwipe.UpDown(0.5, 0.2, 1000): mobile.mobileSwipe.UpDown is PASSED

2019-10-22 13:00:35 - [MESSAGE][PASSED] - Current device physical height is 2131

2019-10-22 13:00:35 - [MESSAGE][INFO] - Device Height : 2131

2019-10-22 13:00:36 - [MESSAGE][PASSED] - Current device physical width is 1080

2019-10-22 13:00:36 - [MESSAGE][INFO] - Device Width : 1080

2019-10-22 13:00:36 - [MESSAGE][INFO] - Swipe start at Height : 1065

2019-10-22 13:00:36 - [MESSAGE][INFO] - Swipe end at Height : 426

2019-10-22 13:00:36 - [MESSAGE][INFO] - X Position : 1000

2019-10-22 13:00:38 - [MESSAGE][PASSED] - Swiped from 1,000,1,065 to 1,000,426

2019-10-22 13:00:38 - [MESSAGE][PASSED] - mobile.mobileSwipe.UpDown is PASSED

2019-10-22 13:00:38 - [TEST_STEP][PASSED] - setText(findTestObject("Simulasi Kredit/Simulasi Kredit - Simulasi Kredit/SimulasiKredit_Inp Dealer"), varDealer, 0): Text 'AI TSO-JKT TEBET' has been set to element 'Object Repository/Simulasi Kredit/Simulasi Kredit - Simulasi Kredit/SimulasiKredit_Inp Dealer'

2019-10-22 13:00:38 - [MESSAGE][WARNING] - Timeout '0' is invalid. Using default page load timeout: '30'

2019-10-22 13:00:40 - [MESSAGE][PASSED] - Text 'AI TSO-JKT TEBET' has been set to element 'Object Repository/Simulasi Kredit/Simulasi Kredit - Simulasi Kredit/SimulasiKredit_Inp Dealer'

2019-10-22 13:00:40 - [TEST_STEP][PASSED] - tap(findTestObject("Simulasi Kredit/Simulasi Kredit - Simulasi Kredit/SimulasiKredit_Inp Dealer"), 0): Tapped on element 'Object Repository/Simulasi Kredit/Simulasi Kredit - Simulasi Kredit/SimulasiKredit_Inp Dealer'

2019-10-22 13:00:40 - [MESSAGE][WARNING] - Timeout '0' is invalid. Using default page load timeout: '30'

2019-10-22 13:00:43 - [MESSAGE][PASSED] - Tapped on element 'Object Repository/Simulasi Kredit/Simulasi Kredit - Simulasi Kredit/SimulasiKredit_Inp Dealer'

2019-10-22 13:00:43 - [TEST_STEP][PASSED] - clearText(findTestObject("Simulasi Kredit/Simulasi Kredit - Simulasi Kredit/SimulasiKredit_Inp Dealer"), 0): Element 'Object Repository/Simulasi Kredit/Simulasi Kredit - Simulasi Kredit/SimulasiKredit_Inp Dealer' text is cleared

2019-10-22 13:00:44 - [MESSAGE][WARNING] - Timeout '0' is invalid. Using default page load timeout: '30'

2019-10-22 13:00:47 - [MESSAGE][PASSED] - Element 'Object Repository/Simulasi Kredit/Simulasi Kredit - Simulasi Kredit/SimulasiKredit_Inp Dealer' text is cleared

2019-10-22 13:00:47 - [TEST_STEP][PASSED] - setText(findTestObject("Simulasi Kredit/Simulasi Kredit - Simulasi Kredit/SimulasiKredit_Inp Dealer"), varDealer, 0): Text 'AI TSO-JKT TEBET' has been set to element 'Object Repository/Simulasi Kredit/Simulasi Kredit - Simulasi Kredit/SimulasiKredit_Inp Dealer'

2019-10-22 13:00:47 - [MESSAGE][WARNING] - Timeout '0' is invalid. Using default page load timeout: '30'

2019-10-22 13:00:49 - [MESSAGE][PASSED] - Text 'AI TSO-JKT TEBET' has been set to element 'Object Repository/Simulasi Kredit/Simulasi Kredit - Simulasi Kredit/SimulasiKredit_Inp Dealer'

2019-10-22 13:00:49 - [TEST_STEP][PASSED] - delay(4, STOP_ON_FAILURE): Delayed 4 second(s)

2019-10-22 13:00:53 - [MESSAGE][PASSED] - Delayed 4 second(s)

2019-10-22 13:00:53 - [TEST_STEP][PASSED] - tap(findTestObject("Simulasi Kredit/Simulasi Kredit - Simulasi Kredit/SimulasiKredit_LOV Dealer"), 0): Tapped on element 'Object Repository/Simulasi Kredit/Simulasi Kredit - Simulasi Kredit/SimulasiKredit_LOV Dealer'

2019-10-22 13:00:53 - [MESSAGE][WARNING] - Timeout '0' is invalid. Using default page load timeout: '30'

2019-10-22 13:00:56 - [MESSAGE][PASSED] - Tapped on element 'Object Repository/Simulasi Kredit/Simulasi Kredit - Simulasi Kredit/SimulasiKredit_LOV Dealer'

2019-10-22 13:00:56 - [TEST_STEP][NOT_RUN] - setText(findTestObject("Simulasi Kredit/Simulasi Kredit - Simulasi Kredit/SimulasiKredit_Inp Sales Dealer"), varSales, 0): NOT_RUN: setText(findTestObject("Simulasi Kredit/Simulasi Kredit - Simulasi Kredit/SimulasiKredit_Inp Sales Dealer"), varSales, 0)

2019-10-22 13:00:56 - [MESSAGE][NOT_RUN] - NOT_RUN: setText(findTestObject("Simulasi Kredit/Simulasi Kredit - Simulasi Kredit/SimulasiKredit_Inp Sales Dealer"), varSales, 0)

2019-10-22 13:00:56 - [TEST_STEP][PASSED] - tap(findTestObject("Simulasi Kredit/Simulasi Kredit - Simulasi Kredit/SimulasiKredit_Inp Sales Dealer"), 0): Tapped on element 'Object Repository/Simulasi Kredit/Simulasi Kredit - Simulasi Kredit/SimulasiKredit_Inp Sales Dealer'

2019-10-22 13:00:56 - [MESSAGE][WARNING] - Timeout '0' is invalid. Using default page load timeout: '30'

2019-10-22 13:00:59 - [MESSAGE][PASSED] - Tapped on element 'Object Repository/Simulasi Kredit/Simulasi Kredit - Simulasi Kredit/SimulasiKredit_Inp Sales Dealer'

2019-10-22 13:00:59 - [TEST_STEP][PASSED] - tap(findTestObject("Simulasi Kredit/Simulasi Kredit - Simulasi Kredit/SimulasiKredit_LOV Sales Dealer"), 0): Tapped on element 'Object Repository/Simulasi Kredit/Simulasi Kredit - Simulasi Kredit/SimulasiKredit_LOV Sales Dealer'

2019-10-22 13:00:59 - [MESSAGE][WARNING] - Timeout '0' is invalid. Using default page load timeout: '30'

2019-10-22 13:01:03 - [MESSAGE][PASSED] - Tapped on element 'Object Repository/Simulasi Kredit/Simulasi Kredit - Simulasi Kredit/SimulasiKredit_LOV Sales Dealer'

2019-10-22 13:01:03 - [TEST_STEP][PASSED] - tap(findTestObject("Simulasi Kredit/Simulasi Kredit - Simulasi Kredit/SimulasiKredit_Btn Hitung"), 0): Tapped on element 'Object Repository/Simulasi Kredit/Simulasi Kredit - Simulasi Kredit/SimulasiKredit_Btn Hitung'

2019-10-22 13:01:03 - [MESSAGE][WARNING] - Timeout '0' is invalid. Using default page load timeout: '30'

2019-10-22 13:01:07 - [MESSAGE][PASSED] - Tapped on element 'Object Repository/Simulasi Kredit/Simulasi Kredit - Simulasi Kredit/SimulasiKredit_Btn Hitung'

2019-10-22 13:01:07 - [TEST_STEP][PASSED] - verifyElementVisible(findTestObject("Simulasi Kredit/TxtBerhasilMelakukanPerhitungan"), 60, OPTIONAL): Element 'Object Repository/Simulasi Kredit/TxtBerhasilMelakukanPerhitungan' is visible

2019-10-22 13:01:08 - [MESSAGE][PASSED] - Element 'Object Repository/Simulasi Kredit/TxtBerhasilMelakukanPerhitungan' is visible

2019-10-22 13:01:08 - [TEST_STEP][PASSED] - tap(findTestObject("Simulasi Kredit/Simulasi Kredit - Simulasi Kredit/SimulasiKredit_Btn Berikutnya"), 0): Tapped on element 'Object Repository/Simulasi Kredit/Simulasi Kredit - Simulasi Kredit/SimulasiKredit_Btn Berikutnya'

2019-10-22 13:01:08 - [MESSAGE][WARNING] - Timeout '0' is invalid. Using default page load timeout: '30'

2019-10-22 13:01:11 - [MESSAGE][PASSED] - Tapped on element 'Object Repository/Simulasi Kredit/Simulasi Kredit - Simulasi Kredit/SimulasiKredit_Btn Berikutnya'

2019-10-22 13:01:11 - [TEST_STEP][PASSED] - delay(1, STOP_ON_FAILURE): Delayed 1 second(s)

2019-10-22 13:01:12 - [MESSAGE][PASSED] - Delayed 1 second(s)

2019-10-22 13:01:12 - [MESSAGE][PASSED] - Call Test Case 'Test Cases/Data Entry/Simulasi Kredit/Simulasi Kredit/MASTER FLOW/TC_Simulasi Kredit - MASTER FLOW' successfully

2019-10-22 13:01:12 - [TEST_STEP][PASSED] - callTestCase(findTestCase("Data Entry/Simulasi Kredit/Simulasi Kredit - Asuransi/MASTER FLOW/TC_Asuransi - MASTER FLOW"), ["varAsuransi":varAsuransi, "varKodeWilayah":varKodeWilayah, "varTipeAsuransi":varTipeAsuransi, "varPenggunaanUnit":varPenggunaanUnit, ... ], STOP_ON_FAILURE): Call Test Case 'Test Cases/Data Entry/Simulasi Kredit/Simulasi Kredit - Asuransi/MASTER FLOW/TC_Asuransi - MASTER FLOW' successfully

2019-10-22 13:01:12 - [TEST_CASE][PASSED] - Test Cases/Data Entry/Simulasi Kredit/Simulasi Kredit - Asuransi/MASTER FLOW/TC_Asuransi - MASTER FLOW: Test Cases/Data Entry/Simulasi Kredit/Simulasi Kredit - Asuransi/MASTER FLOW/TC_Asuransi - MASTER FLOW

2019-10-22 13:01:12 - [TEST_STEP][PASSED] - delay(2, STOP_ON_FAILURE): Delayed 2 second(s)

2019-10-22 13:01:14 - [MESSAGE][PASSED] - Delayed 2 second(s)

2019-10-22 13:01:14 - [TEST_STEP][PASSED] - if (varTipeAsuransi == "int"): Tapped on element 'Object Repository/Simulasi Kredit/Simulasi Kredit - Asuransi/Asuransi_Tipe Asuransi Int'

2019-10-22 13:01:14 - [TEST_STEP][PASSED] - tap(findTestObject("Simulasi Kredit/Simulasi Kredit - Asuransi/Asuransi_Tipe Asuransi Int"), 0): Tapped on element 'Object Repository/Simulasi Kredit/Simulasi Kredit - Asuransi/Asuransi_Tipe Asuransi Int'

2019-10-22 13:01:14 - [MESSAGE][WARNING] - Timeout '0' is invalid. Using default page load timeout: '30'

2019-10-22 13:01:16 - [MESSAGE][PASSED] - Tapped on element 'Object Repository/Simulasi Kredit/Simulasi Kredit - Asuransi/Asuransi_Tipe Asuransi Int'

2019-10-22 13:01:16 - [TEST_STEP][PASSED] - if (varPenggunaanUnit == "pribadi"): Tapped on element 'Object Repository/Simulasi Kredit/Simulasi Kredit - Asuransi/Asuransi_PenggunaanUnit Prbd'

2019-10-22 13:01:16 - [TEST_STEP][PASSED] - tap(findTestObject("Simulasi Kredit/Simulasi Kredit - Asuransi/Asuransi_PenggunaanUnit Prbd"), 0): Tapped on element 'Object Repository/Simulasi Kredit/Simulasi Kredit - Asuransi/Asuransi_PenggunaanUnit Prbd'

2019-10-22 13:01:16 - [MESSAGE][WARNING] - Timeout '0' is invalid. Using default page load timeout: '30'

2019-10-22 13:01:17 - [MESSAGE][PASSED] - Tapped on element 'Object Repository/Simulasi Kredit/Simulasi Kredit - Asuransi/Asuransi_PenggunaanUnit Prbd'

2019-10-22 13:01:17 - [TEST_STEP][PASSED] - tap(findTestObject("Simulasi Kredit/Simulasi Kredit - Asuransi/Asuransi_Nama Asuransi"), 0): Tapped on element 'Object Repository/Simulasi Kredit/Simulasi Kredit - Asuransi/Asuransi_Nama Asuransi'

2019-10-22 13:01:17 - [MESSAGE][WARNING] - Timeout '0' is invalid. Using default page load timeout: '30'

2019-10-22 13:01:21 - [MESSAGE][PASSED] - Tapped on element 'Object Repository/Simulasi Kredit/Simulasi Kredit - Asuransi/Asuransi_Nama Asuransi'

2019-10-22 13:01:21 - [TEST_STEP][PASSED] - setText(findTestObject("Simulasi Kredit/Simulasi Kredit - Asuransi/Asuransi_Nama Asuransi"), varAsuransi, 0): Text '305001' has been set to element 'Object Repository/Simulasi Kredit/Simulasi Kredit - Asuransi/Asuransi_Nama Asuransi'

2019-10-22 13:01:21 - [MESSAGE][WARNING] - Timeout '0' is invalid. Using default page load timeout: '30'

2019-10-22 13:01:24 - [MESSAGE][PASSED] - Text '305001' has been set to element 'Object Repository/Simulasi Kredit/Simulasi Kredit - Asuransi/Asuransi_Nama Asuransi'

2019-10-22 13:01:24 - [TEST_STEP][PASSED] - tap(findTestObject("Simulasi Kredit/Simulasi Kredit - Asuransi/Asuransi_LOV Nama Asuransi"), 0): Tapped on element 'Object Repository/Simulasi Kredit/Simulasi Kredit - Asuransi/Asuransi_LOV Nama Asuransi'

2019-10-22 13:01:24 - [MESSAGE][WARNING] - Timeout '0' is invalid. Using default page load timeout: '30'

2019-10-22 13:01:27 - [MESSAGE][PASSED] - Tapped on element 'Object Repository/Simulasi Kredit/Simulasi Kredit - Asuransi/Asuransi_LOV Nama Asuransi'

2019-10-22 13:01:27 - [TEST_STEP][PASSED] - tap(findTestObject("Simulasi Kredit/Simulasi Kredit - Asuransi/Asuransi_KDWilayah"), 0): Tapped on element 'Object Repository/Simulasi Kredit/Simulasi Kredit - Asuransi/Asuransi_KDWilayah'

2019-10-22 13:01:27 - [MESSAGE][WARNING] - Timeout '0' is invalid. Using default page load timeout: '30'

2019-10-22 13:01:30 - [MESSAGE][PASSED] - Tapped on element 'Object Repository/Simulasi Kredit/Simulasi Kredit - Asuransi/Asuransi_KDWilayah'

2019-10-22 13:01:30 - [TEST_STEP][PASSED] - tap(findTestObject("dynamic object/pickListItem_checkedTextView", ["text":varKodeWilayah]), 0): Tapped on element 'Object Repository/dynamic object/pickListItem_checkedTextView'

2019-10-22 13:01:30 - [MESSAGE][WARNING] - Timeout '0' is invalid. Using default page load timeout: '30'

2019-10-22 13:01:32 - [MESSAGE][PASSED] - Tapped on element 'Object Repository/dynamic object/pickListItem_checkedTextView'

2019-10-22 13:01:32 - [TEST_STEP][PASSED] - mobile.mobileSwipe.UpDown(0.8, 0.4, 1000): mobile.mobileSwipe.UpDown is PASSED

2019-10-22 13:01:33 - [MESSAGE][PASSED] - Current device physical height is 2131

2019-10-22 13:01:33 - [MESSAGE][INFO] - Device Height : 2131

2019-10-22 13:01:34 - [MESSAGE][PASSED] - Current device physical width is 1080

2019-10-22 13:01:34 - [MESSAGE][INFO] - Device Width : 1080

2019-10-22 13:01:34 - [MESSAGE][INFO] - Swipe start at Height : 1704

2019-10-22 13:01:34 - [MESSAGE][INFO] - Swipe end at Height : 852

2019-10-22 13:01:34 - [MESSAGE][INFO] - X Position : 1000

2019-10-22 13:01:36 - [MESSAGE][PASSED] - Swiped from 1,000,1,704 to 1,000,852

2019-10-22 13:01:36 - [MESSAGE][PASSED] - mobile.mobileSwipe.UpDown is PASSED

2019-10-22 13:01:36 - [TEST_STEP][PASSED] - if (varPembayaranAsuransi == "AR"): Tapped on element 'Object Repository/Simulasi Kredit/Simulasi Kredit - Asuransi/asuransi_BtnCashPlus'

2019-10-22 13:01:36 - [TEST_STEP][PASSED] - tap(findTestObject("Simulasi Kredit/Simulasi Kredit - Asuransi/asuransi_BtnARPlus"), 0): Tapped on element 'Object Repository/Simulasi Kredit/Simulasi Kredit - Asuransi/asuransi_BtnARPlus'

2019-10-22 13:01:36 - [MESSAGE][WARNING] - Timeout '0' is invalid. Using default page load timeout: '30'

2019-10-22 13:01:38 - [MESSAGE][PASSED] - Tapped on element 'Object Repository/Simulasi Kredit/Simulasi Kredit - Asuransi/asuransi_BtnARPlus'

2019-10-22 13:01:38 - [TEST_STEP][PASSED] - tap(findTestObject("Simulasi Kredit/Simulasi Kredit - Asuransi/asuransi_BtnCashPlus"), 0): Tapped on element 'Object Repository/Simulasi Kredit/Simulasi Kredit - Asuransi/asuransi_BtnCashPlus'

2019-10-22 13:01:38 - [MESSAGE][WARNING] - Timeout '0' is invalid. Using default page load timeout: '30'

2019-10-22 13:01:40 - [MESSAGE][PASSED] - Tapped on element 'Object Repository/Simulasi Kredit/Simulasi Kredit - Asuransi/asuransi_BtnCashPlus'

2019-10-22 13:01:40 - [TEST_STEP][PASSED] - delay(2, STOP_ON_FAILURE): Delayed 2 second(s)

2019-10-22 13:01:42 - [MESSAGE][PASSED] - Delayed 2 second(s)

2019-10-22 13:01:42 - [TEST_STEP][PASSED] - mobile.mobileSwipe.UpDown(0.8, 0.4, 1000): mobile.mobileSwipe.UpDown is PASSED

2019-10-22 13:01:43 - [MESSAGE][PASSED] - Current device physical height is 2131

2019-10-22 13:01:43 - [MESSAGE][INFO] - Device Height : 2131

2019-10-22 13:01:44 - [MESSAGE][PASSED] - Current device physical width is 1080

2019-10-22 13:01:44 - [MESSAGE][INFO] - Device Width : 1080

2019-10-22 13:01:44 - [MESSAGE][INFO] - Swipe start at Height : 1704

2019-10-22 13:01:44 - [MESSAGE][INFO] - Swipe end at Height : 852

2019-10-22 13:01:44 - [MESSAGE][INFO] - X Position : 1000

2019-10-22 13:01:46 - [MESSAGE][PASSED] - Swiped from 1,000,1,704 to 1,000,852

2019-10-22 13:01:46 - [MESSAGE][PASSED] - mobile.mobileSwipe.UpDown is PASSED

2019-10-22 13:01:46 - [TEST_STEP][PASSED] - tap(findTestObject("Simulasi Kredit/Simulasi Kredit - Asuransi/Asuransi_Hitung"), 0): Tapped on element 'Object Repository/Simulasi Kredit/Simulasi Kredit - Asuransi/Asuransi_Hitung'

2019-10-22 13:01:47 - [MESSAGE][WARNING] - Timeout '0' is invalid. Using default page load timeout: '30'

2019-10-22 13:01:49 - [MESSAGE][PASSED] - Tapped on element 'Object Repository/Simulasi Kredit/Simulasi Kredit - Asuransi/Asuransi_Hitung'

2019-10-22 13:01:49 - [TEST_STEP][PASSED] - verifyElementVisible(findTestObject("Simulasi Kredit/TxtBerhasilMelakukanPerhitungan"), 60, OPTIONAL): Element 'Object Repository/Simulasi Kredit/TxtBerhasilMelakukanPerhitungan' not found

2019-10-22 13:02:50 - [MESSAGE][WARNING] - Element 'Object Repository/Simulasi Kredit/TxtBerhasilMelakukanPerhitungan' not found
[[ATTACHMENT|C:\\Users\\15421\\git\\ACCMe-Mobile\\Reports\\20191022_115746\\New Test Suite\\20191022_115746\\1571724169374.png]]

2019-10-22 13:02:50 - [TEST_STEP][PASSED] - tap(findTestObject("Simulasi Kredit/Simulasi Kredit - Asuransi/Asuransi_Berikutnya"), 0): Tapped on element 'Object Repository/Simulasi Kredit/Simulasi Kredit - Asuransi/Asuransi_Berikutnya'

2019-10-22 13:02:51 - [MESSAGE][WARNING] - Timeout '0' is invalid. Using default page load timeout: '30'

2019-10-22 13:02:54 - [MESSAGE][PASSED] - Tapped on element 'Object Repository/Simulasi Kredit/Simulasi Kredit - Asuransi/Asuransi_Berikutnya'

2019-10-22 13:02:54 - [MESSAGE][PASSED] - Call Test Case 'Test Cases/Data Entry/Simulasi Kredit/Simulasi Kredit - Asuransi/MASTER FLOW/TC_Asuransi - MASTER FLOW' successfully

2019-10-22 13:02:54 - [TEST_STEP][PASSED] - callTestCase(findTestCase("Data Entry/Simulasi Kredit/Kategori Loan/MASTER FLOW/TC_Kategori Loan - Master FLOW"), ["varTipeAplikasi":"CF", "varTipePelanggan":"personal", "varObjekPembiayaan":"PB", "varTujuanPembiayaan":"produktif", "varJaminanPembiayaan":"MOBIL", ... ], STOP_ON_FAILURE): Call Test Case 'Test Cases/Data Entry/Simulasi Kredit/Kategori Loan/MASTER FLOW/TC_Kategori Loan - Master FLOW' successfully

2019-10-22 13:02:54 - [TEST_CASE][PASSED] - Test Cases/Data Entry/Simulasi Kredit/Kategori Loan/MASTER FLOW/TC_Kategori Loan - Master FLOW: Test Cases/Data Entry/Simulasi Kredit/Kategori Loan/MASTER FLOW/TC_Kategori Loan - Master FLOW

2019-10-22 13:02:54 - [TEST_STEP][PASSED] - if (varTipeAplikasi == "CF"): Tapped on element 'Object Repository/Simulasi Kredit/Simulasi Kredit - Kategori Loan/KategoriLoan_TipeApp CF'

2019-10-22 13:02:54 - [TEST_STEP][PASSED] - tap(findTestObject("Simulasi Kredit/Simulasi Kredit - Kategori Loan/KategoriLoan_TipeApp CF"), 0): Tapped on element 'Object Repository/Simulasi Kredit/Simulasi Kredit - Kategori Loan/KategoriLoan_TipeApp CF'

2019-10-22 13:02:55 - [MESSAGE][WARNING] - Timeout '0' is invalid. Using default page load timeout: '30'

2019-10-22 13:02:56 - [MESSAGE][PASSED] - Tapped on element 'Object Repository/Simulasi Kredit/Simulasi Kredit - Kategori Loan/KategoriLoan_TipeApp CF'

2019-10-22 13:02:56 - [TEST_STEP][PASSED] - delay(2, STOP_ON_FAILURE): Delayed 2 second(s)

2019-10-22 13:02:58 - [MESSAGE][PASSED] - Delayed 2 second(s)

2019-10-22 13:02:58 - [TEST_STEP][PASSED] - if (varTipePelanggan == "personal"): Tapped on element 'Object Repository/Simulasi Kredit/Simulasi Kredit - Kategori Loan/KategoriLoan_TipePlgn Personal'

2019-10-22 13:02:58 - [TEST_STEP][PASSED] - tap(findTestObject("Simulasi Kredit/Simulasi Kredit - Kategori Loan/KategoriLoan_TipePlgn Personal"), 0): Tapped on element 'Object Repository/Simulasi Kredit/Simulasi Kredit - Kategori Loan/KategoriLoan_TipePlgn Personal'

2019-10-22 13:02:58 - [MESSAGE][WARNING] - Timeout '0' is invalid. Using default page load timeout: '30'

2019-10-22 13:03:00 - [MESSAGE][PASSED] - Tapped on element 'Object Repository/Simulasi Kredit/Simulasi Kredit - Kategori Loan/KategoriLoan_TipePlgn Personal'

2019-10-22 13:03:00 - [TEST_STEP][PASSED] - if (varObjekPembiayaan == "PB"): Tapped on element 'Object Repository/Simulasi Kredit/Simulasi Kredit - Kategori Loan/KategoriLoan_ObjekPembiayaan PB'

2019-10-22 13:03:00 - [TEST_STEP][PASSED] - tap(findTestObject("Simulasi Kredit/Simulasi Kredit - Kategori Loan/KategoriLoan_ObjekPembiayaan PB"), 0): Tapped on element 'Object Repository/Simulasi Kredit/Simulasi Kredit - Kategori Loan/KategoriLoan_ObjekPembiayaan PB'

2019-10-22 13:03:00 - [MESSAGE][WARNING] - Timeout '0' is invalid. Using default page load timeout: '30'

2019-10-22 13:03:02 - [MESSAGE][PASSED] - Tapped on element 'Object Repository/Simulasi Kredit/Simulasi Kredit - Kategori Loan/KategoriLoan_ObjekPembiayaan PB'

2019-10-22 13:03:02 - [TEST_STEP][PASSED] - if (varTujuanPembiayaan == "produktif"): Tapped on element 'Object Repository/Simulasi Kredit/Simulasi Kredit - Kategori Loan/KategoriLoan_Tujuan Produktif'

2019-10-22 13:03:02 - [TEST_STEP][PASSED] - tap(findTestObject("Simulasi Kredit/Simulasi Kredit - Kategori Loan/KategoriLoan_Tujuan Produktif"), 0): Tapped on element 'Object Repository/Simulasi Kredit/Simulasi Kredit - Kategori Loan/KategoriLoan_Tujuan Produktif'

2019-10-22 13:03:02 - [MESSAGE][WARNING] - Timeout '0' is invalid. Using default page load timeout: '30'

2019-10-22 13:03:05 - [MESSAGE][PASSED] - Tapped on element 'Object Repository/Simulasi Kredit/Simulasi Kredit - Kategori Loan/KategoriLoan_Tujuan Produktif'

2019-10-22 13:03:05 - [TEST_STEP][PASSED] - delay(3, STOP_ON_FAILURE): Delayed 3 second(s)

2019-10-22 13:03:08 - [MESSAGE][PASSED] - Delayed 3 second(s)

2019-10-22 13:03:08 - [TEST_STEP][NOT_RUN] - tap(findTestObject("Simulasi Kredit/Simulasi Kredit - Kategori Loan/Simulasi Kredit-Kategori loan - jaminan pembiayaan"), 0, OPTIONAL): NOT_RUN: tap(findTestObject("Simulasi Kredit/Simulasi Kredit - Kategori Loan/Simulasi Kredit-Kategori loan - jaminan pembiayaan"), 0, OPTIONAL)

2019-10-22 13:03:08 - [MESSAGE][NOT_RUN] - NOT_RUN: tap(findTestObject("Simulasi Kredit/Simulasi Kredit - Kategori Loan/Simulasi Kredit-Kategori loan - jaminan pembiayaan"), 0, OPTIONAL)

2019-10-22 13:03:08 - [TEST_STEP][NOT_RUN] - tap(findTestObject("dynamic object/pickListItem_checkedTextView", ["text":varJaminanPembiayaan]), 0, OPTIONAL): NOT_RUN: tap(findTestObject("dynamic object/pickListItem_checkedTextView", ["text":varJaminanPembiayaan]), 0, OPTIONAL)

2019-10-22 13:03:08 - [MESSAGE][NOT_RUN] - NOT_RUN: tap(findTestObject("dynamic object/pickListItem_checkedTextView", ["text":varJaminanPembiayaan]), 0, OPTIONAL)

2019-10-22 13:03:08 - [TEST_STEP][PASSED] - switch (varOpsiNPWP.toString()): null

2019-10-22 13:03:08 - [TEST_STEP][PASSED] - case "Approval":: null

2019-10-22 13:03:08 - [TEST_STEP][PASSED] - tap(findTestObject("Simulasi Kredit/Simulasi Kredit - Kategori Loan/KategoriLoan_Opsi NPWP Approval"), 0): Tapped on element 'Object Repository/Simulasi Kredit/Simulasi Kredit - Kategori Loan/KategoriLoan_Opsi NPWP Approval'

2019-10-22 13:03:08 - [MESSAGE][WARNING] - Timeout '0' is invalid. Using default page load timeout: '30'

2019-10-22 13:03:10 - [MESSAGE][PASSED] - Tapped on element 'Object Repository/Simulasi Kredit/Simulasi Kredit - Kategori Loan/KategoriLoan_Opsi NPWP Approval'

2019-10-22 13:03:10 - [TEST_STEP][PASSED] - break: null

2019-10-22 13:03:10 - [TEST_STEP][PASSED] - delay(2, STOP_ON_FAILURE): Delayed 2 second(s)

2019-10-22 13:03:12 - [MESSAGE][PASSED] - Delayed 2 second(s)

2019-10-22 13:03:12 - [TEST_STEP][PASSED] - tap(findTestObject("Simulasi Kredit/Simulasi Kredit - Kategori Loan/KategoriLoan_Berikutnya"), 0): Tapped on element 'Object Repository/Simulasi Kredit/Simulasi Kredit - Kategori Loan/KategoriLoan_Berikutnya'

2019-10-22 13:03:12 - [MESSAGE][WARNING] - Timeout '0' is invalid. Using default page load timeout: '30'

2019-10-22 13:03:14 - [MESSAGE][PASSED] - Tapped on element 'Object Repository/Simulasi Kredit/Simulasi Kredit - Kategori Loan/KategoriLoan_Berikutnya'

2019-10-22 13:03:14 - [MESSAGE][PASSED] - Call Test Case 'Test Cases/Data Entry/Simulasi Kredit/Kategori Loan/MASTER FLOW/TC_Kategori Loan - Master FLOW' successfully

2019-10-22 13:03:14 - [TEST_STEP][PASSED] - callTestCase(findTestCase("Data Entry/Simulasi Kredit/Loan Detail/MASTER FLOW/TC_Loan Detail - MASTER FLOW"), ["varTipeAngsuran":varTipeAngsuran], STOP_ON_FAILURE): Call Test Case 'Test Cases/Data Entry/Simulasi Kredit/Loan Detail/MASTER FLOW/TC_Loan Detail - MASTER FLOW' successfully

2019-10-22 13:03:14 - [TEST_CASE][PASSED] - Test Cases/Data Entry/Simulasi Kredit/Loan Detail/MASTER FLOW/TC_Loan Detail - MASTER FLOW: Test Cases/Data Entry/Simulasi Kredit/Loan Detail/MASTER FLOW/TC_Loan Detail - MASTER FLOW

2019-10-22 13:03:14 - [TEST_STEP][PASSED] - mobile.mobileSwipe.RightLeft(0.9, 0.5, 600): mobile.mobileSwipe.RightLeft is PASSED

2019-10-22 13:03:15 - [MESSAGE][PASSED] - Current device physical width is 1080

2019-10-22 13:03:16 - [MESSAGE][PASSED] - Current device physical height is 2131

2019-10-22 13:03:16 - [MESSAGE][INFO] - Device Height : 2131

2019-10-22 13:03:16 - [MESSAGE][INFO] - Device Width : 1080

2019-10-22 13:03:16 - [MESSAGE][INFO] - Swipe start at Width : 971

2019-10-22 13:03:16 - [MESSAGE][INFO] - Swipe end at Witdh : 540

2019-10-22 13:03:16 - [MESSAGE][INFO] - Y Position : 600

2019-10-22 13:03:18 - [MESSAGE][PASSED] - Swiped from 971,600 to 540,600

2019-10-22 13:03:18 - [MESSAGE][PASSED] - mobile.mobileSwipe.RightLeft is PASSED

2019-10-22 13:03:18 - [TEST_STEP][PASSED] - delay(3, STOP_ON_FAILURE): Delayed 3 second(s)

2019-10-22 13:03:21 - [MESSAGE][PASSED] - Delayed 3 second(s)

2019-10-22 13:03:21 - [TEST_STEP][PASSED] - if (varTipeAngsuran == "regular"): Tapped on element 'Object Repository/Simulasi Kredit/Simulasi Kredit - Loan Detail/LoanDetail_Regular'

2019-10-22 13:03:21 - [TEST_STEP][PASSED] - tap(findTestObject("Simulasi Kredit/Simulasi Kredit - Loan Detail/LoanDetail_Regular"), 0): Tapped on element 'Object Repository/Simulasi Kredit/Simulasi Kredit - Loan Detail/LoanDetail_Regular'

2019-10-22 13:03:21 - [MESSAGE][WARNING] - Timeout '0' is invalid. Using default page load timeout: '30'

2019-10-22 13:03:24 - [MESSAGE][PASSED] - Tapped on element 'Object Repository/Simulasi Kredit/Simulasi Kredit - Loan Detail/LoanDetail_Regular'

2019-10-22 13:03:24 - [TEST_STEP][PASSED] - mobile.mobileSwipe.UpDown(0.8, 0.4, 1000): mobile.mobileSwipe.UpDown is PASSED

2019-10-22 13:03:25 - [MESSAGE][PASSED] - Current device physical height is 2131

2019-10-22 13:03:25 - [MESSAGE][INFO] - Device Height : 2131

2019-10-22 13:03:26 - [MESSAGE][PASSED] - Current device physical width is 1080

2019-10-22 13:03:26 - [MESSAGE][INFO] - Device Width : 1080

2019-10-22 13:03:26 - [MESSAGE][INFO] - Swipe start at Height : 1704

2019-10-22 13:03:26 - [MESSAGE][INFO] - Swipe end at Height : 852

2019-10-22 13:03:26 - [MESSAGE][INFO] - X Position : 1000

2019-10-22 13:03:28 - [MESSAGE][PASSED] - Swiped from 1,000,1,704 to 1,000,852

2019-10-22 13:03:28 - [MESSAGE][PASSED] - mobile.mobileSwipe.UpDown is PASSED

2019-10-22 13:03:28 - [TEST_STEP][PASSED] - delay(7, STOP_ON_FAILURE): Delayed 7 second(s)

2019-10-22 13:03:35 - [MESSAGE][PASSED] - Delayed 7 second(s)

2019-10-22 13:03:35 - [TEST_STEP][PASSED] - tap(findTestObject("Simulasi Kredit/Simulasi Kredit - Loan Detail/LoanDetail_Hitung"), 0): Tapped on element 'Object Repository/Simulasi Kredit/Simulasi Kredit - Loan Detail/LoanDetail_Hitung'

2019-10-22 13:03:35 - [MESSAGE][WARNING] - Timeout '0' is invalid. Using default page load timeout: '30'

2019-10-22 13:03:37 - [MESSAGE][PASSED] - Tapped on element 'Object Repository/Simulasi Kredit/Simulasi Kredit - Loan Detail/LoanDetail_Hitung'

2019-10-22 13:03:37 - [TEST_STEP][PASSED] - verifyElementVisible(findTestObject("Simulasi Kredit/TxtBerhasilMelakukanPerhitungan"), 60, OPTIONAL): Element 'Object Repository/Simulasi Kredit/TxtBerhasilMelakukanPerhitungan' is visible

2019-10-22 13:03:44 - [MESSAGE][PASSED] - Element 'Object Repository/Simulasi Kredit/TxtBerhasilMelakukanPerhitungan' is visible

2019-10-22 13:03:44 - [TEST_STEP][PASSED] - tap(findTestObject("Simulasi Kredit/Simulasi Kredit - Loan Detail/LoanDetail_Berikutnya"), 0): Tapped on element 'Object Repository/Simulasi Kredit/Simulasi Kredit - Loan Detail/LoanDetail_Berikutnya'

2019-10-22 13:03:44 - [MESSAGE][WARNING] - Timeout '0' is invalid. Using default page load timeout: '30'

2019-10-22 13:03:46 - [MESSAGE][PASSED] - Tapped on element 'Object Repository/Simulasi Kredit/Simulasi Kredit - Loan Detail/LoanDetail_Berikutnya'

2019-10-22 13:03:46 - [TEST_STEP][PASSED] - delay(5, STOP_ON_FAILURE): Delayed 5 second(s)

2019-10-22 13:03:51 - [MESSAGE][PASSED] - Delayed 5 second(s)

2019-10-22 13:03:51 - [TEST_STEP][PASSED] - tap(findTestObject("Simulasi Kredit/Simulasi Kredit - Loan Detail/LoanDetail_Berikutnya"), 0): Tapped on element 'Object Repository/Simulasi Kredit/Simulasi Kredit - Loan Detail/LoanDetail_Berikutnya'

2019-10-22 13:03:51 - [MESSAGE][WARNING] - Timeout '0' is invalid. Using default page load timeout: '30'

2019-10-22 13:03:53 - [MESSAGE][PASSED] - Tapped on element 'Object Repository/Simulasi Kredit/Simulasi Kredit - Loan Detail/LoanDetail_Berikutnya'

2019-10-22 13:03:53 - [TEST_STEP][PASSED] - delay(5, STOP_ON_FAILURE): Delayed 5 second(s)

2019-10-22 13:03:58 - [MESSAGE][PASSED] - Delayed 5 second(s)

2019-10-22 13:03:58 - [MESSAGE][PASSED] - Call Test Case 'Test Cases/Data Entry/Simulasi Kredit/Loan Detail/MASTER FLOW/TC_Loan Detail - MASTER FLOW' successfully

2019-10-22 13:03:58 - [TEST_STEP][PASSED] - if (varUploadBorrower == "Y"): Call Test Case 'Test Cases/Data Entry/Upload Document/Borrower/MASTER FLOW/TC_Upload Document - borrower - MASTER FLOW' successfully

2019-10-22 13:03:58 - [TEST_STEP][PASSED] - callTestCase(findTestCase("Data Entry/Upload Document/Borrower/MASTER FLOW/TC_Upload Document - borrower - MASTER FLOW"), ["Borrower_varKTP":Borrower_varKTP, "Borrower_varSelfie":Borrower_varSelfie, "Borrower_varWefie":Borrower_varWefie, "Borrower_varKartuKeluarga":Borrower_varKartuKeluarga, ... ], STOP_ON_FAILURE): Call Test Case 'Test Cases/Data Entry/Upload Document/Borrower/MASTER FLOW/TC_Upload Document - borrower - MASTER FLOW' successfully

2019-10-22 13:03:58 - [TEST_CASE][PASSED] - Test Cases/Data Entry/Upload Document/Borrower/MASTER FLOW/TC_Upload Document - borrower - MASTER FLOW: Test Cases/Data Entry/Upload Document/Borrower/MASTER FLOW/TC_Upload Document - borrower - MASTER FLOW

2019-10-22 13:03:58 - [TEST_STEP][PASSED] - if (Borrower_varUploadKTP == "Y"): Delayed 3 second(s)

2019-10-22 13:03:58 - [TEST_STEP][PASSED] - tap(findTestObject("Upload Document/Upload Document - Item Upload/UnggahDokumen_BtnKTP"), 0): Tapped on element 'Object Repository/Upload Document/Upload Document - Item Upload/UnggahDokumen_BtnKTP'

2019-10-22 13:03:58 - [MESSAGE][WARNING] - Timeout '0' is invalid. Using default page load timeout: '30'

2019-10-22 13:04:00 - [MESSAGE][PASSED] - Tapped on element 'Object Repository/Upload Document/Upload Document - Item Upload/UnggahDokumen_BtnKTP'

2019-10-22 13:04:00 - [TEST_STEP][PASSED] - tap(findTestObject("Upload Document/Upload Document - Item Upload/UnggahDokumen_BtnGallery"), 0): Tapped on element 'Object Repository/Upload Document/Upload Document - Item Upload/UnggahDokumen_BtnGallery'

2019-10-22 13:04:00 - [MESSAGE][WARNING] - Timeout '0' is invalid. Using default page load timeout: '30'

2019-10-22 13:04:03 - [MESSAGE][PASSED] - Tapped on element 'Object Repository/Upload Document/Upload Document - Item Upload/UnggahDokumen_BtnGallery'

2019-10-22 13:04:03 - [TEST_STEP][PASSED] - scrollToText(Borrower_varKTP, STOP_ON_FAILURE): Scrolling to text 'abc.jpg' successfully

2019-10-22 13:04:05 - [MESSAGE][PASSED] - Scrolling to text 'abc.jpg' successfully

2019-10-22 13:04:05 - [TEST_STEP][PASSED] - tap(findTestObject("dynamic object/pickListItem_TextView", ["text":Borrower_varKTP]), 0): Tapped on element 'Object Repository/dynamic object/pickListItem_TextView'

2019-10-22 13:04:05 - [MESSAGE][WARNING] - Timeout '0' is invalid. Using default page load timeout: '30'

2019-10-22 13:04:07 - [MESSAGE][PASSED] - Tapped on element 'Object Repository/dynamic object/pickListItem_TextView'

2019-10-22 13:04:07 - [TEST_STEP][PASSED] - delay(3, STOP_ON_FAILURE): Delayed 3 second(s)

2019-10-22 13:04:10 - [MESSAGE][PASSED] - Delayed 3 second(s)

2019-10-22 13:04:10 - [TEST_STEP][PASSED] - if (Borrower_varUploadSelfie == "Y"): null

2019-10-22 13:04:10 - [TEST_STEP][PASSED] - if (Borrower_varWefie == "Y"): null

2019-10-22 13:04:10 - [TEST_STEP][PASSED] - if (Borrower_varKartuKeluarga == "Y"): null

2019-10-22 13:04:10 - [TEST_STEP][PASSED] - if (Borrower_varUploadSim == "Y"): null

2019-10-22 13:04:10 - [TEST_STEP][PASSED] - if (Borrower_varUploadNPWP == "Y"): null

2019-10-22 13:04:10 - [TEST_STEP][PASSED] - if (Borrower_varUploadSTNK == "Y"): null

2019-10-22 13:04:10 - [TEST_STEP][PASSED] - if (Borrower_varUploadSlipGaji == "Y"): null

2019-10-22 13:04:10 - [MESSAGE][PASSED] - Call Test Case 'Test Cases/Data Entry/Upload Document/Borrower/MASTER FLOW/TC_Upload Document - borrower - MASTER FLOW' successfully

2019-10-22 13:04:10 - [TEST_STEP][PASSED] - if (varUploadCoborrower == "Y"): null

2019-10-22 13:04:10 - [TEST_STEP][PASSED] - if (varUploadGuarantor == "Y"): null

2019-10-22 13:04:10 - [TEST_STEP][PASSED] - if (varUploadSales == "Y"): null

2019-10-22 13:04:10 - [TEST_STEP][PASSED] - mobile.mobileSwipe.RightLeft(0.9, 0.5, 1000): mobile.mobileSwipe.RightLeft is PASSED

2019-10-22 13:04:11 - [MESSAGE][PASSED] - Current device physical width is 1080

2019-10-22 13:04:12 - [MESSAGE][PASSED] - Current device physical height is 2131

2019-10-22 13:04:12 - [MESSAGE][INFO] - Device Height : 2131

2019-10-22 13:04:12 - [MESSAGE][INFO] - Device Width : 1080

2019-10-22 13:04:12 - [MESSAGE][INFO] - Swipe start at Width : 971

2019-10-22 13:04:12 - [MESSAGE][INFO] - Swipe end at Witdh : 540

2019-10-22 13:04:12 - [MESSAGE][INFO] - Y Position : 1000

2019-10-22 13:04:14 - [MESSAGE][PASSED] - Swiped from 971,1,000 to 540,1,000

2019-10-22 13:04:14 - [MESSAGE][PASSED] - mobile.mobileSwipe.RightLeft is PASSED

2019-10-22 13:04:14 - [TEST_STEP][PASSED] - waitForElementPresent(findTestObject("dynamic object/BtnBerikutnya"), 0): Element 'Object Repository/dynamic object/BtnBerikutnya' is present

2019-10-22 13:04:15 - [MESSAGE][WARNING] - Timeout '0' is invalid. Using default page load timeout: '30'

2019-10-22 13:04:16 - [MESSAGE][PASSED] - Element 'Object Repository/dynamic object/BtnBerikutnya' is present

2019-10-22 13:04:16 - [TEST_STEP][PASSED] - tap(findTestObject("dynamic object/BtnBerikutnya"), 0): Tapped on element 'Object Repository/dynamic object/BtnBerikutnya'

2019-10-22 13:04:16 - [MESSAGE][WARNING] - Timeout '0' is invalid. Using default page load timeout: '30'

2019-10-22 13:04:18 - [MESSAGE][PASSED] - Tapped on element 'Object Repository/dynamic object/BtnBerikutnya'

2019-10-22 13:04:18 - [TEST_STEP][PASSED] - callTestCase(findTestCase("Data Entry/Borrower/Flow Borrower"), ["BvarPekerjaanTab":BvarPekerjaanTab, "BvarUsahaTab":BvarUsahaTab, "BIvarTahun":BIvarTahun, "BIvarNoKTP":BIvarNoKTP, "BIvarNamaSesuaiIdentitas":BIvarNamaSesuaiIdentitas, ... ], STOP_ON_FAILURE): Call Test Case 'Test Cases/Data Entry/Borrower/Flow Borrower' successfully

2019-10-22 13:04:18 - [TEST_CASE][PASSED] - Test Cases/Data Entry/Borrower/Flow Borrower: Test Cases/Data Entry/Borrower/Flow Borrower

2019-10-22 13:04:18 - [TEST_STEP][PASSED] - callTestCase(findTestCase("Data Entry/Borrower/Borrower - Identitas/MASTER FLOW/TC_Borrower - Identitas - MASTER FLOW"), ["BIvarTahun":BIvarTahun, "BIvarNoKTP":BIvarNoKTP, "BIvarNamaSesuaiIdentitas":BIvarNamaSesuaiIdentitas, "BIvarTempatLahir":BIvarTempatLahir, ... ], STOP_ON_FAILURE): Call Test Case 'Test Cases/Data Entry/Borrower/Borrower - Identitas/MASTER FLOW/TC_Borrower - Identitas - MASTER FLOW' successfully

2019-10-22 13:04:18 - [TEST_CASE][PASSED] - Test Cases/Data Entry/Borrower/Borrower - Identitas/MASTER FLOW/TC_Borrower - Identitas - MASTER FLOW: Test Cases/Data Entry/Borrower/Borrower - Identitas/MASTER FLOW/TC_Borrower - Identitas - MASTER FLOW

2019-10-22 13:04:18 - [TEST_STEP][PASSED] - verifyElementVisible(findTestObject("Borrower/Borrower - Identitas/Borrower-Identitas-WNI"), 60, OPTIONAL): Element 'Object Repository/Borrower/Borrower - Identitas/Borrower-Identitas-WNI' is visible

2019-10-22 13:04:44 - [MESSAGE][PASSED] - Element 'Object Repository/Borrower/Borrower - Identitas/Borrower-Identitas-WNI' is visible

2019-10-22 13:04:44 - [TEST_STEP][PASSED] - if (BIvarKewarganegaraan == "WNI"): Tapped on element 'Object Repository/Borrower/Borrower - Identitas/Borrower-Identitas-WNI'

2019-10-22 13:04:44 - [TEST_STEP][PASSED] - tap(findTestObject("Borrower/Borrower - Identitas/Borrower-Identitas-WNI"), 0): Tapped on element 'Object Repository/Borrower/Borrower - Identitas/Borrower-Identitas-WNI'

2019-10-22 13:04:44 - [MESSAGE][WARNING] - Timeout '0' is invalid. Using default page load timeout: '30'

2019-10-22 13:04:46 - [MESSAGE][PASSED] - Tapped on element 'Object Repository/Borrower/Borrower - Identitas/Borrower-Identitas-WNI'

2019-10-22 13:04:46 - [TEST_STEP][PASSED] - setText(findTestObject("Borrower/Borrower - Identitas/Borrower_InpNoKTP"), BIvarNoKTP, 0): Text '3471095110940001' has been set to element 'Object Repository/Borrower/Borrower - Identitas/Borrower_InpNoKTP'

2019-10-22 13:04:46 - [MESSAGE][WARNING] - Timeout '0' is invalid. Using default page load timeout: '30'

2019-10-22 13:04:50 - [MESSAGE][PASSED] - Text '3471095110940001' has been set to element 'Object Repository/Borrower/Borrower - Identitas/Borrower_InpNoKTP'

2019-10-22 13:04:50 - [TEST_STEP][PASSED] - if (BIvarVerifikasi == "Ya"): mobile.mobileSwipe.UpDown is PASSED

2019-10-22 13:04:50 - [TEST_STEP][PASSED] - tap(findTestObject("Borrower/Borrower - Identitas/Borrower_BtnVerifikasiKTP"), 0): Tapped on element 'Object Repository/Borrower/Borrower - Identitas/Borrower_BtnVerifikasiKTP'

2019-10-22 13:04:50 - [MESSAGE][WARNING] - Timeout '0' is invalid. Using default page load timeout: '30'

2019-10-22 13:04:55 - [MESSAGE][PASSED] - Tapped on element 'Object Repository/Borrower/Borrower - Identitas/Borrower_BtnVerifikasiKTP'

2019-10-22 13:04:55 - [TEST_STEP][PASSED] - mobile.mobileSwipe.UpDown(0.8, 0.2, 1000): mobile.mobileSwipe.UpDown is PASSED

2019-10-22 13:04:56 - [MESSAGE][PASSED] - Current device physical height is 2131

2019-10-22 13:04:56 - [MESSAGE][INFO] - Device Height : 2131

2019-10-22 13:04:57 - [MESSAGE][PASSED] - Current device physical width is 1080

2019-10-22 13:04:57 - [MESSAGE][INFO] - Device Width : 1080

2019-10-22 13:04:57 - [MESSAGE][INFO] - Swipe start at Height : 1704

2019-10-22 13:04:57 - [MESSAGE][INFO] - Swipe end at Height : 426

2019-10-22 13:04:57 - [MESSAGE][INFO] - X Position : 1000

2019-10-22 13:04:59 - [MESSAGE][PASSED] - Swiped from 1,000,1,704 to 1,000,426

2019-10-22 13:04:59 - [MESSAGE][PASSED] - mobile.mobileSwipe.UpDown is PASSED

2019-10-22 13:04:59 - [TEST_STEP][PASSED] - tap(findTestObject("Borrower/Borrower - Identitas/Borrower_TxtAgama"), 0, STOP_ON_FAILURE): Tapped on element 'Object Repository/Borrower/Borrower - Identitas/Borrower_TxtAgama'

2019-10-22 13:04:59 - [MESSAGE][WARNING] - Timeout '0' is invalid. Using default page load timeout: '30'

2019-10-22 13:05:02 - [MESSAGE][PASSED] - Tapped on element 'Object Repository/Borrower/Borrower - Identitas/Borrower_TxtAgama'

2019-10-22 13:05:02 - [TEST_STEP][PASSED] - tap(findTestObject("dynamic object/pickListItem_checkedTextView", ["text":BIvarAgama]), 0, STOP_ON_FAILURE): Tapped on element 'Object Repository/dynamic object/pickListItem_checkedTextView'

2019-10-22 13:05:03 - [MESSAGE][WARNING] - Timeout '0' is invalid. Using default page load timeout: '30'

2019-10-22 13:05:04 - [MESSAGE][PASSED] - Tapped on element 'Object Repository/dynamic object/pickListItem_checkedTextView'

2019-10-22 13:05:04 - [TEST_STEP][PASSED] - tap(findTestObject("Borrower/Borrower - Identitas/Borrower_TxtStatusPerkawinan"), 0, STOP_ON_FAILURE): Tapped on element 'Object Repository/Borrower/Borrower - Identitas/Borrower_TxtStatusPerkawinan'

2019-10-22 13:05:04 - [MESSAGE][WARNING] - Timeout '0' is invalid. Using default page load timeout: '30'

2019-10-22 13:05:07 - [MESSAGE][PASSED] - Tapped on element 'Object Repository/Borrower/Borrower - Identitas/Borrower_TxtStatusPerkawinan'

2019-10-22 13:05:07 - [TEST_STEP][PASSED] - tap(findTestObject("dynamic object/pickListItem_checkedTextView", ["text":BIvarStatusPerkawinan]), 0, STOP_ON_FAILURE): Tapped on element 'Object Repository/dynamic object/pickListItem_checkedTextView'

2019-10-22 13:05:08 - [MESSAGE][WARNING] - Timeout '0' is invalid. Using default page load timeout: '30'

2019-10-22 13:05:09 - [MESSAGE][PASSED] - Tapped on element 'Object Repository/dynamic object/pickListItem_checkedTextView'

2019-10-22 13:05:09 - [MESSAGE][PASSED] - Call Test Case 'Test Cases/Data Entry/Borrower/Borrower - Identitas/MASTER FLOW/TC_Borrower - Identitas - MASTER FLOW' successfully

2019-10-22 13:05:09 - [TEST_STEP][PASSED] - mobile.mobileSwipe.RightLeft(0.9, 0.5, 1000): mobile.mobileSwipe.RightLeft is PASSED

2019-10-22 13:05:10 - [MESSAGE][PASSED] - Current device physical width is 1080

2019-10-22 13:05:11 - [MESSAGE][PASSED] - Current device physical height is 2131

2019-10-22 13:05:11 - [MESSAGE][INFO] - Device Height : 2131

2019-10-22 13:05:11 - [MESSAGE][INFO] - Device Width : 1080

2019-10-22 13:05:11 - [MESSAGE][INFO] - Swipe start at Width : 971

2019-10-22 13:05:11 - [MESSAGE][INFO] - Swipe end at Witdh : 540

2019-10-22 13:05:11 - [MESSAGE][INFO] - Y Position : 1000

2019-10-22 13:05:13 - [MESSAGE][PASSED] - Swiped from 971,1,000 to 540,1,000

2019-10-22 13:05:13 - [MESSAGE][PASSED] - mobile.mobileSwipe.RightLeft is PASSED

2019-10-22 13:05:13 - [TEST_STEP][PASSED] - mobile.mobileSwipe.UpDown(0.2, 0.8, 1000): mobile.mobileSwipe.UpDown is PASSED

2019-10-22 13:05:14 - [MESSAGE][PASSED] - Current device physical height is 2131

2019-10-22 13:05:14 - [MESSAGE][INFO] - Device Height : 2131

2019-10-22 13:05:16 - [MESSAGE][PASSED] - Current device physical width is 1080

2019-10-22 13:05:16 - [MESSAGE][INFO] - Device Width : 1080

2019-10-22 13:05:16 - [MESSAGE][INFO] - Swipe start at Height : 426

2019-10-22 13:05:16 - [MESSAGE][INFO] - Swipe end at Height : 1704

2019-10-22 13:05:16 - [MESSAGE][INFO] - X Position : 1000

2019-10-22 13:05:18 - [MESSAGE][PASSED] - Swiped from 1,000,426 to 1,000,1,704

2019-10-22 13:05:18 - [MESSAGE][PASSED] - mobile.mobileSwipe.UpDown is PASSED

2019-10-22 13:05:18 - [TEST_STEP][PASSED] - callTestCase(findTestCase("Data Entry/Borrower/Borrower - Info Umum/MASTER FLOW/TC_Borrower - Info Umum - MASTER FLOW"), ["BIUvarNamaLengkapTanpaSingkatan":BIUvarNamaLengkapTanpaSingkatan, "BIUvarNamaPanggilan":BIUvarNamaPanggilan, "BIUvarNoNPWP":BIUvarNoNPWP, ... ], STOP_ON_FAILURE): Call Test Case 'Test Cases/Data Entry/Borrower/Borrower - Info Umum/MASTER FLOW/TC_Borrower - Info Umum - MASTER FLOW' successfully

2019-10-22 13:05:18 - [TEST_CASE][PASSED] - Test Cases/Data Entry/Borrower/Borrower - Info Umum/MASTER FLOW/TC_Borrower - Info Umum - MASTER FLOW: Test Cases/Data Entry/Borrower/Borrower - Info Umum/MASTER FLOW/TC_Borrower - Info Umum - MASTER FLOW

2019-10-22 13:05:18 - [TEST_STEP][PASSED] - tap(findTestObject("Borrower/Borrower - Info Umum/Borrower_InpNamaLengkapTanpaSingkatan"), 0, STOP_ON_FAILURE): Tapped on element 'Object Repository/Borrower/Borrower - Info Umum/Borrower_InpNamaLengkapTanpaSingkatan'

2019-10-22 13:05:18 - [MESSAGE][WARNING] - Timeout '0' is invalid. Using default page load timeout: '30'

2019-10-22 13:05:20 - [MESSAGE][PASSED] - Tapped on element 'Object Repository/Borrower/Borrower - Info Umum/Borrower_InpNamaLengkapTanpaSingkatan'

2019-10-22 13:05:20 - [TEST_STEP][PASSED] - setText(findTestObject("Borrower/Borrower - Info Umum/Borrower_InpNamaLengkapTanpaSingkatan"), BIUvarNamaLengkapTanpaSingkatan, 0): Text 'FRANSISKA MAYA LESTARI' has been set to element 'Object Repository/Borrower/Borrower - Info Umum/Borrower_InpNamaLengkapTanpaSingkatan'

2019-10-22 13:05:20 - [MESSAGE][WARNING] - Timeout '0' is invalid. Using default page load timeout: '30'

2019-10-22 13:05:22 - [MESSAGE][PASSED] - Text 'FRANSISKA MAYA LESTARI' has been set to element 'Object Repository/Borrower/Borrower - Info Umum/Borrower_InpNamaLengkapTanpaSingkatan'

2019-10-22 13:05:22 - [TEST_STEP][PASSED] - setText(findTestObject("Borrower/Borrower - Info Umum/Borrower_InpNamaPanggilan"), BIUvarNamaPanggilan, 0): Text 'MAYA' has been set to element 'Object Repository/Borrower/Borrower - Info Umum/Borrower_InpNamaPanggilan'

2019-10-22 13:05:22 - [MESSAGE][WARNING] - Timeout '0' is invalid. Using default page load timeout: '30'

2019-10-22 13:05:24 - [MESSAGE][PASSED] - Text 'MAYA' has been set to element 'Object Repository/Borrower/Borrower - Info Umum/Borrower_InpNamaPanggilan'

2019-10-22 13:05:24 - [TEST_STEP][PASSED] - setText(findTestObject("Borrower/Borrower - Info Umum/Borrower_InpNoNPWP"), BIUvarNoNPWP, 0): Text '192487192471924' has been set to element 'Object Repository/Borrower/Borrower - Info Umum/Borrower_InpNoNPWP'

2019-10-22 13:05:24 - [MESSAGE][WARNING] - Timeout '0' is invalid. Using default page load timeout: '30'

2019-10-22 13:05:26 - [MESSAGE][PASSED] - Text '192487192471924' has been set to element 'Object Repository/Borrower/Borrower - Info Umum/Borrower_InpNoNPWP'

2019-10-22 13:05:26 - [TEST_STEP][PASSED] - setText(findTestObject("Borrower/Borrower - Info Umum/Borrower_InpNamaNPWP"), BIUvarNamaNPWP, 0): Text 'wwkwkwkwk' has been set to element 'Object Repository/Borrower/Borrower - Info Umum/Borrower_InpNamaNPWP'

2019-10-22 13:05:26 - [MESSAGE][WARNING] - Timeout '0' is invalid. Using default page load timeout: '30'

2019-10-22 13:05:28 - [MESSAGE][PASSED] - Text 'wwkwkwkwk' has been set to element 'Object Repository/Borrower/Borrower - Info Umum/Borrower_InpNamaNPWP'

2019-10-22 13:05:28 - [TEST_STEP][PASSED] - setText(findTestObject("Borrower/Borrower - Info Umum/Borrower_InpNamaIbuKandung"), BIUvarNamaIbuKandung, 0): Text 'yuhuu' has been set to element 'Object Repository/Borrower/Borrower - Info Umum/Borrower_InpNamaIbuKandung'

2019-10-22 13:05:28 - [MESSAGE][WARNING] - Timeout '0' is invalid. Using default page load timeout: '30'

2019-10-22 13:05:31 - [MESSAGE][PASSED] - Text 'yuhuu' has been set to element 'Object Repository/Borrower/Borrower - Info Umum/Borrower_InpNamaIbuKandung'

2019-10-22 13:05:31 - [TEST_STEP][PASSED] - mobile.mobileSwipe.UpDown(0.7, 0.2, 1000): mobile.mobileSwipe.UpDown is PASSED

2019-10-22 13:05:32 - [MESSAGE][PASSED] - Current device physical height is 2131

2019-10-22 13:05:32 - [MESSAGE][INFO] - Device Height : 2131

2019-10-22 13:05:33 - [MESSAGE][PASSED] - Current device physical width is 1080

2019-10-22 13:05:33 - [MESSAGE][INFO] - Device Width : 1080

2019-10-22 13:05:33 - [MESSAGE][INFO] - Swipe start at Height : 1491

2019-10-22 13:05:33 - [MESSAGE][INFO] - Swipe end at Height : 426

2019-10-22 13:05:33 - [MESSAGE][INFO] - X Position : 1000

2019-10-22 13:05:35 - [MESSAGE][PASSED] - Swiped from 1,000,1,491 to 1,000,426

2019-10-22 13:05:35 - [MESSAGE][PASSED] - mobile.mobileSwipe.UpDown is PASSED

2019-10-22 13:05:35 - [TEST_STEP][PASSED] - tap(findTestObject("Borrower/Borrower - Info Umum/Borrower_TxtPendidikan"), 0): Tapped on element 'Object Repository/Borrower/Borrower - Info Umum/Borrower_TxtPendidikan'

2019-10-22 13:05:36 - [MESSAGE][WARNING] - Timeout '0' is invalid. Using default page load timeout: '30'

2019-10-22 13:05:39 - [MESSAGE][PASSED] - Tapped on element 'Object Repository/Borrower/Borrower - Info Umum/Borrower_TxtPendidikan'

2019-10-22 13:05:39 - [TEST_STEP][PASSED] - tap(findTestObject("dynamic object/pickListItem_checkedTextView", ["text":BIUvarPendidikan]), 0): Tapped on element 'Object Repository/dynamic object/pickListItem_checkedTextView'

2019-10-22 13:05:39 - [MESSAGE][WARNING] - Timeout '0' is invalid. Using default page load timeout: '30'

2019-10-22 13:05:40 - [MESSAGE][PASSED] - Tapped on element 'Object Repository/dynamic object/pickListItem_checkedTextView'

2019-10-22 13:05:40 - [TEST_STEP][PASSED] - if (BIUvarAlamatMenyurat == "Domisili"): null

2019-10-22 13:05:40 - [TEST_STEP][PASSED] - setText(findTestObject("Borrower/Borrower - Info Umum/Borrower_InpAlamatEmail"), BIUvarAlamatEmail, 0): Text 'wkwkw@a.c' has been set to element 'Object Repository/Borrower/Borrower - Info Umum/Borrower_InpAlamatEmail'

2019-10-22 13:05:40 - [MESSAGE][WARNING] - Timeout '0' is invalid. Using default page load timeout: '30'

2019-10-22 13:05:43 - [MESSAGE][PASSED] - Text 'wkwkw@a.c' has been set to element 'Object Repository/Borrower/Borrower - Info Umum/Borrower_InpAlamatEmail'

2019-10-22 13:05:43 - [TEST_STEP][PASSED] - tap(findTestObject("Borrower/Borrower - Info Umum/Borrower_TxtSumberDanaUangMuka"), 0): Tapped on element 'Object Repository/Borrower/Borrower - Info Umum/Borrower_TxtSumberDanaUangMuka'

2019-10-22 13:05:43 - [MESSAGE][WARNING] - Timeout '0' is invalid. Using default page load timeout: '30'

2019-10-22 13:05:46 - [MESSAGE][PASSED] - Tapped on element 'Object Repository/Borrower/Borrower - Info Umum/Borrower_TxtSumberDanaUangMuka'

2019-10-22 13:05:46 - [TEST_STEP][PASSED] - tap(findTestObject("dynamic object/pickListItem_checkedTextView", ["text":BIUvarSumberDanaUangMuka]), 0): Tapped on element 'Object Repository/dynamic object/pickListItem_checkedTextView'

2019-10-22 13:05:47 - [MESSAGE][WARNING] - Timeout '0' is invalid. Using default page load timeout: '30'

2019-10-22 13:05:48 - [MESSAGE][PASSED] - Tapped on element 'Object Repository/dynamic object/pickListItem_checkedTextView'

2019-10-22 13:05:48 - [TEST_STEP][PASSED] - tap(findTestObject("Borrower/Borrower - Info Umum/Borrower_TxtSumberDanaAngsuran"), 0): Tapped on element 'Object Repository/Borrower/Borrower - Info Umum/Borrower_TxtSumberDanaAngsuran'

2019-10-22 13:05:48 - [MESSAGE][WARNING] - Timeout '0' is invalid. Using default page load timeout: '30'

2019-10-22 13:05:51 - [MESSAGE][PASSED] - Tapped on element 'Object Repository/Borrower/Borrower - Info Umum/Borrower_TxtSumberDanaAngsuran'

2019-10-22 13:05:51 - [TEST_STEP][PASSED] - tap(findTestObject("dynamic object/pickListItem_checkedTextView", ["text":BIUvarSumberDanaAngsuran]), 0): Tapped on element 'Object Repository/dynamic object/pickListItem_checkedTextView'

2019-10-22 13:05:52 - [MESSAGE][WARNING] - Timeout '0' is invalid. Using default page load timeout: '30'

2019-10-22 13:05:53 - [MESSAGE][PASSED] - Tapped on element 'Object Repository/dynamic object/pickListItem_checkedTextView'

2019-10-22 13:05:53 - [TEST_STEP][PASSED] - tap(findTestObject("Borrower/Borrower - Info Umum/Borrower_TxtKepemilikanDana"), 0): Tapped on element 'Object Repository/Borrower/Borrower - Info Umum/Borrower_TxtKepemilikanDana'

2019-10-22 13:05:53 - [MESSAGE][WARNING] - Timeout '0' is invalid. Using default page load timeout: '30'

2019-10-22 13:05:57 - [MESSAGE][PASSED] - Tapped on element 'Object Repository/Borrower/Borrower - Info Umum/Borrower_TxtKepemilikanDana'

2019-10-22 13:05:57 - [TEST_STEP][PASSED] - tap(findTestObject("dynamic object/pickListItem_checkedTextView", ["text":BIUvarKepemilikanDana]), 0): Tapped on element 'Object Repository/dynamic object/pickListItem_checkedTextView'

2019-10-22 13:05:57 - [MESSAGE][WARNING] - Timeout '0' is invalid. Using default page load timeout: '30'

2019-10-22 13:05:58 - [MESSAGE][PASSED] - Tapped on element 'Object Repository/dynamic object/pickListItem_checkedTextView'

2019-10-22 13:05:58 - [MESSAGE][PASSED] - Call Test Case 'Test Cases/Data Entry/Borrower/Borrower - Info Umum/MASTER FLOW/TC_Borrower - Info Umum - MASTER FLOW' successfully

2019-10-22 13:05:58 - [TEST_STEP][PASSED] - mobile.mobileSwipe.RightLeft(0.9, 0.5, 1000): mobile.mobileSwipe.RightLeft is PASSED

2019-10-22 13:05:59 - [MESSAGE][PASSED] - Current device physical width is 1080

2019-10-22 13:06:00 - [MESSAGE][PASSED] - Current device physical height is 2131

2019-10-22 13:06:00 - [MESSAGE][INFO] - Device Height : 2131

2019-10-22 13:06:00 - [MESSAGE][INFO] - Device Width : 1080

2019-10-22 13:06:00 - [MESSAGE][INFO] - Swipe start at Width : 971

2019-10-22 13:06:00 - [MESSAGE][INFO] - Swipe end at Witdh : 540

2019-10-22 13:06:00 - [MESSAGE][INFO] - Y Position : 1000

2019-10-22 13:06:02 - [MESSAGE][PASSED] - Swiped from 971,1,000 to 540,1,000

2019-10-22 13:06:02 - [MESSAGE][PASSED] - mobile.mobileSwipe.RightLeft is PASSED

2019-10-22 13:06:02 - [TEST_STEP][PASSED] - mobile.mobileSwipe.UpDown(0.2, 0.8, 1000): mobile.mobileSwipe.UpDown is PASSED

2019-10-22 13:06:04 - [MESSAGE][PASSED] - Current device physical height is 2131

2019-10-22 13:06:04 - [MESSAGE][INFO] - Device Height : 2131

2019-10-22 13:06:05 - [MESSAGE][PASSED] - Current device physical width is 1080

2019-10-22 13:06:05 - [MESSAGE][INFO] - Device Width : 1080

2019-10-22 13:06:05 - [MESSAGE][INFO] - Swipe start at Height : 426

2019-10-22 13:06:05 - [MESSAGE][INFO] - Swipe end at Height : 1704

2019-10-22 13:06:05 - [MESSAGE][INFO] - X Position : 1000

2019-10-22 13:06:07 - [MESSAGE][PASSED] - Swiped from 1,000,426 to 1,000,1,704

2019-10-22 13:06:07 - [MESSAGE][PASSED] - mobile.mobileSwipe.UpDown is PASSED

2019-10-22 13:06:07 - [TEST_STEP][PASSED] - tap(findTestObject("Borrower/Borrower - Info Umum/Borrower_TabDomisili"), 0): Tapped on element 'Object Repository/Borrower/Borrower - Info Umum/Borrower_TabDomisili'

2019-10-22 13:06:07 - [MESSAGE][WARNING] - Timeout '0' is invalid. Using default page load timeout: '30'

2019-10-22 13:06:10 - [MESSAGE][PASSED] - Tapped on element 'Object Repository/Borrower/Borrower - Info Umum/Borrower_TabDomisili'

2019-10-22 13:06:10 - [TEST_STEP][PASSED] - callTestCase(findTestCase("Data Entry/Borrower/Borrower - Domisili/MASTER FLOW/TC_Borrower - Domisili - MASTER FLOW"), ["BDvarAlamatLengkap":BDvarAlamatLengkap, "BDvarRT":BDvarRT, "BDvarRW":BDvarRW, "BDvarKodePos":BDvarKodePos, "BDvarNegaraDomisili":BDvarNegaraDomisili, ... ], STOP_ON_FAILURE): Call Test Case 'Test Cases/Data Entry/Borrower/Borrower - Domisili/MASTER FLOW/TC_Borrower - Domisili - MASTER FLOW' successfully

2019-10-22 13:06:10 - [TEST_CASE][PASSED] - Test Cases/Data Entry/Borrower/Borrower - Domisili/MASTER FLOW/TC_Borrower - Domisili - MASTER FLOW: Test Cases/Data Entry/Borrower/Borrower - Domisili/MASTER FLOW/TC_Borrower - Domisili - MASTER FLOW

2019-10-22 13:06:10 - [TEST_STEP][PASSED] - if (BDvarDomisili == "Tidak"): null

2019-10-22 13:06:10 - [TEST_STEP][PASSED] - else: Tapped on element 'Object Repository/Borrower/Borrower - Domisili/Borrower_BtnAlamatDomisiliSamaDenganIdentitas - Ya'

2019-10-22 13:06:10 - [TEST_STEP][PASSED] - tap(findTestObject("Borrower/Borrower - Domisili/Borrower_BtnAlamatDomisiliSamaDenganIdentitas - Ya"), 0, OPTIONAL): Tapped on element 'Object Repository/Borrower/Borrower - Domisili/Borrower_BtnAlamatDomisiliSamaDenganIdentitas - Ya'

2019-10-22 13:06:10 - [MESSAGE][WARNING] - Timeout '0' is invalid. Using default page load timeout: '30'

2019-10-22 13:06:13 - [MESSAGE][PASSED] - Tapped on element 'Object Repository/Borrower/Borrower - Domisili/Borrower_BtnAlamatDomisiliSamaDenganIdentitas - Ya'

2019-10-22 13:06:13 - [TEST_STEP][PASSED] - setText(findTestObject("Borrower/Borrower - Domisili/Borrower_InpNegaraDomisili"), BDvarNegaraDomisili, 0): Text 'INDONESIA' has been set to element 'Object Repository/Borrower/Borrower - Domisili/Borrower_InpNegaraDomisili'

2019-10-22 13:06:13 - [MESSAGE][WARNING] - Timeout '0' is invalid. Using default page load timeout: '30'

2019-10-22 13:06:15 - [MESSAGE][PASSED] - Text 'INDONESIA' has been set to element 'Object Repository/Borrower/Borrower - Domisili/Borrower_InpNegaraDomisili'

2019-10-22 13:06:15 - [TEST_STEP][PASSED] - mobile.mobileSwipe.UpDown(0.7, 0.3, 1000): mobile.mobileSwipe.UpDown is PASSED

2019-10-22 13:06:16 - [MESSAGE][PASSED] - Current device physical height is 2131

2019-10-22 13:06:16 - [MESSAGE][INFO] - Device Height : 2131

2019-10-22 13:06:17 - [MESSAGE][PASSED] - Current device physical width is 1080

2019-10-22 13:06:17 - [MESSAGE][INFO] - Device Width : 1080

2019-10-22 13:06:17 - [MESSAGE][INFO] - Swipe start at Height : 1491

2019-10-22 13:06:17 - [MESSAGE][INFO] - Swipe end at Height : 639

2019-10-22 13:06:17 - [MESSAGE][INFO] - X Position : 1000

2019-10-22 13:06:20 - [MESSAGE][PASSED] - Swiped from 1,000,1,491 to 1,000,639

2019-10-22 13:06:20 - [MESSAGE][PASSED] - mobile.mobileSwipe.UpDown is PASSED

2019-10-22 13:06:20 - [TEST_STEP][PASSED] - tap(findTestObject("Borrower/Borrower - Domisili/Borrower_InpNegaraDomisili"), 0, STOP_ON_FAILURE): Tapped on element 'Object Repository/Borrower/Borrower - Domisili/Borrower_InpNegaraDomisili'

2019-10-22 13:06:20 - [MESSAGE][WARNING] - Timeout '0' is invalid. Using default page load timeout: '30'

2019-10-22 13:06:23 - [MESSAGE][PASSED] - Tapped on element 'Object Repository/Borrower/Borrower - Domisili/Borrower_InpNegaraDomisili'

2019-10-22 13:06:23 - [TEST_STEP][PASSED] - tap(findTestObject("dynamic object/pickListItem_viewView", ["text":BDvarNegaraDomisili]), 0): Tapped on element 'Object Repository/dynamic object/pickListItem_viewView'

2019-10-22 13:06:23 - [MESSAGE][WARNING] - Timeout '0' is invalid. Using default page load timeout: '30'

2019-10-22 13:06:28 - [MESSAGE][PASSED] - Tapped on element 'Object Repository/dynamic object/pickListItem_viewView'

2019-10-22 13:06:28 - [TEST_STEP][PASSED] - mobile.mobileSwipe.UpDown(0.7, 0.4, 1000): mobile.mobileSwipe.UpDown is PASSED

2019-10-22 13:06:29 - [MESSAGE][PASSED] - Current device physical height is 2131

2019-10-22 13:06:29 - [MESSAGE][INFO] - Device Height : 2131

2019-10-22 13:06:30 - [MESSAGE][PASSED] - Current device physical width is 1080

2019-10-22 13:06:30 - [MESSAGE][INFO] - Device Width : 1080

2019-10-22 13:06:30 - [MESSAGE][INFO] - Swipe start at Height : 1491

2019-10-22 13:06:30 - [MESSAGE][INFO] - Swipe end at Height : 852

2019-10-22 13:06:30 - [MESSAGE][INFO] - X Position : 1000

2019-10-22 13:06:32 - [MESSAGE][PASSED] - Swiped from 1,000,1,491 to 1,000,852

2019-10-22 13:06:32 - [MESSAGE][PASSED] - mobile.mobileSwipe.UpDown is PASSED

2019-10-22 13:06:32 - [TEST_STEP][PASSED] - setText(findTestObject("Borrower/Borrower - Domisili/Borrower_InpPetunjukAlamat"), BDvarPetunjukAlamat, 0): Text 'sfsdfsfsdfs' has been set to element 'Object Repository/Borrower/Borrower - Domisili/Borrower_InpPetunjukAlamat'

2019-10-22 13:06:32 - [MESSAGE][WARNING] - Timeout '0' is invalid. Using default page load timeout: '30'

2019-10-22 13:06:34 - [MESSAGE][PASSED] - Text 'sfsdfsfsdfs' has been set to element 'Object Repository/Borrower/Borrower - Domisili/Borrower_InpPetunjukAlamat'

2019-10-22 13:06:34 - [TEST_STEP][PASSED] - tap(findTestObject("Borrower/Borrower - Domisili/Borrower_TxtTinggalSejakTahun"), 0): Tapped on element 'Object Repository/Borrower/Borrower - Domisili/Borrower_TxtTinggalSejakTahun'

2019-10-22 13:06:34 - [MESSAGE][WARNING] - Timeout '0' is invalid. Using default page load timeout: '30'

2019-10-22 13:06:39 - [MESSAGE][PASSED] - Tapped on element 'Object Repository/Borrower/Borrower - Domisili/Borrower_TxtTinggalSejakTahun'

2019-10-22 13:06:39 - [TEST_STEP][PASSED] - scrollToText(BDvarTinggalSejakTahun, STOP_ON_FAILURE): Scrolling to text '2000' successfully

2019-10-22 13:06:47 - [MESSAGE][PASSED] - Scrolling to text '2000' successfully

2019-10-22 13:06:47 - [TEST_STEP][PASSED] - tap(findTestObject("dynamic object/pickListItem_checkedTextView", ["text":BDvarTinggalSejakTahun]), 0): Tapped on element 'Object Repository/dynamic object/pickListItem_checkedTextView'

2019-10-22 13:06:48 - [MESSAGE][WARNING] - Timeout '0' is invalid. Using default page load timeout: '30'

2019-10-22 13:06:49 - [MESSAGE][PASSED] - Tapped on element 'Object Repository/dynamic object/pickListItem_checkedTextView'

2019-10-22 13:06:49 - [TEST_STEP][PASSED] - tap(findTestObject("Borrower/Borrower - Domisili/Borrower_TxtStatusTempatTinggal"), 0): Tapped on element 'Object Repository/Borrower/Borrower - Domisili/Borrower_TxtStatusTempatTinggal'

2019-10-22 13:06:49 - [MESSAGE][WARNING] - Timeout '0' is invalid. Using default page load timeout: '30'

2019-10-22 13:06:52 - [MESSAGE][PASSED] - Tapped on element 'Object Repository/Borrower/Borrower - Domisili/Borrower_TxtStatusTempatTinggal'

2019-10-22 13:06:52 - [TEST_STEP][PASSED] - tap(findTestObject("dynamic object/pickListItem_checkedTextView", ["text":BDvarStatusTempatTinggal]), 0): Tapped on element 'Object Repository/dynamic object/pickListItem_checkedTextView'

2019-10-22 13:06:52 - [MESSAGE][WARNING] - Timeout '0' is invalid. Using default page load timeout: '30'

2019-10-22 13:06:53 - [MESSAGE][PASSED] - Tapped on element 'Object Repository/dynamic object/pickListItem_checkedTextView'

2019-10-22 13:06:53 - [TEST_STEP][PASSED] - setText(findTestObject("Borrower/Borrower - Domisili/Borrower_InpKodeArea"), BDvarKodeArea, 0): Text '021' has been set to element 'Object Repository/Borrower/Borrower - Domisili/Borrower_InpKodeArea'

2019-10-22 13:06:53 - [MESSAGE][WARNING] - Timeout '0' is invalid. Using default page load timeout: '30'

2019-10-22 13:06:56 - [MESSAGE][PASSED] - Text '021' has been set to element 'Object Repository/Borrower/Borrower - Domisili/Borrower_InpKodeArea'

2019-10-22 13:06:56 - [TEST_STEP][PASSED] - setText(findTestObject("Borrower/Borrower - Domisili/Borrower_InpNoTelponFixedLine"), BDvarNoTelponFixedLine, 0): Text '2132132' has been set to element 'Object Repository/Borrower/Borrower - Domisili/Borrower_InpNoTelponFixedLine'

2019-10-22 13:06:56 - [MESSAGE][WARNING] - Timeout '0' is invalid. Using default page load timeout: '30'

2019-10-22 13:06:58 - [MESSAGE][PASSED] - Text '2132132' has been set to element 'Object Repository/Borrower/Borrower - Domisili/Borrower_InpNoTelponFixedLine'

2019-10-22 13:06:58 - [TEST_STEP][PASSED] - setText(findTestObject("Borrower/Borrower - Domisili/Borrower_InpTelponSelular"), BDvarTelponSelular, 0): Text '12938178923' has been set to element 'Object Repository/Borrower/Borrower - Domisili/Borrower_InpTelponSelular'

2019-10-22 13:06:59 - [MESSAGE][WARNING] - Timeout '0' is invalid. Using default page load timeout: '30'

2019-10-22 13:07:01 - [MESSAGE][PASSED] - Text '12938178923' has been set to element 'Object Repository/Borrower/Borrower - Domisili/Borrower_InpTelponSelular'

2019-10-22 13:07:01 - [TEST_STEP][PASSED] - if (BDvarROAO == "Ya"): null

2019-10-22 13:07:01 - [MESSAGE][PASSED] - Call Test Case 'Test Cases/Data Entry/Borrower/Borrower - Domisili/MASTER FLOW/TC_Borrower - Domisili - MASTER FLOW' successfully

2019-10-22 13:07:01 - [TEST_STEP][PASSED] - mobile.mobileSwipe.RightLeft(0.9, 0.5, 1000): mobile.mobileSwipe.RightLeft is PASSED

2019-10-22 13:07:02 - [MESSAGE][PASSED] - Current device physical width is 1080

2019-10-22 13:07:03 - [MESSAGE][PASSED] - Current device physical height is 2131

2019-10-22 13:07:03 - [MESSAGE][INFO] - Device Height : 2131

2019-10-22 13:07:03 - [MESSAGE][INFO] - Device Width : 1080

2019-10-22 13:07:03 - [MESSAGE][INFO] - Swipe start at Width : 971

2019-10-22 13:07:03 - [MESSAGE][INFO] - Swipe end at Witdh : 540

2019-10-22 13:07:03 - [MESSAGE][INFO] - Y Position : 1000

2019-10-22 13:07:05 - [MESSAGE][PASSED] - Swiped from 971,1,000 to 540,1,000

2019-10-22 13:07:05 - [MESSAGE][PASSED] - mobile.mobileSwipe.RightLeft is PASSED

2019-10-22 13:07:05 - [TEST_STEP][PASSED] - tap(findTestObject("Borrower/Borrower - Pekerjaan/Borrower_Pekerjaan_BtnDetailPekerjaan"), 0): Tapped on element 'Object Repository/Borrower/Borrower - Pekerjaan/Borrower_Pekerjaan_BtnDetailPekerjaan'

2019-10-22 13:07:05 - [MESSAGE][WARNING] - Timeout '0' is invalid. Using default page load timeout: '30'

2019-10-22 13:07:09 - [MESSAGE][PASSED] - Tapped on element 'Object Repository/Borrower/Borrower - Pekerjaan/Borrower_Pekerjaan_BtnDetailPekerjaan'

2019-10-22 13:07:09 - [TEST_STEP][PASSED] - if (BvarPekerjaanTab == "Ya"): Call Test Case 'Test Cases/Data Entry/Borrower/Borrower - Pekerjaan/MASTER FLOW/TC_Borrower - Pekerjaan - MASTER FLOW' successfully

2019-10-22 13:07:09 - [TEST_STEP][PASSED] - callTestCase(findTestCase("Data Entry/Borrower/Borrower - Pekerjaan/MASTER FLOW/TC_Borrower - Pekerjaan - MASTER FLOW"), ["BPvarPekerjaan":BPvarPekerjaan, "BPvarJabatan":BPvarJabatan, "BPvarDepartemen":BPvarDepartemen, "BPvarStatusKaryawan":BPvarStatusKaryawan, ... ], STOP_ON_FAILURE): Call Test Case 'Test Cases/Data Entry/Borrower/Borrower - Pekerjaan/MASTER FLOW/TC_Borrower - Pekerjaan - MASTER FLOW' successfully

2019-10-22 13:07:09 - [TEST_CASE][PASSED] - Test Cases/Data Entry/Borrower/Borrower - Pekerjaan/MASTER FLOW/TC_Borrower - Pekerjaan - MASTER FLOW: Test Cases/Data Entry/Borrower/Borrower - Pekerjaan/MASTER FLOW/TC_Borrower - Pekerjaan - MASTER FLOW

2019-10-22 13:07:09 - [TEST_STEP][PASSED] - setText(findTestObject("Borrower/Borrower - Pekerjaan/Borrower_Pekerjaan_InpPekerjaan"), BPvarPekerjaan, 0): Text 'ANGGOTA MILITER' has been set to element 'Object Repository/Borrower/Borrower - Pekerjaan/Borrower_Pekerjaan_InpPekerjaan'

2019-10-22 13:07:09 - [MESSAGE][WARNING] - Timeout '0' is invalid. Using default page load timeout: '30'

2019-10-22 13:07:12 - [MESSAGE][PASSED] - Text 'ANGGOTA MILITER' has been set to element 'Object Repository/Borrower/Borrower - Pekerjaan/Borrower_Pekerjaan_InpPekerjaan'

2019-10-22 13:07:12 - [TEST_STEP][PASSED] - tap(findTestObject("Borrower/Borrower - Pekerjaan/Borrower_Pekerjaan_InpPekerjaan"), 0): Tapped on element 'Object Repository/Borrower/Borrower - Pekerjaan/Borrower_Pekerjaan_InpPekerjaan'

2019-10-22 13:07:12 - [MESSAGE][WARNING] - Timeout '0' is invalid. Using default page load timeout: '30'

2019-10-22 13:07:16 - [MESSAGE][PASSED] - Tapped on element 'Object Repository/Borrower/Borrower - Pekerjaan/Borrower_Pekerjaan_InpPekerjaan'

2019-10-22 13:07:16 - [TEST_STEP][PASSED] - tap(findTestObject("dynamic object/pickListItem_viewView", ["text":BPvarPekerjaan]), 0): Tapped on element 'Object Repository/dynamic object/pickListItem_viewView'

2019-10-22 13:07:17 - [MESSAGE][WARNING] - Timeout '0' is invalid. Using default page load timeout: '30'

2019-10-22 13:07:21 - [MESSAGE][PASSED] - Tapped on element 'Object Repository/dynamic object/pickListItem_viewView'

2019-10-22 13:07:21 - [TEST_STEP][PASSED] - tap(findTestObject("Borrower/Borrower - Pekerjaan/Borrower_Pekerjaan_TxtJabatan"), 0): Tapped on element 'Object Repository/Borrower/Borrower - Pekerjaan/Borrower_Pekerjaan_TxtJabatan'

2019-10-22 13:07:21 - [MESSAGE][WARNING] - Timeout '0' is invalid. Using default page load timeout: '30'

2019-10-22 13:07:25 - [MESSAGE][PASSED] - Tapped on element 'Object Repository/Borrower/Borrower - Pekerjaan/Borrower_Pekerjaan_TxtJabatan'

2019-10-22 13:07:25 - [TEST_STEP][PASSED] - tap(findTestObject("dynamic object/pickListItem_checkedTextView", ["text":BPvarJabatan]), 0): Tapped on element 'Object Repository/dynamic object/pickListItem_checkedTextView'

2019-10-22 13:07:25 - [MESSAGE][WARNING] - Timeout '0' is invalid. Using default page load timeout: '30'

2019-10-22 13:07:26 - [MESSAGE][PASSED] - Tapped on element 'Object Repository/dynamic object/pickListItem_checkedTextView'

2019-10-22 13:07:26 - [TEST_STEP][PASSED] - setText(findTestObject("Borrower/Borrower - Pekerjaan/Borrower_Pekerjaan_InpDepartemen"), BPvarDepartemen, 0): Text 'SALES' has been set to element 'Object Repository/Borrower/Borrower - Pekerjaan/Borrower_Pekerjaan_InpDepartemen'

2019-10-22 13:07:26 - [MESSAGE][WARNING] - Timeout '0' is invalid. Using default page load timeout: '30'

2019-10-22 13:07:29 - [MESSAGE][PASSED] - Text 'SALES' has been set to element 'Object Repository/Borrower/Borrower - Pekerjaan/Borrower_Pekerjaan_InpDepartemen'

2019-10-22 13:07:29 - [TEST_STEP][PASSED] - tap(findTestObject("Borrower/Borrower - Pekerjaan/Borrower_Pekerjaan_TxtStatusKaryawan"), 0): Tapped on element 'Object Repository/Borrower/Borrower - Pekerjaan/Borrower_Pekerjaan_TxtStatusKaryawan'

2019-10-22 13:07:29 - [MESSAGE][WARNING] - Timeout '0' is invalid. Using default page load timeout: '30'

2019-10-22 13:07:33 - [MESSAGE][PASSED] - Tapped on element 'Object Repository/Borrower/Borrower - Pekerjaan/Borrower_Pekerjaan_TxtStatusKaryawan'

2019-10-22 13:07:33 - [TEST_STEP][PASSED] - tap(findTestObject("dynamic object/pickListItem_checkedTextView", ["text":BPvarStatusKaryawan]), 0): Tapped on element 'Object Repository/dynamic object/pickListItem_checkedTextView'

2019-10-22 13:07:33 - [MESSAGE][WARNING] - Timeout '0' is invalid. Using default page load timeout: '30'

2019-10-22 13:07:35 - [MESSAGE][PASSED] - Tapped on element 'Object Repository/dynamic object/pickListItem_checkedTextView'

2019-10-22 13:07:35 - [TEST_STEP][PASSED] - setText(findTestObject("Borrower/Borrower - Pekerjaan/Borrower_Pekerjaan_InpNoIndukKaryawan"), BPvarNoIndukKaryawan, 0): Text '2434234' has been set to element 'Object Repository/Borrower/Borrower - Pekerjaan/Borrower_Pekerjaan_InpNoIndukKaryawan'

2019-10-22 13:07:35 - [MESSAGE][WARNING] - Timeout '0' is invalid. Using default page load timeout: '30'

2019-10-22 13:07:38 - [MESSAGE][PASSED] - Text '2434234' has been set to element 'Object Repository/Borrower/Borrower - Pekerjaan/Borrower_Pekerjaan_InpNoIndukKaryawan'

2019-10-22 13:07:38 - [TEST_STEP][PASSED] - tap(findTestObject("Borrower/Borrower - Pekerjaan/Borrower_Pekerjaan_TxtBergabungSejak"), 0): Tapped on element 'Object Repository/Borrower/Borrower - Pekerjaan/Borrower_Pekerjaan_TxtBergabungSejak'

2019-10-22 13:07:38 - [MESSAGE][WARNING] - Timeout '0' is invalid. Using default page load timeout: '30'

2019-10-22 13:07:42 - [MESSAGE][PASSED] - Tapped on element 'Object Repository/Borrower/Borrower - Pekerjaan/Borrower_Pekerjaan_TxtBergabungSejak'

2019-10-22 13:07:42 - [TEST_STEP][PASSED] - callTestCase(findTestCase("dynamic test case/calendar"), ["varTahun":"2010"], STOP_ON_FAILURE): Call Test Case 'Test Cases/dynamic test case/calendar' successfully

2019-10-22 13:07:42 - [TEST_CASE][PASSED] - Test Cases/dynamic test case/calendar: Test Cases/dynamic test case/calendar

2019-10-22 13:07:42 - [TEST_STEP][PASSED] - tap(findTestObject("dynamic object/Calendar_TxtTahun"), 0): Tapped on element 'Object Repository/dynamic object/Calendar_TxtTahun'

2019-10-22 13:07:42 - [MESSAGE][WARNING] - Timeout '0' is invalid. Using default page load timeout: '30'

2019-10-22 13:07:44 - [MESSAGE][PASSED] - Tapped on element 'Object Repository/dynamic object/Calendar_TxtTahun'

2019-10-22 13:07:44 - [TEST_STEP][PASSED] - driver = getDriver(): null

2019-10-22 13:07:44 - [TEST_STEP][PASSED] - xpath = "": null

2019-10-22 13:07:44 - [TEST_STEP][PASSED] - xpath = XPathBuilder.createXPath("TextView"): null

2019-10-22 13:07:44 - [TEST_STEP][PASSED] - listElements = driver.findElementsByXPath(xpath): null

2019-10-22 13:07:44 - [TEST_STEP][PASSED] - if (size() - 1].getText() < varTahun): null

2019-10-22 13:07:45 - [TEST_STEP][PASSED] - else: null

2019-10-22 13:07:45 - [TEST_STEP][PASSED] - varScrollUpDown = "UpToDown": null

2019-10-22 13:07:45 - [TEST_STEP][PASSED] - switch (varScrollUpDown.toString()): null

2019-10-22 13:07:45 - [TEST_STEP][PASSED] - case "UpToDown":: null

2019-10-22 13:07:45 - [TEST_STEP][PASSED] - mobile.swiping.scrollListToElementWithTextUpToDown(varTahun): mobile.swiping.scrollListToElementWithTextUpToDown is PASSED

2019-10-22 13:07:50 - [MESSAGE][PASSED] - mobile.swiping.scrollListToElementWithTextUpToDown is PASSED

2019-10-22 13:07:50 - [TEST_STEP][PASSED] - break: null

2019-10-22 13:07:50 - [TEST_STEP][PASSED] - tap(findTestObject("dynamic object/pickListItem_TextView", ["text":varTahun]), 0): Tapped on element 'Object Repository/dynamic object/pickListItem_TextView'

2019-10-22 13:07:50 - [MESSAGE][WARNING] - Timeout '0' is invalid. Using default page load timeout: '30'

2019-10-22 13:07:51 - [MESSAGE][PASSED] - Tapped on element 'Object Repository/dynamic object/pickListItem_TextView'

2019-10-22 13:07:51 - [TEST_STEP][PASSED] - tap(findTestObject("dynamic object/Calendar_TxtSetel"), 0): Tapped on element 'Object Repository/dynamic object/Calendar_TxtSetel'

2019-10-22 13:07:51 - [MESSAGE][WARNING] - Timeout '0' is invalid. Using default page load timeout: '30'

2019-10-22 13:07:53 - [MESSAGE][PASSED] - Tapped on element 'Object Repository/dynamic object/Calendar_TxtSetel'

2019-10-22 13:07:53 - [MESSAGE][PASSED] - Call Test Case 'Test Cases/dynamic test case/calendar' successfully

2019-10-22 13:07:53 - [TEST_STEP][PASSED] - tap(findTestObject("Borrower/Borrower - Pekerjaan/Borrower_Pekerjaan_TxtBadanUsaha"), 0): Tapped on element 'Object Repository/Borrower/Borrower - Pekerjaan/Borrower_Pekerjaan_TxtBadanUsaha'

2019-10-22 13:07:53 - [MESSAGE][WARNING] - Timeout '0' is invalid. Using default page load timeout: '30'

2019-10-22 13:07:57 - [MESSAGE][PASSED] - Tapped on element 'Object Repository/Borrower/Borrower - Pekerjaan/Borrower_Pekerjaan_TxtBadanUsaha'

2019-10-22 13:07:57 - [TEST_STEP][PASSED] - tap(findTestObject("dynamic object/pickListItem_checkedTextView", ["text":BPvarBadanUsaha]), 0): Tapped on element 'Object Repository/dynamic object/pickListItem_checkedTextView'

2019-10-22 13:07:57 - [MESSAGE][WARNING] - Timeout '0' is invalid. Using default page load timeout: '30'

2019-10-22 13:07:58 - [MESSAGE][PASSED] - Tapped on element 'Object Repository/dynamic object/pickListItem_checkedTextView'

2019-10-22 13:07:58 - [TEST_STEP][PASSED] - mobile.mobileSwipe.UpDown(0.7, 0.3, 1000): mobile.mobileSwipe.UpDown is PASSED

2019-10-22 13:07:59 - [MESSAGE][PASSED] - Current device physical height is 2131

2019-10-22 13:07:59 - [MESSAGE][INFO] - Device Height : 2131

2019-10-22 13:08:00 - [MESSAGE][PASSED] - Current device physical width is 1080

2019-10-22 13:08:00 - [MESSAGE][INFO] - Device Width : 1080

2019-10-22 13:08:00 - [MESSAGE][INFO] - Swipe start at Height : 1491

2019-10-22 13:08:00 - [MESSAGE][INFO] - Swipe end at Height : 639

2019-10-22 13:08:00 - [MESSAGE][INFO] - X Position : 1000

2019-10-22 13:08:02 - [MESSAGE][PASSED] - Swiped from 1,000,1,491 to 1,000,639

2019-10-22 13:08:02 - [MESSAGE][PASSED] - mobile.mobileSwipe.UpDown is PASSED

2019-10-22 13:08:02 - [TEST_STEP][PASSED] - setText(findTestObject("Borrower/Borrower - Pekerjaan/Borrower_Pekerjaan_InpNamaPerusahaan"), BPvarNamaPerusahaan, 0): Text 'ADASDADAS' has been set to element 'Object Repository/Borrower/Borrower - Pekerjaan/Borrower_Pekerjaan_InpNamaPerusahaan'

2019-10-22 13:08:03 - [MESSAGE][WARNING] - Timeout '0' is invalid. Using default page load timeout: '30'

2019-10-22 13:08:06 - [MESSAGE][PASSED] - Text 'ADASDADAS' has been set to element 'Object Repository/Borrower/Borrower - Pekerjaan/Borrower_Pekerjaan_InpNamaPerusahaan'

2019-10-22 13:08:06 - [TEST_STEP][PASSED] - setText(findTestObject("Borrower/Borrower - Pekerjaan/Borrower_Pekerjaan_InpBidangUsaha"), BPvarBidangUsaha, 0): Text 'ASURANSI' has been set to element 'Object Repository/Borrower/Borrower - Pekerjaan/Borrower_Pekerjaan_InpBidangUsaha'

2019-10-22 13:08:06 - [MESSAGE][WARNING] - Timeout '0' is invalid. Using default page load timeout: '30'

2019-10-22 13:08:09 - [MESSAGE][PASSED] - Text 'ASURANSI' has been set to element 'Object Repository/Borrower/Borrower - Pekerjaan/Borrower_Pekerjaan_InpBidangUsaha'

2019-10-22 13:08:09 - [TEST_STEP][PASSED] - tap(findTestObject("Borrower/Borrower - Pekerjaan/Borrower_Pekerjaan_InpBidangUsaha"), 0, STOP_ON_FAILURE): Tapped on element 'Object Repository/Borrower/Borrower - Pekerjaan/Borrower_Pekerjaan_InpBidangUsaha'

2019-10-22 13:08:10 - [MESSAGE][WARNING] - Timeout '0' is invalid. Using default page load timeout: '30'

2019-10-22 13:08:15 - [MESSAGE][PASSED] - Tapped on element 'Object Repository/Borrower/Borrower - Pekerjaan/Borrower_Pekerjaan_InpBidangUsaha'

2019-10-22 13:08:15 - [TEST_STEP][PASSED] - tap(findTestObject("Borrower/Borrower - Pekerjaan/Borrower_Pekerjaan_LOVBidangUsaha"), 0): Tapped on element 'Object Repository/Borrower/Borrower - Pekerjaan/Borrower_Pekerjaan_LOVBidangUsaha'

2019-10-22 13:08:15 - [MESSAGE][WARNING] - Timeout '0' is invalid. Using default page load timeout: '30'

2019-10-22 13:08:19 - [MESSAGE][PASSED] - Tapped on element 'Object Repository/Borrower/Borrower - Pekerjaan/Borrower_Pekerjaan_LOVBidangUsaha'

2019-10-22 13:08:19 - [TEST_STEP][PASSED] - tap(findTestObject("Borrower/Borrower - Pekerjaan/Borrower_Pekerjaan_TxtSubBidangUsaha"), 0): Tapped on element 'Object Repository/Borrower/Borrower - Pekerjaan/Borrower_Pekerjaan_TxtSubBidangUsaha'

2019-10-22 13:08:19 - [MESSAGE][WARNING] - Timeout '0' is invalid. Using default page load timeout: '30'

2019-10-22 13:08:22 - [MESSAGE][PASSED] - Tapped on element 'Object Repository/Borrower/Borrower - Pekerjaan/Borrower_Pekerjaan_TxtSubBidangUsaha'

2019-10-22 13:08:22 - [TEST_STEP][PASSED] - tap(findTestObject("dynamic object/pickListItem_checkedTextView", ["text":BPvarSubBidangUsaha]), 0): Tapped on element 'Object Repository/dynamic object/pickListItem_checkedTextView'

2019-10-22 13:08:22 - [MESSAGE][WARNING] - Timeout '0' is invalid. Using default page load timeout: '30'

2019-10-22 13:08:23 - [MESSAGE][PASSED] - Tapped on element 'Object Repository/dynamic object/pickListItem_checkedTextView'

2019-10-22 13:08:23 - [TEST_STEP][PASSED] - setText(findTestObject("Borrower/Borrower - Pekerjaan/Borrower_Pekerjaan_InpNationalityPerusahaan"), BPvarNationalityPerusahaan, 0): Text 'INDONESIA' has been set to element 'Object Repository/Borrower/Borrower - Pekerjaan/Borrower_Pekerjaan_InpNationalityPerusahaan'

2019-10-22 13:08:24 - [MESSAGE][WARNING] - Timeout '0' is invalid. Using default page load timeout: '30'

2019-10-22 13:08:27 - [MESSAGE][PASSED] - Text 'INDONESIA' has been set to element 'Object Repository/Borrower/Borrower - Pekerjaan/Borrower_Pekerjaan_InpNationalityPerusahaan'

2019-10-22 13:08:27 - [TEST_STEP][PASSED] - tap(findTestObject("Borrower/Borrower - Pekerjaan/Borrower_Pekerjaan_InpNationalityPerusahaan"), 0, STOP_ON_FAILURE): Tapped on element 'Object Repository/Borrower/Borrower - Pekerjaan/Borrower_Pekerjaan_InpNationalityPerusahaan'

2019-10-22 13:08:27 - [MESSAGE][WARNING] - Timeout '0' is invalid. Using default page load timeout: '30'

2019-10-22 13:08:32 - [MESSAGE][PASSED] - Tapped on element 'Object Repository/Borrower/Borrower - Pekerjaan/Borrower_Pekerjaan_InpNationalityPerusahaan'

2019-10-22 13:08:32 - [TEST_STEP][PASSED] - tap(findTestObject("dynamic object/pickListItem_viewView", ["text":BPvarNationalityPerusahaan]), 0): Tapped on element 'Object Repository/dynamic object/pickListItem_viewView'

2019-10-22 13:08:32 - [MESSAGE][WARNING] - Timeout '0' is invalid. Using default page load timeout: '30'

2019-10-22 13:08:36 - [MESSAGE][PASSED] - Tapped on element 'Object Repository/dynamic object/pickListItem_viewView'

2019-10-22 13:08:36 - [TEST_STEP][PASSED] - setText(findTestObject("Borrower/Borrower - Pekerjaan/Borrower_Pekerjaan_InpWebsite"), BPvarWebsite, 0): Text 'www.hahahahha.com' has been set to element 'Object Repository/Borrower/Borrower - Pekerjaan/Borrower_Pekerjaan_InpWebsite'

2019-10-22 13:08:36 - [MESSAGE][WARNING] - Timeout '0' is invalid. Using default page load timeout: '30'

2019-10-22 13:08:38 - [MESSAGE][PASSED] - Text 'www.hahahahha.com' has been set to element 'Object Repository/Borrower/Borrower - Pekerjaan/Borrower_Pekerjaan_InpWebsite'

2019-10-22 13:08:38 - [TEST_STEP][PASSED] - tap(findTestObject("Borrower/Borrower - Pekerjaan/Borrower_Pekerjaan_TxtJenisAkunSosialMedia"), 0): Tapped on element 'Object Repository/Borrower/Borrower - Pekerjaan/Borrower_Pekerjaan_TxtJenisAkunSosialMedia'

2019-10-22 13:08:38 - [MESSAGE][WARNING] - Timeout '0' is invalid. Using default page load timeout: '30'

2019-10-22 13:08:43 - [MESSAGE][PASSED] - Tapped on element 'Object Repository/Borrower/Borrower - Pekerjaan/Borrower_Pekerjaan_TxtJenisAkunSosialMedia'

2019-10-22 13:08:43 - [TEST_STEP][PASSED] - tap(findTestObject("dynamic object/pickListItem_checkedTextView", ["text":BPvarJenisAkunSosialMedia]), 0): Tapped on element 'Object Repository/dynamic object/pickListItem_checkedTextView'

2019-10-22 13:08:43 - [MESSAGE][WARNING] - Timeout '0' is invalid. Using default page load timeout: '30'

2019-10-22 13:08:44 - [MESSAGE][PASSED] - Tapped on element 'Object Repository/dynamic object/pickListItem_checkedTextView'

2019-10-22 13:08:44 - [TEST_STEP][PASSED] - setText(findTestObject("Borrower/Borrower - Pekerjaan/Borrower_Pekerjaan_InpAkunSosialMedia"), BPvarAkunSosialMedia, 0): Text 'yeyeye' has been set to element 'Object Repository/Borrower/Borrower - Pekerjaan/Borrower_Pekerjaan_InpAkunSosialMedia'

2019-10-22 13:08:44 - [MESSAGE][WARNING] - Timeout '0' is invalid. Using default page load timeout: '30'

2019-10-22 13:08:47 - [MESSAGE][PASSED] - Text 'yeyeye' has been set to element 'Object Repository/Borrower/Borrower - Pekerjaan/Borrower_Pekerjaan_InpAkunSosialMedia'

2019-10-22 13:08:47 - [TEST_STEP][PASSED] - mobile.mobileSwipe.UpDown(0.7, 0.3, 1000): mobile.mobileSwipe.UpDown is PASSED

2019-10-22 13:08:48 - [MESSAGE][PASSED] - Current device physical height is 2131

2019-10-22 13:08:48 - [MESSAGE][INFO] - Device Height : 2131

2019-10-22 13:08:49 - [MESSAGE][PASSED] - Current device physical width is 1080

2019-10-22 13:08:49 - [MESSAGE][INFO] - Device Width : 1080

2019-10-22 13:08:49 - [MESSAGE][INFO] - Swipe start at Height : 1491

2019-10-22 13:08:49 - [MESSAGE][INFO] - Swipe end at Height : 639

2019-10-22 13:08:49 - [MESSAGE][INFO] - X Position : 1000

2019-10-22 13:08:52 - [MESSAGE][PASSED] - Swiped from 1,000,1,491 to 1,000,639

2019-10-22 13:08:52 - [MESSAGE][PASSED] - mobile.mobileSwipe.UpDown is PASSED

2019-10-22 13:08:52 - [TEST_STEP][PASSED] - tap(findTestObject("Borrower/Borrower - Pekerjaan/Borrower_Pekerjaan_BtnAlamatKantor"), 0): Tapped on element 'Object Repository/Borrower/Borrower - Pekerjaan/Borrower_Pekerjaan_BtnAlamatKantor'

2019-10-22 13:08:52 - [MESSAGE][WARNING] - Timeout '0' is invalid. Using default page load timeout: '30'

2019-10-22 13:08:56 - [MESSAGE][PASSED] - Tapped on element 'Object Repository/Borrower/Borrower - Pekerjaan/Borrower_Pekerjaan_BtnAlamatKantor'

2019-10-22 13:08:56 - [TEST_STEP][PASSED] - delay(3, STOP_ON_FAILURE): Delayed 3 second(s)

2019-10-22 13:08:59 - [MESSAGE][PASSED] - Delayed 3 second(s)

2019-10-22 13:08:59 - [TEST_STEP][PASSED] - setText(findTestObject("Borrower/Borrower - Pekerjaan/Borrower_Pekerjaan_InpAlamatKantor"), BPvarAlamatKantor, 0): Text 'asdasdasdasd' has been set to element 'Object Repository/Borrower/Borrower - Pekerjaan/Borrower_Pekerjaan_InpAlamatKantor'

2019-10-22 13:08:59 - [MESSAGE][WARNING] - Timeout '0' is invalid. Using default page load timeout: '30'

2019-10-22 13:09:01 - [MESSAGE][PASSED] - Text 'asdasdasdasd' has been set to element 'Object Repository/Borrower/Borrower - Pekerjaan/Borrower_Pekerjaan_InpAlamatKantor'

2019-10-22 13:09:01 - [TEST_STEP][PASSED] - setText(findTestObject("Borrower/Borrower - Pekerjaan/Borrower_Pekerjaan_InpRT"), BPvarRT, 0): Text '231' has been set to element 'Object Repository/Borrower/Borrower - Pekerjaan/Borrower_Pekerjaan_InpRT'

2019-10-22 13:09:01 - [MESSAGE][WARNING] - Timeout '0' is invalid. Using default page load timeout: '30'

2019-10-22 13:09:05 - [MESSAGE][PASSED] - Text '231' has been set to element 'Object Repository/Borrower/Borrower - Pekerjaan/Borrower_Pekerjaan_InpRT'

2019-10-22 13:09:05 - [TEST_STEP][PASSED] - setText(findTestObject("Borrower/Borrower - Pekerjaan/Borrower_Pekerjaan_InpRW"), BPvarRW, 0): Text '222' has been set to element 'Object Repository/Borrower/Borrower - Pekerjaan/Borrower_Pekerjaan_InpRW'

2019-10-22 13:09:05 - [MESSAGE][WARNING] - Timeout '0' is invalid. Using default page load timeout: '30'

2019-10-22 13:09:08 - [MESSAGE][PASSED] - Text '222' has been set to element 'Object Repository/Borrower/Borrower - Pekerjaan/Borrower_Pekerjaan_InpRW'

2019-10-22 13:09:08 - [TEST_STEP][PASSED] - setText(findTestObject("Borrower/Borrower - Pekerjaan/Borrower_Pekerjaan_InpKodePos"), BPvarKodePos, 0): Text '10124' has been set to element 'Object Repository/Borrower/Borrower - Pekerjaan/Borrower_Pekerjaan_InpKodePos'

2019-10-22 13:09:08 - [MESSAGE][WARNING] - Timeout '0' is invalid. Using default page load timeout: '30'

2019-10-22 13:09:11 - [MESSAGE][PASSED] - Text '10124' has been set to element 'Object Repository/Borrower/Borrower - Pekerjaan/Borrower_Pekerjaan_InpKodePos'

2019-10-22 13:09:11 - [TEST_STEP][PASSED] - tap(findTestObject("Borrower/Borrower - Pekerjaan/Borrower_Pekerjaan_InpKodePos"), 0, STOP_ON_FAILURE): Tapped on element 'Object Repository/Borrower/Borrower - Pekerjaan/Borrower_Pekerjaan_InpKodePos'

2019-10-22 13:09:11 - [MESSAGE][WARNING] - Timeout '0' is invalid. Using default page load timeout: '30'

2019-10-22 13:09:16 - [MESSAGE][PASSED] - Tapped on element 'Object Repository/Borrower/Borrower - Pekerjaan/Borrower_Pekerjaan_InpKodePos'

2019-10-22 13:09:16 - [TEST_STEP][PASSED] - tap(findTestObject("Borrower/Borrower - Pekerjaan/Borrower_Pekerjaan_LOVKodePos"), 0, STOP_ON_FAILURE): Tapped on element 'Object Repository/Borrower/Borrower - Pekerjaan/Borrower_Pekerjaan_LOVKodePos'

2019-10-22 13:09:16 - [MESSAGE][WARNING] - Timeout '0' is invalid. Using default page load timeout: '30'

2019-10-22 13:09:20 - [MESSAGE][PASSED] - Tapped on element 'Object Repository/Borrower/Borrower - Pekerjaan/Borrower_Pekerjaan_LOVKodePos'

2019-10-22 13:09:20 - [TEST_STEP][PASSED] - setText(findTestObject("Borrower/Borrower - Pekerjaan/Borrower_Pekerjaan_InpPetunjukAlamat"), BPvarPetunjukAlamat, 0): Text 'petunjuuuuuukkk' has been set to element 'Object Repository/Borrower/Borrower - Pekerjaan/Borrower_Pekerjaan_InpPetunjukAlamat'

2019-10-22 13:09:20 - [MESSAGE][WARNING] - Timeout '0' is invalid. Using default page load timeout: '30'

2019-10-22 13:09:23 - [MESSAGE][PASSED] - Text 'petunjuuuuuukkk' has been set to element 'Object Repository/Borrower/Borrower - Pekerjaan/Borrower_Pekerjaan_InpPetunjukAlamat'

2019-10-22 13:09:23 - [TEST_STEP][PASSED] - setText(findTestObject("Borrower/Borrower - Pekerjaan/Borrower_Pekerjaan_InpKodeArea"), BPvarKodeArea, 0): Text '021' has been set to element 'Object Repository/Borrower/Borrower - Pekerjaan/Borrower_Pekerjaan_InpKodeArea'

2019-10-22 13:09:23 - [MESSAGE][WARNING] - Timeout '0' is invalid. Using default page load timeout: '30'

2019-10-22 13:09:26 - [MESSAGE][PASSED] - Text '021' has been set to element 'Object Repository/Borrower/Borrower - Pekerjaan/Borrower_Pekerjaan_InpKodeArea'

2019-10-22 13:09:26 - [TEST_STEP][PASSED] - setText(findTestObject("Borrower/Borrower - Pekerjaan/Borrower_Pekerjaan_InpNoTeleponKantor"), BPvarNoTeleponKantor, 0): Text '123123' has been set to element 'Object Repository/Borrower/Borrower - Pekerjaan/Borrower_Pekerjaan_InpNoTeleponKantor'

2019-10-22 13:09:26 - [MESSAGE][WARNING] - Timeout '0' is invalid. Using default page load timeout: '30'

2019-10-22 13:09:30 - [MESSAGE][PASSED] - Text '123123' has been set to element 'Object Repository/Borrower/Borrower - Pekerjaan/Borrower_Pekerjaan_InpNoTeleponKantor'

2019-10-22 13:09:30 - [TEST_STEP][PASSED] - setText(findTestObject("Borrower/Borrower - Pekerjaan/Borrower_Pekerjaan_InpExt"), BPvarEXT, 0): Text '23' has been set to element 'Object Repository/Borrower/Borrower - Pekerjaan/Borrower_Pekerjaan_InpExt'

2019-10-22 13:09:30 - [MESSAGE][WARNING] - Timeout '0' is invalid. Using default page load timeout: '30'

2019-10-22 13:09:32 - [MESSAGE][PASSED] - Text '23' has been set to element 'Object Repository/Borrower/Borrower - Pekerjaan/Borrower_Pekerjaan_InpExt'

2019-10-22 13:09:32 - [TEST_STEP][PASSED] - setText(findTestObject("Borrower/Borrower - Pekerjaan/Borrower_Pekerjaan_InpTeleponSeluler"), BPvarTeleponSeluler, 0): Text '08142334' has been set to element 'Object Repository/Borrower/Borrower - Pekerjaan/Borrower_Pekerjaan_InpTeleponSeluler'

2019-10-22 13:09:32 - [MESSAGE][WARNING] - Timeout '0' is invalid. Using default page load timeout: '30'

2019-10-22 13:09:36 - [MESSAGE][PASSED] - Text '08142334' has been set to element 'Object Repository/Borrower/Borrower - Pekerjaan/Borrower_Pekerjaan_InpTeleponSeluler'

2019-10-22 13:09:36 - [MESSAGE][PASSED] - Call Test Case 'Test Cases/Data Entry/Borrower/Borrower - Pekerjaan/MASTER FLOW/TC_Borrower - Pekerjaan - MASTER FLOW' successfully

2019-10-22 13:09:36 - [TEST_STEP][PASSED] - delay(5, STOP_ON_FAILURE): Delayed 5 second(s)

2019-10-22 13:09:41 - [MESSAGE][PASSED] - Delayed 5 second(s)

2019-10-22 13:09:41 - [TEST_STEP][PASSED] - mobile.mobileSwipe.RightLeft(0.9, 0.5, 1000): mobile.mobileSwipe.RightLeft is PASSED

2019-10-22 13:09:42 - [MESSAGE][PASSED] - Current device physical width is 1080

2019-10-22 13:09:43 - [MESSAGE][PASSED] - Current device physical height is 2131

2019-10-22 13:09:43 - [MESSAGE][INFO] - Device Height : 2131

2019-10-22 13:09:43 - [MESSAGE][INFO] - Device Width : 1080

2019-10-22 13:09:43 - [MESSAGE][INFO] - Swipe start at Width : 971

2019-10-22 13:09:43 - [MESSAGE][INFO] - Swipe end at Witdh : 540

2019-10-22 13:09:43 - [MESSAGE][INFO] - Y Position : 1000

2019-10-22 13:09:45 - [MESSAGE][PASSED] - Swiped from 971,1,000 to 540,1,000

2019-10-22 13:09:45 - [MESSAGE][PASSED] - mobile.mobileSwipe.RightLeft is PASSED

2019-10-22 13:09:45 - [TEST_STEP][PASSED] - if (BvarUsahaTab == "Ya"): null

2019-10-22 13:09:45 - [TEST_STEP][PASSED] - mobile.mobileSwipe.RightLeft(0.9, 0.5, 1000): mobile.mobileSwipe.RightLeft is PASSED

2019-10-22 13:09:47 - [MESSAGE][PASSED] - Current device physical width is 1080

2019-10-22 13:09:48 - [MESSAGE][PASSED] - Current device physical height is 2131

2019-10-22 13:09:48 - [MESSAGE][INFO] - Device Height : 2131

2019-10-22 13:09:48 - [MESSAGE][INFO] - Device Width : 1080

2019-10-22 13:09:48 - [MESSAGE][INFO] - Swipe start at Width : 971

2019-10-22 13:09:48 - [MESSAGE][INFO] - Swipe end at Witdh : 540

2019-10-22 13:09:48 - [MESSAGE][INFO] - Y Position : 1000

2019-10-22 13:09:50 - [MESSAGE][PASSED] - Swiped from 971,1,000 to 540,1,000

2019-10-22 13:09:50 - [MESSAGE][PASSED] - mobile.mobileSwipe.RightLeft is PASSED

2019-10-22 13:09:50 - [TEST_STEP][PASSED] - mobile.mobileSwipe.UpDown(0.2, 0.8, 1000): mobile.mobileSwipe.UpDown is PASSED

2019-10-22 13:09:51 - [MESSAGE][PASSED] - Current device physical height is 2131

2019-10-22 13:09:51 - [MESSAGE][INFO] - Device Height : 2131

2019-10-22 13:09:52 - [MESSAGE][PASSED] - Current device physical width is 1080

2019-10-22 13:09:52 - [MESSAGE][INFO] - Device Width : 1080

2019-10-22 13:09:52 - [MESSAGE][INFO] - Swipe start at Height : 426

2019-10-22 13:09:52 - [MESSAGE][INFO] - Swipe end at Height : 1704

2019-10-22 13:09:52 - [MESSAGE][INFO] - X Position : 1000

2019-10-22 13:09:54 - [MESSAGE][PASSED] - Swiped from 1,000,426 to 1,000,1,704

2019-10-22 13:09:54 - [MESSAGE][PASSED] - mobile.mobileSwipe.UpDown is PASSED

2019-10-22 13:09:54 - [TEST_STEP][PASSED] - callTestCase(findTestCase("Data Entry/Borrower/Borrower - Emergency Contact/MASTER FLOW/TC_Borrower - Emergency Contact - MASTER FLOW"), ["BEvarNamaLengkap":BEvarNamaLengkap, "BEvarHubungan":BEvarHubungan, "BEvarAlamat":BEvarAlamat, "BEvarRT":BEvarRT, "BEvarRW":BEvarRW, ... ], STOP_ON_FAILURE): Call Test Case 'Test Cases/Data Entry/Borrower/Borrower - Emergency Contact/MASTER FLOW/TC_Borrower - Emergency Contact - MASTER FLOW' successfully

2019-10-22 13:09:54 - [TEST_CASE][PASSED] - Test Cases/Data Entry/Borrower/Borrower - Emergency Contact/MASTER FLOW/TC_Borrower - Emergency Contact - MASTER FLOW: Test Cases/Data Entry/Borrower/Borrower - Emergency Contact/MASTER FLOW/TC_Borrower - Emergency Contact - MASTER FLOW

2019-10-22 13:09:54 - [TEST_STEP][PASSED] - setText(findTestObject("Borrower/Borrower - Emergency/Borrower_Emergency_InpNamaLengkap"), BEvarNamaLengkap, 0): Text 'sdasdasdasdasdasdasd' has been set to element 'Object Repository/Borrower/Borrower - Emergency/Borrower_Emergency_InpNamaLengkap'

2019-10-22 13:09:54 - [MESSAGE][WARNING] - Timeout '0' is invalid. Using default page load timeout: '30'

2019-10-22 13:09:57 - [MESSAGE][PASSED] - Text 'sdasdasdasdasdasdasd' has been set to element 'Object Repository/Borrower/Borrower - Emergency/Borrower_Emergency_InpNamaLengkap'

2019-10-22 13:09:57 - [TEST_STEP][PASSED] - tap(findTestObject("Borrower/Borrower - Emergency/Borrower_Emergency_TxtHubungan"), 0): Tapped on element 'Object Repository/Borrower/Borrower - Emergency/Borrower_Emergency_TxtHubungan'

2019-10-22 13:09:57 - [MESSAGE][WARNING] - Timeout '0' is invalid. Using default page load timeout: '30'

2019-10-22 13:10:01 - [MESSAGE][PASSED] - Tapped on element 'Object Repository/Borrower/Borrower - Emergency/Borrower_Emergency_TxtHubungan'

2019-10-22 13:10:01 - [TEST_STEP][PASSED] - tap(findTestObject("dynamic object/pickListItem_checkedTextView", ["text":BEvarHubungan]), 0): Tapped on element 'Object Repository/dynamic object/pickListItem_checkedTextView'

2019-10-22 13:10:01 - [MESSAGE][WARNING] - Timeout '0' is invalid. Using default page load timeout: '30'

2019-10-22 13:10:03 - [MESSAGE][PASSED] - Tapped on element 'Object Repository/dynamic object/pickListItem_checkedTextView'

2019-10-22 13:10:03 - [TEST_STEP][PASSED] - setText(findTestObject("Borrower/Borrower - Emergency/Borrower_Emergency_InpAlamat"), BEvarAlamat, 0): Text 'aalamatss' has been set to element 'Object Repository/Borrower/Borrower - Emergency/Borrower_Emergency_InpAlamat'

2019-10-22 13:10:03 - [MESSAGE][WARNING] - Timeout '0' is invalid. Using default page load timeout: '30'

2019-10-22 13:10:06 - [MESSAGE][PASSED] - Text 'aalamatss' has been set to element 'Object Repository/Borrower/Borrower - Emergency/Borrower_Emergency_InpAlamat'

2019-10-22 13:10:06 - [TEST_STEP][PASSED] - setText(findTestObject("Borrower/Borrower - Emergency/Borrower_Emergency_InpRT"), BEvarRT, 0): Text '458' has been set to element 'Object Repository/Borrower/Borrower - Emergency/Borrower_Emergency_InpRT'

2019-10-22 13:10:06 - [MESSAGE][WARNING] - Timeout '0' is invalid. Using default page load timeout: '30'

2019-10-22 13:10:10 - [MESSAGE][PASSED] - Text '458' has been set to element 'Object Repository/Borrower/Borrower - Emergency/Borrower_Emergency_InpRT'

2019-10-22 13:10:10 - [TEST_STEP][PASSED] - setText(findTestObject("Borrower/Borrower - Emergency/Borrower_Emergency_InpRW"), BEvarRW, 0): Text '223' has been set to element 'Object Repository/Borrower/Borrower - Emergency/Borrower_Emergency_InpRW'

2019-10-22 13:10:10 - [MESSAGE][WARNING] - Timeout '0' is invalid. Using default page load timeout: '30'

2019-10-22 13:10:13 - [MESSAGE][PASSED] - Text '223' has been set to element 'Object Repository/Borrower/Borrower - Emergency/Borrower_Emergency_InpRW'

2019-10-22 13:10:13 - [TEST_STEP][PASSED] - setText(findTestObject("Borrower/Borrower - Emergency/Borrower_Emergency_InpKodePos"), BEvarKodePos, 0): Text '10124' has been set to element 'Object Repository/Borrower/Borrower - Emergency/Borrower_Emergency_InpKodePos'

2019-10-22 13:10:13 - [MESSAGE][WARNING] - Timeout '0' is invalid. Using default page load timeout: '30'

2019-10-22 13:10:17 - [MESSAGE][PASSED] - Text '10124' has been set to element 'Object Repository/Borrower/Borrower - Emergency/Borrower_Emergency_InpKodePos'

2019-10-22 13:10:17 - [TEST_STEP][PASSED] - tap(findTestObject("Borrower/Borrower - Emergency/Borrower_Emergency_InpKodePos"), 0, STOP_ON_FAILURE): Tapped on element 'Object Repository/Borrower/Borrower - Emergency/Borrower_Emergency_InpKodePos'

2019-10-22 13:10:17 - [MESSAGE][WARNING] - Timeout '0' is invalid. Using default page load timeout: '30'

2019-10-22 13:10:21 - [MESSAGE][PASSED] - Tapped on element 'Object Repository/Borrower/Borrower - Emergency/Borrower_Emergency_InpKodePos'

2019-10-22 13:10:21 - [TEST_STEP][PASSED] - tap(findTestObject("Borrower/Borrower - Emergency/Borrower_Emergency_LOVKodePos"), 0): Tapped on element 'Object Repository/Borrower/Borrower - Emergency/Borrower_Emergency_LOVKodePos'

2019-10-22 13:10:21 - [MESSAGE][WARNING] - Timeout '0' is invalid. Using default page load timeout: '30'

2019-10-22 13:10:25 - [MESSAGE][PASSED] - Tapped on element 'Object Repository/Borrower/Borrower - Emergency/Borrower_Emergency_LOVKodePos'

2019-10-22 13:10:25 - [TEST_STEP][PASSED] - setText(findTestObject("Borrower/Borrower - Emergency/Borrower_Emergency_InpKodeArea"), BEvarKodeArea, 0): Text '021' has been set to element 'Object Repository/Borrower/Borrower - Emergency/Borrower_Emergency_InpKodeArea'

2019-10-22 13:10:25 - [MESSAGE][WARNING] - Timeout '0' is invalid. Using default page load timeout: '30'

2019-10-22 13:10:28 - [MESSAGE][PASSED] - Text '021' has been set to element 'Object Repository/Borrower/Borrower - Emergency/Borrower_Emergency_InpKodeArea'

2019-10-22 13:10:28 - [TEST_STEP][PASSED] - setText(findTestObject("Borrower/Borrower - Emergency/Borrower_Emergency_InpNoTelponKantor"), BEvarNoTelponKantor, 0): Text '344534' has been set to element 'Object Repository/Borrower/Borrower - Emergency/Borrower_Emergency_InpNoTelponKantor'

2019-10-22 13:10:29 - [MESSAGE][WARNING] - Timeout '0' is invalid. Using default page load timeout: '30'

2019-10-22 13:10:31 - [MESSAGE][PASSED] - Text '344534' has been set to element 'Object Repository/Borrower/Borrower - Emergency/Borrower_Emergency_InpNoTelponKantor'

2019-10-22 13:10:31 - [TEST_STEP][PASSED] - setText(findTestObject("Borrower/Borrower - Emergency/Borrower_Emergency_InpExt"), BEvarEXT, 0): Text '344' has been set to element 'Object Repository/Borrower/Borrower - Emergency/Borrower_Emergency_InpExt'

2019-10-22 13:10:31 - [MESSAGE][WARNING] - Timeout '0' is invalid. Using default page load timeout: '30'

2019-10-22 13:10:34 - [MESSAGE][PASSED] - Text '344' has been set to element 'Object Repository/Borrower/Borrower - Emergency/Borrower_Emergency_InpExt'

2019-10-22 13:10:34 - [TEST_STEP][PASSED] - setText(findTestObject("Borrower/Borrower - Emergency/Borrower_Emergency_InpTeleponSelular"), BEvarTeleponSelular, 0): Text '0817171717' has been set to element 'Object Repository/Borrower/Borrower - Emergency/Borrower_Emergency_InpTeleponSelular'

2019-10-22 13:10:34 - [MESSAGE][WARNING] - Timeout '0' is invalid. Using default page load timeout: '30'

2019-10-22 13:10:37 - [MESSAGE][PASSED] - Text '0817171717' has been set to element 'Object Repository/Borrower/Borrower - Emergency/Borrower_Emergency_InpTeleponSelular'

2019-10-22 13:10:37 - [TEST_STEP][PASSED] - mobile.mobileSwipe.UpDown(0.7, 0.5, 1000): mobile.mobileSwipe.UpDown is PASSED

2019-10-22 13:10:38 - [MESSAGE][PASSED] - Current device physical height is 2131

2019-10-22 13:10:38 - [MESSAGE][INFO] - Device Height : 2131

2019-10-22 13:10:39 - [MESSAGE][PASSED] - Current device physical width is 1080

2019-10-22 13:10:39 - [MESSAGE][INFO] - Device Width : 1080

2019-10-22 13:10:39 - [MESSAGE][INFO] - Swipe start at Height : 1491

2019-10-22 13:10:39 - [MESSAGE][INFO] - Swipe end at Height : 1065

2019-10-22 13:10:39 - [MESSAGE][INFO] - X Position : 1000

2019-10-22 13:10:41 - [MESSAGE][PASSED] - Swiped from 1,000,1,491 to 1,000,1,065

2019-10-22 13:10:41 - [MESSAGE][PASSED] - mobile.mobileSwipe.UpDown is PASSED

2019-10-22 13:10:41 - [TEST_STEP][PASSED] - setText(findTestObject("Borrower/Borrower - Emergency/Borrower_Emergency_InpEmail"), BEvarEmail, 0): Text 'ajdalsjdk@a.c' has been set to element 'Object Repository/Borrower/Borrower - Emergency/Borrower_Emergency_InpEmail'

2019-10-22 13:10:41 - [MESSAGE][WARNING] - Timeout '0' is invalid. Using default page load timeout: '30'

2019-10-22 13:10:43 - [MESSAGE][PASSED] - Text 'ajdalsjdk@a.c' has been set to element 'Object Repository/Borrower/Borrower - Emergency/Borrower_Emergency_InpEmail'

2019-10-22 13:10:43 - [MESSAGE][PASSED] - Call Test Case 'Test Cases/Data Entry/Borrower/Borrower - Emergency Contact/MASTER FLOW/TC_Borrower - Emergency Contact - MASTER FLOW' successfully

2019-10-22 13:10:43 - [MESSAGE][PASSED] - Call Test Case 'Test Cases/Data Entry/Borrower/Flow Borrower' successfully

2019-10-22 13:10:43 - [TEST_STEP][PASSED] - delay(10, STOP_ON_FAILURE): Delayed 10 second(s)

2019-10-22 13:10:53 - [MESSAGE][PASSED] - Delayed 10 second(s)

2019-10-22 13:10:53 - [TEST_STEP][PASSED] - tap(findTestObject("dynamic object/BtnBerikutnya"), 0): Tapped on element 'Object Repository/dynamic object/BtnBerikutnya'

2019-10-22 13:10:53 - [MESSAGE][WARNING] - Timeout '0' is invalid. Using default page load timeout: '30'

2019-10-22 13:10:57 - [MESSAGE][PASSED] - Tapped on element 'Object Repository/dynamic object/BtnBerikutnya'

2019-10-22 13:10:57 - [TEST_STEP][PASSED] - verifyElementVisible(findTestObject("Borrower/TxtSemuaDataSudahDiisi"), 80, OPTIONAL): Element 'Object Repository/Borrower/TxtSemuaDataSudahDiisi' is visible

2019-10-22 13:11:04 - [MESSAGE][PASSED] - Element 'Object Repository/Borrower/TxtSemuaDataSudahDiisi' is visible

2019-10-22 13:11:04 - [TEST_STEP][NOT_RUN] - if (AllStatusPerkawinan == "Married"): NOT_RUN: if (AllStatusPerkawinan == "Married")

2019-10-22 13:11:04 - [MESSAGE][NOT_RUN] - NOT_RUN: if (AllStatusPerkawinan == "Married")

2019-10-22 13:11:04 - [TEST_STEP][NOT_RUN] - if (AllGuarantor == "Ya"): NOT_RUN: if (AllGuarantor == "Ya")

2019-10-22 13:11:04 - [MESSAGE][NOT_RUN] - NOT_RUN: if (AllGuarantor == "Ya")

2019-10-22 13:11:04 - [TEST_STEP][PASSED] - delay(10, STOP_ON_FAILURE): Delayed 10 second(s)

2019-10-22 13:11:14 - [MESSAGE][PASSED] - Delayed 10 second(s)

2019-10-22 13:11:14 - [TEST_STEP][PASSED] - tap(findTestObject("dynamic object/BtnBerikutnya"), 0): Tapped on element 'Object Repository/dynamic object/BtnBerikutnya'

2019-10-22 13:11:14 - [MESSAGE][WARNING] - Timeout '0' is invalid. Using default page load timeout: '30'

2019-10-22 13:11:20 - [MESSAGE][PASSED] - Tapped on element 'Object Repository/dynamic object/BtnBerikutnya'

2019-10-22 13:11:20 - [TEST_STEP][PASSED] - delay(10, STOP_ON_FAILURE): Delayed 10 second(s)

2019-10-22 13:11:30 - [MESSAGE][PASSED] - Delayed 10 second(s)

2019-10-22 13:11:30 - [TEST_STEP][PASSED] - callTestCase(findTestCase("Data Entry/Penghasilan/MASTER FLOW/TC_Penghasilan - MASTER FLOW"), ["varPenghasilanKotorSatu":varPenghasilanKotorSatu, "varPenghasilanKotorDua":varPenghasilanKotorDua, "varPenghasilanKotorTiga":varPenghasilanKotorTiga, ... ], STOP_ON_FAILURE): Call Test Case 'Test Cases/Data Entry/Penghasilan/MASTER FLOW/TC_Penghasilan - MASTER FLOW' successfully

2019-10-22 13:11:30 - [TEST_CASE][PASSED] - Test Cases/Data Entry/Penghasilan/MASTER FLOW/TC_Penghasilan - MASTER FLOW: Test Cases/Data Entry/Penghasilan/MASTER FLOW/TC_Penghasilan - MASTER FLOW

2019-10-22 13:11:30 - [TEST_STEP][PASSED] - tap(findTestObject("Penghasilan/Penghasilan_BtnPenghasilanSatu"), 0): Tapped on element 'Object Repository/Penghasilan/Penghasilan_BtnPenghasilanSatu'

2019-10-22 13:11:30 - [MESSAGE][WARNING] - Timeout '0' is invalid. Using default page load timeout: '30'

2019-10-22 13:11:32 - [MESSAGE][PASSED] - Tapped on element 'Object Repository/Penghasilan/Penghasilan_BtnPenghasilanSatu'

2019-10-22 13:11:32 - [TEST_STEP][PASSED] - if (varSumberPenghasilanSatu == "Usaha"): null

2019-10-22 13:11:32 - [TEST_STEP][PASSED] - switch (varPemilikPenghasilanSatu.toString()): null

2019-10-22 13:11:32 - [TEST_STEP][PASSED] - case "Borrower":: null

2019-10-22 13:11:32 - [TEST_STEP][PASSED] - tap(findTestObject("Penghasilan/Penghasilan_PenghasilanSatu_BtnPemilikPenghasilan - Borrower"), 0): Tapped on element 'Object Repository/Penghasilan/Penghasilan_PenghasilanSatu_BtnPemilikPenghasilan - Borrower'

2019-10-22 13:11:32 - [MESSAGE][WARNING] - Timeout '0' is invalid. Using default page load timeout: '30'

2019-10-22 13:11:34 - [MESSAGE][PASSED] - Tapped on element 'Object Repository/Penghasilan/Penghasilan_PenghasilanSatu_BtnPemilikPenghasilan - Borrower'

2019-10-22 13:11:34 - [TEST_STEP][PASSED] - break: null

2019-10-22 13:11:34 - [TEST_STEP][PASSED] - tap(findTestObject("Penghasilan/Penghasilan_PenghasilanSatu_TxtJenisPekerjaanAtauUsaha"), 0): Tapped on element 'Object Repository/Penghasilan/Penghasilan_PenghasilanSatu_TxtJenisPekerjaanAtauUsaha'

2019-10-22 13:11:34 - [MESSAGE][WARNING] - Timeout '0' is invalid. Using default page load timeout: '30'

2019-10-22 13:11:37 - [MESSAGE][PASSED] - Tapped on element 'Object Repository/Penghasilan/Penghasilan_PenghasilanSatu_TxtJenisPekerjaanAtauUsaha'

2019-10-22 13:11:37 - [TEST_STEP][PASSED] - tap(findTestObject("dynamic object/pickListItem_checkedTextView", ["text":varJenisPekerjaanAtauUsahaSatu]), 0): Tapped on element 'Object Repository/dynamic object/pickListItem_checkedTextView'

2019-10-22 13:11:37 - [MESSAGE][WARNING] - Timeout '0' is invalid. Using default page load timeout: '30'

2019-10-22 13:11:39 - [MESSAGE][PASSED] - Tapped on element 'Object Repository/dynamic object/pickListItem_checkedTextView'

2019-10-22 13:11:39 - [TEST_STEP][PASSED] - setText(findTestObject("Penghasilan/Penghasilan_PenghasilanSatu_InpPenghasilanKotor"), varPenghasilanKotorSatu, 0): Text '14420000' has been set to element 'Object Repository/Penghasilan/Penghasilan_PenghasilanSatu_InpPenghasilanKotor'

2019-10-22 13:11:39 - [MESSAGE][WARNING] - Timeout '0' is invalid. Using default page load timeout: '30'

2019-10-22 13:11:40 - [MESSAGE][PASSED] - Text '14420000' has been set to element 'Object Repository/Penghasilan/Penghasilan_PenghasilanSatu_InpPenghasilanKotor'

2019-10-22 13:11:40 - [TEST_STEP][PASSED] - if (varPenghasilanDua == "Y"): null

2019-10-22 13:11:40 - [TEST_STEP][PASSED] - if (varPenghasilanTiga == "Y"): null

2019-10-22 13:11:40 - [TEST_STEP][PASSED] - tap(findTestObject("Penghasilan/Penghasilan_BtnBerikutnya"), 0): Tapped on element 'Object Repository/Penghasilan/Penghasilan_BtnBerikutnya'

2019-10-22 13:11:40 - [MESSAGE][WARNING] - Timeout '0' is invalid. Using default page load timeout: '30'

2019-10-22 13:11:42 - [MESSAGE][PASSED] - Tapped on element 'Object Repository/Penghasilan/Penghasilan_BtnBerikutnya'

2019-10-22 13:11:42 - [MESSAGE][PASSED] - Call Test Case 'Test Cases/Data Entry/Penghasilan/MASTER FLOW/TC_Penghasilan - MASTER FLOW' successfully

2019-10-22 13:11:42 - [TEST_STEP][PASSED] - callTestCase(findTestCase("Data Entry/Bank Account/Bank Account/MASTER FLOW/TC_Bank Account - Bank Account - MASTER FLOW"), ["varNamaCabang":varNamaCabang, "varNomorRekening":varNomorRekening, "varNamaPemegangRekening":varNamaPemegangRekening, "varSumberDanaBilaTidakBekerja":varSumberDanaBilaTidakBekerja, ... ], STOP_ON_FAILURE): Call Test Case 'Test Cases/Data Entry/Bank Account/Bank Account/MASTER FLOW/TC_Bank Account - Bank Account - MASTER FLOW' successfully

2019-10-22 13:11:42 - [TEST_CASE][PASSED] - Test Cases/Data Entry/Bank Account/Bank Account/MASTER FLOW/TC_Bank Account - Bank Account - MASTER FLOW: Test Cases/Data Entry/Bank Account/Bank Account/MASTER FLOW/TC_Bank Account - Bank Account - MASTER FLOW

2019-10-22 13:11:42 - [TEST_STEP][PASSED] - switch (varMetodePembayaran.toString()): null

2019-10-22 13:11:42 - [TEST_STEP][PASSED] - case "Giro":: null

2019-10-22 13:11:42 - [TEST_STEP][PASSED] - tap(findTestObject("Bank Account/Bank Account - Bank Account/BankAccount_BankAccount_BtnMetodePembayaran - Giro"), 0): Tapped on element 'Object Repository/Bank Account/Bank Account - Bank Account/BankAccount_BankAccount_BtnMetodePembayaran - Giro'

2019-10-22 13:11:43 - [MESSAGE][WARNING] - Timeout '0' is invalid. Using default page load timeout: '30'

2019-10-22 13:11:46 - [MESSAGE][PASSED] - Tapped on element 'Object Repository/Bank Account/Bank Account - Bank Account/BankAccount_BankAccount_BtnMetodePembayaran - Giro'

2019-10-22 13:11:46 - [TEST_STEP][PASSED] - break: null

2019-10-22 13:11:46 - [TEST_STEP][PASSED] - setText(findTestObject("Bank Account/Bank Account - Bank Account/BankAccount_BankAccount_InpNamaCabang"), varNamaCabang, 0): Text 'BNI-BGR-PAJAJARAN' has been set to element 'Object Repository/Bank Account/Bank Account - Bank Account/BankAccount_BankAccount_InpNamaCabang'

2019-10-22 13:11:46 - [MESSAGE][WARNING] - Timeout '0' is invalid. Using default page load timeout: '30'

2019-10-22 13:11:47 - [MESSAGE][PASSED] - Text 'BNI-BGR-PAJAJARAN' has been set to element 'Object Repository/Bank Account/Bank Account - Bank Account/BankAccount_BankAccount_InpNamaCabang'

2019-10-22 13:11:47 - [TEST_STEP][PASSED] - tap(findTestObject("Bank Account/Bank Account - Bank Account/BankAccount_BankAccount_InpNamaCabang"), 0, STOP_ON_FAILURE): Tapped on element 'Object Repository/Bank Account/Bank Account - Bank Account/BankAccount_BankAccount_InpNamaCabang'

2019-10-22 13:11:48 - [MESSAGE][WARNING] - Timeout '0' is invalid. Using default page load timeout: '30'

2019-10-22 13:11:50 - [MESSAGE][PASSED] - Tapped on element 'Object Repository/Bank Account/Bank Account - Bank Account/BankAccount_BankAccount_InpNamaCabang'

2019-10-22 13:11:50 - [TEST_STEP][PASSED] - mobile.picklist.List(findTestObject("dynamic object/pickListItem_viewView", ["text":varNamaCabang]), OPTIONAL): mobile.picklist.List is PASSED

2019-10-22 13:11:51 - [MESSAGE][WARNING] - Timeout '0' is invalid. Using default page load timeout: '30'

2019-10-22 13:11:51 - [MESSAGE][PASSED] - Object 'Object Repository/dynamic object/pickListItem_viewView' has top position '965'

2019-10-22 13:11:51 - [MESSAGE][WARNING] - Timeout '0' is invalid. Using default page load timeout: '30'

2019-10-22 13:11:52 - [MESSAGE][PASSED] - Object 'Object Repository/dynamic object/pickListItem_viewView' has left position '76'

2019-10-22 13:11:52 - [MESSAGE][PASSED] - Tapped at [76, 1,080]

2019-10-22 13:11:52 - [MESSAGE][PASSED] - mobile.picklist.List is PASSED

2019-10-22 13:11:52 - [TEST_STEP][PASSED] - setText(findTestObject("Bank Account/Bank Account - Bank Account/BankAccount_BankAccount_InpNomorRekening"), varNomorRekening, 0): Text '2894074' has been set to element 'Object Repository/Bank Account/Bank Account - Bank Account/BankAccount_BankAccount_InpNomorRekening'

2019-10-22 13:11:53 - [MESSAGE][WARNING] - Timeout '0' is invalid. Using default page load timeout: '30'

2019-10-22 13:11:55 - [MESSAGE][PASSED] - Text '2894074' has been set to element 'Object Repository/Bank Account/Bank Account - Bank Account/BankAccount_BankAccount_InpNomorRekening'

2019-10-22 13:11:55 - [TEST_STEP][PASSED] - setText(findTestObject("Bank Account/Bank Account - Bank Account/BankAccount_BankAccount_InpNamaPemegangRekening"), varNamaPemegangRekening, 0): Text 'SONDANG MARIA' has been set to element 'Object Repository/Bank Account/Bank Account - Bank Account/BankAccount_BankAccount_InpNamaPemegangRekening'

2019-10-22 13:11:55 - [MESSAGE][WARNING] - Timeout '0' is invalid. Using default page load timeout: '30'

2019-10-22 13:11:56 - [MESSAGE][PASSED] - Text 'SONDANG MARIA' has been set to element 'Object Repository/Bank Account/Bank Account - Bank Account/BankAccount_BankAccount_InpNamaPemegangRekening'

2019-10-22 13:11:56 - [TEST_STEP][NOT_RUN] - if (varPembukaanRekeningPermata == "Y"): NOT_RUN: if (varPembukaanRekeningPermata == "Y")

2019-10-22 13:11:56 - [MESSAGE][NOT_RUN] - NOT_RUN: if (varPembukaanRekeningPermata == "Y")

2019-10-22 13:11:56 - [MESSAGE][PASSED] - Call Test Case 'Test Cases/Data Entry/Bank Account/Bank Account/MASTER FLOW/TC_Bank Account - Bank Account - MASTER FLOW' successfully

2019-10-22 13:11:56 - [TEST_STEP][PASSED] - callTestCase(findTestCase("Data Entry/Bank Account/Bank History/MASTER FLOW/TC_Bank Account - Bank History - MASTER FLOW"), ["varNamaBank":varNamaBank, "varNomorRekening":varNomorRekening, "varNamaPemegangRekening":varNamaPemegangRekening, "varBulan":varBulan, ... ], STOP_ON_FAILURE): Call Test Case 'Test Cases/Data Entry/Bank Account/Bank History/MASTER FLOW/TC_Bank Account - Bank History - MASTER FLOW' successfully

2019-10-22 13:11:57 - [TEST_CASE][PASSED] - Test Cases/Data Entry/Bank Account/Bank History/MASTER FLOW/TC_Bank Account - Bank History - MASTER FLOW: Test Cases/Data Entry/Bank Account/Bank History/MASTER FLOW/TC_Bank Account - Bank History - MASTER FLOW

2019-10-22 13:11:57 - [TEST_STEP][PASSED] - tap(findTestObject("Bank Account/TAB/BankAccount_TabBankHistory"), 0): Tapped on element 'Object Repository/Bank Account/TAB/BankAccount_TabBankHistory'

2019-10-22 13:11:57 - [MESSAGE][WARNING] - Timeout '0' is invalid. Using default page load timeout: '30'

2019-10-22 13:11:59 - [MESSAGE][PASSED] - Tapped on element 'Object Repository/Bank Account/TAB/BankAccount_TabBankHistory'

2019-10-22 13:11:59 - [TEST_STEP][PASSED] - setText(findTestObject("Bank Account/Bank Account - Bank History/BankAccount_BankHistory_InpNamaBank"), varNamaBank, 0): Text 'BNI-BGR-PAJAJARAN' has been set to element 'Object Repository/Bank Account/Bank Account - Bank History/BankAccount_BankHistory_InpNamaBank'

2019-10-22 13:11:59 - [MESSAGE][WARNING] - Timeout '0' is invalid. Using default page load timeout: '30'

2019-10-22 13:12:00 - [MESSAGE][PASSED] - Text 'BNI-BGR-PAJAJARAN' has been set to element 'Object Repository/Bank Account/Bank Account - Bank History/BankAccount_BankHistory_InpNamaBank'

2019-10-22 13:12:00 - [TEST_STEP][PASSED] - tap(findTestObject("Bank Account/Bank Account - Bank History/BankAccount_BankHistory_InpNamaBank"), 0, STOP_ON_FAILURE): Tapped on element 'Object Repository/Bank Account/Bank Account - Bank History/BankAccount_BankHistory_InpNamaBank'

2019-10-22 13:12:00 - [MESSAGE][WARNING] - Timeout '0' is invalid. Using default page load timeout: '30'

2019-10-22 13:12:03 - [MESSAGE][PASSED] - Tapped on element 'Object Repository/Bank Account/Bank Account - Bank History/BankAccount_BankHistory_InpNamaBank'

2019-10-22 13:12:03 - [TEST_STEP][PASSED] - mobile.picklist.List(findTestObject("dynamic object/pickListItem_viewView", ["text":varNamaBank]), STOP_ON_FAILURE): mobile.picklist.List is PASSED

2019-10-22 13:12:04 - [MESSAGE][WARNING] - Timeout '0' is invalid. Using default page load timeout: '30'

2019-10-22 13:12:04 - [MESSAGE][PASSED] - Object 'Object Repository/dynamic object/pickListItem_viewView' has top position '755'

2019-10-22 13:12:04 - [MESSAGE][WARNING] - Timeout '0' is invalid. Using default page load timeout: '30'

2019-10-22 13:12:05 - [MESSAGE][PASSED] - Object 'Object Repository/dynamic object/pickListItem_viewView' has left position '78'

2019-10-22 13:12:05 - [MESSAGE][PASSED] - Tapped at [78, 870]

2019-10-22 13:12:05 - [MESSAGE][PASSED] - mobile.picklist.List is PASSED

2019-10-22 13:12:05 - [TEST_STEP][PASSED] - setText(findTestObject("Bank Account/Bank Account - Bank History/BankAccount_BankHistory_InpNomorRekening"), varNomorRekening, 0): Text '2894074' has been set to element 'Object Repository/Bank Account/Bank Account - Bank History/BankAccount_BankHistory_InpNomorRekening'

2019-10-22 13:12:05 - [MESSAGE][WARNING] - Timeout '0' is invalid. Using default page load timeout: '30'

2019-10-22 13:12:08 - [MESSAGE][PASSED] - Text '2894074' has been set to element 'Object Repository/Bank Account/Bank Account - Bank History/BankAccount_BankHistory_InpNomorRekening'

2019-10-22 13:12:08 - [TEST_STEP][PASSED] - setText(findTestObject("Bank Account/Bank Account - Bank History/BankAccount_BankHistory_InpNamaPemegangRekening"), varNamaPemegangRekening, 0): Text 'SONDANG MARIA' has been set to element 'Object Repository/Bank Account/Bank Account - Bank History/BankAccount_BankHistory_InpNamaPemegangRekening'

2019-10-22 13:12:08 - [MESSAGE][WARNING] - Timeout '0' is invalid. Using default page load timeout: '30'

2019-10-22 13:12:10 - [MESSAGE][PASSED] - Text 'SONDANG MARIA' has been set to element 'Object Repository/Bank Account/Bank Account - Bank History/BankAccount_BankHistory_InpNamaPemegangRekening'

2019-10-22 13:12:10 - [TEST_STEP][PASSED] - delay(10, STOP_ON_FAILURE): Delayed 10 second(s)

2019-10-22 13:12:20 - [MESSAGE][PASSED] - Delayed 10 second(s)

2019-10-22 13:12:20 - [TEST_STEP][NOT_RUN] - if (varTambahBankHistory == "Y"): NOT_RUN: if (varTambahBankHistory == "Y")

2019-10-22 13:12:20 - [MESSAGE][NOT_RUN] - NOT_RUN: if (varTambahBankHistory == "Y")

2019-10-22 13:12:20 - [MESSAGE][PASSED] - Call Test Case 'Test Cases/Data Entry/Bank Account/Bank History/MASTER FLOW/TC_Bank Account - Bank History - MASTER FLOW' successfully

2019-10-22 13:12:20 - [TEST_STEP][PASSED] - tap(findTestObject("dynamic object/BtnBerikutnya"), 0): Tapped on element 'Object Repository/dynamic object/BtnBerikutnya'

2019-10-22 13:12:20 - [MESSAGE][WARNING] - Timeout '0' is invalid. Using default page load timeout: '30'

2019-10-22 13:12:22 - [MESSAGE][PASSED] - Tapped on element 'Object Repository/dynamic object/BtnBerikutnya'

2019-10-22 13:12:22 - [TEST_STEP][PASSED] - delay(10, STOP_ON_FAILURE): Delayed 10 second(s)

2019-10-22 13:12:32 - [MESSAGE][PASSED] - Delayed 10 second(s)

2019-10-22 13:12:32 - [TEST_STEP][PASSED] - delay(10, STOP_ON_FAILURE): Delayed 10 second(s)

2019-10-22 13:12:42 - [MESSAGE][PASSED] - Delayed 10 second(s)

2019-10-22 13:12:42 - [TEST_STEP][PASSED] - tap(findTestObject("dynamic object/BtnBerikutnya"), 0): Tapped on element 'Object Repository/dynamic object/BtnBerikutnya'

2019-10-22 13:12:42 - [MESSAGE][WARNING] - Timeout '0' is invalid. Using default page load timeout: '30'

2019-10-22 13:12:43 - [MESSAGE][PASSED] - Tapped on element 'Object Repository/dynamic object/BtnBerikutnya'

2019-10-22 13:12:43 - [TEST_STEP][PASSED] - callTestCase(findTestCase("Data Entry/Data Asset/MASTER FLOW/TC_Data Asset - MASTER FLOW"), ["varNomorRangka":varNomorRangka, "varNomorMesin":varNomorMesin, "varNamaBPKB":varNamaBPKB, "varNomorBPKB":varNomorBPKB, "varNomorPolisiDepan":varNomorPolisiDepan, ... ], STOP_ON_FAILURE): null

2019-10-22 13:12:43 - [TEST_STEP][PASSED] - Start listener action : sampleAfterTestCase: Close app successfully

2019-10-22 13:12:43 - [TEST_STEP][PASSED] - getDriver().quit(): null

2019-10-22 13:12:46 - [TEST_STEP][PASSED] - closeApplication(OPTIONAL): Close app successfully

2019-10-22 13:12:46 - [MESSAGE][PASSED] - Close app successfully]]></system-out>
         <system-err><![CDATA[2019-10-22 12:58:21 - [TEST_CASE][ERROR] - Test Cases/Data Entry/TC_Data Entry: Test Cases/Data Entry/TC_Data Entry FAILED.
Reason:
groovy.lang.MissingPropertyException: No such property: varNomorRangka for class: Script1564452084350
	at TC_Data Entry.run(TC_Data Entry:217)
	at com.kms.katalon.core.main.ScriptEngine.run(ScriptEngine.java:194)
	at com.kms.katalon.core.main.ScriptEngine.runScriptAsRawText(ScriptEngine.java:119)
	at com.kms.katalon.core.main.TestCaseExecutor.runScript(TestCaseExecutor.java:337)
	at com.kms.katalon.core.main.TestCaseExecutor.doExecute(TestCaseExecutor.java:328)
	at com.kms.katalon.core.main.TestCaseExecutor.processExecutionPhase(TestCaseExecutor.java:307)
	at com.kms.katalon.core.main.TestCaseExecutor.accessMainPhase(TestCaseExecutor.java:299)
	at com.kms.katalon.core.main.TestCaseExecutor.execute(TestCaseExecutor.java:233)
	at com.kms.katalon.core.main.TestSuiteExecutor.accessTestCaseMainPhase(TestSuiteExecutor.java:169)
	at com.kms.katalon.core.main.TestSuiteExecutor.accessTestSuiteMainPhase(TestSuiteExecutor.java:142)
	at com.kms.katalon.core.main.TestSuiteExecutor.execute(TestSuiteExecutor.java:91)
	at com.kms.katalon.core.main.TestCaseMain.startTestSuite(TestCaseMain.java:157)
	at com.kms.katalon.core.main.TestCaseMain$startTestSuite$0.call(Unknown Source)
	at TempTestSuite1571720266263.run(TempTestSuite1571720266263.groovy:36)]]></system-err>
      </testcase>
      <system-out><![CDATA[2019-10-22 11:57:55 - [TEST_SUITE][FAILED] - New Test Suite: Test Cases/Data Entry/TC_Data Entry FAILED.
Reason:
com.kms.katalon.core.exception.StepFailedException: Call Test Case 'Test Cases/Data Entry/Simulasi Kredit/Simulasi Kredit - Asuransi/MASTER FLOW/TC_Asuransi - MASTER FLOW' failed
	at com.kms.katalon.core.keyword.builtin.CallTestCaseKeyword$_callTestCase_closure1.doCall(CallTestCaseKeyword.groovy:63)
	at com.kms.katalon.core.keyword.builtin.CallTestCaseKeyword$_callTestCase_closure1.call(CallTestCaseKeyword.groovy)
	at com.kms.katalon.core.keyword.internal.KeywordMain.runKeyword(KeywordMain.groovy:68)
	at com.kms.katalon.core.keyword.builtin.CallTestCaseKeyword.callTestCase(CallTestCaseKeyword.groovy:81)
	at com.kms.katalon.core.keyword.builtin.CallTestCaseKeyword.execute(CallTestCaseKeyword.groovy:44)
	at com.kms.katalon.core.keyword.internal.KeywordExecutor.executeKeywordForPlatform(KeywordExecutor.groovy:60)
	at com.kms.katalon.core.keyword.BuiltinKeywords.callTestCase(BuiltinKeywords.groovy:334)
	at TC_Data Entry.run(TC_Data Entry:28)
	at com.kms.katalon.core.main.ScriptEngine.run(ScriptEngine.java:194)
	at com.kms.katalon.core.main.ScriptEngine.runScriptAsRawText(ScriptEngine.java:119)
	at com.kms.katalon.core.main.TestCaseExecutor.runScript(TestCaseExecutor.java:337)
	at com.kms.katalon.core.main.TestCaseExecutor.doExecute(TestCaseExecutor.java:328)
	at com.kms.katalon.core.main.TestCaseExecutor.processExecutionPhase(TestCaseExecutor.java:307)
	at com.kms.katalon.core.main.TestCaseExecutor.accessMainPhase(TestCaseExecutor.java:299)
	at com.kms.katalon.core.main.TestCaseExecutor.execute(TestCaseExecutor.java:233)
	at com.kms.katalon.core.main.TestSuiteExecutor.accessTestCaseMainPhase(TestSuiteExecutor.java:169)
	at com.kms.katalon.core.main.TestSuiteExecutor.accessTestSuiteMainPhase(TestSuiteExecutor.java:142)
	at com.kms.katalon.core.main.TestSuiteExecutor.execute(TestSuiteExecutor.java:91)
	at com.kms.katalon.core.main.TestCaseMain.startTestSuite(TestCaseMain.java:157)
	at com.kms.katalon.core.main.TestCaseMain$startTestSuite$0.call(Unknown Source)
	at TempTestSuite1571720266263.run(TempTestSuite1571720266263.groovy:36)
Caused by: com.kms.katalon.core.exception.StepFailedException: Object Object Repository/Simulasi Kredit/Simulasi Kredit - Asuransi/Asuransi_Tipe Asuransi Int not found
	at com.kms.katalon.core.keyword.internal.KeywordMain.stepFailed(KeywordMain.groovy:50)
	at com.kms.katalon.core.mobile.keyword.internal.MobileKeywordMain.stepFailed(MobileKeywordMain.groovy:40)
	at com.kms.katalon.core.mobile.keyword.builtin.TapKeyword$_tap_closure1.doCall(TapKeyword.groovy:79)
	at com.kms.katalon.core.mobile.keyword.builtin.TapKeyword$_tap_closure1.call(TapKeyword.groovy)
	at com.kms.katalon.core.mobile.keyword.internal.MobileKeywordMain.runKeyword(MobileKeywordMain.groovy:21)
	at com.kms.katalon.core.mobile.keyword.builtin.TapKeyword.tap(TapKeyword.groovy:86)
	at com.kms.katalon.core.mobile.keyword.builtin.TapKeyword.execute(TapKeyword.groovy:68)
	at com.kms.katalon.core.keyword.internal.KeywordExecutor.executeKeywordForPlatform(KeywordExecutor.groovy:60)
	at com.kms.katalon.core.mobile.keyword.MobileBuiltInKeywords.tap(MobileBuiltInKeywords.groovy:520)
	at com.kms.katalon.core.mobile.keyword.MobileBuiltInKeywords$tap$1.call(Unknown Source)
	at TC_Asuransi - MASTER FLOW.run(TC_Asuransi - MASTER FLOW:19)
	at com.kms.katalon.core.main.ScriptEngine.run(ScriptEngine.java:194)
	at com.kms.katalon.core.main.ScriptEngine.runScriptAsRawText(ScriptEngine.java:119)
	at com.kms.katalon.core.main.TestCaseExecutor.runScript(TestCaseExecutor.java:337)
	at com.kms.katalon.core.main.TestCaseExecutor.doExecute(TestCaseExecutor.java:328)
	at com.kms.katalon.core.main.TestCaseExecutor.processExecutionPhase(TestCaseExecutor.java:307)
	at com.kms.katalon.core.main.TestCaseExecutor.accessMainPhase(TestCaseExecutor.java:299)
	at com.kms.katalon.core.main.TestCaseExecutor.execute(TestCaseExecutor.java:233)
	at com.kms.katalon.core.main.TestCaseMain.runTestCase(TestCaseMain.java:114)
	at com.kms.katalon.core.keyword.builtin.CallTestCaseKeyword$_callTestCase_closure1.doCall(CallTestCaseKeyword.groovy:59)
	... 20 more]]></system-out>
      <system-err><![CDATA[2019-10-22 11:57:55 - [TEST_SUITE][FAILED] - New Test Suite: Test Cases/Data Entry/TC_Data Entry FAILED.
Reason:
com.kms.katalon.core.exception.StepFailedException: Call Test Case 'Test Cases/Data Entry/Simulasi Kredit/Simulasi Kredit - Asuransi/MASTER FLOW/TC_Asuransi - MASTER FLOW' failed
	at com.kms.katalon.core.keyword.builtin.CallTestCaseKeyword$_callTestCase_closure1.doCall(CallTestCaseKeyword.groovy:63)
	at com.kms.katalon.core.keyword.builtin.CallTestCaseKeyword$_callTestCase_closure1.call(CallTestCaseKeyword.groovy)
	at com.kms.katalon.core.keyword.internal.KeywordMain.runKeyword(KeywordMain.groovy:68)
	at com.kms.katalon.core.keyword.builtin.CallTestCaseKeyword.callTestCase(CallTestCaseKeyword.groovy:81)
	at com.kms.katalon.core.keyword.builtin.CallTestCaseKeyword.execute(CallTestCaseKeyword.groovy:44)
	at com.kms.katalon.core.keyword.internal.KeywordExecutor.executeKeywordForPlatform(KeywordExecutor.groovy:60)
	at com.kms.katalon.core.keyword.BuiltinKeywords.callTestCase(BuiltinKeywords.groovy:334)
	at TC_Data Entry.run(TC_Data Entry:28)
	at com.kms.katalon.core.main.ScriptEngine.run(ScriptEngine.java:194)
	at com.kms.katalon.core.main.ScriptEngine.runScriptAsRawText(ScriptEngine.java:119)
	at com.kms.katalon.core.main.TestCaseExecutor.runScript(TestCaseExecutor.java:337)
	at com.kms.katalon.core.main.TestCaseExecutor.doExecute(TestCaseExecutor.java:328)
	at com.kms.katalon.core.main.TestCaseExecutor.processExecutionPhase(TestCaseExecutor.java:307)
	at com.kms.katalon.core.main.TestCaseExecutor.accessMainPhase(TestCaseExecutor.java:299)
	at com.kms.katalon.core.main.TestCaseExecutor.execute(TestCaseExecutor.java:233)
	at com.kms.katalon.core.main.TestSuiteExecutor.accessTestCaseMainPhase(TestSuiteExecutor.java:169)
	at com.kms.katalon.core.main.TestSuiteExecutor.accessTestSuiteMainPhase(TestSuiteExecutor.java:142)
	at com.kms.katalon.core.main.TestSuiteExecutor.execute(TestSuiteExecutor.java:91)
	at com.kms.katalon.core.main.TestCaseMain.startTestSuite(TestCaseMain.java:157)
	at com.kms.katalon.core.main.TestCaseMain$startTestSuite$0.call(Unknown Source)
	at TempTestSuite1571720266263.run(TempTestSuite1571720266263.groovy:36)
Caused by: com.kms.katalon.core.exception.StepFailedException: Object Object Repository/Simulasi Kredit/Simulasi Kredit - Asuransi/Asuransi_Tipe Asuransi Int not found
	at com.kms.katalon.core.keyword.internal.KeywordMain.stepFailed(KeywordMain.groovy:50)
	at com.kms.katalon.core.mobile.keyword.internal.MobileKeywordMain.stepFailed(MobileKeywordMain.groovy:40)
	at com.kms.katalon.core.mobile.keyword.builtin.TapKeyword$_tap_closure1.doCall(TapKeyword.groovy:79)
	at com.kms.katalon.core.mobile.keyword.builtin.TapKeyword$_tap_closure1.call(TapKeyword.groovy)
	at com.kms.katalon.core.mobile.keyword.internal.MobileKeywordMain.runKeyword(MobileKeywordMain.groovy:21)
	at com.kms.katalon.core.mobile.keyword.builtin.TapKeyword.tap(TapKeyword.groovy:86)
	at com.kms.katalon.core.mobile.keyword.builtin.TapKeyword.execute(TapKeyword.groovy:68)
	at com.kms.katalon.core.keyword.internal.KeywordExecutor.executeKeywordForPlatform(KeywordExecutor.groovy:60)
	at com.kms.katalon.core.mobile.keyword.MobileBuiltInKeywords.tap(MobileBuiltInKeywords.groovy:520)
	at com.kms.katalon.core.mobile.keyword.MobileBuiltInKeywords$tap$1.call(Unknown Source)
	at TC_Asuransi - MASTER FLOW.run(TC_Asuransi - MASTER FLOW:19)
	at com.kms.katalon.core.main.ScriptEngine.run(ScriptEngine.java:194)
	at com.kms.katalon.core.main.ScriptEngine.runScriptAsRawText(ScriptEngine.java:119)
	at com.kms.katalon.core.main.TestCaseExecutor.runScript(TestCaseExecutor.java:337)
	at com.kms.katalon.core.main.TestCaseExecutor.doExecute(TestCaseExecutor.java:328)
	at com.kms.katalon.core.main.TestCaseExecutor.processExecutionPhase(TestCaseExecutor.java:307)
	at com.kms.katalon.core.main.TestCaseExecutor.accessMainPhase(TestCaseExecutor.java:299)
	at com.kms.katalon.core.main.TestCaseExecutor.execute(TestCaseExecutor.java:233)
	at com.kms.katalon.core.main.TestCaseMain.runTestCase(TestCaseMain.java:114)
	at com.kms.katalon.core.keyword.builtin.CallTestCaseKeyword$_callTestCase_closure1.doCall(CallTestCaseKeyword.groovy:59)
	... 20 more]]></system-err>
   </testsuite>
</testsuites>
